ARM GAS  C:\Users\SNFU\AppData\Local\Temp\cctD3yrf.s 			page 1


   1              		.cpu cortex-m0
   2              		.fpu softvfp
   3              		.eabi_attribute 20, 1
   4              		.eabi_attribute 21, 1
   5              		.eabi_attribute 23, 3
   6              		.eabi_attribute 24, 1
   7              		.eabi_attribute 25, 1
   8              		.eabi_attribute 26, 1
   9              		.eabi_attribute 30, 6
  10              		.eabi_attribute 34, 0
  11              		.eabi_attribute 18, 4
  12              		.code	16
  13              		.file	"BootISR.c"
  14              		.text
  15              	.Ltext0:
  16              		.cfi_sections	.debug_frame
  17              		.section	.text.BootISR_Start,"ax",%progbits
  18              		.align	2
  19              		.global	BootISR_Start
  20              		.code	16
  21              		.thumb_func
  22              		.type	BootISR_Start, %function
  23              	BootISR_Start:
  24              	.LFB33:
  25              		.file 1 ".\\Generated_Source\\PSoC4\\BootISR.c"
   1:.\Generated_Source\PSoC4/BootISR.c **** /*******************************************************************************
   2:.\Generated_Source\PSoC4/BootISR.c **** * File Name: BootISR.c  
   3:.\Generated_Source\PSoC4/BootISR.c **** * Version 1.70
   4:.\Generated_Source\PSoC4/BootISR.c **** *
   5:.\Generated_Source\PSoC4/BootISR.c **** *  Description:
   6:.\Generated_Source\PSoC4/BootISR.c **** *   API for controlling the state of an interrupt.
   7:.\Generated_Source\PSoC4/BootISR.c **** *
   8:.\Generated_Source\PSoC4/BootISR.c **** *
   9:.\Generated_Source\PSoC4/BootISR.c **** *  Note:
  10:.\Generated_Source\PSoC4/BootISR.c **** *
  11:.\Generated_Source\PSoC4/BootISR.c **** ********************************************************************************
  12:.\Generated_Source\PSoC4/BootISR.c **** * Copyright 2008-2012, Cypress Semiconductor Corporation.  All rights reserved.
  13:.\Generated_Source\PSoC4/BootISR.c **** * You may use this file only in accordance with the license, terms, conditions, 
  14:.\Generated_Source\PSoC4/BootISR.c **** * disclaimers, and limitations in the end user license agreement accompanying 
  15:.\Generated_Source\PSoC4/BootISR.c **** * the software package with which this file was provided.
  16:.\Generated_Source\PSoC4/BootISR.c **** *******************************************************************************/
  17:.\Generated_Source\PSoC4/BootISR.c **** 
  18:.\Generated_Source\PSoC4/BootISR.c **** 
  19:.\Generated_Source\PSoC4/BootISR.c **** #include <cydevice_trm.h>
  20:.\Generated_Source\PSoC4/BootISR.c **** #include <CyLib.h>
  21:.\Generated_Source\PSoC4/BootISR.c **** #include <BootISR.h>
  22:.\Generated_Source\PSoC4/BootISR.c **** 
  23:.\Generated_Source\PSoC4/BootISR.c **** #if !defined(BootISR__REMOVED) /* Check for removal by optimization */
  24:.\Generated_Source\PSoC4/BootISR.c **** 
  25:.\Generated_Source\PSoC4/BootISR.c **** /*******************************************************************************
  26:.\Generated_Source\PSoC4/BootISR.c **** *  Place your includes, defines and code here 
  27:.\Generated_Source\PSoC4/BootISR.c **** ********************************************************************************/
  28:.\Generated_Source\PSoC4/BootISR.c **** /* `#START BootISR_intc` */
  29:.\Generated_Source\PSoC4/BootISR.c **** #include <project.h>
  30:.\Generated_Source\PSoC4/BootISR.c **** /* `#END` */
  31:.\Generated_Source\PSoC4/BootISR.c **** 
  32:.\Generated_Source\PSoC4/BootISR.c **** extern cyisraddress CyRamVectors[CYINT_IRQ_BASE + CY_NUM_INTERRUPTS];
ARM GAS  C:\Users\SNFU\AppData\Local\Temp\cctD3yrf.s 			page 2


  33:.\Generated_Source\PSoC4/BootISR.c **** 
  34:.\Generated_Source\PSoC4/BootISR.c **** /* Declared in startup, used to set unused interrupts to. */
  35:.\Generated_Source\PSoC4/BootISR.c **** CY_ISR_PROTO(IntDefaultHandler);
  36:.\Generated_Source\PSoC4/BootISR.c **** 
  37:.\Generated_Source\PSoC4/BootISR.c **** 
  38:.\Generated_Source\PSoC4/BootISR.c **** /*******************************************************************************
  39:.\Generated_Source\PSoC4/BootISR.c **** * Function Name: BootISR_Start
  40:.\Generated_Source\PSoC4/BootISR.c **** ********************************************************************************
  41:.\Generated_Source\PSoC4/BootISR.c **** *
  42:.\Generated_Source\PSoC4/BootISR.c **** * Summary:
  43:.\Generated_Source\PSoC4/BootISR.c **** *  Set up the interrupt and enable it.
  44:.\Generated_Source\PSoC4/BootISR.c **** *
  45:.\Generated_Source\PSoC4/BootISR.c **** * Parameters:  
  46:.\Generated_Source\PSoC4/BootISR.c **** *   None
  47:.\Generated_Source\PSoC4/BootISR.c **** *
  48:.\Generated_Source\PSoC4/BootISR.c **** * Return:
  49:.\Generated_Source\PSoC4/BootISR.c **** *   None
  50:.\Generated_Source\PSoC4/BootISR.c **** *
  51:.\Generated_Source\PSoC4/BootISR.c **** *******************************************************************************/
  52:.\Generated_Source\PSoC4/BootISR.c **** void BootISR_Start(void)
  53:.\Generated_Source\PSoC4/BootISR.c **** {
  26              		.loc 1 53 0
  27              		.cfi_startproc
  28 0000 80B5     		push	{r7, lr}
  29              	.LCFI0:
  30              		.cfi_def_cfa_offset 8
  31              		.cfi_offset 7, -8
  32              		.cfi_offset 14, -4
  33 0002 00AF     		add	r7, sp, #0
  34              	.LCFI1:
  35              		.cfi_def_cfa_register 7
  54:.\Generated_Source\PSoC4/BootISR.c ****     /* For all we know the interrupt is active. */
  55:.\Generated_Source\PSoC4/BootISR.c ****     BootISR_Disable();
  36              		.loc 1 55 0
  37 0004 FFF7FEFF 		bl	BootISR_Disable
  56:.\Generated_Source\PSoC4/BootISR.c **** 
  57:.\Generated_Source\PSoC4/BootISR.c ****     /* Set the ISR to point to the BootISR Interrupt. */
  58:.\Generated_Source\PSoC4/BootISR.c ****     BootISR_SetVector(&BootISR_Interrupt);
  38              		.loc 1 58 0
  39 0008 054B     		ldr	r3, .L2
  40 000a 181C     		mov	r0, r3
  41 000c FFF7FEFF 		bl	BootISR_SetVector
  59:.\Generated_Source\PSoC4/BootISR.c **** 
  60:.\Generated_Source\PSoC4/BootISR.c ****     /* Set the priority. */
  61:.\Generated_Source\PSoC4/BootISR.c ****     BootISR_SetPriority((uint8)BootISR_INTC_PRIOR_NUMBER);
  42              		.loc 1 61 0
  43 0010 0320     		mov	r0, #3
  44 0012 FFF7FEFF 		bl	BootISR_SetPriority
  62:.\Generated_Source\PSoC4/BootISR.c **** 
  63:.\Generated_Source\PSoC4/BootISR.c ****     /* Enable it. */
  64:.\Generated_Source\PSoC4/BootISR.c ****     BootISR_Enable();
  45              		.loc 1 64 0
  46 0016 FFF7FEFF 		bl	BootISR_Enable
  65:.\Generated_Source\PSoC4/BootISR.c **** }
  47              		.loc 1 65 0
  48 001a BD46     		mov	sp, r7
  49              		@ sp needed for prologue
ARM GAS  C:\Users\SNFU\AppData\Local\Temp\cctD3yrf.s 			page 3


  50 001c 80BD     		pop	{r7, pc}
  51              	.L3:
  52 001e C046     		.align	2
  53              	.L2:
  54 0020 00000000 		.word	BootISR_Interrupt
  55              		.cfi_endproc
  56              	.LFE33:
  57              		.size	BootISR_Start, .-BootISR_Start
  58              		.section	.text.BootISR_StartEx,"ax",%progbits
  59              		.align	2
  60              		.global	BootISR_StartEx
  61              		.code	16
  62              		.thumb_func
  63              		.type	BootISR_StartEx, %function
  64              	BootISR_StartEx:
  65              	.LFB34:
  66:.\Generated_Source\PSoC4/BootISR.c **** 
  67:.\Generated_Source\PSoC4/BootISR.c **** 
  68:.\Generated_Source\PSoC4/BootISR.c **** /*******************************************************************************
  69:.\Generated_Source\PSoC4/BootISR.c **** * Function Name: BootISR_StartEx
  70:.\Generated_Source\PSoC4/BootISR.c **** ********************************************************************************
  71:.\Generated_Source\PSoC4/BootISR.c **** *
  72:.\Generated_Source\PSoC4/BootISR.c **** * Summary:
  73:.\Generated_Source\PSoC4/BootISR.c **** *  Set up the interrupt and enable it.
  74:.\Generated_Source\PSoC4/BootISR.c **** *
  75:.\Generated_Source\PSoC4/BootISR.c **** * Parameters:  
  76:.\Generated_Source\PSoC4/BootISR.c **** *   address: Address of the ISR to set in the interrupt vector table.
  77:.\Generated_Source\PSoC4/BootISR.c **** *
  78:.\Generated_Source\PSoC4/BootISR.c **** * Return:
  79:.\Generated_Source\PSoC4/BootISR.c **** *   None
  80:.\Generated_Source\PSoC4/BootISR.c **** *
  81:.\Generated_Source\PSoC4/BootISR.c **** *******************************************************************************/
  82:.\Generated_Source\PSoC4/BootISR.c **** void BootISR_StartEx(cyisraddress address)
  83:.\Generated_Source\PSoC4/BootISR.c **** {
  66              		.loc 1 83 0
  67              		.cfi_startproc
  68 0000 80B5     		push	{r7, lr}
  69              	.LCFI2:
  70              		.cfi_def_cfa_offset 8
  71              		.cfi_offset 7, -8
  72              		.cfi_offset 14, -4
  73 0002 82B0     		sub	sp, sp, #8
  74              	.LCFI3:
  75              		.cfi_def_cfa_offset 16
  76 0004 00AF     		add	r7, sp, #0
  77              	.LCFI4:
  78              		.cfi_def_cfa_register 7
  79 0006 7860     		str	r0, [r7, #4]
  84:.\Generated_Source\PSoC4/BootISR.c ****     /* For all we know the interrupt is active. */
  85:.\Generated_Source\PSoC4/BootISR.c ****     BootISR_Disable();
  80              		.loc 1 85 0
  81 0008 FFF7FEFF 		bl	BootISR_Disable
  86:.\Generated_Source\PSoC4/BootISR.c **** 
  87:.\Generated_Source\PSoC4/BootISR.c ****     /* Set the ISR to point to the BootISR Interrupt. */
  88:.\Generated_Source\PSoC4/BootISR.c ****     BootISR_SetVector(address);
  82              		.loc 1 88 0
  83 000c 7B68     		ldr	r3, [r7, #4]
ARM GAS  C:\Users\SNFU\AppData\Local\Temp\cctD3yrf.s 			page 4


  84 000e 181C     		mov	r0, r3
  85 0010 FFF7FEFF 		bl	BootISR_SetVector
  89:.\Generated_Source\PSoC4/BootISR.c **** 
  90:.\Generated_Source\PSoC4/BootISR.c ****     /* Set the priority. */
  91:.\Generated_Source\PSoC4/BootISR.c ****     BootISR_SetPriority((uint8)BootISR_INTC_PRIOR_NUMBER);
  86              		.loc 1 91 0
  87 0014 0320     		mov	r0, #3
  88 0016 FFF7FEFF 		bl	BootISR_SetPriority
  92:.\Generated_Source\PSoC4/BootISR.c **** 
  93:.\Generated_Source\PSoC4/BootISR.c ****     /* Enable it. */
  94:.\Generated_Source\PSoC4/BootISR.c ****     BootISR_Enable();
  89              		.loc 1 94 0
  90 001a FFF7FEFF 		bl	BootISR_Enable
  95:.\Generated_Source\PSoC4/BootISR.c **** }
  91              		.loc 1 95 0
  92 001e BD46     		mov	sp, r7
  93 0020 02B0     		add	sp, sp, #8
  94              		@ sp needed for prologue
  95 0022 80BD     		pop	{r7, pc}
  96              		.cfi_endproc
  97              	.LFE34:
  98              		.size	BootISR_StartEx, .-BootISR_StartEx
  99              		.section	.text.BootISR_Stop,"ax",%progbits
 100              		.align	2
 101              		.global	BootISR_Stop
 102              		.code	16
 103              		.thumb_func
 104              		.type	BootISR_Stop, %function
 105              	BootISR_Stop:
 106              	.LFB35:
  96:.\Generated_Source\PSoC4/BootISR.c **** 
  97:.\Generated_Source\PSoC4/BootISR.c **** 
  98:.\Generated_Source\PSoC4/BootISR.c **** /*******************************************************************************
  99:.\Generated_Source\PSoC4/BootISR.c **** * Function Name: BootISR_Stop
 100:.\Generated_Source\PSoC4/BootISR.c **** ********************************************************************************
 101:.\Generated_Source\PSoC4/BootISR.c **** *
 102:.\Generated_Source\PSoC4/BootISR.c **** * Summary:
 103:.\Generated_Source\PSoC4/BootISR.c **** *   Disables and removes the interrupt.
 104:.\Generated_Source\PSoC4/BootISR.c **** *
 105:.\Generated_Source\PSoC4/BootISR.c **** * Parameters:  
 106:.\Generated_Source\PSoC4/BootISR.c **** *
 107:.\Generated_Source\PSoC4/BootISR.c **** * Return:
 108:.\Generated_Source\PSoC4/BootISR.c **** *   None
 109:.\Generated_Source\PSoC4/BootISR.c **** *
 110:.\Generated_Source\PSoC4/BootISR.c **** *******************************************************************************/
 111:.\Generated_Source\PSoC4/BootISR.c **** void BootISR_Stop(void)
 112:.\Generated_Source\PSoC4/BootISR.c **** {
 107              		.loc 1 112 0
 108              		.cfi_startproc
 109 0000 80B5     		push	{r7, lr}
 110              	.LCFI5:
 111              		.cfi_def_cfa_offset 8
 112              		.cfi_offset 7, -8
 113              		.cfi_offset 14, -4
 114 0002 00AF     		add	r7, sp, #0
 115              	.LCFI6:
 116              		.cfi_def_cfa_register 7
ARM GAS  C:\Users\SNFU\AppData\Local\Temp\cctD3yrf.s 			page 5


 113:.\Generated_Source\PSoC4/BootISR.c ****     /* Disable this interrupt. */
 114:.\Generated_Source\PSoC4/BootISR.c ****     BootISR_Disable();
 117              		.loc 1 114 0
 118 0004 FFF7FEFF 		bl	BootISR_Disable
 115:.\Generated_Source\PSoC4/BootISR.c **** 
 116:.\Generated_Source\PSoC4/BootISR.c ****     /* Set the ISR to point to the passive one. */
 117:.\Generated_Source\PSoC4/BootISR.c ****     BootISR_SetVector(&IntDefaultHandler);
 119              		.loc 1 117 0
 120 0008 024B     		ldr	r3, .L6
 121 000a 181C     		mov	r0, r3
 122 000c FFF7FEFF 		bl	BootISR_SetVector
 118:.\Generated_Source\PSoC4/BootISR.c **** }
 123              		.loc 1 118 0
 124 0010 BD46     		mov	sp, r7
 125              		@ sp needed for prologue
 126 0012 80BD     		pop	{r7, pc}
 127              	.L7:
 128              		.align	2
 129              	.L6:
 130 0014 00000000 		.word	IntDefaultHandler
 131              		.cfi_endproc
 132              	.LFE35:
 133              		.size	BootISR_Stop, .-BootISR_Stop
 134              		.section	.rodata
 135              		.align	2
 136              	.LC2:
 137 0000 426F6F74 		.ascii	"Boot\015\012\000"
 137      0D0A00
 138 0007 00       		.section	.text.BootISR_Interrupt,"ax",%progbits
 139              		.align	2
 140              		.global	BootISR_Interrupt
 141              		.code	16
 142              		.thumb_func
 143              		.type	BootISR_Interrupt, %function
 144              	BootISR_Interrupt:
 145              	.LFB36:
 119:.\Generated_Source\PSoC4/BootISR.c **** 
 120:.\Generated_Source\PSoC4/BootISR.c **** 
 121:.\Generated_Source\PSoC4/BootISR.c **** /*******************************************************************************
 122:.\Generated_Source\PSoC4/BootISR.c **** * Function Name: BootISR_Interrupt
 123:.\Generated_Source\PSoC4/BootISR.c **** ********************************************************************************
 124:.\Generated_Source\PSoC4/BootISR.c **** *
 125:.\Generated_Source\PSoC4/BootISR.c **** * Summary:
 126:.\Generated_Source\PSoC4/BootISR.c **** *   The default Interrupt Service Routine for BootISR.
 127:.\Generated_Source\PSoC4/BootISR.c **** *
 128:.\Generated_Source\PSoC4/BootISR.c **** *   Add custom code between the coments to keep the next version of this file
 129:.\Generated_Source\PSoC4/BootISR.c **** *   from over writting your code.
 130:.\Generated_Source\PSoC4/BootISR.c **** *
 131:.\Generated_Source\PSoC4/BootISR.c **** * Parameters:  
 132:.\Generated_Source\PSoC4/BootISR.c **** *   None
 133:.\Generated_Source\PSoC4/BootISR.c **** *
 134:.\Generated_Source\PSoC4/BootISR.c **** * Return:
 135:.\Generated_Source\PSoC4/BootISR.c **** *   None
 136:.\Generated_Source\PSoC4/BootISR.c **** *
 137:.\Generated_Source\PSoC4/BootISR.c **** *******************************************************************************/
 138:.\Generated_Source\PSoC4/BootISR.c **** CY_ISR(BootISR_Interrupt)
 139:.\Generated_Source\PSoC4/BootISR.c **** {
ARM GAS  C:\Users\SNFU\AppData\Local\Temp\cctD3yrf.s 			page 6


 146              		.loc 1 139 0
 147              		.cfi_startproc
 148 0000 80B5     		push	{r7, lr}
 149              	.LCFI7:
 150              		.cfi_def_cfa_offset 8
 151              		.cfi_offset 7, -8
 152              		.cfi_offset 14, -4
 153 0002 00AF     		add	r7, sp, #0
 154              	.LCFI8:
 155              		.cfi_def_cfa_register 7
 140:.\Generated_Source\PSoC4/BootISR.c ****     /*  Place your Interrupt code here. */
 141:.\Generated_Source\PSoC4/BootISR.c ****     /* `#START BootISR_Interrupt` */
 142:.\Generated_Source\PSoC4/BootISR.c ****     SW1_ClearInterrupt();
 156              		.loc 1 142 0
 157 0004 FFF7FEFF 		bl	SW1_ClearInterrupt
 143:.\Generated_Source\PSoC4/BootISR.c ****     UART_1_UartPutString("Boot\r\n");
 158              		.loc 1 143 0
 159 0008 054B     		ldr	r3, .L9
 160 000a 181C     		mov	r0, r3
 161 000c FFF7FEFF 		bl	UART_1_UartPutString
 144:.\Generated_Source\PSoC4/BootISR.c ****     CyDelay(100);    
 162              		.loc 1 144 0
 163 0010 6420     		mov	r0, #100
 164 0012 FFF7FEFF 		bl	CyDelay
 145:.\Generated_Source\PSoC4/BootISR.c ****     Bootloadable_1_Load();
 165              		.loc 1 145 0
 166 0016 FFF7FEFF 		bl	Bootloadable_1_Load
 146:.\Generated_Source\PSoC4/BootISR.c ****     /* `#END` */
 147:.\Generated_Source\PSoC4/BootISR.c **** }
 167              		.loc 1 147 0
 168 001a BD46     		mov	sp, r7
 169              		@ sp needed for prologue
 170 001c 80BD     		pop	{r7, pc}
 171              	.L10:
 172 001e C046     		.align	2
 173              	.L9:
 174 0020 00000000 		.word	.LC2
 175              		.cfi_endproc
 176              	.LFE36:
 177              		.size	BootISR_Interrupt, .-BootISR_Interrupt
 178              		.section	.text.BootISR_SetVector,"ax",%progbits
 179              		.align	2
 180              		.global	BootISR_SetVector
 181              		.code	16
 182              		.thumb_func
 183              		.type	BootISR_SetVector, %function
 184              	BootISR_SetVector:
 185              	.LFB37:
 148:.\Generated_Source\PSoC4/BootISR.c **** 
 149:.\Generated_Source\PSoC4/BootISR.c **** 
 150:.\Generated_Source\PSoC4/BootISR.c **** /*******************************************************************************
 151:.\Generated_Source\PSoC4/BootISR.c **** * Function Name: BootISR_SetVector
 152:.\Generated_Source\PSoC4/BootISR.c **** ********************************************************************************
 153:.\Generated_Source\PSoC4/BootISR.c **** *
 154:.\Generated_Source\PSoC4/BootISR.c **** * Summary:
 155:.\Generated_Source\PSoC4/BootISR.c **** *   Change the ISR vector for the Interrupt. Note calling BootISR_Start
 156:.\Generated_Source\PSoC4/BootISR.c **** *   will override any effect this method would have had. To set the vector 
ARM GAS  C:\Users\SNFU\AppData\Local\Temp\cctD3yrf.s 			page 7


 157:.\Generated_Source\PSoC4/BootISR.c **** *   before the component has been started use BootISR_StartEx instead.
 158:.\Generated_Source\PSoC4/BootISR.c **** *
 159:.\Generated_Source\PSoC4/BootISR.c **** * Parameters:
 160:.\Generated_Source\PSoC4/BootISR.c **** *   address: Address of the ISR to set in the interrupt vector table.
 161:.\Generated_Source\PSoC4/BootISR.c **** *
 162:.\Generated_Source\PSoC4/BootISR.c **** * Return:
 163:.\Generated_Source\PSoC4/BootISR.c **** *   None
 164:.\Generated_Source\PSoC4/BootISR.c **** *
 165:.\Generated_Source\PSoC4/BootISR.c **** *******************************************************************************/
 166:.\Generated_Source\PSoC4/BootISR.c **** void BootISR_SetVector(cyisraddress address)
 167:.\Generated_Source\PSoC4/BootISR.c **** {
 186              		.loc 1 167 0
 187              		.cfi_startproc
 188 0000 80B5     		push	{r7, lr}
 189              	.LCFI9:
 190              		.cfi_def_cfa_offset 8
 191              		.cfi_offset 7, -8
 192              		.cfi_offset 14, -4
 193 0002 82B0     		sub	sp, sp, #8
 194              	.LCFI10:
 195              		.cfi_def_cfa_offset 16
 196 0004 00AF     		add	r7, sp, #0
 197              	.LCFI11:
 198              		.cfi_def_cfa_register 7
 199 0006 7860     		str	r0, [r7, #4]
 168:.\Generated_Source\PSoC4/BootISR.c ****     CyRamVectors[CYINT_IRQ_BASE + BootISR__INTC_NUMBER] = address;
 200              		.loc 1 168 0
 201 0008 024B     		ldr	r3, .L12
 202 000a 7A68     		ldr	r2, [r7, #4]
 203 000c 1A64     		str	r2, [r3, #64]
 169:.\Generated_Source\PSoC4/BootISR.c **** }
 204              		.loc 1 169 0
 205 000e BD46     		mov	sp, r7
 206 0010 02B0     		add	sp, sp, #8
 207              		@ sp needed for prologue
 208 0012 80BD     		pop	{r7, pc}
 209              	.L13:
 210              		.align	2
 211              	.L12:
 212 0014 00000000 		.word	CyRamVectors
 213              		.cfi_endproc
 214              	.LFE37:
 215              		.size	BootISR_SetVector, .-BootISR_SetVector
 216              		.section	.text.BootISR_GetVector,"ax",%progbits
 217              		.align	2
 218              		.global	BootISR_GetVector
 219              		.code	16
 220              		.thumb_func
 221              		.type	BootISR_GetVector, %function
 222              	BootISR_GetVector:
 223              	.LFB38:
 170:.\Generated_Source\PSoC4/BootISR.c **** 
 171:.\Generated_Source\PSoC4/BootISR.c **** 
 172:.\Generated_Source\PSoC4/BootISR.c **** /*******************************************************************************
 173:.\Generated_Source\PSoC4/BootISR.c **** * Function Name: BootISR_GetVector
 174:.\Generated_Source\PSoC4/BootISR.c **** ********************************************************************************
 175:.\Generated_Source\PSoC4/BootISR.c **** *
ARM GAS  C:\Users\SNFU\AppData\Local\Temp\cctD3yrf.s 			page 8


 176:.\Generated_Source\PSoC4/BootISR.c **** * Summary:
 177:.\Generated_Source\PSoC4/BootISR.c **** *   Gets the "address" of the current ISR vector for the Interrupt.
 178:.\Generated_Source\PSoC4/BootISR.c **** *
 179:.\Generated_Source\PSoC4/BootISR.c **** * Parameters:
 180:.\Generated_Source\PSoC4/BootISR.c **** *   None
 181:.\Generated_Source\PSoC4/BootISR.c **** *
 182:.\Generated_Source\PSoC4/BootISR.c **** * Return:
 183:.\Generated_Source\PSoC4/BootISR.c **** *   Address of the ISR in the interrupt vector table.
 184:.\Generated_Source\PSoC4/BootISR.c **** *
 185:.\Generated_Source\PSoC4/BootISR.c **** *******************************************************************************/
 186:.\Generated_Source\PSoC4/BootISR.c **** cyisraddress BootISR_GetVector(void)
 187:.\Generated_Source\PSoC4/BootISR.c **** {
 224              		.loc 1 187 0
 225              		.cfi_startproc
 226 0000 80B5     		push	{r7, lr}
 227              	.LCFI12:
 228              		.cfi_def_cfa_offset 8
 229              		.cfi_offset 7, -8
 230              		.cfi_offset 14, -4
 231 0002 00AF     		add	r7, sp, #0
 232              	.LCFI13:
 233              		.cfi_def_cfa_register 7
 188:.\Generated_Source\PSoC4/BootISR.c ****     return CyRamVectors[CYINT_IRQ_BASE + BootISR__INTC_NUMBER];
 234              		.loc 1 188 0
 235 0004 024B     		ldr	r3, .L16
 236 0006 1B6C     		ldr	r3, [r3, #64]
 189:.\Generated_Source\PSoC4/BootISR.c **** }
 237              		.loc 1 189 0
 238 0008 181C     		mov	r0, r3
 239 000a BD46     		mov	sp, r7
 240              		@ sp needed for prologue
 241 000c 80BD     		pop	{r7, pc}
 242              	.L17:
 243 000e C046     		.align	2
 244              	.L16:
 245 0010 00000000 		.word	CyRamVectors
 246              		.cfi_endproc
 247              	.LFE38:
 248              		.size	BootISR_GetVector, .-BootISR_GetVector
 249              		.section	.text.BootISR_SetPriority,"ax",%progbits
 250              		.align	2
 251              		.global	BootISR_SetPriority
 252              		.code	16
 253              		.thumb_func
 254              		.type	BootISR_SetPriority, %function
 255              	BootISR_SetPriority:
 256              	.LFB39:
 190:.\Generated_Source\PSoC4/BootISR.c **** 
 191:.\Generated_Source\PSoC4/BootISR.c **** 
 192:.\Generated_Source\PSoC4/BootISR.c **** /*******************************************************************************
 193:.\Generated_Source\PSoC4/BootISR.c **** * Function Name: BootISR_SetPriority
 194:.\Generated_Source\PSoC4/BootISR.c **** ********************************************************************************
 195:.\Generated_Source\PSoC4/BootISR.c **** *
 196:.\Generated_Source\PSoC4/BootISR.c **** * Summary:
 197:.\Generated_Source\PSoC4/BootISR.c **** *   Sets the Priority of the Interrupt. Note calling BootISR_Start
 198:.\Generated_Source\PSoC4/BootISR.c **** *   or BootISR_StartEx will override any effect this method would 
 199:.\Generated_Source\PSoC4/BootISR.c **** *   have had. This method should only be called after BootISR_Start or 
ARM GAS  C:\Users\SNFU\AppData\Local\Temp\cctD3yrf.s 			page 9


 200:.\Generated_Source\PSoC4/BootISR.c **** *   BootISR_StartEx has been called. To set the initial
 201:.\Generated_Source\PSoC4/BootISR.c **** *   priority for the component use the cydwr file in the tool.
 202:.\Generated_Source\PSoC4/BootISR.c **** *
 203:.\Generated_Source\PSoC4/BootISR.c **** * Parameters:
 204:.\Generated_Source\PSoC4/BootISR.c **** *   priority: Priority of the interrupt. 0 - 3, 0 being the highest.
 205:.\Generated_Source\PSoC4/BootISR.c **** *
 206:.\Generated_Source\PSoC4/BootISR.c **** * Return:
 207:.\Generated_Source\PSoC4/BootISR.c **** *   None
 208:.\Generated_Source\PSoC4/BootISR.c **** *
 209:.\Generated_Source\PSoC4/BootISR.c **** *******************************************************************************/
 210:.\Generated_Source\PSoC4/BootISR.c **** void BootISR_SetPriority(uint8 priority)
 211:.\Generated_Source\PSoC4/BootISR.c **** {
 257              		.loc 1 211 0
 258              		.cfi_startproc
 259 0000 90B5     		push	{r4, r7, lr}
 260              	.LCFI14:
 261              		.cfi_def_cfa_offset 12
 262              		.cfi_offset 4, -12
 263              		.cfi_offset 7, -8
 264              		.cfi_offset 14, -4
 265 0002 85B0     		sub	sp, sp, #20
 266              	.LCFI15:
 267              		.cfi_def_cfa_offset 32
 268 0004 00AF     		add	r7, sp, #0
 269              	.LCFI16:
 270              		.cfi_def_cfa_register 7
 271 0006 021C     		mov	r2, r0
 272 0008 FB1D     		add	r3, r7, #7
 273 000a 1A70     		strb	r2, [r3]
 212:.\Generated_Source\PSoC4/BootISR.c **** 	uint8 interruptState;
 213:.\Generated_Source\PSoC4/BootISR.c ****     uint32 priorityOffset = ((BootISR__INTC_NUMBER % 4u) * 8u) + 6u;
 274              		.loc 1 213 0
 275 000c 0623     		mov	r3, #6
 276 000e FB60     		str	r3, [r7, #12]
 214:.\Generated_Source\PSoC4/BootISR.c ****     
 215:.\Generated_Source\PSoC4/BootISR.c **** 	interruptState = CyEnterCriticalSection();
 277              		.loc 1 215 0
 278 0010 3C1C     		mov	r4, r7
 279 0012 0B34     		add	r4, r4, #11
 280 0014 FFF7FEFF 		bl	CyEnterCriticalSection
 281 0018 031C     		mov	r3, r0
 282 001a 2370     		strb	r3, [r4]
 216:.\Generated_Source\PSoC4/BootISR.c ****     *BootISR_INTC_PRIOR = (*BootISR_INTC_PRIOR & (uint32)(~BootISR__INTC_PRIOR_MASK)) |
 283              		.loc 1 216 0
 284 001c 0B4B     		ldr	r3, .L19
 285 001e 0B4A     		ldr	r2, .L19
 286 0020 1268     		ldr	r2, [r2]
 287 0022 C021     		mov	r1, #192
 288 0024 101C     		mov	r0, r2
 289 0026 8843     		bic	r0, r1
 290 0028 011C     		mov	r1, r0
 217:.\Generated_Source\PSoC4/BootISR.c ****                                     ((uint32)priority << priorityOffset);
 291              		.loc 1 217 0
 292 002a FA1D     		add	r2, r7, #7
 293 002c 1078     		ldrb	r0, [r2]
 294 002e FA68     		ldr	r2, [r7, #12]
 295 0030 041C     		mov	r4, r0
ARM GAS  C:\Users\SNFU\AppData\Local\Temp\cctD3yrf.s 			page 10


 296 0032 9440     		lsl	r4, r4, r2
 297 0034 221C     		mov	r2, r4
 216:.\Generated_Source\PSoC4/BootISR.c ****     *BootISR_INTC_PRIOR = (*BootISR_INTC_PRIOR & (uint32)(~BootISR__INTC_PRIOR_MASK)) |
 298              		.loc 1 216 0
 299 0036 0A43     		orr	r2, r1
 300 0038 1A60     		str	r2, [r3]
 218:.\Generated_Source\PSoC4/BootISR.c **** 	CyExitCriticalSection(interruptState);
 301              		.loc 1 218 0
 302 003a 3B1C     		mov	r3, r7
 303 003c 0B33     		add	r3, r3, #11
 304 003e 1B78     		ldrb	r3, [r3]
 305 0040 181C     		mov	r0, r3
 306 0042 FFF7FEFF 		bl	CyExitCriticalSection
 219:.\Generated_Source\PSoC4/BootISR.c **** }
 307              		.loc 1 219 0
 308 0046 BD46     		mov	sp, r7
 309 0048 05B0     		add	sp, sp, #20
 310              		@ sp needed for prologue
 311 004a 90BD     		pop	{r4, r7, pc}
 312              	.L20:
 313              		.align	2
 314              	.L19:
 315 004c 00E400E0 		.word	-536812544
 316              		.cfi_endproc
 317              	.LFE39:
 318              		.size	BootISR_SetPriority, .-BootISR_SetPriority
 319              		.section	.text.BootISR_GetPriority,"ax",%progbits
 320              		.align	2
 321              		.global	BootISR_GetPriority
 322              		.code	16
 323              		.thumb_func
 324              		.type	BootISR_GetPriority, %function
 325              	BootISR_GetPriority:
 326              	.LFB40:
 220:.\Generated_Source\PSoC4/BootISR.c **** 
 221:.\Generated_Source\PSoC4/BootISR.c **** 
 222:.\Generated_Source\PSoC4/BootISR.c **** /*******************************************************************************
 223:.\Generated_Source\PSoC4/BootISR.c **** * Function Name: BootISR_GetPriority
 224:.\Generated_Source\PSoC4/BootISR.c **** ********************************************************************************
 225:.\Generated_Source\PSoC4/BootISR.c **** *
 226:.\Generated_Source\PSoC4/BootISR.c **** * Summary:
 227:.\Generated_Source\PSoC4/BootISR.c **** *   Gets the Priority of the Interrupt.
 228:.\Generated_Source\PSoC4/BootISR.c **** *
 229:.\Generated_Source\PSoC4/BootISR.c **** * Parameters:
 230:.\Generated_Source\PSoC4/BootISR.c **** *   None
 231:.\Generated_Source\PSoC4/BootISR.c **** *
 232:.\Generated_Source\PSoC4/BootISR.c **** * Return:
 233:.\Generated_Source\PSoC4/BootISR.c **** *   Priority of the interrupt. 0 - 3, 0 being the highest.
 234:.\Generated_Source\PSoC4/BootISR.c **** *
 235:.\Generated_Source\PSoC4/BootISR.c **** *******************************************************************************/
 236:.\Generated_Source\PSoC4/BootISR.c **** uint8 BootISR_GetPriority(void)
 237:.\Generated_Source\PSoC4/BootISR.c **** {
 327              		.loc 1 237 0
 328              		.cfi_startproc
 329 0000 80B5     		push	{r7, lr}
 330              	.LCFI17:
 331              		.cfi_def_cfa_offset 8
ARM GAS  C:\Users\SNFU\AppData\Local\Temp\cctD3yrf.s 			page 11


 332              		.cfi_offset 7, -8
 333              		.cfi_offset 14, -4
 334 0002 82B0     		sub	sp, sp, #8
 335              	.LCFI18:
 336              		.cfi_def_cfa_offset 16
 337 0004 00AF     		add	r7, sp, #0
 338              	.LCFI19:
 339              		.cfi_def_cfa_register 7
 238:.\Generated_Source\PSoC4/BootISR.c ****     uint32 priority;
 239:.\Generated_Source\PSoC4/BootISR.c **** 	uint32 priorityOffset = ((BootISR__INTC_NUMBER % 4u) * 8u) + 6u;
 340              		.loc 1 239 0
 341 0006 0623     		mov	r3, #6
 342 0008 7B60     		str	r3, [r7, #4]
 240:.\Generated_Source\PSoC4/BootISR.c **** 
 241:.\Generated_Source\PSoC4/BootISR.c ****     priority = (*BootISR_INTC_PRIOR & BootISR__INTC_PRIOR_MASK) >> priorityOffset;
 343              		.loc 1 241 0
 344 000a 074B     		ldr	r3, .L23
 345 000c 1A68     		ldr	r2, [r3]
 346 000e C023     		mov	r3, #192
 347 0010 1A40     		and	r2, r3
 348 0012 7B68     		ldr	r3, [r7, #4]
 349 0014 111C     		mov	r1, r2
 350 0016 D940     		lsr	r1, r1, r3
 351 0018 0B1C     		mov	r3, r1
 352 001a 3B60     		str	r3, [r7]
 242:.\Generated_Source\PSoC4/BootISR.c **** 
 243:.\Generated_Source\PSoC4/BootISR.c ****     return (uint8)priority;
 353              		.loc 1 243 0
 354 001c 3B68     		ldr	r3, [r7]
 355 001e DBB2     		uxtb	r3, r3
 244:.\Generated_Source\PSoC4/BootISR.c **** }
 356              		.loc 1 244 0
 357 0020 181C     		mov	r0, r3
 358 0022 BD46     		mov	sp, r7
 359 0024 02B0     		add	sp, sp, #8
 360              		@ sp needed for prologue
 361 0026 80BD     		pop	{r7, pc}
 362              	.L24:
 363              		.align	2
 364              	.L23:
 365 0028 00E400E0 		.word	-536812544
 366              		.cfi_endproc
 367              	.LFE40:
 368              		.size	BootISR_GetPriority, .-BootISR_GetPriority
 369              		.section	.text.BootISR_Enable,"ax",%progbits
 370              		.align	2
 371              		.global	BootISR_Enable
 372              		.code	16
 373              		.thumb_func
 374              		.type	BootISR_Enable, %function
 375              	BootISR_Enable:
 376              	.LFB41:
 245:.\Generated_Source\PSoC4/BootISR.c **** 
 246:.\Generated_Source\PSoC4/BootISR.c **** 
 247:.\Generated_Source\PSoC4/BootISR.c **** /*******************************************************************************
 248:.\Generated_Source\PSoC4/BootISR.c **** * Function Name: BootISR_Enable
 249:.\Generated_Source\PSoC4/BootISR.c **** ********************************************************************************
ARM GAS  C:\Users\SNFU\AppData\Local\Temp\cctD3yrf.s 			page 12


 250:.\Generated_Source\PSoC4/BootISR.c **** *
 251:.\Generated_Source\PSoC4/BootISR.c **** * Summary:
 252:.\Generated_Source\PSoC4/BootISR.c **** *   Enables the interrupt.
 253:.\Generated_Source\PSoC4/BootISR.c **** *
 254:.\Generated_Source\PSoC4/BootISR.c **** * Parameters:
 255:.\Generated_Source\PSoC4/BootISR.c **** *   None
 256:.\Generated_Source\PSoC4/BootISR.c **** *
 257:.\Generated_Source\PSoC4/BootISR.c **** * Return:
 258:.\Generated_Source\PSoC4/BootISR.c **** *   None
 259:.\Generated_Source\PSoC4/BootISR.c **** *
 260:.\Generated_Source\PSoC4/BootISR.c **** *******************************************************************************/
 261:.\Generated_Source\PSoC4/BootISR.c **** void BootISR_Enable(void)
 262:.\Generated_Source\PSoC4/BootISR.c **** {
 377              		.loc 1 262 0
 378              		.cfi_startproc
 379 0000 80B5     		push	{r7, lr}
 380              	.LCFI20:
 381              		.cfi_def_cfa_offset 8
 382              		.cfi_offset 7, -8
 383              		.cfi_offset 14, -4
 384 0002 00AF     		add	r7, sp, #0
 385              	.LCFI21:
 386              		.cfi_def_cfa_register 7
 263:.\Generated_Source\PSoC4/BootISR.c ****     /* Enable the general interrupt. */
 264:.\Generated_Source\PSoC4/BootISR.c ****     *BootISR_INTC_SET_EN = BootISR__INTC_MASK;
 387              		.loc 1 264 0
 388 0004 024B     		ldr	r3, .L26
 389 0006 0122     		mov	r2, #1
 390 0008 1A60     		str	r2, [r3]
 265:.\Generated_Source\PSoC4/BootISR.c **** }
 391              		.loc 1 265 0
 392 000a BD46     		mov	sp, r7
 393              		@ sp needed for prologue
 394 000c 80BD     		pop	{r7, pc}
 395              	.L27:
 396 000e C046     		.align	2
 397              	.L26:
 398 0010 00E100E0 		.word	-536813312
 399              		.cfi_endproc
 400              	.LFE41:
 401              		.size	BootISR_Enable, .-BootISR_Enable
 402              		.section	.text.BootISR_GetState,"ax",%progbits
 403              		.align	2
 404              		.global	BootISR_GetState
 405              		.code	16
 406              		.thumb_func
 407              		.type	BootISR_GetState, %function
 408              	BootISR_GetState:
 409              	.LFB42:
 266:.\Generated_Source\PSoC4/BootISR.c **** 
 267:.\Generated_Source\PSoC4/BootISR.c **** 
 268:.\Generated_Source\PSoC4/BootISR.c **** /*******************************************************************************
 269:.\Generated_Source\PSoC4/BootISR.c **** * Function Name: BootISR_GetState
 270:.\Generated_Source\PSoC4/BootISR.c **** ********************************************************************************
 271:.\Generated_Source\PSoC4/BootISR.c **** *
 272:.\Generated_Source\PSoC4/BootISR.c **** * Summary:
 273:.\Generated_Source\PSoC4/BootISR.c **** *   Gets the state (enabled, disabled) of the Interrupt.
ARM GAS  C:\Users\SNFU\AppData\Local\Temp\cctD3yrf.s 			page 13


 274:.\Generated_Source\PSoC4/BootISR.c **** *
 275:.\Generated_Source\PSoC4/BootISR.c **** * Parameters:
 276:.\Generated_Source\PSoC4/BootISR.c **** *   None
 277:.\Generated_Source\PSoC4/BootISR.c **** *
 278:.\Generated_Source\PSoC4/BootISR.c **** * Return:
 279:.\Generated_Source\PSoC4/BootISR.c **** *   1 if enabled, 0 if disabled.
 280:.\Generated_Source\PSoC4/BootISR.c **** *
 281:.\Generated_Source\PSoC4/BootISR.c **** *******************************************************************************/
 282:.\Generated_Source\PSoC4/BootISR.c **** uint8 BootISR_GetState(void)
 283:.\Generated_Source\PSoC4/BootISR.c **** {
 410              		.loc 1 283 0
 411              		.cfi_startproc
 412 0000 80B5     		push	{r7, lr}
 413              	.LCFI22:
 414              		.cfi_def_cfa_offset 8
 415              		.cfi_offset 7, -8
 416              		.cfi_offset 14, -4
 417 0002 00AF     		add	r7, sp, #0
 418              	.LCFI23:
 419              		.cfi_def_cfa_register 7
 284:.\Generated_Source\PSoC4/BootISR.c ****     /* Get the state of the general interrupt. */
 285:.\Generated_Source\PSoC4/BootISR.c ****     return ((*BootISR_INTC_SET_EN & (uint32)BootISR__INTC_MASK) != 0u) ? 1u:0u;
 420              		.loc 1 285 0
 421 0004 044B     		ldr	r3, .L30
 422 0006 1B68     		ldr	r3, [r3]
 423 0008 DAB2     		uxtb	r2, r3
 424 000a 0123     		mov	r3, #1
 425 000c 1340     		and	r3, r2
 426 000e DBB2     		uxtb	r3, r3
 286:.\Generated_Source\PSoC4/BootISR.c **** }
 427              		.loc 1 286 0
 428 0010 181C     		mov	r0, r3
 429 0012 BD46     		mov	sp, r7
 430              		@ sp needed for prologue
 431 0014 80BD     		pop	{r7, pc}
 432              	.L31:
 433 0016 C046     		.align	2
 434              	.L30:
 435 0018 00E100E0 		.word	-536813312
 436              		.cfi_endproc
 437              	.LFE42:
 438              		.size	BootISR_GetState, .-BootISR_GetState
 439              		.section	.text.BootISR_Disable,"ax",%progbits
 440              		.align	2
 441              		.global	BootISR_Disable
 442              		.code	16
 443              		.thumb_func
 444              		.type	BootISR_Disable, %function
 445              	BootISR_Disable:
 446              	.LFB43:
 287:.\Generated_Source\PSoC4/BootISR.c **** 
 288:.\Generated_Source\PSoC4/BootISR.c **** 
 289:.\Generated_Source\PSoC4/BootISR.c **** /*******************************************************************************
 290:.\Generated_Source\PSoC4/BootISR.c **** * Function Name: BootISR_Disable
 291:.\Generated_Source\PSoC4/BootISR.c **** ********************************************************************************
 292:.\Generated_Source\PSoC4/BootISR.c **** *
 293:.\Generated_Source\PSoC4/BootISR.c **** * Summary:
ARM GAS  C:\Users\SNFU\AppData\Local\Temp\cctD3yrf.s 			page 14


 294:.\Generated_Source\PSoC4/BootISR.c **** *   Disables the Interrupt.
 295:.\Generated_Source\PSoC4/BootISR.c **** *
 296:.\Generated_Source\PSoC4/BootISR.c **** * Parameters:
 297:.\Generated_Source\PSoC4/BootISR.c **** *   None
 298:.\Generated_Source\PSoC4/BootISR.c **** *
 299:.\Generated_Source\PSoC4/BootISR.c **** * Return:
 300:.\Generated_Source\PSoC4/BootISR.c **** *   None
 301:.\Generated_Source\PSoC4/BootISR.c **** *
 302:.\Generated_Source\PSoC4/BootISR.c **** *******************************************************************************/
 303:.\Generated_Source\PSoC4/BootISR.c **** void BootISR_Disable(void)
 304:.\Generated_Source\PSoC4/BootISR.c **** {
 447              		.loc 1 304 0
 448              		.cfi_startproc
 449 0000 80B5     		push	{r7, lr}
 450              	.LCFI24:
 451              		.cfi_def_cfa_offset 8
 452              		.cfi_offset 7, -8
 453              		.cfi_offset 14, -4
 454 0002 00AF     		add	r7, sp, #0
 455              	.LCFI25:
 456              		.cfi_def_cfa_register 7
 305:.\Generated_Source\PSoC4/BootISR.c ****     /* Disable the general interrupt. */
 306:.\Generated_Source\PSoC4/BootISR.c ****     *BootISR_INTC_CLR_EN = BootISR__INTC_MASK;
 457              		.loc 1 306 0
 458 0004 024B     		ldr	r3, .L33
 459 0006 0122     		mov	r2, #1
 460 0008 1A60     		str	r2, [r3]
 307:.\Generated_Source\PSoC4/BootISR.c **** }
 461              		.loc 1 307 0
 462 000a BD46     		mov	sp, r7
 463              		@ sp needed for prologue
 464 000c 80BD     		pop	{r7, pc}
 465              	.L34:
 466 000e C046     		.align	2
 467              	.L33:
 468 0010 80E100E0 		.word	-536813184
 469              		.cfi_endproc
 470              	.LFE43:
 471              		.size	BootISR_Disable, .-BootISR_Disable
 472              		.section	.text.BootISR_SetPending,"ax",%progbits
 473              		.align	2
 474              		.global	BootISR_SetPending
 475              		.code	16
 476              		.thumb_func
 477              		.type	BootISR_SetPending, %function
 478              	BootISR_SetPending:
 479              	.LFB44:
 308:.\Generated_Source\PSoC4/BootISR.c **** 
 309:.\Generated_Source\PSoC4/BootISR.c **** 
 310:.\Generated_Source\PSoC4/BootISR.c **** /*******************************************************************************
 311:.\Generated_Source\PSoC4/BootISR.c **** * Function Name: BootISR_SetPending
 312:.\Generated_Source\PSoC4/BootISR.c **** ********************************************************************************
 313:.\Generated_Source\PSoC4/BootISR.c **** *
 314:.\Generated_Source\PSoC4/BootISR.c **** * Summary:
 315:.\Generated_Source\PSoC4/BootISR.c **** *   Causes the Interrupt to enter the pending state, a software method of
 316:.\Generated_Source\PSoC4/BootISR.c **** *   generating the interrupt.
 317:.\Generated_Source\PSoC4/BootISR.c **** *
ARM GAS  C:\Users\SNFU\AppData\Local\Temp\cctD3yrf.s 			page 15


 318:.\Generated_Source\PSoC4/BootISR.c **** * Parameters:
 319:.\Generated_Source\PSoC4/BootISR.c **** *   None
 320:.\Generated_Source\PSoC4/BootISR.c **** *
 321:.\Generated_Source\PSoC4/BootISR.c **** * Return:
 322:.\Generated_Source\PSoC4/BootISR.c **** *   None
 323:.\Generated_Source\PSoC4/BootISR.c **** *
 324:.\Generated_Source\PSoC4/BootISR.c **** *******************************************************************************/
 325:.\Generated_Source\PSoC4/BootISR.c **** void BootISR_SetPending(void)
 326:.\Generated_Source\PSoC4/BootISR.c **** {
 480              		.loc 1 326 0
 481              		.cfi_startproc
 482 0000 80B5     		push	{r7, lr}
 483              	.LCFI26:
 484              		.cfi_def_cfa_offset 8
 485              		.cfi_offset 7, -8
 486              		.cfi_offset 14, -4
 487 0002 00AF     		add	r7, sp, #0
 488              	.LCFI27:
 489              		.cfi_def_cfa_register 7
 327:.\Generated_Source\PSoC4/BootISR.c ****     *BootISR_INTC_SET_PD = BootISR__INTC_MASK;
 490              		.loc 1 327 0
 491 0004 024B     		ldr	r3, .L36
 492 0006 0122     		mov	r2, #1
 493 0008 1A60     		str	r2, [r3]
 328:.\Generated_Source\PSoC4/BootISR.c **** }
 494              		.loc 1 328 0
 495 000a BD46     		mov	sp, r7
 496              		@ sp needed for prologue
 497 000c 80BD     		pop	{r7, pc}
 498              	.L37:
 499 000e C046     		.align	2
 500              	.L36:
 501 0010 00E200E0 		.word	-536813056
 502              		.cfi_endproc
 503              	.LFE44:
 504              		.size	BootISR_SetPending, .-BootISR_SetPending
 505              		.section	.text.BootISR_ClearPending,"ax",%progbits
 506              		.align	2
 507              		.global	BootISR_ClearPending
 508              		.code	16
 509              		.thumb_func
 510              		.type	BootISR_ClearPending, %function
 511              	BootISR_ClearPending:
 512              	.LFB45:
 329:.\Generated_Source\PSoC4/BootISR.c **** 
 330:.\Generated_Source\PSoC4/BootISR.c **** 
 331:.\Generated_Source\PSoC4/BootISR.c **** /*******************************************************************************
 332:.\Generated_Source\PSoC4/BootISR.c **** * Function Name: BootISR_ClearPending
 333:.\Generated_Source\PSoC4/BootISR.c **** ********************************************************************************
 334:.\Generated_Source\PSoC4/BootISR.c **** *
 335:.\Generated_Source\PSoC4/BootISR.c **** * Summary:
 336:.\Generated_Source\PSoC4/BootISR.c **** *   Clears a pending interrupt.
 337:.\Generated_Source\PSoC4/BootISR.c **** *
 338:.\Generated_Source\PSoC4/BootISR.c **** * Parameters:
 339:.\Generated_Source\PSoC4/BootISR.c **** *   None
 340:.\Generated_Source\PSoC4/BootISR.c **** *
 341:.\Generated_Source\PSoC4/BootISR.c **** * Return:
ARM GAS  C:\Users\SNFU\AppData\Local\Temp\cctD3yrf.s 			page 16


 342:.\Generated_Source\PSoC4/BootISR.c **** *   None
 343:.\Generated_Source\PSoC4/BootISR.c **** *
 344:.\Generated_Source\PSoC4/BootISR.c **** *******************************************************************************/
 345:.\Generated_Source\PSoC4/BootISR.c **** void BootISR_ClearPending(void)
 346:.\Generated_Source\PSoC4/BootISR.c **** {
 513              		.loc 1 346 0
 514              		.cfi_startproc
 515 0000 80B5     		push	{r7, lr}
 516              	.LCFI28:
 517              		.cfi_def_cfa_offset 8
 518              		.cfi_offset 7, -8
 519              		.cfi_offset 14, -4
 520 0002 00AF     		add	r7, sp, #0
 521              	.LCFI29:
 522              		.cfi_def_cfa_register 7
 347:.\Generated_Source\PSoC4/BootISR.c ****     *BootISR_INTC_CLR_PD = BootISR__INTC_MASK;
 523              		.loc 1 347 0
 524 0004 024B     		ldr	r3, .L39
 525 0006 0122     		mov	r2, #1
 526 0008 1A60     		str	r2, [r3]
 348:.\Generated_Source\PSoC4/BootISR.c **** }
 527              		.loc 1 348 0
 528 000a BD46     		mov	sp, r7
 529              		@ sp needed for prologue
 530 000c 80BD     		pop	{r7, pc}
 531              	.L40:
 532 000e C046     		.align	2
 533              	.L39:
 534 0010 80E200E0 		.word	-536812928
 535              		.cfi_endproc
 536              	.LFE45:
 537              		.size	BootISR_ClearPending, .-BootISR_ClearPending
 538              		.text
 539              	.Letext0:
 540              		.file 2 "./Generated_Source/PSoC4/cytypes.h"
 541              		.section	.debug_info,"",%progbits
 542              	.Ldebug_info0:
 543 0000 84020000 		.4byte	0x284
 544 0004 0200     		.2byte	0x2
 545 0006 00000000 		.4byte	.Ldebug_abbrev0
 546 000a 04       		.byte	0x4
 547 000b 01       		.uleb128 0x1
 548 000c 3C020000 		.4byte	.LASF33
 549 0010 01       		.byte	0x1
 550 0011 EC000000 		.4byte	.LASF34
 551 0015 CA010000 		.4byte	.LASF35
 552 0019 00000000 		.4byte	.Ldebug_ranges0+0
 553 001d 00000000 		.4byte	0
 554 0021 00000000 		.4byte	0
 555 0025 00000000 		.4byte	.Ldebug_line0
 556 0029 02       		.uleb128 0x2
 557 002a 01       		.byte	0x1
 558 002b 06       		.byte	0x6
 559 002c 30020000 		.4byte	.LASF0
 560 0030 02       		.uleb128 0x2
 561 0031 01       		.byte	0x1
 562 0032 08       		.byte	0x8
ARM GAS  C:\Users\SNFU\AppData\Local\Temp\cctD3yrf.s 			page 17


 563 0033 5D000000 		.4byte	.LASF1
 564 0037 02       		.uleb128 0x2
 565 0038 02       		.byte	0x2
 566 0039 05       		.byte	0x5
 567 003a C0010000 		.4byte	.LASF2
 568 003e 02       		.uleb128 0x2
 569 003f 02       		.byte	0x2
 570 0040 07       		.byte	0x7
 571 0041 22000000 		.4byte	.LASF3
 572 0045 02       		.uleb128 0x2
 573 0046 04       		.byte	0x4
 574 0047 05       		.byte	0x5
 575 0048 27020000 		.4byte	.LASF4
 576 004c 02       		.uleb128 0x2
 577 004d 04       		.byte	0x4
 578 004e 07       		.byte	0x7
 579 004f 7A000000 		.4byte	.LASF5
 580 0053 02       		.uleb128 0x2
 581 0054 08       		.byte	0x8
 582 0055 05       		.byte	0x5
 583 0056 AD010000 		.4byte	.LASF6
 584 005a 02       		.uleb128 0x2
 585 005b 08       		.byte	0x8
 586 005c 07       		.byte	0x7
 587 005d 3D010000 		.4byte	.LASF7
 588 0061 03       		.uleb128 0x3
 589 0062 04       		.byte	0x4
 590 0063 05       		.byte	0x5
 591 0064 696E7400 		.ascii	"int\000"
 592 0068 02       		.uleb128 0x2
 593 0069 04       		.byte	0x4
 594 006a 07       		.byte	0x7
 595 006b 28010000 		.4byte	.LASF8
 596 006f 04       		.uleb128 0x4
 597 0070 9F000000 		.4byte	.LASF9
 598 0074 02       		.byte	0x2
 599 0075 5B       		.byte	0x5b
 600 0076 30000000 		.4byte	0x30
 601 007a 04       		.uleb128 0x4
 602 007b 0F010000 		.4byte	.LASF10
 603 007f 02       		.byte	0x2
 604 0080 5D       		.byte	0x5d
 605 0081 4C000000 		.4byte	0x4c
 606 0085 02       		.uleb128 0x2
 607 0086 04       		.byte	0x4
 608 0087 04       		.byte	0x4
 609 0088 57000000 		.4byte	.LASF11
 610 008c 02       		.uleb128 0x2
 611 008d 08       		.byte	0x8
 612 008e 04       		.byte	0x4
 613 008f D3000000 		.4byte	.LASF12
 614 0093 02       		.uleb128 0x2
 615 0094 01       		.byte	0x1
 616 0095 08       		.byte	0x8
 617 0096 BB010000 		.4byte	.LASF13
 618 009a 04       		.uleb128 0x4
 619 009b 00000000 		.4byte	.LASF14
ARM GAS  C:\Users\SNFU\AppData\Local\Temp\cctD3yrf.s 			page 18


 620 009f 02       		.byte	0x2
 621 00a0 F2       		.byte	0xf2
 622 00a1 A5000000 		.4byte	0xa5
 623 00a5 05       		.uleb128 0x5
 624 00a6 7A000000 		.4byte	0x7a
 625 00aa 06       		.uleb128 0x6
 626 00ab 62010000 		.4byte	.LASF15
 627 00af 02       		.byte	0x2
 628 00b0 0201     		.2byte	0x102
 629 00b2 B6000000 		.4byte	0xb6
 630 00b6 07       		.uleb128 0x7
 631 00b7 04       		.byte	0x4
 632 00b8 BC000000 		.4byte	0xbc
 633 00bc 08       		.uleb128 0x8
 634 00bd 01       		.byte	0x1
 635 00be 02       		.uleb128 0x2
 636 00bf 04       		.byte	0x4
 637 00c0 07       		.byte	0x7
 638 00c1 83010000 		.4byte	.LASF16
 639 00c5 09       		.uleb128 0x9
 640 00c6 01       		.byte	0x1
 641 00c7 54010000 		.4byte	.LASF17
 642 00cb 01       		.byte	0x1
 643 00cc 34       		.byte	0x34
 644 00cd 01       		.byte	0x1
 645 00ce 00000000 		.4byte	.LFB33
 646 00d2 24000000 		.4byte	.LFE33
 647 00d6 00000000 		.4byte	.LLST0
 648 00da 01       		.byte	0x1
 649 00db 0A       		.uleb128 0xa
 650 00dc 01       		.byte	0x1
 651 00dd 47000000 		.4byte	.LASF20
 652 00e1 01       		.byte	0x1
 653 00e2 52       		.byte	0x52
 654 00e3 01       		.byte	0x1
 655 00e4 00000000 		.4byte	.LFB34
 656 00e8 24000000 		.4byte	.LFE34
 657 00ec 2C000000 		.4byte	.LLST1
 658 00f0 01       		.byte	0x1
 659 00f1 04010000 		.4byte	0x104
 660 00f5 0B       		.uleb128 0xb
 661 00f6 35010000 		.4byte	.LASF22
 662 00fa 01       		.byte	0x1
 663 00fb 52       		.byte	0x52
 664 00fc AA000000 		.4byte	0xaa
 665 0100 02       		.byte	0x2
 666 0101 91       		.byte	0x91
 667 0102 74       		.sleb128 -12
 668 0103 00       		.byte	0
 669 0104 09       		.uleb128 0x9
 670 0105 01       		.byte	0x1
 671 0106 8C010000 		.4byte	.LASF18
 672 010a 01       		.byte	0x1
 673 010b 6F       		.byte	0x6f
 674 010c 01       		.byte	0x1
 675 010d 00000000 		.4byte	.LFB35
 676 0111 18000000 		.4byte	.LFE35
ARM GAS  C:\Users\SNFU\AppData\Local\Temp\cctD3yrf.s 			page 19


 677 0115 64000000 		.4byte	.LLST2
 678 0119 01       		.byte	0x1
 679 011a 09       		.uleb128 0x9
 680 011b 01       		.byte	0x1
 681 011c 16010000 		.4byte	.LASF19
 682 0120 01       		.byte	0x1
 683 0121 8A       		.byte	0x8a
 684 0122 01       		.byte	0x1
 685 0123 00000000 		.4byte	.LFB36
 686 0127 24000000 		.4byte	.LFE36
 687 012b 90000000 		.4byte	.LLST3
 688 012f 01       		.byte	0x1
 689 0130 0C       		.uleb128 0xc
 690 0131 01       		.byte	0x1
 691 0132 35000000 		.4byte	.LASF21
 692 0136 01       		.byte	0x1
 693 0137 A6       		.byte	0xa6
 694 0138 01       		.byte	0x1
 695 0139 00000000 		.4byte	.LFB37
 696 013d 18000000 		.4byte	.LFE37
 697 0141 BC000000 		.4byte	.LLST4
 698 0145 01       		.byte	0x1
 699 0146 59010000 		.4byte	0x159
 700 014a 0B       		.uleb128 0xb
 701 014b 35010000 		.4byte	.LASF22
 702 014f 01       		.byte	0x1
 703 0150 A6       		.byte	0xa6
 704 0151 AA000000 		.4byte	0xaa
 705 0155 02       		.byte	0x2
 706 0156 91       		.byte	0x91
 707 0157 74       		.sleb128 -12
 708 0158 00       		.byte	0
 709 0159 0D       		.uleb128 0xd
 710 015a 01       		.byte	0x1
 711 015b DA000000 		.4byte	.LASF28
 712 015f 01       		.byte	0x1
 713 0160 BA       		.byte	0xba
 714 0161 01       		.byte	0x1
 715 0162 AA000000 		.4byte	0xaa
 716 0166 00000000 		.4byte	.LFB38
 717 016a 14000000 		.4byte	.LFE38
 718 016e F4000000 		.4byte	.LLST5
 719 0172 01       		.byte	0x1
 720 0173 0A       		.uleb128 0xa
 721 0174 01       		.byte	0x1
 722 0175 6F010000 		.4byte	.LASF23
 723 0179 01       		.byte	0x1
 724 017a D2       		.byte	0xd2
 725 017b 01       		.byte	0x1
 726 017c 00000000 		.4byte	.LFB39
 727 0180 50000000 		.4byte	.LFE39
 728 0184 20010000 		.4byte	.LLST6
 729 0188 01       		.byte	0x1
 730 0189 B8010000 		.4byte	0x1b8
 731 018d 0B       		.uleb128 0xb
 732 018e CA000000 		.4byte	.LASF24
 733 0192 01       		.byte	0x1
ARM GAS  C:\Users\SNFU\AppData\Local\Temp\cctD3yrf.s 			page 20


 734 0193 D2       		.byte	0xd2
 735 0194 6F000000 		.4byte	0x6f
 736 0198 02       		.byte	0x2
 737 0199 91       		.byte	0x91
 738 019a 67       		.sleb128 -25
 739 019b 0E       		.uleb128 0xe
 740 019c 6B000000 		.4byte	.LASF25
 741 01a0 01       		.byte	0x1
 742 01a1 D4       		.byte	0xd4
 743 01a2 6F000000 		.4byte	0x6f
 744 01a6 02       		.byte	0x2
 745 01a7 91       		.byte	0x91
 746 01a8 6B       		.sleb128 -21
 747 01a9 0E       		.uleb128 0xe
 748 01aa 18020000 		.4byte	.LASF26
 749 01ae 01       		.byte	0x1
 750 01af D5       		.byte	0xd5
 751 01b0 7A000000 		.4byte	0x7a
 752 01b4 02       		.byte	0x2
 753 01b5 91       		.byte	0x91
 754 01b6 6C       		.sleb128 -20
 755 01b7 00       		.byte	0
 756 01b8 0F       		.uleb128 0xf
 757 01b9 01       		.byte	0x1
 758 01ba 99010000 		.4byte	.LASF36
 759 01be 01       		.byte	0x1
 760 01bf EC       		.byte	0xec
 761 01c0 01       		.byte	0x1
 762 01c1 6F000000 		.4byte	0x6f
 763 01c5 00000000 		.4byte	.LFB40
 764 01c9 2C000000 		.4byte	.LFE40
 765 01cd 58010000 		.4byte	.LLST7
 766 01d1 01       		.byte	0x1
 767 01d2 F3010000 		.4byte	0x1f3
 768 01d6 0E       		.uleb128 0xe
 769 01d7 CA000000 		.4byte	.LASF24
 770 01db 01       		.byte	0x1
 771 01dc EE       		.byte	0xee
 772 01dd 7A000000 		.4byte	0x7a
 773 01e1 02       		.byte	0x2
 774 01e2 91       		.byte	0x91
 775 01e3 70       		.sleb128 -16
 776 01e4 0E       		.uleb128 0xe
 777 01e5 18020000 		.4byte	.LASF26
 778 01e9 01       		.byte	0x1
 779 01ea EF       		.byte	0xef
 780 01eb 7A000000 		.4byte	0x7a
 781 01ef 02       		.byte	0x2
 782 01f0 91       		.byte	0x91
 783 01f1 74       		.sleb128 -12
 784 01f2 00       		.byte	0
 785 01f3 10       		.uleb128 0x10
 786 01f4 01       		.byte	0x1
 787 01f5 06000000 		.4byte	.LASF27
 788 01f9 01       		.byte	0x1
 789 01fa 0501     		.2byte	0x105
 790 01fc 01       		.byte	0x1
ARM GAS  C:\Users\SNFU\AppData\Local\Temp\cctD3yrf.s 			page 21


 791 01fd 00000000 		.4byte	.LFB41
 792 0201 14000000 		.4byte	.LFE41
 793 0205 90010000 		.4byte	.LLST8
 794 0209 01       		.byte	0x1
 795 020a 11       		.uleb128 0x11
 796 020b 01       		.byte	0x1
 797 020c 85020000 		.4byte	.LASF29
 798 0210 01       		.byte	0x1
 799 0211 1A01     		.2byte	0x11a
 800 0213 01       		.byte	0x1
 801 0214 6F000000 		.4byte	0x6f
 802 0218 00000000 		.4byte	.LFB42
 803 021c 1C000000 		.4byte	.LFE42
 804 0220 BC010000 		.4byte	.LLST9
 805 0224 01       		.byte	0x1
 806 0225 10       		.uleb128 0x10
 807 0226 01       		.byte	0x1
 808 0227 BA000000 		.4byte	.LASF30
 809 022b 01       		.byte	0x1
 810 022c 2F01     		.2byte	0x12f
 811 022e 01       		.byte	0x1
 812 022f 00000000 		.4byte	.LFB43
 813 0233 14000000 		.4byte	.LFE43
 814 0237 E8010000 		.4byte	.LLST10
 815 023b 01       		.byte	0x1
 816 023c 10       		.uleb128 0x10
 817 023d 01       		.byte	0x1
 818 023e 8C000000 		.4byte	.LASF31
 819 0242 01       		.byte	0x1
 820 0243 4501     		.2byte	0x145
 821 0245 01       		.byte	0x1
 822 0246 00000000 		.4byte	.LFB44
 823 024a 14000000 		.4byte	.LFE44
 824 024e 14020000 		.4byte	.LLST11
 825 0252 01       		.byte	0x1
 826 0253 10       		.uleb128 0x10
 827 0254 01       		.byte	0x1
 828 0255 A5000000 		.4byte	.LASF32
 829 0259 01       		.byte	0x1
 830 025a 5901     		.2byte	0x159
 831 025c 01       		.byte	0x1
 832 025d 00000000 		.4byte	.LFB45
 833 0261 14000000 		.4byte	.LFE45
 834 0265 40020000 		.4byte	.LLST12
 835 0269 01       		.byte	0x1
 836 026a 12       		.uleb128 0x12
 837 026b AA000000 		.4byte	0xaa
 838 026f 7A020000 		.4byte	0x27a
 839 0273 13       		.uleb128 0x13
 840 0274 BE000000 		.4byte	0xbe
 841 0278 2F       		.byte	0x2f
 842 0279 00       		.byte	0
 843 027a 14       		.uleb128 0x14
 844 027b 15000000 		.4byte	.LASF37
 845 027f 01       		.byte	0x1
 846 0280 20       		.byte	0x20
 847 0281 6A020000 		.4byte	0x26a
ARM GAS  C:\Users\SNFU\AppData\Local\Temp\cctD3yrf.s 			page 22


 848 0285 01       		.byte	0x1
 849 0286 01       		.byte	0x1
 850 0287 00       		.byte	0
 851              		.section	.debug_abbrev,"",%progbits
 852              	.Ldebug_abbrev0:
 853 0000 01       		.uleb128 0x1
 854 0001 11       		.uleb128 0x11
 855 0002 01       		.byte	0x1
 856 0003 25       		.uleb128 0x25
 857 0004 0E       		.uleb128 0xe
 858 0005 13       		.uleb128 0x13
 859 0006 0B       		.uleb128 0xb
 860 0007 03       		.uleb128 0x3
 861 0008 0E       		.uleb128 0xe
 862 0009 1B       		.uleb128 0x1b
 863 000a 0E       		.uleb128 0xe
 864 000b 55       		.uleb128 0x55
 865 000c 06       		.uleb128 0x6
 866 000d 11       		.uleb128 0x11
 867 000e 01       		.uleb128 0x1
 868 000f 52       		.uleb128 0x52
 869 0010 01       		.uleb128 0x1
 870 0011 10       		.uleb128 0x10
 871 0012 06       		.uleb128 0x6
 872 0013 00       		.byte	0
 873 0014 00       		.byte	0
 874 0015 02       		.uleb128 0x2
 875 0016 24       		.uleb128 0x24
 876 0017 00       		.byte	0
 877 0018 0B       		.uleb128 0xb
 878 0019 0B       		.uleb128 0xb
 879 001a 3E       		.uleb128 0x3e
 880 001b 0B       		.uleb128 0xb
 881 001c 03       		.uleb128 0x3
 882 001d 0E       		.uleb128 0xe
 883 001e 00       		.byte	0
 884 001f 00       		.byte	0
 885 0020 03       		.uleb128 0x3
 886 0021 24       		.uleb128 0x24
 887 0022 00       		.byte	0
 888 0023 0B       		.uleb128 0xb
 889 0024 0B       		.uleb128 0xb
 890 0025 3E       		.uleb128 0x3e
 891 0026 0B       		.uleb128 0xb
 892 0027 03       		.uleb128 0x3
 893 0028 08       		.uleb128 0x8
 894 0029 00       		.byte	0
 895 002a 00       		.byte	0
 896 002b 04       		.uleb128 0x4
 897 002c 16       		.uleb128 0x16
 898 002d 00       		.byte	0
 899 002e 03       		.uleb128 0x3
 900 002f 0E       		.uleb128 0xe
 901 0030 3A       		.uleb128 0x3a
 902 0031 0B       		.uleb128 0xb
 903 0032 3B       		.uleb128 0x3b
 904 0033 0B       		.uleb128 0xb
ARM GAS  C:\Users\SNFU\AppData\Local\Temp\cctD3yrf.s 			page 23


 905 0034 49       		.uleb128 0x49
 906 0035 13       		.uleb128 0x13
 907 0036 00       		.byte	0
 908 0037 00       		.byte	0
 909 0038 05       		.uleb128 0x5
 910 0039 35       		.uleb128 0x35
 911 003a 00       		.byte	0
 912 003b 49       		.uleb128 0x49
 913 003c 13       		.uleb128 0x13
 914 003d 00       		.byte	0
 915 003e 00       		.byte	0
 916 003f 06       		.uleb128 0x6
 917 0040 16       		.uleb128 0x16
 918 0041 00       		.byte	0
 919 0042 03       		.uleb128 0x3
 920 0043 0E       		.uleb128 0xe
 921 0044 3A       		.uleb128 0x3a
 922 0045 0B       		.uleb128 0xb
 923 0046 3B       		.uleb128 0x3b
 924 0047 05       		.uleb128 0x5
 925 0048 49       		.uleb128 0x49
 926 0049 13       		.uleb128 0x13
 927 004a 00       		.byte	0
 928 004b 00       		.byte	0
 929 004c 07       		.uleb128 0x7
 930 004d 0F       		.uleb128 0xf
 931 004e 00       		.byte	0
 932 004f 0B       		.uleb128 0xb
 933 0050 0B       		.uleb128 0xb
 934 0051 49       		.uleb128 0x49
 935 0052 13       		.uleb128 0x13
 936 0053 00       		.byte	0
 937 0054 00       		.byte	0
 938 0055 08       		.uleb128 0x8
 939 0056 15       		.uleb128 0x15
 940 0057 00       		.byte	0
 941 0058 27       		.uleb128 0x27
 942 0059 0C       		.uleb128 0xc
 943 005a 00       		.byte	0
 944 005b 00       		.byte	0
 945 005c 09       		.uleb128 0x9
 946 005d 2E       		.uleb128 0x2e
 947 005e 00       		.byte	0
 948 005f 3F       		.uleb128 0x3f
 949 0060 0C       		.uleb128 0xc
 950 0061 03       		.uleb128 0x3
 951 0062 0E       		.uleb128 0xe
 952 0063 3A       		.uleb128 0x3a
 953 0064 0B       		.uleb128 0xb
 954 0065 3B       		.uleb128 0x3b
 955 0066 0B       		.uleb128 0xb
 956 0067 27       		.uleb128 0x27
 957 0068 0C       		.uleb128 0xc
 958 0069 11       		.uleb128 0x11
 959 006a 01       		.uleb128 0x1
 960 006b 12       		.uleb128 0x12
 961 006c 01       		.uleb128 0x1
ARM GAS  C:\Users\SNFU\AppData\Local\Temp\cctD3yrf.s 			page 24


 962 006d 40       		.uleb128 0x40
 963 006e 06       		.uleb128 0x6
 964 006f 9642     		.uleb128 0x2116
 965 0071 0C       		.uleb128 0xc
 966 0072 00       		.byte	0
 967 0073 00       		.byte	0
 968 0074 0A       		.uleb128 0xa
 969 0075 2E       		.uleb128 0x2e
 970 0076 01       		.byte	0x1
 971 0077 3F       		.uleb128 0x3f
 972 0078 0C       		.uleb128 0xc
 973 0079 03       		.uleb128 0x3
 974 007a 0E       		.uleb128 0xe
 975 007b 3A       		.uleb128 0x3a
 976 007c 0B       		.uleb128 0xb
 977 007d 3B       		.uleb128 0x3b
 978 007e 0B       		.uleb128 0xb
 979 007f 27       		.uleb128 0x27
 980 0080 0C       		.uleb128 0xc
 981 0081 11       		.uleb128 0x11
 982 0082 01       		.uleb128 0x1
 983 0083 12       		.uleb128 0x12
 984 0084 01       		.uleb128 0x1
 985 0085 40       		.uleb128 0x40
 986 0086 06       		.uleb128 0x6
 987 0087 9642     		.uleb128 0x2116
 988 0089 0C       		.uleb128 0xc
 989 008a 01       		.uleb128 0x1
 990 008b 13       		.uleb128 0x13
 991 008c 00       		.byte	0
 992 008d 00       		.byte	0
 993 008e 0B       		.uleb128 0xb
 994 008f 05       		.uleb128 0x5
 995 0090 00       		.byte	0
 996 0091 03       		.uleb128 0x3
 997 0092 0E       		.uleb128 0xe
 998 0093 3A       		.uleb128 0x3a
 999 0094 0B       		.uleb128 0xb
 1000 0095 3B       		.uleb128 0x3b
 1001 0096 0B       		.uleb128 0xb
 1002 0097 49       		.uleb128 0x49
 1003 0098 13       		.uleb128 0x13
 1004 0099 02       		.uleb128 0x2
 1005 009a 0A       		.uleb128 0xa
 1006 009b 00       		.byte	0
 1007 009c 00       		.byte	0
 1008 009d 0C       		.uleb128 0xc
 1009 009e 2E       		.uleb128 0x2e
 1010 009f 01       		.byte	0x1
 1011 00a0 3F       		.uleb128 0x3f
 1012 00a1 0C       		.uleb128 0xc
 1013 00a2 03       		.uleb128 0x3
 1014 00a3 0E       		.uleb128 0xe
 1015 00a4 3A       		.uleb128 0x3a
 1016 00a5 0B       		.uleb128 0xb
 1017 00a6 3B       		.uleb128 0x3b
 1018 00a7 0B       		.uleb128 0xb
ARM GAS  C:\Users\SNFU\AppData\Local\Temp\cctD3yrf.s 			page 25


 1019 00a8 27       		.uleb128 0x27
 1020 00a9 0C       		.uleb128 0xc
 1021 00aa 11       		.uleb128 0x11
 1022 00ab 01       		.uleb128 0x1
 1023 00ac 12       		.uleb128 0x12
 1024 00ad 01       		.uleb128 0x1
 1025 00ae 40       		.uleb128 0x40
 1026 00af 06       		.uleb128 0x6
 1027 00b0 9742     		.uleb128 0x2117
 1028 00b2 0C       		.uleb128 0xc
 1029 00b3 01       		.uleb128 0x1
 1030 00b4 13       		.uleb128 0x13
 1031 00b5 00       		.byte	0
 1032 00b6 00       		.byte	0
 1033 00b7 0D       		.uleb128 0xd
 1034 00b8 2E       		.uleb128 0x2e
 1035 00b9 00       		.byte	0
 1036 00ba 3F       		.uleb128 0x3f
 1037 00bb 0C       		.uleb128 0xc
 1038 00bc 03       		.uleb128 0x3
 1039 00bd 0E       		.uleb128 0xe
 1040 00be 3A       		.uleb128 0x3a
 1041 00bf 0B       		.uleb128 0xb
 1042 00c0 3B       		.uleb128 0x3b
 1043 00c1 0B       		.uleb128 0xb
 1044 00c2 27       		.uleb128 0x27
 1045 00c3 0C       		.uleb128 0xc
 1046 00c4 49       		.uleb128 0x49
 1047 00c5 13       		.uleb128 0x13
 1048 00c6 11       		.uleb128 0x11
 1049 00c7 01       		.uleb128 0x1
 1050 00c8 12       		.uleb128 0x12
 1051 00c9 01       		.uleb128 0x1
 1052 00ca 40       		.uleb128 0x40
 1053 00cb 06       		.uleb128 0x6
 1054 00cc 9742     		.uleb128 0x2117
 1055 00ce 0C       		.uleb128 0xc
 1056 00cf 00       		.byte	0
 1057 00d0 00       		.byte	0
 1058 00d1 0E       		.uleb128 0xe
 1059 00d2 34       		.uleb128 0x34
 1060 00d3 00       		.byte	0
 1061 00d4 03       		.uleb128 0x3
 1062 00d5 0E       		.uleb128 0xe
 1063 00d6 3A       		.uleb128 0x3a
 1064 00d7 0B       		.uleb128 0xb
 1065 00d8 3B       		.uleb128 0x3b
 1066 00d9 0B       		.uleb128 0xb
 1067 00da 49       		.uleb128 0x49
 1068 00db 13       		.uleb128 0x13
 1069 00dc 02       		.uleb128 0x2
 1070 00dd 0A       		.uleb128 0xa
 1071 00de 00       		.byte	0
 1072 00df 00       		.byte	0
 1073 00e0 0F       		.uleb128 0xf
 1074 00e1 2E       		.uleb128 0x2e
 1075 00e2 01       		.byte	0x1
ARM GAS  C:\Users\SNFU\AppData\Local\Temp\cctD3yrf.s 			page 26


 1076 00e3 3F       		.uleb128 0x3f
 1077 00e4 0C       		.uleb128 0xc
 1078 00e5 03       		.uleb128 0x3
 1079 00e6 0E       		.uleb128 0xe
 1080 00e7 3A       		.uleb128 0x3a
 1081 00e8 0B       		.uleb128 0xb
 1082 00e9 3B       		.uleb128 0x3b
 1083 00ea 0B       		.uleb128 0xb
 1084 00eb 27       		.uleb128 0x27
 1085 00ec 0C       		.uleb128 0xc
 1086 00ed 49       		.uleb128 0x49
 1087 00ee 13       		.uleb128 0x13
 1088 00ef 11       		.uleb128 0x11
 1089 00f0 01       		.uleb128 0x1
 1090 00f1 12       		.uleb128 0x12
 1091 00f2 01       		.uleb128 0x1
 1092 00f3 40       		.uleb128 0x40
 1093 00f4 06       		.uleb128 0x6
 1094 00f5 9742     		.uleb128 0x2117
 1095 00f7 0C       		.uleb128 0xc
 1096 00f8 01       		.uleb128 0x1
 1097 00f9 13       		.uleb128 0x13
 1098 00fa 00       		.byte	0
 1099 00fb 00       		.byte	0
 1100 00fc 10       		.uleb128 0x10
 1101 00fd 2E       		.uleb128 0x2e
 1102 00fe 00       		.byte	0
 1103 00ff 3F       		.uleb128 0x3f
 1104 0100 0C       		.uleb128 0xc
 1105 0101 03       		.uleb128 0x3
 1106 0102 0E       		.uleb128 0xe
 1107 0103 3A       		.uleb128 0x3a
 1108 0104 0B       		.uleb128 0xb
 1109 0105 3B       		.uleb128 0x3b
 1110 0106 05       		.uleb128 0x5
 1111 0107 27       		.uleb128 0x27
 1112 0108 0C       		.uleb128 0xc
 1113 0109 11       		.uleb128 0x11
 1114 010a 01       		.uleb128 0x1
 1115 010b 12       		.uleb128 0x12
 1116 010c 01       		.uleb128 0x1
 1117 010d 40       		.uleb128 0x40
 1118 010e 06       		.uleb128 0x6
 1119 010f 9742     		.uleb128 0x2117
 1120 0111 0C       		.uleb128 0xc
 1121 0112 00       		.byte	0
 1122 0113 00       		.byte	0
 1123 0114 11       		.uleb128 0x11
 1124 0115 2E       		.uleb128 0x2e
 1125 0116 00       		.byte	0
 1126 0117 3F       		.uleb128 0x3f
 1127 0118 0C       		.uleb128 0xc
 1128 0119 03       		.uleb128 0x3
 1129 011a 0E       		.uleb128 0xe
 1130 011b 3A       		.uleb128 0x3a
 1131 011c 0B       		.uleb128 0xb
 1132 011d 3B       		.uleb128 0x3b
ARM GAS  C:\Users\SNFU\AppData\Local\Temp\cctD3yrf.s 			page 27


 1133 011e 05       		.uleb128 0x5
 1134 011f 27       		.uleb128 0x27
 1135 0120 0C       		.uleb128 0xc
 1136 0121 49       		.uleb128 0x49
 1137 0122 13       		.uleb128 0x13
 1138 0123 11       		.uleb128 0x11
 1139 0124 01       		.uleb128 0x1
 1140 0125 12       		.uleb128 0x12
 1141 0126 01       		.uleb128 0x1
 1142 0127 40       		.uleb128 0x40
 1143 0128 06       		.uleb128 0x6
 1144 0129 9742     		.uleb128 0x2117
 1145 012b 0C       		.uleb128 0xc
 1146 012c 00       		.byte	0
 1147 012d 00       		.byte	0
 1148 012e 12       		.uleb128 0x12
 1149 012f 01       		.uleb128 0x1
 1150 0130 01       		.byte	0x1
 1151 0131 49       		.uleb128 0x49
 1152 0132 13       		.uleb128 0x13
 1153 0133 01       		.uleb128 0x1
 1154 0134 13       		.uleb128 0x13
 1155 0135 00       		.byte	0
 1156 0136 00       		.byte	0
 1157 0137 13       		.uleb128 0x13
 1158 0138 21       		.uleb128 0x21
 1159 0139 00       		.byte	0
 1160 013a 49       		.uleb128 0x49
 1161 013b 13       		.uleb128 0x13
 1162 013c 2F       		.uleb128 0x2f
 1163 013d 0B       		.uleb128 0xb
 1164 013e 00       		.byte	0
 1165 013f 00       		.byte	0
 1166 0140 14       		.uleb128 0x14
 1167 0141 34       		.uleb128 0x34
 1168 0142 00       		.byte	0
 1169 0143 03       		.uleb128 0x3
 1170 0144 0E       		.uleb128 0xe
 1171 0145 3A       		.uleb128 0x3a
 1172 0146 0B       		.uleb128 0xb
 1173 0147 3B       		.uleb128 0x3b
 1174 0148 0B       		.uleb128 0xb
 1175 0149 49       		.uleb128 0x49
 1176 014a 13       		.uleb128 0x13
 1177 014b 3F       		.uleb128 0x3f
 1178 014c 0C       		.uleb128 0xc
 1179 014d 3C       		.uleb128 0x3c
 1180 014e 0C       		.uleb128 0xc
 1181 014f 00       		.byte	0
 1182 0150 00       		.byte	0
 1183 0151 00       		.byte	0
 1184              		.section	.debug_loc,"",%progbits
 1185              	.Ldebug_loc0:
 1186              	.LLST0:
 1187 0000 00000000 		.4byte	.LFB33
 1188 0004 02000000 		.4byte	.LCFI0
 1189 0008 0200     		.2byte	0x2
ARM GAS  C:\Users\SNFU\AppData\Local\Temp\cctD3yrf.s 			page 28


 1190 000a 7D       		.byte	0x7d
 1191 000b 00       		.sleb128 0
 1192 000c 02000000 		.4byte	.LCFI0
 1193 0010 04000000 		.4byte	.LCFI1
 1194 0014 0200     		.2byte	0x2
 1195 0016 7D       		.byte	0x7d
 1196 0017 08       		.sleb128 8
 1197 0018 04000000 		.4byte	.LCFI1
 1198 001c 24000000 		.4byte	.LFE33
 1199 0020 0200     		.2byte	0x2
 1200 0022 77       		.byte	0x77
 1201 0023 08       		.sleb128 8
 1202 0024 00000000 		.4byte	0
 1203 0028 00000000 		.4byte	0
 1204              	.LLST1:
 1205 002c 00000000 		.4byte	.LFB34
 1206 0030 02000000 		.4byte	.LCFI2
 1207 0034 0200     		.2byte	0x2
 1208 0036 7D       		.byte	0x7d
 1209 0037 00       		.sleb128 0
 1210 0038 02000000 		.4byte	.LCFI2
 1211 003c 04000000 		.4byte	.LCFI3
 1212 0040 0200     		.2byte	0x2
 1213 0042 7D       		.byte	0x7d
 1214 0043 08       		.sleb128 8
 1215 0044 04000000 		.4byte	.LCFI3
 1216 0048 06000000 		.4byte	.LCFI4
 1217 004c 0200     		.2byte	0x2
 1218 004e 7D       		.byte	0x7d
 1219 004f 10       		.sleb128 16
 1220 0050 06000000 		.4byte	.LCFI4
 1221 0054 24000000 		.4byte	.LFE34
 1222 0058 0200     		.2byte	0x2
 1223 005a 77       		.byte	0x77
 1224 005b 10       		.sleb128 16
 1225 005c 00000000 		.4byte	0
 1226 0060 00000000 		.4byte	0
 1227              	.LLST2:
 1228 0064 00000000 		.4byte	.LFB35
 1229 0068 02000000 		.4byte	.LCFI5
 1230 006c 0200     		.2byte	0x2
 1231 006e 7D       		.byte	0x7d
 1232 006f 00       		.sleb128 0
 1233 0070 02000000 		.4byte	.LCFI5
 1234 0074 04000000 		.4byte	.LCFI6
 1235 0078 0200     		.2byte	0x2
 1236 007a 7D       		.byte	0x7d
 1237 007b 08       		.sleb128 8
 1238 007c 04000000 		.4byte	.LCFI6
 1239 0080 18000000 		.4byte	.LFE35
 1240 0084 0200     		.2byte	0x2
 1241 0086 77       		.byte	0x77
 1242 0087 08       		.sleb128 8
 1243 0088 00000000 		.4byte	0
 1244 008c 00000000 		.4byte	0
 1245              	.LLST3:
 1246 0090 00000000 		.4byte	.LFB36
ARM GAS  C:\Users\SNFU\AppData\Local\Temp\cctD3yrf.s 			page 29


 1247 0094 02000000 		.4byte	.LCFI7
 1248 0098 0200     		.2byte	0x2
 1249 009a 7D       		.byte	0x7d
 1250 009b 00       		.sleb128 0
 1251 009c 02000000 		.4byte	.LCFI7
 1252 00a0 04000000 		.4byte	.LCFI8
 1253 00a4 0200     		.2byte	0x2
 1254 00a6 7D       		.byte	0x7d
 1255 00a7 08       		.sleb128 8
 1256 00a8 04000000 		.4byte	.LCFI8
 1257 00ac 24000000 		.4byte	.LFE36
 1258 00b0 0200     		.2byte	0x2
 1259 00b2 77       		.byte	0x77
 1260 00b3 08       		.sleb128 8
 1261 00b4 00000000 		.4byte	0
 1262 00b8 00000000 		.4byte	0
 1263              	.LLST4:
 1264 00bc 00000000 		.4byte	.LFB37
 1265 00c0 02000000 		.4byte	.LCFI9
 1266 00c4 0200     		.2byte	0x2
 1267 00c6 7D       		.byte	0x7d
 1268 00c7 00       		.sleb128 0
 1269 00c8 02000000 		.4byte	.LCFI9
 1270 00cc 04000000 		.4byte	.LCFI10
 1271 00d0 0200     		.2byte	0x2
 1272 00d2 7D       		.byte	0x7d
 1273 00d3 08       		.sleb128 8
 1274 00d4 04000000 		.4byte	.LCFI10
 1275 00d8 06000000 		.4byte	.LCFI11
 1276 00dc 0200     		.2byte	0x2
 1277 00de 7D       		.byte	0x7d
 1278 00df 10       		.sleb128 16
 1279 00e0 06000000 		.4byte	.LCFI11
 1280 00e4 18000000 		.4byte	.LFE37
 1281 00e8 0200     		.2byte	0x2
 1282 00ea 77       		.byte	0x77
 1283 00eb 10       		.sleb128 16
 1284 00ec 00000000 		.4byte	0
 1285 00f0 00000000 		.4byte	0
 1286              	.LLST5:
 1287 00f4 00000000 		.4byte	.LFB38
 1288 00f8 02000000 		.4byte	.LCFI12
 1289 00fc 0200     		.2byte	0x2
 1290 00fe 7D       		.byte	0x7d
 1291 00ff 00       		.sleb128 0
 1292 0100 02000000 		.4byte	.LCFI12
 1293 0104 04000000 		.4byte	.LCFI13
 1294 0108 0200     		.2byte	0x2
 1295 010a 7D       		.byte	0x7d
 1296 010b 08       		.sleb128 8
 1297 010c 04000000 		.4byte	.LCFI13
 1298 0110 14000000 		.4byte	.LFE38
 1299 0114 0200     		.2byte	0x2
 1300 0116 77       		.byte	0x77
 1301 0117 08       		.sleb128 8
 1302 0118 00000000 		.4byte	0
 1303 011c 00000000 		.4byte	0
ARM GAS  C:\Users\SNFU\AppData\Local\Temp\cctD3yrf.s 			page 30


 1304              	.LLST6:
 1305 0120 00000000 		.4byte	.LFB39
 1306 0124 02000000 		.4byte	.LCFI14
 1307 0128 0200     		.2byte	0x2
 1308 012a 7D       		.byte	0x7d
 1309 012b 00       		.sleb128 0
 1310 012c 02000000 		.4byte	.LCFI14
 1311 0130 04000000 		.4byte	.LCFI15
 1312 0134 0200     		.2byte	0x2
 1313 0136 7D       		.byte	0x7d
 1314 0137 0C       		.sleb128 12
 1315 0138 04000000 		.4byte	.LCFI15
 1316 013c 06000000 		.4byte	.LCFI16
 1317 0140 0200     		.2byte	0x2
 1318 0142 7D       		.byte	0x7d
 1319 0143 20       		.sleb128 32
 1320 0144 06000000 		.4byte	.LCFI16
 1321 0148 50000000 		.4byte	.LFE39
 1322 014c 0200     		.2byte	0x2
 1323 014e 77       		.byte	0x77
 1324 014f 20       		.sleb128 32
 1325 0150 00000000 		.4byte	0
 1326 0154 00000000 		.4byte	0
 1327              	.LLST7:
 1328 0158 00000000 		.4byte	.LFB40
 1329 015c 02000000 		.4byte	.LCFI17
 1330 0160 0200     		.2byte	0x2
 1331 0162 7D       		.byte	0x7d
 1332 0163 00       		.sleb128 0
 1333 0164 02000000 		.4byte	.LCFI17
 1334 0168 04000000 		.4byte	.LCFI18
 1335 016c 0200     		.2byte	0x2
 1336 016e 7D       		.byte	0x7d
 1337 016f 08       		.sleb128 8
 1338 0170 04000000 		.4byte	.LCFI18
 1339 0174 06000000 		.4byte	.LCFI19
 1340 0178 0200     		.2byte	0x2
 1341 017a 7D       		.byte	0x7d
 1342 017b 10       		.sleb128 16
 1343 017c 06000000 		.4byte	.LCFI19
 1344 0180 2C000000 		.4byte	.LFE40
 1345 0184 0200     		.2byte	0x2
 1346 0186 77       		.byte	0x77
 1347 0187 10       		.sleb128 16
 1348 0188 00000000 		.4byte	0
 1349 018c 00000000 		.4byte	0
 1350              	.LLST8:
 1351 0190 00000000 		.4byte	.LFB41
 1352 0194 02000000 		.4byte	.LCFI20
 1353 0198 0200     		.2byte	0x2
 1354 019a 7D       		.byte	0x7d
 1355 019b 00       		.sleb128 0
 1356 019c 02000000 		.4byte	.LCFI20
 1357 01a0 04000000 		.4byte	.LCFI21
 1358 01a4 0200     		.2byte	0x2
 1359 01a6 7D       		.byte	0x7d
 1360 01a7 08       		.sleb128 8
ARM GAS  C:\Users\SNFU\AppData\Local\Temp\cctD3yrf.s 			page 31


 1361 01a8 04000000 		.4byte	.LCFI21
 1362 01ac 14000000 		.4byte	.LFE41
 1363 01b0 0200     		.2byte	0x2
 1364 01b2 77       		.byte	0x77
 1365 01b3 08       		.sleb128 8
 1366 01b4 00000000 		.4byte	0
 1367 01b8 00000000 		.4byte	0
 1368              	.LLST9:
 1369 01bc 00000000 		.4byte	.LFB42
 1370 01c0 02000000 		.4byte	.LCFI22
 1371 01c4 0200     		.2byte	0x2
 1372 01c6 7D       		.byte	0x7d
 1373 01c7 00       		.sleb128 0
 1374 01c8 02000000 		.4byte	.LCFI22
 1375 01cc 04000000 		.4byte	.LCFI23
 1376 01d0 0200     		.2byte	0x2
 1377 01d2 7D       		.byte	0x7d
 1378 01d3 08       		.sleb128 8
 1379 01d4 04000000 		.4byte	.LCFI23
 1380 01d8 1C000000 		.4byte	.LFE42
 1381 01dc 0200     		.2byte	0x2
 1382 01de 77       		.byte	0x77
 1383 01df 08       		.sleb128 8
 1384 01e0 00000000 		.4byte	0
 1385 01e4 00000000 		.4byte	0
 1386              	.LLST10:
 1387 01e8 00000000 		.4byte	.LFB43
 1388 01ec 02000000 		.4byte	.LCFI24
 1389 01f0 0200     		.2byte	0x2
 1390 01f2 7D       		.byte	0x7d
 1391 01f3 00       		.sleb128 0
 1392 01f4 02000000 		.4byte	.LCFI24
 1393 01f8 04000000 		.4byte	.LCFI25
 1394 01fc 0200     		.2byte	0x2
 1395 01fe 7D       		.byte	0x7d
 1396 01ff 08       		.sleb128 8
 1397 0200 04000000 		.4byte	.LCFI25
 1398 0204 14000000 		.4byte	.LFE43
 1399 0208 0200     		.2byte	0x2
 1400 020a 77       		.byte	0x77
 1401 020b 08       		.sleb128 8
 1402 020c 00000000 		.4byte	0
 1403 0210 00000000 		.4byte	0
 1404              	.LLST11:
 1405 0214 00000000 		.4byte	.LFB44
 1406 0218 02000000 		.4byte	.LCFI26
 1407 021c 0200     		.2byte	0x2
 1408 021e 7D       		.byte	0x7d
 1409 021f 00       		.sleb128 0
 1410 0220 02000000 		.4byte	.LCFI26
 1411 0224 04000000 		.4byte	.LCFI27
 1412 0228 0200     		.2byte	0x2
 1413 022a 7D       		.byte	0x7d
 1414 022b 08       		.sleb128 8
 1415 022c 04000000 		.4byte	.LCFI27
 1416 0230 14000000 		.4byte	.LFE44
 1417 0234 0200     		.2byte	0x2
ARM GAS  C:\Users\SNFU\AppData\Local\Temp\cctD3yrf.s 			page 32


 1418 0236 77       		.byte	0x77
 1419 0237 08       		.sleb128 8
 1420 0238 00000000 		.4byte	0
 1421 023c 00000000 		.4byte	0
 1422              	.LLST12:
 1423 0240 00000000 		.4byte	.LFB45
 1424 0244 02000000 		.4byte	.LCFI28
 1425 0248 0200     		.2byte	0x2
 1426 024a 7D       		.byte	0x7d
 1427 024b 00       		.sleb128 0
 1428 024c 02000000 		.4byte	.LCFI28
 1429 0250 04000000 		.4byte	.LCFI29
 1430 0254 0200     		.2byte	0x2
 1431 0256 7D       		.byte	0x7d
 1432 0257 08       		.sleb128 8
 1433 0258 04000000 		.4byte	.LCFI29
 1434 025c 14000000 		.4byte	.LFE45
 1435 0260 0200     		.2byte	0x2
 1436 0262 77       		.byte	0x77
 1437 0263 08       		.sleb128 8
 1438 0264 00000000 		.4byte	0
 1439 0268 00000000 		.4byte	0
 1440              		.section	.debug_aranges,"",%progbits
 1441 0000 7C000000 		.4byte	0x7c
 1442 0004 0200     		.2byte	0x2
 1443 0006 00000000 		.4byte	.Ldebug_info0
 1444 000a 04       		.byte	0x4
 1445 000b 00       		.byte	0
 1446 000c 0000     		.2byte	0
 1447 000e 0000     		.2byte	0
 1448 0010 00000000 		.4byte	.LFB33
 1449 0014 24000000 		.4byte	.LFE33-.LFB33
 1450 0018 00000000 		.4byte	.LFB34
 1451 001c 24000000 		.4byte	.LFE34-.LFB34
 1452 0020 00000000 		.4byte	.LFB35
 1453 0024 18000000 		.4byte	.LFE35-.LFB35
 1454 0028 00000000 		.4byte	.LFB36
 1455 002c 24000000 		.4byte	.LFE36-.LFB36
 1456 0030 00000000 		.4byte	.LFB37
 1457 0034 18000000 		.4byte	.LFE37-.LFB37
 1458 0038 00000000 		.4byte	.LFB38
 1459 003c 14000000 		.4byte	.LFE38-.LFB38
 1460 0040 00000000 		.4byte	.LFB39
 1461 0044 50000000 		.4byte	.LFE39-.LFB39
 1462 0048 00000000 		.4byte	.LFB40
 1463 004c 2C000000 		.4byte	.LFE40-.LFB40
 1464 0050 00000000 		.4byte	.LFB41
 1465 0054 14000000 		.4byte	.LFE41-.LFB41
 1466 0058 00000000 		.4byte	.LFB42
 1467 005c 1C000000 		.4byte	.LFE42-.LFB42
 1468 0060 00000000 		.4byte	.LFB43
 1469 0064 14000000 		.4byte	.LFE43-.LFB43
 1470 0068 00000000 		.4byte	.LFB44
 1471 006c 14000000 		.4byte	.LFE44-.LFB44
 1472 0070 00000000 		.4byte	.LFB45
 1473 0074 14000000 		.4byte	.LFE45-.LFB45
 1474 0078 00000000 		.4byte	0
ARM GAS  C:\Users\SNFU\AppData\Local\Temp\cctD3yrf.s 			page 33


 1475 007c 00000000 		.4byte	0
 1476              		.section	.debug_ranges,"",%progbits
 1477              	.Ldebug_ranges0:
 1478 0000 00000000 		.4byte	.LFB33
 1479 0004 24000000 		.4byte	.LFE33
 1480 0008 00000000 		.4byte	.LFB34
 1481 000c 24000000 		.4byte	.LFE34
 1482 0010 00000000 		.4byte	.LFB35
 1483 0014 18000000 		.4byte	.LFE35
 1484 0018 00000000 		.4byte	.LFB36
 1485 001c 24000000 		.4byte	.LFE36
 1486 0020 00000000 		.4byte	.LFB37
 1487 0024 18000000 		.4byte	.LFE37
 1488 0028 00000000 		.4byte	.LFB38
 1489 002c 14000000 		.4byte	.LFE38
 1490 0030 00000000 		.4byte	.LFB39
 1491 0034 50000000 		.4byte	.LFE39
 1492 0038 00000000 		.4byte	.LFB40
 1493 003c 2C000000 		.4byte	.LFE40
 1494 0040 00000000 		.4byte	.LFB41
 1495 0044 14000000 		.4byte	.LFE41
 1496 0048 00000000 		.4byte	.LFB42
 1497 004c 1C000000 		.4byte	.LFE42
 1498 0050 00000000 		.4byte	.LFB43
 1499 0054 14000000 		.4byte	.LFE43
 1500 0058 00000000 		.4byte	.LFB44
 1501 005c 14000000 		.4byte	.LFE44
 1502 0060 00000000 		.4byte	.LFB45
 1503 0064 14000000 		.4byte	.LFE45
 1504 0068 00000000 		.4byte	0
 1505 006c 00000000 		.4byte	0
 1506              		.section	.debug_line,"",%progbits
 1507              	.Ldebug_line0:
 1508 0000 46010000 		.section	.debug_str,"MS",%progbits,1
 1508      02004600 
 1508      00000201 
 1508      FB0E0D00 
 1508      01010101 
 1509              	.LASF14:
 1510 0000 72656733 		.ascii	"reg32\000"
 1510      3200
 1511              	.LASF27:
 1512 0006 426F6F74 		.ascii	"BootISR_Enable\000"
 1512      4953525F 
 1512      456E6162 
 1512      6C6500
 1513              	.LASF37:
 1514 0015 43795261 		.ascii	"CyRamVectors\000"
 1514      6D566563 
 1514      746F7273 
 1514      00
 1515              	.LASF3:
 1516 0022 73686F72 		.ascii	"short unsigned int\000"
 1516      7420756E 
 1516      7369676E 
 1516      65642069 
 1516      6E7400
ARM GAS  C:\Users\SNFU\AppData\Local\Temp\cctD3yrf.s 			page 34


 1517              	.LASF21:
 1518 0035 426F6F74 		.ascii	"BootISR_SetVector\000"
 1518      4953525F 
 1518      53657456 
 1518      6563746F 
 1518      7200
 1519              	.LASF20:
 1520 0047 426F6F74 		.ascii	"BootISR_StartEx\000"
 1520      4953525F 
 1520      53746172 
 1520      74457800 
 1521              	.LASF11:
 1522 0057 666C6F61 		.ascii	"float\000"
 1522      7400
 1523              	.LASF1:
 1524 005d 756E7369 		.ascii	"unsigned char\000"
 1524      676E6564 
 1524      20636861 
 1524      7200
 1525              	.LASF25:
 1526 006b 696E7465 		.ascii	"interruptState\000"
 1526      72727570 
 1526      74537461 
 1526      746500
 1527              	.LASF5:
 1528 007a 6C6F6E67 		.ascii	"long unsigned int\000"
 1528      20756E73 
 1528      69676E65 
 1528      6420696E 
 1528      7400
 1529              	.LASF31:
 1530 008c 426F6F74 		.ascii	"BootISR_SetPending\000"
 1530      4953525F 
 1530      53657450 
 1530      656E6469 
 1530      6E6700
 1531              	.LASF9:
 1532 009f 75696E74 		.ascii	"uint8\000"
 1532      3800
 1533              	.LASF32:
 1534 00a5 426F6F74 		.ascii	"BootISR_ClearPending\000"
 1534      4953525F 
 1534      436C6561 
 1534      7250656E 
 1534      64696E67 
 1535              	.LASF30:
 1536 00ba 426F6F74 		.ascii	"BootISR_Disable\000"
 1536      4953525F 
 1536      44697361 
 1536      626C6500 
 1537              	.LASF24:
 1538 00ca 7072696F 		.ascii	"priority\000"
 1538      72697479 
 1538      00
 1539              	.LASF12:
 1540 00d3 646F7562 		.ascii	"double\000"
 1540      6C6500
ARM GAS  C:\Users\SNFU\AppData\Local\Temp\cctD3yrf.s 			page 35


 1541              	.LASF28:
 1542 00da 426F6F74 		.ascii	"BootISR_GetVector\000"
 1542      4953525F 
 1542      47657456 
 1542      6563746F 
 1542      7200
 1543              	.LASF34:
 1544 00ec 2E5C4765 		.ascii	".\\Generated_Source\\PSoC4\\BootISR.c\000"
 1544      6E657261 
 1544      7465645F 
 1544      536F7572 
 1544      63655C50 
 1545              	.LASF10:
 1546 010f 75696E74 		.ascii	"uint32\000"
 1546      333200
 1547              	.LASF19:
 1548 0116 426F6F74 		.ascii	"BootISR_Interrupt\000"
 1548      4953525F 
 1548      496E7465 
 1548      72727570 
 1548      7400
 1549              	.LASF8:
 1550 0128 756E7369 		.ascii	"unsigned int\000"
 1550      676E6564 
 1550      20696E74 
 1550      00
 1551              	.LASF22:
 1552 0135 61646472 		.ascii	"address\000"
 1552      65737300 
 1553              	.LASF7:
 1554 013d 6C6F6E67 		.ascii	"long long unsigned int\000"
 1554      206C6F6E 
 1554      6720756E 
 1554      7369676E 
 1554      65642069 
 1555              	.LASF17:
 1556 0154 426F6F74 		.ascii	"BootISR_Start\000"
 1556      4953525F 
 1556      53746172 
 1556      7400
 1557              	.LASF15:
 1558 0162 63796973 		.ascii	"cyisraddress\000"
 1558      72616464 
 1558      72657373 
 1558      00
 1559              	.LASF23:
 1560 016f 426F6F74 		.ascii	"BootISR_SetPriority\000"
 1560      4953525F 
 1560      53657450 
 1560      72696F72 
 1560      69747900 
 1561              	.LASF16:
 1562 0183 73697A65 		.ascii	"sizetype\000"
 1562      74797065 
 1562      00
 1563              	.LASF18:
 1564 018c 426F6F74 		.ascii	"BootISR_Stop\000"
ARM GAS  C:\Users\SNFU\AppData\Local\Temp\cctD3yrf.s 			page 36


 1564      4953525F 
 1564      53746F70 
 1564      00
 1565              	.LASF36:
 1566 0199 426F6F74 		.ascii	"BootISR_GetPriority\000"
 1566      4953525F 
 1566      47657450 
 1566      72696F72 
 1566      69747900 
 1567              	.LASF6:
 1568 01ad 6C6F6E67 		.ascii	"long long int\000"
 1568      206C6F6E 
 1568      6720696E 
 1568      7400
 1569              	.LASF13:
 1570 01bb 63686172 		.ascii	"char\000"
 1570      00
 1571              	.LASF2:
 1572 01c0 73686F72 		.ascii	"short int\000"
 1572      7420696E 
 1572      7400
 1573              	.LASF35:
 1574 01ca 433A5C55 		.ascii	"C:\\Users\\SNFU\\Documents\\T-50_Project\\Software\\"
 1574      73657273 
 1574      5C534E46 
 1574      555C446F 
 1574      63756D65 
 1575 01f8 542D3530 		.ascii	"T-50_Project\\T-50_Project.cydsn\000"
 1575      5F50726F 
 1575      6A656374 
 1575      5C542D35 
 1575      305F5072 
 1576              	.LASF26:
 1577 0218 7072696F 		.ascii	"priorityOffset\000"
 1577      72697479 
 1577      4F666673 
 1577      657400
 1578              	.LASF4:
 1579 0227 6C6F6E67 		.ascii	"long int\000"
 1579      20696E74 
 1579      00
 1580              	.LASF0:
 1581 0230 7369676E 		.ascii	"signed char\000"
 1581      65642063 
 1581      68617200 
 1582              	.LASF33:
 1583 023c 474E5520 		.ascii	"GNU C 4.7.3 20130312 (release) [ARM/embedded-4_7-br"
 1583      4320342E 
 1583      372E3320 
 1583      32303133 
 1583      30333132 
 1584 026f 616E6368 		.ascii	"anch revision 196615]\000"
 1584      20726576 
 1584      6973696F 
 1584      6E203139 
 1584      36363135 
 1585              	.LASF29:
ARM GAS  C:\Users\SNFU\AppData\Local\Temp\cctD3yrf.s 			page 37


 1586 0285 426F6F74 		.ascii	"BootISR_GetState\000"
 1586      4953525F 
 1586      47657453 
 1586      74617465 
 1586      00
 1587              		.ident	"GCC: (GNU Tools for ARM Embedded Processors) 4.7.3 20130312 (release) [ARM/embedded-4_7-br
