ARM GAS  C:\Users\SNFU\AppData\Local\Temp\ccVpBU2i.s 			page 1


   1              		.cpu cortex-m0
   2              		.fpu softvfp
   3              		.eabi_attribute 20, 1
   4              		.eabi_attribute 21, 1
   5              		.eabi_attribute 23, 3
   6              		.eabi_attribute 24, 1
   7              		.eabi_attribute 25, 1
   8              		.eabi_attribute 26, 1
   9              		.eabi_attribute 30, 4
  10              		.eabi_attribute 34, 0
  11              		.eabi_attribute 18, 4
  12              		.code	16
  13              		.file	"Bootloadable_1.c"
  14              		.text
  15              	.Ltext0:
  16              		.cfi_sections	.debug_frame
  17              		.section	.text.Bootloadable_1_Load,"ax",%progbits
  18              		.align	1
  19              		.global	Bootloadable_1_Load
  20              		.code	16
  21              		.thumb_func
  22              		.type	Bootloadable_1_Load, %function
  23              	Bootloadable_1_Load:
  24              	.LFB0:
  25              		.file 1 ".\\Generated_Source\\PSoC4\\Bootloadable_1.c"
   1:.\Generated_Source\PSoC4/Bootloadable_1.c **** /*******************************************************************************
   2:.\Generated_Source\PSoC4/Bootloadable_1.c **** * File Name: Bootloadable_1.c
   3:.\Generated_Source\PSoC4/Bootloadable_1.c **** * Version 1.20
   4:.\Generated_Source\PSoC4/Bootloadable_1.c **** *
   5:.\Generated_Source\PSoC4/Bootloadable_1.c **** *  Description:
   6:.\Generated_Source\PSoC4/Bootloadable_1.c **** *   Provides an API for the Bootloadable application. The API includes a
   7:.\Generated_Source\PSoC4/Bootloadable_1.c **** *   single function for starting bootloader.
   8:.\Generated_Source\PSoC4/Bootloadable_1.c **** *
   9:.\Generated_Source\PSoC4/Bootloadable_1.c **** ********************************************************************************
  10:.\Generated_Source\PSoC4/Bootloadable_1.c **** * Copyright 2008-2013, Cypress Semiconductor Corporation.  All rights reserved.
  11:.\Generated_Source\PSoC4/Bootloadable_1.c **** * You may use this file only in accordance with the license, terms, conditions,
  12:.\Generated_Source\PSoC4/Bootloadable_1.c **** * disclaimers, and limitations in the end user license agreement accompanying
  13:.\Generated_Source\PSoC4/Bootloadable_1.c **** * the software package with which this file was provided.
  14:.\Generated_Source\PSoC4/Bootloadable_1.c **** *******************************************************************************/
  15:.\Generated_Source\PSoC4/Bootloadable_1.c **** 
  16:.\Generated_Source\PSoC4/Bootloadable_1.c **** #include "Bootloadable_1.h"
  17:.\Generated_Source\PSoC4/Bootloadable_1.c **** 
  18:.\Generated_Source\PSoC4/Bootloadable_1.c **** 
  19:.\Generated_Source\PSoC4/Bootloadable_1.c **** /*******************************************************************************
  20:.\Generated_Source\PSoC4/Bootloadable_1.c **** * Function Name: Bootloadable_1_Load
  21:.\Generated_Source\PSoC4/Bootloadable_1.c **** ********************************************************************************
  22:.\Generated_Source\PSoC4/Bootloadable_1.c **** * Summary:
  23:.\Generated_Source\PSoC4/Bootloadable_1.c **** *  Begins the bootloading algorithm, downloading a new ACD image from the host.
  24:.\Generated_Source\PSoC4/Bootloadable_1.c **** *
  25:.\Generated_Source\PSoC4/Bootloadable_1.c **** * Parameters:
  26:.\Generated_Source\PSoC4/Bootloadable_1.c **** *  None
  27:.\Generated_Source\PSoC4/Bootloadable_1.c **** *
  28:.\Generated_Source\PSoC4/Bootloadable_1.c **** * Returns:
  29:.\Generated_Source\PSoC4/Bootloadable_1.c **** *  This method will never return. It will load a new application and reset
  30:.\Generated_Source\PSoC4/Bootloadable_1.c **** *  the device.
  31:.\Generated_Source\PSoC4/Bootloadable_1.c **** *
  32:.\Generated_Source\PSoC4/Bootloadable_1.c **** *******************************************************************************/
ARM GAS  C:\Users\SNFU\AppData\Local\Temp\ccVpBU2i.s 			page 2


  33:.\Generated_Source\PSoC4/Bootloadable_1.c **** void Bootloadable_1_Load(void) 
  34:.\Generated_Source\PSoC4/Bootloadable_1.c **** {
  26              		.loc 1 34 0
  27              		.cfi_startproc
  28 0000 08B5     		push	{r3, lr}
  29              	.LCFI0:
  30              		.cfi_def_cfa_offset 8
  31              		.cfi_offset 3, -8
  32              		.cfi_offset 14, -4
  35:.\Generated_Source\PSoC4/Bootloadable_1.c ****     /* Schedule Bootloader to start after reset */
  36:.\Generated_Source\PSoC4/Bootloadable_1.c ****     Bootloadable_1_SET_RUN_TYPE(Bootloadable_1_START_BTLDR);
  33              		.loc 1 36 0
  34 0002 034B     		ldr	r3, .L2
  35 0004 4022     		mov	r2, #64
  36 0006 1A60     		str	r2, [r3]
  37:.\Generated_Source\PSoC4/Bootloadable_1.c **** 
  38:.\Generated_Source\PSoC4/Bootloadable_1.c ****     CySoftwareReset();
  39:.\Generated_Source\PSoC4/Bootloadable_1.c **** }
  37              		.loc 1 39 0
  38              		@ sp needed for prologue
  38:.\Generated_Source\PSoC4/Bootloadable_1.c ****     CySoftwareReset();
  39              		.loc 1 38 0
  40 0008 FFF7FEFF 		bl	CySoftwareReset
  41              	.LVL0:
  42              		.loc 1 39 0
  43 000c 08BD     		pop	{r3, pc}
  44              	.L3:
  45 000e C046     		.align	2
  46              	.L2:
  47 0010 00000000 		.word	cyBtldrRunType
  48              		.cfi_endproc
  49              	.LFE0:
  50              		.size	Bootloadable_1_Load, .-Bootloadable_1_Load
  51              		.section	.text.Bootloadable_1_SetFlashByte,"ax",%progbits
  52              		.align	1
  53              		.global	Bootloadable_1_SetFlashByte
  54              		.code	16
  55              		.thumb_func
  56              		.type	Bootloadable_1_SetFlashByte, %function
  57              	Bootloadable_1_SetFlashByte:
  58              	.LFB1:
  40:.\Generated_Source\PSoC4/Bootloadable_1.c **** 
  41:.\Generated_Source\PSoC4/Bootloadable_1.c **** 
  42:.\Generated_Source\PSoC4/Bootloadable_1.c **** /*******************************************************************************
  43:.\Generated_Source\PSoC4/Bootloadable_1.c **** * Function Name: Bootloadable_1_SetFlashByte
  44:.\Generated_Source\PSoC4/Bootloadable_1.c **** ********************************************************************************
  45:.\Generated_Source\PSoC4/Bootloadable_1.c **** * Summary:
  46:.\Generated_Source\PSoC4/Bootloadable_1.c **** *  Sets byte at specified address in Flash.
  47:.\Generated_Source\PSoC4/Bootloadable_1.c **** *
  48:.\Generated_Source\PSoC4/Bootloadable_1.c **** * Parameters:
  49:.\Generated_Source\PSoC4/Bootloadable_1.c **** *  None
  50:.\Generated_Source\PSoC4/Bootloadable_1.c **** *
  51:.\Generated_Source\PSoC4/Bootloadable_1.c **** * Returns:
  52:.\Generated_Source\PSoC4/Bootloadable_1.c **** *  None
  53:.\Generated_Source\PSoC4/Bootloadable_1.c **** *
  54:.\Generated_Source\PSoC4/Bootloadable_1.c **** *******************************************************************************/
  55:.\Generated_Source\PSoC4/Bootloadable_1.c **** void Bootloadable_1_SetFlashByte(uint32 address, uint8 runType) 
ARM GAS  C:\Users\SNFU\AppData\Local\Temp\ccVpBU2i.s 			page 3


  56:.\Generated_Source\PSoC4/Bootloadable_1.c **** {
  59              		.loc 1 56 0
  60              		.cfi_startproc
  61              	.LVL1:
  62 0000 70B5     		push	{r4, r5, r6, lr}
  63              	.LCFI1:
  64              		.cfi_def_cfa_offset 16
  65              		.cfi_offset 4, -16
  66              		.cfi_offset 5, -12
  67              		.cfi_offset 6, -8
  68              		.cfi_offset 14, -4
  69 0002 021C     		mov	r2, r0
  57:.\Generated_Source\PSoC4/Bootloadable_1.c ****     uint32 flsAddr = address - CYDEV_FLASH_BASE;
  58:.\Generated_Source\PSoC4/Bootloadable_1.c ****     uint8 rowData[CYDEV_FLS_ROW_SIZE];
  59:.\Generated_Source\PSoC4/Bootloadable_1.c **** 
  60:.\Generated_Source\PSoC4/Bootloadable_1.c ****     #if !(CY_PSOC4)
  61:.\Generated_Source\PSoC4/Bootloadable_1.c ****         uint8 arrayId = (uint8)(flsAddr / CYDEV_FLS_SECTOR_SIZE);
  62:.\Generated_Source\PSoC4/Bootloadable_1.c ****     #endif  /* !(CY_PSOC4) */
  63:.\Generated_Source\PSoC4/Bootloadable_1.c **** 
  64:.\Generated_Source\PSoC4/Bootloadable_1.c ****     uint16 rowNum = (uint16)((flsAddr % CYDEV_FLS_SECTOR_SIZE) / CYDEV_FLS_ROW_SIZE);
  65:.\Generated_Source\PSoC4/Bootloadable_1.c ****     uint32 baseAddr = address - (address % CYDEV_FLS_ROW_SIZE);
  70              		.loc 1 65 0
  71 0004 7F23     		mov	r3, #127
  64:.\Generated_Source\PSoC4/Bootloadable_1.c ****     uint16 rowNum = (uint16)((flsAddr % CYDEV_FLS_SECTOR_SIZE) / CYDEV_FLS_ROW_SIZE);
  72              		.loc 1 64 0
  73 0006 4004     		lsl	r0, r0, #17
  74              	.LVL2:
  75              		.loc 1 65 0
  76 0008 151C     		mov	r5, r2
  77 000a 9D43     		bic	r5, r3
  56:.\Generated_Source\PSoC4/Bootloadable_1.c **** {
  78              		.loc 1 56 0
  79 000c A0B0     		sub	sp, sp, #128
  80              	.LCFI2:
  81              		.cfi_def_cfa_offset 144
  64:.\Generated_Source\PSoC4/Bootloadable_1.c ****     uint16 rowNum = (uint16)((flsAddr % CYDEV_FLS_SECTOR_SIZE) / CYDEV_FLS_ROW_SIZE);
  82              		.loc 1 64 0
  83 000e 000E     		lsr	r0, r0, #24
  84              	.LVL3:
  85              		.loc 1 65 0
  86 0010 0023     		mov	r3, #0
  87              	.LVL4:
  88              	.L5:
  66:.\Generated_Source\PSoC4/Bootloadable_1.c ****     uint16 idx;
  67:.\Generated_Source\PSoC4/Bootloadable_1.c **** 
  68:.\Generated_Source\PSoC4/Bootloadable_1.c **** 
  69:.\Generated_Source\PSoC4/Bootloadable_1.c ****     for (idx = 0u; idx < CYDEV_FLS_ROW_SIZE; idx++)
  70:.\Generated_Source\PSoC4/Bootloadable_1.c ****     {
  71:.\Generated_Source\PSoC4/Bootloadable_1.c ****         rowData[idx] = Bootloadable_1_GET_CODE_DATA(baseAddr + idx);
  89              		.loc 1 71 0 discriminator 2
  90 0012 5C5D     		ldrb	r4, [r3, r5]
  91 0014 6E46     		mov	r6, sp
  92 0016 9C55     		strb	r4, [r3, r6]
  93 0018 0133     		add	r3, r3, #1
  69:.\Generated_Source\PSoC4/Bootloadable_1.c ****     for (idx = 0u; idx < CYDEV_FLS_ROW_SIZE; idx++)
  94              		.loc 1 69 0 discriminator 2
  95 001a 802B     		cmp	r3, #128
ARM GAS  C:\Users\SNFU\AppData\Local\Temp\ccVpBU2i.s 			page 4


  96 001c F9D1     		bne	.L5
  72:.\Generated_Source\PSoC4/Bootloadable_1.c ****     }
  73:.\Generated_Source\PSoC4/Bootloadable_1.c ****     rowData[address % CYDEV_FLS_ROW_SIZE] = runType;
  97              		.loc 1 73 0
  98 001e 7F25     		mov	r5, #127
  99              	.LVL5:
 100 0020 2A40     		and	r2, r5
 101              	.LVL6:
 102 0022 B154     		strb	r1, [r6, r2]
  74:.\Generated_Source\PSoC4/Bootloadable_1.c **** 
  75:.\Generated_Source\PSoC4/Bootloadable_1.c **** 
  76:.\Generated_Source\PSoC4/Bootloadable_1.c ****     #if(CY_PSOC4)
  77:.\Generated_Source\PSoC4/Bootloadable_1.c ****         (void) CySysFlashWriteRow((uint32)rowNum, rowData);
 103              		.loc 1 77 0
 104 0024 6946     		mov	r1, sp
 105              	.LVL7:
 106 0026 FFF7FEFF 		bl	CySysFlashWriteRow
 107              	.LVL8:
  78:.\Generated_Source\PSoC4/Bootloadable_1.c ****     #else
  79:.\Generated_Source\PSoC4/Bootloadable_1.c ****         (void) CyWriteRowData(arrayId, rowNum, rowData);
  80:.\Generated_Source\PSoC4/Bootloadable_1.c ****     #endif  /* (CY_PSOC4) */
  81:.\Generated_Source\PSoC4/Bootloadable_1.c **** }
 108              		.loc 1 81 0
 109 002a 20B0     		add	sp, sp, #128
 110              		@ sp needed for prologue
 111              	.LVL9:
 112 002c 70BD     		pop	{r4, r5, r6, pc}
 113              		.cfi_endproc
 114              	.LFE1:
 115              		.size	Bootloadable_1_SetFlashByte, .-Bootloadable_1_SetFlashByte
 116              		.text
 117              	.Letext0:
 118              		.file 2 ".\\Generated_Source\\PSoC4\\cytypes.h"
 119              		.file 3 ".\\Generated_Source\\PSoC4\\Bootloadable_1.h"
 120              		.file 4 ".\\Generated_Source\\PSoC4\\CyLib.h"
 121              		.file 5 ".\\Generated_Source\\PSoC4\\CyFlash.h"
 122              		.section	.debug_info,"",%progbits
 123              	.Ldebug_info0:
 124 0000 C0010000 		.4byte	0x1c0
 125 0004 0200     		.2byte	0x2
 126 0006 00000000 		.4byte	.Ldebug_abbrev0
 127 000a 04       		.byte	0x4
 128 000b 01       		.uleb128 0x1
 129 000c 82010000 		.4byte	.LASF25
 130 0010 01       		.byte	0x1
 131 0011 A9000000 		.4byte	.LASF26
 132 0015 23000000 		.4byte	.LASF27
 133 0019 00000000 		.4byte	.Ldebug_ranges0+0
 134 001d 00000000 		.4byte	0
 135 0021 00000000 		.4byte	0
 136 0025 00000000 		.4byte	.Ldebug_line0
 137 0029 02       		.uleb128 0x2
 138 002a 01       		.byte	0x1
 139 002b 06       		.byte	0x6
 140 002c E4010000 		.4byte	.LASF0
 141 0030 02       		.uleb128 0x2
 142 0031 01       		.byte	0x1
ARM GAS  C:\Users\SNFU\AppData\Local\Temp\ccVpBU2i.s 			page 5


 143 0032 08       		.byte	0x8
 144 0033 7B000000 		.4byte	.LASF1
 145 0037 02       		.uleb128 0x2
 146 0038 02       		.byte	0x2
 147 0039 05       		.byte	0x5
 148 003a 78010000 		.4byte	.LASF2
 149 003e 02       		.uleb128 0x2
 150 003f 02       		.byte	0x2
 151 0040 07       		.byte	0x7
 152 0041 10000000 		.4byte	.LASF3
 153 0045 02       		.uleb128 0x2
 154 0046 04       		.byte	0x4
 155 0047 05       		.byte	0x5
 156 0048 DB010000 		.4byte	.LASF4
 157 004c 02       		.uleb128 0x2
 158 004d 04       		.byte	0x4
 159 004e 07       		.byte	0x7
 160 004f 91000000 		.4byte	.LASF5
 161 0053 02       		.uleb128 0x2
 162 0054 08       		.byte	0x8
 163 0055 05       		.byte	0x5
 164 0056 65010000 		.4byte	.LASF6
 165 005a 02       		.uleb128 0x2
 166 005b 08       		.byte	0x8
 167 005c 07       		.byte	0x7
 168 005d 34010000 		.4byte	.LASF7
 169 0061 03       		.uleb128 0x3
 170 0062 04       		.byte	0x4
 171 0063 05       		.byte	0x5
 172 0064 696E7400 		.ascii	"int\000"
 173 0068 02       		.uleb128 0x2
 174 0069 04       		.byte	0x4
 175 006a 07       		.byte	0x7
 176 006b 03010000 		.4byte	.LASF8
 177 006f 04       		.uleb128 0x4
 178 0070 A3000000 		.4byte	.LASF9
 179 0074 02       		.byte	0x2
 180 0075 5B       		.byte	0x5b
 181 0076 30000000 		.4byte	0x30
 182 007a 04       		.uleb128 0x4
 183 007b F5000000 		.4byte	.LASF10
 184 007f 02       		.byte	0x2
 185 0080 5C       		.byte	0x5c
 186 0081 3E000000 		.4byte	0x3e
 187 0085 04       		.uleb128 0x4
 188 0086 FC000000 		.4byte	.LASF11
 189 008a 02       		.byte	0x2
 190 008b 5D       		.byte	0x5d
 191 008c 4C000000 		.4byte	0x4c
 192 0090 02       		.uleb128 0x2
 193 0091 04       		.byte	0x4
 194 0092 04       		.byte	0x4
 195 0093 75000000 		.4byte	.LASF12
 196 0097 02       		.uleb128 0x2
 197 0098 08       		.byte	0x8
 198 0099 04       		.byte	0x4
 199 009a D3000000 		.4byte	.LASF13
ARM GAS  C:\Users\SNFU\AppData\Local\Temp\ccVpBU2i.s 			page 6


 200 009e 02       		.uleb128 0x2
 201 009f 01       		.byte	0x1
 202 00a0 08       		.byte	0x8
 203 00a1 73010000 		.4byte	.LASF14
 204 00a5 04       		.uleb128 0x4
 205 00a6 00000000 		.4byte	.LASF15
 206 00aa 02       		.byte	0x2
 207 00ab E8       		.byte	0xe8
 208 00ac 4C000000 		.4byte	0x4c
 209 00b0 05       		.uleb128 0x5
 210 00b1 85000000 		.4byte	0x85
 211 00b5 02       		.uleb128 0x2
 212 00b6 04       		.byte	0x4
 213 00b7 07       		.byte	0x7
 214 00b8 5C010000 		.4byte	.LASF16
 215 00bc 06       		.uleb128 0x6
 216 00bd 01       		.byte	0x1
 217 00be FF010000 		.4byte	.LASF17
 218 00c2 01       		.byte	0x1
 219 00c3 21       		.byte	0x21
 220 00c4 01       		.byte	0x1
 221 00c5 00000000 		.4byte	.LFB0
 222 00c9 14000000 		.4byte	.LFE0
 223 00cd 00000000 		.4byte	.LLST0
 224 00d1 01       		.byte	0x1
 225 00d2 E0000000 		.4byte	0xe0
 226 00d6 07       		.uleb128 0x7
 227 00d7 0C000000 		.4byte	.LVL0
 228 00db 91010000 		.4byte	0x191
 229 00df 00       		.byte	0
 230 00e0 06       		.uleb128 0x6
 231 00e1 01       		.byte	0x1
 232 00e2 10010000 		.4byte	.LASF18
 233 00e6 01       		.byte	0x1
 234 00e7 37       		.byte	0x37
 235 00e8 01       		.byte	0x1
 236 00e9 00000000 		.4byte	.LFB1
 237 00ed 2E000000 		.4byte	.LFE1
 238 00f1 20000000 		.4byte	.LLST1
 239 00f5 01       		.byte	0x1
 240 00f6 74010000 		.4byte	0x174
 241 00fa 08       		.uleb128 0x8
 242 00fb 2C010000 		.4byte	.LASF19
 243 00ff 01       		.byte	0x1
 244 0100 37       		.byte	0x37
 245 0101 85000000 		.4byte	0x85
 246 0105 4D000000 		.4byte	.LLST2
 247 0109 08       		.uleb128 0x8
 248 010a 4B010000 		.4byte	.LASF20
 249 010e 01       		.byte	0x1
 250 010f 37       		.byte	0x37
 251 0110 6F000000 		.4byte	0x6f
 252 0114 79000000 		.4byte	.LLST3
 253 0118 09       		.uleb128 0x9
 254 0119 ED000000 		.4byte	.LASF21
 255 011d 01       		.byte	0x1
 256 011e 39       		.byte	0x39
ARM GAS  C:\Users\SNFU\AppData\Local\Temp\ccVpBU2i.s 			page 7


 257 011f 85000000 		.4byte	0x85
 258 0123 4D000000 		.4byte	.LLST2
 259 0127 0A       		.uleb128 0xa
 260 0128 89000000 		.4byte	.LASF22
 261 012c 01       		.byte	0x1
 262 012d 3A       		.byte	0x3a
 263 012e 74010000 		.4byte	0x174
 264 0132 03       		.byte	0x3
 265 0133 91       		.byte	0x91
 266 0134 F07E     		.sleb128 -144
 267 0136 09       		.uleb128 0x9
 268 0137 09000000 		.4byte	.LASF23
 269 013b 01       		.byte	0x1
 270 013c 40       		.byte	0x40
 271 013d 7A000000 		.4byte	0x7a
 272 0141 A9000000 		.4byte	.LLST5
 273 0145 09       		.uleb128 0x9
 274 0146 53010000 		.4byte	.LASF24
 275 014a 01       		.byte	0x1
 276 014b 41       		.byte	0x41
 277 014c 85000000 		.4byte	0x85
 278 0150 CE000000 		.4byte	.LLST6
 279 0154 0B       		.uleb128 0xb
 280 0155 69647800 		.ascii	"idx\000"
 281 0159 01       		.byte	0x1
 282 015a 42       		.byte	0x42
 283 015b 7A000000 		.4byte	0x7a
 284 015f 15010000 		.4byte	.LLST7
 285 0163 0C       		.uleb128 0xc
 286 0164 2A000000 		.4byte	.LVL8
 287 0168 9B010000 		.4byte	0x19b
 288 016c 0D       		.uleb128 0xd
 289 016d 01       		.byte	0x1
 290 016e 51       		.byte	0x51
 291 016f 02       		.byte	0x2
 292 0170 76       		.byte	0x76
 293 0171 00       		.sleb128 0
 294 0172 00       		.byte	0
 295 0173 00       		.byte	0
 296 0174 0E       		.uleb128 0xe
 297 0175 6F000000 		.4byte	0x6f
 298 0179 84010000 		.4byte	0x184
 299 017d 0F       		.uleb128 0xf
 300 017e B5000000 		.4byte	0xb5
 301 0182 7F       		.byte	0x7f
 302 0183 00       		.byte	0
 303 0184 10       		.uleb128 0x10
 304 0185 F0010000 		.4byte	.LASF28
 305 0189 03       		.byte	0x3
 306 018a 37       		.byte	0x37
 307 018b B0000000 		.4byte	0xb0
 308 018f 01       		.byte	0x1
 309 0190 01       		.byte	0x1
 310 0191 11       		.uleb128 0x11
 311 0192 01       		.byte	0x1
 312 0193 CB010000 		.4byte	.LASF29
 313 0197 04       		.byte	0x4
ARM GAS  C:\Users\SNFU\AppData\Local\Temp\ccVpBU2i.s 			page 8


 314 0198 72       		.byte	0x72
 315 0199 01       		.byte	0x1
 316 019a 01       		.byte	0x1
 317 019b 12       		.uleb128 0x12
 318 019c 01       		.byte	0x1
 319 019d DA000000 		.4byte	.LASF30
 320 01a1 05       		.byte	0x5
 321 01a2 1C       		.byte	0x1c
 322 01a3 01       		.byte	0x1
 323 01a4 A5000000 		.4byte	0xa5
 324 01a8 01       		.byte	0x1
 325 01a9 B8010000 		.4byte	0x1b8
 326 01ad 13       		.uleb128 0x13
 327 01ae 85000000 		.4byte	0x85
 328 01b2 13       		.uleb128 0x13
 329 01b3 B8010000 		.4byte	0x1b8
 330 01b7 00       		.byte	0
 331 01b8 14       		.uleb128 0x14
 332 01b9 04       		.byte	0x4
 333 01ba BE010000 		.4byte	0x1be
 334 01be 15       		.uleb128 0x15
 335 01bf 6F000000 		.4byte	0x6f
 336 01c3 00       		.byte	0
 337              		.section	.debug_abbrev,"",%progbits
 338              	.Ldebug_abbrev0:
 339 0000 01       		.uleb128 0x1
 340 0001 11       		.uleb128 0x11
 341 0002 01       		.byte	0x1
 342 0003 25       		.uleb128 0x25
 343 0004 0E       		.uleb128 0xe
 344 0005 13       		.uleb128 0x13
 345 0006 0B       		.uleb128 0xb
 346 0007 03       		.uleb128 0x3
 347 0008 0E       		.uleb128 0xe
 348 0009 1B       		.uleb128 0x1b
 349 000a 0E       		.uleb128 0xe
 350 000b 55       		.uleb128 0x55
 351 000c 06       		.uleb128 0x6
 352 000d 11       		.uleb128 0x11
 353 000e 01       		.uleb128 0x1
 354 000f 52       		.uleb128 0x52
 355 0010 01       		.uleb128 0x1
 356 0011 10       		.uleb128 0x10
 357 0012 06       		.uleb128 0x6
 358 0013 00       		.byte	0
 359 0014 00       		.byte	0
 360 0015 02       		.uleb128 0x2
 361 0016 24       		.uleb128 0x24
 362 0017 00       		.byte	0
 363 0018 0B       		.uleb128 0xb
 364 0019 0B       		.uleb128 0xb
 365 001a 3E       		.uleb128 0x3e
 366 001b 0B       		.uleb128 0xb
 367 001c 03       		.uleb128 0x3
 368 001d 0E       		.uleb128 0xe
 369 001e 00       		.byte	0
 370 001f 00       		.byte	0
ARM GAS  C:\Users\SNFU\AppData\Local\Temp\ccVpBU2i.s 			page 9


 371 0020 03       		.uleb128 0x3
 372 0021 24       		.uleb128 0x24
 373 0022 00       		.byte	0
 374 0023 0B       		.uleb128 0xb
 375 0024 0B       		.uleb128 0xb
 376 0025 3E       		.uleb128 0x3e
 377 0026 0B       		.uleb128 0xb
 378 0027 03       		.uleb128 0x3
 379 0028 08       		.uleb128 0x8
 380 0029 00       		.byte	0
 381 002a 00       		.byte	0
 382 002b 04       		.uleb128 0x4
 383 002c 16       		.uleb128 0x16
 384 002d 00       		.byte	0
 385 002e 03       		.uleb128 0x3
 386 002f 0E       		.uleb128 0xe
 387 0030 3A       		.uleb128 0x3a
 388 0031 0B       		.uleb128 0xb
 389 0032 3B       		.uleb128 0x3b
 390 0033 0B       		.uleb128 0xb
 391 0034 49       		.uleb128 0x49
 392 0035 13       		.uleb128 0x13
 393 0036 00       		.byte	0
 394 0037 00       		.byte	0
 395 0038 05       		.uleb128 0x5
 396 0039 35       		.uleb128 0x35
 397 003a 00       		.byte	0
 398 003b 49       		.uleb128 0x49
 399 003c 13       		.uleb128 0x13
 400 003d 00       		.byte	0
 401 003e 00       		.byte	0
 402 003f 06       		.uleb128 0x6
 403 0040 2E       		.uleb128 0x2e
 404 0041 01       		.byte	0x1
 405 0042 3F       		.uleb128 0x3f
 406 0043 0C       		.uleb128 0xc
 407 0044 03       		.uleb128 0x3
 408 0045 0E       		.uleb128 0xe
 409 0046 3A       		.uleb128 0x3a
 410 0047 0B       		.uleb128 0xb
 411 0048 3B       		.uleb128 0x3b
 412 0049 0B       		.uleb128 0xb
 413 004a 27       		.uleb128 0x27
 414 004b 0C       		.uleb128 0xc
 415 004c 11       		.uleb128 0x11
 416 004d 01       		.uleb128 0x1
 417 004e 12       		.uleb128 0x12
 418 004f 01       		.uleb128 0x1
 419 0050 40       		.uleb128 0x40
 420 0051 06       		.uleb128 0x6
 421 0052 9742     		.uleb128 0x2117
 422 0054 0C       		.uleb128 0xc
 423 0055 01       		.uleb128 0x1
 424 0056 13       		.uleb128 0x13
 425 0057 00       		.byte	0
 426 0058 00       		.byte	0
 427 0059 07       		.uleb128 0x7
ARM GAS  C:\Users\SNFU\AppData\Local\Temp\ccVpBU2i.s 			page 10


 428 005a 898201   		.uleb128 0x4109
 429 005d 00       		.byte	0
 430 005e 11       		.uleb128 0x11
 431 005f 01       		.uleb128 0x1
 432 0060 31       		.uleb128 0x31
 433 0061 13       		.uleb128 0x13
 434 0062 00       		.byte	0
 435 0063 00       		.byte	0
 436 0064 08       		.uleb128 0x8
 437 0065 05       		.uleb128 0x5
 438 0066 00       		.byte	0
 439 0067 03       		.uleb128 0x3
 440 0068 0E       		.uleb128 0xe
 441 0069 3A       		.uleb128 0x3a
 442 006a 0B       		.uleb128 0xb
 443 006b 3B       		.uleb128 0x3b
 444 006c 0B       		.uleb128 0xb
 445 006d 49       		.uleb128 0x49
 446 006e 13       		.uleb128 0x13
 447 006f 02       		.uleb128 0x2
 448 0070 06       		.uleb128 0x6
 449 0071 00       		.byte	0
 450 0072 00       		.byte	0
 451 0073 09       		.uleb128 0x9
 452 0074 34       		.uleb128 0x34
 453 0075 00       		.byte	0
 454 0076 03       		.uleb128 0x3
 455 0077 0E       		.uleb128 0xe
 456 0078 3A       		.uleb128 0x3a
 457 0079 0B       		.uleb128 0xb
 458 007a 3B       		.uleb128 0x3b
 459 007b 0B       		.uleb128 0xb
 460 007c 49       		.uleb128 0x49
 461 007d 13       		.uleb128 0x13
 462 007e 02       		.uleb128 0x2
 463 007f 06       		.uleb128 0x6
 464 0080 00       		.byte	0
 465 0081 00       		.byte	0
 466 0082 0A       		.uleb128 0xa
 467 0083 34       		.uleb128 0x34
 468 0084 00       		.byte	0
 469 0085 03       		.uleb128 0x3
 470 0086 0E       		.uleb128 0xe
 471 0087 3A       		.uleb128 0x3a
 472 0088 0B       		.uleb128 0xb
 473 0089 3B       		.uleb128 0x3b
 474 008a 0B       		.uleb128 0xb
 475 008b 49       		.uleb128 0x49
 476 008c 13       		.uleb128 0x13
 477 008d 02       		.uleb128 0x2
 478 008e 0A       		.uleb128 0xa
 479 008f 00       		.byte	0
 480 0090 00       		.byte	0
 481 0091 0B       		.uleb128 0xb
 482 0092 34       		.uleb128 0x34
 483 0093 00       		.byte	0
 484 0094 03       		.uleb128 0x3
ARM GAS  C:\Users\SNFU\AppData\Local\Temp\ccVpBU2i.s 			page 11


 485 0095 08       		.uleb128 0x8
 486 0096 3A       		.uleb128 0x3a
 487 0097 0B       		.uleb128 0xb
 488 0098 3B       		.uleb128 0x3b
 489 0099 0B       		.uleb128 0xb
 490 009a 49       		.uleb128 0x49
 491 009b 13       		.uleb128 0x13
 492 009c 02       		.uleb128 0x2
 493 009d 06       		.uleb128 0x6
 494 009e 00       		.byte	0
 495 009f 00       		.byte	0
 496 00a0 0C       		.uleb128 0xc
 497 00a1 898201   		.uleb128 0x4109
 498 00a4 01       		.byte	0x1
 499 00a5 11       		.uleb128 0x11
 500 00a6 01       		.uleb128 0x1
 501 00a7 31       		.uleb128 0x31
 502 00a8 13       		.uleb128 0x13
 503 00a9 00       		.byte	0
 504 00aa 00       		.byte	0
 505 00ab 0D       		.uleb128 0xd
 506 00ac 8A8201   		.uleb128 0x410a
 507 00af 00       		.byte	0
 508 00b0 02       		.uleb128 0x2
 509 00b1 0A       		.uleb128 0xa
 510 00b2 9142     		.uleb128 0x2111
 511 00b4 0A       		.uleb128 0xa
 512 00b5 00       		.byte	0
 513 00b6 00       		.byte	0
 514 00b7 0E       		.uleb128 0xe
 515 00b8 01       		.uleb128 0x1
 516 00b9 01       		.byte	0x1
 517 00ba 49       		.uleb128 0x49
 518 00bb 13       		.uleb128 0x13
 519 00bc 01       		.uleb128 0x1
 520 00bd 13       		.uleb128 0x13
 521 00be 00       		.byte	0
 522 00bf 00       		.byte	0
 523 00c0 0F       		.uleb128 0xf
 524 00c1 21       		.uleb128 0x21
 525 00c2 00       		.byte	0
 526 00c3 49       		.uleb128 0x49
 527 00c4 13       		.uleb128 0x13
 528 00c5 2F       		.uleb128 0x2f
 529 00c6 0B       		.uleb128 0xb
 530 00c7 00       		.byte	0
 531 00c8 00       		.byte	0
 532 00c9 10       		.uleb128 0x10
 533 00ca 34       		.uleb128 0x34
 534 00cb 00       		.byte	0
 535 00cc 03       		.uleb128 0x3
 536 00cd 0E       		.uleb128 0xe
 537 00ce 3A       		.uleb128 0x3a
 538 00cf 0B       		.uleb128 0xb
 539 00d0 3B       		.uleb128 0x3b
 540 00d1 0B       		.uleb128 0xb
 541 00d2 49       		.uleb128 0x49
ARM GAS  C:\Users\SNFU\AppData\Local\Temp\ccVpBU2i.s 			page 12


 542 00d3 13       		.uleb128 0x13
 543 00d4 3F       		.uleb128 0x3f
 544 00d5 0C       		.uleb128 0xc
 545 00d6 3C       		.uleb128 0x3c
 546 00d7 0C       		.uleb128 0xc
 547 00d8 00       		.byte	0
 548 00d9 00       		.byte	0
 549 00da 11       		.uleb128 0x11
 550 00db 2E       		.uleb128 0x2e
 551 00dc 00       		.byte	0
 552 00dd 3F       		.uleb128 0x3f
 553 00de 0C       		.uleb128 0xc
 554 00df 03       		.uleb128 0x3
 555 00e0 0E       		.uleb128 0xe
 556 00e1 3A       		.uleb128 0x3a
 557 00e2 0B       		.uleb128 0xb
 558 00e3 3B       		.uleb128 0x3b
 559 00e4 0B       		.uleb128 0xb
 560 00e5 27       		.uleb128 0x27
 561 00e6 0C       		.uleb128 0xc
 562 00e7 3C       		.uleb128 0x3c
 563 00e8 0C       		.uleb128 0xc
 564 00e9 00       		.byte	0
 565 00ea 00       		.byte	0
 566 00eb 12       		.uleb128 0x12
 567 00ec 2E       		.uleb128 0x2e
 568 00ed 01       		.byte	0x1
 569 00ee 3F       		.uleb128 0x3f
 570 00ef 0C       		.uleb128 0xc
 571 00f0 03       		.uleb128 0x3
 572 00f1 0E       		.uleb128 0xe
 573 00f2 3A       		.uleb128 0x3a
 574 00f3 0B       		.uleb128 0xb
 575 00f4 3B       		.uleb128 0x3b
 576 00f5 0B       		.uleb128 0xb
 577 00f6 27       		.uleb128 0x27
 578 00f7 0C       		.uleb128 0xc
 579 00f8 49       		.uleb128 0x49
 580 00f9 13       		.uleb128 0x13
 581 00fa 3C       		.uleb128 0x3c
 582 00fb 0C       		.uleb128 0xc
 583 00fc 01       		.uleb128 0x1
 584 00fd 13       		.uleb128 0x13
 585 00fe 00       		.byte	0
 586 00ff 00       		.byte	0
 587 0100 13       		.uleb128 0x13
 588 0101 05       		.uleb128 0x5
 589 0102 00       		.byte	0
 590 0103 49       		.uleb128 0x49
 591 0104 13       		.uleb128 0x13
 592 0105 00       		.byte	0
 593 0106 00       		.byte	0
 594 0107 14       		.uleb128 0x14
 595 0108 0F       		.uleb128 0xf
 596 0109 00       		.byte	0
 597 010a 0B       		.uleb128 0xb
 598 010b 0B       		.uleb128 0xb
ARM GAS  C:\Users\SNFU\AppData\Local\Temp\ccVpBU2i.s 			page 13


 599 010c 49       		.uleb128 0x49
 600 010d 13       		.uleb128 0x13
 601 010e 00       		.byte	0
 602 010f 00       		.byte	0
 603 0110 15       		.uleb128 0x15
 604 0111 26       		.uleb128 0x26
 605 0112 00       		.byte	0
 606 0113 49       		.uleb128 0x49
 607 0114 13       		.uleb128 0x13
 608 0115 00       		.byte	0
 609 0116 00       		.byte	0
 610 0117 00       		.byte	0
 611              		.section	.debug_loc,"",%progbits
 612              	.Ldebug_loc0:
 613              	.LLST0:
 614 0000 00000000 		.4byte	.LFB0
 615 0004 02000000 		.4byte	.LCFI0
 616 0008 0200     		.2byte	0x2
 617 000a 7D       		.byte	0x7d
 618 000b 00       		.sleb128 0
 619 000c 02000000 		.4byte	.LCFI0
 620 0010 14000000 		.4byte	.LFE0
 621 0014 0200     		.2byte	0x2
 622 0016 7D       		.byte	0x7d
 623 0017 08       		.sleb128 8
 624 0018 00000000 		.4byte	0
 625 001c 00000000 		.4byte	0
 626              	.LLST1:
 627 0020 00000000 		.4byte	.LFB1
 628 0024 02000000 		.4byte	.LCFI1
 629 0028 0200     		.2byte	0x2
 630 002a 7D       		.byte	0x7d
 631 002b 00       		.sleb128 0
 632 002c 02000000 		.4byte	.LCFI1
 633 0030 0E000000 		.4byte	.LCFI2
 634 0034 0200     		.2byte	0x2
 635 0036 7D       		.byte	0x7d
 636 0037 10       		.sleb128 16
 637 0038 0E000000 		.4byte	.LCFI2
 638 003c 2E000000 		.4byte	.LFE1
 639 0040 0300     		.2byte	0x3
 640 0042 7D       		.byte	0x7d
 641 0043 9001     		.sleb128 144
 642 0045 00000000 		.4byte	0
 643 0049 00000000 		.4byte	0
 644              	.LLST2:
 645 004d 00000000 		.4byte	.LVL1
 646 0051 08000000 		.4byte	.LVL2
 647 0055 0100     		.2byte	0x1
 648 0057 50       		.byte	0x50
 649 0058 08000000 		.4byte	.LVL2
 650 005c 22000000 		.4byte	.LVL6
 651 0060 0100     		.2byte	0x1
 652 0062 52       		.byte	0x52
 653 0063 22000000 		.4byte	.LVL6
 654 0067 2E000000 		.4byte	.LFE1
 655 006b 0400     		.2byte	0x4
ARM GAS  C:\Users\SNFU\AppData\Local\Temp\ccVpBU2i.s 			page 14


 656 006d F3       		.byte	0xf3
 657 006e 01       		.uleb128 0x1
 658 006f 50       		.byte	0x50
 659 0070 9F       		.byte	0x9f
 660 0071 00000000 		.4byte	0
 661 0075 00000000 		.4byte	0
 662              	.LLST3:
 663 0079 00000000 		.4byte	.LVL1
 664 007d 26000000 		.4byte	.LVL7
 665 0081 0100     		.2byte	0x1
 666 0083 51       		.byte	0x51
 667 0084 26000000 		.4byte	.LVL7
 668 0088 29000000 		.4byte	.LVL8-1
 669 008c 0500     		.2byte	0x5
 670 008e 71       		.byte	0x71
 671 008f 00       		.sleb128 0
 672 0090 72       		.byte	0x72
 673 0091 00       		.sleb128 0
 674 0092 22       		.byte	0x22
 675 0093 29000000 		.4byte	.LVL8-1
 676 0097 2E000000 		.4byte	.LFE1
 677 009b 0400     		.2byte	0x4
 678 009d F3       		.byte	0xf3
 679 009e 01       		.uleb128 0x1
 680 009f 51       		.byte	0x51
 681 00a0 9F       		.byte	0x9f
 682 00a1 00000000 		.4byte	0
 683 00a5 00000000 		.4byte	0
 684              	.LLST5:
 685 00a9 10000000 		.4byte	.LVL3
 686 00ad 29000000 		.4byte	.LVL8-1
 687 00b1 0100     		.2byte	0x1
 688 00b3 50       		.byte	0x50
 689 00b4 29000000 		.4byte	.LVL8-1
 690 00b8 2E000000 		.4byte	.LFE1
 691 00bc 0800     		.2byte	0x8
 692 00be F3       		.byte	0xf3
 693 00bf 01       		.uleb128 0x1
 694 00c0 50       		.byte	0x50
 695 00c1 41       		.byte	0x41
 696 00c2 24       		.byte	0x24
 697 00c3 48       		.byte	0x48
 698 00c4 25       		.byte	0x25
 699 00c5 9F       		.byte	0x9f
 700 00c6 00000000 		.4byte	0
 701 00ca 00000000 		.4byte	0
 702              	.LLST6:
 703 00ce 10000000 		.4byte	.LVL3
 704 00d2 20000000 		.4byte	.LVL5
 705 00d6 0100     		.2byte	0x1
 706 00d8 55       		.byte	0x55
 707 00d9 20000000 		.4byte	.LVL5
 708 00dd 22000000 		.4byte	.LVL6
 709 00e1 0700     		.2byte	0x7
 710 00e3 75       		.byte	0x75
 711 00e4 00       		.sleb128 0
 712 00e5 20       		.byte	0x20
ARM GAS  C:\Users\SNFU\AppData\Local\Temp\ccVpBU2i.s 			page 15


 713 00e6 72       		.byte	0x72
 714 00e7 00       		.sleb128 0
 715 00e8 1A       		.byte	0x1a
 716 00e9 9F       		.byte	0x9f
 717 00ea 22000000 		.4byte	.LVL6
 718 00ee 2C000000 		.4byte	.LVL9
 719 00f2 0800     		.2byte	0x8
 720 00f4 75       		.byte	0x75
 721 00f5 00       		.sleb128 0
 722 00f6 20       		.byte	0x20
 723 00f7 F3       		.byte	0xf3
 724 00f8 01       		.uleb128 0x1
 725 00f9 50       		.byte	0x50
 726 00fa 1A       		.byte	0x1a
 727 00fb 9F       		.byte	0x9f
 728 00fc 2C000000 		.4byte	.LVL9
 729 0100 2E000000 		.4byte	.LFE1
 730 0104 0700     		.2byte	0x7
 731 0106 F3       		.byte	0xf3
 732 0107 01       		.uleb128 0x1
 733 0108 50       		.byte	0x50
 734 0109 09       		.byte	0x9
 735 010a 80       		.byte	0x80
 736 010b 1A       		.byte	0x1a
 737 010c 9F       		.byte	0x9f
 738 010d 00000000 		.4byte	0
 739 0111 00000000 		.4byte	0
 740              	.LLST7:
 741 0115 10000000 		.4byte	.LVL3
 742 0119 12000000 		.4byte	.LVL4
 743 011d 0200     		.2byte	0x2
 744 011f 30       		.byte	0x30
 745 0120 9F       		.byte	0x9f
 746 0121 00000000 		.4byte	0
 747 0125 00000000 		.4byte	0
 748              		.section	.debug_aranges,"",%progbits
 749 0000 24000000 		.4byte	0x24
 750 0004 0200     		.2byte	0x2
 751 0006 00000000 		.4byte	.Ldebug_info0
 752 000a 04       		.byte	0x4
 753 000b 00       		.byte	0
 754 000c 0000     		.2byte	0
 755 000e 0000     		.2byte	0
 756 0010 00000000 		.4byte	.LFB0
 757 0014 14000000 		.4byte	.LFE0-.LFB0
 758 0018 00000000 		.4byte	.LFB1
 759 001c 2E000000 		.4byte	.LFE1-.LFB1
 760 0020 00000000 		.4byte	0
 761 0024 00000000 		.4byte	0
 762              		.section	.debug_ranges,"",%progbits
 763              	.Ldebug_ranges0:
 764 0000 00000000 		.4byte	.LFB0
 765 0004 14000000 		.4byte	.LFE0
 766 0008 00000000 		.4byte	.LFB1
 767 000c 2E000000 		.4byte	.LFE1
 768 0010 00000000 		.4byte	0
 769 0014 00000000 		.4byte	0
ARM GAS  C:\Users\SNFU\AppData\Local\Temp\ccVpBU2i.s 			page 16


 770              		.section	.debug_line,"",%progbits
 771              	.Ldebug_line0:
 772 0000 B8000000 		.section	.debug_str,"MS",%progbits,1
 772      02007900 
 772      00000201 
 772      FB0E0D00 
 772      01010101 
 773              	.LASF15:
 774 0000 63797374 		.ascii	"cystatus\000"
 774      61747573 
 774      00
 775              	.LASF23:
 776 0009 726F774E 		.ascii	"rowNum\000"
 776      756D00
 777              	.LASF3:
 778 0010 73686F72 		.ascii	"short unsigned int\000"
 778      7420756E 
 778      7369676E 
 778      65642069 
 778      6E7400
 779              	.LASF27:
 780 0023 433A5C55 		.ascii	"C:\\Users\\SNFU\\Documents\\T-50_UAV_Project\\Softw"
 780      73657273 
 780      5C534E46 
 780      555C446F 
 780      63756D65 
 781 0051 6172655C 		.ascii	"are\\T-50_Project\\T-50_Project.cydsn\000"
 781      542D3530 
 781      5F50726F 
 781      6A656374 
 781      5C542D35 
 782              	.LASF12:
 783 0075 666C6F61 		.ascii	"float\000"
 783      7400
 784              	.LASF1:
 785 007b 756E7369 		.ascii	"unsigned char\000"
 785      676E6564 
 785      20636861 
 785      7200
 786              	.LASF22:
 787 0089 726F7744 		.ascii	"rowData\000"
 787      61746100 
 788              	.LASF5:
 789 0091 6C6F6E67 		.ascii	"long unsigned int\000"
 789      20756E73 
 789      69676E65 
 789      6420696E 
 789      7400
 790              	.LASF9:
 791 00a3 75696E74 		.ascii	"uint8\000"
 791      3800
 792              	.LASF26:
 793 00a9 2E5C4765 		.ascii	".\\Generated_Source\\PSoC4\\Bootloadable_1.c\000"
 793      6E657261 
 793      7465645F 
 793      536F7572 
 793      63655C50 
ARM GAS  C:\Users\SNFU\AppData\Local\Temp\ccVpBU2i.s 			page 17


 794              	.LASF13:
 795 00d3 646F7562 		.ascii	"double\000"
 795      6C6500
 796              	.LASF30:
 797 00da 43795379 		.ascii	"CySysFlashWriteRow\000"
 797      73466C61 
 797      73685772 
 797      69746552 
 797      6F7700
 798              	.LASF21:
 799 00ed 666C7341 		.ascii	"flsAddr\000"
 799      64647200 
 800              	.LASF10:
 801 00f5 75696E74 		.ascii	"uint16\000"
 801      313600
 802              	.LASF11:
 803 00fc 75696E74 		.ascii	"uint32\000"
 803      333200
 804              	.LASF8:
 805 0103 756E7369 		.ascii	"unsigned int\000"
 805      676E6564 
 805      20696E74 
 805      00
 806              	.LASF18:
 807 0110 426F6F74 		.ascii	"Bootloadable_1_SetFlashByte\000"
 807      6C6F6164 
 807      61626C65 
 807      5F315F53 
 807      6574466C 
 808              	.LASF19:
 809 012c 61646472 		.ascii	"address\000"
 809      65737300 
 810              	.LASF7:
 811 0134 6C6F6E67 		.ascii	"long long unsigned int\000"
 811      206C6F6E 
 811      6720756E 
 811      7369676E 
 811      65642069 
 812              	.LASF20:
 813 014b 72756E54 		.ascii	"runType\000"
 813      79706500 
 814              	.LASF24:
 815 0153 62617365 		.ascii	"baseAddr\000"
 815      41646472 
 815      00
 816              	.LASF16:
 817 015c 73697A65 		.ascii	"sizetype\000"
 817      74797065 
 817      00
 818              	.LASF6:
 819 0165 6C6F6E67 		.ascii	"long long int\000"
 819      206C6F6E 
 819      6720696E 
 819      7400
 820              	.LASF14:
 821 0173 63686172 		.ascii	"char\000"
 821      00
ARM GAS  C:\Users\SNFU\AppData\Local\Temp\ccVpBU2i.s 			page 18


 822              	.LASF2:
 823 0178 73686F72 		.ascii	"short int\000"
 823      7420696E 
 823      7400
 824              	.LASF25:
 825 0182 474E5520 		.ascii	"GNU C 4.7.3 20130312 (release) [ARM/embedded-4_7-br"
 825      4320342E 
 825      372E3320 
 825      32303133 
 825      30333132 
 826 01b5 616E6368 		.ascii	"anch revision 196615]\000"
 826      20726576 
 826      6973696F 
 826      6E203139 
 826      36363135 
 827              	.LASF29:
 828 01cb 4379536F 		.ascii	"CySoftwareReset\000"
 828      66747761 
 828      72655265 
 828      73657400 
 829              	.LASF4:
 830 01db 6C6F6E67 		.ascii	"long int\000"
 830      20696E74 
 830      00
 831              	.LASF0:
 832 01e4 7369676E 		.ascii	"signed char\000"
 832      65642063 
 832      68617200 
 833              	.LASF28:
 834 01f0 63794274 		.ascii	"cyBtldrRunType\000"
 834      6C647252 
 834      756E5479 
 834      706500
 835              	.LASF17:
 836 01ff 426F6F74 		.ascii	"Bootloadable_1_Load\000"
 836      6C6F6164 
 836      61626C65 
 836      5F315F4C 
 836      6F616400 
 837              		.ident	"GCC: (GNU Tools for ARM Embedded Processors) 4.7.3 20130312 (release) [ARM/embedded-4_7-br
