ARM GAS  C:\Users\SNFU\AppData\Local\Temp\cctb04Bt.s 			page 1


   1              		.cpu cortex-m0
   2              		.fpu softvfp
   3              		.eabi_attribute 20, 1
   4              		.eabi_attribute 21, 1
   5              		.eabi_attribute 23, 3
   6              		.eabi_attribute 24, 1
   7              		.eabi_attribute 25, 1
   8              		.eabi_attribute 26, 1
   9              		.eabi_attribute 30, 4
  10              		.eabi_attribute 34, 0
  11              		.eabi_attribute 18, 4
  12              		.code	16
  13              		.file	"Cm0Start.c"
  14              		.text
  15              	.Ltext0:
  16              		.cfi_sections	.debug_frame
  17              		.section	.text.IntDefaultHandler,"ax",%progbits
  18              		.align	1
  19              		.global	IntDefaultHandler
  20              		.code	16
  21              		.thumb_func
  22              		.type	IntDefaultHandler, %function
  23              	IntDefaultHandler:
  24              	.LFB0:
  25              		.file 1 ".\\Generated_Source\\PSoC4\\Cm0Start.c"
   1:.\Generated_Source\PSoC4/Cm0Start.c **** /*******************************************************************************
   2:.\Generated_Source\PSoC4/Cm0Start.c **** * File Name: Cm0Start.c
   3:.\Generated_Source\PSoC4/Cm0Start.c **** * Version 4.11
   4:.\Generated_Source\PSoC4/Cm0Start.c **** *
   5:.\Generated_Source\PSoC4/Cm0Start.c **** *  Description:
   6:.\Generated_Source\PSoC4/Cm0Start.c **** *  Startup code for the ARM CM0.
   7:.\Generated_Source\PSoC4/Cm0Start.c **** *
   8:.\Generated_Source\PSoC4/Cm0Start.c **** ********************************************************************************
   9:.\Generated_Source\PSoC4/Cm0Start.c **** * Copyright 2010-2014, Cypress Semiconductor Corporation.  All rights reserved.
  10:.\Generated_Source\PSoC4/Cm0Start.c **** * You may use this file only in accordance with the license, terms, conditions,
  11:.\Generated_Source\PSoC4/Cm0Start.c **** * disclaimers, and limitations in the end user license agreement accompanying
  12:.\Generated_Source\PSoC4/Cm0Start.c **** * the software package with which this file was provided.
  13:.\Generated_Source\PSoC4/Cm0Start.c **** *******************************************************************************/
  14:.\Generated_Source\PSoC4/Cm0Start.c **** 
  15:.\Generated_Source\PSoC4/Cm0Start.c **** #include <limits.h>
  16:.\Generated_Source\PSoC4/Cm0Start.c **** #include "cydevice_trm.h"
  17:.\Generated_Source\PSoC4/Cm0Start.c **** #include "cytypes.h"
  18:.\Generated_Source\PSoC4/Cm0Start.c **** #include "cyfitter_cfg.h"
  19:.\Generated_Source\PSoC4/Cm0Start.c **** #include "CyLib.h"
  20:.\Generated_Source\PSoC4/Cm0Start.c **** #include "cyfitter.h"
  21:.\Generated_Source\PSoC4/Cm0Start.c **** 
  22:.\Generated_Source\PSoC4/Cm0Start.c **** #define CY_NUM_VECTORS              (CY_INT_IRQ_BASE + CY_NUM_INTERRUPTS)
  23:.\Generated_Source\PSoC4/Cm0Start.c **** #define CY_CPUSS_CONFIG_VECT_IN_RAM (( uint32 ) 0x01)
  24:.\Generated_Source\PSoC4/Cm0Start.c **** 
  25:.\Generated_Source\PSoC4/Cm0Start.c **** /* CPUSS Configuration register */
  26:.\Generated_Source\PSoC4/Cm0Start.c **** #define CY_CPUSS_CONFIG_REG         (*(reg32 *) CYREG_CPUSS_CONFIG)
  27:.\Generated_Source\PSoC4/Cm0Start.c **** #define CY_CPUSS_CONFIG_PTR         ( (reg32 *) CYREG_CPUSS_CONFIG)
  28:.\Generated_Source\PSoC4/Cm0Start.c **** 
  29:.\Generated_Source\PSoC4/Cm0Start.c **** 
  30:.\Generated_Source\PSoC4/Cm0Start.c **** #if defined (__ICCARM__)
  31:.\Generated_Source\PSoC4/Cm0Start.c ****     #define CY_NUM_ROM_VECTORS      (CY_NUM_VECTORS)
  32:.\Generated_Source\PSoC4/Cm0Start.c **** #else
ARM GAS  C:\Users\SNFU\AppData\Local\Temp\cctb04Bt.s 			page 2


  33:.\Generated_Source\PSoC4/Cm0Start.c ****     #define CY_NUM_ROM_VECTORS      (4u)
  34:.\Generated_Source\PSoC4/Cm0Start.c **** #endif  /* defined (__ICCARM__) */
  35:.\Generated_Source\PSoC4/Cm0Start.c **** 
  36:.\Generated_Source\PSoC4/Cm0Start.c **** #if defined(__ARMCC_VERSION)
  37:.\Generated_Source\PSoC4/Cm0Start.c ****     #define INITIAL_STACK_POINTER ((cyisraddress)(uint32)&Image$$ARM_LIB_STACK$$ZI$$Limit)
  38:.\Generated_Source\PSoC4/Cm0Start.c **** #elif defined (__GNUC__)
  39:.\Generated_Source\PSoC4/Cm0Start.c ****     #define INITIAL_STACK_POINTER (&__cy_stack)
  40:.\Generated_Source\PSoC4/Cm0Start.c **** #elif defined (__ICCARM__)
  41:.\Generated_Source\PSoC4/Cm0Start.c ****     #pragma language=extended
  42:.\Generated_Source\PSoC4/Cm0Start.c ****     #pragma segment="CSTACK"
  43:.\Generated_Source\PSoC4/Cm0Start.c ****     #define INITIAL_STACK_POINTER  { .__ptr = __sfe( "CSTACK" ) }
  44:.\Generated_Source\PSoC4/Cm0Start.c **** 
  45:.\Generated_Source\PSoC4/Cm0Start.c ****     extern void __iar_program_start( void );
  46:.\Generated_Source\PSoC4/Cm0Start.c ****     extern void __iar_data_init3 (void);
  47:.\Generated_Source\PSoC4/Cm0Start.c **** #endif  /* (__ARMCC_VERSION) */
  48:.\Generated_Source\PSoC4/Cm0Start.c **** 
  49:.\Generated_Source\PSoC4/Cm0Start.c **** /* Extern functions */
  50:.\Generated_Source\PSoC4/Cm0Start.c **** extern void CyBtldr_CheckLaunch(void);
  51:.\Generated_Source\PSoC4/Cm0Start.c **** 
  52:.\Generated_Source\PSoC4/Cm0Start.c **** /* Function prototypes */
  53:.\Generated_Source\PSoC4/Cm0Start.c **** void initialize_psoc(void);
  54:.\Generated_Source\PSoC4/Cm0Start.c **** 
  55:.\Generated_Source\PSoC4/Cm0Start.c **** /* Global variables */
  56:.\Generated_Source\PSoC4/Cm0Start.c **** #if !defined (__ICCARM__)
  57:.\Generated_Source\PSoC4/Cm0Start.c ****     CY_NOINIT static uint32 cySysNoInitDataValid;
  58:.\Generated_Source\PSoC4/Cm0Start.c **** #endif  /* !defined (__ICCARM__) */
  59:.\Generated_Source\PSoC4/Cm0Start.c **** 
  60:.\Generated_Source\PSoC4/Cm0Start.c **** 
  61:.\Generated_Source\PSoC4/Cm0Start.c **** #if (CYDEV_PROJ_TYPE != CYDEV_PROJ_TYPE_STANDARD)
  62:.\Generated_Source\PSoC4/Cm0Start.c **** 
  63:.\Generated_Source\PSoC4/Cm0Start.c ****     /*******************************************************************************
  64:.\Generated_Source\PSoC4/Cm0Start.c ****     This variable is used by the Bootloader/Bootloadable components to schedule
  65:.\Generated_Source\PSoC4/Cm0Start.c ****     what application will be started after a software reset.
  66:.\Generated_Source\PSoC4/Cm0Start.c ****     *******************************************************************************/
  67:.\Generated_Source\PSoC4/Cm0Start.c ****     #if (__ARMCC_VERSION)
  68:.\Generated_Source\PSoC4/Cm0Start.c ****         __attribute__ ((section(".bootloaderruntype"), zero_init))
  69:.\Generated_Source\PSoC4/Cm0Start.c ****     #elif defined (__GNUC__)
  70:.\Generated_Source\PSoC4/Cm0Start.c ****         __attribute__ ((section(".bootloaderruntype")))
  71:.\Generated_Source\PSoC4/Cm0Start.c ****     #elif defined (__ICCARM__)
  72:.\Generated_Source\PSoC4/Cm0Start.c ****         #pragma location=".bootloaderruntype"
  73:.\Generated_Source\PSoC4/Cm0Start.c ****     #endif /* (__ARMCC_VERSION) */
  74:.\Generated_Source\PSoC4/Cm0Start.c ****     volatile uint32 cyBtldrRunType;
  75:.\Generated_Source\PSoC4/Cm0Start.c **** 
  76:.\Generated_Source\PSoC4/Cm0Start.c **** #endif  /* (CYDEV_PROJ_TYPE != CYDEV_PROJ_TYPE_STANDARD) */
  77:.\Generated_Source\PSoC4/Cm0Start.c **** 
  78:.\Generated_Source\PSoC4/Cm0Start.c **** 
  79:.\Generated_Source\PSoC4/Cm0Start.c **** /*******************************************************************************
  80:.\Generated_Source\PSoC4/Cm0Start.c **** * Function Name: IntDefaultHandler
  81:.\Generated_Source\PSoC4/Cm0Start.c **** ********************************************************************************
  82:.\Generated_Source\PSoC4/Cm0Start.c **** *
  83:.\Generated_Source\PSoC4/Cm0Start.c **** * Summary:
  84:.\Generated_Source\PSoC4/Cm0Start.c **** *  This function is called for all interrupts, other than a reset that is called
  85:.\Generated_Source\PSoC4/Cm0Start.c **** *  before the system is setup.
  86:.\Generated_Source\PSoC4/Cm0Start.c **** *
  87:.\Generated_Source\PSoC4/Cm0Start.c **** * Parameters:
  88:.\Generated_Source\PSoC4/Cm0Start.c **** *  None
  89:.\Generated_Source\PSoC4/Cm0Start.c **** *
ARM GAS  C:\Users\SNFU\AppData\Local\Temp\cctb04Bt.s 			page 3


  90:.\Generated_Source\PSoC4/Cm0Start.c **** * Return:
  91:.\Generated_Source\PSoC4/Cm0Start.c **** *  None
  92:.\Generated_Source\PSoC4/Cm0Start.c **** *
  93:.\Generated_Source\PSoC4/Cm0Start.c **** * Theory:
  94:.\Generated_Source\PSoC4/Cm0Start.c **** *   Any value other than zero is acceptable.
  95:.\Generated_Source\PSoC4/Cm0Start.c **** *
  96:.\Generated_Source\PSoC4/Cm0Start.c **** *******************************************************************************/
  97:.\Generated_Source\PSoC4/Cm0Start.c **** CY_NORETURN
  98:.\Generated_Source\PSoC4/Cm0Start.c **** CY_ISR(IntDefaultHandler)
  99:.\Generated_Source\PSoC4/Cm0Start.c **** {
  26              		.loc 1 99 0
  27              		.cfi_startproc
  28 0000 00B5     		push	{lr}
  29              	.LCFI0:
  30              		.cfi_def_cfa_offset 4
  31              		.cfi_offset 14, -4
  32              	.L2:
  33 0002 FEE7     		b	.L2
  34              		.cfi_endproc
  35              	.LFE0:
  36              		.size	IntDefaultHandler, .-IntDefaultHandler
  37              		.section	.text._exit,"ax",%progbits
  38              		.align	1
  39              		.weak	_exit
  40              		.code	16
  41              		.thumb_func
  42              		.type	_exit, %function
  43              	_exit:
  44              	.LFB1:
 100:.\Generated_Source\PSoC4/Cm0Start.c ****     /***************************************************************************
 101:.\Generated_Source\PSoC4/Cm0Start.c ****     * We must not get here. If we do, a serious problem occurs, so go into
 102:.\Generated_Source\PSoC4/Cm0Start.c ****     * an infinite loop.
 103:.\Generated_Source\PSoC4/Cm0Start.c ****     ***************************************************************************/
 104:.\Generated_Source\PSoC4/Cm0Start.c ****     while(1)
 105:.\Generated_Source\PSoC4/Cm0Start.c ****     {
 106:.\Generated_Source\PSoC4/Cm0Start.c **** 
 107:.\Generated_Source\PSoC4/Cm0Start.c ****     }
 108:.\Generated_Source\PSoC4/Cm0Start.c **** }
 109:.\Generated_Source\PSoC4/Cm0Start.c **** 
 110:.\Generated_Source\PSoC4/Cm0Start.c **** #if defined(__ARMCC_VERSION)
 111:.\Generated_Source\PSoC4/Cm0Start.c **** 
 112:.\Generated_Source\PSoC4/Cm0Start.c **** /* Local function for device reset. */
 113:.\Generated_Source\PSoC4/Cm0Start.c **** extern void Reset(void);
 114:.\Generated_Source\PSoC4/Cm0Start.c **** 
 115:.\Generated_Source\PSoC4/Cm0Start.c **** /* Application entry point. */
 116:.\Generated_Source\PSoC4/Cm0Start.c **** extern void $Super$$main(void);
 117:.\Generated_Source\PSoC4/Cm0Start.c **** 
 118:.\Generated_Source\PSoC4/Cm0Start.c **** /* Linker-generated Stack Base addresses, Two Region and One Region */
 119:.\Generated_Source\PSoC4/Cm0Start.c **** extern unsigned long Image$$ARM_LIB_STACK$$ZI$$Limit;
 120:.\Generated_Source\PSoC4/Cm0Start.c **** 
 121:.\Generated_Source\PSoC4/Cm0Start.c **** /* RealView C Library initialization. */
 122:.\Generated_Source\PSoC4/Cm0Start.c **** extern int __main(void);
 123:.\Generated_Source\PSoC4/Cm0Start.c **** 
 124:.\Generated_Source\PSoC4/Cm0Start.c **** 
 125:.\Generated_Source\PSoC4/Cm0Start.c **** /*******************************************************************************
 126:.\Generated_Source\PSoC4/Cm0Start.c **** * Function Name: Reset
 127:.\Generated_Source\PSoC4/Cm0Start.c **** ********************************************************************************
ARM GAS  C:\Users\SNFU\AppData\Local\Temp\cctb04Bt.s 			page 4


 128:.\Generated_Source\PSoC4/Cm0Start.c **** *
 129:.\Generated_Source\PSoC4/Cm0Start.c **** * Summary:
 130:.\Generated_Source\PSoC4/Cm0Start.c **** *  This function handles the reset interrupt for the RVDS/MDK toolchains.
 131:.\Generated_Source\PSoC4/Cm0Start.c **** *  This is the first bit of code that is executed at startup.
 132:.\Generated_Source\PSoC4/Cm0Start.c **** *
 133:.\Generated_Source\PSoC4/Cm0Start.c **** * Parameters:
 134:.\Generated_Source\PSoC4/Cm0Start.c **** *  None
 135:.\Generated_Source\PSoC4/Cm0Start.c **** *
 136:.\Generated_Source\PSoC4/Cm0Start.c **** * Return:
 137:.\Generated_Source\PSoC4/Cm0Start.c **** *  None
 138:.\Generated_Source\PSoC4/Cm0Start.c **** *
 139:.\Generated_Source\PSoC4/Cm0Start.c **** *******************************************************************************/
 140:.\Generated_Source\PSoC4/Cm0Start.c **** void Reset(void)
 141:.\Generated_Source\PSoC4/Cm0Start.c **** {
 142:.\Generated_Source\PSoC4/Cm0Start.c ****     #if (CYDEV_PROJ_TYPE == CYDEV_PROJ_TYPE_LOADABLE)
 143:.\Generated_Source\PSoC4/Cm0Start.c ****         /* The bootloadable application image is started at Reset() handler
 144:.\Generated_Source\PSoC4/Cm0Start.c ****         * as a result of a branch instruction execution from the bootloader.
 145:.\Generated_Source\PSoC4/Cm0Start.c ****         * So, the stack pointer needs to be reset to be sure that
 146:.\Generated_Source\PSoC4/Cm0Start.c ****         * there is no garbage in the stack.
 147:.\Generated_Source\PSoC4/Cm0Start.c ****         */
 148:.\Generated_Source\PSoC4/Cm0Start.c ****         register uint32_t msp __asm("msp");
 149:.\Generated_Source\PSoC4/Cm0Start.c ****         msp = (uint32_t)&Image$$ARM_LIB_STACK$$ZI$$Limit;
 150:.\Generated_Source\PSoC4/Cm0Start.c ****     #endif /* CYDEV_PROJ_TYPE_LOADABLE */
 151:.\Generated_Source\PSoC4/Cm0Start.c **** 
 152:.\Generated_Source\PSoC4/Cm0Start.c ****     #if(!CY_PSOC4A)
 153:.\Generated_Source\PSoC4/Cm0Start.c ****         CySysWdtDisable();
 154:.\Generated_Source\PSoC4/Cm0Start.c ****     #endif  /* (!CY_PSOC4A) */
 155:.\Generated_Source\PSoC4/Cm0Start.c **** 
 156:.\Generated_Source\PSoC4/Cm0Start.c ****     #if (CYDEV_BOOTLOADER_ENABLE)
 157:.\Generated_Source\PSoC4/Cm0Start.c ****         CyBtldr_CheckLaunch();
 158:.\Generated_Source\PSoC4/Cm0Start.c ****     #endif /* CYDEV_BOOTLOADER_ENABLE */
 159:.\Generated_Source\PSoC4/Cm0Start.c **** 
 160:.\Generated_Source\PSoC4/Cm0Start.c ****     __main();
 161:.\Generated_Source\PSoC4/Cm0Start.c **** }
 162:.\Generated_Source\PSoC4/Cm0Start.c **** 
 163:.\Generated_Source\PSoC4/Cm0Start.c **** /*******************************************************************************
 164:.\Generated_Source\PSoC4/Cm0Start.c **** * Function Name: $Sub$$main
 165:.\Generated_Source\PSoC4/Cm0Start.c **** ********************************************************************************
 166:.\Generated_Source\PSoC4/Cm0Start.c **** *
 167:.\Generated_Source\PSoC4/Cm0Start.c **** * Summary:
 168:.\Generated_Source\PSoC4/Cm0Start.c **** *  This function is called immediately before the users main
 169:.\Generated_Source\PSoC4/Cm0Start.c **** *
 170:.\Generated_Source\PSoC4/Cm0Start.c **** * Parameters:
 171:.\Generated_Source\PSoC4/Cm0Start.c **** *  None
 172:.\Generated_Source\PSoC4/Cm0Start.c **** *
 173:.\Generated_Source\PSoC4/Cm0Start.c **** * Return:
 174:.\Generated_Source\PSoC4/Cm0Start.c **** *  None
 175:.\Generated_Source\PSoC4/Cm0Start.c **** *
 176:.\Generated_Source\PSoC4/Cm0Start.c **** *******************************************************************************/
 177:.\Generated_Source\PSoC4/Cm0Start.c **** __attribute__ ((noreturn))
 178:.\Generated_Source\PSoC4/Cm0Start.c **** void $Sub$$main(void)
 179:.\Generated_Source\PSoC4/Cm0Start.c **** {
 180:.\Generated_Source\PSoC4/Cm0Start.c ****     initialize_psoc();
 181:.\Generated_Source\PSoC4/Cm0Start.c **** 
 182:.\Generated_Source\PSoC4/Cm0Start.c ****     /* Call original main */
 183:.\Generated_Source\PSoC4/Cm0Start.c ****     $Super$$main();
 184:.\Generated_Source\PSoC4/Cm0Start.c **** 
ARM GAS  C:\Users\SNFU\AppData\Local\Temp\cctb04Bt.s 			page 5


 185:.\Generated_Source\PSoC4/Cm0Start.c ****     while (1)
 186:.\Generated_Source\PSoC4/Cm0Start.c ****     {
 187:.\Generated_Source\PSoC4/Cm0Start.c ****         /* If main returns it is undefined what we should do. */
 188:.\Generated_Source\PSoC4/Cm0Start.c ****     }
 189:.\Generated_Source\PSoC4/Cm0Start.c **** }
 190:.\Generated_Source\PSoC4/Cm0Start.c **** 
 191:.\Generated_Source\PSoC4/Cm0Start.c **** #elif defined(__GNUC__)
 192:.\Generated_Source\PSoC4/Cm0Start.c **** 
 193:.\Generated_Source\PSoC4/Cm0Start.c **** /* Stack Base address */
 194:.\Generated_Source\PSoC4/Cm0Start.c **** extern void __cy_stack(void);
 195:.\Generated_Source\PSoC4/Cm0Start.c **** 
 196:.\Generated_Source\PSoC4/Cm0Start.c **** /* Application entry point. */
 197:.\Generated_Source\PSoC4/Cm0Start.c **** extern int main(void);
 198:.\Generated_Source\PSoC4/Cm0Start.c **** 
 199:.\Generated_Source\PSoC4/Cm0Start.c **** /* The static objects constructors initializer */
 200:.\Generated_Source\PSoC4/Cm0Start.c **** extern void __libc_init_array(void);
 201:.\Generated_Source\PSoC4/Cm0Start.c **** 
 202:.\Generated_Source\PSoC4/Cm0Start.c **** typedef unsigned char __cy_byte_align8 __attribute ((aligned (8)));
 203:.\Generated_Source\PSoC4/Cm0Start.c **** 
 204:.\Generated_Source\PSoC4/Cm0Start.c **** struct __cy_region
 205:.\Generated_Source\PSoC4/Cm0Start.c **** {
 206:.\Generated_Source\PSoC4/Cm0Start.c ****     __cy_byte_align8 *init; /* Initial contents of this region.  */
 207:.\Generated_Source\PSoC4/Cm0Start.c ****     __cy_byte_align8 *data; /* Start address of region.  */
 208:.\Generated_Source\PSoC4/Cm0Start.c ****     size_t init_size;       /* Size of initial data.  */
 209:.\Generated_Source\PSoC4/Cm0Start.c ****     size_t zero_size;       /* Additional size to be zeroed.  */
 210:.\Generated_Source\PSoC4/Cm0Start.c **** };
 211:.\Generated_Source\PSoC4/Cm0Start.c **** 
 212:.\Generated_Source\PSoC4/Cm0Start.c **** extern const struct __cy_region __cy_regions[];
 213:.\Generated_Source\PSoC4/Cm0Start.c **** extern const char __cy_region_num __attribute__((weak));
 214:.\Generated_Source\PSoC4/Cm0Start.c **** #define __cy_region_num ((size_t)&__cy_region_num)
 215:.\Generated_Source\PSoC4/Cm0Start.c **** 
 216:.\Generated_Source\PSoC4/Cm0Start.c **** __attribute__((weak))
 217:.\Generated_Source\PSoC4/Cm0Start.c **** void _exit(int status)
 218:.\Generated_Source\PSoC4/Cm0Start.c **** {
  45              		.loc 1 218 0
  46              		.cfi_startproc
  47              	.LVL0:
  48              		.loc 1 218 0
  49 0000 00B5     		push	{lr}
  50              	.LCFI1:
  51              		.cfi_def_cfa_offset 4
  52              		.cfi_offset 14, -4
  53              	.L5:
  54 0002 FEE7     		b	.L5
  55              		.cfi_endproc
  56              	.LFE1:
  57              		.size	_exit, .-_exit
  58              		.section	.text.Start_c,"ax",%progbits
  59              		.align	1
  60              		.global	Start_c
  61              		.code	16
  62              		.thumb_func
  63              		.type	Start_c, %function
  64              	Start_c:
  65              	.LFB2:
 219:.\Generated_Source\PSoC4/Cm0Start.c ****     /* Cause divide by 0 exception */
 220:.\Generated_Source\PSoC4/Cm0Start.c ****     int x = status / INT_MAX;
ARM GAS  C:\Users\SNFU\AppData\Local\Temp\cctb04Bt.s 			page 6


 221:.\Generated_Source\PSoC4/Cm0Start.c ****     x = 4 / x;
 222:.\Generated_Source\PSoC4/Cm0Start.c **** 
 223:.\Generated_Source\PSoC4/Cm0Start.c ****     while(1)
 224:.\Generated_Source\PSoC4/Cm0Start.c ****     {
 225:.\Generated_Source\PSoC4/Cm0Start.c **** 
 226:.\Generated_Source\PSoC4/Cm0Start.c ****     }
 227:.\Generated_Source\PSoC4/Cm0Start.c **** }
 228:.\Generated_Source\PSoC4/Cm0Start.c **** 
 229:.\Generated_Source\PSoC4/Cm0Start.c **** /*******************************************************************************
 230:.\Generated_Source\PSoC4/Cm0Start.c **** * Function Name: Start_c
 231:.\Generated_Source\PSoC4/Cm0Start.c **** ********************************************************************************
 232:.\Generated_Source\PSoC4/Cm0Start.c **** *
 233:.\Generated_Source\PSoC4/Cm0Start.c **** * Summary:
 234:.\Generated_Source\PSoC4/Cm0Start.c **** *  This function handles initializing the .data and .bss sections in
 235:.\Generated_Source\PSoC4/Cm0Start.c **** *  preparation for running the standard c code.  Once initialization is complete
 236:.\Generated_Source\PSoC4/Cm0Start.c **** *  it will call main().  This function will never return.
 237:.\Generated_Source\PSoC4/Cm0Start.c **** *
 238:.\Generated_Source\PSoC4/Cm0Start.c **** * Parameters:
 239:.\Generated_Source\PSoC4/Cm0Start.c **** *  None
 240:.\Generated_Source\PSoC4/Cm0Start.c **** *
 241:.\Generated_Source\PSoC4/Cm0Start.c **** * Return:
 242:.\Generated_Source\PSoC4/Cm0Start.c **** *  None
 243:.\Generated_Source\PSoC4/Cm0Start.c **** *
 244:.\Generated_Source\PSoC4/Cm0Start.c **** *******************************************************************************/
 245:.\Generated_Source\PSoC4/Cm0Start.c **** void Start_c(void)  __attribute__ ((noreturn));
 246:.\Generated_Source\PSoC4/Cm0Start.c **** void Start_c(void)
 247:.\Generated_Source\PSoC4/Cm0Start.c **** {
  66              		.loc 1 247 0
  67              		.cfi_startproc
  68              	.LVL1:
  69              		.loc 1 247 0
  70 0000 70B5     		push	{r4, r5, r6, lr}
  71              	.LCFI2:
  72              		.cfi_def_cfa_offset 16
  73              		.cfi_offset 4, -16
  74              		.cfi_offset 5, -12
  75              		.cfi_offset 6, -8
  76              		.cfi_offset 14, -4
  77 0002 0F49     		ldr	r1, .L17
 248:.\Generated_Source\PSoC4/Cm0Start.c ****     unsigned regions = __cy_region_num;
 249:.\Generated_Source\PSoC4/Cm0Start.c ****     const struct __cy_region *rptr = __cy_regions;
 250:.\Generated_Source\PSoC4/Cm0Start.c **** 
 251:.\Generated_Source\PSoC4/Cm0Start.c ****     /* Initialize memory */
 252:.\Generated_Source\PSoC4/Cm0Start.c ****     for (regions = __cy_region_num, rptr = __cy_regions; regions--; rptr++)
  78              		.loc 1 252 0
  79 0004 0F4A     		ldr	r2, .L17+4
  80 0006 0139     		sub	r1, r1, #1
  81              	.LVL2:
  82              	.L7:
  83              		.loc 1 252 0 is_stmt 0 discriminator 1
  84 0008 4B1C     		add	r3, r1, #1
  85 000a 14D0     		beq	.L14
  86              	.L12:
  87              	.LVL3:
  88              	.LBB2:
 253:.\Generated_Source\PSoC4/Cm0Start.c ****     {
 254:.\Generated_Source\PSoC4/Cm0Start.c ****         uint32 *src = (uint32 *)rptr->init;
ARM GAS  C:\Users\SNFU\AppData\Local\Temp\cctb04Bt.s 			page 7


 255:.\Generated_Source\PSoC4/Cm0Start.c ****         uint32 *dst = (uint32 *)rptr->data;
  89              		.loc 1 255 0 is_stmt 1
  90 000c 5068     		ldr	r0, [r2, #4]
  91              	.LVL4:
 256:.\Generated_Source\PSoC4/Cm0Start.c ****         unsigned limit = rptr->init_size;
  92              		.loc 1 256 0
  93 000e 9568     		ldr	r5, [r2, #8]
  94              	.LVL5:
  95 0010 1468     		ldr	r4, [r2]
 255:.\Generated_Source\PSoC4/Cm0Start.c ****         uint32 *dst = (uint32 *)rptr->data;
  96              		.loc 1 255 0
  97 0012 031C     		mov	r3, r0
  98              	.LVL6:
  99              	.L8:
 257:.\Generated_Source\PSoC4/Cm0Start.c ****         unsigned count;
 258:.\Generated_Source\PSoC4/Cm0Start.c **** 
 259:.\Generated_Source\PSoC4/Cm0Start.c ****         for (count = 0u; count != limit; count += sizeof (uint32))
 100              		.loc 1 259 0 discriminator 1
 101 0014 1E1A     		sub	r6, r3, r0
 102 0016 AE42     		cmp	r6, r5
 103 0018 02D0     		beq	.L15
 104              	.L9:
 260:.\Generated_Source\PSoC4/Cm0Start.c ****         {
 261:.\Generated_Source\PSoC4/Cm0Start.c ****             *dst++ = *src++;
 105              		.loc 1 261 0 discriminator 2
 106 001a 40CC     		ldmia	r4!, {r6}
 107 001c 40C3     		stmia	r3!, {r6}
 108              	.LVL7:
 109 001e F9E7     		b	.L8
 110              	.L15:
 262:.\Generated_Source\PSoC4/Cm0Start.c ****         }
 263:.\Generated_Source\PSoC4/Cm0Start.c ****         limit = rptr->zero_size;
 111              		.loc 1 263 0
 112 0020 D068     		ldr	r0, [r2, #12]
 113              	.LVL8:
 259:.\Generated_Source\PSoC4/Cm0Start.c ****         for (count = 0u; count != limit; count += sizeof (uint32))
 114              		.loc 1 259 0
 115 0022 1D1C     		mov	r5, r3
 116              	.LVL9:
 117              	.L10:
 264:.\Generated_Source\PSoC4/Cm0Start.c ****         for (count = 0u; count != limit; count += sizeof (uint32))
 118              		.loc 1 264 0 discriminator 1
 119 0024 5C1B     		sub	r4, r3, r5
 120 0026 8442     		cmp	r4, r0
 121 0028 02D0     		beq	.L16
 122              	.L11:
 265:.\Generated_Source\PSoC4/Cm0Start.c ****         {
 266:.\Generated_Source\PSoC4/Cm0Start.c ****             *dst++ = 0u;
 123              		.loc 1 266 0 discriminator 2
 124 002a 0026     		mov	r6, #0
 125 002c 40C3     		stmia	r3!, {r6}
 126              	.LVL10:
 127 002e F9E7     		b	.L10
 128              	.L16:
 129              	.LBE2:
 252:.\Generated_Source\PSoC4/Cm0Start.c ****     for (regions = __cy_region_num, rptr = __cy_regions; regions--; rptr++)
 130              		.loc 1 252 0
ARM GAS  C:\Users\SNFU\AppData\Local\Temp\cctb04Bt.s 			page 8


 131 0030 1032     		add	r2, r2, #16
 132              	.LVL11:
 133 0032 0139     		sub	r1, r1, #1
 134 0034 E8E7     		b	.L7
 135              	.LVL12:
 136              	.L14:
 267:.\Generated_Source\PSoC4/Cm0Start.c ****         }
 268:.\Generated_Source\PSoC4/Cm0Start.c ****     }
 269:.\Generated_Source\PSoC4/Cm0Start.c **** 
 270:.\Generated_Source\PSoC4/Cm0Start.c ****     /* Invoke static objects constructors */
 271:.\Generated_Source\PSoC4/Cm0Start.c ****     __libc_init_array();
 137              		.loc 1 271 0
 138 0036 FFF7FEFF 		bl	__libc_init_array
 139              	.LVL13:
 272:.\Generated_Source\PSoC4/Cm0Start.c ****     (void) main();
 140              		.loc 1 272 0
 141 003a FFF7FEFF 		bl	main
 142              	.LVL14:
 143              	.L13:
 144 003e FEE7     		b	.L13
 145              	.L18:
 146              		.align	2
 147              	.L17:
 148 0040 00000000 		.word	__cy_region_num
 149 0044 00000000 		.word	__cy_regions
 150              		.cfi_endproc
 151              	.LFE2:
 152              		.size	Start_c, .-Start_c
 153              		.section	.text.Reset,"ax",%progbits
 154              		.align	1
 155              		.global	Reset
 156              		.code	16
 157              		.thumb_func
 158              		.type	Reset, %function
 159              	Reset:
 160              	.LFB3:
 273:.\Generated_Source\PSoC4/Cm0Start.c **** 
 274:.\Generated_Source\PSoC4/Cm0Start.c ****     while (1)
 275:.\Generated_Source\PSoC4/Cm0Start.c ****     {
 276:.\Generated_Source\PSoC4/Cm0Start.c ****         /* If main returns, make sure we don't return. */
 277:.\Generated_Source\PSoC4/Cm0Start.c ****     }
 278:.\Generated_Source\PSoC4/Cm0Start.c **** }
 279:.\Generated_Source\PSoC4/Cm0Start.c **** 
 280:.\Generated_Source\PSoC4/Cm0Start.c **** 
 281:.\Generated_Source\PSoC4/Cm0Start.c **** /*******************************************************************************
 282:.\Generated_Source\PSoC4/Cm0Start.c **** * Function Name: Reset
 283:.\Generated_Source\PSoC4/Cm0Start.c **** ********************************************************************************
 284:.\Generated_Source\PSoC4/Cm0Start.c **** *
 285:.\Generated_Source\PSoC4/Cm0Start.c **** * Summary:
 286:.\Generated_Source\PSoC4/Cm0Start.c **** *  This function handles the reset interrupt for the GCC toolchain.  This is
 287:.\Generated_Source\PSoC4/Cm0Start.c **** *  the first bit of code that is executed at startup.
 288:.\Generated_Source\PSoC4/Cm0Start.c **** *
 289:.\Generated_Source\PSoC4/Cm0Start.c **** * Parameters:
 290:.\Generated_Source\PSoC4/Cm0Start.c **** *  None
 291:.\Generated_Source\PSoC4/Cm0Start.c **** *
 292:.\Generated_Source\PSoC4/Cm0Start.c **** * Return:
 293:.\Generated_Source\PSoC4/Cm0Start.c **** *  None
ARM GAS  C:\Users\SNFU\AppData\Local\Temp\cctb04Bt.s 			page 9


 294:.\Generated_Source\PSoC4/Cm0Start.c **** *
 295:.\Generated_Source\PSoC4/Cm0Start.c **** *******************************************************************************/
 296:.\Generated_Source\PSoC4/Cm0Start.c **** void Reset(void)
 297:.\Generated_Source\PSoC4/Cm0Start.c **** {
 161              		.loc 1 297 0
 162              		.cfi_startproc
 163 0000 08B5     		push	{r3, lr}
 164              	.LCFI3:
 165              		.cfi_def_cfa_offset 8
 166              		.cfi_offset 3, -8
 167              		.cfi_offset 14, -4
 298:.\Generated_Source\PSoC4/Cm0Start.c ****     #if (CYDEV_PROJ_TYPE == CYDEV_PROJ_TYPE_LOADABLE)
 299:.\Generated_Source\PSoC4/Cm0Start.c ****         /* The bootloadable application image is started at Reset() handler
 300:.\Generated_Source\PSoC4/Cm0Start.c ****         * as a result of a branch instruction execution from the bootloader.
 301:.\Generated_Source\PSoC4/Cm0Start.c ****         * So, the stack pointer needs to be reset to be sure that
 302:.\Generated_Source\PSoC4/Cm0Start.c ****         * there is no garbage in the stack.
 303:.\Generated_Source\PSoC4/Cm0Start.c ****         */
 304:.\Generated_Source\PSoC4/Cm0Start.c ****         __asm volatile ("MSR msp, %0\n" : : "r" ((uint32)&__cy_stack) : "sp");
 168              		.loc 1 304 0
 169 0002 024B     		ldr	r3, .L20
 170              	@ 304 ".\Generated_Source\PSoC4\Cm0Start.c" 1
 171 0004 83F30888 		MSR msp, r3
 172              	
 173              	@ 0 "" 2
 305:.\Generated_Source\PSoC4/Cm0Start.c ****     #endif /* CYDEV_PROJ_TYPE_LOADABLE */
 306:.\Generated_Source\PSoC4/Cm0Start.c **** 
 307:.\Generated_Source\PSoC4/Cm0Start.c ****     #if(!CY_PSOC4A)
 308:.\Generated_Source\PSoC4/Cm0Start.c ****         CySysWdtDisable();
 309:.\Generated_Source\PSoC4/Cm0Start.c ****     #endif  /* (!CY_PSOC4A) */
 310:.\Generated_Source\PSoC4/Cm0Start.c **** 
 311:.\Generated_Source\PSoC4/Cm0Start.c ****     #if (CYDEV_BOOTLOADER_ENABLE)
 312:.\Generated_Source\PSoC4/Cm0Start.c ****         CyBtldr_CheckLaunch();
 313:.\Generated_Source\PSoC4/Cm0Start.c ****     #endif /* CYDEV_BOOTLOADER_ENABLE */
 314:.\Generated_Source\PSoC4/Cm0Start.c ****     Start_c();
 174              		.loc 1 314 0
 175              		.code	16
 176 0008 FFF7FEFF 		bl	Start_c
 177              	.LVL15:
 178              	.L21:
 179              		.align	2
 180              	.L20:
 181 000c 00000000 		.word	__cy_stack
 182              		.cfi_endproc
 183              	.LFE3:
 184              		.size	Reset, .-Reset
 185              		.section	.text.startup.initialize_psoc,"ax",%progbits
 186              		.align	1
 187              		.global	initialize_psoc
 188              		.code	16
 189              		.thumb_func
 190              		.type	initialize_psoc, %function
 191              	initialize_psoc:
 192              	.LFB4:
 315:.\Generated_Source\PSoC4/Cm0Start.c **** }
 316:.\Generated_Source\PSoC4/Cm0Start.c **** 
 317:.\Generated_Source\PSoC4/Cm0Start.c **** #elif defined (__ICCARM__)
 318:.\Generated_Source\PSoC4/Cm0Start.c **** 
ARM GAS  C:\Users\SNFU\AppData\Local\Temp\cctb04Bt.s 			page 10


 319:.\Generated_Source\PSoC4/Cm0Start.c **** 
 320:.\Generated_Source\PSoC4/Cm0Start.c **** /*******************************************************************************
 321:.\Generated_Source\PSoC4/Cm0Start.c **** * Function Name: __low_level_init
 322:.\Generated_Source\PSoC4/Cm0Start.c **** ********************************************************************************
 323:.\Generated_Source\PSoC4/Cm0Start.c **** *
 324:.\Generated_Source\PSoC4/Cm0Start.c **** * Summary:
 325:.\Generated_Source\PSoC4/Cm0Start.c **** *  This function performs early initializations for the IAR Embedded
 326:.\Generated_Source\PSoC4/Cm0Start.c **** *  Workbench IDE. It is executed in the context of reset interrupt handler
 327:.\Generated_Source\PSoC4/Cm0Start.c **** *  before the data sections are initialized.
 328:.\Generated_Source\PSoC4/Cm0Start.c **** *
 329:.\Generated_Source\PSoC4/Cm0Start.c **** * Parameters:
 330:.\Generated_Source\PSoC4/Cm0Start.c **** *  None
 331:.\Generated_Source\PSoC4/Cm0Start.c **** *
 332:.\Generated_Source\PSoC4/Cm0Start.c **** * Return:
 333:.\Generated_Source\PSoC4/Cm0Start.c **** *  The value that determines whether or not data sections should be initialized
 334:.\Generated_Source\PSoC4/Cm0Start.c **** *  by the system startup code:
 335:.\Generated_Source\PSoC4/Cm0Start.c **** *    0 - skip data sections initialization;
 336:.\Generated_Source\PSoC4/Cm0Start.c **** *    1 - initialize data sections;
 337:.\Generated_Source\PSoC4/Cm0Start.c **** *
 338:.\Generated_Source\PSoC4/Cm0Start.c **** *******************************************************************************/
 339:.\Generated_Source\PSoC4/Cm0Start.c **** int __low_level_init(void)
 340:.\Generated_Source\PSoC4/Cm0Start.c **** {
 341:.\Generated_Source\PSoC4/Cm0Start.c ****     #if(!CY_PSOC4A)
 342:.\Generated_Source\PSoC4/Cm0Start.c ****         CySysWdtDisable();
 343:.\Generated_Source\PSoC4/Cm0Start.c ****     #endif  /* (!CY_PSOC4A) */
 344:.\Generated_Source\PSoC4/Cm0Start.c **** 
 345:.\Generated_Source\PSoC4/Cm0Start.c **** #if (CYDEV_BOOTLOADER_ENABLE)
 346:.\Generated_Source\PSoC4/Cm0Start.c ****     CyBtldr_CheckLaunch();
 347:.\Generated_Source\PSoC4/Cm0Start.c **** #endif /* CYDEV_BOOTLOADER_ENABLE */
 348:.\Generated_Source\PSoC4/Cm0Start.c **** 
 349:.\Generated_Source\PSoC4/Cm0Start.c ****     /* Initialize data sections */
 350:.\Generated_Source\PSoC4/Cm0Start.c ****     __iar_data_init3();
 351:.\Generated_Source\PSoC4/Cm0Start.c **** 
 352:.\Generated_Source\PSoC4/Cm0Start.c ****     initialize_psoc();
 353:.\Generated_Source\PSoC4/Cm0Start.c **** 
 354:.\Generated_Source\PSoC4/Cm0Start.c ****     return 0;
 355:.\Generated_Source\PSoC4/Cm0Start.c **** }
 356:.\Generated_Source\PSoC4/Cm0Start.c **** 
 357:.\Generated_Source\PSoC4/Cm0Start.c **** #endif /* __GNUC__ */
 358:.\Generated_Source\PSoC4/Cm0Start.c **** 
 359:.\Generated_Source\PSoC4/Cm0Start.c **** 
 360:.\Generated_Source\PSoC4/Cm0Start.c **** /*******************************************************************************
 361:.\Generated_Source\PSoC4/Cm0Start.c **** * Ram Interrupt Vector table storage area. Must be placed at 0x20000000.
 362:.\Generated_Source\PSoC4/Cm0Start.c **** *******************************************************************************/
 363:.\Generated_Source\PSoC4/Cm0Start.c **** 
 364:.\Generated_Source\PSoC4/Cm0Start.c **** #if defined (__ICCARM__)
 365:.\Generated_Source\PSoC4/Cm0Start.c ****     #pragma location=".ramvectors"
 366:.\Generated_Source\PSoC4/Cm0Start.c **** #else
 367:.\Generated_Source\PSoC4/Cm0Start.c ****     CY_SECTION(".ramvectors")
 368:.\Generated_Source\PSoC4/Cm0Start.c **** #endif  /* defined (__ICCARM__) */
 369:.\Generated_Source\PSoC4/Cm0Start.c **** cyisraddress CyRamVectors[CY_NUM_VECTORS];
 370:.\Generated_Source\PSoC4/Cm0Start.c **** 
 371:.\Generated_Source\PSoC4/Cm0Start.c **** 
 372:.\Generated_Source\PSoC4/Cm0Start.c **** /*******************************************************************************
 373:.\Generated_Source\PSoC4/Cm0Start.c **** * Rom Interrupt Vector table storage area. Must be 256-byte aligned.
 374:.\Generated_Source\PSoC4/Cm0Start.c **** *******************************************************************************/
 375:.\Generated_Source\PSoC4/Cm0Start.c **** 
ARM GAS  C:\Users\SNFU\AppData\Local\Temp\cctb04Bt.s 			page 11


 376:.\Generated_Source\PSoC4/Cm0Start.c **** #if defined(__ARMCC_VERSION)
 377:.\Generated_Source\PSoC4/Cm0Start.c ****     /* Suppress diagnostic message 1296-D: extended constant initialiser used */
 378:.\Generated_Source\PSoC4/Cm0Start.c ****     #pragma diag_suppress 1296
 379:.\Generated_Source\PSoC4/Cm0Start.c **** #endif  /* defined(__ARMCC_VERSION) */
 380:.\Generated_Source\PSoC4/Cm0Start.c **** 
 381:.\Generated_Source\PSoC4/Cm0Start.c **** #if defined (__ICCARM__)
 382:.\Generated_Source\PSoC4/Cm0Start.c ****     #pragma location=".romvectors"
 383:.\Generated_Source\PSoC4/Cm0Start.c ****     const intvec_elem __vector_table[CY_NUM_ROM_VECTORS] =
 384:.\Generated_Source\PSoC4/Cm0Start.c **** #else
 385:.\Generated_Source\PSoC4/Cm0Start.c ****     CY_SECTION(".romvectors")
 386:.\Generated_Source\PSoC4/Cm0Start.c ****     const cyisraddress RomVectors[CY_NUM_ROM_VECTORS] =
 387:.\Generated_Source\PSoC4/Cm0Start.c **** #endif  /* defined (__ICCARM__) */
 388:.\Generated_Source\PSoC4/Cm0Start.c **** {
 389:.\Generated_Source\PSoC4/Cm0Start.c ****     INITIAL_STACK_POINTER,   /* The initial stack pointer  0 */
 390:.\Generated_Source\PSoC4/Cm0Start.c ****     #if defined (__ICCARM__) /* The reset handler          1 */
 391:.\Generated_Source\PSoC4/Cm0Start.c ****         __iar_program_start,
 392:.\Generated_Source\PSoC4/Cm0Start.c ****     #else
 393:.\Generated_Source\PSoC4/Cm0Start.c ****         (cyisraddress)&Reset,
 394:.\Generated_Source\PSoC4/Cm0Start.c ****     #endif  /* defined (__ICCARM__) */
 395:.\Generated_Source\PSoC4/Cm0Start.c ****     &IntDefaultHandler,      /* The NMI handler            2 */
 396:.\Generated_Source\PSoC4/Cm0Start.c ****     &IntDefaultHandler,      /* The hard fault handler     3 */
 397:.\Generated_Source\PSoC4/Cm0Start.c **** };
 398:.\Generated_Source\PSoC4/Cm0Start.c **** 
 399:.\Generated_Source\PSoC4/Cm0Start.c **** #if defined(__ARMCC_VERSION)
 400:.\Generated_Source\PSoC4/Cm0Start.c ****     #pragma diag_default 1296
 401:.\Generated_Source\PSoC4/Cm0Start.c **** #endif  /* defined(__ARMCC_VERSION) */
 402:.\Generated_Source\PSoC4/Cm0Start.c **** 
 403:.\Generated_Source\PSoC4/Cm0Start.c **** 
 404:.\Generated_Source\PSoC4/Cm0Start.c **** /*******************************************************************************
 405:.\Generated_Source\PSoC4/Cm0Start.c **** * Function Name: initialize_psoc
 406:.\Generated_Source\PSoC4/Cm0Start.c **** ********************************************************************************
 407:.\Generated_Source\PSoC4/Cm0Start.c **** *
 408:.\Generated_Source\PSoC4/Cm0Start.c **** * Summary:
 409:.\Generated_Source\PSoC4/Cm0Start.c **** *  This function is used to initialize the PSoC chip before calling main.
 410:.\Generated_Source\PSoC4/Cm0Start.c **** *
 411:.\Generated_Source\PSoC4/Cm0Start.c **** * Parameters:
 412:.\Generated_Source\PSoC4/Cm0Start.c **** *  None
 413:.\Generated_Source\PSoC4/Cm0Start.c **** *
 414:.\Generated_Source\PSoC4/Cm0Start.c **** * Return:
 415:.\Generated_Source\PSoC4/Cm0Start.c **** *  None
 416:.\Generated_Source\PSoC4/Cm0Start.c **** *
 417:.\Generated_Source\PSoC4/Cm0Start.c **** *******************************************************************************/
 418:.\Generated_Source\PSoC4/Cm0Start.c **** #if(defined(__GNUC__) && !defined(__ARMCC_VERSION))
 419:.\Generated_Source\PSoC4/Cm0Start.c **** __attribute__ ((constructor(101)))
 420:.\Generated_Source\PSoC4/Cm0Start.c **** #endif  /* (defined(__GNUC__) && !defined(__ARMCC_VERSION)) */
 421:.\Generated_Source\PSoC4/Cm0Start.c **** void initialize_psoc(void)
 422:.\Generated_Source\PSoC4/Cm0Start.c **** {
 193              		.loc 1 422 0
 194              		.cfi_startproc
 195              	.LVL16:
 196 0000 08B5     		push	{r3, lr}
 197              	.LCFI4:
 198              		.cfi_def_cfa_offset 8
 199              		.cfi_offset 3, -8
 200              		.cfi_offset 14, -4
 423:.\Generated_Source\PSoC4/Cm0Start.c ****     uint32 indexInit;
 424:.\Generated_Source\PSoC4/Cm0Start.c **** 
ARM GAS  C:\Users\SNFU\AppData\Local\Temp\cctb04Bt.s 			page 12


 425:.\Generated_Source\PSoC4/Cm0Start.c ****     #if(!CY_PSOC4A)
 426:.\Generated_Source\PSoC4/Cm0Start.c ****         /***********************************************************************
 427:.\Generated_Source\PSoC4/Cm0Start.c ****         * Make sure that Vector Table is located at 0000_0000 in Flash, before
 428:.\Generated_Source\PSoC4/Cm0Start.c ****         * accessing RomVectors or calling functions that may be placed in
 429:.\Generated_Source\PSoC4/Cm0Start.c ****         * .psocinit (cyfitter_cfg and ClockSetup). Note The CY_CPUSS_CONFIG_REG
 430:.\Generated_Source\PSoC4/Cm0Start.c ****         * register is retention for the specified device family.
 431:.\Generated_Source\PSoC4/Cm0Start.c ****         ***********************************************************************/
 432:.\Generated_Source\PSoC4/Cm0Start.c ****         CY_CPUSS_CONFIG_REG &= (uint32) ~CY_CPUSS_CONFIG_VECT_IN_RAM;
 433:.\Generated_Source\PSoC4/Cm0Start.c ****     #endif  /* (!CY_PSOC4A) */
 434:.\Generated_Source\PSoC4/Cm0Start.c **** 
 435:.\Generated_Source\PSoC4/Cm0Start.c ****     /* Set Ram interrupt vectors to default functions. */
 436:.\Generated_Source\PSoC4/Cm0Start.c ****     for (indexInit = 0u; indexInit < CY_NUM_VECTORS; indexInit++)
 201              		.loc 1 436 0
 202 0002 0023     		mov	r3, #0
 203              	.LVL17:
 204              	.L24:
 205 0004 9A00     		lsl	r2, r3, #2
 437:.\Generated_Source\PSoC4/Cm0Start.c ****     {
 438:.\Generated_Source\PSoC4/Cm0Start.c ****         CyRamVectors[indexInit] = (indexInit < CY_NUM_ROM_VECTORS) ?
 439:.\Generated_Source\PSoC4/Cm0Start.c ****             #if defined (__ICCARM__)
 440:.\Generated_Source\PSoC4/Cm0Start.c ****                 __vector_table[indexInit].__fun : &IntDefaultHandler;
 441:.\Generated_Source\PSoC4/Cm0Start.c ****             #else
 442:.\Generated_Source\PSoC4/Cm0Start.c ****                 RomVectors[indexInit] : &IntDefaultHandler;
 206              		.loc 1 442 0
 207 0006 032B     		cmp	r3, #3
 208 0008 02D8     		bhi	.L26
 209              		.loc 1 442 0 is_stmt 0 discriminator 1
 210 000a 0D48     		ldr	r0, .L28
 211 000c 8158     		ldr	r1, [r0, r2]
 212 000e 00E0     		b	.L23
 213              	.L26:
 214              		.loc 1 442 0
 215 0010 0C49     		ldr	r1, .L28+4
 216              	.L23:
 438:.\Generated_Source\PSoC4/Cm0Start.c ****         CyRamVectors[indexInit] = (indexInit < CY_NUM_ROM_VECTORS) ?
 217              		.loc 1 438 0 is_stmt 1
 218 0012 0D48     		ldr	r0, .L28+8
 436:.\Generated_Source\PSoC4/Cm0Start.c ****     for (indexInit = 0u; indexInit < CY_NUM_VECTORS; indexInit++)
 219              		.loc 1 436 0
 220 0014 0133     		add	r3, r3, #1
 221              	.LVL18:
 438:.\Generated_Source\PSoC4/Cm0Start.c ****         CyRamVectors[indexInit] = (indexInit < CY_NUM_ROM_VECTORS) ?
 222              		.loc 1 438 0
 223 0016 8150     		str	r1, [r0, r2]
 436:.\Generated_Source\PSoC4/Cm0Start.c ****     for (indexInit = 0u; indexInit < CY_NUM_VECTORS; indexInit++)
 224              		.loc 1 436 0
 225 0018 302B     		cmp	r3, #48
 226 001a F3D1     		bne	.L24
 443:.\Generated_Source\PSoC4/Cm0Start.c ****             #endif  /* defined (__ICCARM__) */
 444:.\Generated_Source\PSoC4/Cm0Start.c ****     }
 445:.\Generated_Source\PSoC4/Cm0Start.c **** 
 446:.\Generated_Source\PSoC4/Cm0Start.c ****     /* Initialize configuration registers. */
 447:.\Generated_Source\PSoC4/Cm0Start.c ****     cyfitter_cfg();
 227              		.loc 1 447 0
 228 001c FFF7FEFF 		bl	cyfitter_cfg
 229              	.LVL19:
 448:.\Generated_Source\PSoC4/Cm0Start.c **** 
ARM GAS  C:\Users\SNFU\AppData\Local\Temp\cctb04Bt.s 			page 13


 449:.\Generated_Source\PSoC4/Cm0Start.c ****     #if !defined (__ICCARM__)
 450:.\Generated_Source\PSoC4/Cm0Start.c ****         /* Actually, no need to clean this variable, just to make compiler happy. */
 451:.\Generated_Source\PSoC4/Cm0Start.c ****         cySysNoInitDataValid = 0u;
 452:.\Generated_Source\PSoC4/Cm0Start.c ****     #endif  /* !defined (__ICCARM__) */
 453:.\Generated_Source\PSoC4/Cm0Start.c **** 
 454:.\Generated_Source\PSoC4/Cm0Start.c ****     #if (CYDEV_PROJ_TYPE != CYDEV_PROJ_TYPE_STANDARD)
 455:.\Generated_Source\PSoC4/Cm0Start.c **** 
 456:.\Generated_Source\PSoC4/Cm0Start.c ****         /* Need to make sure that this variable will not be optimized out */
 457:.\Generated_Source\PSoC4/Cm0Start.c ****         if (0u == cyBtldrRunType)
 230              		.loc 1 457 0
 231 0020 0A49     		ldr	r1, .L28+12
 451:.\Generated_Source\PSoC4/Cm0Start.c ****         cySysNoInitDataValid = 0u;
 232              		.loc 1 451 0
 233 0022 0B4B     		ldr	r3, .L28+16
 234              		.loc 1 457 0
 235 0024 0868     		ldr	r0, [r1]
 451:.\Generated_Source\PSoC4/Cm0Start.c ****         cySysNoInitDataValid = 0u;
 236              		.loc 1 451 0
 237 0026 0022     		mov	r2, #0
 238 0028 1A60     		str	r2, [r3]
 239              		.loc 1 457 0
 240 002a 0028     		cmp	r0, #0
 241 002c 00D1     		bne	.L25
 458:.\Generated_Source\PSoC4/Cm0Start.c ****         {
 459:.\Generated_Source\PSoC4/Cm0Start.c ****             cyBtldrRunType = 0u;
 242              		.loc 1 459 0
 243 002e 0860     		str	r0, [r1]
 244              	.L25:
 460:.\Generated_Source\PSoC4/Cm0Start.c ****         }
 461:.\Generated_Source\PSoC4/Cm0Start.c **** 
 462:.\Generated_Source\PSoC4/Cm0Start.c ****     #endif  /* (CYDEV_PROJ_TYPE != CYDEV_PROJ_TYPE_STANDARD) */
 463:.\Generated_Source\PSoC4/Cm0Start.c **** 
 464:.\Generated_Source\PSoC4/Cm0Start.c ****     /* Vector Table is located at 0x2000:0000 in SRAM */
 465:.\Generated_Source\PSoC4/Cm0Start.c ****     CY_CPUSS_CONFIG_REG |= CY_CPUSS_CONFIG_VECT_IN_RAM;
 245              		.loc 1 465 0
 246 0030 8022     		mov	r2, #128
 247 0032 D305     		lsl	r3, r2, #23
 248 0034 1868     		ldr	r0, [r3]
 249 0036 0121     		mov	r1, #1
 250 0038 0843     		orr	r0, r1
 251 003a 1860     		str	r0, [r3]
 466:.\Generated_Source\PSoC4/Cm0Start.c **** }
 252              		.loc 1 466 0
 253              		@ sp needed for prologue
 254 003c 08BD     		pop	{r3, pc}
 255              	.L29:
 256 003e C046     		.align	2
 257              	.L28:
 258 0040 00000000 		.word	.LANCHOR0
 259 0044 00000000 		.word	IntDefaultHandler
 260 0048 00000000 		.word	.LANCHOR1
 261 004c 00000000 		.word	.LANCHOR3
 262 0050 00000000 		.word	.LANCHOR2
 263              		.cfi_endproc
 264              	.LFE4:
 265              		.size	initialize_psoc, .-initialize_psoc
 266              		.section	.init_array,"aw",%init_array
ARM GAS  C:\Users\SNFU\AppData\Local\Temp\cctb04Bt.s 			page 14


 267              		.align	2
 268 0000 00000000 		.word	initialize_psoc(target1)
 269              		.global	RomVectors
 270              		.global	CyRamVectors
 271              		.global	cyBtldrRunType
 272              		.section	.bootloaderruntype,"aw",%progbits
 273              		.align	2
 274              		.set	.LANCHOR3,. + 0
 275              		.type	cyBtldrRunType, %object
 276              		.size	cyBtldrRunType, 4
 277              	cyBtldrRunType:
 278 0000 00000000 		.space	4
 279              		.section	.romvectors,"a",%progbits
 280              		.align	2
 281              		.set	.LANCHOR0,. + 0
 282              		.type	RomVectors, %object
 283              		.size	RomVectors, 16
 284              	RomVectors:
 285 0000 00000000 		.word	__cy_stack
 286 0004 00000000 		.word	Reset
 287 0008 00000000 		.word	IntDefaultHandler
 288 000c 00000000 		.word	IntDefaultHandler
 289              		.section	.noinit,"aw",%progbits
 290              		.align	2
 291              		.set	.LANCHOR2,. + 0
 292              		.type	cySysNoInitDataValid, %object
 293              		.size	cySysNoInitDataValid, 4
 294              	cySysNoInitDataValid:
 295 0000 00000000 		.space	4
 296              		.section	.ramvectors,"aw",%progbits
 297              		.align	2
 298              		.set	.LANCHOR1,. + 0
 299              		.type	CyRamVectors, %object
 300              		.size	CyRamVectors, 192
 301              	CyRamVectors:
 302 0000 00000000 		.space	192
 302      00000000 
 302      00000000 
 302      00000000 
 302      00000000 
 303              		.weak	__cy_region_num
 304              		.text
 305              	.Letext0:
 306              		.file 2 ".\\Generated_Source\\PSoC4\\cytypes.h"
 307              		.file 3 "c:\\program files\\cypress\\psoc creator\\3.0\\psoc creator\\import\\gnu_cs\\arm\\4.7.3\\
 308              		.file 4 ".\\Generated_Source\\PSoC4\\cyfitter_cfg.h"
 309              		.section	.debug_info,"",%progbits
 310              	.Ldebug_info0:
 311 0000 1C030000 		.4byte	0x31c
 312 0004 0200     		.2byte	0x2
 313 0006 00000000 		.4byte	.Ldebug_abbrev0
 314 000a 04       		.byte	0x4
 315 000b 01       		.uleb128 0x1
 316 000c 18020000 		.4byte	.LASF39
 317 0010 01       		.byte	0x1
 318 0011 EA010000 		.4byte	.LASF40
 319 0015 60000000 		.4byte	.LASF41
ARM GAS  C:\Users\SNFU\AppData\Local\Temp\cctb04Bt.s 			page 15


 320 0019 00000000 		.4byte	.Ldebug_ranges0+0
 321 001d 00000000 		.4byte	0
 322 0021 00000000 		.4byte	0
 323 0025 00000000 		.4byte	.Ldebug_line0
 324 0029 02       		.uleb128 0x2
 325 002a 01       		.byte	0x1
 326 002b 06       		.byte	0x6
 327 002c 6A020000 		.4byte	.LASF0
 328 0030 02       		.uleb128 0x2
 329 0031 01       		.byte	0x1
 330 0032 08       		.byte	0x8
 331 0033 C2000000 		.4byte	.LASF1
 332 0037 02       		.uleb128 0x2
 333 0038 02       		.byte	0x2
 334 0039 05       		.byte	0x5
 335 003a 0E020000 		.4byte	.LASF2
 336 003e 02       		.uleb128 0x2
 337 003f 02       		.byte	0x2
 338 0040 07       		.byte	0x7
 339 0041 02010000 		.4byte	.LASF3
 340 0045 02       		.uleb128 0x2
 341 0046 04       		.byte	0x4
 342 0047 05       		.byte	0x5
 343 0048 61020000 		.4byte	.LASF4
 344 004c 02       		.uleb128 0x2
 345 004d 04       		.byte	0x4
 346 004e 07       		.byte	0x7
 347 004f DB000000 		.4byte	.LASF5
 348 0053 02       		.uleb128 0x2
 349 0054 08       		.byte	0x8
 350 0055 05       		.byte	0x5
 351 0056 D7010000 		.4byte	.LASF6
 352 005a 02       		.uleb128 0x2
 353 005b 08       		.byte	0x8
 354 005c 07       		.byte	0x7
 355 005d 89010000 		.4byte	.LASF7
 356 0061 03       		.uleb128 0x3
 357 0062 04       		.byte	0x4
 358 0063 05       		.byte	0x5
 359 0064 696E7400 		.ascii	"int\000"
 360 0068 02       		.uleb128 0x2
 361 0069 04       		.byte	0x4
 362 006a 07       		.byte	0x7
 363 006b 6F010000 		.4byte	.LASF8
 364 006f 04       		.uleb128 0x4
 365 0070 5E010000 		.4byte	.LASF12
 366 0074 02       		.byte	0x2
 367 0075 5D       		.byte	0x5d
 368 0076 4C000000 		.4byte	0x4c
 369 007a 02       		.uleb128 0x2
 370 007b 04       		.byte	0x4
 371 007c 04       		.byte	0x4
 372 007d B7000000 		.4byte	.LASF9
 373 0081 02       		.uleb128 0x2
 374 0082 08       		.byte	0x8
 375 0083 04       		.byte	0x4
 376 0084 33010000 		.4byte	.LASF10
ARM GAS  C:\Users\SNFU\AppData\Local\Temp\cctb04Bt.s 			page 16


 377 0088 02       		.uleb128 0x2
 378 0089 01       		.byte	0x1
 379 008a 08       		.byte	0x8
 380 008b E5010000 		.4byte	.LASF11
 381 008f 04       		.uleb128 0x4
 382 0090 00000000 		.4byte	.LASF13
 383 0094 02       		.byte	0x2
 384 0095 F2       		.byte	0xf2
 385 0096 9A000000 		.4byte	0x9a
 386 009a 05       		.uleb128 0x5
 387 009b 6F000000 		.4byte	0x6f
 388 009f 06       		.uleb128 0x6
 389 00a0 A6010000 		.4byte	.LASF14
 390 00a4 02       		.byte	0x2
 391 00a5 0201     		.2byte	0x102
 392 00a7 AB000000 		.4byte	0xab
 393 00ab 07       		.uleb128 0x7
 394 00ac 04       		.byte	0x4
 395 00ad B1000000 		.4byte	0xb1
 396 00b1 08       		.uleb128 0x8
 397 00b2 01       		.byte	0x1
 398 00b3 02       		.uleb128 0x2
 399 00b4 04       		.byte	0x4
 400 00b5 07       		.byte	0x7
 401 00b6 CE010000 		.4byte	.LASF15
 402 00ba 09       		.uleb128 0x9
 403 00bb 88000000 		.4byte	0x88
 404 00bf 04       		.uleb128 0x4
 405 00c0 06000000 		.4byte	.LASF16
 406 00c4 03       		.byte	0x3
 407 00c5 D5       		.byte	0xd5
 408 00c6 68000000 		.4byte	0x68
 409 00ca 04       		.uleb128 0x4
 410 00cb BD010000 		.4byte	.LASF17
 411 00cf 01       		.byte	0x1
 412 00d0 CA       		.byte	0xca
 413 00d1 30000000 		.4byte	0x30
 414 00d5 0A       		.uleb128 0xa
 415 00d6 8B020000 		.4byte	.LASF42
 416 00da 10       		.byte	0x10
 417 00db 01       		.byte	0x1
 418 00dc CC       		.byte	0xcc
 419 00dd 1A010000 		.4byte	0x11a
 420 00e1 0B       		.uleb128 0xb
 421 00e2 4A000000 		.4byte	.LASF18
 422 00e6 01       		.byte	0x1
 423 00e7 CE       		.byte	0xce
 424 00e8 1A010000 		.4byte	0x11a
 425 00ec 02       		.byte	0x2
 426 00ed 23       		.byte	0x23
 427 00ee 00       		.uleb128 0
 428 00ef 0B       		.uleb128 0xb
 429 00f0 BD000000 		.4byte	.LASF19
 430 00f4 01       		.byte	0x1
 431 00f5 CF       		.byte	0xcf
 432 00f6 1A010000 		.4byte	0x11a
 433 00fa 02       		.byte	0x2
ARM GAS  C:\Users\SNFU\AppData\Local\Temp\cctb04Bt.s 			page 17


 434 00fb 23       		.byte	0x23
 435 00fc 04       		.uleb128 0x4
 436 00fd 0B       		.uleb128 0xb
 437 00fe B3010000 		.4byte	.LASF20
 438 0102 01       		.byte	0x1
 439 0103 D0       		.byte	0xd0
 440 0104 BF000000 		.4byte	0xbf
 441 0108 02       		.byte	0x2
 442 0109 23       		.byte	0x23
 443 010a 08       		.uleb128 0x8
 444 010b 0B       		.uleb128 0xb
 445 010c 56000000 		.4byte	.LASF21
 446 0110 01       		.byte	0x1
 447 0111 D1       		.byte	0xd1
 448 0112 BF000000 		.4byte	0xbf
 449 0116 02       		.byte	0x2
 450 0117 23       		.byte	0x23
 451 0118 0C       		.uleb128 0xc
 452 0119 00       		.byte	0
 453 011a 07       		.uleb128 0x7
 454 011b 04       		.byte	0x4
 455 011c CA000000 		.4byte	0xca
 456 0120 0C       		.uleb128 0xc
 457 0121 01       		.byte	0x1
 458 0122 21010000 		.4byte	.LASF43
 459 0126 01       		.byte	0x1
 460 0127 62       		.byte	0x62
 461 0128 01       		.byte	0x1
 462 0129 00000000 		.4byte	.LFB0
 463 012d 04000000 		.4byte	.LFE0
 464 0131 00000000 		.4byte	.LLST0
 465 0135 01       		.byte	0x1
 466 0136 0D       		.uleb128 0xd
 467 0137 01       		.byte	0x1
 468 0138 1B010000 		.4byte	.LASF22
 469 013c 01       		.byte	0x1
 470 013d D9       		.byte	0xd9
 471 013e 01       		.byte	0x1
 472 013f 00000000 		.4byte	.LFB1
 473 0143 04000000 		.4byte	.LFE1
 474 0147 20000000 		.4byte	.LLST1
 475 014b 01       		.byte	0x1
 476 014c 67010000 		.4byte	0x167
 477 0150 0E       		.uleb128 0xe
 478 0151 4F000000 		.4byte	.LASF44
 479 0155 01       		.byte	0x1
 480 0156 D9       		.byte	0xd9
 481 0157 61000000 		.4byte	0x61
 482 015b 01       		.byte	0x1
 483 015c 50       		.byte	0x50
 484 015d 0F       		.uleb128 0xf
 485 015e 7800     		.ascii	"x\000"
 486 0160 01       		.byte	0x1
 487 0161 DC       		.byte	0xdc
 488 0162 61000000 		.4byte	0x61
 489 0166 00       		.byte	0
 490 0167 0D       		.uleb128 0xd
ARM GAS  C:\Users\SNFU\AppData\Local\Temp\cctb04Bt.s 			page 18


 491 0168 01       		.byte	0x1
 492 0169 2C000000 		.4byte	.LASF23
 493 016d 01       		.byte	0x1
 494 016e F6       		.byte	0xf6
 495 016f 01       		.byte	0x1
 496 0170 00000000 		.4byte	.LFB2
 497 0174 48000000 		.4byte	.LFE2
 498 0178 40000000 		.4byte	.LLST2
 499 017c 01       		.byte	0x1
 500 017d FA010000 		.4byte	0x1fa
 501 0181 10       		.uleb128 0x10
 502 0182 83020000 		.4byte	.LASF24
 503 0186 01       		.byte	0x1
 504 0187 F8       		.byte	0xf8
 505 0188 68000000 		.4byte	0x68
 506 018c 11       		.uleb128 0x11
 507 018d B2000000 		.4byte	.LASF25
 508 0191 01       		.byte	0x1
 509 0192 F9       		.byte	0xf9
 510 0193 FA010000 		.4byte	0x1fa
 511 0197 60000000 		.4byte	.LLST3
 512 019b 12       		.uleb128 0x12
 513 019c 0C000000 		.4byte	.LBB2
 514 01a0 30000000 		.4byte	.LBE2
 515 01a4 E7010000 		.4byte	0x1e7
 516 01a8 13       		.uleb128 0x13
 517 01a9 73726300 		.ascii	"src\000"
 518 01ad 01       		.byte	0x1
 519 01ae FE       		.byte	0xfe
 520 01af 05020000 		.4byte	0x205
 521 01b3 73000000 		.4byte	.LLST4
 522 01b7 13       		.uleb128 0x13
 523 01b8 64737400 		.ascii	"dst\000"
 524 01bc 01       		.byte	0x1
 525 01bd FF       		.byte	0xff
 526 01be 05020000 		.4byte	0x205
 527 01c2 87000000 		.4byte	.LLST5
 528 01c6 14       		.uleb128 0x14
 529 01c7 A0010000 		.4byte	.LASF26
 530 01cb 01       		.byte	0x1
 531 01cc 0001     		.2byte	0x100
 532 01ce 68000000 		.4byte	0x68
 533 01d2 A5000000 		.4byte	.LLST6
 534 01d6 14       		.uleb128 0x14
 535 01d7 34000000 		.4byte	.LASF27
 536 01db 01       		.byte	0x1
 537 01dc 0101     		.2byte	0x101
 538 01de 68000000 		.4byte	0x68
 539 01e2 C3000000 		.4byte	.LLST7
 540 01e6 00       		.byte	0
 541 01e7 15       		.uleb128 0x15
 542 01e8 3A000000 		.4byte	.LVL13
 543 01ec FD020000 		.4byte	0x2fd
 544 01f0 15       		.uleb128 0x15
 545 01f1 3E000000 		.4byte	.LVL14
 546 01f5 07030000 		.4byte	0x307
 547 01f9 00       		.byte	0
ARM GAS  C:\Users\SNFU\AppData\Local\Temp\cctb04Bt.s 			page 19


 548 01fa 07       		.uleb128 0x7
 549 01fb 04       		.byte	0x4
 550 01fc 00020000 		.4byte	0x200
 551 0200 09       		.uleb128 0x9
 552 0201 D5000000 		.4byte	0xd5
 553 0205 07       		.uleb128 0x7
 554 0206 04       		.byte	0x4
 555 0207 6F000000 		.4byte	0x6f
 556 020b 16       		.uleb128 0x16
 557 020c 01       		.byte	0x1
 558 020d 15010000 		.4byte	.LASF28
 559 0211 01       		.byte	0x1
 560 0212 2801     		.2byte	0x128
 561 0214 01       		.byte	0x1
 562 0215 00000000 		.4byte	.LFB3
 563 0219 10000000 		.4byte	.LFE3
 564 021d E3000000 		.4byte	.LLST8
 565 0221 01       		.byte	0x1
 566 0222 30020000 		.4byte	0x230
 567 0226 15       		.uleb128 0x15
 568 0227 0C000000 		.4byte	.LVL15
 569 022b 67010000 		.4byte	0x167
 570 022f 00       		.byte	0
 571 0230 16       		.uleb128 0x16
 572 0231 01       		.byte	0x1
 573 0232 4E010000 		.4byte	.LASF29
 574 0236 01       		.byte	0x1
 575 0237 A501     		.2byte	0x1a5
 576 0239 01       		.byte	0x1
 577 023a 00000000 		.4byte	.LFB4
 578 023e 54000000 		.4byte	.LFE4
 579 0242 03010000 		.4byte	.LLST9
 580 0246 01       		.byte	0x1
 581 0247 65020000 		.4byte	0x265
 582 024b 14       		.uleb128 0x14
 583 024c 65010000 		.4byte	.LASF30
 584 0250 01       		.byte	0x1
 585 0251 A701     		.2byte	0x1a7
 586 0253 6F000000 		.4byte	0x6f
 587 0257 23010000 		.4byte	.LLST10
 588 025b 15       		.uleb128 0x15
 589 025c 20000000 		.4byte	.LVL19
 590 0260 15030000 		.4byte	0x315
 591 0264 00       		.byte	0
 592 0265 17       		.uleb128 0x17
 593 0266 ED000000 		.4byte	.LASF31
 594 026a 01       		.byte	0x1
 595 026b 39       		.byte	0x39
 596 026c 6F000000 		.4byte	0x6f
 597 0270 05       		.byte	0x5
 598 0271 03       		.byte	0x3
 599 0272 00000000 		.4byte	cySysNoInitDataValid
 600 0276 18       		.uleb128 0x18
 601 0277 3F010000 		.4byte	.LASF32
 602 027b 01       		.byte	0x1
 603 027c 4A       		.byte	0x4a
 604 027d 9A000000 		.4byte	0x9a
ARM GAS  C:\Users\SNFU\AppData\Local\Temp\cctb04Bt.s 			page 20


 605 0281 01       		.byte	0x1
 606 0282 05       		.byte	0x5
 607 0283 03       		.byte	0x3
 608 0284 00000000 		.4byte	cyBtldrRunType
 609 0288 19       		.uleb128 0x19
 610 0289 D5000000 		.4byte	0xd5
 611 028d 93020000 		.4byte	0x293
 612 0291 1A       		.uleb128 0x1a
 613 0292 00       		.byte	0
 614 0293 1B       		.uleb128 0x1b
 615 0294 76020000 		.4byte	.LASF33
 616 0298 01       		.byte	0x1
 617 0299 D4       		.byte	0xd4
 618 029a A0020000 		.4byte	0x2a0
 619 029e 01       		.byte	0x1
 620 029f 01       		.byte	0x1
 621 02a0 09       		.uleb128 0x9
 622 02a1 88020000 		.4byte	0x288
 623 02a5 1B       		.uleb128 0x1b
 624 02a6 3A000000 		.4byte	.LASF34
 625 02aa 01       		.byte	0x1
 626 02ab D5       		.byte	0xd5
 627 02ac BA000000 		.4byte	0xba
 628 02b0 01       		.byte	0x1
 629 02b1 01       		.byte	0x1
 630 02b2 19       		.uleb128 0x19
 631 02b3 9F000000 		.4byte	0x9f
 632 02b7 C2020000 		.4byte	0x2c2
 633 02bb 1C       		.uleb128 0x1c
 634 02bc B3000000 		.4byte	0xb3
 635 02c0 2F       		.byte	0x2f
 636 02c1 00       		.byte	0
 637 02c2 1D       		.uleb128 0x1d
 638 02c3 1F000000 		.4byte	.LASF35
 639 02c7 01       		.byte	0x1
 640 02c8 7101     		.2byte	0x171
 641 02ca B2020000 		.4byte	0x2b2
 642 02ce 01       		.byte	0x1
 643 02cf 05       		.byte	0x5
 644 02d0 03       		.byte	0x3
 645 02d1 00000000 		.4byte	CyRamVectors
 646 02d5 19       		.uleb128 0x19
 647 02d6 9F000000 		.4byte	0x9f
 648 02da E5020000 		.4byte	0x2e5
 649 02de 1C       		.uleb128 0x1c
 650 02df B3000000 		.4byte	0xb3
 651 02e3 03       		.byte	0x3
 652 02e4 00       		.byte	0
 653 02e5 1D       		.uleb128 0x1d
 654 02e6 D0000000 		.4byte	.LASF36
 655 02ea 01       		.byte	0x1
 656 02eb 8201     		.2byte	0x182
 657 02ed F8020000 		.4byte	0x2f8
 658 02f1 01       		.byte	0x1
 659 02f2 05       		.byte	0x5
 660 02f3 03       		.byte	0x3
 661 02f4 00000000 		.4byte	RomVectors
ARM GAS  C:\Users\SNFU\AppData\Local\Temp\cctb04Bt.s 			page 21


 662 02f8 09       		.uleb128 0x9
 663 02f9 D5020000 		.4byte	0x2d5
 664 02fd 1E       		.uleb128 0x1e
 665 02fe 01       		.byte	0x1
 666 02ff 0D000000 		.4byte	.LASF37
 667 0303 01       		.byte	0x1
 668 0304 C8       		.byte	0xc8
 669 0305 01       		.byte	0x1
 670 0306 01       		.byte	0x1
 671 0307 1F       		.uleb128 0x1f
 672 0308 01       		.byte	0x1
 673 0309 3A010000 		.4byte	.LASF45
 674 030d 01       		.byte	0x1
 675 030e C5       		.byte	0xc5
 676 030f 01       		.byte	0x1
 677 0310 61000000 		.4byte	0x61
 678 0314 01       		.byte	0x1
 679 0315 1E       		.uleb128 0x1e
 680 0316 01       		.byte	0x1
 681 0317 7C010000 		.4byte	.LASF38
 682 031b 04       		.byte	0x4
 683 031c 14       		.byte	0x14
 684 031d 01       		.byte	0x1
 685 031e 01       		.byte	0x1
 686 031f 00       		.byte	0
 687              		.section	.debug_abbrev,"",%progbits
 688              	.Ldebug_abbrev0:
 689 0000 01       		.uleb128 0x1
 690 0001 11       		.uleb128 0x11
 691 0002 01       		.byte	0x1
 692 0003 25       		.uleb128 0x25
 693 0004 0E       		.uleb128 0xe
 694 0005 13       		.uleb128 0x13
 695 0006 0B       		.uleb128 0xb
 696 0007 03       		.uleb128 0x3
 697 0008 0E       		.uleb128 0xe
 698 0009 1B       		.uleb128 0x1b
 699 000a 0E       		.uleb128 0xe
 700 000b 55       		.uleb128 0x55
 701 000c 06       		.uleb128 0x6
 702 000d 11       		.uleb128 0x11
 703 000e 01       		.uleb128 0x1
 704 000f 52       		.uleb128 0x52
 705 0010 01       		.uleb128 0x1
 706 0011 10       		.uleb128 0x10
 707 0012 06       		.uleb128 0x6
 708 0013 00       		.byte	0
 709 0014 00       		.byte	0
 710 0015 02       		.uleb128 0x2
 711 0016 24       		.uleb128 0x24
 712 0017 00       		.byte	0
 713 0018 0B       		.uleb128 0xb
 714 0019 0B       		.uleb128 0xb
 715 001a 3E       		.uleb128 0x3e
 716 001b 0B       		.uleb128 0xb
 717 001c 03       		.uleb128 0x3
 718 001d 0E       		.uleb128 0xe
ARM GAS  C:\Users\SNFU\AppData\Local\Temp\cctb04Bt.s 			page 22


 719 001e 00       		.byte	0
 720 001f 00       		.byte	0
 721 0020 03       		.uleb128 0x3
 722 0021 24       		.uleb128 0x24
 723 0022 00       		.byte	0
 724 0023 0B       		.uleb128 0xb
 725 0024 0B       		.uleb128 0xb
 726 0025 3E       		.uleb128 0x3e
 727 0026 0B       		.uleb128 0xb
 728 0027 03       		.uleb128 0x3
 729 0028 08       		.uleb128 0x8
 730 0029 00       		.byte	0
 731 002a 00       		.byte	0
 732 002b 04       		.uleb128 0x4
 733 002c 16       		.uleb128 0x16
 734 002d 00       		.byte	0
 735 002e 03       		.uleb128 0x3
 736 002f 0E       		.uleb128 0xe
 737 0030 3A       		.uleb128 0x3a
 738 0031 0B       		.uleb128 0xb
 739 0032 3B       		.uleb128 0x3b
 740 0033 0B       		.uleb128 0xb
 741 0034 49       		.uleb128 0x49
 742 0035 13       		.uleb128 0x13
 743 0036 00       		.byte	0
 744 0037 00       		.byte	0
 745 0038 05       		.uleb128 0x5
 746 0039 35       		.uleb128 0x35
 747 003a 00       		.byte	0
 748 003b 49       		.uleb128 0x49
 749 003c 13       		.uleb128 0x13
 750 003d 00       		.byte	0
 751 003e 00       		.byte	0
 752 003f 06       		.uleb128 0x6
 753 0040 16       		.uleb128 0x16
 754 0041 00       		.byte	0
 755 0042 03       		.uleb128 0x3
 756 0043 0E       		.uleb128 0xe
 757 0044 3A       		.uleb128 0x3a
 758 0045 0B       		.uleb128 0xb
 759 0046 3B       		.uleb128 0x3b
 760 0047 05       		.uleb128 0x5
 761 0048 49       		.uleb128 0x49
 762 0049 13       		.uleb128 0x13
 763 004a 00       		.byte	0
 764 004b 00       		.byte	0
 765 004c 07       		.uleb128 0x7
 766 004d 0F       		.uleb128 0xf
 767 004e 00       		.byte	0
 768 004f 0B       		.uleb128 0xb
 769 0050 0B       		.uleb128 0xb
 770 0051 49       		.uleb128 0x49
 771 0052 13       		.uleb128 0x13
 772 0053 00       		.byte	0
 773 0054 00       		.byte	0
 774 0055 08       		.uleb128 0x8
 775 0056 15       		.uleb128 0x15
ARM GAS  C:\Users\SNFU\AppData\Local\Temp\cctb04Bt.s 			page 23


 776 0057 00       		.byte	0
 777 0058 27       		.uleb128 0x27
 778 0059 0C       		.uleb128 0xc
 779 005a 00       		.byte	0
 780 005b 00       		.byte	0
 781 005c 09       		.uleb128 0x9
 782 005d 26       		.uleb128 0x26
 783 005e 00       		.byte	0
 784 005f 49       		.uleb128 0x49
 785 0060 13       		.uleb128 0x13
 786 0061 00       		.byte	0
 787 0062 00       		.byte	0
 788 0063 0A       		.uleb128 0xa
 789 0064 13       		.uleb128 0x13
 790 0065 01       		.byte	0x1
 791 0066 03       		.uleb128 0x3
 792 0067 0E       		.uleb128 0xe
 793 0068 0B       		.uleb128 0xb
 794 0069 0B       		.uleb128 0xb
 795 006a 3A       		.uleb128 0x3a
 796 006b 0B       		.uleb128 0xb
 797 006c 3B       		.uleb128 0x3b
 798 006d 0B       		.uleb128 0xb
 799 006e 01       		.uleb128 0x1
 800 006f 13       		.uleb128 0x13
 801 0070 00       		.byte	0
 802 0071 00       		.byte	0
 803 0072 0B       		.uleb128 0xb
 804 0073 0D       		.uleb128 0xd
 805 0074 00       		.byte	0
 806 0075 03       		.uleb128 0x3
 807 0076 0E       		.uleb128 0xe
 808 0077 3A       		.uleb128 0x3a
 809 0078 0B       		.uleb128 0xb
 810 0079 3B       		.uleb128 0x3b
 811 007a 0B       		.uleb128 0xb
 812 007b 49       		.uleb128 0x49
 813 007c 13       		.uleb128 0x13
 814 007d 38       		.uleb128 0x38
 815 007e 0A       		.uleb128 0xa
 816 007f 00       		.byte	0
 817 0080 00       		.byte	0
 818 0081 0C       		.uleb128 0xc
 819 0082 2E       		.uleb128 0x2e
 820 0083 00       		.byte	0
 821 0084 3F       		.uleb128 0x3f
 822 0085 0C       		.uleb128 0xc
 823 0086 03       		.uleb128 0x3
 824 0087 0E       		.uleb128 0xe
 825 0088 3A       		.uleb128 0x3a
 826 0089 0B       		.uleb128 0xb
 827 008a 3B       		.uleb128 0x3b
 828 008b 0B       		.uleb128 0xb
 829 008c 27       		.uleb128 0x27
 830 008d 0C       		.uleb128 0xc
 831 008e 11       		.uleb128 0x11
 832 008f 01       		.uleb128 0x1
ARM GAS  C:\Users\SNFU\AppData\Local\Temp\cctb04Bt.s 			page 24


 833 0090 12       		.uleb128 0x12
 834 0091 01       		.uleb128 0x1
 835 0092 40       		.uleb128 0x40
 836 0093 06       		.uleb128 0x6
 837 0094 9742     		.uleb128 0x2117
 838 0096 0C       		.uleb128 0xc
 839 0097 00       		.byte	0
 840 0098 00       		.byte	0
 841 0099 0D       		.uleb128 0xd
 842 009a 2E       		.uleb128 0x2e
 843 009b 01       		.byte	0x1
 844 009c 3F       		.uleb128 0x3f
 845 009d 0C       		.uleb128 0xc
 846 009e 03       		.uleb128 0x3
 847 009f 0E       		.uleb128 0xe
 848 00a0 3A       		.uleb128 0x3a
 849 00a1 0B       		.uleb128 0xb
 850 00a2 3B       		.uleb128 0x3b
 851 00a3 0B       		.uleb128 0xb
 852 00a4 27       		.uleb128 0x27
 853 00a5 0C       		.uleb128 0xc
 854 00a6 11       		.uleb128 0x11
 855 00a7 01       		.uleb128 0x1
 856 00a8 12       		.uleb128 0x12
 857 00a9 01       		.uleb128 0x1
 858 00aa 40       		.uleb128 0x40
 859 00ab 06       		.uleb128 0x6
 860 00ac 9742     		.uleb128 0x2117
 861 00ae 0C       		.uleb128 0xc
 862 00af 01       		.uleb128 0x1
 863 00b0 13       		.uleb128 0x13
 864 00b1 00       		.byte	0
 865 00b2 00       		.byte	0
 866 00b3 0E       		.uleb128 0xe
 867 00b4 05       		.uleb128 0x5
 868 00b5 00       		.byte	0
 869 00b6 03       		.uleb128 0x3
 870 00b7 0E       		.uleb128 0xe
 871 00b8 3A       		.uleb128 0x3a
 872 00b9 0B       		.uleb128 0xb
 873 00ba 3B       		.uleb128 0x3b
 874 00bb 0B       		.uleb128 0xb
 875 00bc 49       		.uleb128 0x49
 876 00bd 13       		.uleb128 0x13
 877 00be 02       		.uleb128 0x2
 878 00bf 0A       		.uleb128 0xa
 879 00c0 00       		.byte	0
 880 00c1 00       		.byte	0
 881 00c2 0F       		.uleb128 0xf
 882 00c3 34       		.uleb128 0x34
 883 00c4 00       		.byte	0
 884 00c5 03       		.uleb128 0x3
 885 00c6 08       		.uleb128 0x8
 886 00c7 3A       		.uleb128 0x3a
 887 00c8 0B       		.uleb128 0xb
 888 00c9 3B       		.uleb128 0x3b
 889 00ca 0B       		.uleb128 0xb
ARM GAS  C:\Users\SNFU\AppData\Local\Temp\cctb04Bt.s 			page 25


 890 00cb 49       		.uleb128 0x49
 891 00cc 13       		.uleb128 0x13
 892 00cd 00       		.byte	0
 893 00ce 00       		.byte	0
 894 00cf 10       		.uleb128 0x10
 895 00d0 34       		.uleb128 0x34
 896 00d1 00       		.byte	0
 897 00d2 03       		.uleb128 0x3
 898 00d3 0E       		.uleb128 0xe
 899 00d4 3A       		.uleb128 0x3a
 900 00d5 0B       		.uleb128 0xb
 901 00d6 3B       		.uleb128 0x3b
 902 00d7 0B       		.uleb128 0xb
 903 00d8 49       		.uleb128 0x49
 904 00d9 13       		.uleb128 0x13
 905 00da 00       		.byte	0
 906 00db 00       		.byte	0
 907 00dc 11       		.uleb128 0x11
 908 00dd 34       		.uleb128 0x34
 909 00de 00       		.byte	0
 910 00df 03       		.uleb128 0x3
 911 00e0 0E       		.uleb128 0xe
 912 00e1 3A       		.uleb128 0x3a
 913 00e2 0B       		.uleb128 0xb
 914 00e3 3B       		.uleb128 0x3b
 915 00e4 0B       		.uleb128 0xb
 916 00e5 49       		.uleb128 0x49
 917 00e6 13       		.uleb128 0x13
 918 00e7 02       		.uleb128 0x2
 919 00e8 06       		.uleb128 0x6
 920 00e9 00       		.byte	0
 921 00ea 00       		.byte	0
 922 00eb 12       		.uleb128 0x12
 923 00ec 0B       		.uleb128 0xb
 924 00ed 01       		.byte	0x1
 925 00ee 11       		.uleb128 0x11
 926 00ef 01       		.uleb128 0x1
 927 00f0 12       		.uleb128 0x12
 928 00f1 01       		.uleb128 0x1
 929 00f2 01       		.uleb128 0x1
 930 00f3 13       		.uleb128 0x13
 931 00f4 00       		.byte	0
 932 00f5 00       		.byte	0
 933 00f6 13       		.uleb128 0x13
 934 00f7 34       		.uleb128 0x34
 935 00f8 00       		.byte	0
 936 00f9 03       		.uleb128 0x3
 937 00fa 08       		.uleb128 0x8
 938 00fb 3A       		.uleb128 0x3a
 939 00fc 0B       		.uleb128 0xb
 940 00fd 3B       		.uleb128 0x3b
 941 00fe 0B       		.uleb128 0xb
 942 00ff 49       		.uleb128 0x49
 943 0100 13       		.uleb128 0x13
 944 0101 02       		.uleb128 0x2
 945 0102 06       		.uleb128 0x6
 946 0103 00       		.byte	0
ARM GAS  C:\Users\SNFU\AppData\Local\Temp\cctb04Bt.s 			page 26


 947 0104 00       		.byte	0
 948 0105 14       		.uleb128 0x14
 949 0106 34       		.uleb128 0x34
 950 0107 00       		.byte	0
 951 0108 03       		.uleb128 0x3
 952 0109 0E       		.uleb128 0xe
 953 010a 3A       		.uleb128 0x3a
 954 010b 0B       		.uleb128 0xb
 955 010c 3B       		.uleb128 0x3b
 956 010d 05       		.uleb128 0x5
 957 010e 49       		.uleb128 0x49
 958 010f 13       		.uleb128 0x13
 959 0110 02       		.uleb128 0x2
 960 0111 06       		.uleb128 0x6
 961 0112 00       		.byte	0
 962 0113 00       		.byte	0
 963 0114 15       		.uleb128 0x15
 964 0115 898201   		.uleb128 0x4109
 965 0118 00       		.byte	0
 966 0119 11       		.uleb128 0x11
 967 011a 01       		.uleb128 0x1
 968 011b 31       		.uleb128 0x31
 969 011c 13       		.uleb128 0x13
 970 011d 00       		.byte	0
 971 011e 00       		.byte	0
 972 011f 16       		.uleb128 0x16
 973 0120 2E       		.uleb128 0x2e
 974 0121 01       		.byte	0x1
 975 0122 3F       		.uleb128 0x3f
 976 0123 0C       		.uleb128 0xc
 977 0124 03       		.uleb128 0x3
 978 0125 0E       		.uleb128 0xe
 979 0126 3A       		.uleb128 0x3a
 980 0127 0B       		.uleb128 0xb
 981 0128 3B       		.uleb128 0x3b
 982 0129 05       		.uleb128 0x5
 983 012a 27       		.uleb128 0x27
 984 012b 0C       		.uleb128 0xc
 985 012c 11       		.uleb128 0x11
 986 012d 01       		.uleb128 0x1
 987 012e 12       		.uleb128 0x12
 988 012f 01       		.uleb128 0x1
 989 0130 40       		.uleb128 0x40
 990 0131 06       		.uleb128 0x6
 991 0132 9742     		.uleb128 0x2117
 992 0134 0C       		.uleb128 0xc
 993 0135 01       		.uleb128 0x1
 994 0136 13       		.uleb128 0x13
 995 0137 00       		.byte	0
 996 0138 00       		.byte	0
 997 0139 17       		.uleb128 0x17
 998 013a 34       		.uleb128 0x34
 999 013b 00       		.byte	0
 1000 013c 03       		.uleb128 0x3
 1001 013d 0E       		.uleb128 0xe
 1002 013e 3A       		.uleb128 0x3a
 1003 013f 0B       		.uleb128 0xb
ARM GAS  C:\Users\SNFU\AppData\Local\Temp\cctb04Bt.s 			page 27


 1004 0140 3B       		.uleb128 0x3b
 1005 0141 0B       		.uleb128 0xb
 1006 0142 49       		.uleb128 0x49
 1007 0143 13       		.uleb128 0x13
 1008 0144 02       		.uleb128 0x2
 1009 0145 0A       		.uleb128 0xa
 1010 0146 00       		.byte	0
 1011 0147 00       		.byte	0
 1012 0148 18       		.uleb128 0x18
 1013 0149 34       		.uleb128 0x34
 1014 014a 00       		.byte	0
 1015 014b 03       		.uleb128 0x3
 1016 014c 0E       		.uleb128 0xe
 1017 014d 3A       		.uleb128 0x3a
 1018 014e 0B       		.uleb128 0xb
 1019 014f 3B       		.uleb128 0x3b
 1020 0150 0B       		.uleb128 0xb
 1021 0151 49       		.uleb128 0x49
 1022 0152 13       		.uleb128 0x13
 1023 0153 3F       		.uleb128 0x3f
 1024 0154 0C       		.uleb128 0xc
 1025 0155 02       		.uleb128 0x2
 1026 0156 0A       		.uleb128 0xa
 1027 0157 00       		.byte	0
 1028 0158 00       		.byte	0
 1029 0159 19       		.uleb128 0x19
 1030 015a 01       		.uleb128 0x1
 1031 015b 01       		.byte	0x1
 1032 015c 49       		.uleb128 0x49
 1033 015d 13       		.uleb128 0x13
 1034 015e 01       		.uleb128 0x1
 1035 015f 13       		.uleb128 0x13
 1036 0160 00       		.byte	0
 1037 0161 00       		.byte	0
 1038 0162 1A       		.uleb128 0x1a
 1039 0163 21       		.uleb128 0x21
 1040 0164 00       		.byte	0
 1041 0165 00       		.byte	0
 1042 0166 00       		.byte	0
 1043 0167 1B       		.uleb128 0x1b
 1044 0168 34       		.uleb128 0x34
 1045 0169 00       		.byte	0
 1046 016a 03       		.uleb128 0x3
 1047 016b 0E       		.uleb128 0xe
 1048 016c 3A       		.uleb128 0x3a
 1049 016d 0B       		.uleb128 0xb
 1050 016e 3B       		.uleb128 0x3b
 1051 016f 0B       		.uleb128 0xb
 1052 0170 49       		.uleb128 0x49
 1053 0171 13       		.uleb128 0x13
 1054 0172 3F       		.uleb128 0x3f
 1055 0173 0C       		.uleb128 0xc
 1056 0174 3C       		.uleb128 0x3c
 1057 0175 0C       		.uleb128 0xc
 1058 0176 00       		.byte	0
 1059 0177 00       		.byte	0
 1060 0178 1C       		.uleb128 0x1c
ARM GAS  C:\Users\SNFU\AppData\Local\Temp\cctb04Bt.s 			page 28


 1061 0179 21       		.uleb128 0x21
 1062 017a 00       		.byte	0
 1063 017b 49       		.uleb128 0x49
 1064 017c 13       		.uleb128 0x13
 1065 017d 2F       		.uleb128 0x2f
 1066 017e 0B       		.uleb128 0xb
 1067 017f 00       		.byte	0
 1068 0180 00       		.byte	0
 1069 0181 1D       		.uleb128 0x1d
 1070 0182 34       		.uleb128 0x34
 1071 0183 00       		.byte	0
 1072 0184 03       		.uleb128 0x3
 1073 0185 0E       		.uleb128 0xe
 1074 0186 3A       		.uleb128 0x3a
 1075 0187 0B       		.uleb128 0xb
 1076 0188 3B       		.uleb128 0x3b
 1077 0189 05       		.uleb128 0x5
 1078 018a 49       		.uleb128 0x49
 1079 018b 13       		.uleb128 0x13
 1080 018c 3F       		.uleb128 0x3f
 1081 018d 0C       		.uleb128 0xc
 1082 018e 02       		.uleb128 0x2
 1083 018f 0A       		.uleb128 0xa
 1084 0190 00       		.byte	0
 1085 0191 00       		.byte	0
 1086 0192 1E       		.uleb128 0x1e
 1087 0193 2E       		.uleb128 0x2e
 1088 0194 00       		.byte	0
 1089 0195 3F       		.uleb128 0x3f
 1090 0196 0C       		.uleb128 0xc
 1091 0197 03       		.uleb128 0x3
 1092 0198 0E       		.uleb128 0xe
 1093 0199 3A       		.uleb128 0x3a
 1094 019a 0B       		.uleb128 0xb
 1095 019b 3B       		.uleb128 0x3b
 1096 019c 0B       		.uleb128 0xb
 1097 019d 27       		.uleb128 0x27
 1098 019e 0C       		.uleb128 0xc
 1099 019f 3C       		.uleb128 0x3c
 1100 01a0 0C       		.uleb128 0xc
 1101 01a1 00       		.byte	0
 1102 01a2 00       		.byte	0
 1103 01a3 1F       		.uleb128 0x1f
 1104 01a4 2E       		.uleb128 0x2e
 1105 01a5 00       		.byte	0
 1106 01a6 3F       		.uleb128 0x3f
 1107 01a7 0C       		.uleb128 0xc
 1108 01a8 03       		.uleb128 0x3
 1109 01a9 0E       		.uleb128 0xe
 1110 01aa 3A       		.uleb128 0x3a
 1111 01ab 0B       		.uleb128 0xb
 1112 01ac 3B       		.uleb128 0x3b
 1113 01ad 0B       		.uleb128 0xb
 1114 01ae 27       		.uleb128 0x27
 1115 01af 0C       		.uleb128 0xc
 1116 01b0 49       		.uleb128 0x49
 1117 01b1 13       		.uleb128 0x13
ARM GAS  C:\Users\SNFU\AppData\Local\Temp\cctb04Bt.s 			page 29


 1118 01b2 3C       		.uleb128 0x3c
 1119 01b3 0C       		.uleb128 0xc
 1120 01b4 00       		.byte	0
 1121 01b5 00       		.byte	0
 1122 01b6 00       		.byte	0
 1123              		.section	.debug_loc,"",%progbits
 1124              	.Ldebug_loc0:
 1125              	.LLST0:
 1126 0000 00000000 		.4byte	.LFB0
 1127 0004 02000000 		.4byte	.LCFI0
 1128 0008 0200     		.2byte	0x2
 1129 000a 7D       		.byte	0x7d
 1130 000b 00       		.sleb128 0
 1131 000c 02000000 		.4byte	.LCFI0
 1132 0010 04000000 		.4byte	.LFE0
 1133 0014 0200     		.2byte	0x2
 1134 0016 7D       		.byte	0x7d
 1135 0017 04       		.sleb128 4
 1136 0018 00000000 		.4byte	0
 1137 001c 00000000 		.4byte	0
 1138              	.LLST1:
 1139 0020 00000000 		.4byte	.LFB1
 1140 0024 02000000 		.4byte	.LCFI1
 1141 0028 0200     		.2byte	0x2
 1142 002a 7D       		.byte	0x7d
 1143 002b 00       		.sleb128 0
 1144 002c 02000000 		.4byte	.LCFI1
 1145 0030 04000000 		.4byte	.LFE1
 1146 0034 0200     		.2byte	0x2
 1147 0036 7D       		.byte	0x7d
 1148 0037 04       		.sleb128 4
 1149 0038 00000000 		.4byte	0
 1150 003c 00000000 		.4byte	0
 1151              	.LLST2:
 1152 0040 00000000 		.4byte	.LFB2
 1153 0044 02000000 		.4byte	.LCFI2
 1154 0048 0200     		.2byte	0x2
 1155 004a 7D       		.byte	0x7d
 1156 004b 00       		.sleb128 0
 1157 004c 02000000 		.4byte	.LCFI2
 1158 0050 48000000 		.4byte	.LFE2
 1159 0054 0200     		.2byte	0x2
 1160 0056 7D       		.byte	0x7d
 1161 0057 10       		.sleb128 16
 1162 0058 00000000 		.4byte	0
 1163 005c 00000000 		.4byte	0
 1164              	.LLST3:
 1165 0060 08000000 		.4byte	.LVL2
 1166 0064 39000000 		.4byte	.LVL13-1
 1167 0068 0100     		.2byte	0x1
 1168 006a 52       		.byte	0x52
 1169 006b 00000000 		.4byte	0
 1170 006f 00000000 		.4byte	0
 1171              	.LLST4:
 1172 0073 0C000000 		.4byte	.LVL3
 1173 0077 14000000 		.4byte	.LVL6
 1174 007b 0200     		.2byte	0x2
ARM GAS  C:\Users\SNFU\AppData\Local\Temp\cctb04Bt.s 			page 30


 1175 007d 72       		.byte	0x72
 1176 007e 00       		.sleb128 0
 1177 007f 00000000 		.4byte	0
 1178 0083 00000000 		.4byte	0
 1179              	.LLST5:
 1180 0087 0E000000 		.4byte	.LVL4
 1181 008b 14000000 		.4byte	.LVL6
 1182 008f 0100     		.2byte	0x1
 1183 0091 50       		.byte	0x50
 1184 0092 14000000 		.4byte	.LVL6
 1185 0096 36000000 		.4byte	.LVL12
 1186 009a 0100     		.2byte	0x1
 1187 009c 53       		.byte	0x53
 1188 009d 00000000 		.4byte	0
 1189 00a1 00000000 		.4byte	0
 1190              	.LLST6:
 1191 00a5 10000000 		.4byte	.LVL5
 1192 00a9 22000000 		.4byte	.LVL8
 1193 00ad 0100     		.2byte	0x1
 1194 00af 55       		.byte	0x55
 1195 00b0 22000000 		.4byte	.LVL8
 1196 00b4 36000000 		.4byte	.LVL12
 1197 00b8 0100     		.2byte	0x1
 1198 00ba 50       		.byte	0x50
 1199 00bb 00000000 		.4byte	0
 1200 00bf 00000000 		.4byte	0
 1201              	.LLST7:
 1202 00c3 10000000 		.4byte	.LVL5
 1203 00c7 14000000 		.4byte	.LVL6
 1204 00cb 0200     		.2byte	0x2
 1205 00cd 30       		.byte	0x30
 1206 00ce 9F       		.byte	0x9f
 1207 00cf 22000000 		.4byte	.LVL8
 1208 00d3 24000000 		.4byte	.LVL9
 1209 00d7 0200     		.2byte	0x2
 1210 00d9 30       		.byte	0x30
 1211 00da 9F       		.byte	0x9f
 1212 00db 00000000 		.4byte	0
 1213 00df 00000000 		.4byte	0
 1214              	.LLST8:
 1215 00e3 00000000 		.4byte	.LFB3
 1216 00e7 02000000 		.4byte	.LCFI3
 1217 00eb 0200     		.2byte	0x2
 1218 00ed 7D       		.byte	0x7d
 1219 00ee 00       		.sleb128 0
 1220 00ef 02000000 		.4byte	.LCFI3
 1221 00f3 10000000 		.4byte	.LFE3
 1222 00f7 0200     		.2byte	0x2
 1223 00f9 7D       		.byte	0x7d
 1224 00fa 08       		.sleb128 8
 1225 00fb 00000000 		.4byte	0
 1226 00ff 00000000 		.4byte	0
 1227              	.LLST9:
 1228 0103 00000000 		.4byte	.LFB4
 1229 0107 02000000 		.4byte	.LCFI4
 1230 010b 0200     		.2byte	0x2
 1231 010d 7D       		.byte	0x7d
ARM GAS  C:\Users\SNFU\AppData\Local\Temp\cctb04Bt.s 			page 31


 1232 010e 00       		.sleb128 0
 1233 010f 02000000 		.4byte	.LCFI4
 1234 0113 54000000 		.4byte	.LFE4
 1235 0117 0200     		.2byte	0x2
 1236 0119 7D       		.byte	0x7d
 1237 011a 08       		.sleb128 8
 1238 011b 00000000 		.4byte	0
 1239 011f 00000000 		.4byte	0
 1240              	.LLST10:
 1241 0123 00000000 		.4byte	.LVL16
 1242 0127 04000000 		.4byte	.LVL17
 1243 012b 0200     		.2byte	0x2
 1244 012d 30       		.byte	0x30
 1245 012e 9F       		.byte	0x9f
 1246 012f 16000000 		.4byte	.LVL18
 1247 0133 1F000000 		.4byte	.LVL19-1
 1248 0137 0100     		.2byte	0x1
 1249 0139 53       		.byte	0x53
 1250 013a 00000000 		.4byte	0
 1251 013e 00000000 		.4byte	0
 1252              		.section	.debug_aranges,"",%progbits
 1253 0000 3C000000 		.4byte	0x3c
 1254 0004 0200     		.2byte	0x2
 1255 0006 00000000 		.4byte	.Ldebug_info0
 1256 000a 04       		.byte	0x4
 1257 000b 00       		.byte	0
 1258 000c 0000     		.2byte	0
 1259 000e 0000     		.2byte	0
 1260 0010 00000000 		.4byte	.LFB0
 1261 0014 04000000 		.4byte	.LFE0-.LFB0
 1262 0018 00000000 		.4byte	.LFB1
 1263 001c 04000000 		.4byte	.LFE1-.LFB1
 1264 0020 00000000 		.4byte	.LFB2
 1265 0024 48000000 		.4byte	.LFE2-.LFB2
 1266 0028 00000000 		.4byte	.LFB3
 1267 002c 10000000 		.4byte	.LFE3-.LFB3
 1268 0030 00000000 		.4byte	.LFB4
 1269 0034 54000000 		.4byte	.LFE4-.LFB4
 1270 0038 00000000 		.4byte	0
 1271 003c 00000000 		.4byte	0
 1272              		.section	.debug_ranges,"",%progbits
 1273              	.Ldebug_ranges0:
 1274 0000 00000000 		.4byte	.LFB0
 1275 0004 04000000 		.4byte	.LFE0
 1276 0008 00000000 		.4byte	.LFB1
 1277 000c 04000000 		.4byte	.LFE1
 1278 0010 00000000 		.4byte	.LFB2
 1279 0014 48000000 		.4byte	.LFE2
 1280 0018 00000000 		.4byte	.LFB3
 1281 001c 10000000 		.4byte	.LFE3
 1282 0020 00000000 		.4byte	.LFB4
 1283 0024 54000000 		.4byte	.LFE4
 1284 0028 00000000 		.4byte	0
 1285 002c 00000000 		.4byte	0
 1286              		.section	.debug_line,"",%progbits
 1287              	.Ldebug_line0:
 1288 0000 84010000 		.section	.debug_str,"MS",%progbits,1
ARM GAS  C:\Users\SNFU\AppData\Local\Temp\cctb04Bt.s 			page 32


 1288      0200DF00 
 1288      00000201 
 1288      FB0E0D00 
 1288      01010101 
 1289              	.LASF13:
 1290 0000 72656733 		.ascii	"reg32\000"
 1290      3200
 1291              	.LASF16:
 1292 0006 73697A65 		.ascii	"size_t\000"
 1292      5F7400
 1293              	.LASF37:
 1294 000d 5F5F6C69 		.ascii	"__libc_init_array\000"
 1294      62635F69 
 1294      6E69745F 
 1294      61727261 
 1294      7900
 1295              	.LASF35:
 1296 001f 43795261 		.ascii	"CyRamVectors\000"
 1296      6D566563 
 1296      746F7273 
 1296      00
 1297              	.LASF23:
 1298 002c 53746172 		.ascii	"Start_c\000"
 1298      745F6300 
 1299              	.LASF27:
 1300 0034 636F756E 		.ascii	"count\000"
 1300      7400
 1301              	.LASF34:
 1302 003a 5F5F6379 		.ascii	"__cy_region_num\000"
 1302      5F726567 
 1302      696F6E5F 
 1302      6E756D00 
 1303              	.LASF18:
 1304 004a 696E6974 		.ascii	"init\000"
 1304      00
 1305              	.LASF44:
 1306 004f 73746174 		.ascii	"status\000"
 1306      757300
 1307              	.LASF21:
 1308 0056 7A65726F 		.ascii	"zero_size\000"
 1308      5F73697A 
 1308      6500
 1309              	.LASF41:
 1310 0060 433A5C55 		.ascii	"C:\\Users\\SNFU\\Documents\\T-50_UAV_Project\\Softw"
 1310      73657273 
 1310      5C534E46 
 1310      555C446F 
 1310      63756D65 
 1311 008e 6172655C 		.ascii	"are\\T-50_Project\\T-50_Project.cydsn\000"
 1311      542D3530 
 1311      5F50726F 
 1311      6A656374 
 1311      5C542D35 
 1312              	.LASF25:
 1313 00b2 72707472 		.ascii	"rptr\000"
 1313      00
 1314              	.LASF9:
ARM GAS  C:\Users\SNFU\AppData\Local\Temp\cctb04Bt.s 			page 33


 1315 00b7 666C6F61 		.ascii	"float\000"
 1315      7400
 1316              	.LASF19:
 1317 00bd 64617461 		.ascii	"data\000"
 1317      00
 1318              	.LASF1:
 1319 00c2 756E7369 		.ascii	"unsigned char\000"
 1319      676E6564 
 1319      20636861 
 1319      7200
 1320              	.LASF36:
 1321 00d0 526F6D56 		.ascii	"RomVectors\000"
 1321      6563746F 
 1321      727300
 1322              	.LASF5:
 1323 00db 6C6F6E67 		.ascii	"long unsigned int\000"
 1323      20756E73 
 1323      69676E65 
 1323      6420696E 
 1323      7400
 1324              	.LASF31:
 1325 00ed 63795379 		.ascii	"cySysNoInitDataValid\000"
 1325      734E6F49 
 1325      6E697444 
 1325      61746156 
 1325      616C6964 
 1326              	.LASF3:
 1327 0102 73686F72 		.ascii	"short unsigned int\000"
 1327      7420756E 
 1327      7369676E 
 1327      65642069 
 1327      6E7400
 1328              	.LASF28:
 1329 0115 52657365 		.ascii	"Reset\000"
 1329      7400
 1330              	.LASF22:
 1331 011b 5F657869 		.ascii	"_exit\000"
 1331      7400
 1332              	.LASF43:
 1333 0121 496E7444 		.ascii	"IntDefaultHandler\000"
 1333      65666175 
 1333      6C744861 
 1333      6E646C65 
 1333      7200
 1334              	.LASF10:
 1335 0133 646F7562 		.ascii	"double\000"
 1335      6C6500
 1336              	.LASF45:
 1337 013a 6D61696E 		.ascii	"main\000"
 1337      00
 1338              	.LASF32:
 1339 013f 63794274 		.ascii	"cyBtldrRunType\000"
 1339      6C647252 
 1339      756E5479 
 1339      706500
 1340              	.LASF29:
 1341 014e 696E6974 		.ascii	"initialize_psoc\000"
ARM GAS  C:\Users\SNFU\AppData\Local\Temp\cctb04Bt.s 			page 34


 1341      69616C69 
 1341      7A655F70 
 1341      736F6300 
 1342              	.LASF12:
 1343 015e 75696E74 		.ascii	"uint32\000"
 1343      333200
 1344              	.LASF30:
 1345 0165 696E6465 		.ascii	"indexInit\000"
 1345      78496E69 
 1345      7400
 1346              	.LASF8:
 1347 016f 756E7369 		.ascii	"unsigned int\000"
 1347      676E6564 
 1347      20696E74 
 1347      00
 1348              	.LASF38:
 1349 017c 63796669 		.ascii	"cyfitter_cfg\000"
 1349      74746572 
 1349      5F636667 
 1349      00
 1350              	.LASF7:
 1351 0189 6C6F6E67 		.ascii	"long long unsigned int\000"
 1351      206C6F6E 
 1351      6720756E 
 1351      7369676E 
 1351      65642069 
 1352              	.LASF26:
 1353 01a0 6C696D69 		.ascii	"limit\000"
 1353      7400
 1354              	.LASF14:
 1355 01a6 63796973 		.ascii	"cyisraddress\000"
 1355      72616464 
 1355      72657373 
 1355      00
 1356              	.LASF20:
 1357 01b3 696E6974 		.ascii	"init_size\000"
 1357      5F73697A 
 1357      6500
 1358              	.LASF17:
 1359 01bd 5F5F6379 		.ascii	"__cy_byte_align8\000"
 1359      5F627974 
 1359      655F616C 
 1359      69676E38 
 1359      00
 1360              	.LASF15:
 1361 01ce 73697A65 		.ascii	"sizetype\000"
 1361      74797065 
 1361      00
 1362              	.LASF6:
 1363 01d7 6C6F6E67 		.ascii	"long long int\000"
 1363      206C6F6E 
 1363      6720696E 
 1363      7400
 1364              	.LASF11:
 1365 01e5 63686172 		.ascii	"char\000"
 1365      00
 1366              	.LASF40:
ARM GAS  C:\Users\SNFU\AppData\Local\Temp\cctb04Bt.s 			page 35


 1367 01ea 2E5C4765 		.ascii	".\\Generated_Source\\PSoC4\\Cm0Start.c\000"
 1367      6E657261 
 1367      7465645F 
 1367      536F7572 
 1367      63655C50 
 1368              	.LASF2:
 1369 020e 73686F72 		.ascii	"short int\000"
 1369      7420696E 
 1369      7400
 1370              	.LASF39:
 1371 0218 474E5520 		.ascii	"GNU C 4.7.3 20130312 (release) [ARM/embedded-4_7-br"
 1371      4320342E 
 1371      372E3320 
 1371      32303133 
 1371      30333132 
 1372 024b 616E6368 		.ascii	"anch revision 196615]\000"
 1372      20726576 
 1372      6973696F 
 1372      6E203139 
 1372      36363135 
 1373              	.LASF4:
 1374 0261 6C6F6E67 		.ascii	"long int\000"
 1374      20696E74 
 1374      00
 1375              	.LASF0:
 1376 026a 7369676E 		.ascii	"signed char\000"
 1376      65642063 
 1376      68617200 
 1377              	.LASF33:
 1378 0276 5F5F6379 		.ascii	"__cy_regions\000"
 1378      5F726567 
 1378      696F6E73 
 1378      00
 1379              	.LASF24:
 1380 0283 72656769 		.ascii	"regions\000"
 1380      6F6E7300 
 1381              	.LASF42:
 1382 028b 5F5F6379 		.ascii	"__cy_region\000"
 1382      5F726567 
 1382      696F6E00 
 1383              		.ident	"GCC: (GNU Tools for ARM Embedded Processors) 4.7.3 20130312 (release) [ARM/embedded-4_7-br
