ARM GAS  C:\Users\SNFU\AppData\Local\Temp\ccEhN4Wh.s 			page 1


   1              		.cpu cortex-m0
   2              		.fpu softvfp
   3              		.eabi_attribute 20, 1
   4              		.eabi_attribute 21, 1
   5              		.eabi_attribute 23, 3
   6              		.eabi_attribute 24, 1
   7              		.eabi_attribute 25, 1
   8              		.eabi_attribute 26, 1
   9              		.eabi_attribute 30, 4
  10              		.eabi_attribute 34, 0
  11              		.eabi_attribute 18, 4
  12              		.code	16
  13              		.file	"cymetadata.c"
  14              		.text
  15              	.Ltext0:
  16              		.cfi_sections	.debug_frame
  17              		.global	cy_meta_loadable
  18              		.section	.cyloadablemeta,"a",%progbits
  19              		.type	cy_meta_loadable, %object
  20              		.size	cy_meta_loadable, 64
  21              	cy_meta_loadable:
  22 0000 00000000 		.space	64
  22      00000000 
  22      00000000 
  22      00000000 
  22      00000000 
  23              		.text
  24              	.Letext0:
  25              		.file 1 ".\\Generated_Source\\PSoC4\\cytypes.h"
  26              		.file 2 ".\\Generated_Source\\PSoC4\\cymetadata.c"
  27              		.section	.debug_info,"",%progbits
  28              	.Ldebug_info0:
  29 0000 AE000000 		.4byte	0xae
  30 0004 0200     		.2byte	0x2
  31 0006 00000000 		.4byte	.Ldebug_abbrev0
  32 000a 04       		.byte	0x4
  33 000b 01       		.uleb128 0x1
  34 000c 19010000 		.4byte	.LASF13
  35 0010 01       		.byte	0x1
  36 0011 92000000 		.4byte	.LASF14
  37 0015 00000000 		.4byte	.LASF15
  38 0019 00000000 		.4byte	.Ldebug_line0
  39 001d 02       		.uleb128 0x2
  40 001e 01       		.byte	0x1
  41 001f 06       		.byte	0x6
  42 0020 6B010000 		.4byte	.LASF0
  43 0024 02       		.uleb128 0x2
  44 0025 01       		.byte	0x1
  45 0026 08       		.byte	0x8
  46 0027 58000000 		.4byte	.LASF1
  47 002b 02       		.uleb128 0x2
  48 002c 02       		.byte	0x2
  49 002d 05       		.byte	0x5
  50 002e 09010000 		.4byte	.LASF2
  51 0032 02       		.uleb128 0x2
  52 0033 02       		.byte	0x2
  53 0034 07       		.byte	0x7
ARM GAS  C:\Users\SNFU\AppData\Local\Temp\ccEhN4Wh.s 			page 2


  54 0035 78000000 		.4byte	.LASF3
  55 0039 02       		.uleb128 0x2
  56 003a 04       		.byte	0x4
  57 003b 05       		.byte	0x5
  58 003c 62010000 		.4byte	.LASF4
  59 0040 02       		.uleb128 0x2
  60 0041 04       		.byte	0x4
  61 0042 07       		.byte	0x7
  62 0043 66000000 		.4byte	.LASF5
  63 0047 02       		.uleb128 0x2
  64 0048 08       		.byte	0x8
  65 0049 05       		.byte	0x5
  66 004a F6000000 		.4byte	.LASF6
  67 004e 02       		.uleb128 0x2
  68 004f 08       		.byte	0x8
  69 0050 07       		.byte	0x7
  70 0051 C5000000 		.4byte	.LASF7
  71 0055 03       		.uleb128 0x3
  72 0056 04       		.byte	0x4
  73 0057 05       		.byte	0x5
  74 0058 696E7400 		.ascii	"int\000"
  75 005c 02       		.uleb128 0x2
  76 005d 04       		.byte	0x4
  77 005e 07       		.byte	0x7
  78 005f B8000000 		.4byte	.LASF8
  79 0063 04       		.uleb128 0x4
  80 0064 13010000 		.4byte	.LASF16
  81 0068 01       		.byte	0x1
  82 0069 5B       		.byte	0x5b
  83 006a 24000000 		.4byte	0x24
  84 006e 02       		.uleb128 0x2
  85 006f 04       		.byte	0x4
  86 0070 04       		.byte	0x4
  87 0071 52000000 		.4byte	.LASF9
  88 0075 02       		.uleb128 0x2
  89 0076 08       		.byte	0x8
  90 0077 04       		.byte	0x4
  91 0078 8B000000 		.4byte	.LASF10
  92 007c 02       		.uleb128 0x2
  93 007d 01       		.byte	0x1
  94 007e 08       		.byte	0x8
  95 007f 04010000 		.4byte	.LASF11
  96 0083 05       		.uleb128 0x5
  97 0084 63000000 		.4byte	0x63
  98 0088 93000000 		.4byte	0x93
  99 008c 06       		.uleb128 0x6
 100 008d 93000000 		.4byte	0x93
 101 0091 3F       		.byte	0x3f
 102 0092 00       		.byte	0
 103 0093 02       		.uleb128 0x2
 104 0094 04       		.byte	0x4
 105 0095 07       		.byte	0x7
 106 0096 ED000000 		.4byte	.LASF12
 107 009a 07       		.uleb128 0x7
 108 009b DC000000 		.4byte	.LASF17
 109 009f 02       		.byte	0x2
 110 00a0 1C       		.byte	0x1c
ARM GAS  C:\Users\SNFU\AppData\Local\Temp\ccEhN4Wh.s 			page 3


 111 00a1 AC000000 		.4byte	0xac
 112 00a5 01       		.byte	0x1
 113 00a6 05       		.byte	0x5
 114 00a7 03       		.byte	0x3
 115 00a8 00000000 		.4byte	cy_meta_loadable
 116 00ac 08       		.uleb128 0x8
 117 00ad 83000000 		.4byte	0x83
 118 00b1 00       		.byte	0
 119              		.section	.debug_abbrev,"",%progbits
 120              	.Ldebug_abbrev0:
 121 0000 01       		.uleb128 0x1
 122 0001 11       		.uleb128 0x11
 123 0002 01       		.byte	0x1
 124 0003 25       		.uleb128 0x25
 125 0004 0E       		.uleb128 0xe
 126 0005 13       		.uleb128 0x13
 127 0006 0B       		.uleb128 0xb
 128 0007 03       		.uleb128 0x3
 129 0008 0E       		.uleb128 0xe
 130 0009 1B       		.uleb128 0x1b
 131 000a 0E       		.uleb128 0xe
 132 000b 10       		.uleb128 0x10
 133 000c 06       		.uleb128 0x6
 134 000d 00       		.byte	0
 135 000e 00       		.byte	0
 136 000f 02       		.uleb128 0x2
 137 0010 24       		.uleb128 0x24
 138 0011 00       		.byte	0
 139 0012 0B       		.uleb128 0xb
 140 0013 0B       		.uleb128 0xb
 141 0014 3E       		.uleb128 0x3e
 142 0015 0B       		.uleb128 0xb
 143 0016 03       		.uleb128 0x3
 144 0017 0E       		.uleb128 0xe
 145 0018 00       		.byte	0
 146 0019 00       		.byte	0
 147 001a 03       		.uleb128 0x3
 148 001b 24       		.uleb128 0x24
 149 001c 00       		.byte	0
 150 001d 0B       		.uleb128 0xb
 151 001e 0B       		.uleb128 0xb
 152 001f 3E       		.uleb128 0x3e
 153 0020 0B       		.uleb128 0xb
 154 0021 03       		.uleb128 0x3
 155 0022 08       		.uleb128 0x8
 156 0023 00       		.byte	0
 157 0024 00       		.byte	0
 158 0025 04       		.uleb128 0x4
 159 0026 16       		.uleb128 0x16
 160 0027 00       		.byte	0
 161 0028 03       		.uleb128 0x3
 162 0029 0E       		.uleb128 0xe
 163 002a 3A       		.uleb128 0x3a
 164 002b 0B       		.uleb128 0xb
 165 002c 3B       		.uleb128 0x3b
 166 002d 0B       		.uleb128 0xb
 167 002e 49       		.uleb128 0x49
ARM GAS  C:\Users\SNFU\AppData\Local\Temp\ccEhN4Wh.s 			page 4


 168 002f 13       		.uleb128 0x13
 169 0030 00       		.byte	0
 170 0031 00       		.byte	0
 171 0032 05       		.uleb128 0x5
 172 0033 01       		.uleb128 0x1
 173 0034 01       		.byte	0x1
 174 0035 49       		.uleb128 0x49
 175 0036 13       		.uleb128 0x13
 176 0037 01       		.uleb128 0x1
 177 0038 13       		.uleb128 0x13
 178 0039 00       		.byte	0
 179 003a 00       		.byte	0
 180 003b 06       		.uleb128 0x6
 181 003c 21       		.uleb128 0x21
 182 003d 00       		.byte	0
 183 003e 49       		.uleb128 0x49
 184 003f 13       		.uleb128 0x13
 185 0040 2F       		.uleb128 0x2f
 186 0041 0B       		.uleb128 0xb
 187 0042 00       		.byte	0
 188 0043 00       		.byte	0
 189 0044 07       		.uleb128 0x7
 190 0045 34       		.uleb128 0x34
 191 0046 00       		.byte	0
 192 0047 03       		.uleb128 0x3
 193 0048 0E       		.uleb128 0xe
 194 0049 3A       		.uleb128 0x3a
 195 004a 0B       		.uleb128 0xb
 196 004b 3B       		.uleb128 0x3b
 197 004c 0B       		.uleb128 0xb
 198 004d 49       		.uleb128 0x49
 199 004e 13       		.uleb128 0x13
 200 004f 3F       		.uleb128 0x3f
 201 0050 0C       		.uleb128 0xc
 202 0051 02       		.uleb128 0x2
 203 0052 0A       		.uleb128 0xa
 204 0053 00       		.byte	0
 205 0054 00       		.byte	0
 206 0055 08       		.uleb128 0x8
 207 0056 26       		.uleb128 0x26
 208 0057 00       		.byte	0
 209 0058 49       		.uleb128 0x49
 210 0059 13       		.uleb128 0x13
 211 005a 00       		.byte	0
 212 005b 00       		.byte	0
 213 005c 00       		.byte	0
 214              		.section	.debug_aranges,"",%progbits
 215 0000 14000000 		.4byte	0x14
 216 0004 0200     		.2byte	0x2
 217 0006 00000000 		.4byte	.Ldebug_info0
 218 000a 04       		.byte	0x4
 219 000b 00       		.byte	0
 220 000c 0000     		.2byte	0
 221 000e 0000     		.2byte	0
 222 0010 00000000 		.4byte	0
 223 0014 00000000 		.4byte	0
 224              		.section	.debug_line,"",%progbits
ARM GAS  C:\Users\SNFU\AppData\Local\Temp\ccEhN4Wh.s 			page 5


 225              	.Ldebug_line0:
 226 0000 4F000000 		.section	.debug_str,"MS",%progbits,1
 226      02004900 
 226      00000201 
 226      FB0E0D00 
 226      01010101 
 227              	.LASF15:
 228 0000 433A5C55 		.ascii	"C:\\Users\\SNFU\\Documents\\T-50_UAV_Project\\Softw"
 228      73657273 
 228      5C534E46 
 228      555C446F 
 228      63756D65 
 229 002e 6172655C 		.ascii	"are\\T-50_Project\\T-50_Project.cydsn\000"
 229      542D3530 
 229      5F50726F 
 229      6A656374 
 229      5C542D35 
 230              	.LASF9:
 231 0052 666C6F61 		.ascii	"float\000"
 231      7400
 232              	.LASF1:
 233 0058 756E7369 		.ascii	"unsigned char\000"
 233      676E6564 
 233      20636861 
 233      7200
 234              	.LASF5:
 235 0066 6C6F6E67 		.ascii	"long unsigned int\000"
 235      20756E73 
 235      69676E65 
 235      6420696E 
 235      7400
 236              	.LASF3:
 237 0078 73686F72 		.ascii	"short unsigned int\000"
 237      7420756E 
 237      7369676E 
 237      65642069 
 237      6E7400
 238              	.LASF10:
 239 008b 646F7562 		.ascii	"double\000"
 239      6C6500
 240              	.LASF14:
 241 0092 2E5C4765 		.ascii	".\\Generated_Source\\PSoC4\\cymetadata.c\000"
 241      6E657261 
 241      7465645F 
 241      536F7572 
 241      63655C50 
 242              	.LASF8:
 243 00b8 756E7369 		.ascii	"unsigned int\000"
 243      676E6564 
 243      20696E74 
 243      00
 244              	.LASF7:
 245 00c5 6C6F6E67 		.ascii	"long long unsigned int\000"
 245      206C6F6E 
 245      6720756E 
 245      7369676E 
 245      65642069 
ARM GAS  C:\Users\SNFU\AppData\Local\Temp\ccEhN4Wh.s 			page 6


 246              	.LASF17:
 247 00dc 63795F6D 		.ascii	"cy_meta_loadable\000"
 247      6574615F 
 247      6C6F6164 
 247      61626C65 
 247      00
 248              	.LASF12:
 249 00ed 73697A65 		.ascii	"sizetype\000"
 249      74797065 
 249      00
 250              	.LASF6:
 251 00f6 6C6F6E67 		.ascii	"long long int\000"
 251      206C6F6E 
 251      6720696E 
 251      7400
 252              	.LASF11:
 253 0104 63686172 		.ascii	"char\000"
 253      00
 254              	.LASF2:
 255 0109 73686F72 		.ascii	"short int\000"
 255      7420696E 
 255      7400
 256              	.LASF16:
 257 0113 75696E74 		.ascii	"uint8\000"
 257      3800
 258              	.LASF13:
 259 0119 474E5520 		.ascii	"GNU C 4.7.3 20130312 (release) [ARM/embedded-4_7-br"
 259      4320342E 
 259      372E3320 
 259      32303133 
 259      30333132 
 260 014c 616E6368 		.ascii	"anch revision 196615]\000"
 260      20726576 
 260      6973696F 
 260      6E203139 
 260      36363135 
 261              	.LASF4:
 262 0162 6C6F6E67 		.ascii	"long int\000"
 262      20696E74 
 262      00
 263              	.LASF0:
 264 016b 7369676E 		.ascii	"signed char\000"
 264      65642063 
 264      68617200 
 265              		.ident	"GCC: (GNU Tools for ARM Embedded Processors) 4.7.3 20130312 (release) [ARM/embedded-4_7-br
