ARM GAS  C:\Users\SNFU\AppData\Local\Temp\ccmzl6gQ.s 			page 1


   1              		.cpu cortex-m0
   2              		.fpu softvfp
   3              		.eabi_attribute 20, 1
   4              		.eabi_attribute 21, 1
   5              		.eabi_attribute 23, 3
   6              		.eabi_attribute 24, 1
   7              		.eabi_attribute 25, 1
   8              		.eabi_attribute 26, 1
   9              		.eabi_attribute 30, 6
  10              		.eabi_attribute 34, 0
  11              		.eabi_attribute 18, 4
  12              		.code	16
  13              		.file	"IMU.c"
  14              		.text
  15              	.Ltext0:
  16              		.cfi_sections	.debug_frame
  17              		.global	gyro_x_h
  18              		.bss
  19              		.type	gyro_x_h, %object
  20              		.size	gyro_x_h, 1
  21              	gyro_x_h:
  22 0000 00       		.space	1
  23              		.global	gyro_x_l
  24              		.type	gyro_x_l, %object
  25              		.size	gyro_x_l, 1
  26              	gyro_x_l:
  27 0001 00       		.space	1
  28              		.global	gyro_x
  29              		.align	1
  30              		.type	gyro_x, %object
  31              		.size	gyro_x, 2
  32              	gyro_x:
  33 0002 0000     		.space	2
  34              		.global	gyro_p
  35              		.align	1
  36              		.type	gyro_p, %object
  37              		.size	gyro_p, 2
  38              	gyro_p:
  39 0004 0000     		.space	2
  40              		.global	gyro_y_h
  41              		.type	gyro_y_h, %object
  42              		.size	gyro_y_h, 1
  43              	gyro_y_h:
  44 0006 00       		.space	1
  45              		.global	gyro_y_l
  46              		.type	gyro_y_l, %object
  47              		.size	gyro_y_l, 1
  48              	gyro_y_l:
  49 0007 00       		.space	1
  50              		.global	gyro_y
  51              		.align	1
  52              		.type	gyro_y, %object
  53              		.size	gyro_y, 2
  54              	gyro_y:
  55 0008 0000     		.space	2
  56              		.global	gyro_q
  57              		.align	1
ARM GAS  C:\Users\SNFU\AppData\Local\Temp\ccmzl6gQ.s 			page 2


  58              		.type	gyro_q, %object
  59              		.size	gyro_q, 2
  60              	gyro_q:
  61 000a 0000     		.space	2
  62              		.global	gyro_z_h
  63              		.type	gyro_z_h, %object
  64              		.size	gyro_z_h, 1
  65              	gyro_z_h:
  66 000c 00       		.space	1
  67              		.global	gyro_z_l
  68              		.type	gyro_z_l, %object
  69              		.size	gyro_z_l, 1
  70              	gyro_z_l:
  71 000d 00       		.space	1
  72              		.global	gyro_z
  73              		.align	1
  74              		.type	gyro_z, %object
  75              		.size	gyro_z, 2
  76              	gyro_z:
  77 000e 0000     		.space	2
  78              		.global	gyro_r
  79              		.align	1
  80              		.type	gyro_r, %object
  81              		.size	gyro_r, 2
  82              	gyro_r:
  83 0010 0000     		.space	2
  84              		.global	temperature
  85              		.type	temperature, %object
  86              		.size	temperature, 1
  87              	temperature:
  88 0012 00       		.space	1
  89              		.global	temperature_0
  90              		.data
  91              		.type	temperature_0, %object
  92              		.size	temperature_0, 1
  93              	temperature_0:
  94 0000 32       		.byte	50
  95              		.global	gyro_p_offset
  96              		.bss
  97 0013 00       		.align	1
  98              		.type	gyro_p_offset, %object
  99              		.size	gyro_p_offset, 2
 100              	gyro_p_offset:
 101 0014 0000     		.space	2
 102              		.global	gyro_q_offset
 103              		.align	1
 104              		.type	gyro_q_offset, %object
 105              		.size	gyro_q_offset, 2
 106              	gyro_q_offset:
 107 0016 0000     		.space	2
 108              		.global	gyro_r_offset
 109              		.align	1
 110              		.type	gyro_r_offset, %object
 111              		.size	gyro_r_offset, 2
 112              	gyro_r_offset:
 113 0018 0000     		.space	2
 114              		.global	error_stat
ARM GAS  C:\Users\SNFU\AppData\Local\Temp\ccmzl6gQ.s 			page 3


 115              		.type	error_stat, %object
 116              		.size	error_stat, 1
 117              	error_stat:
 118 001a 00       		.space	1
 119 001b 00       		.section	.rodata
 120              		.align	2
 121              	.LC0:
 122 0000 57205374 		.ascii	"W Stop Ok\000"
 122      6F70204F 
 122      6B00
 123              		.section	.text.write_gyro_registry,"ax",%progbits
 124              		.align	2
 125              		.global	write_gyro_registry
 126              		.code	16
 127              		.thumb_func
 128              		.type	write_gyro_registry, %function
 129              	write_gyro_registry:
 130              	.LFB33:
 131              		.file 1 ".\\IMU.c"
   1:.\IMU.c       **** /* ========================================
   2:.\IMU.c       ****  *
   3:.\IMU.c       ****  * Copyright YOUR COMPANY, THE YEAR
   4:.\IMU.c       ****  * All Rights Reserved
   5:.\IMU.c       ****  * UNPUBLISHED, LICENSED SOFTWARE.
   6:.\IMU.c       ****  *
   7:.\IMU.c       ****  * CONFIDENTIAL AND PROPRIETARY INFORMATION
   8:.\IMU.c       ****  * WHICH IS THE PROPERTY OF your company.
   9:.\IMU.c       ****  *
  10:.\IMU.c       ****  * ========================================
  11:.\IMU.c       **** */
  12:.\IMU.c       **** 
  13:.\IMU.c       **** // #include <project.h>     // this is included in IMU.h file
  14:.\IMU.c       **** #include <IMU.h>
  15:.\IMU.c       **** 
  16:.\IMU.c       **** extern void UART_1_UartPutNum();
  17:.\IMU.c       **** 
  18:.\IMU.c       **** #define READ    1
  19:.\IMU.c       **** #define WRITE   0
  20:.\IMU.c       **** #define ACK     0
  21:.\IMU.c       **** #define NACK    1
  22:.\IMU.c       **** 
  23:.\IMU.c       **** /* Gyro subcomponents*/
  24:.\IMU.c       **** 
  25:.\IMU.c       **** 
  26:.\IMU.c       **** 
  27:.\IMU.c       **** /* x component*/
  28:.\IMU.c       **** int8_t	gyro_x_h	= 0;
  29:.\IMU.c       **** uint8_t gyro_x_l	= 0;
  30:.\IMU.c       **** int16_t gyro_x		= 0;
  31:.\IMU.c       **** extern int16_t turn_rate_p;
  32:.\IMU.c       **** int16_t	gyro_p		= 0;
  33:.\IMU.c       **** 
  34:.\IMU.c       **** /* y component*/
  35:.\IMU.c       **** int8_t	gyro_y_h	= 0;
  36:.\IMU.c       **** uint8_t gyro_y_l	= 0;
  37:.\IMU.c       **** int16_t gyro_y		= 0;
  38:.\IMU.c       **** int16_t	gyro_q		= 0;
ARM GAS  C:\Users\SNFU\AppData\Local\Temp\ccmzl6gQ.s 			page 4


  39:.\IMU.c       **** extern int16_t turn_rate_q;
  40:.\IMU.c       **** 
  41:.\IMU.c       **** /* z component*/
  42:.\IMU.c       **** int8_t	gyro_z_h	= 0;
  43:.\IMU.c       **** uint8_t gyro_z_l	= 0;
  44:.\IMU.c       **** int16_t gyro_z		= 0;
  45:.\IMU.c       **** int16_t	gyro_r		= 0;
  46:.\IMU.c       **** extern int16_t turn_rate_r;
  47:.\IMU.c       **** 
  48:.\IMU.c       **** // Gyro temperature
  49:.\IMU.c       **** int8_t	temperature	= 0;
  50:.\IMU.c       **** uint8_t temperature_0	= 50;
  51:.\IMU.c       **** 
  52:.\IMU.c       **** // Gyro Calibration Variables
  53:.\IMU.c       **** // idea: count 100 samples (IMU needs to be steady) and calculate the offset
  54:.\IMU.c       **** 
  55:.\IMU.c       **** int16_t gyro_p_offset = 0;
  56:.\IMU.c       **** int16_t gyro_q_offset = 0;
  57:.\IMU.c       **** int16_t gyro_r_offset = 0;
  58:.\IMU.c       **** //int cal_complete = FALSE;	// Flag to cover if the calibration is complete
  59:.\IMU.c       **** uint8_t error_stat = 0;
  60:.\IMU.c       **** 
  61:.\IMU.c       **** void write_gyro_registry(uint8_t registry, uint8_t data)
  62:.\IMU.c       **** {
 132              		.loc 1 62 0
 133              		.cfi_startproc
 134 0000 80B5     		push	{r7, lr}
 135              	.LCFI0:
 136              		.cfi_def_cfa_offset 8
 137              		.cfi_offset 7, -8
 138              		.cfi_offset 14, -4
 139 0002 82B0     		sub	sp, sp, #8
 140              	.LCFI1:
 141              		.cfi_def_cfa_offset 16
 142 0004 00AF     		add	r7, sp, #0
 143              	.LCFI2:
 144              		.cfi_def_cfa_register 7
 145 0006 0A1C     		mov	r2, r1
 146 0008 FB1D     		add	r3, r7, #7
 147 000a 011C     		add	r1, r0, #0
 148 000c 1970     		strb	r1, [r3]
 149 000e BB1D     		add	r3, r7, #6
 150 0010 1A70     		strb	r2, [r3]
  63:.\IMU.c       ****     I2CM_I2CMasterSendStart(L3GD20H_ADDRESS_SA0_HIGH, WRITE);
 151              		.loc 1 63 0
 152 0012 6B20     		mov	r0, #107
 153 0014 0021     		mov	r1, #0
 154 0016 FFF7FEFF 		bl	I2CM_I2CMasterSendStart
  64:.\IMU.c       **** 	//UART_1_UartPutString("W Add Ok");
  65:.\IMU.c       ****     //i2c_send_address_write(L3GD20_ADDRESS_WRITE);
  66:.\IMU.c       **** 	I2CM_I2CMasterWriteByte(registry);
 155              		.loc 1 66 0
 156 001a FB1D     		add	r3, r7, #7
 157 001c 1B78     		ldrb	r3, [r3]
 158 001e 181C     		mov	r0, r3
 159 0020 FFF7FEFF 		bl	I2CM_I2CMasterWriteByte
  67:.\IMU.c       ****     //UART_1_UartPutString("W Reg Ok");
ARM GAS  C:\Users\SNFU\AppData\Local\Temp\ccmzl6gQ.s 			page 5


  68:.\IMU.c       ****     //i2c_send_registry(registry);
  69:.\IMU.c       ****     I2CM_I2CMasterWriteByte(data);
 160              		.loc 1 69 0
 161 0024 BB1D     		add	r3, r7, #6
 162 0026 1B78     		ldrb	r3, [r3]
 163 0028 181C     		mov	r0, r3
 164 002a FFF7FEFF 		bl	I2CM_I2CMasterWriteByte
  70:.\IMU.c       ****     //UART_1_UartPutString("W Dat Ok");
  71:.\IMU.c       **** 	//i2c_send_data(data);
  72:.\IMU.c       ****     I2CM_I2C_MASTER_GENERATE_STOP;
 165              		.loc 1 72 0
 166 002e 084B     		ldr	r3, .L4
 167 0030 084A     		ldr	r2, .L4+4
 168 0032 1168     		ldr	r1, [r2]
 169 0034 2022     		mov	r2, #32
 170 0036 0A40     		and	r2, r1
 171 0038 01D0     		beq	.L2
 172              		.loc 1 72 0 is_stmt 0 discriminator 1
 173 003a 1822     		mov	r2, #24
 174 003c 00E0     		b	.L3
 175              	.L2:
 176              		.loc 1 72 0 discriminator 2
 177 003e 1022     		mov	r2, #16
 178              	.L3:
 179              		.loc 1 72 0 discriminator 3
 180 0040 1A60     		str	r2, [r3]
  73:.\IMU.c       ****     //I2CM_I2CMasterSendStop();
  74:.\IMU.c       ****     UART_1_UartPutString("W Stop Ok");
 181              		.loc 1 74 0 is_stmt 1 discriminator 3
 182 0042 054B     		ldr	r3, .L4+8
 183 0044 181C     		mov	r0, r3
 184 0046 FFF7FEFF 		bl	UART_1_UartPutString
  75:.\IMU.c       ****     //error_stat = I2CM_I2CMasterSendStop();
  76:.\IMU.c       ****     //UART_1_UartPutNum(error_stat);
  77:.\IMU.c       **** 	//i2c_stop();
  78:.\IMU.c       **** 	
  79:.\IMU.c       **** }
 185              		.loc 1 79 0 discriminator 3
 186 004a BD46     		mov	sp, r7
 187 004c 02B0     		add	sp, sp, #8
 188              		@ sp needed for prologue
 189 004e 80BD     		pop	{r7, pc}
 190              	.L5:
 191              		.align	2
 192              	.L4:
 193 0050 68000740 		.word	1074200680
 194 0054 64000740 		.word	1074200676
 195 0058 00000000 		.word	.LC0
 196              		.cfi_endproc
 197              	.LFE33:
 198              		.size	write_gyro_registry, .-write_gyro_registry
 199              		.section	.text.read_gyro_registry,"ax",%progbits
 200              		.align	2
 201              		.global	read_gyro_registry
 202              		.code	16
 203              		.thumb_func
 204              		.type	read_gyro_registry, %function
ARM GAS  C:\Users\SNFU\AppData\Local\Temp\ccmzl6gQ.s 			page 6


 205              	read_gyro_registry:
 206              	.LFB34:
  80:.\IMU.c       **** 
  81:.\IMU.c       **** int8_t read_gyro_registry(uint8_t registry)
  82:.\IMU.c       **** {
 207              		.loc 1 82 0
 208              		.cfi_startproc
 209 0000 80B5     		push	{r7, lr}
 210              	.LCFI3:
 211              		.cfi_def_cfa_offset 8
 212              		.cfi_offset 7, -8
 213              		.cfi_offset 14, -4
 214 0002 84B0     		sub	sp, sp, #16
 215              	.LCFI4:
 216              		.cfi_def_cfa_offset 24
 217 0004 00AF     		add	r7, sp, #0
 218              	.LCFI5:
 219              		.cfi_def_cfa_register 7
 220 0006 021C     		mov	r2, r0
 221 0008 FB1D     		add	r3, r7, #7
 222 000a 1A70     		strb	r2, [r3]
  83:.\IMU.c       **** 	uint8_t data;
  84:.\IMU.c       **** 	I2CM_I2CMasterSendStart(L3GD20H_ADDRESS_SA0_HIGH, WRITE);
 223              		.loc 1 84 0
 224 000c 6B20     		mov	r0, #107
 225 000e 0021     		mov	r1, #0
 226 0010 FFF7FEFF 		bl	I2CM_I2CMasterSendStart
  85:.\IMU.c       **** 	I2CM_I2CMasterWriteByte(registry);
 227              		.loc 1 85 0
 228 0014 FB1D     		add	r3, r7, #7
 229 0016 1B78     		ldrb	r3, [r3]
 230 0018 181C     		mov	r0, r3
 231 001a FFF7FEFF 		bl	I2CM_I2CMasterWriteByte
  86:.\IMU.c       **** 	//i2c_repeated_start();
  87:.\IMU.c       **** 	I2CM_I2CMasterSendRestart(L3GD20H_ADDRESS_SA0_HIGH, READ);
 232              		.loc 1 87 0
 233 001e 6B20     		mov	r0, #107
 234 0020 0121     		mov	r1, #1
 235 0022 FFF7FEFF 		bl	I2CM_I2CMasterSendRestart
  88:.\IMU.c       **** 	//i2c_send_address_read(L3GD20_ADDRESS_READ);
  89:.\IMU.c       **** 	data = I2CM_I2CMasterReadByte(NACK);
 236              		.loc 1 89 0
 237 0026 0120     		mov	r0, #1
 238 0028 FFF7FEFF 		bl	I2CM_I2CMasterReadByte
 239 002c 021C     		mov	r2, r0
 240 002e 3B1C     		mov	r3, r7
 241 0030 0F33     		add	r3, r3, #15
 242 0032 1A70     		strb	r2, [r3]
  90:.\IMU.c       **** 	//data = i2c_read_data_nmak();
  91:.\IMU.c       **** 	//i2c_stop();S
  92:.\IMU.c       ****     I2CM_I2CMasterSendStop();
 243              		.loc 1 92 0
 244 0034 FFF7FEFF 		bl	I2CM_I2CMasterSendStop
  93:.\IMU.c       ****     return(data);
 245              		.loc 1 93 0
 246 0038 3B1C     		mov	r3, r7
 247 003a 0F33     		add	r3, r3, #15
ARM GAS  C:\Users\SNFU\AppData\Local\Temp\ccmzl6gQ.s 			page 7


 248 003c 1B78     		ldrb	r3, [r3]
 249 003e 5BB2     		sxtb	r3, r3
  94:.\IMU.c       **** }
 250              		.loc 1 94 0
 251 0040 181C     		mov	r0, r3
 252 0042 BD46     		mov	sp, r7
 253 0044 04B0     		add	sp, sp, #16
 254              		@ sp needed for prologue
 255 0046 80BD     		pop	{r7, pc}
 256              		.cfi_endproc
 257              	.LFE34:
 258              		.size	read_gyro_registry, .-read_gyro_registry
 259              		.section	.rodata
 260 000a 0000     		.align	2
 261              	.LC2:
 262 000c 6779726F 		.ascii	"gyro started\015\012\000"
 262      20737461 
 262      72746564 
 262      0D0A00
 263 001b 00       		.section	.text.gyro_start,"ax",%progbits
 264              		.align	2
 265              		.global	gyro_start
 266              		.code	16
 267              		.thumb_func
 268              		.type	gyro_start, %function
 269              	gyro_start:
 270              	.LFB35:
  95:.\IMU.c       **** 
  96:.\IMU.c       **** void gyro_start(void)
  97:.\IMU.c       **** {
 271              		.loc 1 97 0
 272              		.cfi_startproc
 273 0000 80B5     		push	{r7, lr}
 274              	.LCFI6:
 275              		.cfi_def_cfa_offset 8
 276              		.cfi_offset 7, -8
 277              		.cfi_offset 14, -4
 278 0002 00AF     		add	r7, sp, #0
 279              	.LCFI7:
 280              		.cfi_def_cfa_register 7
  98:.\IMU.c       ****     // CTRL REG 1
  99:.\IMU.c       **** 	write_gyro_registry(L3GD20H_CTRL_REG1, 0x0F);		// Enabling all axes read out and Power On -> 100 H
 281              		.loc 1 99 0
 282 0004 2020     		mov	r0, #32
 283 0006 0F21     		mov	r1, #15
 284 0008 FFF7FEFF 		bl	write_gyro_registry
 100:.\IMU.c       ****     UART_1_UartPutNum(read_gyro_registry(L3GD20H_CTRL_REG1));
 285              		.loc 1 100 0
 286 000c 2020     		mov	r0, #32
 287 000e FFF7FEFF 		bl	read_gyro_registry
 288 0012 031C     		mov	r3, r0
 289 0014 181C     		mov	r0, r3
 290 0016 FFF7FEFF 		bl	UART_1_UartPutNum
 101:.\IMU.c       ****     // CTRL REG 2
 102:.\IMU.c       **** 	write_gyro_registry(L3GD20H_CTRL_REG2, 0x20);		// Normal Mode of High Pass Filter (High Bits), Fil
 291              		.loc 1 102 0
 292 001a 2120     		mov	r0, #33
ARM GAS  C:\Users\SNFU\AppData\Local\Temp\ccmzl6gQ.s 			page 8


 293 001c 2021     		mov	r1, #32
 294 001e FFF7FEFF 		bl	write_gyro_registry
 103:.\IMU.c       ****     // CTRL REG 5
 104:.\IMU.c       **** 	write_gyro_registry(L3GD20H_CTRL_REG5, 0x10);		// High Pass Filter Enable (High Bit 1)
 295              		.loc 1 104 0
 296 0022 2420     		mov	r0, #36
 297 0024 1021     		mov	r1, #16
 298 0026 FFF7FEFF 		bl	write_gyro_registry
 105:.\IMU.c       ****     //read_gyro_registry(L3GD20H_CTRL_REG1);
 106:.\IMU.c       ****     UART_1_UartPutString("gyro started\r\n");
 299              		.loc 1 106 0
 300 002a 034B     		ldr	r3, .L9
 301 002c 181C     		mov	r0, r3
 302 002e FFF7FEFF 		bl	UART_1_UartPutString
 107:.\IMU.c       **** }
 303              		.loc 1 107 0
 304 0032 BD46     		mov	sp, r7
 305              		@ sp needed for prologue
 306 0034 80BD     		pop	{r7, pc}
 307              	.L10:
 308 0036 C046     		.align	2
 309              	.L9:
 310 0038 0C000000 		.word	.LC2
 311              		.cfi_endproc
 312              	.LFE35:
 313              		.size	gyro_start, .-gyro_start
 314              		.global	__aeabi_i2d
 315              		.global	__aeabi_dmul
 316              		.global	__aeabi_d2iz
 317              		.section	.text.gyro_read,"ax",%progbits
 318              		.align	2
 319              		.global	gyro_read
 320              		.code	16
 321              		.thumb_func
 322              		.type	gyro_read, %function
 323              	gyro_read:
 324              	.LFB36:
 108:.\IMU.c       **** 
 109:.\IMU.c       **** // Gyro turn rate reading
 110:.\IMU.c       **** struct turn_rates_s gyro_read(void)
 111:.\IMU.c       **** {
 325              		.loc 1 111 0
 326              		.cfi_startproc
 327 0000 90B5     		push	{r4, r7, lr}
 328              	.LCFI8:
 329              		.cfi_def_cfa_offset 12
 330              		.cfi_offset 4, -12
 331              		.cfi_offset 7, -8
 332              		.cfi_offset 14, -4
 333 0002 87B0     		sub	sp, sp, #28
 334              	.LCFI9:
 335              		.cfi_def_cfa_offset 40
 336 0004 00AF     		add	r7, sp, #0
 337              	.LCFI10:
 338              		.cfi_def_cfa_register 7
 339 0006 7860     		str	r0, [r7, #4]
 112:.\IMU.c       ****     struct turn_rates_s turns;
ARM GAS  C:\Users\SNFU\AppData\Local\Temp\ccmzl6gQ.s 			page 9


 113:.\IMU.c       ****     I2CM_I2CMasterSendStart(L3GD20H_ADDRESS_SA0_HIGH, WRITE);
 340              		.loc 1 113 0
 341 0008 6B20     		mov	r0, #107
 342 000a 0021     		mov	r1, #0
 343 000c FFF7FEFF 		bl	I2CM_I2CMasterSendStart
 114:.\IMU.c       **** 	I2CM_I2CMasterWriteByte(L3GD20H_OUT_X_L + 0b10000000); // add MSB to activate auto increment
 344              		.loc 1 114 0
 345 0010 A820     		mov	r0, #168
 346 0012 FFF7FEFF 		bl	I2CM_I2CMasterWriteByte
 115:.\IMU.c       **** 	I2CM_I2CMasterSendRestart(L3GD20H_ADDRESS_SA0_HIGH, READ);
 347              		.loc 1 115 0
 348 0016 6B20     		mov	r0, #107
 349 0018 0121     		mov	r1, #1
 350 001a FFF7FEFF 		bl	I2CM_I2CMasterSendRestart
 116:.\IMU.c       **** 	gyro_x_l = I2CM_I2CMasterReadByte(ACK);
 351              		.loc 1 116 0
 352 001e 0020     		mov	r0, #0
 353 0020 FFF7FEFF 		bl	I2CM_I2CMasterReadByte
 354 0024 031C     		mov	r3, r0
 355 0026 DAB2     		uxtb	r2, r3
 356 0028 254B     		ldr	r3, .L15+8
 357 002a 1A70     		strb	r2, [r3]
 117:.\IMU.c       **** 	gyro_x_h = I2CM_I2CMasterReadByte(NACK);
 358              		.loc 1 117 0
 359 002c 0120     		mov	r0, #1
 360 002e FFF7FEFF 		bl	I2CM_I2CMasterReadByte
 361 0032 031C     		mov	r3, r0
 362 0034 DAB2     		uxtb	r2, r3
 363 0036 234B     		ldr	r3, .L15+12
 364 0038 1A70     		strb	r2, [r3]
 118:.\IMU.c       ****     I2CM_I2C_MASTER_GENERATE_STOP;
 365              		.loc 1 118 0
 366 003a 234B     		ldr	r3, .L15+16
 367 003c 234A     		ldr	r2, .L15+20
 368 003e 1168     		ldr	r1, [r2]
 369 0040 2022     		mov	r2, #32
 370 0042 0A40     		and	r2, r1
 371 0044 01D0     		beq	.L12
 372              		.loc 1 118 0 is_stmt 0 discriminator 1
 373 0046 1822     		mov	r2, #24
 374 0048 00E0     		b	.L13
 375              	.L12:
 376              		.loc 1 118 0 discriminator 2
 377 004a 1022     		mov	r2, #16
 378              	.L13:
 379              		.loc 1 118 0 discriminator 3
 380 004c 1A60     		str	r2, [r3]
 119:.\IMU.c       ****     gyro_x = (gyro_x_h<<8) | (gyro_x_l);
 381              		.loc 1 119 0 is_stmt 1 discriminator 3
 382 004e 1D4B     		ldr	r3, .L15+12
 383 0050 1B78     		ldrb	r3, [r3]
 384 0052 5BB2     		sxtb	r3, r3
 385 0054 1B02     		lsl	r3, r3, #8
 386 0056 9AB2     		uxth	r2, r3
 387 0058 194B     		ldr	r3, .L15+8
 388 005a 1B78     		ldrb	r3, [r3]
 389 005c 1343     		orr	r3, r2
ARM GAS  C:\Users\SNFU\AppData\Local\Temp\ccmzl6gQ.s 			page 10


 390 005e 9AB2     		uxth	r2, r3
 391 0060 1B4B     		ldr	r3, .L15+24
 392 0062 1A80     		strh	r2, [r3]
 120:.\IMU.c       ****     gyro_p = gyro_x * 0.00875;          // the conversion comes from the default sensitivity value:
 393              		.loc 1 120 0 discriminator 3
 394 0064 1A4B     		ldr	r3, .L15+24
 395 0066 1B88     		ldrh	r3, [r3]
 396 0068 1BB2     		sxth	r3, r3
 397 006a 181C     		mov	r0, r3
 398 006c FFF7FEFF 		bl	__aeabi_i2d
 399 0070 031C     		mov	r3, r0
 400 0072 0C1C     		mov	r4, r1
 401 0074 181C     		mov	r0, r3
 402 0076 211C     		mov	r1, r4
 403 0078 104B     		ldr	r3, .L15+4
 404 007a 0F4A     		ldr	r2, .L15
 405 007c FFF7FEFF 		bl	__aeabi_dmul
 406 0080 031C     		mov	r3, r0
 407 0082 0C1C     		mov	r4, r1
 408 0084 181C     		mov	r0, r3
 409 0086 211C     		mov	r1, r4
 410 0088 FFF7FEFF 		bl	__aeabi_d2iz
 411 008c 031C     		mov	r3, r0
 412 008e 9AB2     		uxth	r2, r3
 413 0090 104B     		ldr	r3, .L15+28
 414 0092 1A80     		strh	r2, [r3]
 121:.\IMU.c       ****     turns.p = gyro_p;
 415              		.loc 1 121 0 discriminator 3
 416 0094 0F4B     		ldr	r3, .L15+28
 417 0096 1B88     		ldrh	r3, [r3]
 418 0098 1AB2     		sxth	r2, r3
 419 009a 3B1C     		mov	r3, r7
 420 009c 0C33     		add	r3, r3, #12
 421 009e 1A60     		str	r2, [r3]
 122:.\IMU.c       ****     
 123:.\IMU.c       ****     return(turns);
 422              		.loc 1 123 0 discriminator 3
 423 00a0 7B68     		ldr	r3, [r7, #4]
 424 00a2 3A1C     		mov	r2, r7
 425 00a4 0C32     		add	r2, r2, #12
 426 00a6 13CA     		ldmia	r2!, {r0, r1, r4}
 427 00a8 13C3     		stmia	r3!, {r0, r1, r4}
 124:.\IMU.c       **** }
 428              		.loc 1 124 0 discriminator 3
 429 00aa 7868     		ldr	r0, [r7, #4]
 430 00ac BD46     		mov	sp, r7
 431 00ae 07B0     		add	sp, sp, #28
 432              		@ sp needed for prologue
 433 00b0 90BD     		pop	{r4, r7, pc}
 434              	.L16:
 435 00b2 C046C046 		.align	3
 435      C046
 436              	.L15:
 437 00b8 EC51B81E 		.word	515396076
 438 00bc 85EB813F 		.word	1065479045
 439 00c0 00000000 		.word	gyro_x_l
 440 00c4 00000000 		.word	gyro_x_h
ARM GAS  C:\Users\SNFU\AppData\Local\Temp\ccmzl6gQ.s 			page 11


 441 00c8 68000740 		.word	1074200680
 442 00cc 64000740 		.word	1074200676
 443 00d0 00000000 		.word	gyro_x
 444 00d4 00000000 		.word	gyro_p
 445              		.cfi_endproc
 446              	.LFE36:
 447              		.size	gyro_read, .-gyro_read
 448              		.section	.text.gyro_read_bla,"ax",%progbits
 449              		.align	2
 450              		.global	gyro_read_bla
 451              		.code	16
 452              		.thumb_func
 453              		.type	gyro_read_bla, %function
 454              	gyro_read_bla:
 455              	.LFB37:
 125:.\IMU.c       **** 
 126:.\IMU.c       **** 
 127:.\IMU.c       **** void gyro_read_bla(void)
 128:.\IMU.c       **** {
 456              		.loc 1 128 0
 457              		.cfi_startproc
 458 0000 98B5     		push	{r3, r4, r7, lr}
 459              	.LCFI11:
 460              		.cfi_def_cfa_offset 16
 461              		.cfi_offset 3, -16
 462              		.cfi_offset 4, -12
 463              		.cfi_offset 7, -8
 464              		.cfi_offset 14, -4
 465 0002 00AF     		add	r7, sp, #0
 466              	.LCFI12:
 467              		.cfi_def_cfa_register 7
 129:.\IMU.c       **** 	I2CM_I2CMasterSendStart(L3GD20H_ADDRESS_SA0_LOW, WRITE);
 468              		.loc 1 129 0
 469 0004 6A20     		mov	r0, #106
 470 0006 0021     		mov	r1, #0
 471 0008 FFF7FEFF 		bl	I2CM_I2CMasterSendStart
 130:.\IMU.c       **** 	I2CM_I2CMasterWriteByte(L3GD20H_OUT_X_L + 0b10000000); // add MSB to activate auto increment
 472              		.loc 1 130 0
 473 000c A820     		mov	r0, #168
 474 000e FFF7FEFF 		bl	I2CM_I2CMasterWriteByte
 131:.\IMU.c       **** 	I2CM_I2CMasterSendRestart(L3GD20H_ADDRESS_SA0_LOW, READ);
 475              		.loc 1 131 0
 476 0012 6A20     		mov	r0, #106
 477 0014 0121     		mov	r1, #1
 478 0016 FFF7FEFF 		bl	I2CM_I2CMasterSendRestart
 132:.\IMU.c       **** 	gyro_x_l = I2CM_I2CMasterReadByte(ACK);
 479              		.loc 1 132 0
 480 001a 0020     		mov	r0, #0
 481 001c FFF7FEFF 		bl	I2CM_I2CMasterReadByte
 482 0020 031C     		mov	r3, r0
 483 0022 DAB2     		uxtb	r2, r3
 484 0024 4A4B     		ldr	r3, .L18+8
 485 0026 1A70     		strb	r2, [r3]
 133:.\IMU.c       **** 	gyro_x_h = I2CM_I2CMasterReadByte(ACK);
 486              		.loc 1 133 0
 487 0028 0020     		mov	r0, #0
 488 002a FFF7FEFF 		bl	I2CM_I2CMasterReadByte
ARM GAS  C:\Users\SNFU\AppData\Local\Temp\ccmzl6gQ.s 			page 12


 489 002e 031C     		mov	r3, r0
 490 0030 DAB2     		uxtb	r2, r3
 491 0032 484B     		ldr	r3, .L18+12
 492 0034 1A70     		strb	r2, [r3]
 134:.\IMU.c       **** 	gyro_y_l = I2CM_I2CMasterReadByte(ACK);
 493              		.loc 1 134 0
 494 0036 0020     		mov	r0, #0
 495 0038 FFF7FEFF 		bl	I2CM_I2CMasterReadByte
 496 003c 031C     		mov	r3, r0
 497 003e DAB2     		uxtb	r2, r3
 498 0040 454B     		ldr	r3, .L18+16
 499 0042 1A70     		strb	r2, [r3]
 135:.\IMU.c       **** 	gyro_y_h = I2CM_I2CMasterReadByte(ACK);
 500              		.loc 1 135 0
 501 0044 0020     		mov	r0, #0
 502 0046 FFF7FEFF 		bl	I2CM_I2CMasterReadByte
 503 004a 031C     		mov	r3, r0
 504 004c DAB2     		uxtb	r2, r3
 505 004e 434B     		ldr	r3, .L18+20
 506 0050 1A70     		strb	r2, [r3]
 136:.\IMU.c       **** 	gyro_z_l = I2CM_I2CMasterReadByte(ACK);
 507              		.loc 1 136 0
 508 0052 0020     		mov	r0, #0
 509 0054 FFF7FEFF 		bl	I2CM_I2CMasterReadByte
 510 0058 031C     		mov	r3, r0
 511 005a DAB2     		uxtb	r2, r3
 512 005c 404B     		ldr	r3, .L18+24
 513 005e 1A70     		strb	r2, [r3]
 137:.\IMU.c       **** 	gyro_z_h = I2CM_I2CMasterReadByte(NACK);					// add the end we give no master ack to finish commun
 514              		.loc 1 137 0
 515 0060 0120     		mov	r0, #1
 516 0062 FFF7FEFF 		bl	I2CM_I2CMasterReadByte
 517 0066 031C     		mov	r3, r0
 518 0068 DAB2     		uxtb	r2, r3
 519 006a 3E4B     		ldr	r3, .L18+28
 520 006c 1A70     		strb	r2, [r3]
 138:.\IMU.c       **** 	I2CM_I2CMasterSendStop();
 521              		.loc 1 138 0
 522 006e FFF7FEFF 		bl	I2CM_I2CMasterSendStop
 139:.\IMU.c       **** 	
 140:.\IMU.c       **** 	gyro_x = (gyro_x_h<<8) | (gyro_x_l);
 523              		.loc 1 140 0
 524 0072 384B     		ldr	r3, .L18+12
 525 0074 1B78     		ldrb	r3, [r3]
 526 0076 5BB2     		sxtb	r3, r3
 527 0078 1B02     		lsl	r3, r3, #8
 528 007a 9AB2     		uxth	r2, r3
 529 007c 344B     		ldr	r3, .L18+8
 530 007e 1B78     		ldrb	r3, [r3]
 531 0080 1343     		orr	r3, r2
 532 0082 9AB2     		uxth	r2, r3
 533 0084 384B     		ldr	r3, .L18+32
 534 0086 1A80     		strh	r2, [r3]
 141:.\IMU.c       **** 	gyro_y = (gyro_y_h<<8) | (gyro_y_l);
 535              		.loc 1 141 0
 536 0088 344B     		ldr	r3, .L18+20
 537 008a 1B78     		ldrb	r3, [r3]
ARM GAS  C:\Users\SNFU\AppData\Local\Temp\ccmzl6gQ.s 			page 13


 538 008c 5BB2     		sxtb	r3, r3
 539 008e 1B02     		lsl	r3, r3, #8
 540 0090 9AB2     		uxth	r2, r3
 541 0092 314B     		ldr	r3, .L18+16
 542 0094 1B78     		ldrb	r3, [r3]
 543 0096 1343     		orr	r3, r2
 544 0098 9AB2     		uxth	r2, r3
 545 009a 344B     		ldr	r3, .L18+36
 546 009c 1A80     		strh	r2, [r3]
 142:.\IMU.c       **** 	gyro_z = (gyro_z_h<<8) | (gyro_z_l);
 547              		.loc 1 142 0
 548 009e 314B     		ldr	r3, .L18+28
 549 00a0 1B78     		ldrb	r3, [r3]
 550 00a2 5BB2     		sxtb	r3, r3
 551 00a4 1B02     		lsl	r3, r3, #8
 552 00a6 9AB2     		uxth	r2, r3
 553 00a8 2D4B     		ldr	r3, .L18+24
 554 00aa 1B78     		ldrb	r3, [r3]
 555 00ac 1343     		orr	r3, r2
 556 00ae 9AB2     		uxth	r2, r3
 557 00b0 2F4B     		ldr	r3, .L18+40
 558 00b2 1A80     		strh	r2, [r3]
 143:.\IMU.c       **** 	
 144:.\IMU.c       ****     
 145:.\IMU.c       **** 	
 146:.\IMU.c       **** 	 gyro_p = gyro_x * 0.00875;						// the conversion comes from the default sensitivity value: FS = 
 559              		.loc 1 146 0
 560 00b4 2C4B     		ldr	r3, .L18+32
 561 00b6 1B88     		ldrh	r3, [r3]
 562 00b8 1BB2     		sxth	r3, r3
 563 00ba 181C     		mov	r0, r3
 564 00bc FFF7FEFF 		bl	__aeabi_i2d
 565 00c0 031C     		mov	r3, r0
 566 00c2 0C1C     		mov	r4, r1
 567 00c4 181C     		mov	r0, r3
 568 00c6 211C     		mov	r1, r4
 569 00c8 204B     		ldr	r3, .L18+4
 570 00ca 1F4A     		ldr	r2, .L18
 571 00cc FFF7FEFF 		bl	__aeabi_dmul
 572 00d0 031C     		mov	r3, r0
 573 00d2 0C1C     		mov	r4, r1
 574 00d4 181C     		mov	r0, r3
 575 00d6 211C     		mov	r1, r4
 576 00d8 FFF7FEFF 		bl	__aeabi_d2iz
 577 00dc 031C     		mov	r3, r0
 578 00de 9AB2     		uxth	r2, r3
 579 00e0 244B     		ldr	r3, .L18+44
 580 00e2 1A80     		strh	r2, [r3]
 147:.\IMU.c       **** 	 gyro_q = gyro_y * 0.00875;
 581              		.loc 1 147 0
 582 00e4 214B     		ldr	r3, .L18+36
 583 00e6 1B88     		ldrh	r3, [r3]
 584 00e8 1BB2     		sxth	r3, r3
 585 00ea 181C     		mov	r0, r3
 586 00ec FFF7FEFF 		bl	__aeabi_i2d
 587 00f0 031C     		mov	r3, r0
 588 00f2 0C1C     		mov	r4, r1
ARM GAS  C:\Users\SNFU\AppData\Local\Temp\ccmzl6gQ.s 			page 14


 589 00f4 181C     		mov	r0, r3
 590 00f6 211C     		mov	r1, r4
 591 00f8 144B     		ldr	r3, .L18+4
 592 00fa 134A     		ldr	r2, .L18
 593 00fc FFF7FEFF 		bl	__aeabi_dmul
 594 0100 031C     		mov	r3, r0
 595 0102 0C1C     		mov	r4, r1
 596 0104 181C     		mov	r0, r3
 597 0106 211C     		mov	r1, r4
 598 0108 FFF7FEFF 		bl	__aeabi_d2iz
 599 010c 031C     		mov	r3, r0
 600 010e 9AB2     		uxth	r2, r3
 601 0110 194B     		ldr	r3, .L18+48
 602 0112 1A80     		strh	r2, [r3]
 148:.\IMU.c       **** 	 gyro_r = gyro_z * 0.00875;						// see gyro datasheet page 10
 603              		.loc 1 148 0
 604 0114 164B     		ldr	r3, .L18+40
 605 0116 1B88     		ldrh	r3, [r3]
 606 0118 1BB2     		sxth	r3, r3
 607 011a 181C     		mov	r0, r3
 608 011c FFF7FEFF 		bl	__aeabi_i2d
 609 0120 031C     		mov	r3, r0
 610 0122 0C1C     		mov	r4, r1
 611 0124 181C     		mov	r0, r3
 612 0126 211C     		mov	r1, r4
 613 0128 084B     		ldr	r3, .L18+4
 614 012a 074A     		ldr	r2, .L18
 615 012c FFF7FEFF 		bl	__aeabi_dmul
 616 0130 031C     		mov	r3, r0
 617 0132 0C1C     		mov	r4, r1
 618 0134 181C     		mov	r0, r3
 619 0136 211C     		mov	r1, r4
 620 0138 FFF7FEFF 		bl	__aeabi_d2iz
 621 013c 031C     		mov	r3, r0
 622 013e 9AB2     		uxth	r2, r3
 623 0140 0E4B     		ldr	r3, .L18+52
 624 0142 1A80     		strh	r2, [r3]
 149:.\IMU.c       **** 	
 150:.\IMU.c       **** 		
 151:.\IMU.c       **** 																											
 152:.\IMU.c       **** 	/*write_string("gyro_x reg:");write_var(gyro_x);write_string("  p: ");*///write_var(gyro_p);write_
 153:.\IMU.c       **** }
 625              		.loc 1 153 0
 626 0144 BD46     		mov	sp, r7
 627              		@ sp needed for prologue
 628 0146 98BD     		pop	{r3, r4, r7, pc}
 629              	.L19:
 630              		.align	3
 631              	.L18:
 632 0148 EC51B81E 		.word	515396076
 633 014c 85EB813F 		.word	1065479045
 634 0150 00000000 		.word	gyro_x_l
 635 0154 00000000 		.word	gyro_x_h
 636 0158 00000000 		.word	gyro_y_l
 637 015c 00000000 		.word	gyro_y_h
 638 0160 00000000 		.word	gyro_z_l
 639 0164 00000000 		.word	gyro_z_h
ARM GAS  C:\Users\SNFU\AppData\Local\Temp\ccmzl6gQ.s 			page 15


 640 0168 00000000 		.word	gyro_x
 641 016c 00000000 		.word	gyro_y
 642 0170 00000000 		.word	gyro_z
 643 0174 00000000 		.word	gyro_p
 644 0178 00000000 		.word	gyro_q
 645 017c 00000000 		.word	gyro_r
 646              		.cfi_endproc
 647              	.LFE37:
 648              		.size	gyro_read_bla, .-gyro_read_bla
 649              		.text
 650              	.Letext0:
 651              		.file 2 "c:\\program files\\cypress\\psoc creator\\3.0\\psoc creator\\import\\gnu_cs\\arm\\4.7.3\\
 652              		.file 3 "./Generated_Source/PSoC4/cytypes.h"
 653              		.file 4 "./IMU.h"
 654              		.section	.debug_info,"",%progbits
 655              	.Ldebug_info0:
 656 0000 04030000 		.4byte	0x304
 657 0004 0200     		.2byte	0x2
 658 0006 00000000 		.4byte	.Ldebug_abbrev0
 659 000a 04       		.byte	0x4
 660 000b 01       		.uleb128 0x1
 661 000c 1F020000 		.4byte	.LASF43
 662 0010 01       		.byte	0x1
 663 0011 14000000 		.4byte	.LASF44
 664 0015 79010000 		.4byte	.LASF45
 665 0019 00000000 		.4byte	.Ldebug_ranges0+0
 666 001d 00000000 		.4byte	0
 667 0021 00000000 		.4byte	0
 668 0025 00000000 		.4byte	.Ldebug_line0
 669 0029 02       		.uleb128 0x2
 670 002a 55000000 		.4byte	.LASF0
 671 002e 02       		.byte	0x2
 672 002f 29       		.byte	0x29
 673 0030 34000000 		.4byte	0x34
 674 0034 03       		.uleb128 0x3
 675 0035 01       		.byte	0x1
 676 0036 06       		.byte	0x6
 677 0037 FE010000 		.4byte	.LASF2
 678 003b 02       		.uleb128 0x2
 679 003c 22000000 		.4byte	.LASF1
 680 0040 02       		.byte	0x2
 681 0041 2A       		.byte	0x2a
 682 0042 46000000 		.4byte	0x46
 683 0046 03       		.uleb128 0x3
 684 0047 01       		.byte	0x1
 685 0048 08       		.byte	0x8
 686 0049 80000000 		.4byte	.LASF3
 687 004d 02       		.uleb128 0x2
 688 004e 29010000 		.4byte	.LASF4
 689 0052 02       		.byte	0x2
 690 0053 35       		.byte	0x35
 691 0054 58000000 		.4byte	0x58
 692 0058 03       		.uleb128 0x3
 693 0059 02       		.byte	0x2
 694 005a 05       		.byte	0x5
 695 005b 6F010000 		.4byte	.LASF5
 696 005f 03       		.uleb128 0x3
ARM GAS  C:\Users\SNFU\AppData\Local\Temp\ccmzl6gQ.s 			page 16


 697 0060 02       		.byte	0x2
 698 0061 07       		.byte	0x7
 699 0062 A6000000 		.4byte	.LASF6
 700 0066 03       		.uleb128 0x3
 701 0067 04       		.byte	0x4
 702 0068 05       		.byte	0x5
 703 0069 DE010000 		.4byte	.LASF7
 704 006d 03       		.uleb128 0x3
 705 006e 04       		.byte	0x4
 706 006f 07       		.byte	0x7
 707 0070 8E000000 		.4byte	.LASF8
 708 0074 03       		.uleb128 0x3
 709 0075 08       		.byte	0x8
 710 0076 05       		.byte	0x5
 711 0077 4C010000 		.4byte	.LASF9
 712 007b 03       		.uleb128 0x3
 713 007c 08       		.byte	0x8
 714 007d 07       		.byte	0x7
 715 007e F9000000 		.4byte	.LASF10
 716 0082 04       		.uleb128 0x4
 717 0083 04       		.byte	0x4
 718 0084 05       		.byte	0x5
 719 0085 696E7400 		.ascii	"int\000"
 720 0089 03       		.uleb128 0x3
 721 008a 04       		.byte	0x4
 722 008b 07       		.byte	0x7
 723 008c EC000000 		.4byte	.LASF11
 724 0090 02       		.uleb128 0x2
 725 0091 E5000000 		.4byte	.LASF12
 726 0095 03       		.byte	0x3
 727 0096 5D       		.byte	0x5d
 728 0097 6D000000 		.4byte	0x6d
 729 009b 03       		.uleb128 0x3
 730 009c 04       		.byte	0x4
 731 009d 04       		.byte	0x4
 732 009e 1C000000 		.4byte	.LASF13
 733 00a2 03       		.uleb128 0x3
 734 00a3 08       		.byte	0x8
 735 00a4 04       		.byte	0x4
 736 00a5 B9000000 		.4byte	.LASF14
 737 00a9 03       		.uleb128 0x3
 738 00aa 01       		.byte	0x1
 739 00ab 08       		.byte	0x8
 740 00ac 61010000 		.4byte	.LASF15
 741 00b0 02       		.uleb128 0x2
 742 00b1 0E000000 		.4byte	.LASF16
 743 00b5 03       		.byte	0x3
 744 00b6 F2       		.byte	0xf2
 745 00b7 BB000000 		.4byte	0xbb
 746 00bb 05       		.uleb128 0x5
 747 00bc 90000000 		.4byte	0x90
 748 00c0 03       		.uleb128 0x3
 749 00c1 04       		.byte	0x4
 750 00c2 07       		.byte	0x7
 751 00c3 31010000 		.4byte	.LASF17
 752 00c7 06       		.uleb128 0x6
 753 00c8 68020000 		.4byte	.LASF46
ARM GAS  C:\Users\SNFU\AppData\Local\Temp\ccmzl6gQ.s 			page 17


 754 00cc 0C       		.byte	0xc
 755 00cd 04       		.byte	0x4
 756 00ce 33       		.byte	0x33
 757 00cf F8000000 		.4byte	0xf8
 758 00d3 07       		.uleb128 0x7
 759 00d4 7000     		.ascii	"p\000"
 760 00d6 04       		.byte	0x4
 761 00d7 35       		.byte	0x35
 762 00d8 66000000 		.4byte	0x66
 763 00dc 02       		.byte	0x2
 764 00dd 23       		.byte	0x23
 765 00de 00       		.uleb128 0
 766 00df 07       		.uleb128 0x7
 767 00e0 7100     		.ascii	"q\000"
 768 00e2 04       		.byte	0x4
 769 00e3 35       		.byte	0x35
 770 00e4 66000000 		.4byte	0x66
 771 00e8 02       		.byte	0x2
 772 00e9 23       		.byte	0x23
 773 00ea 04       		.uleb128 0x4
 774 00eb 07       		.uleb128 0x7
 775 00ec 7200     		.ascii	"r\000"
 776 00ee 04       		.byte	0x4
 777 00ef 35       		.byte	0x35
 778 00f0 66000000 		.4byte	0x66
 779 00f4 02       		.byte	0x2
 780 00f5 23       		.byte	0x23
 781 00f6 08       		.uleb128 0x8
 782 00f7 00       		.byte	0
 783 00f8 08       		.uleb128 0x8
 784 00f9 01       		.byte	0x1
 785 00fa 2A000000 		.4byte	.LASF47
 786 00fe 01       		.byte	0x1
 787 00ff 3D       		.byte	0x3d
 788 0100 01       		.byte	0x1
 789 0101 00000000 		.4byte	.LFB33
 790 0105 5C000000 		.4byte	.LFE33
 791 0109 00000000 		.4byte	.LLST0
 792 010d 01       		.byte	0x1
 793 010e 2F010000 		.4byte	0x12f
 794 0112 09       		.uleb128 0x9
 795 0113 66010000 		.4byte	.LASF18
 796 0117 01       		.byte	0x1
 797 0118 3D       		.byte	0x3d
 798 0119 3B000000 		.4byte	0x3b
 799 011d 02       		.byte	0x2
 800 011e 91       		.byte	0x91
 801 011f 77       		.sleb128 -9
 802 0120 09       		.uleb128 0x9
 803 0121 7B000000 		.4byte	.LASF19
 804 0125 01       		.byte	0x1
 805 0126 3D       		.byte	0x3d
 806 0127 3B000000 		.4byte	0x3b
 807 012b 02       		.byte	0x2
 808 012c 91       		.byte	0x91
 809 012d 76       		.sleb128 -10
 810 012e 00       		.byte	0
ARM GAS  C:\Users\SNFU\AppData\Local\Temp\ccmzl6gQ.s 			page 18


 811 012f 0A       		.uleb128 0xa
 812 0130 01       		.byte	0x1
 813 0131 C9000000 		.4byte	.LASF20
 814 0135 01       		.byte	0x1
 815 0136 51       		.byte	0x51
 816 0137 01       		.byte	0x1
 817 0138 29000000 		.4byte	0x29
 818 013c 00000000 		.4byte	.LFB34
 819 0140 48000000 		.4byte	.LFE34
 820 0144 38000000 		.4byte	.LLST1
 821 0148 01       		.byte	0x1
 822 0149 6A010000 		.4byte	0x16a
 823 014d 09       		.uleb128 0x9
 824 014e 66010000 		.4byte	.LASF18
 825 0152 01       		.byte	0x1
 826 0153 51       		.byte	0x51
 827 0154 3B000000 		.4byte	0x3b
 828 0158 02       		.byte	0x2
 829 0159 91       		.byte	0x91
 830 015a 6F       		.sleb128 -17
 831 015b 0B       		.uleb128 0xb
 832 015c 7B000000 		.4byte	.LASF19
 833 0160 01       		.byte	0x1
 834 0161 53       		.byte	0x53
 835 0162 3B000000 		.4byte	0x3b
 836 0166 02       		.byte	0x2
 837 0167 91       		.byte	0x91
 838 0168 77       		.sleb128 -9
 839 0169 00       		.byte	0
 840 016a 0C       		.uleb128 0xc
 841 016b 01       		.byte	0x1
 842 016c 10010000 		.4byte	.LASF23
 843 0170 01       		.byte	0x1
 844 0171 60       		.byte	0x60
 845 0172 01       		.byte	0x1
 846 0173 00000000 		.4byte	.LFB35
 847 0177 3C000000 		.4byte	.LFE35
 848 017b 70000000 		.4byte	.LLST2
 849 017f 01       		.byte	0x1
 850 0180 0A       		.uleb128 0xa
 851 0181 01       		.byte	0x1
 852 0182 65000000 		.4byte	.LASF21
 853 0186 01       		.byte	0x1
 854 0187 6E       		.byte	0x6e
 855 0188 01       		.byte	0x1
 856 0189 C7000000 		.4byte	0xc7
 857 018d 00000000 		.4byte	.LFB36
 858 0191 D8000000 		.4byte	.LFE36
 859 0195 9C000000 		.4byte	.LLST3
 860 0199 01       		.byte	0x1
 861 019a AD010000 		.4byte	0x1ad
 862 019e 0B       		.uleb128 0xb
 863 019f A0000000 		.4byte	.LASF22
 864 01a3 01       		.byte	0x1
 865 01a4 70       		.byte	0x70
 866 01a5 C7000000 		.4byte	0xc7
 867 01a9 02       		.byte	0x2
ARM GAS  C:\Users\SNFU\AppData\Local\Temp\ccmzl6gQ.s 			page 19


 868 01aa 91       		.byte	0x91
 869 01ab 64       		.sleb128 -28
 870 01ac 00       		.byte	0
 871 01ad 0C       		.uleb128 0xc
 872 01ae 01       		.byte	0x1
 873 01af 1B010000 		.4byte	.LASF24
 874 01b3 01       		.byte	0x1
 875 01b4 7F       		.byte	0x7f
 876 01b5 01       		.byte	0x1
 877 01b6 00000000 		.4byte	.LFB37
 878 01ba 80010000 		.4byte	.LFE37
 879 01be D4000000 		.4byte	.LLST4
 880 01c2 01       		.byte	0x1
 881 01c3 0D       		.uleb128 0xd
 882 01c4 C0000000 		.4byte	.LASF25
 883 01c8 01       		.byte	0x1
 884 01c9 1C       		.byte	0x1c
 885 01ca 29000000 		.4byte	0x29
 886 01ce 01       		.byte	0x1
 887 01cf 05       		.byte	0x5
 888 01d0 03       		.byte	0x3
 889 01d1 00000000 		.4byte	gyro_x_h
 890 01d5 0D       		.uleb128 0xd
 891 01d6 DC000000 		.4byte	.LASF26
 892 01da 01       		.byte	0x1
 893 01db 1D       		.byte	0x1d
 894 01dc 3B000000 		.4byte	0x3b
 895 01e0 01       		.byte	0x1
 896 01e1 05       		.byte	0x5
 897 01e2 03       		.byte	0x3
 898 01e3 00000000 		.4byte	gyro_x_l
 899 01e7 0D       		.uleb128 0xd
 900 01e8 75020000 		.4byte	.LASF27
 901 01ec 01       		.byte	0x1
 902 01ed 1E       		.byte	0x1e
 903 01ee 4D000000 		.4byte	0x4d
 904 01f2 01       		.byte	0x1
 905 01f3 05       		.byte	0x5
 906 01f4 03       		.byte	0x3
 907 01f5 00000000 		.4byte	gyro_x
 908 01f9 0D       		.uleb128 0xd
 909 01fa 0A020000 		.4byte	.LASF28
 910 01fe 01       		.byte	0x1
 911 01ff 20       		.byte	0x20
 912 0200 4D000000 		.4byte	0x4d
 913 0204 01       		.byte	0x1
 914 0205 05       		.byte	0x5
 915 0206 03       		.byte	0x3
 916 0207 00000000 		.4byte	gyro_p
 917 020b 0D       		.uleb128 0xd
 918 020c D5010000 		.4byte	.LASF29
 919 0210 01       		.byte	0x1
 920 0211 23       		.byte	0x23
 921 0212 29000000 		.4byte	0x29
 922 0216 01       		.byte	0x1
 923 0217 05       		.byte	0x5
 924 0218 03       		.byte	0x3
ARM GAS  C:\Users\SNFU\AppData\Local\Temp\ccmzl6gQ.s 			page 20


 925 0219 00000000 		.4byte	gyro_y_h
 926 021d 0D       		.uleb128 0xd
 927 021e E7010000 		.4byte	.LASF30
 928 0222 01       		.byte	0x1
 929 0223 24       		.byte	0x24
 930 0224 3B000000 		.4byte	0x3b
 931 0228 01       		.byte	0x1
 932 0229 05       		.byte	0x5
 933 022a 03       		.byte	0x3
 934 022b 00000000 		.4byte	gyro_y_l
 935 022f 0D       		.uleb128 0xd
 936 0230 45010000 		.4byte	.LASF31
 937 0234 01       		.byte	0x1
 938 0235 25       		.byte	0x25
 939 0236 4D000000 		.4byte	0x4d
 940 023a 01       		.byte	0x1
 941 023b 05       		.byte	0x5
 942 023c 03       		.byte	0x3
 943 023d 00000000 		.4byte	gyro_y
 944 0241 0D       		.uleb128 0xd
 945 0242 11020000 		.4byte	.LASF32
 946 0246 01       		.byte	0x1
 947 0247 26       		.byte	0x26
 948 0248 4D000000 		.4byte	0x4d
 949 024c 01       		.byte	0x1
 950 024d 05       		.byte	0x5
 951 024e 03       		.byte	0x3
 952 024f 00000000 		.4byte	gyro_q
 953 0253 0D       		.uleb128 0xd
 954 0254 4C000000 		.4byte	.LASF33
 955 0258 01       		.byte	0x1
 956 0259 2A       		.byte	0x2a
 957 025a 29000000 		.4byte	0x29
 958 025e 01       		.byte	0x1
 959 025f 05       		.byte	0x5
 960 0260 03       		.byte	0x3
 961 0261 00000000 		.4byte	gyro_z_h
 962 0265 0D       		.uleb128 0xd
 963 0266 5C000000 		.4byte	.LASF34
 964 026a 01       		.byte	0x1
 965 026b 2B       		.byte	0x2b
 966 026c 3B000000 		.4byte	0x3b
 967 0270 01       		.byte	0x1
 968 0271 05       		.byte	0x5
 969 0272 03       		.byte	0x3
 970 0273 00000000 		.4byte	gyro_z_l
 971 0277 0D       		.uleb128 0xd
 972 0278 5A010000 		.4byte	.LASF35
 973 027c 01       		.byte	0x1
 974 027d 2C       		.byte	0x2c
 975 027e 4D000000 		.4byte	0x4d
 976 0282 01       		.byte	0x1
 977 0283 05       		.byte	0x5
 978 0284 03       		.byte	0x3
 979 0285 00000000 		.4byte	gyro_z
 980 0289 0D       		.uleb128 0xd
 981 028a 18020000 		.4byte	.LASF36
ARM GAS  C:\Users\SNFU\AppData\Local\Temp\ccmzl6gQ.s 			page 21


 982 028e 01       		.byte	0x1
 983 028f 2D       		.byte	0x2d
 984 0290 4D000000 		.4byte	0x4d
 985 0294 01       		.byte	0x1
 986 0295 05       		.byte	0x5
 987 0296 03       		.byte	0x3
 988 0297 00000000 		.4byte	gyro_r
 989 029b 0D       		.uleb128 0xd
 990 029c 6F000000 		.4byte	.LASF37
 991 02a0 01       		.byte	0x1
 992 02a1 31       		.byte	0x31
 993 02a2 29000000 		.4byte	0x29
 994 02a6 01       		.byte	0x1
 995 02a7 05       		.byte	0x5
 996 02a8 03       		.byte	0x3
 997 02a9 00000000 		.4byte	temperature
 998 02ad 0D       		.uleb128 0xd
 999 02ae F0010000 		.4byte	.LASF38
 1000 02b2 01       		.byte	0x1
 1001 02b3 32       		.byte	0x32
 1002 02b4 3B000000 		.4byte	0x3b
 1003 02b8 01       		.byte	0x1
 1004 02b9 05       		.byte	0x5
 1005 02ba 03       		.byte	0x3
 1006 02bb 00000000 		.4byte	temperature_0
 1007 02bf 0D       		.uleb128 0xd
 1008 02c0 3E000000 		.4byte	.LASF39
 1009 02c4 01       		.byte	0x1
 1010 02c5 37       		.byte	0x37
 1011 02c6 4D000000 		.4byte	0x4d
 1012 02ca 01       		.byte	0x1
 1013 02cb 05       		.byte	0x5
 1014 02cc 03       		.byte	0x3
 1015 02cd 00000000 		.4byte	gyro_p_offset
 1016 02d1 0D       		.uleb128 0xd
 1017 02d2 00000000 		.4byte	.LASF40
 1018 02d6 01       		.byte	0x1
 1019 02d7 38       		.byte	0x38
 1020 02d8 4D000000 		.4byte	0x4d
 1021 02dc 01       		.byte	0x1
 1022 02dd 05       		.byte	0x5
 1023 02de 03       		.byte	0x3
 1024 02df 00000000 		.4byte	gyro_q_offset
 1025 02e3 0D       		.uleb128 0xd
 1026 02e4 C7010000 		.4byte	.LASF41
 1027 02e8 01       		.byte	0x1
 1028 02e9 39       		.byte	0x39
 1029 02ea 4D000000 		.4byte	0x4d
 1030 02ee 01       		.byte	0x1
 1031 02ef 05       		.byte	0x5
 1032 02f0 03       		.byte	0x3
 1033 02f1 00000000 		.4byte	gyro_r_offset
 1034 02f5 0D       		.uleb128 0xd
 1035 02f6 3A010000 		.4byte	.LASF42
 1036 02fa 01       		.byte	0x1
 1037 02fb 3B       		.byte	0x3b
 1038 02fc 3B000000 		.4byte	0x3b
ARM GAS  C:\Users\SNFU\AppData\Local\Temp\ccmzl6gQ.s 			page 22


 1039 0300 01       		.byte	0x1
 1040 0301 05       		.byte	0x5
 1041 0302 03       		.byte	0x3
 1042 0303 00000000 		.4byte	error_stat
 1043 0307 00       		.byte	0
 1044              		.section	.debug_abbrev,"",%progbits
 1045              	.Ldebug_abbrev0:
 1046 0000 01       		.uleb128 0x1
 1047 0001 11       		.uleb128 0x11
 1048 0002 01       		.byte	0x1
 1049 0003 25       		.uleb128 0x25
 1050 0004 0E       		.uleb128 0xe
 1051 0005 13       		.uleb128 0x13
 1052 0006 0B       		.uleb128 0xb
 1053 0007 03       		.uleb128 0x3
 1054 0008 0E       		.uleb128 0xe
 1055 0009 1B       		.uleb128 0x1b
 1056 000a 0E       		.uleb128 0xe
 1057 000b 55       		.uleb128 0x55
 1058 000c 06       		.uleb128 0x6
 1059 000d 11       		.uleb128 0x11
 1060 000e 01       		.uleb128 0x1
 1061 000f 52       		.uleb128 0x52
 1062 0010 01       		.uleb128 0x1
 1063 0011 10       		.uleb128 0x10
 1064 0012 06       		.uleb128 0x6
 1065 0013 00       		.byte	0
 1066 0014 00       		.byte	0
 1067 0015 02       		.uleb128 0x2
 1068 0016 16       		.uleb128 0x16
 1069 0017 00       		.byte	0
 1070 0018 03       		.uleb128 0x3
 1071 0019 0E       		.uleb128 0xe
 1072 001a 3A       		.uleb128 0x3a
 1073 001b 0B       		.uleb128 0xb
 1074 001c 3B       		.uleb128 0x3b
 1075 001d 0B       		.uleb128 0xb
 1076 001e 49       		.uleb128 0x49
 1077 001f 13       		.uleb128 0x13
 1078 0020 00       		.byte	0
 1079 0021 00       		.byte	0
 1080 0022 03       		.uleb128 0x3
 1081 0023 24       		.uleb128 0x24
 1082 0024 00       		.byte	0
 1083 0025 0B       		.uleb128 0xb
 1084 0026 0B       		.uleb128 0xb
 1085 0027 3E       		.uleb128 0x3e
 1086 0028 0B       		.uleb128 0xb
 1087 0029 03       		.uleb128 0x3
 1088 002a 0E       		.uleb128 0xe
 1089 002b 00       		.byte	0
 1090 002c 00       		.byte	0
 1091 002d 04       		.uleb128 0x4
 1092 002e 24       		.uleb128 0x24
 1093 002f 00       		.byte	0
 1094 0030 0B       		.uleb128 0xb
 1095 0031 0B       		.uleb128 0xb
ARM GAS  C:\Users\SNFU\AppData\Local\Temp\ccmzl6gQ.s 			page 23


 1096 0032 3E       		.uleb128 0x3e
 1097 0033 0B       		.uleb128 0xb
 1098 0034 03       		.uleb128 0x3
 1099 0035 08       		.uleb128 0x8
 1100 0036 00       		.byte	0
 1101 0037 00       		.byte	0
 1102 0038 05       		.uleb128 0x5
 1103 0039 35       		.uleb128 0x35
 1104 003a 00       		.byte	0
 1105 003b 49       		.uleb128 0x49
 1106 003c 13       		.uleb128 0x13
 1107 003d 00       		.byte	0
 1108 003e 00       		.byte	0
 1109 003f 06       		.uleb128 0x6
 1110 0040 13       		.uleb128 0x13
 1111 0041 01       		.byte	0x1
 1112 0042 03       		.uleb128 0x3
 1113 0043 0E       		.uleb128 0xe
 1114 0044 0B       		.uleb128 0xb
 1115 0045 0B       		.uleb128 0xb
 1116 0046 3A       		.uleb128 0x3a
 1117 0047 0B       		.uleb128 0xb
 1118 0048 3B       		.uleb128 0x3b
 1119 0049 0B       		.uleb128 0xb
 1120 004a 01       		.uleb128 0x1
 1121 004b 13       		.uleb128 0x13
 1122 004c 00       		.byte	0
 1123 004d 00       		.byte	0
 1124 004e 07       		.uleb128 0x7
 1125 004f 0D       		.uleb128 0xd
 1126 0050 00       		.byte	0
 1127 0051 03       		.uleb128 0x3
 1128 0052 08       		.uleb128 0x8
 1129 0053 3A       		.uleb128 0x3a
 1130 0054 0B       		.uleb128 0xb
 1131 0055 3B       		.uleb128 0x3b
 1132 0056 0B       		.uleb128 0xb
 1133 0057 49       		.uleb128 0x49
 1134 0058 13       		.uleb128 0x13
 1135 0059 38       		.uleb128 0x38
 1136 005a 0A       		.uleb128 0xa
 1137 005b 00       		.byte	0
 1138 005c 00       		.byte	0
 1139 005d 08       		.uleb128 0x8
 1140 005e 2E       		.uleb128 0x2e
 1141 005f 01       		.byte	0x1
 1142 0060 3F       		.uleb128 0x3f
 1143 0061 0C       		.uleb128 0xc
 1144 0062 03       		.uleb128 0x3
 1145 0063 0E       		.uleb128 0xe
 1146 0064 3A       		.uleb128 0x3a
 1147 0065 0B       		.uleb128 0xb
 1148 0066 3B       		.uleb128 0x3b
 1149 0067 0B       		.uleb128 0xb
 1150 0068 27       		.uleb128 0x27
 1151 0069 0C       		.uleb128 0xc
 1152 006a 11       		.uleb128 0x11
ARM GAS  C:\Users\SNFU\AppData\Local\Temp\ccmzl6gQ.s 			page 24


 1153 006b 01       		.uleb128 0x1
 1154 006c 12       		.uleb128 0x12
 1155 006d 01       		.uleb128 0x1
 1156 006e 40       		.uleb128 0x40
 1157 006f 06       		.uleb128 0x6
 1158 0070 9642     		.uleb128 0x2116
 1159 0072 0C       		.uleb128 0xc
 1160 0073 01       		.uleb128 0x1
 1161 0074 13       		.uleb128 0x13
 1162 0075 00       		.byte	0
 1163 0076 00       		.byte	0
 1164 0077 09       		.uleb128 0x9
 1165 0078 05       		.uleb128 0x5
 1166 0079 00       		.byte	0
 1167 007a 03       		.uleb128 0x3
 1168 007b 0E       		.uleb128 0xe
 1169 007c 3A       		.uleb128 0x3a
 1170 007d 0B       		.uleb128 0xb
 1171 007e 3B       		.uleb128 0x3b
 1172 007f 0B       		.uleb128 0xb
 1173 0080 49       		.uleb128 0x49
 1174 0081 13       		.uleb128 0x13
 1175 0082 02       		.uleb128 0x2
 1176 0083 0A       		.uleb128 0xa
 1177 0084 00       		.byte	0
 1178 0085 00       		.byte	0
 1179 0086 0A       		.uleb128 0xa
 1180 0087 2E       		.uleb128 0x2e
 1181 0088 01       		.byte	0x1
 1182 0089 3F       		.uleb128 0x3f
 1183 008a 0C       		.uleb128 0xc
 1184 008b 03       		.uleb128 0x3
 1185 008c 0E       		.uleb128 0xe
 1186 008d 3A       		.uleb128 0x3a
 1187 008e 0B       		.uleb128 0xb
 1188 008f 3B       		.uleb128 0x3b
 1189 0090 0B       		.uleb128 0xb
 1190 0091 27       		.uleb128 0x27
 1191 0092 0C       		.uleb128 0xc
 1192 0093 49       		.uleb128 0x49
 1193 0094 13       		.uleb128 0x13
 1194 0095 11       		.uleb128 0x11
 1195 0096 01       		.uleb128 0x1
 1196 0097 12       		.uleb128 0x12
 1197 0098 01       		.uleb128 0x1
 1198 0099 40       		.uleb128 0x40
 1199 009a 06       		.uleb128 0x6
 1200 009b 9642     		.uleb128 0x2116
 1201 009d 0C       		.uleb128 0xc
 1202 009e 01       		.uleb128 0x1
 1203 009f 13       		.uleb128 0x13
 1204 00a0 00       		.byte	0
 1205 00a1 00       		.byte	0
 1206 00a2 0B       		.uleb128 0xb
 1207 00a3 34       		.uleb128 0x34
 1208 00a4 00       		.byte	0
 1209 00a5 03       		.uleb128 0x3
ARM GAS  C:\Users\SNFU\AppData\Local\Temp\ccmzl6gQ.s 			page 25


 1210 00a6 0E       		.uleb128 0xe
 1211 00a7 3A       		.uleb128 0x3a
 1212 00a8 0B       		.uleb128 0xb
 1213 00a9 3B       		.uleb128 0x3b
 1214 00aa 0B       		.uleb128 0xb
 1215 00ab 49       		.uleb128 0x49
 1216 00ac 13       		.uleb128 0x13
 1217 00ad 02       		.uleb128 0x2
 1218 00ae 0A       		.uleb128 0xa
 1219 00af 00       		.byte	0
 1220 00b0 00       		.byte	0
 1221 00b1 0C       		.uleb128 0xc
 1222 00b2 2E       		.uleb128 0x2e
 1223 00b3 00       		.byte	0
 1224 00b4 3F       		.uleb128 0x3f
 1225 00b5 0C       		.uleb128 0xc
 1226 00b6 03       		.uleb128 0x3
 1227 00b7 0E       		.uleb128 0xe
 1228 00b8 3A       		.uleb128 0x3a
 1229 00b9 0B       		.uleb128 0xb
 1230 00ba 3B       		.uleb128 0x3b
 1231 00bb 0B       		.uleb128 0xb
 1232 00bc 27       		.uleb128 0x27
 1233 00bd 0C       		.uleb128 0xc
 1234 00be 11       		.uleb128 0x11
 1235 00bf 01       		.uleb128 0x1
 1236 00c0 12       		.uleb128 0x12
 1237 00c1 01       		.uleb128 0x1
 1238 00c2 40       		.uleb128 0x40
 1239 00c3 06       		.uleb128 0x6
 1240 00c4 9642     		.uleb128 0x2116
 1241 00c6 0C       		.uleb128 0xc
 1242 00c7 00       		.byte	0
 1243 00c8 00       		.byte	0
 1244 00c9 0D       		.uleb128 0xd
 1245 00ca 34       		.uleb128 0x34
 1246 00cb 00       		.byte	0
 1247 00cc 03       		.uleb128 0x3
 1248 00cd 0E       		.uleb128 0xe
 1249 00ce 3A       		.uleb128 0x3a
 1250 00cf 0B       		.uleb128 0xb
 1251 00d0 3B       		.uleb128 0x3b
 1252 00d1 0B       		.uleb128 0xb
 1253 00d2 49       		.uleb128 0x49
 1254 00d3 13       		.uleb128 0x13
 1255 00d4 3F       		.uleb128 0x3f
 1256 00d5 0C       		.uleb128 0xc
 1257 00d6 02       		.uleb128 0x2
 1258 00d7 0A       		.uleb128 0xa
 1259 00d8 00       		.byte	0
 1260 00d9 00       		.byte	0
 1261 00da 00       		.byte	0
 1262              		.section	.debug_loc,"",%progbits
 1263              	.Ldebug_loc0:
 1264              	.LLST0:
 1265 0000 00000000 		.4byte	.LFB33
 1266 0004 02000000 		.4byte	.LCFI0
ARM GAS  C:\Users\SNFU\AppData\Local\Temp\ccmzl6gQ.s 			page 26


 1267 0008 0200     		.2byte	0x2
 1268 000a 7D       		.byte	0x7d
 1269 000b 00       		.sleb128 0
 1270 000c 02000000 		.4byte	.LCFI0
 1271 0010 04000000 		.4byte	.LCFI1
 1272 0014 0200     		.2byte	0x2
 1273 0016 7D       		.byte	0x7d
 1274 0017 08       		.sleb128 8
 1275 0018 04000000 		.4byte	.LCFI1
 1276 001c 06000000 		.4byte	.LCFI2
 1277 0020 0200     		.2byte	0x2
 1278 0022 7D       		.byte	0x7d
 1279 0023 10       		.sleb128 16
 1280 0024 06000000 		.4byte	.LCFI2
 1281 0028 5C000000 		.4byte	.LFE33
 1282 002c 0200     		.2byte	0x2
 1283 002e 77       		.byte	0x77
 1284 002f 10       		.sleb128 16
 1285 0030 00000000 		.4byte	0
 1286 0034 00000000 		.4byte	0
 1287              	.LLST1:
 1288 0038 00000000 		.4byte	.LFB34
 1289 003c 02000000 		.4byte	.LCFI3
 1290 0040 0200     		.2byte	0x2
 1291 0042 7D       		.byte	0x7d
 1292 0043 00       		.sleb128 0
 1293 0044 02000000 		.4byte	.LCFI3
 1294 0048 04000000 		.4byte	.LCFI4
 1295 004c 0200     		.2byte	0x2
 1296 004e 7D       		.byte	0x7d
 1297 004f 08       		.sleb128 8
 1298 0050 04000000 		.4byte	.LCFI4
 1299 0054 06000000 		.4byte	.LCFI5
 1300 0058 0200     		.2byte	0x2
 1301 005a 7D       		.byte	0x7d
 1302 005b 18       		.sleb128 24
 1303 005c 06000000 		.4byte	.LCFI5
 1304 0060 48000000 		.4byte	.LFE34
 1305 0064 0200     		.2byte	0x2
 1306 0066 77       		.byte	0x77
 1307 0067 18       		.sleb128 24
 1308 0068 00000000 		.4byte	0
 1309 006c 00000000 		.4byte	0
 1310              	.LLST2:
 1311 0070 00000000 		.4byte	.LFB35
 1312 0074 02000000 		.4byte	.LCFI6
 1313 0078 0200     		.2byte	0x2
 1314 007a 7D       		.byte	0x7d
 1315 007b 00       		.sleb128 0
 1316 007c 02000000 		.4byte	.LCFI6
 1317 0080 04000000 		.4byte	.LCFI7
 1318 0084 0200     		.2byte	0x2
 1319 0086 7D       		.byte	0x7d
 1320 0087 08       		.sleb128 8
 1321 0088 04000000 		.4byte	.LCFI7
 1322 008c 3C000000 		.4byte	.LFE35
 1323 0090 0200     		.2byte	0x2
ARM GAS  C:\Users\SNFU\AppData\Local\Temp\ccmzl6gQ.s 			page 27


 1324 0092 77       		.byte	0x77
 1325 0093 08       		.sleb128 8
 1326 0094 00000000 		.4byte	0
 1327 0098 00000000 		.4byte	0
 1328              	.LLST3:
 1329 009c 00000000 		.4byte	.LFB36
 1330 00a0 02000000 		.4byte	.LCFI8
 1331 00a4 0200     		.2byte	0x2
 1332 00a6 7D       		.byte	0x7d
 1333 00a7 00       		.sleb128 0
 1334 00a8 02000000 		.4byte	.LCFI8
 1335 00ac 04000000 		.4byte	.LCFI9
 1336 00b0 0200     		.2byte	0x2
 1337 00b2 7D       		.byte	0x7d
 1338 00b3 0C       		.sleb128 12
 1339 00b4 04000000 		.4byte	.LCFI9
 1340 00b8 06000000 		.4byte	.LCFI10
 1341 00bc 0200     		.2byte	0x2
 1342 00be 7D       		.byte	0x7d
 1343 00bf 28       		.sleb128 40
 1344 00c0 06000000 		.4byte	.LCFI10
 1345 00c4 D8000000 		.4byte	.LFE36
 1346 00c8 0200     		.2byte	0x2
 1347 00ca 77       		.byte	0x77
 1348 00cb 28       		.sleb128 40
 1349 00cc 00000000 		.4byte	0
 1350 00d0 00000000 		.4byte	0
 1351              	.LLST4:
 1352 00d4 00000000 		.4byte	.LFB37
 1353 00d8 02000000 		.4byte	.LCFI11
 1354 00dc 0200     		.2byte	0x2
 1355 00de 7D       		.byte	0x7d
 1356 00df 00       		.sleb128 0
 1357 00e0 02000000 		.4byte	.LCFI11
 1358 00e4 04000000 		.4byte	.LCFI12
 1359 00e8 0200     		.2byte	0x2
 1360 00ea 7D       		.byte	0x7d
 1361 00eb 10       		.sleb128 16
 1362 00ec 04000000 		.4byte	.LCFI12
 1363 00f0 80010000 		.4byte	.LFE37
 1364 00f4 0200     		.2byte	0x2
 1365 00f6 77       		.byte	0x77
 1366 00f7 10       		.sleb128 16
 1367 00f8 00000000 		.4byte	0
 1368 00fc 00000000 		.4byte	0
 1369              		.section	.debug_aranges,"",%progbits
 1370 0000 3C000000 		.4byte	0x3c
 1371 0004 0200     		.2byte	0x2
 1372 0006 00000000 		.4byte	.Ldebug_info0
 1373 000a 04       		.byte	0x4
 1374 000b 00       		.byte	0
 1375 000c 0000     		.2byte	0
 1376 000e 0000     		.2byte	0
 1377 0010 00000000 		.4byte	.LFB33
 1378 0014 5C000000 		.4byte	.LFE33-.LFB33
 1379 0018 00000000 		.4byte	.LFB34
 1380 001c 48000000 		.4byte	.LFE34-.LFB34
ARM GAS  C:\Users\SNFU\AppData\Local\Temp\ccmzl6gQ.s 			page 28


 1381 0020 00000000 		.4byte	.LFB35
 1382 0024 3C000000 		.4byte	.LFE35-.LFB35
 1383 0028 00000000 		.4byte	.LFB36
 1384 002c D8000000 		.4byte	.LFE36-.LFB36
 1385 0030 00000000 		.4byte	.LFB37
 1386 0034 80010000 		.4byte	.LFE37-.LFB37
 1387 0038 00000000 		.4byte	0
 1388 003c 00000000 		.4byte	0
 1389              		.section	.debug_ranges,"",%progbits
 1390              	.Ldebug_ranges0:
 1391 0000 00000000 		.4byte	.LFB33
 1392 0004 5C000000 		.4byte	.LFE33
 1393 0008 00000000 		.4byte	.LFB34
 1394 000c 48000000 		.4byte	.LFE34
 1395 0010 00000000 		.4byte	.LFB35
 1396 0014 3C000000 		.4byte	.LFE35
 1397 0018 00000000 		.4byte	.LFB36
 1398 001c D8000000 		.4byte	.LFE36
 1399 0020 00000000 		.4byte	.LFB37
 1400 0024 80010000 		.4byte	.LFE37
 1401 0028 00000000 		.4byte	0
 1402 002c 00000000 		.4byte	0
 1403              		.section	.debug_line,"",%progbits
 1404              	.Ldebug_line0:
 1405 0000 B5010000 		.section	.debug_str,"MS",%progbits,1
 1405      0200EF00 
 1405      00000201 
 1405      FB0E0D00 
 1405      01010101 
 1406              	.LASF40:
 1407 0000 6779726F 		.ascii	"gyro_q_offset\000"
 1407      5F715F6F 
 1407      66667365 
 1407      7400
 1408              	.LASF16:
 1409 000e 72656733 		.ascii	"reg32\000"
 1409      3200
 1410              	.LASF44:
 1411 0014 2E5C494D 		.ascii	".\\IMU.c\000"
 1411      552E6300 
 1412              	.LASF13:
 1413 001c 666C6F61 		.ascii	"float\000"
 1413      7400
 1414              	.LASF1:
 1415 0022 75696E74 		.ascii	"uint8_t\000"
 1415      385F7400 
 1416              	.LASF47:
 1417 002a 77726974 		.ascii	"write_gyro_registry\000"
 1417      655F6779 
 1417      726F5F72 
 1417      65676973 
 1417      74727900 
 1418              	.LASF39:
 1419 003e 6779726F 		.ascii	"gyro_p_offset\000"
 1419      5F705F6F 
 1419      66667365 
 1419      7400
ARM GAS  C:\Users\SNFU\AppData\Local\Temp\ccmzl6gQ.s 			page 29


 1420              	.LASF33:
 1421 004c 6779726F 		.ascii	"gyro_z_h\000"
 1421      5F7A5F68 
 1421      00
 1422              	.LASF0:
 1423 0055 696E7438 		.ascii	"int8_t\000"
 1423      5F7400
 1424              	.LASF34:
 1425 005c 6779726F 		.ascii	"gyro_z_l\000"
 1425      5F7A5F6C 
 1425      00
 1426              	.LASF21:
 1427 0065 6779726F 		.ascii	"gyro_read\000"
 1427      5F726561 
 1427      6400
 1428              	.LASF37:
 1429 006f 74656D70 		.ascii	"temperature\000"
 1429      65726174 
 1429      75726500 
 1430              	.LASF19:
 1431 007b 64617461 		.ascii	"data\000"
 1431      00
 1432              	.LASF3:
 1433 0080 756E7369 		.ascii	"unsigned char\000"
 1433      676E6564 
 1433      20636861 
 1433      7200
 1434              	.LASF8:
 1435 008e 6C6F6E67 		.ascii	"long unsigned int\000"
 1435      20756E73 
 1435      69676E65 
 1435      6420696E 
 1435      7400
 1436              	.LASF22:
 1437 00a0 7475726E 		.ascii	"turns\000"
 1437      7300
 1438              	.LASF6:
 1439 00a6 73686F72 		.ascii	"short unsigned int\000"
 1439      7420756E 
 1439      7369676E 
 1439      65642069 
 1439      6E7400
 1440              	.LASF14:
 1441 00b9 646F7562 		.ascii	"double\000"
 1441      6C6500
 1442              	.LASF25:
 1443 00c0 6779726F 		.ascii	"gyro_x_h\000"
 1443      5F785F68 
 1443      00
 1444              	.LASF20:
 1445 00c9 72656164 		.ascii	"read_gyro_registry\000"
 1445      5F677972 
 1445      6F5F7265 
 1445      67697374 
 1445      727900
 1446              	.LASF26:
 1447 00dc 6779726F 		.ascii	"gyro_x_l\000"
ARM GAS  C:\Users\SNFU\AppData\Local\Temp\ccmzl6gQ.s 			page 30


 1447      5F785F6C 
 1447      00
 1448              	.LASF12:
 1449 00e5 75696E74 		.ascii	"uint32\000"
 1449      333200
 1450              	.LASF11:
 1451 00ec 756E7369 		.ascii	"unsigned int\000"
 1451      676E6564 
 1451      20696E74 
 1451      00
 1452              	.LASF10:
 1453 00f9 6C6F6E67 		.ascii	"long long unsigned int\000"
 1453      206C6F6E 
 1453      6720756E 
 1453      7369676E 
 1453      65642069 
 1454              	.LASF23:
 1455 0110 6779726F 		.ascii	"gyro_start\000"
 1455      5F737461 
 1455      727400
 1456              	.LASF24:
 1457 011b 6779726F 		.ascii	"gyro_read_bla\000"
 1457      5F726561 
 1457      645F626C 
 1457      6100
 1458              	.LASF4:
 1459 0129 696E7431 		.ascii	"int16_t\000"
 1459      365F7400 
 1460              	.LASF17:
 1461 0131 73697A65 		.ascii	"sizetype\000"
 1461      74797065 
 1461      00
 1462              	.LASF42:
 1463 013a 6572726F 		.ascii	"error_stat\000"
 1463      725F7374 
 1463      617400
 1464              	.LASF31:
 1465 0145 6779726F 		.ascii	"gyro_y\000"
 1465      5F7900
 1466              	.LASF9:
 1467 014c 6C6F6E67 		.ascii	"long long int\000"
 1467      206C6F6E 
 1467      6720696E 
 1467      7400
 1468              	.LASF35:
 1469 015a 6779726F 		.ascii	"gyro_z\000"
 1469      5F7A00
 1470              	.LASF15:
 1471 0161 63686172 		.ascii	"char\000"
 1471      00
 1472              	.LASF18:
 1473 0166 72656769 		.ascii	"registry\000"
 1473      73747279 
 1473      00
 1474              	.LASF5:
 1475 016f 73686F72 		.ascii	"short int\000"
 1475      7420696E 
ARM GAS  C:\Users\SNFU\AppData\Local\Temp\ccmzl6gQ.s 			page 31


 1475      7400
 1476              	.LASF45:
 1477 0179 433A5C55 		.ascii	"C:\\Users\\SNFU\\Documents\\T-50_Project\\Software\\"
 1477      73657273 
 1477      5C534E46 
 1477      555C446F 
 1477      63756D65 
 1478 01a7 542D3530 		.ascii	"T-50_Project\\T-50_Project.cydsn\000"
 1478      5F50726F 
 1478      6A656374 
 1478      5C542D35 
 1478      305F5072 
 1479              	.LASF41:
 1480 01c7 6779726F 		.ascii	"gyro_r_offset\000"
 1480      5F725F6F 
 1480      66667365 
 1480      7400
 1481              	.LASF29:
 1482 01d5 6779726F 		.ascii	"gyro_y_h\000"
 1482      5F795F68 
 1482      00
 1483              	.LASF7:
 1484 01de 6C6F6E67 		.ascii	"long int\000"
 1484      20696E74 
 1484      00
 1485              	.LASF30:
 1486 01e7 6779726F 		.ascii	"gyro_y_l\000"
 1486      5F795F6C 
 1486      00
 1487              	.LASF38:
 1488 01f0 74656D70 		.ascii	"temperature_0\000"
 1488      65726174 
 1488      7572655F 
 1488      3000
 1489              	.LASF2:
 1490 01fe 7369676E 		.ascii	"signed char\000"
 1490      65642063 
 1490      68617200 
 1491              	.LASF28:
 1492 020a 6779726F 		.ascii	"gyro_p\000"
 1492      5F7000
 1493              	.LASF32:
 1494 0211 6779726F 		.ascii	"gyro_q\000"
 1494      5F7100
 1495              	.LASF36:
 1496 0218 6779726F 		.ascii	"gyro_r\000"
 1496      5F7200
 1497              	.LASF43:
 1498 021f 474E5520 		.ascii	"GNU C 4.7.3 20130312 (release) [ARM/embedded-4_7-br"
 1498      4320342E 
 1498      372E3320 
 1498      32303133 
 1498      30333132 
 1499 0252 616E6368 		.ascii	"anch revision 196615]\000"
 1499      20726576 
 1499      6973696F 
 1499      6E203139 
ARM GAS  C:\Users\SNFU\AppData\Local\Temp\ccmzl6gQ.s 			page 32


 1499      36363135 
 1500              	.LASF46:
 1501 0268 7475726E 		.ascii	"turn_rates_s\000"
 1501      5F726174 
 1501      65735F73 
 1501      00
 1502              	.LASF27:
 1503 0275 6779726F 		.ascii	"gyro_x\000"
 1503      5F7800
 1504              		.ident	"GCC: (GNU Tools for ARM Embedded Processors) 4.7.3 20130312 (release) [ARM/embedded-4_7-br
