ARM GAS  C:\Users\SNFU\AppData\Local\Temp\cc3Ow3eQ.s 			page 1


   1              		.cpu cortex-m0
   2              		.fpu softvfp
   3              		.eabi_attribute 20, 1
   4              		.eabi_attribute 21, 1
   5              		.eabi_attribute 23, 3
   6              		.eabi_attribute 24, 1
   7              		.eabi_attribute 25, 1
   8              		.eabi_attribute 26, 1
   9              		.eabi_attribute 30, 6
  10              		.eabi_attribute 34, 0
  11              		.eabi_attribute 18, 4
  12              		.code	16
  13              		.file	"isr_2.c"
  14              		.text
  15              	.Ltext0:
  16              		.cfi_sections	.debug_frame
  17              		.global	PWM_Value
  18              		.bss
  19              		.align	1
  20              		.type	PWM_Value, %object
  21              		.size	PWM_Value, 2
  22              	PWM_Value:
  23 0000 0000     		.space	2
  24              		.section	.text.isr_2_Start,"ax",%progbits
  25              		.align	2
  26              		.global	isr_2_Start
  27              		.code	16
  28              		.thumb_func
  29              		.type	isr_2_Start, %function
  30              	isr_2_Start:
  31              	.LFB33:
  32              		.file 1 ".\\Generated_Source\\PSoC4\\isr_2.c"
   1:.\Generated_Source\PSoC4/isr_2.c **** /*******************************************************************************
   2:.\Generated_Source\PSoC4/isr_2.c **** * File Name: isr_2.c  
   3:.\Generated_Source\PSoC4/isr_2.c **** * Version 1.70
   4:.\Generated_Source\PSoC4/isr_2.c **** *
   5:.\Generated_Source\PSoC4/isr_2.c **** *  Description:
   6:.\Generated_Source\PSoC4/isr_2.c **** *   API for controlling the state of an interrupt.
   7:.\Generated_Source\PSoC4/isr_2.c **** *
   8:.\Generated_Source\PSoC4/isr_2.c **** *
   9:.\Generated_Source\PSoC4/isr_2.c **** *  Note:
  10:.\Generated_Source\PSoC4/isr_2.c **** *
  11:.\Generated_Source\PSoC4/isr_2.c **** ********************************************************************************
  12:.\Generated_Source\PSoC4/isr_2.c **** * Copyright 2008-2012, Cypress Semiconductor Corporation.  All rights reserved.
  13:.\Generated_Source\PSoC4/isr_2.c **** * You may use this file only in accordance with the license, terms, conditions, 
  14:.\Generated_Source\PSoC4/isr_2.c **** * disclaimers, and limitations in the end user license agreement accompanying 
  15:.\Generated_Source\PSoC4/isr_2.c **** * the software package with which this file was provided.
  16:.\Generated_Source\PSoC4/isr_2.c **** *******************************************************************************/
  17:.\Generated_Source\PSoC4/isr_2.c **** 
  18:.\Generated_Source\PSoC4/isr_2.c **** 
  19:.\Generated_Source\PSoC4/isr_2.c **** #include <cydevice_trm.h>
  20:.\Generated_Source\PSoC4/isr_2.c **** #include <CyLib.h>
  21:.\Generated_Source\PSoC4/isr_2.c **** #include <isr_2.h>
  22:.\Generated_Source\PSoC4/isr_2.c **** 
  23:.\Generated_Source\PSoC4/isr_2.c **** #if !defined(isr_2__REMOVED) /* Check for removal by optimization */
  24:.\Generated_Source\PSoC4/isr_2.c **** 
  25:.\Generated_Source\PSoC4/isr_2.c **** /*******************************************************************************
ARM GAS  C:\Users\SNFU\AppData\Local\Temp\cc3Ow3eQ.s 			page 2


  26:.\Generated_Source\PSoC4/isr_2.c **** *  Place your includes, defines and code here 
  27:.\Generated_Source\PSoC4/isr_2.c **** ********************************************************************************/
  28:.\Generated_Source\PSoC4/isr_2.c **** /* `#START isr_2_intc` */
  29:.\Generated_Source\PSoC4/isr_2.c **** #include <project.h>
  30:.\Generated_Source\PSoC4/isr_2.c ****     uint16 PWM_Value = 0;
  31:.\Generated_Source\PSoC4/isr_2.c **** /* `#END` */
  32:.\Generated_Source\PSoC4/isr_2.c **** 
  33:.\Generated_Source\PSoC4/isr_2.c **** extern cyisraddress CyRamVectors[CYINT_IRQ_BASE + CY_NUM_INTERRUPTS];
  34:.\Generated_Source\PSoC4/isr_2.c **** 
  35:.\Generated_Source\PSoC4/isr_2.c **** /* Declared in startup, used to set unused interrupts to. */
  36:.\Generated_Source\PSoC4/isr_2.c **** CY_ISR_PROTO(IntDefaultHandler);
  37:.\Generated_Source\PSoC4/isr_2.c **** 
  38:.\Generated_Source\PSoC4/isr_2.c **** 
  39:.\Generated_Source\PSoC4/isr_2.c **** /*******************************************************************************
  40:.\Generated_Source\PSoC4/isr_2.c **** * Function Name: isr_2_Start
  41:.\Generated_Source\PSoC4/isr_2.c **** ********************************************************************************
  42:.\Generated_Source\PSoC4/isr_2.c **** *
  43:.\Generated_Source\PSoC4/isr_2.c **** * Summary:
  44:.\Generated_Source\PSoC4/isr_2.c **** *  Set up the interrupt and enable it.
  45:.\Generated_Source\PSoC4/isr_2.c **** *
  46:.\Generated_Source\PSoC4/isr_2.c **** * Parameters:  
  47:.\Generated_Source\PSoC4/isr_2.c **** *   None
  48:.\Generated_Source\PSoC4/isr_2.c **** *
  49:.\Generated_Source\PSoC4/isr_2.c **** * Return:
  50:.\Generated_Source\PSoC4/isr_2.c **** *   None
  51:.\Generated_Source\PSoC4/isr_2.c **** *
  52:.\Generated_Source\PSoC4/isr_2.c **** *******************************************************************************/
  53:.\Generated_Source\PSoC4/isr_2.c **** void isr_2_Start(void)
  54:.\Generated_Source\PSoC4/isr_2.c **** {
  33              		.loc 1 54 0
  34              		.cfi_startproc
  35 0000 80B5     		push	{r7, lr}
  36              	.LCFI0:
  37              		.cfi_def_cfa_offset 8
  38              		.cfi_offset 7, -8
  39              		.cfi_offset 14, -4
  40 0002 00AF     		add	r7, sp, #0
  41              	.LCFI1:
  42              		.cfi_def_cfa_register 7
  55:.\Generated_Source\PSoC4/isr_2.c ****     /* For all we know the interrupt is active. */
  56:.\Generated_Source\PSoC4/isr_2.c ****     isr_2_Disable();
  43              		.loc 1 56 0
  44 0004 FFF7FEFF 		bl	isr_2_Disable
  57:.\Generated_Source\PSoC4/isr_2.c **** 
  58:.\Generated_Source\PSoC4/isr_2.c ****     /* Set the ISR to point to the isr_2 Interrupt. */
  59:.\Generated_Source\PSoC4/isr_2.c ****     isr_2_SetVector(&isr_2_Interrupt);
  45              		.loc 1 59 0
  46 0008 054B     		ldr	r3, .L2
  47 000a 181C     		mov	r0, r3
  48 000c FFF7FEFF 		bl	isr_2_SetVector
  60:.\Generated_Source\PSoC4/isr_2.c **** 
  61:.\Generated_Source\PSoC4/isr_2.c ****     /* Set the priority. */
  62:.\Generated_Source\PSoC4/isr_2.c ****     isr_2_SetPriority((uint8)isr_2_INTC_PRIOR_NUMBER);
  49              		.loc 1 62 0
  50 0010 0320     		mov	r0, #3
  51 0012 FFF7FEFF 		bl	isr_2_SetPriority
  63:.\Generated_Source\PSoC4/isr_2.c **** 
ARM GAS  C:\Users\SNFU\AppData\Local\Temp\cc3Ow3eQ.s 			page 3


  64:.\Generated_Source\PSoC4/isr_2.c ****     /* Enable it. */
  65:.\Generated_Source\PSoC4/isr_2.c ****     isr_2_Enable();
  52              		.loc 1 65 0
  53 0016 FFF7FEFF 		bl	isr_2_Enable
  66:.\Generated_Source\PSoC4/isr_2.c **** }
  54              		.loc 1 66 0
  55 001a BD46     		mov	sp, r7
  56              		@ sp needed for prologue
  57 001c 80BD     		pop	{r7, pc}
  58              	.L3:
  59 001e C046     		.align	2
  60              	.L2:
  61 0020 00000000 		.word	isr_2_Interrupt
  62              		.cfi_endproc
  63              	.LFE33:
  64              		.size	isr_2_Start, .-isr_2_Start
  65              		.section	.text.isr_2_StartEx,"ax",%progbits
  66              		.align	2
  67              		.global	isr_2_StartEx
  68              		.code	16
  69              		.thumb_func
  70              		.type	isr_2_StartEx, %function
  71              	isr_2_StartEx:
  72              	.LFB34:
  67:.\Generated_Source\PSoC4/isr_2.c **** 
  68:.\Generated_Source\PSoC4/isr_2.c **** 
  69:.\Generated_Source\PSoC4/isr_2.c **** /*******************************************************************************
  70:.\Generated_Source\PSoC4/isr_2.c **** * Function Name: isr_2_StartEx
  71:.\Generated_Source\PSoC4/isr_2.c **** ********************************************************************************
  72:.\Generated_Source\PSoC4/isr_2.c **** *
  73:.\Generated_Source\PSoC4/isr_2.c **** * Summary:
  74:.\Generated_Source\PSoC4/isr_2.c **** *  Set up the interrupt and enable it.
  75:.\Generated_Source\PSoC4/isr_2.c **** *
  76:.\Generated_Source\PSoC4/isr_2.c **** * Parameters:  
  77:.\Generated_Source\PSoC4/isr_2.c **** *   address: Address of the ISR to set in the interrupt vector table.
  78:.\Generated_Source\PSoC4/isr_2.c **** *
  79:.\Generated_Source\PSoC4/isr_2.c **** * Return:
  80:.\Generated_Source\PSoC4/isr_2.c **** *   None
  81:.\Generated_Source\PSoC4/isr_2.c **** *
  82:.\Generated_Source\PSoC4/isr_2.c **** *******************************************************************************/
  83:.\Generated_Source\PSoC4/isr_2.c **** void isr_2_StartEx(cyisraddress address)
  84:.\Generated_Source\PSoC4/isr_2.c **** {
  73              		.loc 1 84 0
  74              		.cfi_startproc
  75 0000 80B5     		push	{r7, lr}
  76              	.LCFI2:
  77              		.cfi_def_cfa_offset 8
  78              		.cfi_offset 7, -8
  79              		.cfi_offset 14, -4
  80 0002 82B0     		sub	sp, sp, #8
  81              	.LCFI3:
  82              		.cfi_def_cfa_offset 16
  83 0004 00AF     		add	r7, sp, #0
  84              	.LCFI4:
  85              		.cfi_def_cfa_register 7
  86 0006 7860     		str	r0, [r7, #4]
  85:.\Generated_Source\PSoC4/isr_2.c ****     /* For all we know the interrupt is active. */
ARM GAS  C:\Users\SNFU\AppData\Local\Temp\cc3Ow3eQ.s 			page 4


  86:.\Generated_Source\PSoC4/isr_2.c ****     isr_2_Disable();
  87              		.loc 1 86 0
  88 0008 FFF7FEFF 		bl	isr_2_Disable
  87:.\Generated_Source\PSoC4/isr_2.c **** 
  88:.\Generated_Source\PSoC4/isr_2.c ****     /* Set the ISR to point to the isr_2 Interrupt. */
  89:.\Generated_Source\PSoC4/isr_2.c ****     isr_2_SetVector(address);
  89              		.loc 1 89 0
  90 000c 7B68     		ldr	r3, [r7, #4]
  91 000e 181C     		mov	r0, r3
  92 0010 FFF7FEFF 		bl	isr_2_SetVector
  90:.\Generated_Source\PSoC4/isr_2.c **** 
  91:.\Generated_Source\PSoC4/isr_2.c ****     /* Set the priority. */
  92:.\Generated_Source\PSoC4/isr_2.c ****     isr_2_SetPriority((uint8)isr_2_INTC_PRIOR_NUMBER);
  93              		.loc 1 92 0
  94 0014 0320     		mov	r0, #3
  95 0016 FFF7FEFF 		bl	isr_2_SetPriority
  93:.\Generated_Source\PSoC4/isr_2.c **** 
  94:.\Generated_Source\PSoC4/isr_2.c ****     /* Enable it. */
  95:.\Generated_Source\PSoC4/isr_2.c ****     isr_2_Enable();
  96              		.loc 1 95 0
  97 001a FFF7FEFF 		bl	isr_2_Enable
  96:.\Generated_Source\PSoC4/isr_2.c **** }
  98              		.loc 1 96 0
  99 001e BD46     		mov	sp, r7
 100 0020 02B0     		add	sp, sp, #8
 101              		@ sp needed for prologue
 102 0022 80BD     		pop	{r7, pc}
 103              		.cfi_endproc
 104              	.LFE34:
 105              		.size	isr_2_StartEx, .-isr_2_StartEx
 106              		.section	.text.isr_2_Stop,"ax",%progbits
 107              		.align	2
 108              		.global	isr_2_Stop
 109              		.code	16
 110              		.thumb_func
 111              		.type	isr_2_Stop, %function
 112              	isr_2_Stop:
 113              	.LFB35:
  97:.\Generated_Source\PSoC4/isr_2.c **** 
  98:.\Generated_Source\PSoC4/isr_2.c **** 
  99:.\Generated_Source\PSoC4/isr_2.c **** /*******************************************************************************
 100:.\Generated_Source\PSoC4/isr_2.c **** * Function Name: isr_2_Stop
 101:.\Generated_Source\PSoC4/isr_2.c **** ********************************************************************************
 102:.\Generated_Source\PSoC4/isr_2.c **** *
 103:.\Generated_Source\PSoC4/isr_2.c **** * Summary:
 104:.\Generated_Source\PSoC4/isr_2.c **** *   Disables and removes the interrupt.
 105:.\Generated_Source\PSoC4/isr_2.c **** *
 106:.\Generated_Source\PSoC4/isr_2.c **** * Parameters:  
 107:.\Generated_Source\PSoC4/isr_2.c **** *
 108:.\Generated_Source\PSoC4/isr_2.c **** * Return:
 109:.\Generated_Source\PSoC4/isr_2.c **** *   None
 110:.\Generated_Source\PSoC4/isr_2.c **** *
 111:.\Generated_Source\PSoC4/isr_2.c **** *******************************************************************************/
 112:.\Generated_Source\PSoC4/isr_2.c **** void isr_2_Stop(void)
 113:.\Generated_Source\PSoC4/isr_2.c **** {
 114              		.loc 1 113 0
 115              		.cfi_startproc
ARM GAS  C:\Users\SNFU\AppData\Local\Temp\cc3Ow3eQ.s 			page 5


 116 0000 80B5     		push	{r7, lr}
 117              	.LCFI5:
 118              		.cfi_def_cfa_offset 8
 119              		.cfi_offset 7, -8
 120              		.cfi_offset 14, -4
 121 0002 00AF     		add	r7, sp, #0
 122              	.LCFI6:
 123              		.cfi_def_cfa_register 7
 114:.\Generated_Source\PSoC4/isr_2.c ****     /* Disable this interrupt. */
 115:.\Generated_Source\PSoC4/isr_2.c ****     isr_2_Disable();
 124              		.loc 1 115 0
 125 0004 FFF7FEFF 		bl	isr_2_Disable
 116:.\Generated_Source\PSoC4/isr_2.c **** 
 117:.\Generated_Source\PSoC4/isr_2.c ****     /* Set the ISR to point to the passive one. */
 118:.\Generated_Source\PSoC4/isr_2.c ****     isr_2_SetVector(&IntDefaultHandler);
 126              		.loc 1 118 0
 127 0008 024B     		ldr	r3, .L6
 128 000a 181C     		mov	r0, r3
 129 000c FFF7FEFF 		bl	isr_2_SetVector
 119:.\Generated_Source\PSoC4/isr_2.c **** }
 130              		.loc 1 119 0
 131 0010 BD46     		mov	sp, r7
 132              		@ sp needed for prologue
 133 0012 80BD     		pop	{r7, pc}
 134              	.L7:
 135              		.align	2
 136              	.L6:
 137 0014 00000000 		.word	IntDefaultHandler
 138              		.cfi_endproc
 139              	.LFE35:
 140              		.size	isr_2_Stop, .-isr_2_Stop
 141              		.section	.rodata
 142              		.align	2
 143              	.LC2:
 144 0000 426F6F74 		.ascii	"Boot\015\012\000"
 144      0D0A00
 145 0007 00       		.section	.text.isr_2_Interrupt,"ax",%progbits
 146              		.align	2
 147              		.global	isr_2_Interrupt
 148              		.code	16
 149              		.thumb_func
 150              		.type	isr_2_Interrupt, %function
 151              	isr_2_Interrupt:
 152              	.LFB36:
 120:.\Generated_Source\PSoC4/isr_2.c **** 
 121:.\Generated_Source\PSoC4/isr_2.c **** 
 122:.\Generated_Source\PSoC4/isr_2.c **** /*******************************************************************************
 123:.\Generated_Source\PSoC4/isr_2.c **** * Function Name: isr_2_Interrupt
 124:.\Generated_Source\PSoC4/isr_2.c **** ********************************************************************************
 125:.\Generated_Source\PSoC4/isr_2.c **** *
 126:.\Generated_Source\PSoC4/isr_2.c **** * Summary:
 127:.\Generated_Source\PSoC4/isr_2.c **** *   The default Interrupt Service Routine for isr_2.
 128:.\Generated_Source\PSoC4/isr_2.c **** *
 129:.\Generated_Source\PSoC4/isr_2.c **** *   Add custom code between the coments to keep the next version of this file
 130:.\Generated_Source\PSoC4/isr_2.c **** *   from over writting your code.
 131:.\Generated_Source\PSoC4/isr_2.c **** *
 132:.\Generated_Source\PSoC4/isr_2.c **** * Parameters:  
ARM GAS  C:\Users\SNFU\AppData\Local\Temp\cc3Ow3eQ.s 			page 6


 133:.\Generated_Source\PSoC4/isr_2.c **** *   None
 134:.\Generated_Source\PSoC4/isr_2.c **** *
 135:.\Generated_Source\PSoC4/isr_2.c **** * Return:
 136:.\Generated_Source\PSoC4/isr_2.c **** *   None
 137:.\Generated_Source\PSoC4/isr_2.c **** *
 138:.\Generated_Source\PSoC4/isr_2.c **** *******************************************************************************/
 139:.\Generated_Source\PSoC4/isr_2.c **** CY_ISR(isr_2_Interrupt)
 140:.\Generated_Source\PSoC4/isr_2.c **** {
 153              		.loc 1 140 0
 154              		.cfi_startproc
 155 0000 80B5     		push	{r7, lr}
 156              	.LCFI7:
 157              		.cfi_def_cfa_offset 8
 158              		.cfi_offset 7, -8
 159              		.cfi_offset 14, -4
 160 0002 00AF     		add	r7, sp, #0
 161              	.LCFI8:
 162              		.cfi_def_cfa_register 7
 141:.\Generated_Source\PSoC4/isr_2.c ****     /*  Place your Interrupt code here. */
 142:.\Generated_Source\PSoC4/isr_2.c ****     /* `#START isr_2_Interrupt` */
 143:.\Generated_Source\PSoC4/isr_2.c ****     Pin_1_ClearInterrupt();
 163              		.loc 1 143 0
 164 0004 FFF7FEFF 		bl	Pin_1_ClearInterrupt
 144:.\Generated_Source\PSoC4/isr_2.c ****     UART_1_UartPutString("Boot\r\n");
 165              		.loc 1 144 0
 166 0008 054B     		ldr	r3, .L9
 167 000a 181C     		mov	r0, r3
 168 000c FFF7FEFF 		bl	UART_1_UartPutString
 145:.\Generated_Source\PSoC4/isr_2.c ****     CyDelay(100);    
 169              		.loc 1 145 0
 170 0010 6420     		mov	r0, #100
 171 0012 FFF7FEFF 		bl	CyDelay
 146:.\Generated_Source\PSoC4/isr_2.c ****     Bootloadable_1_Load();
 172              		.loc 1 146 0
 173 0016 FFF7FEFF 		bl	Bootloadable_1_Load
 147:.\Generated_Source\PSoC4/isr_2.c ****     /* `#END` */
 148:.\Generated_Source\PSoC4/isr_2.c **** }
 174              		.loc 1 148 0
 175 001a BD46     		mov	sp, r7
 176              		@ sp needed for prologue
 177 001c 80BD     		pop	{r7, pc}
 178              	.L10:
 179 001e C046     		.align	2
 180              	.L9:
 181 0020 00000000 		.word	.LC2
 182              		.cfi_endproc
 183              	.LFE36:
 184              		.size	isr_2_Interrupt, .-isr_2_Interrupt
 185              		.section	.text.isr_2_SetVector,"ax",%progbits
 186              		.align	2
 187              		.global	isr_2_SetVector
 188              		.code	16
 189              		.thumb_func
 190              		.type	isr_2_SetVector, %function
 191              	isr_2_SetVector:
 192              	.LFB37:
 149:.\Generated_Source\PSoC4/isr_2.c **** 
ARM GAS  C:\Users\SNFU\AppData\Local\Temp\cc3Ow3eQ.s 			page 7


 150:.\Generated_Source\PSoC4/isr_2.c **** 
 151:.\Generated_Source\PSoC4/isr_2.c **** /*******************************************************************************
 152:.\Generated_Source\PSoC4/isr_2.c **** * Function Name: isr_2_SetVector
 153:.\Generated_Source\PSoC4/isr_2.c **** ********************************************************************************
 154:.\Generated_Source\PSoC4/isr_2.c **** *
 155:.\Generated_Source\PSoC4/isr_2.c **** * Summary:
 156:.\Generated_Source\PSoC4/isr_2.c **** *   Change the ISR vector for the Interrupt. Note calling isr_2_Start
 157:.\Generated_Source\PSoC4/isr_2.c **** *   will override any effect this method would have had. To set the vector 
 158:.\Generated_Source\PSoC4/isr_2.c **** *   before the component has been started use isr_2_StartEx instead.
 159:.\Generated_Source\PSoC4/isr_2.c **** *
 160:.\Generated_Source\PSoC4/isr_2.c **** * Parameters:
 161:.\Generated_Source\PSoC4/isr_2.c **** *   address: Address of the ISR to set in the interrupt vector table.
 162:.\Generated_Source\PSoC4/isr_2.c **** *
 163:.\Generated_Source\PSoC4/isr_2.c **** * Return:
 164:.\Generated_Source\PSoC4/isr_2.c **** *   None
 165:.\Generated_Source\PSoC4/isr_2.c **** *
 166:.\Generated_Source\PSoC4/isr_2.c **** *******************************************************************************/
 167:.\Generated_Source\PSoC4/isr_2.c **** void isr_2_SetVector(cyisraddress address)
 168:.\Generated_Source\PSoC4/isr_2.c **** {
 193              		.loc 1 168 0
 194              		.cfi_startproc
 195 0000 80B5     		push	{r7, lr}
 196              	.LCFI9:
 197              		.cfi_def_cfa_offset 8
 198              		.cfi_offset 7, -8
 199              		.cfi_offset 14, -4
 200 0002 82B0     		sub	sp, sp, #8
 201              	.LCFI10:
 202              		.cfi_def_cfa_offset 16
 203 0004 00AF     		add	r7, sp, #0
 204              	.LCFI11:
 205              		.cfi_def_cfa_register 7
 206 0006 7860     		str	r0, [r7, #4]
 169:.\Generated_Source\PSoC4/isr_2.c ****     CyRamVectors[CYINT_IRQ_BASE + isr_2__INTC_NUMBER] = address;
 207              		.loc 1 169 0
 208 0008 024B     		ldr	r3, .L12
 209 000a 7A68     		ldr	r2, [r7, #4]
 210 000c 1A64     		str	r2, [r3, #64]
 170:.\Generated_Source\PSoC4/isr_2.c **** }
 211              		.loc 1 170 0
 212 000e BD46     		mov	sp, r7
 213 0010 02B0     		add	sp, sp, #8
 214              		@ sp needed for prologue
 215 0012 80BD     		pop	{r7, pc}
 216              	.L13:
 217              		.align	2
 218              	.L12:
 219 0014 00000000 		.word	CyRamVectors
 220              		.cfi_endproc
 221              	.LFE37:
 222              		.size	isr_2_SetVector, .-isr_2_SetVector
 223              		.section	.text.isr_2_GetVector,"ax",%progbits
 224              		.align	2
 225              		.global	isr_2_GetVector
 226              		.code	16
 227              		.thumb_func
 228              		.type	isr_2_GetVector, %function
ARM GAS  C:\Users\SNFU\AppData\Local\Temp\cc3Ow3eQ.s 			page 8


 229              	isr_2_GetVector:
 230              	.LFB38:
 171:.\Generated_Source\PSoC4/isr_2.c **** 
 172:.\Generated_Source\PSoC4/isr_2.c **** 
 173:.\Generated_Source\PSoC4/isr_2.c **** /*******************************************************************************
 174:.\Generated_Source\PSoC4/isr_2.c **** * Function Name: isr_2_GetVector
 175:.\Generated_Source\PSoC4/isr_2.c **** ********************************************************************************
 176:.\Generated_Source\PSoC4/isr_2.c **** *
 177:.\Generated_Source\PSoC4/isr_2.c **** * Summary:
 178:.\Generated_Source\PSoC4/isr_2.c **** *   Gets the "address" of the current ISR vector for the Interrupt.
 179:.\Generated_Source\PSoC4/isr_2.c **** *
 180:.\Generated_Source\PSoC4/isr_2.c **** * Parameters:
 181:.\Generated_Source\PSoC4/isr_2.c **** *   None
 182:.\Generated_Source\PSoC4/isr_2.c **** *
 183:.\Generated_Source\PSoC4/isr_2.c **** * Return:
 184:.\Generated_Source\PSoC4/isr_2.c **** *   Address of the ISR in the interrupt vector table.
 185:.\Generated_Source\PSoC4/isr_2.c **** *
 186:.\Generated_Source\PSoC4/isr_2.c **** *******************************************************************************/
 187:.\Generated_Source\PSoC4/isr_2.c **** cyisraddress isr_2_GetVector(void)
 188:.\Generated_Source\PSoC4/isr_2.c **** {
 231              		.loc 1 188 0
 232              		.cfi_startproc
 233 0000 80B5     		push	{r7, lr}
 234              	.LCFI12:
 235              		.cfi_def_cfa_offset 8
 236              		.cfi_offset 7, -8
 237              		.cfi_offset 14, -4
 238 0002 00AF     		add	r7, sp, #0
 239              	.LCFI13:
 240              		.cfi_def_cfa_register 7
 189:.\Generated_Source\PSoC4/isr_2.c ****     return CyRamVectors[CYINT_IRQ_BASE + isr_2__INTC_NUMBER];
 241              		.loc 1 189 0
 242 0004 024B     		ldr	r3, .L16
 243 0006 1B6C     		ldr	r3, [r3, #64]
 190:.\Generated_Source\PSoC4/isr_2.c **** }
 244              		.loc 1 190 0
 245 0008 181C     		mov	r0, r3
 246 000a BD46     		mov	sp, r7
 247              		@ sp needed for prologue
 248 000c 80BD     		pop	{r7, pc}
 249              	.L17:
 250 000e C046     		.align	2
 251              	.L16:
 252 0010 00000000 		.word	CyRamVectors
 253              		.cfi_endproc
 254              	.LFE38:
 255              		.size	isr_2_GetVector, .-isr_2_GetVector
 256              		.section	.text.isr_2_SetPriority,"ax",%progbits
 257              		.align	2
 258              		.global	isr_2_SetPriority
 259              		.code	16
 260              		.thumb_func
 261              		.type	isr_2_SetPriority, %function
 262              	isr_2_SetPriority:
 263              	.LFB39:
 191:.\Generated_Source\PSoC4/isr_2.c **** 
 192:.\Generated_Source\PSoC4/isr_2.c **** 
ARM GAS  C:\Users\SNFU\AppData\Local\Temp\cc3Ow3eQ.s 			page 9


 193:.\Generated_Source\PSoC4/isr_2.c **** /*******************************************************************************
 194:.\Generated_Source\PSoC4/isr_2.c **** * Function Name: isr_2_SetPriority
 195:.\Generated_Source\PSoC4/isr_2.c **** ********************************************************************************
 196:.\Generated_Source\PSoC4/isr_2.c **** *
 197:.\Generated_Source\PSoC4/isr_2.c **** * Summary:
 198:.\Generated_Source\PSoC4/isr_2.c **** *   Sets the Priority of the Interrupt. Note calling isr_2_Start
 199:.\Generated_Source\PSoC4/isr_2.c **** *   or isr_2_StartEx will override any effect this method would 
 200:.\Generated_Source\PSoC4/isr_2.c **** *   have had. This method should only be called after isr_2_Start or 
 201:.\Generated_Source\PSoC4/isr_2.c **** *   isr_2_StartEx has been called. To set the initial
 202:.\Generated_Source\PSoC4/isr_2.c **** *   priority for the component use the cydwr file in the tool.
 203:.\Generated_Source\PSoC4/isr_2.c **** *
 204:.\Generated_Source\PSoC4/isr_2.c **** * Parameters:
 205:.\Generated_Source\PSoC4/isr_2.c **** *   priority: Priority of the interrupt. 0 - 3, 0 being the highest.
 206:.\Generated_Source\PSoC4/isr_2.c **** *
 207:.\Generated_Source\PSoC4/isr_2.c **** * Return:
 208:.\Generated_Source\PSoC4/isr_2.c **** *   None
 209:.\Generated_Source\PSoC4/isr_2.c **** *
 210:.\Generated_Source\PSoC4/isr_2.c **** *******************************************************************************/
 211:.\Generated_Source\PSoC4/isr_2.c **** void isr_2_SetPriority(uint8 priority)
 212:.\Generated_Source\PSoC4/isr_2.c **** {
 264              		.loc 1 212 0
 265              		.cfi_startproc
 266 0000 90B5     		push	{r4, r7, lr}
 267              	.LCFI14:
 268              		.cfi_def_cfa_offset 12
 269              		.cfi_offset 4, -12
 270              		.cfi_offset 7, -8
 271              		.cfi_offset 14, -4
 272 0002 85B0     		sub	sp, sp, #20
 273              	.LCFI15:
 274              		.cfi_def_cfa_offset 32
 275 0004 00AF     		add	r7, sp, #0
 276              	.LCFI16:
 277              		.cfi_def_cfa_register 7
 278 0006 021C     		mov	r2, r0
 279 0008 FB1D     		add	r3, r7, #7
 280 000a 1A70     		strb	r2, [r3]
 213:.\Generated_Source\PSoC4/isr_2.c **** 	uint8 interruptState;
 214:.\Generated_Source\PSoC4/isr_2.c ****     uint32 priorityOffset = ((isr_2__INTC_NUMBER % 4u) * 8u) + 6u;
 281              		.loc 1 214 0
 282 000c 0623     		mov	r3, #6
 283 000e FB60     		str	r3, [r7, #12]
 215:.\Generated_Source\PSoC4/isr_2.c ****     
 216:.\Generated_Source\PSoC4/isr_2.c **** 	interruptState = CyEnterCriticalSection();
 284              		.loc 1 216 0
 285 0010 3C1C     		mov	r4, r7
 286 0012 0B34     		add	r4, r4, #11
 287 0014 FFF7FEFF 		bl	CyEnterCriticalSection
 288 0018 031C     		mov	r3, r0
 289 001a 2370     		strb	r3, [r4]
 217:.\Generated_Source\PSoC4/isr_2.c ****     *isr_2_INTC_PRIOR = (*isr_2_INTC_PRIOR & (uint32)(~isr_2__INTC_PRIOR_MASK)) |
 290              		.loc 1 217 0
 291 001c 0B4B     		ldr	r3, .L19
 292 001e 0B4A     		ldr	r2, .L19
 293 0020 1268     		ldr	r2, [r2]
 294 0022 C021     		mov	r1, #192
 295 0024 101C     		mov	r0, r2
ARM GAS  C:\Users\SNFU\AppData\Local\Temp\cc3Ow3eQ.s 			page 10


 296 0026 8843     		bic	r0, r1
 297 0028 011C     		mov	r1, r0
 218:.\Generated_Source\PSoC4/isr_2.c ****                                     ((uint32)priority << priorityOffset);
 298              		.loc 1 218 0
 299 002a FA1D     		add	r2, r7, #7
 300 002c 1078     		ldrb	r0, [r2]
 301 002e FA68     		ldr	r2, [r7, #12]
 302 0030 041C     		mov	r4, r0
 303 0032 9440     		lsl	r4, r4, r2
 304 0034 221C     		mov	r2, r4
 217:.\Generated_Source\PSoC4/isr_2.c ****     *isr_2_INTC_PRIOR = (*isr_2_INTC_PRIOR & (uint32)(~isr_2__INTC_PRIOR_MASK)) |
 305              		.loc 1 217 0
 306 0036 0A43     		orr	r2, r1
 307 0038 1A60     		str	r2, [r3]
 219:.\Generated_Source\PSoC4/isr_2.c **** 	CyExitCriticalSection(interruptState);
 308              		.loc 1 219 0
 309 003a 3B1C     		mov	r3, r7
 310 003c 0B33     		add	r3, r3, #11
 311 003e 1B78     		ldrb	r3, [r3]
 312 0040 181C     		mov	r0, r3
 313 0042 FFF7FEFF 		bl	CyExitCriticalSection
 220:.\Generated_Source\PSoC4/isr_2.c **** }
 314              		.loc 1 220 0
 315 0046 BD46     		mov	sp, r7
 316 0048 05B0     		add	sp, sp, #20
 317              		@ sp needed for prologue
 318 004a 90BD     		pop	{r4, r7, pc}
 319              	.L20:
 320              		.align	2
 321              	.L19:
 322 004c 00E400E0 		.word	-536812544
 323              		.cfi_endproc
 324              	.LFE39:
 325              		.size	isr_2_SetPriority, .-isr_2_SetPriority
 326              		.section	.text.isr_2_GetPriority,"ax",%progbits
 327              		.align	2
 328              		.global	isr_2_GetPriority
 329              		.code	16
 330              		.thumb_func
 331              		.type	isr_2_GetPriority, %function
 332              	isr_2_GetPriority:
 333              	.LFB40:
 221:.\Generated_Source\PSoC4/isr_2.c **** 
 222:.\Generated_Source\PSoC4/isr_2.c **** 
 223:.\Generated_Source\PSoC4/isr_2.c **** /*******************************************************************************
 224:.\Generated_Source\PSoC4/isr_2.c **** * Function Name: isr_2_GetPriority
 225:.\Generated_Source\PSoC4/isr_2.c **** ********************************************************************************
 226:.\Generated_Source\PSoC4/isr_2.c **** *
 227:.\Generated_Source\PSoC4/isr_2.c **** * Summary:
 228:.\Generated_Source\PSoC4/isr_2.c **** *   Gets the Priority of the Interrupt.
 229:.\Generated_Source\PSoC4/isr_2.c **** *
 230:.\Generated_Source\PSoC4/isr_2.c **** * Parameters:
 231:.\Generated_Source\PSoC4/isr_2.c **** *   None
 232:.\Generated_Source\PSoC4/isr_2.c **** *
 233:.\Generated_Source\PSoC4/isr_2.c **** * Return:
 234:.\Generated_Source\PSoC4/isr_2.c **** *   Priority of the interrupt. 0 - 3, 0 being the highest.
 235:.\Generated_Source\PSoC4/isr_2.c **** *
ARM GAS  C:\Users\SNFU\AppData\Local\Temp\cc3Ow3eQ.s 			page 11


 236:.\Generated_Source\PSoC4/isr_2.c **** *******************************************************************************/
 237:.\Generated_Source\PSoC4/isr_2.c **** uint8 isr_2_GetPriority(void)
 238:.\Generated_Source\PSoC4/isr_2.c **** {
 334              		.loc 1 238 0
 335              		.cfi_startproc
 336 0000 80B5     		push	{r7, lr}
 337              	.LCFI17:
 338              		.cfi_def_cfa_offset 8
 339              		.cfi_offset 7, -8
 340              		.cfi_offset 14, -4
 341 0002 82B0     		sub	sp, sp, #8
 342              	.LCFI18:
 343              		.cfi_def_cfa_offset 16
 344 0004 00AF     		add	r7, sp, #0
 345              	.LCFI19:
 346              		.cfi_def_cfa_register 7
 239:.\Generated_Source\PSoC4/isr_2.c ****     uint32 priority;
 240:.\Generated_Source\PSoC4/isr_2.c **** 	uint32 priorityOffset = ((isr_2__INTC_NUMBER % 4u) * 8u) + 6u;
 347              		.loc 1 240 0
 348 0006 0623     		mov	r3, #6
 349 0008 7B60     		str	r3, [r7, #4]
 241:.\Generated_Source\PSoC4/isr_2.c **** 
 242:.\Generated_Source\PSoC4/isr_2.c ****     priority = (*isr_2_INTC_PRIOR & isr_2__INTC_PRIOR_MASK) >> priorityOffset;
 350              		.loc 1 242 0
 351 000a 074B     		ldr	r3, .L23
 352 000c 1A68     		ldr	r2, [r3]
 353 000e C023     		mov	r3, #192
 354 0010 1A40     		and	r2, r3
 355 0012 7B68     		ldr	r3, [r7, #4]
 356 0014 111C     		mov	r1, r2
 357 0016 D940     		lsr	r1, r1, r3
 358 0018 0B1C     		mov	r3, r1
 359 001a 3B60     		str	r3, [r7]
 243:.\Generated_Source\PSoC4/isr_2.c **** 
 244:.\Generated_Source\PSoC4/isr_2.c ****     return (uint8)priority;
 360              		.loc 1 244 0
 361 001c 3B68     		ldr	r3, [r7]
 362 001e DBB2     		uxtb	r3, r3
 245:.\Generated_Source\PSoC4/isr_2.c **** }
 363              		.loc 1 245 0
 364 0020 181C     		mov	r0, r3
 365 0022 BD46     		mov	sp, r7
 366 0024 02B0     		add	sp, sp, #8
 367              		@ sp needed for prologue
 368 0026 80BD     		pop	{r7, pc}
 369              	.L24:
 370              		.align	2
 371              	.L23:
 372 0028 00E400E0 		.word	-536812544
 373              		.cfi_endproc
 374              	.LFE40:
 375              		.size	isr_2_GetPriority, .-isr_2_GetPriority
 376              		.section	.text.isr_2_Enable,"ax",%progbits
 377              		.align	2
 378              		.global	isr_2_Enable
 379              		.code	16
 380              		.thumb_func
ARM GAS  C:\Users\SNFU\AppData\Local\Temp\cc3Ow3eQ.s 			page 12


 381              		.type	isr_2_Enable, %function
 382              	isr_2_Enable:
 383              	.LFB41:
 246:.\Generated_Source\PSoC4/isr_2.c **** 
 247:.\Generated_Source\PSoC4/isr_2.c **** 
 248:.\Generated_Source\PSoC4/isr_2.c **** /*******************************************************************************
 249:.\Generated_Source\PSoC4/isr_2.c **** * Function Name: isr_2_Enable
 250:.\Generated_Source\PSoC4/isr_2.c **** ********************************************************************************
 251:.\Generated_Source\PSoC4/isr_2.c **** *
 252:.\Generated_Source\PSoC4/isr_2.c **** * Summary:
 253:.\Generated_Source\PSoC4/isr_2.c **** *   Enables the interrupt.
 254:.\Generated_Source\PSoC4/isr_2.c **** *
 255:.\Generated_Source\PSoC4/isr_2.c **** * Parameters:
 256:.\Generated_Source\PSoC4/isr_2.c **** *   None
 257:.\Generated_Source\PSoC4/isr_2.c **** *
 258:.\Generated_Source\PSoC4/isr_2.c **** * Return:
 259:.\Generated_Source\PSoC4/isr_2.c **** *   None
 260:.\Generated_Source\PSoC4/isr_2.c **** *
 261:.\Generated_Source\PSoC4/isr_2.c **** *******************************************************************************/
 262:.\Generated_Source\PSoC4/isr_2.c **** void isr_2_Enable(void)
 263:.\Generated_Source\PSoC4/isr_2.c **** {
 384              		.loc 1 263 0
 385              		.cfi_startproc
 386 0000 80B5     		push	{r7, lr}
 387              	.LCFI20:
 388              		.cfi_def_cfa_offset 8
 389              		.cfi_offset 7, -8
 390              		.cfi_offset 14, -4
 391 0002 00AF     		add	r7, sp, #0
 392              	.LCFI21:
 393              		.cfi_def_cfa_register 7
 264:.\Generated_Source\PSoC4/isr_2.c ****     /* Enable the general interrupt. */
 265:.\Generated_Source\PSoC4/isr_2.c ****     *isr_2_INTC_SET_EN = isr_2__INTC_MASK;
 394              		.loc 1 265 0
 395 0004 024B     		ldr	r3, .L26
 396 0006 0122     		mov	r2, #1
 397 0008 1A60     		str	r2, [r3]
 266:.\Generated_Source\PSoC4/isr_2.c **** }
 398              		.loc 1 266 0
 399 000a BD46     		mov	sp, r7
 400              		@ sp needed for prologue
 401 000c 80BD     		pop	{r7, pc}
 402              	.L27:
 403 000e C046     		.align	2
 404              	.L26:
 405 0010 00E100E0 		.word	-536813312
 406              		.cfi_endproc
 407              	.LFE41:
 408              		.size	isr_2_Enable, .-isr_2_Enable
 409              		.section	.text.isr_2_GetState,"ax",%progbits
 410              		.align	2
 411              		.global	isr_2_GetState
 412              		.code	16
 413              		.thumb_func
 414              		.type	isr_2_GetState, %function
 415              	isr_2_GetState:
 416              	.LFB42:
ARM GAS  C:\Users\SNFU\AppData\Local\Temp\cc3Ow3eQ.s 			page 13


 267:.\Generated_Source\PSoC4/isr_2.c **** 
 268:.\Generated_Source\PSoC4/isr_2.c **** 
 269:.\Generated_Source\PSoC4/isr_2.c **** /*******************************************************************************
 270:.\Generated_Source\PSoC4/isr_2.c **** * Function Name: isr_2_GetState
 271:.\Generated_Source\PSoC4/isr_2.c **** ********************************************************************************
 272:.\Generated_Source\PSoC4/isr_2.c **** *
 273:.\Generated_Source\PSoC4/isr_2.c **** * Summary:
 274:.\Generated_Source\PSoC4/isr_2.c **** *   Gets the state (enabled, disabled) of the Interrupt.
 275:.\Generated_Source\PSoC4/isr_2.c **** *
 276:.\Generated_Source\PSoC4/isr_2.c **** * Parameters:
 277:.\Generated_Source\PSoC4/isr_2.c **** *   None
 278:.\Generated_Source\PSoC4/isr_2.c **** *
 279:.\Generated_Source\PSoC4/isr_2.c **** * Return:
 280:.\Generated_Source\PSoC4/isr_2.c **** *   1 if enabled, 0 if disabled.
 281:.\Generated_Source\PSoC4/isr_2.c **** *
 282:.\Generated_Source\PSoC4/isr_2.c **** *******************************************************************************/
 283:.\Generated_Source\PSoC4/isr_2.c **** uint8 isr_2_GetState(void)
 284:.\Generated_Source\PSoC4/isr_2.c **** {
 417              		.loc 1 284 0
 418              		.cfi_startproc
 419 0000 80B5     		push	{r7, lr}
 420              	.LCFI22:
 421              		.cfi_def_cfa_offset 8
 422              		.cfi_offset 7, -8
 423              		.cfi_offset 14, -4
 424 0002 00AF     		add	r7, sp, #0
 425              	.LCFI23:
 426              		.cfi_def_cfa_register 7
 285:.\Generated_Source\PSoC4/isr_2.c ****     /* Get the state of the general interrupt. */
 286:.\Generated_Source\PSoC4/isr_2.c ****     return ((*isr_2_INTC_SET_EN & (uint32)isr_2__INTC_MASK) != 0u) ? 1u:0u;
 427              		.loc 1 286 0
 428 0004 044B     		ldr	r3, .L30
 429 0006 1B68     		ldr	r3, [r3]
 430 0008 DAB2     		uxtb	r2, r3
 431 000a 0123     		mov	r3, #1
 432 000c 1340     		and	r3, r2
 433 000e DBB2     		uxtb	r3, r3
 287:.\Generated_Source\PSoC4/isr_2.c **** }
 434              		.loc 1 287 0
 435 0010 181C     		mov	r0, r3
 436 0012 BD46     		mov	sp, r7
 437              		@ sp needed for prologue
 438 0014 80BD     		pop	{r7, pc}
 439              	.L31:
 440 0016 C046     		.align	2
 441              	.L30:
 442 0018 00E100E0 		.word	-536813312
 443              		.cfi_endproc
 444              	.LFE42:
 445              		.size	isr_2_GetState, .-isr_2_GetState
 446              		.section	.text.isr_2_Disable,"ax",%progbits
 447              		.align	2
 448              		.global	isr_2_Disable
 449              		.code	16
 450              		.thumb_func
 451              		.type	isr_2_Disable, %function
 452              	isr_2_Disable:
ARM GAS  C:\Users\SNFU\AppData\Local\Temp\cc3Ow3eQ.s 			page 14


 453              	.LFB43:
 288:.\Generated_Source\PSoC4/isr_2.c **** 
 289:.\Generated_Source\PSoC4/isr_2.c **** 
 290:.\Generated_Source\PSoC4/isr_2.c **** /*******************************************************************************
 291:.\Generated_Source\PSoC4/isr_2.c **** * Function Name: isr_2_Disable
 292:.\Generated_Source\PSoC4/isr_2.c **** ********************************************************************************
 293:.\Generated_Source\PSoC4/isr_2.c **** *
 294:.\Generated_Source\PSoC4/isr_2.c **** * Summary:
 295:.\Generated_Source\PSoC4/isr_2.c **** *   Disables the Interrupt.
 296:.\Generated_Source\PSoC4/isr_2.c **** *
 297:.\Generated_Source\PSoC4/isr_2.c **** * Parameters:
 298:.\Generated_Source\PSoC4/isr_2.c **** *   None
 299:.\Generated_Source\PSoC4/isr_2.c **** *
 300:.\Generated_Source\PSoC4/isr_2.c **** * Return:
 301:.\Generated_Source\PSoC4/isr_2.c **** *   None
 302:.\Generated_Source\PSoC4/isr_2.c **** *
 303:.\Generated_Source\PSoC4/isr_2.c **** *******************************************************************************/
 304:.\Generated_Source\PSoC4/isr_2.c **** void isr_2_Disable(void)
 305:.\Generated_Source\PSoC4/isr_2.c **** {
 454              		.loc 1 305 0
 455              		.cfi_startproc
 456 0000 80B5     		push	{r7, lr}
 457              	.LCFI24:
 458              		.cfi_def_cfa_offset 8
 459              		.cfi_offset 7, -8
 460              		.cfi_offset 14, -4
 461 0002 00AF     		add	r7, sp, #0
 462              	.LCFI25:
 463              		.cfi_def_cfa_register 7
 306:.\Generated_Source\PSoC4/isr_2.c ****     /* Disable the general interrupt. */
 307:.\Generated_Source\PSoC4/isr_2.c ****     *isr_2_INTC_CLR_EN = isr_2__INTC_MASK;
 464              		.loc 1 307 0
 465 0004 024B     		ldr	r3, .L33
 466 0006 0122     		mov	r2, #1
 467 0008 1A60     		str	r2, [r3]
 308:.\Generated_Source\PSoC4/isr_2.c **** }
 468              		.loc 1 308 0
 469 000a BD46     		mov	sp, r7
 470              		@ sp needed for prologue
 471 000c 80BD     		pop	{r7, pc}
 472              	.L34:
 473 000e C046     		.align	2
 474              	.L33:
 475 0010 80E100E0 		.word	-536813184
 476              		.cfi_endproc
 477              	.LFE43:
 478              		.size	isr_2_Disable, .-isr_2_Disable
 479              		.section	.text.isr_2_SetPending,"ax",%progbits
 480              		.align	2
 481              		.global	isr_2_SetPending
 482              		.code	16
 483              		.thumb_func
 484              		.type	isr_2_SetPending, %function
 485              	isr_2_SetPending:
 486              	.LFB44:
 309:.\Generated_Source\PSoC4/isr_2.c **** 
 310:.\Generated_Source\PSoC4/isr_2.c **** 
ARM GAS  C:\Users\SNFU\AppData\Local\Temp\cc3Ow3eQ.s 			page 15


 311:.\Generated_Source\PSoC4/isr_2.c **** /*******************************************************************************
 312:.\Generated_Source\PSoC4/isr_2.c **** * Function Name: isr_2_SetPending
 313:.\Generated_Source\PSoC4/isr_2.c **** ********************************************************************************
 314:.\Generated_Source\PSoC4/isr_2.c **** *
 315:.\Generated_Source\PSoC4/isr_2.c **** * Summary:
 316:.\Generated_Source\PSoC4/isr_2.c **** *   Causes the Interrupt to enter the pending state, a software method of
 317:.\Generated_Source\PSoC4/isr_2.c **** *   generating the interrupt.
 318:.\Generated_Source\PSoC4/isr_2.c **** *
 319:.\Generated_Source\PSoC4/isr_2.c **** * Parameters:
 320:.\Generated_Source\PSoC4/isr_2.c **** *   None
 321:.\Generated_Source\PSoC4/isr_2.c **** *
 322:.\Generated_Source\PSoC4/isr_2.c **** * Return:
 323:.\Generated_Source\PSoC4/isr_2.c **** *   None
 324:.\Generated_Source\PSoC4/isr_2.c **** *
 325:.\Generated_Source\PSoC4/isr_2.c **** *******************************************************************************/
 326:.\Generated_Source\PSoC4/isr_2.c **** void isr_2_SetPending(void)
 327:.\Generated_Source\PSoC4/isr_2.c **** {
 487              		.loc 1 327 0
 488              		.cfi_startproc
 489 0000 80B5     		push	{r7, lr}
 490              	.LCFI26:
 491              		.cfi_def_cfa_offset 8
 492              		.cfi_offset 7, -8
 493              		.cfi_offset 14, -4
 494 0002 00AF     		add	r7, sp, #0
 495              	.LCFI27:
 496              		.cfi_def_cfa_register 7
 328:.\Generated_Source\PSoC4/isr_2.c ****     *isr_2_INTC_SET_PD = isr_2__INTC_MASK;
 497              		.loc 1 328 0
 498 0004 024B     		ldr	r3, .L36
 499 0006 0122     		mov	r2, #1
 500 0008 1A60     		str	r2, [r3]
 329:.\Generated_Source\PSoC4/isr_2.c **** }
 501              		.loc 1 329 0
 502 000a BD46     		mov	sp, r7
 503              		@ sp needed for prologue
 504 000c 80BD     		pop	{r7, pc}
 505              	.L37:
 506 000e C046     		.align	2
 507              	.L36:
 508 0010 00E200E0 		.word	-536813056
 509              		.cfi_endproc
 510              	.LFE44:
 511              		.size	isr_2_SetPending, .-isr_2_SetPending
 512              		.section	.text.isr_2_ClearPending,"ax",%progbits
 513              		.align	2
 514              		.global	isr_2_ClearPending
 515              		.code	16
 516              		.thumb_func
 517              		.type	isr_2_ClearPending, %function
 518              	isr_2_ClearPending:
 519              	.LFB45:
 330:.\Generated_Source\PSoC4/isr_2.c **** 
 331:.\Generated_Source\PSoC4/isr_2.c **** 
 332:.\Generated_Source\PSoC4/isr_2.c **** /*******************************************************************************
 333:.\Generated_Source\PSoC4/isr_2.c **** * Function Name: isr_2_ClearPending
 334:.\Generated_Source\PSoC4/isr_2.c **** ********************************************************************************
ARM GAS  C:\Users\SNFU\AppData\Local\Temp\cc3Ow3eQ.s 			page 16


 335:.\Generated_Source\PSoC4/isr_2.c **** *
 336:.\Generated_Source\PSoC4/isr_2.c **** * Summary:
 337:.\Generated_Source\PSoC4/isr_2.c **** *   Clears a pending interrupt.
 338:.\Generated_Source\PSoC4/isr_2.c **** *
 339:.\Generated_Source\PSoC4/isr_2.c **** * Parameters:
 340:.\Generated_Source\PSoC4/isr_2.c **** *   None
 341:.\Generated_Source\PSoC4/isr_2.c **** *
 342:.\Generated_Source\PSoC4/isr_2.c **** * Return:
 343:.\Generated_Source\PSoC4/isr_2.c **** *   None
 344:.\Generated_Source\PSoC4/isr_2.c **** *
 345:.\Generated_Source\PSoC4/isr_2.c **** *******************************************************************************/
 346:.\Generated_Source\PSoC4/isr_2.c **** void isr_2_ClearPending(void)
 347:.\Generated_Source\PSoC4/isr_2.c **** {
 520              		.loc 1 347 0
 521              		.cfi_startproc
 522 0000 80B5     		push	{r7, lr}
 523              	.LCFI28:
 524              		.cfi_def_cfa_offset 8
 525              		.cfi_offset 7, -8
 526              		.cfi_offset 14, -4
 527 0002 00AF     		add	r7, sp, #0
 528              	.LCFI29:
 529              		.cfi_def_cfa_register 7
 348:.\Generated_Source\PSoC4/isr_2.c ****     *isr_2_INTC_CLR_PD = isr_2__INTC_MASK;
 530              		.loc 1 348 0
 531 0004 024B     		ldr	r3, .L39
 532 0006 0122     		mov	r2, #1
 533 0008 1A60     		str	r2, [r3]
 349:.\Generated_Source\PSoC4/isr_2.c **** }
 534              		.loc 1 349 0
 535 000a BD46     		mov	sp, r7
 536              		@ sp needed for prologue
 537 000c 80BD     		pop	{r7, pc}
 538              	.L40:
 539 000e C046     		.align	2
 540              	.L39:
 541 0010 80E200E0 		.word	-536812928
 542              		.cfi_endproc
 543              	.LFE45:
 544              		.size	isr_2_ClearPending, .-isr_2_ClearPending
 545              		.text
 546              	.Letext0:
 547              		.file 2 "./Generated_Source/PSoC4/cytypes.h"
 548              		.section	.debug_info,"",%progbits
 549              	.Ldebug_info0:
 550 0000 A1020000 		.4byte	0x2a1
 551 0004 0200     		.2byte	0x2
 552 0006 00000000 		.4byte	.Ldebug_abbrev0
 553 000a 04       		.byte	0x4
 554 000b 01       		.uleb128 0x1
 555 000c 42020000 		.4byte	.LASF36
 556 0010 01       		.byte	0x1
 557 0011 15000000 		.4byte	.LASF37
 558 0015 D0010000 		.4byte	.LASF38
 559 0019 00000000 		.4byte	.Ldebug_ranges0+0
 560 001d 00000000 		.4byte	0
 561 0021 00000000 		.4byte	0
ARM GAS  C:\Users\SNFU\AppData\Local\Temp\cc3Ow3eQ.s 			page 17


 562 0025 00000000 		.4byte	.Ldebug_line0
 563 0029 02       		.uleb128 0x2
 564 002a 01       		.byte	0x1
 565 002b 06       		.byte	0x6
 566 002c 36020000 		.4byte	.LASF0
 567 0030 02       		.uleb128 0x2
 568 0031 01       		.byte	0x1
 569 0032 08       		.byte	0x8
 570 0033 A9000000 		.4byte	.LASF1
 571 0037 02       		.uleb128 0x2
 572 0038 02       		.byte	0x2
 573 0039 05       		.byte	0x5
 574 003a C6010000 		.4byte	.LASF2
 575 003e 02       		.uleb128 0x2
 576 003f 02       		.byte	0x2
 577 0040 07       		.byte	0x7
 578 0041 55000000 		.4byte	.LASF3
 579 0045 02       		.uleb128 0x2
 580 0046 04       		.byte	0x4
 581 0047 05       		.byte	0x5
 582 0048 2D020000 		.4byte	.LASF4
 583 004c 02       		.uleb128 0x2
 584 004d 04       		.byte	0x4
 585 004e 07       		.byte	0x7
 586 004f D4000000 		.4byte	.LASF5
 587 0053 02       		.uleb128 0x2
 588 0054 08       		.byte	0x8
 589 0055 05       		.byte	0x5
 590 0056 A0010000 		.4byte	.LASF6
 591 005a 02       		.uleb128 0x2
 592 005b 08       		.byte	0x8
 593 005c 07       		.byte	0x7
 594 005d 68010000 		.4byte	.LASF7
 595 0061 03       		.uleb128 0x3
 596 0062 04       		.byte	0x4
 597 0063 05       		.byte	0x5
 598 0064 696E7400 		.ascii	"int\000"
 599 0068 02       		.uleb128 0x2
 600 0069 04       		.byte	0x4
 601 006a 07       		.byte	0x7
 602 006b 32010000 		.4byte	.LASF8
 603 006f 04       		.uleb128 0x4
 604 0070 E6000000 		.4byte	.LASF9
 605 0074 02       		.byte	0x2
 606 0075 5B       		.byte	0x5b
 607 0076 30000000 		.4byte	0x30
 608 007a 04       		.uleb128 0x4
 609 007b 0A010000 		.4byte	.LASF10
 610 007f 02       		.byte	0x2
 611 0080 5C       		.byte	0x5c
 612 0081 3E000000 		.4byte	0x3e
 613 0085 04       		.uleb128 0x4
 614 0086 11010000 		.4byte	.LASF11
 615 008a 02       		.byte	0x2
 616 008b 5D       		.byte	0x5d
 617 008c 4C000000 		.4byte	0x4c
 618 0090 02       		.uleb128 0x2
ARM GAS  C:\Users\SNFU\AppData\Local\Temp\cc3Ow3eQ.s 			page 18


 619 0091 04       		.byte	0x4
 620 0092 04       		.byte	0x4
 621 0093 A3000000 		.4byte	.LASF12
 622 0097 02       		.uleb128 0x2
 623 0098 08       		.byte	0x8
 624 0099 04       		.byte	0x4
 625 009a F5000000 		.4byte	.LASF13
 626 009e 02       		.uleb128 0x2
 627 009f 01       		.byte	0x1
 628 00a0 08       		.byte	0x8
 629 00a1 AE010000 		.4byte	.LASF14
 630 00a5 04       		.uleb128 0x4
 631 00a6 00000000 		.4byte	.LASF15
 632 00aa 02       		.byte	0x2
 633 00ab F2       		.byte	0xf2
 634 00ac B0000000 		.4byte	0xb0
 635 00b0 05       		.uleb128 0x5
 636 00b1 85000000 		.4byte	0x85
 637 00b5 06       		.uleb128 0x6
 638 00b6 8A010000 		.4byte	.LASF16
 639 00ba 02       		.byte	0x2
 640 00bb 0201     		.2byte	0x102
 641 00bd C1000000 		.4byte	0xc1
 642 00c1 07       		.uleb128 0x7
 643 00c2 04       		.byte	0x4
 644 00c3 C7000000 		.4byte	0xc7
 645 00c7 08       		.uleb128 0x8
 646 00c8 01       		.byte	0x1
 647 00c9 02       		.uleb128 0x2
 648 00ca 04       		.byte	0x4
 649 00cb 07       		.byte	0x7
 650 00cc 97010000 		.4byte	.LASF17
 651 00d0 09       		.uleb128 0x9
 652 00d1 01       		.byte	0x1
 653 00d2 8A000000 		.4byte	.LASF18
 654 00d6 01       		.byte	0x1
 655 00d7 35       		.byte	0x35
 656 00d8 01       		.byte	0x1
 657 00d9 00000000 		.4byte	.LFB33
 658 00dd 24000000 		.4byte	.LFE33
 659 00e1 00000000 		.4byte	.LLST0
 660 00e5 01       		.byte	0x1
 661 00e6 0A       		.uleb128 0xa
 662 00e7 01       		.byte	0x1
 663 00e8 B7000000 		.4byte	.LASF21
 664 00ec 01       		.byte	0x1
 665 00ed 53       		.byte	0x53
 666 00ee 01       		.byte	0x1
 667 00ef 00000000 		.4byte	.LFB34
 668 00f3 24000000 		.4byte	.LFE34
 669 00f7 2C000000 		.4byte	.LLST1
 670 00fb 01       		.byte	0x1
 671 00fc 0F010000 		.4byte	0x10f
 672 0100 0B       		.uleb128 0xb
 673 0101 60010000 		.4byte	.LASF23
 674 0105 01       		.byte	0x1
 675 0106 53       		.byte	0x53
ARM GAS  C:\Users\SNFU\AppData\Local\Temp\cc3Ow3eQ.s 			page 19


 676 0107 B5000000 		.4byte	0xb5
 677 010b 02       		.byte	0x2
 678 010c 91       		.byte	0x91
 679 010d 74       		.sleb128 -12
 680 010e 00       		.byte	0
 681 010f 09       		.uleb128 0x9
 682 0110 01       		.byte	0x1
 683 0111 7F010000 		.4byte	.LASF19
 684 0115 01       		.byte	0x1
 685 0116 70       		.byte	0x70
 686 0117 01       		.byte	0x1
 687 0118 00000000 		.4byte	.LFB35
 688 011c 18000000 		.4byte	.LFE35
 689 0120 64000000 		.4byte	.LLST2
 690 0124 01       		.byte	0x1
 691 0125 09       		.uleb128 0x9
 692 0126 01       		.byte	0x1
 693 0127 50010000 		.4byte	.LASF20
 694 012b 01       		.byte	0x1
 695 012c 8B       		.byte	0x8b
 696 012d 01       		.byte	0x1
 697 012e 00000000 		.4byte	.LFB36
 698 0132 24000000 		.4byte	.LFE36
 699 0136 90000000 		.4byte	.LLST3
 700 013a 01       		.byte	0x1
 701 013b 0C       		.uleb128 0xc
 702 013c 01       		.byte	0x1
 703 013d 68000000 		.4byte	.LASF22
 704 0141 01       		.byte	0x1
 705 0142 A7       		.byte	0xa7
 706 0143 01       		.byte	0x1
 707 0144 00000000 		.4byte	.LFB37
 708 0148 18000000 		.4byte	.LFE37
 709 014c BC000000 		.4byte	.LLST4
 710 0150 01       		.byte	0x1
 711 0151 64010000 		.4byte	0x164
 712 0155 0B       		.uleb128 0xb
 713 0156 60010000 		.4byte	.LASF23
 714 015a 01       		.byte	0x1
 715 015b A7       		.byte	0xa7
 716 015c B5000000 		.4byte	0xb5
 717 0160 02       		.byte	0x2
 718 0161 91       		.byte	0x91
 719 0162 74       		.sleb128 -12
 720 0163 00       		.byte	0
 721 0164 0D       		.uleb128 0xd
 722 0165 01       		.byte	0x1
 723 0166 22010000 		.4byte	.LASF29
 724 016a 01       		.byte	0x1
 725 016b BB       		.byte	0xbb
 726 016c 01       		.byte	0x1
 727 016d B5000000 		.4byte	0xb5
 728 0171 00000000 		.4byte	.LFB38
 729 0175 14000000 		.4byte	.LFE38
 730 0179 F4000000 		.4byte	.LLST5
 731 017d 01       		.byte	0x1
 732 017e 0A       		.uleb128 0xa
ARM GAS  C:\Users\SNFU\AppData\Local\Temp\cc3Ow3eQ.s 			page 20


 733 017f 01       		.byte	0x1
 734 0180 78000000 		.4byte	.LASF24
 735 0184 01       		.byte	0x1
 736 0185 D3       		.byte	0xd3
 737 0186 01       		.byte	0x1
 738 0187 00000000 		.4byte	.LFB39
 739 018b 50000000 		.4byte	.LFE39
 740 018f 20010000 		.4byte	.LLST6
 741 0193 01       		.byte	0x1
 742 0194 C3010000 		.4byte	0x1c3
 743 0198 0B       		.uleb128 0xb
 744 0199 EC000000 		.4byte	.LASF25
 745 019d 01       		.byte	0x1
 746 019e D3       		.byte	0xd3
 747 019f 6F000000 		.4byte	0x6f
 748 01a3 02       		.byte	0x2
 749 01a4 91       		.byte	0x91
 750 01a5 67       		.sleb128 -25
 751 01a6 0E       		.uleb128 0xe
 752 01a7 C5000000 		.4byte	.LASF26
 753 01ab 01       		.byte	0x1
 754 01ac D5       		.byte	0xd5
 755 01ad 6F000000 		.4byte	0x6f
 756 01b1 02       		.byte	0x2
 757 01b2 91       		.byte	0x91
 758 01b3 6B       		.sleb128 -21
 759 01b4 0E       		.uleb128 0xe
 760 01b5 1E020000 		.4byte	.LASF27
 761 01b9 01       		.byte	0x1
 762 01ba D6       		.byte	0xd6
 763 01bb 85000000 		.4byte	0x85
 764 01bf 02       		.byte	0x2
 765 01c0 91       		.byte	0x91
 766 01c1 6C       		.sleb128 -20
 767 01c2 00       		.byte	0
 768 01c3 0F       		.uleb128 0xf
 769 01c4 01       		.byte	0x1
 770 01c5 43000000 		.4byte	.LASF39
 771 01c9 01       		.byte	0x1
 772 01ca ED       		.byte	0xed
 773 01cb 01       		.byte	0x1
 774 01cc 6F000000 		.4byte	0x6f
 775 01d0 00000000 		.4byte	.LFB40
 776 01d4 2C000000 		.4byte	.LFE40
 777 01d8 58010000 		.4byte	.LLST7
 778 01dc 01       		.byte	0x1
 779 01dd FE010000 		.4byte	0x1fe
 780 01e1 0E       		.uleb128 0xe
 781 01e2 EC000000 		.4byte	.LASF25
 782 01e6 01       		.byte	0x1
 783 01e7 EF       		.byte	0xef
 784 01e8 85000000 		.4byte	0x85
 785 01ec 02       		.byte	0x2
 786 01ed 91       		.byte	0x91
 787 01ee 70       		.sleb128 -16
 788 01ef 0E       		.uleb128 0xe
 789 01f0 1E020000 		.4byte	.LASF27
ARM GAS  C:\Users\SNFU\AppData\Local\Temp\cc3Ow3eQ.s 			page 21


 790 01f4 01       		.byte	0x1
 791 01f5 F0       		.byte	0xf0
 792 01f6 85000000 		.4byte	0x85
 793 01fa 02       		.byte	0x2
 794 01fb 91       		.byte	0x91
 795 01fc 74       		.sleb128 -12
 796 01fd 00       		.byte	0
 797 01fe 10       		.uleb128 0x10
 798 01ff 01       		.byte	0x1
 799 0200 96000000 		.4byte	.LASF28
 800 0204 01       		.byte	0x1
 801 0205 0601     		.2byte	0x106
 802 0207 01       		.byte	0x1
 803 0208 00000000 		.4byte	.LFB41
 804 020c 14000000 		.4byte	.LFE41
 805 0210 90010000 		.4byte	.LLST8
 806 0214 01       		.byte	0x1
 807 0215 11       		.uleb128 0x11
 808 0216 01       		.byte	0x1
 809 0217 06000000 		.4byte	.LASF30
 810 021b 01       		.byte	0x1
 811 021c 1B01     		.2byte	0x11b
 812 021e 01       		.byte	0x1
 813 021f 6F000000 		.4byte	0x6f
 814 0223 00000000 		.4byte	.LFB42
 815 0227 1C000000 		.4byte	.LFE42
 816 022b BC010000 		.4byte	.LLST9
 817 022f 01       		.byte	0x1
 818 0230 10       		.uleb128 0x10
 819 0231 01       		.byte	0x1
 820 0232 FC000000 		.4byte	.LASF31
 821 0236 01       		.byte	0x1
 822 0237 3001     		.2byte	0x130
 823 0239 01       		.byte	0x1
 824 023a 00000000 		.4byte	.LFB43
 825 023e 14000000 		.4byte	.LFE43
 826 0242 E8010000 		.4byte	.LLST10
 827 0246 01       		.byte	0x1
 828 0247 10       		.uleb128 0x10
 829 0248 01       		.byte	0x1
 830 0249 3F010000 		.4byte	.LASF32
 831 024d 01       		.byte	0x1
 832 024e 4601     		.2byte	0x146
 833 0250 01       		.byte	0x1
 834 0251 00000000 		.4byte	.LFB44
 835 0255 14000000 		.4byte	.LFE44
 836 0259 14020000 		.4byte	.LLST11
 837 025d 01       		.byte	0x1
 838 025e 10       		.uleb128 0x10
 839 025f 01       		.byte	0x1
 840 0260 B3010000 		.4byte	.LASF33
 841 0264 01       		.byte	0x1
 842 0265 5A01     		.2byte	0x15a
 843 0267 01       		.byte	0x1
 844 0268 00000000 		.4byte	.LFB45
 845 026c 14000000 		.4byte	.LFE45
 846 0270 40020000 		.4byte	.LLST12
ARM GAS  C:\Users\SNFU\AppData\Local\Temp\cc3Ow3eQ.s 			page 22


 847 0274 01       		.byte	0x1
 848 0275 12       		.uleb128 0x12
 849 0276 18010000 		.4byte	.LASF34
 850 027a 01       		.byte	0x1
 851 027b 1E       		.byte	0x1e
 852 027c 7A000000 		.4byte	0x7a
 853 0280 01       		.byte	0x1
 854 0281 05       		.byte	0x5
 855 0282 03       		.byte	0x3
 856 0283 00000000 		.4byte	PWM_Value
 857 0287 13       		.uleb128 0x13
 858 0288 B5000000 		.4byte	0xb5
 859 028c 97020000 		.4byte	0x297
 860 0290 14       		.uleb128 0x14
 861 0291 C9000000 		.4byte	0xc9
 862 0295 2F       		.byte	0x2f
 863 0296 00       		.byte	0
 864 0297 15       		.uleb128 0x15
 865 0298 36000000 		.4byte	.LASF35
 866 029c 01       		.byte	0x1
 867 029d 21       		.byte	0x21
 868 029e 87020000 		.4byte	0x287
 869 02a2 01       		.byte	0x1
 870 02a3 01       		.byte	0x1
 871 02a4 00       		.byte	0
 872              		.section	.debug_abbrev,"",%progbits
 873              	.Ldebug_abbrev0:
 874 0000 01       		.uleb128 0x1
 875 0001 11       		.uleb128 0x11
 876 0002 01       		.byte	0x1
 877 0003 25       		.uleb128 0x25
 878 0004 0E       		.uleb128 0xe
 879 0005 13       		.uleb128 0x13
 880 0006 0B       		.uleb128 0xb
 881 0007 03       		.uleb128 0x3
 882 0008 0E       		.uleb128 0xe
 883 0009 1B       		.uleb128 0x1b
 884 000a 0E       		.uleb128 0xe
 885 000b 55       		.uleb128 0x55
 886 000c 06       		.uleb128 0x6
 887 000d 11       		.uleb128 0x11
 888 000e 01       		.uleb128 0x1
 889 000f 52       		.uleb128 0x52
 890 0010 01       		.uleb128 0x1
 891 0011 10       		.uleb128 0x10
 892 0012 06       		.uleb128 0x6
 893 0013 00       		.byte	0
 894 0014 00       		.byte	0
 895 0015 02       		.uleb128 0x2
 896 0016 24       		.uleb128 0x24
 897 0017 00       		.byte	0
 898 0018 0B       		.uleb128 0xb
 899 0019 0B       		.uleb128 0xb
 900 001a 3E       		.uleb128 0x3e
 901 001b 0B       		.uleb128 0xb
 902 001c 03       		.uleb128 0x3
 903 001d 0E       		.uleb128 0xe
ARM GAS  C:\Users\SNFU\AppData\Local\Temp\cc3Ow3eQ.s 			page 23


 904 001e 00       		.byte	0
 905 001f 00       		.byte	0
 906 0020 03       		.uleb128 0x3
 907 0021 24       		.uleb128 0x24
 908 0022 00       		.byte	0
 909 0023 0B       		.uleb128 0xb
 910 0024 0B       		.uleb128 0xb
 911 0025 3E       		.uleb128 0x3e
 912 0026 0B       		.uleb128 0xb
 913 0027 03       		.uleb128 0x3
 914 0028 08       		.uleb128 0x8
 915 0029 00       		.byte	0
 916 002a 00       		.byte	0
 917 002b 04       		.uleb128 0x4
 918 002c 16       		.uleb128 0x16
 919 002d 00       		.byte	0
 920 002e 03       		.uleb128 0x3
 921 002f 0E       		.uleb128 0xe
 922 0030 3A       		.uleb128 0x3a
 923 0031 0B       		.uleb128 0xb
 924 0032 3B       		.uleb128 0x3b
 925 0033 0B       		.uleb128 0xb
 926 0034 49       		.uleb128 0x49
 927 0035 13       		.uleb128 0x13
 928 0036 00       		.byte	0
 929 0037 00       		.byte	0
 930 0038 05       		.uleb128 0x5
 931 0039 35       		.uleb128 0x35
 932 003a 00       		.byte	0
 933 003b 49       		.uleb128 0x49
 934 003c 13       		.uleb128 0x13
 935 003d 00       		.byte	0
 936 003e 00       		.byte	0
 937 003f 06       		.uleb128 0x6
 938 0040 16       		.uleb128 0x16
 939 0041 00       		.byte	0
 940 0042 03       		.uleb128 0x3
 941 0043 0E       		.uleb128 0xe
 942 0044 3A       		.uleb128 0x3a
 943 0045 0B       		.uleb128 0xb
 944 0046 3B       		.uleb128 0x3b
 945 0047 05       		.uleb128 0x5
 946 0048 49       		.uleb128 0x49
 947 0049 13       		.uleb128 0x13
 948 004a 00       		.byte	0
 949 004b 00       		.byte	0
 950 004c 07       		.uleb128 0x7
 951 004d 0F       		.uleb128 0xf
 952 004e 00       		.byte	0
 953 004f 0B       		.uleb128 0xb
 954 0050 0B       		.uleb128 0xb
 955 0051 49       		.uleb128 0x49
 956 0052 13       		.uleb128 0x13
 957 0053 00       		.byte	0
 958 0054 00       		.byte	0
 959 0055 08       		.uleb128 0x8
 960 0056 15       		.uleb128 0x15
ARM GAS  C:\Users\SNFU\AppData\Local\Temp\cc3Ow3eQ.s 			page 24


 961 0057 00       		.byte	0
 962 0058 27       		.uleb128 0x27
 963 0059 0C       		.uleb128 0xc
 964 005a 00       		.byte	0
 965 005b 00       		.byte	0
 966 005c 09       		.uleb128 0x9
 967 005d 2E       		.uleb128 0x2e
 968 005e 00       		.byte	0
 969 005f 3F       		.uleb128 0x3f
 970 0060 0C       		.uleb128 0xc
 971 0061 03       		.uleb128 0x3
 972 0062 0E       		.uleb128 0xe
 973 0063 3A       		.uleb128 0x3a
 974 0064 0B       		.uleb128 0xb
 975 0065 3B       		.uleb128 0x3b
 976 0066 0B       		.uleb128 0xb
 977 0067 27       		.uleb128 0x27
 978 0068 0C       		.uleb128 0xc
 979 0069 11       		.uleb128 0x11
 980 006a 01       		.uleb128 0x1
 981 006b 12       		.uleb128 0x12
 982 006c 01       		.uleb128 0x1
 983 006d 40       		.uleb128 0x40
 984 006e 06       		.uleb128 0x6
 985 006f 9642     		.uleb128 0x2116
 986 0071 0C       		.uleb128 0xc
 987 0072 00       		.byte	0
 988 0073 00       		.byte	0
 989 0074 0A       		.uleb128 0xa
 990 0075 2E       		.uleb128 0x2e
 991 0076 01       		.byte	0x1
 992 0077 3F       		.uleb128 0x3f
 993 0078 0C       		.uleb128 0xc
 994 0079 03       		.uleb128 0x3
 995 007a 0E       		.uleb128 0xe
 996 007b 3A       		.uleb128 0x3a
 997 007c 0B       		.uleb128 0xb
 998 007d 3B       		.uleb128 0x3b
 999 007e 0B       		.uleb128 0xb
 1000 007f 27       		.uleb128 0x27
 1001 0080 0C       		.uleb128 0xc
 1002 0081 11       		.uleb128 0x11
 1003 0082 01       		.uleb128 0x1
 1004 0083 12       		.uleb128 0x12
 1005 0084 01       		.uleb128 0x1
 1006 0085 40       		.uleb128 0x40
 1007 0086 06       		.uleb128 0x6
 1008 0087 9642     		.uleb128 0x2116
 1009 0089 0C       		.uleb128 0xc
 1010 008a 01       		.uleb128 0x1
 1011 008b 13       		.uleb128 0x13
 1012 008c 00       		.byte	0
 1013 008d 00       		.byte	0
 1014 008e 0B       		.uleb128 0xb
 1015 008f 05       		.uleb128 0x5
 1016 0090 00       		.byte	0
 1017 0091 03       		.uleb128 0x3
ARM GAS  C:\Users\SNFU\AppData\Local\Temp\cc3Ow3eQ.s 			page 25


 1018 0092 0E       		.uleb128 0xe
 1019 0093 3A       		.uleb128 0x3a
 1020 0094 0B       		.uleb128 0xb
 1021 0095 3B       		.uleb128 0x3b
 1022 0096 0B       		.uleb128 0xb
 1023 0097 49       		.uleb128 0x49
 1024 0098 13       		.uleb128 0x13
 1025 0099 02       		.uleb128 0x2
 1026 009a 0A       		.uleb128 0xa
 1027 009b 00       		.byte	0
 1028 009c 00       		.byte	0
 1029 009d 0C       		.uleb128 0xc
 1030 009e 2E       		.uleb128 0x2e
 1031 009f 01       		.byte	0x1
 1032 00a0 3F       		.uleb128 0x3f
 1033 00a1 0C       		.uleb128 0xc
 1034 00a2 03       		.uleb128 0x3
 1035 00a3 0E       		.uleb128 0xe
 1036 00a4 3A       		.uleb128 0x3a
 1037 00a5 0B       		.uleb128 0xb
 1038 00a6 3B       		.uleb128 0x3b
 1039 00a7 0B       		.uleb128 0xb
 1040 00a8 27       		.uleb128 0x27
 1041 00a9 0C       		.uleb128 0xc
 1042 00aa 11       		.uleb128 0x11
 1043 00ab 01       		.uleb128 0x1
 1044 00ac 12       		.uleb128 0x12
 1045 00ad 01       		.uleb128 0x1
 1046 00ae 40       		.uleb128 0x40
 1047 00af 06       		.uleb128 0x6
 1048 00b0 9742     		.uleb128 0x2117
 1049 00b2 0C       		.uleb128 0xc
 1050 00b3 01       		.uleb128 0x1
 1051 00b4 13       		.uleb128 0x13
 1052 00b5 00       		.byte	0
 1053 00b6 00       		.byte	0
 1054 00b7 0D       		.uleb128 0xd
 1055 00b8 2E       		.uleb128 0x2e
 1056 00b9 00       		.byte	0
 1057 00ba 3F       		.uleb128 0x3f
 1058 00bb 0C       		.uleb128 0xc
 1059 00bc 03       		.uleb128 0x3
 1060 00bd 0E       		.uleb128 0xe
 1061 00be 3A       		.uleb128 0x3a
 1062 00bf 0B       		.uleb128 0xb
 1063 00c0 3B       		.uleb128 0x3b
 1064 00c1 0B       		.uleb128 0xb
 1065 00c2 27       		.uleb128 0x27
 1066 00c3 0C       		.uleb128 0xc
 1067 00c4 49       		.uleb128 0x49
 1068 00c5 13       		.uleb128 0x13
 1069 00c6 11       		.uleb128 0x11
 1070 00c7 01       		.uleb128 0x1
 1071 00c8 12       		.uleb128 0x12
 1072 00c9 01       		.uleb128 0x1
 1073 00ca 40       		.uleb128 0x40
 1074 00cb 06       		.uleb128 0x6
ARM GAS  C:\Users\SNFU\AppData\Local\Temp\cc3Ow3eQ.s 			page 26


 1075 00cc 9742     		.uleb128 0x2117
 1076 00ce 0C       		.uleb128 0xc
 1077 00cf 00       		.byte	0
 1078 00d0 00       		.byte	0
 1079 00d1 0E       		.uleb128 0xe
 1080 00d2 34       		.uleb128 0x34
 1081 00d3 00       		.byte	0
 1082 00d4 03       		.uleb128 0x3
 1083 00d5 0E       		.uleb128 0xe
 1084 00d6 3A       		.uleb128 0x3a
 1085 00d7 0B       		.uleb128 0xb
 1086 00d8 3B       		.uleb128 0x3b
 1087 00d9 0B       		.uleb128 0xb
 1088 00da 49       		.uleb128 0x49
 1089 00db 13       		.uleb128 0x13
 1090 00dc 02       		.uleb128 0x2
 1091 00dd 0A       		.uleb128 0xa
 1092 00de 00       		.byte	0
 1093 00df 00       		.byte	0
 1094 00e0 0F       		.uleb128 0xf
 1095 00e1 2E       		.uleb128 0x2e
 1096 00e2 01       		.byte	0x1
 1097 00e3 3F       		.uleb128 0x3f
 1098 00e4 0C       		.uleb128 0xc
 1099 00e5 03       		.uleb128 0x3
 1100 00e6 0E       		.uleb128 0xe
 1101 00e7 3A       		.uleb128 0x3a
 1102 00e8 0B       		.uleb128 0xb
 1103 00e9 3B       		.uleb128 0x3b
 1104 00ea 0B       		.uleb128 0xb
 1105 00eb 27       		.uleb128 0x27
 1106 00ec 0C       		.uleb128 0xc
 1107 00ed 49       		.uleb128 0x49
 1108 00ee 13       		.uleb128 0x13
 1109 00ef 11       		.uleb128 0x11
 1110 00f0 01       		.uleb128 0x1
 1111 00f1 12       		.uleb128 0x12
 1112 00f2 01       		.uleb128 0x1
 1113 00f3 40       		.uleb128 0x40
 1114 00f4 06       		.uleb128 0x6
 1115 00f5 9742     		.uleb128 0x2117
 1116 00f7 0C       		.uleb128 0xc
 1117 00f8 01       		.uleb128 0x1
 1118 00f9 13       		.uleb128 0x13
 1119 00fa 00       		.byte	0
 1120 00fb 00       		.byte	0
 1121 00fc 10       		.uleb128 0x10
 1122 00fd 2E       		.uleb128 0x2e
 1123 00fe 00       		.byte	0
 1124 00ff 3F       		.uleb128 0x3f
 1125 0100 0C       		.uleb128 0xc
 1126 0101 03       		.uleb128 0x3
 1127 0102 0E       		.uleb128 0xe
 1128 0103 3A       		.uleb128 0x3a
 1129 0104 0B       		.uleb128 0xb
 1130 0105 3B       		.uleb128 0x3b
 1131 0106 05       		.uleb128 0x5
ARM GAS  C:\Users\SNFU\AppData\Local\Temp\cc3Ow3eQ.s 			page 27


 1132 0107 27       		.uleb128 0x27
 1133 0108 0C       		.uleb128 0xc
 1134 0109 11       		.uleb128 0x11
 1135 010a 01       		.uleb128 0x1
 1136 010b 12       		.uleb128 0x12
 1137 010c 01       		.uleb128 0x1
 1138 010d 40       		.uleb128 0x40
 1139 010e 06       		.uleb128 0x6
 1140 010f 9742     		.uleb128 0x2117
 1141 0111 0C       		.uleb128 0xc
 1142 0112 00       		.byte	0
 1143 0113 00       		.byte	0
 1144 0114 11       		.uleb128 0x11
 1145 0115 2E       		.uleb128 0x2e
 1146 0116 00       		.byte	0
 1147 0117 3F       		.uleb128 0x3f
 1148 0118 0C       		.uleb128 0xc
 1149 0119 03       		.uleb128 0x3
 1150 011a 0E       		.uleb128 0xe
 1151 011b 3A       		.uleb128 0x3a
 1152 011c 0B       		.uleb128 0xb
 1153 011d 3B       		.uleb128 0x3b
 1154 011e 05       		.uleb128 0x5
 1155 011f 27       		.uleb128 0x27
 1156 0120 0C       		.uleb128 0xc
 1157 0121 49       		.uleb128 0x49
 1158 0122 13       		.uleb128 0x13
 1159 0123 11       		.uleb128 0x11
 1160 0124 01       		.uleb128 0x1
 1161 0125 12       		.uleb128 0x12
 1162 0126 01       		.uleb128 0x1
 1163 0127 40       		.uleb128 0x40
 1164 0128 06       		.uleb128 0x6
 1165 0129 9742     		.uleb128 0x2117
 1166 012b 0C       		.uleb128 0xc
 1167 012c 00       		.byte	0
 1168 012d 00       		.byte	0
 1169 012e 12       		.uleb128 0x12
 1170 012f 34       		.uleb128 0x34
 1171 0130 00       		.byte	0
 1172 0131 03       		.uleb128 0x3
 1173 0132 0E       		.uleb128 0xe
 1174 0133 3A       		.uleb128 0x3a
 1175 0134 0B       		.uleb128 0xb
 1176 0135 3B       		.uleb128 0x3b
 1177 0136 0B       		.uleb128 0xb
 1178 0137 49       		.uleb128 0x49
 1179 0138 13       		.uleb128 0x13
 1180 0139 3F       		.uleb128 0x3f
 1181 013a 0C       		.uleb128 0xc
 1182 013b 02       		.uleb128 0x2
 1183 013c 0A       		.uleb128 0xa
 1184 013d 00       		.byte	0
 1185 013e 00       		.byte	0
 1186 013f 13       		.uleb128 0x13
 1187 0140 01       		.uleb128 0x1
 1188 0141 01       		.byte	0x1
ARM GAS  C:\Users\SNFU\AppData\Local\Temp\cc3Ow3eQ.s 			page 28


 1189 0142 49       		.uleb128 0x49
 1190 0143 13       		.uleb128 0x13
 1191 0144 01       		.uleb128 0x1
 1192 0145 13       		.uleb128 0x13
 1193 0146 00       		.byte	0
 1194 0147 00       		.byte	0
 1195 0148 14       		.uleb128 0x14
 1196 0149 21       		.uleb128 0x21
 1197 014a 00       		.byte	0
 1198 014b 49       		.uleb128 0x49
 1199 014c 13       		.uleb128 0x13
 1200 014d 2F       		.uleb128 0x2f
 1201 014e 0B       		.uleb128 0xb
 1202 014f 00       		.byte	0
 1203 0150 00       		.byte	0
 1204 0151 15       		.uleb128 0x15
 1205 0152 34       		.uleb128 0x34
 1206 0153 00       		.byte	0
 1207 0154 03       		.uleb128 0x3
 1208 0155 0E       		.uleb128 0xe
 1209 0156 3A       		.uleb128 0x3a
 1210 0157 0B       		.uleb128 0xb
 1211 0158 3B       		.uleb128 0x3b
 1212 0159 0B       		.uleb128 0xb
 1213 015a 49       		.uleb128 0x49
 1214 015b 13       		.uleb128 0x13
 1215 015c 3F       		.uleb128 0x3f
 1216 015d 0C       		.uleb128 0xc
 1217 015e 3C       		.uleb128 0x3c
 1218 015f 0C       		.uleb128 0xc
 1219 0160 00       		.byte	0
 1220 0161 00       		.byte	0
 1221 0162 00       		.byte	0
 1222              		.section	.debug_loc,"",%progbits
 1223              	.Ldebug_loc0:
 1224              	.LLST0:
 1225 0000 00000000 		.4byte	.LFB33
 1226 0004 02000000 		.4byte	.LCFI0
 1227 0008 0200     		.2byte	0x2
 1228 000a 7D       		.byte	0x7d
 1229 000b 00       		.sleb128 0
 1230 000c 02000000 		.4byte	.LCFI0
 1231 0010 04000000 		.4byte	.LCFI1
 1232 0014 0200     		.2byte	0x2
 1233 0016 7D       		.byte	0x7d
 1234 0017 08       		.sleb128 8
 1235 0018 04000000 		.4byte	.LCFI1
 1236 001c 24000000 		.4byte	.LFE33
 1237 0020 0200     		.2byte	0x2
 1238 0022 77       		.byte	0x77
 1239 0023 08       		.sleb128 8
 1240 0024 00000000 		.4byte	0
 1241 0028 00000000 		.4byte	0
 1242              	.LLST1:
 1243 002c 00000000 		.4byte	.LFB34
 1244 0030 02000000 		.4byte	.LCFI2
 1245 0034 0200     		.2byte	0x2
ARM GAS  C:\Users\SNFU\AppData\Local\Temp\cc3Ow3eQ.s 			page 29


 1246 0036 7D       		.byte	0x7d
 1247 0037 00       		.sleb128 0
 1248 0038 02000000 		.4byte	.LCFI2
 1249 003c 04000000 		.4byte	.LCFI3
 1250 0040 0200     		.2byte	0x2
 1251 0042 7D       		.byte	0x7d
 1252 0043 08       		.sleb128 8
 1253 0044 04000000 		.4byte	.LCFI3
 1254 0048 06000000 		.4byte	.LCFI4
 1255 004c 0200     		.2byte	0x2
 1256 004e 7D       		.byte	0x7d
 1257 004f 10       		.sleb128 16
 1258 0050 06000000 		.4byte	.LCFI4
 1259 0054 24000000 		.4byte	.LFE34
 1260 0058 0200     		.2byte	0x2
 1261 005a 77       		.byte	0x77
 1262 005b 10       		.sleb128 16
 1263 005c 00000000 		.4byte	0
 1264 0060 00000000 		.4byte	0
 1265              	.LLST2:
 1266 0064 00000000 		.4byte	.LFB35
 1267 0068 02000000 		.4byte	.LCFI5
 1268 006c 0200     		.2byte	0x2
 1269 006e 7D       		.byte	0x7d
 1270 006f 00       		.sleb128 0
 1271 0070 02000000 		.4byte	.LCFI5
 1272 0074 04000000 		.4byte	.LCFI6
 1273 0078 0200     		.2byte	0x2
 1274 007a 7D       		.byte	0x7d
 1275 007b 08       		.sleb128 8
 1276 007c 04000000 		.4byte	.LCFI6
 1277 0080 18000000 		.4byte	.LFE35
 1278 0084 0200     		.2byte	0x2
 1279 0086 77       		.byte	0x77
 1280 0087 08       		.sleb128 8
 1281 0088 00000000 		.4byte	0
 1282 008c 00000000 		.4byte	0
 1283              	.LLST3:
 1284 0090 00000000 		.4byte	.LFB36
 1285 0094 02000000 		.4byte	.LCFI7
 1286 0098 0200     		.2byte	0x2
 1287 009a 7D       		.byte	0x7d
 1288 009b 00       		.sleb128 0
 1289 009c 02000000 		.4byte	.LCFI7
 1290 00a0 04000000 		.4byte	.LCFI8
 1291 00a4 0200     		.2byte	0x2
 1292 00a6 7D       		.byte	0x7d
 1293 00a7 08       		.sleb128 8
 1294 00a8 04000000 		.4byte	.LCFI8
 1295 00ac 24000000 		.4byte	.LFE36
 1296 00b0 0200     		.2byte	0x2
 1297 00b2 77       		.byte	0x77
 1298 00b3 08       		.sleb128 8
 1299 00b4 00000000 		.4byte	0
 1300 00b8 00000000 		.4byte	0
 1301              	.LLST4:
 1302 00bc 00000000 		.4byte	.LFB37
ARM GAS  C:\Users\SNFU\AppData\Local\Temp\cc3Ow3eQ.s 			page 30


 1303 00c0 02000000 		.4byte	.LCFI9
 1304 00c4 0200     		.2byte	0x2
 1305 00c6 7D       		.byte	0x7d
 1306 00c7 00       		.sleb128 0
 1307 00c8 02000000 		.4byte	.LCFI9
 1308 00cc 04000000 		.4byte	.LCFI10
 1309 00d0 0200     		.2byte	0x2
 1310 00d2 7D       		.byte	0x7d
 1311 00d3 08       		.sleb128 8
 1312 00d4 04000000 		.4byte	.LCFI10
 1313 00d8 06000000 		.4byte	.LCFI11
 1314 00dc 0200     		.2byte	0x2
 1315 00de 7D       		.byte	0x7d
 1316 00df 10       		.sleb128 16
 1317 00e0 06000000 		.4byte	.LCFI11
 1318 00e4 18000000 		.4byte	.LFE37
 1319 00e8 0200     		.2byte	0x2
 1320 00ea 77       		.byte	0x77
 1321 00eb 10       		.sleb128 16
 1322 00ec 00000000 		.4byte	0
 1323 00f0 00000000 		.4byte	0
 1324              	.LLST5:
 1325 00f4 00000000 		.4byte	.LFB38
 1326 00f8 02000000 		.4byte	.LCFI12
 1327 00fc 0200     		.2byte	0x2
 1328 00fe 7D       		.byte	0x7d
 1329 00ff 00       		.sleb128 0
 1330 0100 02000000 		.4byte	.LCFI12
 1331 0104 04000000 		.4byte	.LCFI13
 1332 0108 0200     		.2byte	0x2
 1333 010a 7D       		.byte	0x7d
 1334 010b 08       		.sleb128 8
 1335 010c 04000000 		.4byte	.LCFI13
 1336 0110 14000000 		.4byte	.LFE38
 1337 0114 0200     		.2byte	0x2
 1338 0116 77       		.byte	0x77
 1339 0117 08       		.sleb128 8
 1340 0118 00000000 		.4byte	0
 1341 011c 00000000 		.4byte	0
 1342              	.LLST6:
 1343 0120 00000000 		.4byte	.LFB39
 1344 0124 02000000 		.4byte	.LCFI14
 1345 0128 0200     		.2byte	0x2
 1346 012a 7D       		.byte	0x7d
 1347 012b 00       		.sleb128 0
 1348 012c 02000000 		.4byte	.LCFI14
 1349 0130 04000000 		.4byte	.LCFI15
 1350 0134 0200     		.2byte	0x2
 1351 0136 7D       		.byte	0x7d
 1352 0137 0C       		.sleb128 12
 1353 0138 04000000 		.4byte	.LCFI15
 1354 013c 06000000 		.4byte	.LCFI16
 1355 0140 0200     		.2byte	0x2
 1356 0142 7D       		.byte	0x7d
 1357 0143 20       		.sleb128 32
 1358 0144 06000000 		.4byte	.LCFI16
 1359 0148 50000000 		.4byte	.LFE39
ARM GAS  C:\Users\SNFU\AppData\Local\Temp\cc3Ow3eQ.s 			page 31


 1360 014c 0200     		.2byte	0x2
 1361 014e 77       		.byte	0x77
 1362 014f 20       		.sleb128 32
 1363 0150 00000000 		.4byte	0
 1364 0154 00000000 		.4byte	0
 1365              	.LLST7:
 1366 0158 00000000 		.4byte	.LFB40
 1367 015c 02000000 		.4byte	.LCFI17
 1368 0160 0200     		.2byte	0x2
 1369 0162 7D       		.byte	0x7d
 1370 0163 00       		.sleb128 0
 1371 0164 02000000 		.4byte	.LCFI17
 1372 0168 04000000 		.4byte	.LCFI18
 1373 016c 0200     		.2byte	0x2
 1374 016e 7D       		.byte	0x7d
 1375 016f 08       		.sleb128 8
 1376 0170 04000000 		.4byte	.LCFI18
 1377 0174 06000000 		.4byte	.LCFI19
 1378 0178 0200     		.2byte	0x2
 1379 017a 7D       		.byte	0x7d
 1380 017b 10       		.sleb128 16
 1381 017c 06000000 		.4byte	.LCFI19
 1382 0180 2C000000 		.4byte	.LFE40
 1383 0184 0200     		.2byte	0x2
 1384 0186 77       		.byte	0x77
 1385 0187 10       		.sleb128 16
 1386 0188 00000000 		.4byte	0
 1387 018c 00000000 		.4byte	0
 1388              	.LLST8:
 1389 0190 00000000 		.4byte	.LFB41
 1390 0194 02000000 		.4byte	.LCFI20
 1391 0198 0200     		.2byte	0x2
 1392 019a 7D       		.byte	0x7d
 1393 019b 00       		.sleb128 0
 1394 019c 02000000 		.4byte	.LCFI20
 1395 01a0 04000000 		.4byte	.LCFI21
 1396 01a4 0200     		.2byte	0x2
 1397 01a6 7D       		.byte	0x7d
 1398 01a7 08       		.sleb128 8
 1399 01a8 04000000 		.4byte	.LCFI21
 1400 01ac 14000000 		.4byte	.LFE41
 1401 01b0 0200     		.2byte	0x2
 1402 01b2 77       		.byte	0x77
 1403 01b3 08       		.sleb128 8
 1404 01b4 00000000 		.4byte	0
 1405 01b8 00000000 		.4byte	0
 1406              	.LLST9:
 1407 01bc 00000000 		.4byte	.LFB42
 1408 01c0 02000000 		.4byte	.LCFI22
 1409 01c4 0200     		.2byte	0x2
 1410 01c6 7D       		.byte	0x7d
 1411 01c7 00       		.sleb128 0
 1412 01c8 02000000 		.4byte	.LCFI22
 1413 01cc 04000000 		.4byte	.LCFI23
 1414 01d0 0200     		.2byte	0x2
 1415 01d2 7D       		.byte	0x7d
 1416 01d3 08       		.sleb128 8
ARM GAS  C:\Users\SNFU\AppData\Local\Temp\cc3Ow3eQ.s 			page 32


 1417 01d4 04000000 		.4byte	.LCFI23
 1418 01d8 1C000000 		.4byte	.LFE42
 1419 01dc 0200     		.2byte	0x2
 1420 01de 77       		.byte	0x77
 1421 01df 08       		.sleb128 8
 1422 01e0 00000000 		.4byte	0
 1423 01e4 00000000 		.4byte	0
 1424              	.LLST10:
 1425 01e8 00000000 		.4byte	.LFB43
 1426 01ec 02000000 		.4byte	.LCFI24
 1427 01f0 0200     		.2byte	0x2
 1428 01f2 7D       		.byte	0x7d
 1429 01f3 00       		.sleb128 0
 1430 01f4 02000000 		.4byte	.LCFI24
 1431 01f8 04000000 		.4byte	.LCFI25
 1432 01fc 0200     		.2byte	0x2
 1433 01fe 7D       		.byte	0x7d
 1434 01ff 08       		.sleb128 8
 1435 0200 04000000 		.4byte	.LCFI25
 1436 0204 14000000 		.4byte	.LFE43
 1437 0208 0200     		.2byte	0x2
 1438 020a 77       		.byte	0x77
 1439 020b 08       		.sleb128 8
 1440 020c 00000000 		.4byte	0
 1441 0210 00000000 		.4byte	0
 1442              	.LLST11:
 1443 0214 00000000 		.4byte	.LFB44
 1444 0218 02000000 		.4byte	.LCFI26
 1445 021c 0200     		.2byte	0x2
 1446 021e 7D       		.byte	0x7d
 1447 021f 00       		.sleb128 0
 1448 0220 02000000 		.4byte	.LCFI26
 1449 0224 04000000 		.4byte	.LCFI27
 1450 0228 0200     		.2byte	0x2
 1451 022a 7D       		.byte	0x7d
 1452 022b 08       		.sleb128 8
 1453 022c 04000000 		.4byte	.LCFI27
 1454 0230 14000000 		.4byte	.LFE44
 1455 0234 0200     		.2byte	0x2
 1456 0236 77       		.byte	0x77
 1457 0237 08       		.sleb128 8
 1458 0238 00000000 		.4byte	0
 1459 023c 00000000 		.4byte	0
 1460              	.LLST12:
 1461 0240 00000000 		.4byte	.LFB45
 1462 0244 02000000 		.4byte	.LCFI28
 1463 0248 0200     		.2byte	0x2
 1464 024a 7D       		.byte	0x7d
 1465 024b 00       		.sleb128 0
 1466 024c 02000000 		.4byte	.LCFI28
 1467 0250 04000000 		.4byte	.LCFI29
 1468 0254 0200     		.2byte	0x2
 1469 0256 7D       		.byte	0x7d
 1470 0257 08       		.sleb128 8
 1471 0258 04000000 		.4byte	.LCFI29
 1472 025c 14000000 		.4byte	.LFE45
 1473 0260 0200     		.2byte	0x2
ARM GAS  C:\Users\SNFU\AppData\Local\Temp\cc3Ow3eQ.s 			page 33


 1474 0262 77       		.byte	0x77
 1475 0263 08       		.sleb128 8
 1476 0264 00000000 		.4byte	0
 1477 0268 00000000 		.4byte	0
 1478              		.section	.debug_aranges,"",%progbits
 1479 0000 7C000000 		.4byte	0x7c
 1480 0004 0200     		.2byte	0x2
 1481 0006 00000000 		.4byte	.Ldebug_info0
 1482 000a 04       		.byte	0x4
 1483 000b 00       		.byte	0
 1484 000c 0000     		.2byte	0
 1485 000e 0000     		.2byte	0
 1486 0010 00000000 		.4byte	.LFB33
 1487 0014 24000000 		.4byte	.LFE33-.LFB33
 1488 0018 00000000 		.4byte	.LFB34
 1489 001c 24000000 		.4byte	.LFE34-.LFB34
 1490 0020 00000000 		.4byte	.LFB35
 1491 0024 18000000 		.4byte	.LFE35-.LFB35
 1492 0028 00000000 		.4byte	.LFB36
 1493 002c 24000000 		.4byte	.LFE36-.LFB36
 1494 0030 00000000 		.4byte	.LFB37
 1495 0034 18000000 		.4byte	.LFE37-.LFB37
 1496 0038 00000000 		.4byte	.LFB38
 1497 003c 14000000 		.4byte	.LFE38-.LFB38
 1498 0040 00000000 		.4byte	.LFB39
 1499 0044 50000000 		.4byte	.LFE39-.LFB39
 1500 0048 00000000 		.4byte	.LFB40
 1501 004c 2C000000 		.4byte	.LFE40-.LFB40
 1502 0050 00000000 		.4byte	.LFB41
 1503 0054 14000000 		.4byte	.LFE41-.LFB41
 1504 0058 00000000 		.4byte	.LFB42
 1505 005c 1C000000 		.4byte	.LFE42-.LFB42
 1506 0060 00000000 		.4byte	.LFB43
 1507 0064 14000000 		.4byte	.LFE43-.LFB43
 1508 0068 00000000 		.4byte	.LFB44
 1509 006c 14000000 		.4byte	.LFE44-.LFB44
 1510 0070 00000000 		.4byte	.LFB45
 1511 0074 14000000 		.4byte	.LFE45-.LFB45
 1512 0078 00000000 		.4byte	0
 1513 007c 00000000 		.4byte	0
 1514              		.section	.debug_ranges,"",%progbits
 1515              	.Ldebug_ranges0:
 1516 0000 00000000 		.4byte	.LFB33
 1517 0004 24000000 		.4byte	.LFE33
 1518 0008 00000000 		.4byte	.LFB34
 1519 000c 24000000 		.4byte	.LFE34
 1520 0010 00000000 		.4byte	.LFB35
 1521 0014 18000000 		.4byte	.LFE35
 1522 0018 00000000 		.4byte	.LFB36
 1523 001c 24000000 		.4byte	.LFE36
 1524 0020 00000000 		.4byte	.LFB37
 1525 0024 18000000 		.4byte	.LFE37
 1526 0028 00000000 		.4byte	.LFB38
 1527 002c 14000000 		.4byte	.LFE38
 1528 0030 00000000 		.4byte	.LFB39
 1529 0034 50000000 		.4byte	.LFE39
 1530 0038 00000000 		.4byte	.LFB40
ARM GAS  C:\Users\SNFU\AppData\Local\Temp\cc3Ow3eQ.s 			page 34


 1531 003c 2C000000 		.4byte	.LFE40
 1532 0040 00000000 		.4byte	.LFB41
 1533 0044 14000000 		.4byte	.LFE41
 1534 0048 00000000 		.4byte	.LFB42
 1535 004c 1C000000 		.4byte	.LFE42
 1536 0050 00000000 		.4byte	.LFB43
 1537 0054 14000000 		.4byte	.LFE43
 1538 0058 00000000 		.4byte	.LFB44
 1539 005c 14000000 		.4byte	.LFE44
 1540 0060 00000000 		.4byte	.LFB45
 1541 0064 14000000 		.4byte	.LFE45
 1542 0068 00000000 		.4byte	0
 1543 006c 00000000 		.4byte	0
 1544              		.section	.debug_line,"",%progbits
 1545              	.Ldebug_line0:
 1546 0000 44010000 		.section	.debug_str,"MS",%progbits,1
 1546      02004400 
 1546      00000201 
 1546      FB0E0D00 
 1546      01010101 
 1547              	.LASF15:
 1548 0000 72656733 		.ascii	"reg32\000"
 1548      3200
 1549              	.LASF30:
 1550 0006 6973725F 		.ascii	"isr_2_GetState\000"
 1550      325F4765 
 1550      74537461 
 1550      746500
 1551              	.LASF37:
 1552 0015 2E5C4765 		.ascii	".\\Generated_Source\\PSoC4\\isr_2.c\000"
 1552      6E657261 
 1552      7465645F 
 1552      536F7572 
 1552      63655C50 
 1553              	.LASF35:
 1554 0036 43795261 		.ascii	"CyRamVectors\000"
 1554      6D566563 
 1554      746F7273 
 1554      00
 1555              	.LASF39:
 1556 0043 6973725F 		.ascii	"isr_2_GetPriority\000"
 1556      325F4765 
 1556      74507269 
 1556      6F726974 
 1556      7900
 1557              	.LASF3:
 1558 0055 73686F72 		.ascii	"short unsigned int\000"
 1558      7420756E 
 1558      7369676E 
 1558      65642069 
 1558      6E7400
 1559              	.LASF22:
 1560 0068 6973725F 		.ascii	"isr_2_SetVector\000"
 1560      325F5365 
 1560      74566563 
 1560      746F7200 
 1561              	.LASF24:
ARM GAS  C:\Users\SNFU\AppData\Local\Temp\cc3Ow3eQ.s 			page 35


 1562 0078 6973725F 		.ascii	"isr_2_SetPriority\000"
 1562      325F5365 
 1562      74507269 
 1562      6F726974 
 1562      7900
 1563              	.LASF18:
 1564 008a 6973725F 		.ascii	"isr_2_Start\000"
 1564      325F5374 
 1564      61727400 
 1565              	.LASF28:
 1566 0096 6973725F 		.ascii	"isr_2_Enable\000"
 1566      325F456E 
 1566      61626C65 
 1566      00
 1567              	.LASF12:
 1568 00a3 666C6F61 		.ascii	"float\000"
 1568      7400
 1569              	.LASF1:
 1570 00a9 756E7369 		.ascii	"unsigned char\000"
 1570      676E6564 
 1570      20636861 
 1570      7200
 1571              	.LASF21:
 1572 00b7 6973725F 		.ascii	"isr_2_StartEx\000"
 1572      325F5374 
 1572      61727445 
 1572      7800
 1573              	.LASF26:
 1574 00c5 696E7465 		.ascii	"interruptState\000"
 1574      72727570 
 1574      74537461 
 1574      746500
 1575              	.LASF5:
 1576 00d4 6C6F6E67 		.ascii	"long unsigned int\000"
 1576      20756E73 
 1576      69676E65 
 1576      6420696E 
 1576      7400
 1577              	.LASF9:
 1578 00e6 75696E74 		.ascii	"uint8\000"
 1578      3800
 1579              	.LASF25:
 1580 00ec 7072696F 		.ascii	"priority\000"
 1580      72697479 
 1580      00
 1581              	.LASF13:
 1582 00f5 646F7562 		.ascii	"double\000"
 1582      6C6500
 1583              	.LASF31:
 1584 00fc 6973725F 		.ascii	"isr_2_Disable\000"
 1584      325F4469 
 1584      7361626C 
 1584      6500
 1585              	.LASF10:
 1586 010a 75696E74 		.ascii	"uint16\000"
 1586      313600
 1587              	.LASF11:
ARM GAS  C:\Users\SNFU\AppData\Local\Temp\cc3Ow3eQ.s 			page 36


 1588 0111 75696E74 		.ascii	"uint32\000"
 1588      333200
 1589              	.LASF34:
 1590 0118 50574D5F 		.ascii	"PWM_Value\000"
 1590      56616C75 
 1590      6500
 1591              	.LASF29:
 1592 0122 6973725F 		.ascii	"isr_2_GetVector\000"
 1592      325F4765 
 1592      74566563 
 1592      746F7200 
 1593              	.LASF8:
 1594 0132 756E7369 		.ascii	"unsigned int\000"
 1594      676E6564 
 1594      20696E74 
 1594      00
 1595              	.LASF32:
 1596 013f 6973725F 		.ascii	"isr_2_SetPending\000"
 1596      325F5365 
 1596      7450656E 
 1596      64696E67 
 1596      00
 1597              	.LASF20:
 1598 0150 6973725F 		.ascii	"isr_2_Interrupt\000"
 1598      325F496E 
 1598      74657272 
 1598      75707400 
 1599              	.LASF23:
 1600 0160 61646472 		.ascii	"address\000"
 1600      65737300 
 1601              	.LASF7:
 1602 0168 6C6F6E67 		.ascii	"long long unsigned int\000"
 1602      206C6F6E 
 1602      6720756E 
 1602      7369676E 
 1602      65642069 
 1603              	.LASF19:
 1604 017f 6973725F 		.ascii	"isr_2_Stop\000"
 1604      325F5374 
 1604      6F7000
 1605              	.LASF16:
 1606 018a 63796973 		.ascii	"cyisraddress\000"
 1606      72616464 
 1606      72657373 
 1606      00
 1607              	.LASF17:
 1608 0197 73697A65 		.ascii	"sizetype\000"
 1608      74797065 
 1608      00
 1609              	.LASF6:
 1610 01a0 6C6F6E67 		.ascii	"long long int\000"
 1610      206C6F6E 
 1610      6720696E 
 1610      7400
 1611              	.LASF14:
 1612 01ae 63686172 		.ascii	"char\000"
 1612      00
ARM GAS  C:\Users\SNFU\AppData\Local\Temp\cc3Ow3eQ.s 			page 37


 1613              	.LASF33:
 1614 01b3 6973725F 		.ascii	"isr_2_ClearPending\000"
 1614      325F436C 
 1614      65617250 
 1614      656E6469 
 1614      6E6700
 1615              	.LASF2:
 1616 01c6 73686F72 		.ascii	"short int\000"
 1616      7420696E 
 1616      7400
 1617              	.LASF38:
 1618 01d0 433A5C55 		.ascii	"C:\\Users\\SNFU\\Documents\\T-50_Project\\Software\\"
 1618      73657273 
 1618      5C534E46 
 1618      555C446F 
 1618      63756D65 
 1619 01fe 542D3530 		.ascii	"T-50_Project\\T-50_Project.cydsn\000"
 1619      5F50726F 
 1619      6A656374 
 1619      5C542D35 
 1619      305F5072 
 1620              	.LASF27:
 1621 021e 7072696F 		.ascii	"priorityOffset\000"
 1621      72697479 
 1621      4F666673 
 1621      657400
 1622              	.LASF4:
 1623 022d 6C6F6E67 		.ascii	"long int\000"
 1623      20696E74 
 1623      00
 1624              	.LASF0:
 1625 0236 7369676E 		.ascii	"signed char\000"
 1625      65642063 
 1625      68617200 
 1626              	.LASF36:
 1627 0242 474E5520 		.ascii	"GNU C 4.7.3 20130312 (release) [ARM/embedded-4_7-br"
 1627      4320342E 
 1627      372E3320 
 1627      32303133 
 1627      30333132 
 1628 0275 616E6368 		.ascii	"anch revision 196615]\000"
 1628      20726576 
 1628      6973696F 
 1628      6E203139 
 1628      36363135 
 1629              		.ident	"GCC: (GNU Tools for ARM Embedded Processors) 4.7.3 20130312 (release) [ARM/embedded-4_7-br
