ARM GAS  C:\Users\SNFU\AppData\Local\Temp\cc6l1t23.s 			page 1


   1              		.cpu cortex-m0
   2              		.fpu softvfp
   3              		.eabi_attribute 20, 1
   4              		.eabi_attribute 21, 1
   5              		.eabi_attribute 23, 3
   6              		.eabi_attribute 24, 1
   7              		.eabi_attribute 25, 1
   8              		.eabi_attribute 26, 1
   9              		.eabi_attribute 30, 4
  10              		.eabi_attribute 34, 0
  11              		.eabi_attribute 18, 4
  12              		.code	16
  13              		.file	"NavLightPWM_PM.c"
  14              		.text
  15              	.Ltext0:
  16              		.cfi_sections	.debug_frame
  17              		.section	.text.NavLightPWM_SaveConfig,"ax",%progbits
  18              		.align	1
  19              		.global	NavLightPWM_SaveConfig
  20              		.code	16
  21              		.thumb_func
  22              		.type	NavLightPWM_SaveConfig, %function
  23              	NavLightPWM_SaveConfig:
  24              	.LFB0:
  25              		.file 1 ".\\Generated_Source\\PSoC4\\NavLightPWM_PM.c"
   1:.\Generated_Source\PSoC4/NavLightPWM_PM.c **** /*******************************************************************************
   2:.\Generated_Source\PSoC4/NavLightPWM_PM.c **** * File Name: NavLightPWM_PM.c
   3:.\Generated_Source\PSoC4/NavLightPWM_PM.c **** * Version 1.10
   4:.\Generated_Source\PSoC4/NavLightPWM_PM.c **** *
   5:.\Generated_Source\PSoC4/NavLightPWM_PM.c **** * Description:
   6:.\Generated_Source\PSoC4/NavLightPWM_PM.c **** *  This file contains the setup, control, and status commands to support
   7:.\Generated_Source\PSoC4/NavLightPWM_PM.c **** *  the component operations in the low power mode.
   8:.\Generated_Source\PSoC4/NavLightPWM_PM.c **** *
   9:.\Generated_Source\PSoC4/NavLightPWM_PM.c **** * Note:
  10:.\Generated_Source\PSoC4/NavLightPWM_PM.c **** *  None
  11:.\Generated_Source\PSoC4/NavLightPWM_PM.c **** *
  12:.\Generated_Source\PSoC4/NavLightPWM_PM.c **** ********************************************************************************
  13:.\Generated_Source\PSoC4/NavLightPWM_PM.c **** * Copyright 2013-2014, Cypress Semiconductor Corporation.  All rights reserved.
  14:.\Generated_Source\PSoC4/NavLightPWM_PM.c **** * You may use this file only in accordance with the license, terms, conditions,
  15:.\Generated_Source\PSoC4/NavLightPWM_PM.c **** * disclaimers, and limitations in the end user license agreement accompanying
  16:.\Generated_Source\PSoC4/NavLightPWM_PM.c **** * the software package with which this file was provided.
  17:.\Generated_Source\PSoC4/NavLightPWM_PM.c **** *******************************************************************************/
  18:.\Generated_Source\PSoC4/NavLightPWM_PM.c **** 
  19:.\Generated_Source\PSoC4/NavLightPWM_PM.c **** #include "NavLightPWM.h"
  20:.\Generated_Source\PSoC4/NavLightPWM_PM.c **** 
  21:.\Generated_Source\PSoC4/NavLightPWM_PM.c **** static NavLightPWM_BACKUP_STRUCT NavLightPWM_backup;
  22:.\Generated_Source\PSoC4/NavLightPWM_PM.c **** 
  23:.\Generated_Source\PSoC4/NavLightPWM_PM.c **** 
  24:.\Generated_Source\PSoC4/NavLightPWM_PM.c **** /*******************************************************************************
  25:.\Generated_Source\PSoC4/NavLightPWM_PM.c **** * Function Name: NavLightPWM_SaveConfig
  26:.\Generated_Source\PSoC4/NavLightPWM_PM.c **** ********************************************************************************
  27:.\Generated_Source\PSoC4/NavLightPWM_PM.c **** *
  28:.\Generated_Source\PSoC4/NavLightPWM_PM.c **** * Summary:
  29:.\Generated_Source\PSoC4/NavLightPWM_PM.c **** *  All configuration registers are retention. Nothing to save here.
  30:.\Generated_Source\PSoC4/NavLightPWM_PM.c **** *
  31:.\Generated_Source\PSoC4/NavLightPWM_PM.c **** * Parameters:
  32:.\Generated_Source\PSoC4/NavLightPWM_PM.c **** *  None
ARM GAS  C:\Users\SNFU\AppData\Local\Temp\cc6l1t23.s 			page 2


  33:.\Generated_Source\PSoC4/NavLightPWM_PM.c **** *
  34:.\Generated_Source\PSoC4/NavLightPWM_PM.c **** * Return:
  35:.\Generated_Source\PSoC4/NavLightPWM_PM.c **** *  None
  36:.\Generated_Source\PSoC4/NavLightPWM_PM.c **** *
  37:.\Generated_Source\PSoC4/NavLightPWM_PM.c **** *******************************************************************************/
  38:.\Generated_Source\PSoC4/NavLightPWM_PM.c **** void NavLightPWM_SaveConfig(void)
  39:.\Generated_Source\PSoC4/NavLightPWM_PM.c **** {
  26              		.loc 1 39 0
  27              		.cfi_startproc
  40:.\Generated_Source\PSoC4/NavLightPWM_PM.c **** 
  41:.\Generated_Source\PSoC4/NavLightPWM_PM.c **** }
  28              		.loc 1 41 0
  29              		@ sp needed for prologue
  30 0000 7047     		bx	lr
  31              		.cfi_endproc
  32              	.LFE0:
  33              		.size	NavLightPWM_SaveConfig, .-NavLightPWM_SaveConfig
  34              		.section	.text.NavLightPWM_Sleep,"ax",%progbits
  35              		.align	1
  36              		.global	NavLightPWM_Sleep
  37              		.code	16
  38              		.thumb_func
  39              		.type	NavLightPWM_Sleep, %function
  40              	NavLightPWM_Sleep:
  41              	.LFB1:
  42:.\Generated_Source\PSoC4/NavLightPWM_PM.c **** 
  43:.\Generated_Source\PSoC4/NavLightPWM_PM.c **** 
  44:.\Generated_Source\PSoC4/NavLightPWM_PM.c **** /*******************************************************************************
  45:.\Generated_Source\PSoC4/NavLightPWM_PM.c **** * Function Name: NavLightPWM_Sleep
  46:.\Generated_Source\PSoC4/NavLightPWM_PM.c **** ********************************************************************************
  47:.\Generated_Source\PSoC4/NavLightPWM_PM.c **** *
  48:.\Generated_Source\PSoC4/NavLightPWM_PM.c **** * Summary:
  49:.\Generated_Source\PSoC4/NavLightPWM_PM.c **** *  Stops the component operation and saves the user configuration.
  50:.\Generated_Source\PSoC4/NavLightPWM_PM.c **** *
  51:.\Generated_Source\PSoC4/NavLightPWM_PM.c **** * Parameters:
  52:.\Generated_Source\PSoC4/NavLightPWM_PM.c **** *  None
  53:.\Generated_Source\PSoC4/NavLightPWM_PM.c **** *
  54:.\Generated_Source\PSoC4/NavLightPWM_PM.c **** * Return:
  55:.\Generated_Source\PSoC4/NavLightPWM_PM.c **** *  None
  56:.\Generated_Source\PSoC4/NavLightPWM_PM.c **** *
  57:.\Generated_Source\PSoC4/NavLightPWM_PM.c **** *******************************************************************************/
  58:.\Generated_Source\PSoC4/NavLightPWM_PM.c **** void NavLightPWM_Sleep(void)
  59:.\Generated_Source\PSoC4/NavLightPWM_PM.c **** {
  42              		.loc 1 59 0
  43              		.cfi_startproc
  44 0000 08B5     		push	{r3, lr}
  45              	.LCFI0:
  46              		.cfi_def_cfa_offset 8
  47              		.cfi_offset 3, -8
  48              		.cfi_offset 14, -4
  60:.\Generated_Source\PSoC4/NavLightPWM_PM.c ****     if(0u != (NavLightPWM_BLOCK_CONTROL_REG & NavLightPWM_MASK))
  49              		.loc 1 60 0
  50 0002 054B     		ldr	r3, .L6
  51 0004 0420     		mov	r0, #4
  52 0006 1A68     		ldr	r2, [r3]
  53 0008 0449     		ldr	r1, .L6+4
  54 000a 0240     		and	r2, r0
ARM GAS  C:\Users\SNFU\AppData\Local\Temp\cc6l1t23.s 			page 3


  55 000c 00D0     		beq	.L3
  61:.\Generated_Source\PSoC4/NavLightPWM_PM.c ****     {
  62:.\Generated_Source\PSoC4/NavLightPWM_PM.c ****         NavLightPWM_backup.enableState = 1u;
  56              		.loc 1 62 0
  57 000e 0122     		mov	r2, #1
  58              	.L3:
  63:.\Generated_Source\PSoC4/NavLightPWM_PM.c ****     }
  64:.\Generated_Source\PSoC4/NavLightPWM_PM.c ****     else
  65:.\Generated_Source\PSoC4/NavLightPWM_PM.c ****     {
  66:.\Generated_Source\PSoC4/NavLightPWM_PM.c ****         NavLightPWM_backup.enableState = 0u;
  59              		.loc 1 66 0
  60 0010 0A70     		strb	r2, [r1]
  67:.\Generated_Source\PSoC4/NavLightPWM_PM.c ****     }
  68:.\Generated_Source\PSoC4/NavLightPWM_PM.c **** 
  69:.\Generated_Source\PSoC4/NavLightPWM_PM.c ****     NavLightPWM_Stop();
  70:.\Generated_Source\PSoC4/NavLightPWM_PM.c ****     NavLightPWM_SaveConfig();
  71:.\Generated_Source\PSoC4/NavLightPWM_PM.c **** }
  61              		.loc 1 71 0
  62              		@ sp needed for prologue
  69:.\Generated_Source\PSoC4/NavLightPWM_PM.c ****     NavLightPWM_Stop();
  63              		.loc 1 69 0
  64 0012 FFF7FEFF 		bl	NavLightPWM_Stop
  65              	.LVL0:
  66              		.loc 1 71 0
  67 0016 08BD     		pop	{r3, pc}
  68              	.L7:
  69              		.align	2
  70              	.L6:
  71 0018 00000540 		.word	1074069504
  72 001c 00000000 		.word	.LANCHOR0
  73              		.cfi_endproc
  74              	.LFE1:
  75              		.size	NavLightPWM_Sleep, .-NavLightPWM_Sleep
  76              		.section	.text.NavLightPWM_RestoreConfig,"ax",%progbits
  77              		.align	1
  78              		.global	NavLightPWM_RestoreConfig
  79              		.code	16
  80              		.thumb_func
  81              		.type	NavLightPWM_RestoreConfig, %function
  82              	NavLightPWM_RestoreConfig:
  83              	.LFB2:
  72:.\Generated_Source\PSoC4/NavLightPWM_PM.c **** 
  73:.\Generated_Source\PSoC4/NavLightPWM_PM.c **** 
  74:.\Generated_Source\PSoC4/NavLightPWM_PM.c **** /*******************************************************************************
  75:.\Generated_Source\PSoC4/NavLightPWM_PM.c **** * Function Name: NavLightPWM_RestoreConfig
  76:.\Generated_Source\PSoC4/NavLightPWM_PM.c **** ********************************************************************************
  77:.\Generated_Source\PSoC4/NavLightPWM_PM.c **** *
  78:.\Generated_Source\PSoC4/NavLightPWM_PM.c **** * Summary:
  79:.\Generated_Source\PSoC4/NavLightPWM_PM.c **** *  All configuration registers are retention. Nothing to restore here.
  80:.\Generated_Source\PSoC4/NavLightPWM_PM.c **** *
  81:.\Generated_Source\PSoC4/NavLightPWM_PM.c **** * Parameters:
  82:.\Generated_Source\PSoC4/NavLightPWM_PM.c **** *  None
  83:.\Generated_Source\PSoC4/NavLightPWM_PM.c **** *
  84:.\Generated_Source\PSoC4/NavLightPWM_PM.c **** * Return:
  85:.\Generated_Source\PSoC4/NavLightPWM_PM.c **** *  None
  86:.\Generated_Source\PSoC4/NavLightPWM_PM.c **** *
  87:.\Generated_Source\PSoC4/NavLightPWM_PM.c **** *******************************************************************************/
ARM GAS  C:\Users\SNFU\AppData\Local\Temp\cc6l1t23.s 			page 4


  88:.\Generated_Source\PSoC4/NavLightPWM_PM.c **** void NavLightPWM_RestoreConfig(void)
  89:.\Generated_Source\PSoC4/NavLightPWM_PM.c **** {
  84              		.loc 1 89 0
  85              		.cfi_startproc
  90:.\Generated_Source\PSoC4/NavLightPWM_PM.c **** 
  91:.\Generated_Source\PSoC4/NavLightPWM_PM.c **** }
  86              		.loc 1 91 0
  87              		@ sp needed for prologue
  88 0000 7047     		bx	lr
  89              		.cfi_endproc
  90              	.LFE2:
  91              		.size	NavLightPWM_RestoreConfig, .-NavLightPWM_RestoreConfig
  92              		.section	.text.NavLightPWM_Wakeup,"ax",%progbits
  93              		.align	1
  94              		.global	NavLightPWM_Wakeup
  95              		.code	16
  96              		.thumb_func
  97              		.type	NavLightPWM_Wakeup, %function
  98              	NavLightPWM_Wakeup:
  99              	.LFB3:
  92:.\Generated_Source\PSoC4/NavLightPWM_PM.c **** 
  93:.\Generated_Source\PSoC4/NavLightPWM_PM.c **** 
  94:.\Generated_Source\PSoC4/NavLightPWM_PM.c **** /*******************************************************************************
  95:.\Generated_Source\PSoC4/NavLightPWM_PM.c **** * Function Name: NavLightPWM_Wakeup
  96:.\Generated_Source\PSoC4/NavLightPWM_PM.c **** ********************************************************************************
  97:.\Generated_Source\PSoC4/NavLightPWM_PM.c **** *
  98:.\Generated_Source\PSoC4/NavLightPWM_PM.c **** * Summary:
  99:.\Generated_Source\PSoC4/NavLightPWM_PM.c **** *  Restores the user configuration and restores the enable state.
 100:.\Generated_Source\PSoC4/NavLightPWM_PM.c **** *
 101:.\Generated_Source\PSoC4/NavLightPWM_PM.c **** * Parameters:
 102:.\Generated_Source\PSoC4/NavLightPWM_PM.c **** *  None
 103:.\Generated_Source\PSoC4/NavLightPWM_PM.c **** *
 104:.\Generated_Source\PSoC4/NavLightPWM_PM.c **** * Return:
 105:.\Generated_Source\PSoC4/NavLightPWM_PM.c **** *  None
 106:.\Generated_Source\PSoC4/NavLightPWM_PM.c **** *
 107:.\Generated_Source\PSoC4/NavLightPWM_PM.c **** *******************************************************************************/
 108:.\Generated_Source\PSoC4/NavLightPWM_PM.c **** void NavLightPWM_Wakeup(void)
 109:.\Generated_Source\PSoC4/NavLightPWM_PM.c **** {
 100              		.loc 1 109 0
 101              		.cfi_startproc
 102 0000 08B5     		push	{r3, lr}
 103              	.LCFI1:
 104              		.cfi_def_cfa_offset 8
 105              		.cfi_offset 3, -8
 106              		.cfi_offset 14, -4
 110:.\Generated_Source\PSoC4/NavLightPWM_PM.c ****     NavLightPWM_RestoreConfig();
 111:.\Generated_Source\PSoC4/NavLightPWM_PM.c **** 
 112:.\Generated_Source\PSoC4/NavLightPWM_PM.c ****     if(0u != NavLightPWM_backup.enableState)
 107              		.loc 1 112 0
 108 0002 034B     		ldr	r3, .L14
 109 0004 1878     		ldrb	r0, [r3]
 110 0006 0028     		cmp	r0, #0
 111 0008 01D0     		beq	.L9
 113:.\Generated_Source\PSoC4/NavLightPWM_PM.c ****     {
 114:.\Generated_Source\PSoC4/NavLightPWM_PM.c ****         NavLightPWM_Enable();
 112              		.loc 1 114 0
 113 000a FFF7FEFF 		bl	NavLightPWM_Enable
ARM GAS  C:\Users\SNFU\AppData\Local\Temp\cc6l1t23.s 			page 5


 114              	.LVL1:
 115              	.L9:
 115:.\Generated_Source\PSoC4/NavLightPWM_PM.c ****     }
 116:.\Generated_Source\PSoC4/NavLightPWM_PM.c **** }
 116              		.loc 1 116 0
 117              		@ sp needed for prologue
 118 000e 08BD     		pop	{r3, pc}
 119              	.L15:
 120              		.align	2
 121              	.L14:
 122 0010 00000000 		.word	.LANCHOR0
 123              		.cfi_endproc
 124              	.LFE3:
 125              		.size	NavLightPWM_Wakeup, .-NavLightPWM_Wakeup
 126              		.bss
 127              		.set	.LANCHOR0,. + 0
 128              		.type	NavLightPWM_backup, %object
 129              		.size	NavLightPWM_backup, 1
 130              	NavLightPWM_backup:
 131 0000 00       		.space	1
 132              		.text
 133              	.Letext0:
 134              		.file 2 ".\\Generated_Source\\PSoC4\\cytypes.h"
 135              		.file 3 ".\\Generated_Source\\PSoC4\\NavLightPWM.h"
 136              		.section	.debug_info,"",%progbits
 137              	.Ldebug_info0:
 138 0000 6E010000 		.4byte	0x16e
 139 0004 0200     		.2byte	0x2
 140 0006 00000000 		.4byte	.Ldebug_abbrev0
 141 000a 04       		.byte	0x4
 142 000b 01       		.uleb128 0x1
 143 000c B7010000 		.4byte	.LASF22
 144 0010 01       		.byte	0x1
 145 0011 40010000 		.4byte	.LASF23
 146 0015 5E000000 		.4byte	.LASF24
 147 0019 00000000 		.4byte	.Ldebug_ranges0+0
 148 001d 00000000 		.4byte	0
 149 0021 00000000 		.4byte	0
 150 0025 00000000 		.4byte	.Ldebug_line0
 151 0029 02       		.uleb128 0x2
 152 002a 01       		.byte	0x1
 153 002b 06       		.byte	0x6
 154 002c 15020000 		.4byte	.LASF0
 155 0030 02       		.uleb128 0x2
 156 0031 01       		.byte	0x1
 157 0032 08       		.byte	0x8
 158 0033 C8000000 		.4byte	.LASF1
 159 0037 02       		.uleb128 0x2
 160 0038 02       		.byte	0x2
 161 0039 05       		.byte	0x5
 162 003a A7010000 		.4byte	.LASF2
 163 003e 02       		.uleb128 0x2
 164 003f 02       		.byte	0x2
 165 0040 07       		.byte	0x7
 166 0041 FB000000 		.4byte	.LASF3
 167 0045 02       		.uleb128 0x2
 168 0046 04       		.byte	0x4
ARM GAS  C:\Users\SNFU\AppData\Local\Temp\cc6l1t23.s 			page 6


 169 0047 05       		.byte	0x5
 170 0048 00020000 		.4byte	.LASF4
 171 004c 02       		.uleb128 0x2
 172 004d 04       		.byte	0x4
 173 004e 07       		.byte	0x7
 174 004f E9000000 		.4byte	.LASF5
 175 0053 02       		.uleb128 0x2
 176 0054 08       		.byte	0x8
 177 0055 05       		.byte	0x5
 178 0056 81010000 		.4byte	.LASF6
 179 005a 02       		.uleb128 0x2
 180 005b 08       		.byte	0x8
 181 005c 07       		.byte	0x7
 182 005d 29010000 		.4byte	.LASF7
 183 0061 03       		.uleb128 0x3
 184 0062 04       		.byte	0x4
 185 0063 05       		.byte	0x5
 186 0064 696E7400 		.ascii	"int\000"
 187 0068 02       		.uleb128 0x2
 188 0069 04       		.byte	0x4
 189 006a 07       		.byte	0x7
 190 006b 1C010000 		.4byte	.LASF8
 191 006f 04       		.uleb128 0x4
 192 0070 B1010000 		.4byte	.LASF9
 193 0074 02       		.byte	0x2
 194 0075 5B       		.byte	0x5b
 195 0076 30000000 		.4byte	0x30
 196 007a 04       		.uleb128 0x4
 197 007b 15010000 		.4byte	.LASF10
 198 007f 02       		.byte	0x2
 199 0080 5D       		.byte	0x5d
 200 0081 4C000000 		.4byte	0x4c
 201 0085 02       		.uleb128 0x2
 202 0086 04       		.byte	0x4
 203 0087 04       		.byte	0x4
 204 0088 B0000000 		.4byte	.LASF11
 205 008c 02       		.uleb128 0x2
 206 008d 08       		.byte	0x8
 207 008e 04       		.byte	0x4
 208 008f 0E010000 		.4byte	.LASF12
 209 0093 02       		.uleb128 0x2
 210 0094 01       		.byte	0x1
 211 0095 08       		.byte	0x8
 212 0096 8F010000 		.4byte	.LASF13
 213 009a 04       		.uleb128 0x4
 214 009b 00000000 		.4byte	.LASF14
 215 009f 02       		.byte	0x2
 216 00a0 F2       		.byte	0xf2
 217 00a1 A5000000 		.4byte	0xa5
 218 00a5 05       		.uleb128 0x5
 219 00a6 7A000000 		.4byte	0x7a
 220 00aa 06       		.uleb128 0x6
 221 00ab 01       		.byte	0x1
 222 00ac 03       		.byte	0x3
 223 00ad 1F       		.byte	0x1f
 224 00ae C1000000 		.4byte	0xc1
 225 00b2 07       		.uleb128 0x7
ARM GAS  C:\Users\SNFU\AppData\Local\Temp\cc6l1t23.s 			page 7


 226 00b3 09020000 		.4byte	.LASF25
 227 00b7 03       		.byte	0x3
 228 00b8 21       		.byte	0x21
 229 00b9 6F000000 		.4byte	0x6f
 230 00bd 02       		.byte	0x2
 231 00be 23       		.byte	0x23
 232 00bf 00       		.uleb128 0
 233 00c0 00       		.byte	0
 234 00c1 04       		.uleb128 0x4
 235 00c2 06000000 		.4byte	.LASF15
 236 00c6 03       		.byte	0x3
 237 00c7 22       		.byte	0x22
 238 00c8 AA000000 		.4byte	0xaa
 239 00cc 08       		.uleb128 0x8
 240 00cd 01       		.byte	0x1
 241 00ce 6A010000 		.4byte	.LASF16
 242 00d2 01       		.byte	0x1
 243 00d3 26       		.byte	0x26
 244 00d4 01       		.byte	0x1
 245 00d5 01       		.byte	0x1
 246 00d6 08       		.uleb128 0x8
 247 00d7 01       		.byte	0x1
 248 00d8 44000000 		.4byte	.LASF17
 249 00dc 01       		.byte	0x1
 250 00dd 58       		.byte	0x58
 251 00de 01       		.byte	0x1
 252 00df 01       		.byte	0x1
 253 00e0 09       		.uleb128 0x9
 254 00e1 CC000000 		.4byte	0xcc
 255 00e5 00000000 		.4byte	.LFB0
 256 00e9 02000000 		.4byte	.LFE0
 257 00ed 02       		.byte	0x2
 258 00ee 7D       		.byte	0x7d
 259 00ef 00       		.sleb128 0
 260 00f0 01       		.byte	0x1
 261 00f1 0A       		.uleb128 0xa
 262 00f2 01       		.byte	0x1
 263 00f3 B6000000 		.4byte	.LASF18
 264 00f7 01       		.byte	0x1
 265 00f8 3A       		.byte	0x3a
 266 00f9 01       		.byte	0x1
 267 00fa 00000000 		.4byte	.LFB1
 268 00fe 20000000 		.4byte	.LFE1
 269 0102 00000000 		.4byte	.LLST0
 270 0106 01       		.byte	0x1
 271 0107 15010000 		.4byte	0x115
 272 010b 0B       		.uleb128 0xb
 273 010c 16000000 		.4byte	.LVL0
 274 0110 5B010000 		.4byte	0x15b
 275 0114 00       		.byte	0
 276 0115 09       		.uleb128 0x9
 277 0116 D6000000 		.4byte	0xd6
 278 011a 00000000 		.4byte	.LFB2
 279 011e 02000000 		.4byte	.LFE2
 280 0122 02       		.byte	0x2
 281 0123 7D       		.byte	0x7d
 282 0124 00       		.sleb128 0
ARM GAS  C:\Users\SNFU\AppData\Local\Temp\cc6l1t23.s 			page 8


 283 0125 01       		.byte	0x1
 284 0126 0A       		.uleb128 0xa
 285 0127 01       		.byte	0x1
 286 0128 D6000000 		.4byte	.LASF19
 287 012c 01       		.byte	0x1
 288 012d 6C       		.byte	0x6c
 289 012e 01       		.byte	0x1
 290 012f 00000000 		.4byte	.LFB3
 291 0133 14000000 		.4byte	.LFE3
 292 0137 20000000 		.4byte	.LLST1
 293 013b 01       		.byte	0x1
 294 013c 4A010000 		.4byte	0x14a
 295 0140 0B       		.uleb128 0xb
 296 0141 0E000000 		.4byte	.LVL1
 297 0145 66010000 		.4byte	0x166
 298 0149 00       		.byte	0
 299 014a 0C       		.uleb128 0xc
 300 014b 20000000 		.4byte	.LASF26
 301 014f 01       		.byte	0x1
 302 0150 15       		.byte	0x15
 303 0151 C1000000 		.4byte	0xc1
 304 0155 05       		.byte	0x5
 305 0156 03       		.byte	0x3
 306 0157 00000000 		.4byte	NavLightPWM_backup
 307 015b 0D       		.uleb128 0xd
 308 015c 01       		.byte	0x1
 309 015d 33000000 		.4byte	.LASF20
 310 0161 03       		.byte	0x3
 311 0162 2201     		.2byte	0x122
 312 0164 01       		.byte	0x1
 313 0165 01       		.byte	0x1
 314 0166 0D       		.uleb128 0xd
 315 0167 01       		.byte	0x1
 316 0168 94010000 		.4byte	.LASF21
 317 016c 03       		.byte	0x3
 318 016d 2001     		.2byte	0x120
 319 016f 01       		.byte	0x1
 320 0170 01       		.byte	0x1
 321 0171 00       		.byte	0
 322              		.section	.debug_abbrev,"",%progbits
 323              	.Ldebug_abbrev0:
 324 0000 01       		.uleb128 0x1
 325 0001 11       		.uleb128 0x11
 326 0002 01       		.byte	0x1
 327 0003 25       		.uleb128 0x25
 328 0004 0E       		.uleb128 0xe
 329 0005 13       		.uleb128 0x13
 330 0006 0B       		.uleb128 0xb
 331 0007 03       		.uleb128 0x3
 332 0008 0E       		.uleb128 0xe
 333 0009 1B       		.uleb128 0x1b
 334 000a 0E       		.uleb128 0xe
 335 000b 55       		.uleb128 0x55
 336 000c 06       		.uleb128 0x6
 337 000d 11       		.uleb128 0x11
 338 000e 01       		.uleb128 0x1
 339 000f 52       		.uleb128 0x52
ARM GAS  C:\Users\SNFU\AppData\Local\Temp\cc6l1t23.s 			page 9


 340 0010 01       		.uleb128 0x1
 341 0011 10       		.uleb128 0x10
 342 0012 06       		.uleb128 0x6
 343 0013 00       		.byte	0
 344 0014 00       		.byte	0
 345 0015 02       		.uleb128 0x2
 346 0016 24       		.uleb128 0x24
 347 0017 00       		.byte	0
 348 0018 0B       		.uleb128 0xb
 349 0019 0B       		.uleb128 0xb
 350 001a 3E       		.uleb128 0x3e
 351 001b 0B       		.uleb128 0xb
 352 001c 03       		.uleb128 0x3
 353 001d 0E       		.uleb128 0xe
 354 001e 00       		.byte	0
 355 001f 00       		.byte	0
 356 0020 03       		.uleb128 0x3
 357 0021 24       		.uleb128 0x24
 358 0022 00       		.byte	0
 359 0023 0B       		.uleb128 0xb
 360 0024 0B       		.uleb128 0xb
 361 0025 3E       		.uleb128 0x3e
 362 0026 0B       		.uleb128 0xb
 363 0027 03       		.uleb128 0x3
 364 0028 08       		.uleb128 0x8
 365 0029 00       		.byte	0
 366 002a 00       		.byte	0
 367 002b 04       		.uleb128 0x4
 368 002c 16       		.uleb128 0x16
 369 002d 00       		.byte	0
 370 002e 03       		.uleb128 0x3
 371 002f 0E       		.uleb128 0xe
 372 0030 3A       		.uleb128 0x3a
 373 0031 0B       		.uleb128 0xb
 374 0032 3B       		.uleb128 0x3b
 375 0033 0B       		.uleb128 0xb
 376 0034 49       		.uleb128 0x49
 377 0035 13       		.uleb128 0x13
 378 0036 00       		.byte	0
 379 0037 00       		.byte	0
 380 0038 05       		.uleb128 0x5
 381 0039 35       		.uleb128 0x35
 382 003a 00       		.byte	0
 383 003b 49       		.uleb128 0x49
 384 003c 13       		.uleb128 0x13
 385 003d 00       		.byte	0
 386 003e 00       		.byte	0
 387 003f 06       		.uleb128 0x6
 388 0040 13       		.uleb128 0x13
 389 0041 01       		.byte	0x1
 390 0042 0B       		.uleb128 0xb
 391 0043 0B       		.uleb128 0xb
 392 0044 3A       		.uleb128 0x3a
 393 0045 0B       		.uleb128 0xb
 394 0046 3B       		.uleb128 0x3b
 395 0047 0B       		.uleb128 0xb
 396 0048 01       		.uleb128 0x1
ARM GAS  C:\Users\SNFU\AppData\Local\Temp\cc6l1t23.s 			page 10


 397 0049 13       		.uleb128 0x13
 398 004a 00       		.byte	0
 399 004b 00       		.byte	0
 400 004c 07       		.uleb128 0x7
 401 004d 0D       		.uleb128 0xd
 402 004e 00       		.byte	0
 403 004f 03       		.uleb128 0x3
 404 0050 0E       		.uleb128 0xe
 405 0051 3A       		.uleb128 0x3a
 406 0052 0B       		.uleb128 0xb
 407 0053 3B       		.uleb128 0x3b
 408 0054 0B       		.uleb128 0xb
 409 0055 49       		.uleb128 0x49
 410 0056 13       		.uleb128 0x13
 411 0057 38       		.uleb128 0x38
 412 0058 0A       		.uleb128 0xa
 413 0059 00       		.byte	0
 414 005a 00       		.byte	0
 415 005b 08       		.uleb128 0x8
 416 005c 2E       		.uleb128 0x2e
 417 005d 00       		.byte	0
 418 005e 3F       		.uleb128 0x3f
 419 005f 0C       		.uleb128 0xc
 420 0060 03       		.uleb128 0x3
 421 0061 0E       		.uleb128 0xe
 422 0062 3A       		.uleb128 0x3a
 423 0063 0B       		.uleb128 0xb
 424 0064 3B       		.uleb128 0x3b
 425 0065 0B       		.uleb128 0xb
 426 0066 27       		.uleb128 0x27
 427 0067 0C       		.uleb128 0xc
 428 0068 20       		.uleb128 0x20
 429 0069 0B       		.uleb128 0xb
 430 006a 00       		.byte	0
 431 006b 00       		.byte	0
 432 006c 09       		.uleb128 0x9
 433 006d 2E       		.uleb128 0x2e
 434 006e 00       		.byte	0
 435 006f 31       		.uleb128 0x31
 436 0070 13       		.uleb128 0x13
 437 0071 11       		.uleb128 0x11
 438 0072 01       		.uleb128 0x1
 439 0073 12       		.uleb128 0x12
 440 0074 01       		.uleb128 0x1
 441 0075 40       		.uleb128 0x40
 442 0076 0A       		.uleb128 0xa
 443 0077 9742     		.uleb128 0x2117
 444 0079 0C       		.uleb128 0xc
 445 007a 00       		.byte	0
 446 007b 00       		.byte	0
 447 007c 0A       		.uleb128 0xa
 448 007d 2E       		.uleb128 0x2e
 449 007e 01       		.byte	0x1
 450 007f 3F       		.uleb128 0x3f
 451 0080 0C       		.uleb128 0xc
 452 0081 03       		.uleb128 0x3
 453 0082 0E       		.uleb128 0xe
ARM GAS  C:\Users\SNFU\AppData\Local\Temp\cc6l1t23.s 			page 11


 454 0083 3A       		.uleb128 0x3a
 455 0084 0B       		.uleb128 0xb
 456 0085 3B       		.uleb128 0x3b
 457 0086 0B       		.uleb128 0xb
 458 0087 27       		.uleb128 0x27
 459 0088 0C       		.uleb128 0xc
 460 0089 11       		.uleb128 0x11
 461 008a 01       		.uleb128 0x1
 462 008b 12       		.uleb128 0x12
 463 008c 01       		.uleb128 0x1
 464 008d 40       		.uleb128 0x40
 465 008e 06       		.uleb128 0x6
 466 008f 9742     		.uleb128 0x2117
 467 0091 0C       		.uleb128 0xc
 468 0092 01       		.uleb128 0x1
 469 0093 13       		.uleb128 0x13
 470 0094 00       		.byte	0
 471 0095 00       		.byte	0
 472 0096 0B       		.uleb128 0xb
 473 0097 898201   		.uleb128 0x4109
 474 009a 00       		.byte	0
 475 009b 11       		.uleb128 0x11
 476 009c 01       		.uleb128 0x1
 477 009d 31       		.uleb128 0x31
 478 009e 13       		.uleb128 0x13
 479 009f 00       		.byte	0
 480 00a0 00       		.byte	0
 481 00a1 0C       		.uleb128 0xc
 482 00a2 34       		.uleb128 0x34
 483 00a3 00       		.byte	0
 484 00a4 03       		.uleb128 0x3
 485 00a5 0E       		.uleb128 0xe
 486 00a6 3A       		.uleb128 0x3a
 487 00a7 0B       		.uleb128 0xb
 488 00a8 3B       		.uleb128 0x3b
 489 00a9 0B       		.uleb128 0xb
 490 00aa 49       		.uleb128 0x49
 491 00ab 13       		.uleb128 0x13
 492 00ac 02       		.uleb128 0x2
 493 00ad 0A       		.uleb128 0xa
 494 00ae 00       		.byte	0
 495 00af 00       		.byte	0
 496 00b0 0D       		.uleb128 0xd
 497 00b1 2E       		.uleb128 0x2e
 498 00b2 00       		.byte	0
 499 00b3 3F       		.uleb128 0x3f
 500 00b4 0C       		.uleb128 0xc
 501 00b5 03       		.uleb128 0x3
 502 00b6 0E       		.uleb128 0xe
 503 00b7 3A       		.uleb128 0x3a
 504 00b8 0B       		.uleb128 0xb
 505 00b9 3B       		.uleb128 0x3b
 506 00ba 05       		.uleb128 0x5
 507 00bb 27       		.uleb128 0x27
 508 00bc 0C       		.uleb128 0xc
 509 00bd 3C       		.uleb128 0x3c
 510 00be 0C       		.uleb128 0xc
ARM GAS  C:\Users\SNFU\AppData\Local\Temp\cc6l1t23.s 			page 12


 511 00bf 00       		.byte	0
 512 00c0 00       		.byte	0
 513 00c1 00       		.byte	0
 514              		.section	.debug_loc,"",%progbits
 515              	.Ldebug_loc0:
 516              	.LLST0:
 517 0000 00000000 		.4byte	.LFB1
 518 0004 02000000 		.4byte	.LCFI0
 519 0008 0200     		.2byte	0x2
 520 000a 7D       		.byte	0x7d
 521 000b 00       		.sleb128 0
 522 000c 02000000 		.4byte	.LCFI0
 523 0010 20000000 		.4byte	.LFE1
 524 0014 0200     		.2byte	0x2
 525 0016 7D       		.byte	0x7d
 526 0017 08       		.sleb128 8
 527 0018 00000000 		.4byte	0
 528 001c 00000000 		.4byte	0
 529              	.LLST1:
 530 0020 00000000 		.4byte	.LFB3
 531 0024 02000000 		.4byte	.LCFI1
 532 0028 0200     		.2byte	0x2
 533 002a 7D       		.byte	0x7d
 534 002b 00       		.sleb128 0
 535 002c 02000000 		.4byte	.LCFI1
 536 0030 14000000 		.4byte	.LFE3
 537 0034 0200     		.2byte	0x2
 538 0036 7D       		.byte	0x7d
 539 0037 08       		.sleb128 8
 540 0038 00000000 		.4byte	0
 541 003c 00000000 		.4byte	0
 542              		.section	.debug_aranges,"",%progbits
 543 0000 34000000 		.4byte	0x34
 544 0004 0200     		.2byte	0x2
 545 0006 00000000 		.4byte	.Ldebug_info0
 546 000a 04       		.byte	0x4
 547 000b 00       		.byte	0
 548 000c 0000     		.2byte	0
 549 000e 0000     		.2byte	0
 550 0010 00000000 		.4byte	.LFB0
 551 0014 02000000 		.4byte	.LFE0-.LFB0
 552 0018 00000000 		.4byte	.LFB1
 553 001c 20000000 		.4byte	.LFE1-.LFB1
 554 0020 00000000 		.4byte	.LFB2
 555 0024 02000000 		.4byte	.LFE2-.LFB2
 556 0028 00000000 		.4byte	.LFB3
 557 002c 14000000 		.4byte	.LFE3-.LFB3
 558 0030 00000000 		.4byte	0
 559 0034 00000000 		.4byte	0
 560              		.section	.debug_ranges,"",%progbits
 561              	.Ldebug_ranges0:
 562 0000 00000000 		.4byte	.LFB0
 563 0004 02000000 		.4byte	.LFE0
 564 0008 00000000 		.4byte	.LFB1
 565 000c 20000000 		.4byte	.LFE1
 566 0010 00000000 		.4byte	.LFB2
 567 0014 02000000 		.4byte	.LFE2
ARM GAS  C:\Users\SNFU\AppData\Local\Temp\cc6l1t23.s 			page 13


 568 0018 00000000 		.4byte	.LFB3
 569 001c 14000000 		.4byte	.LFE3
 570 0020 00000000 		.4byte	0
 571 0024 00000000 		.4byte	0
 572              		.section	.debug_line,"",%progbits
 573              	.Ldebug_line0:
 574 0000 AD000000 		.section	.debug_str,"MS",%progbits,1
 574      02005E00 
 574      00000201 
 574      FB0E0D00 
 574      01010101 
 575              	.LASF14:
 576 0000 72656733 		.ascii	"reg32\000"
 576      3200
 577              	.LASF15:
 578 0006 4E61764C 		.ascii	"NavLightPWM_BACKUP_STRUCT\000"
 578      69676874 
 578      50574D5F 
 578      4241434B 
 578      55505F53 
 579              	.LASF26:
 580 0020 4E61764C 		.ascii	"NavLightPWM_backup\000"
 580      69676874 
 580      50574D5F 
 580      6261636B 
 580      757000
 581              	.LASF20:
 582 0033 4E61764C 		.ascii	"NavLightPWM_Stop\000"
 582      69676874 
 582      50574D5F 
 582      53746F70 
 582      00
 583              	.LASF17:
 584 0044 4E61764C 		.ascii	"NavLightPWM_RestoreConfig\000"
 584      69676874 
 584      50574D5F 
 584      52657374 
 584      6F726543 
 585              	.LASF24:
 586 005e 433A5C55 		.ascii	"C:\\Users\\SNFU\\Documents\\T-50_UAV_Project\\Softw"
 586      73657273 
 586      5C534E46 
 586      555C446F 
 586      63756D65 
 587 008c 6172655C 		.ascii	"are\\T-50_Project\\T-50_Project.cydsn\000"
 587      542D3530 
 587      5F50726F 
 587      6A656374 
 587      5C542D35 
 588              	.LASF11:
 589 00b0 666C6F61 		.ascii	"float\000"
 589      7400
 590              	.LASF18:
 591 00b6 4E61764C 		.ascii	"NavLightPWM_Sleep\000"
 591      69676874 
 591      50574D5F 
 591      536C6565 
ARM GAS  C:\Users\SNFU\AppData\Local\Temp\cc6l1t23.s 			page 14


 591      7000
 592              	.LASF1:
 593 00c8 756E7369 		.ascii	"unsigned char\000"
 593      676E6564 
 593      20636861 
 593      7200
 594              	.LASF19:
 595 00d6 4E61764C 		.ascii	"NavLightPWM_Wakeup\000"
 595      69676874 
 595      50574D5F 
 595      57616B65 
 595      757000
 596              	.LASF5:
 597 00e9 6C6F6E67 		.ascii	"long unsigned int\000"
 597      20756E73 
 597      69676E65 
 597      6420696E 
 597      7400
 598              	.LASF3:
 599 00fb 73686F72 		.ascii	"short unsigned int\000"
 599      7420756E 
 599      7369676E 
 599      65642069 
 599      6E7400
 600              	.LASF12:
 601 010e 646F7562 		.ascii	"double\000"
 601      6C6500
 602              	.LASF10:
 603 0115 75696E74 		.ascii	"uint32\000"
 603      333200
 604              	.LASF8:
 605 011c 756E7369 		.ascii	"unsigned int\000"
 605      676E6564 
 605      20696E74 
 605      00
 606              	.LASF7:
 607 0129 6C6F6E67 		.ascii	"long long unsigned int\000"
 607      206C6F6E 
 607      6720756E 
 607      7369676E 
 607      65642069 
 608              	.LASF23:
 609 0140 2E5C4765 		.ascii	".\\Generated_Source\\PSoC4\\NavLightPWM_PM.c\000"
 609      6E657261 
 609      7465645F 
 609      536F7572 
 609      63655C50 
 610              	.LASF16:
 611 016a 4E61764C 		.ascii	"NavLightPWM_SaveConfig\000"
 611      69676874 
 611      50574D5F 
 611      53617665 
 611      436F6E66 
 612              	.LASF6:
 613 0181 6C6F6E67 		.ascii	"long long int\000"
 613      206C6F6E 
 613      6720696E 
ARM GAS  C:\Users\SNFU\AppData\Local\Temp\cc6l1t23.s 			page 15


 613      7400
 614              	.LASF13:
 615 018f 63686172 		.ascii	"char\000"
 615      00
 616              	.LASF21:
 617 0194 4E61764C 		.ascii	"NavLightPWM_Enable\000"
 617      69676874 
 617      50574D5F 
 617      456E6162 
 617      6C6500
 618              	.LASF2:
 619 01a7 73686F72 		.ascii	"short int\000"
 619      7420696E 
 619      7400
 620              	.LASF9:
 621 01b1 75696E74 		.ascii	"uint8\000"
 621      3800
 622              	.LASF22:
 623 01b7 474E5520 		.ascii	"GNU C 4.7.3 20130312 (release) [ARM/embedded-4_7-br"
 623      4320342E 
 623      372E3320 
 623      32303133 
 623      30333132 
 624 01ea 616E6368 		.ascii	"anch revision 196615]\000"
 624      20726576 
 624      6973696F 
 624      6E203139 
 624      36363135 
 625              	.LASF4:
 626 0200 6C6F6E67 		.ascii	"long int\000"
 626      20696E74 
 626      00
 627              	.LASF25:
 628 0209 656E6162 		.ascii	"enableState\000"
 628      6C655374 
 628      61746500 
 629              	.LASF0:
 630 0215 7369676E 		.ascii	"signed char\000"
 630      65642063 
 630      68617200 
 631              		.ident	"GCC: (GNU Tools for ARM Embedded Processors) 4.7.3 20130312 (release) [ARM/embedded-4_7-br
