ARM GAS  C:\Users\Sven\AppData\Local\Temp\ccFWDBZ5.s 			page 1


   1              		.cpu cortex-m0
   2              		.fpu softvfp
   3              		.eabi_attribute 20, 1
   4              		.eabi_attribute 21, 1
   5              		.eabi_attribute 23, 3
   6              		.eabi_attribute 24, 1
   7              		.eabi_attribute 25, 1
   8              		.eabi_attribute 26, 1
   9              		.eabi_attribute 30, 4
  10              		.eabi_attribute 34, 0
  11              		.eabi_attribute 18, 4
  12              		.code	16
  13              		.file	"ADC_INT.c"
  14              		.text
  15              	.Ltext0:
  16              		.cfi_sections	.debug_frame
  17              		.section	.text.ADC_ISR,"ax",%progbits
  18              		.align	1
  19              		.global	ADC_ISR
  20              		.code	16
  21              		.thumb_func
  22              		.type	ADC_ISR, %function
  23              	ADC_ISR:
  24              	.LFB0:
  25              		.file 1 ".\\Generated_Source\\PSoC4\\ADC_INT.c"
   1:.\Generated_Source\PSoC4/ADC_INT.c **** /*******************************************************************************
   2:.\Generated_Source\PSoC4/ADC_INT.c **** * File Name: ADC_INT.c
   3:.\Generated_Source\PSoC4/ADC_INT.c **** * Version 2.0
   4:.\Generated_Source\PSoC4/ADC_INT.c **** *
   5:.\Generated_Source\PSoC4/ADC_INT.c **** *  Description:
   6:.\Generated_Source\PSoC4/ADC_INT.c **** *    This file contains the code that operates during the ADC_SAR interrupt
   7:.\Generated_Source\PSoC4/ADC_INT.c **** *    service routine.
   8:.\Generated_Source\PSoC4/ADC_INT.c **** *
   9:.\Generated_Source\PSoC4/ADC_INT.c **** *   Note:
  10:.\Generated_Source\PSoC4/ADC_INT.c **** *
  11:.\Generated_Source\PSoC4/ADC_INT.c **** ********************************************************************************
  12:.\Generated_Source\PSoC4/ADC_INT.c **** * Copyright 2008-2014, Cypress Semiconductor Corporation.  All rights reserved.
  13:.\Generated_Source\PSoC4/ADC_INT.c **** * You may use this file only in accordance with the license, terms, conditions,
  14:.\Generated_Source\PSoC4/ADC_INT.c **** * disclaimers, and limitations in the end user license agreement accompanying
  15:.\Generated_Source\PSoC4/ADC_INT.c **** * the software package with which this file was provided.
  16:.\Generated_Source\PSoC4/ADC_INT.c **** *******************************************************************************/
  17:.\Generated_Source\PSoC4/ADC_INT.c **** 
  18:.\Generated_Source\PSoC4/ADC_INT.c **** #include "ADC.h"
  19:.\Generated_Source\PSoC4/ADC_INT.c **** 
  20:.\Generated_Source\PSoC4/ADC_INT.c **** 
  21:.\Generated_Source\PSoC4/ADC_INT.c **** /******************************************************************************
  22:.\Generated_Source\PSoC4/ADC_INT.c **** * Custom Declarations and Variables
  23:.\Generated_Source\PSoC4/ADC_INT.c **** * - add user inlcude files, prototypes and variables between the following
  24:.\Generated_Source\PSoC4/ADC_INT.c **** *   #START and #END tags
  25:.\Generated_Source\PSoC4/ADC_INT.c **** ******************************************************************************/
  26:.\Generated_Source\PSoC4/ADC_INT.c **** /* `#START ADC_SYS_VAR`  */
  27:.\Generated_Source\PSoC4/ADC_INT.c **** 
  28:.\Generated_Source\PSoC4/ADC_INT.c **** /* `#END`  */
  29:.\Generated_Source\PSoC4/ADC_INT.c **** 
  30:.\Generated_Source\PSoC4/ADC_INT.c **** #if(ADC_IRQ_REMOVE == 0u)
  31:.\Generated_Source\PSoC4/ADC_INT.c **** 
  32:.\Generated_Source\PSoC4/ADC_INT.c **** 
ARM GAS  C:\Users\Sven\AppData\Local\Temp\ccFWDBZ5.s 			page 2


  33:.\Generated_Source\PSoC4/ADC_INT.c ****     /******************************************************************************
  34:.\Generated_Source\PSoC4/ADC_INT.c ****     * Function Name: ADC_ISR
  35:.\Generated_Source\PSoC4/ADC_INT.c ****     *******************************************************************************
  36:.\Generated_Source\PSoC4/ADC_INT.c ****     *
  37:.\Generated_Source\PSoC4/ADC_INT.c ****     * Summary:
  38:.\Generated_Source\PSoC4/ADC_INT.c ****     *  Handle Interrupt Service Routine.
  39:.\Generated_Source\PSoC4/ADC_INT.c ****     *
  40:.\Generated_Source\PSoC4/ADC_INT.c ****     * Parameters:
  41:.\Generated_Source\PSoC4/ADC_INT.c ****     *  None.
  42:.\Generated_Source\PSoC4/ADC_INT.c ****     *
  43:.\Generated_Source\PSoC4/ADC_INT.c ****     * Return:
  44:.\Generated_Source\PSoC4/ADC_INT.c ****     *  None.
  45:.\Generated_Source\PSoC4/ADC_INT.c ****     *
  46:.\Generated_Source\PSoC4/ADC_INT.c ****     * Reentrant:
  47:.\Generated_Source\PSoC4/ADC_INT.c ****     *  No.
  48:.\Generated_Source\PSoC4/ADC_INT.c ****     *
  49:.\Generated_Source\PSoC4/ADC_INT.c ****     ******************************************************************************/
  50:.\Generated_Source\PSoC4/ADC_INT.c ****     CY_ISR( ADC_ISR )
  51:.\Generated_Source\PSoC4/ADC_INT.c ****     {
  26              		.loc 1 51 0
  27              		.cfi_startproc
  52:.\Generated_Source\PSoC4/ADC_INT.c ****         uint32 intr_status;
  53:.\Generated_Source\PSoC4/ADC_INT.c **** 
  54:.\Generated_Source\PSoC4/ADC_INT.c ****         /* Read interrupt status register */
  55:.\Generated_Source\PSoC4/ADC_INT.c ****         intr_status = ADC_SAR_INTR_REG;
  28              		.loc 1 55 0
  29 0000 014B     		ldr	r3, .L2
  56:.\Generated_Source\PSoC4/ADC_INT.c **** 
  57:.\Generated_Source\PSoC4/ADC_INT.c ****         /************************************************************************
  58:.\Generated_Source\PSoC4/ADC_INT.c ****         *  Custom Code
  59:.\Generated_Source\PSoC4/ADC_INT.c ****         *  - add user ISR code between the following #START and #END tags
  60:.\Generated_Source\PSoC4/ADC_INT.c ****         *************************************************************************/
  61:.\Generated_Source\PSoC4/ADC_INT.c ****         /* `#START MAIN_ADC_ISR`  */
  62:.\Generated_Source\PSoC4/ADC_INT.c **** 
  63:.\Generated_Source\PSoC4/ADC_INT.c ****         /* `#END`  */
  64:.\Generated_Source\PSoC4/ADC_INT.c **** 
  65:.\Generated_Source\PSoC4/ADC_INT.c ****         /* Clear handled interrupt */
  66:.\Generated_Source\PSoC4/ADC_INT.c ****         ADC_SAR_INTR_REG = intr_status;
  67:.\Generated_Source\PSoC4/ADC_INT.c ****     }
  30              		.loc 1 67 0
  31              		@ sp needed
  55:.\Generated_Source\PSoC4/ADC_INT.c ****         intr_status = ADC_SAR_INTR_REG;
  32              		.loc 1 55 0
  33 0002 1A68     		ldr	r2, [r3]
  34              	.LVL0:
  66:.\Generated_Source\PSoC4/ADC_INT.c ****         ADC_SAR_INTR_REG = intr_status;
  35              		.loc 1 66 0
  36 0004 1A60     		str	r2, [r3]
  37              		.loc 1 67 0
  38 0006 7047     		bx	lr
  39              	.L3:
  40              		.align	2
  41              	.L2:
  42 0008 10021A40 		.word	1075446288
  43              		.cfi_endproc
  44              	.LFE0:
  45              		.size	ADC_ISR, .-ADC_ISR
ARM GAS  C:\Users\Sven\AppData\Local\Temp\ccFWDBZ5.s 			page 3


  46              		.text
  47              	.Letext0:
  48              		.file 2 ".\\Generated_Source\\PSoC4\\cytypes.h"
  49              		.section	.debug_info,"",%progbits
  50              	.Ldebug_info0:
  51 0000 BF000000 		.4byte	0xbf
  52 0004 0400     		.2byte	0x4
  53 0006 00000000 		.4byte	.Ldebug_abbrev0
  54 000a 04       		.byte	0x4
  55 000b 01       		.uleb128 0x1
  56 000c 9D000000 		.4byte	.LASF15
  57 0010 01       		.byte	0x1
  58 0011 54010000 		.4byte	.LASF16
  59 0015 22000000 		.4byte	.LASF17
  60 0019 00000000 		.4byte	.Ldebug_ranges0+0
  61 001d 00000000 		.4byte	0
  62 0021 00000000 		.4byte	.Ldebug_line0
  63 0025 02       		.uleb128 0x2
  64 0026 01       		.byte	0x1
  65 0027 06       		.byte	0x6
  66 0028 97010000 		.4byte	.LASF0
  67 002c 02       		.uleb128 0x2
  68 002d 01       		.byte	0x1
  69 002e 08       		.byte	0x8
  70 002f 38010000 		.4byte	.LASF1
  71 0033 02       		.uleb128 0x2
  72 0034 02       		.byte	0x2
  73 0035 05       		.byte	0x5
  74 0036 A9010000 		.4byte	.LASF2
  75 003a 02       		.uleb128 0x2
  76 003b 02       		.byte	0x2
  77 003c 07       		.byte	0x7
  78 003d 84010000 		.4byte	.LASF3
  79 0041 02       		.uleb128 0x2
  80 0042 04       		.byte	0x4
  81 0043 05       		.byte	0x5
  82 0044 4B010000 		.4byte	.LASF4
  83 0048 02       		.uleb128 0x2
  84 0049 04       		.byte	0x4
  85 004a 07       		.byte	0x7
  86 004b 74000000 		.4byte	.LASF5
  87 004f 02       		.uleb128 0x2
  88 0050 08       		.byte	0x8
  89 0051 05       		.byte	0x5
  90 0052 00000000 		.4byte	.LASF6
  91 0056 02       		.uleb128 0x2
  92 0057 08       		.byte	0x8
  93 0058 07       		.byte	0x7
  94 0059 86000000 		.4byte	.LASF7
  95 005d 03       		.uleb128 0x3
  96 005e 04       		.byte	0x4
  97 005f 05       		.byte	0x5
  98 0060 696E7400 		.ascii	"int\000"
  99 0064 02       		.uleb128 0x2
 100 0065 04       		.byte	0x4
 101 0066 07       		.byte	0x7
 102 0067 15000000 		.4byte	.LASF8
ARM GAS  C:\Users\Sven\AppData\Local\Temp\ccFWDBZ5.s 			page 4


 103 006b 04       		.uleb128 0x4
 104 006c 0E000000 		.4byte	.LASF12
 105 0070 02       		.byte	0x2
 106 0071 A3       		.byte	0xa3
 107 0072 48000000 		.4byte	0x48
 108 0076 02       		.uleb128 0x2
 109 0077 04       		.byte	0x4
 110 0078 04       		.byte	0x4
 111 0079 A3010000 		.4byte	.LASF9
 112 007d 02       		.uleb128 0x2
 113 007e 08       		.byte	0x8
 114 007f 04       		.byte	0x4
 115 0080 77010000 		.4byte	.LASF10
 116 0084 02       		.uleb128 0x2
 117 0085 01       		.byte	0x1
 118 0086 08       		.byte	0x8
 119 0087 46010000 		.4byte	.LASF11
 120 008b 05       		.uleb128 0x5
 121 008c 7E010000 		.4byte	.LASF13
 122 0090 02       		.byte	0x2
 123 0091 4D01     		.2byte	0x14d
 124 0093 97000000 		.4byte	0x97
 125 0097 06       		.uleb128 0x6
 126 0098 6B000000 		.4byte	0x6b
 127 009c 02       		.uleb128 0x2
 128 009d 04       		.byte	0x4
 129 009e 07       		.byte	0x7
 130 009f B3010000 		.4byte	.LASF14
 131 00a3 07       		.uleb128 0x7
 132 00a4 6C000000 		.4byte	.LASF18
 133 00a8 01       		.byte	0x1
 134 00a9 32       		.byte	0x32
 135 00aa 00000000 		.4byte	.LFB0
 136 00ae 0C000000 		.4byte	.LFE0-.LFB0
 137 00b2 01       		.uleb128 0x1
 138 00b3 9C       		.byte	0x9c
 139 00b4 08       		.uleb128 0x8
 140 00b5 2C010000 		.4byte	.LASF19
 141 00b9 01       		.byte	0x1
 142 00ba 34       		.byte	0x34
 143 00bb 6B000000 		.4byte	0x6b
 144 00bf 01       		.uleb128 0x1
 145 00c0 52       		.byte	0x52
 146 00c1 00       		.byte	0
 147 00c2 00       		.byte	0
 148              		.section	.debug_abbrev,"",%progbits
 149              	.Ldebug_abbrev0:
 150 0000 01       		.uleb128 0x1
 151 0001 11       		.uleb128 0x11
 152 0002 01       		.byte	0x1
 153 0003 25       		.uleb128 0x25
 154 0004 0E       		.uleb128 0xe
 155 0005 13       		.uleb128 0x13
 156 0006 0B       		.uleb128 0xb
 157 0007 03       		.uleb128 0x3
 158 0008 0E       		.uleb128 0xe
 159 0009 1B       		.uleb128 0x1b
ARM GAS  C:\Users\Sven\AppData\Local\Temp\ccFWDBZ5.s 			page 5


 160 000a 0E       		.uleb128 0xe
 161 000b 55       		.uleb128 0x55
 162 000c 17       		.uleb128 0x17
 163 000d 11       		.uleb128 0x11
 164 000e 01       		.uleb128 0x1
 165 000f 10       		.uleb128 0x10
 166 0010 17       		.uleb128 0x17
 167 0011 00       		.byte	0
 168 0012 00       		.byte	0
 169 0013 02       		.uleb128 0x2
 170 0014 24       		.uleb128 0x24
 171 0015 00       		.byte	0
 172 0016 0B       		.uleb128 0xb
 173 0017 0B       		.uleb128 0xb
 174 0018 3E       		.uleb128 0x3e
 175 0019 0B       		.uleb128 0xb
 176 001a 03       		.uleb128 0x3
 177 001b 0E       		.uleb128 0xe
 178 001c 00       		.byte	0
 179 001d 00       		.byte	0
 180 001e 03       		.uleb128 0x3
 181 001f 24       		.uleb128 0x24
 182 0020 00       		.byte	0
 183 0021 0B       		.uleb128 0xb
 184 0022 0B       		.uleb128 0xb
 185 0023 3E       		.uleb128 0x3e
 186 0024 0B       		.uleb128 0xb
 187 0025 03       		.uleb128 0x3
 188 0026 08       		.uleb128 0x8
 189 0027 00       		.byte	0
 190 0028 00       		.byte	0
 191 0029 04       		.uleb128 0x4
 192 002a 16       		.uleb128 0x16
 193 002b 00       		.byte	0
 194 002c 03       		.uleb128 0x3
 195 002d 0E       		.uleb128 0xe
 196 002e 3A       		.uleb128 0x3a
 197 002f 0B       		.uleb128 0xb
 198 0030 3B       		.uleb128 0x3b
 199 0031 0B       		.uleb128 0xb
 200 0032 49       		.uleb128 0x49
 201 0033 13       		.uleb128 0x13
 202 0034 00       		.byte	0
 203 0035 00       		.byte	0
 204 0036 05       		.uleb128 0x5
 205 0037 16       		.uleb128 0x16
 206 0038 00       		.byte	0
 207 0039 03       		.uleb128 0x3
 208 003a 0E       		.uleb128 0xe
 209 003b 3A       		.uleb128 0x3a
 210 003c 0B       		.uleb128 0xb
 211 003d 3B       		.uleb128 0x3b
 212 003e 05       		.uleb128 0x5
 213 003f 49       		.uleb128 0x49
 214 0040 13       		.uleb128 0x13
 215 0041 00       		.byte	0
 216 0042 00       		.byte	0
ARM GAS  C:\Users\Sven\AppData\Local\Temp\ccFWDBZ5.s 			page 6


 217 0043 06       		.uleb128 0x6
 218 0044 35       		.uleb128 0x35
 219 0045 00       		.byte	0
 220 0046 49       		.uleb128 0x49
 221 0047 13       		.uleb128 0x13
 222 0048 00       		.byte	0
 223 0049 00       		.byte	0
 224 004a 07       		.uleb128 0x7
 225 004b 2E       		.uleb128 0x2e
 226 004c 01       		.byte	0x1
 227 004d 3F       		.uleb128 0x3f
 228 004e 19       		.uleb128 0x19
 229 004f 03       		.uleb128 0x3
 230 0050 0E       		.uleb128 0xe
 231 0051 3A       		.uleb128 0x3a
 232 0052 0B       		.uleb128 0xb
 233 0053 3B       		.uleb128 0x3b
 234 0054 0B       		.uleb128 0xb
 235 0055 27       		.uleb128 0x27
 236 0056 19       		.uleb128 0x19
 237 0057 11       		.uleb128 0x11
 238 0058 01       		.uleb128 0x1
 239 0059 12       		.uleb128 0x12
 240 005a 06       		.uleb128 0x6
 241 005b 40       		.uleb128 0x40
 242 005c 18       		.uleb128 0x18
 243 005d 9742     		.uleb128 0x2117
 244 005f 19       		.uleb128 0x19
 245 0060 00       		.byte	0
 246 0061 00       		.byte	0
 247 0062 08       		.uleb128 0x8
 248 0063 34       		.uleb128 0x34
 249 0064 00       		.byte	0
 250 0065 03       		.uleb128 0x3
 251 0066 0E       		.uleb128 0xe
 252 0067 3A       		.uleb128 0x3a
 253 0068 0B       		.uleb128 0xb
 254 0069 3B       		.uleb128 0x3b
 255 006a 0B       		.uleb128 0xb
 256 006b 49       		.uleb128 0x49
 257 006c 13       		.uleb128 0x13
 258 006d 02       		.uleb128 0x2
 259 006e 18       		.uleb128 0x18
 260 006f 00       		.byte	0
 261 0070 00       		.byte	0
 262 0071 00       		.byte	0
 263              		.section	.debug_aranges,"",%progbits
 264 0000 1C000000 		.4byte	0x1c
 265 0004 0200     		.2byte	0x2
 266 0006 00000000 		.4byte	.Ldebug_info0
 267 000a 04       		.byte	0x4
 268 000b 00       		.byte	0
 269 000c 0000     		.2byte	0
 270 000e 0000     		.2byte	0
 271 0010 00000000 		.4byte	.LFB0
 272 0014 0C000000 		.4byte	.LFE0-.LFB0
 273 0018 00000000 		.4byte	0
ARM GAS  C:\Users\Sven\AppData\Local\Temp\ccFWDBZ5.s 			page 7


 274 001c 00000000 		.4byte	0
 275              		.section	.debug_ranges,"",%progbits
 276              	.Ldebug_ranges0:
 277 0000 00000000 		.4byte	.LFB0
 278 0004 0C000000 		.4byte	.LFE0
 279 0008 00000000 		.4byte	0
 280 000c 00000000 		.4byte	0
 281              		.section	.debug_line,"",%progbits
 282              	.Ldebug_line0:
 283 0000 66000000 		.section	.debug_str,"MS",%progbits,1
 283      02004600 
 283      00000201 
 283      FB0E0D00 
 283      01010101 
 284              	.LASF6:
 285 0000 6C6F6E67 		.ascii	"long long int\000"
 285      206C6F6E 
 285      6720696E 
 285      7400
 286              	.LASF12:
 287 000e 75696E74 		.ascii	"uint32\000"
 287      333200
 288              	.LASF8:
 289 0015 756E7369 		.ascii	"unsigned int\000"
 289      676E6564 
 289      20696E74 
 289      00
 290              	.LASF17:
 291 0022 453A5C44 		.ascii	"E:\\Dokumente\\GitHub\\T-50_Project\\Software\\T-50"
 291      6F6B756D 
 291      656E7465 
 291      5C476974 
 291      4875625C 
 292 0050 5F50726F 		.ascii	"_Project\\T-50_Project.cydsn\000"
 292      6A656374 
 292      5C542D35 
 292      305F5072 
 292      6F6A6563 
 293              	.LASF18:
 294 006c 4144435F 		.ascii	"ADC_ISR\000"
 294      49535200 
 295              	.LASF5:
 296 0074 6C6F6E67 		.ascii	"long unsigned int\000"
 296      20756E73 
 296      69676E65 
 296      6420696E 
 296      7400
 297              	.LASF7:
 298 0086 6C6F6E67 		.ascii	"long long unsigned int\000"
 298      206C6F6E 
 298      6720756E 
 298      7369676E 
 298      65642069 
 299              	.LASF15:
 300 009d 474E5520 		.ascii	"GNU C 4.8.4 20140526 (release) [ARM/embedded-4_8-br"
 300      4320342E 
 300      382E3420 
ARM GAS  C:\Users\Sven\AppData\Local\Temp\ccFWDBZ5.s 			page 8


 300      32303134 
 300      30353236 
 301 00d0 616E6368 		.ascii	"anch revision 211358] -mcpu=cortex-m0 -mthumb -g -O"
 301      20726576 
 301      6973696F 
 301      6E203231 
 301      31333538 
 302 0103 73202D66 		.ascii	"s -ffunction-sections -finline-functions\000"
 302      66756E63 
 302      74696F6E 
 302      2D736563 
 302      74696F6E 
 303              	.LASF19:
 304 012c 696E7472 		.ascii	"intr_status\000"
 304      5F737461 
 304      74757300 
 305              	.LASF1:
 306 0138 756E7369 		.ascii	"unsigned char\000"
 306      676E6564 
 306      20636861 
 306      7200
 307              	.LASF11:
 308 0146 63686172 		.ascii	"char\000"
 308      00
 309              	.LASF4:
 310 014b 6C6F6E67 		.ascii	"long int\000"
 310      20696E74 
 310      00
 311              	.LASF16:
 312 0154 2E5C4765 		.ascii	".\\Generated_Source\\PSoC4\\ADC_INT.c\000"
 312      6E657261 
 312      7465645F 
 312      536F7572 
 312      63655C50 
 313              	.LASF10:
 314 0177 646F7562 		.ascii	"double\000"
 314      6C6500
 315              	.LASF13:
 316 017e 72656733 		.ascii	"reg32\000"
 316      3200
 317              	.LASF3:
 318 0184 73686F72 		.ascii	"short unsigned int\000"
 318      7420756E 
 318      7369676E 
 318      65642069 
 318      6E7400
 319              	.LASF0:
 320 0197 7369676E 		.ascii	"signed char\000"
 320      65642063 
 320      68617200 
 321              	.LASF9:
 322 01a3 666C6F61 		.ascii	"float\000"
 322      7400
 323              	.LASF2:
 324 01a9 73686F72 		.ascii	"short int\000"
 324      7420696E 
 324      7400
ARM GAS  C:\Users\Sven\AppData\Local\Temp\ccFWDBZ5.s 			page 9


 325              	.LASF14:
 326 01b3 73697A65 		.ascii	"sizetype\000"
 326      74797065 
 326      00
 327              		.ident	"GCC: (GNU Tools for ARM Embedded Processors) 4.8.4 20140526 (release) [ARM/embedded-4_8-br
