ARM GAS  C:\Users\Sven\AppData\Local\Temp\ccQLuRka.s 			page 1


   1              		.cpu cortex-m0
   2              		.fpu softvfp
   3              		.eabi_attribute 20, 1
   4              		.eabi_attribute 21, 1
   5              		.eabi_attribute 23, 3
   6              		.eabi_attribute 24, 1
   7              		.eabi_attribute 25, 1
   8              		.eabi_attribute 26, 1
   9              		.eabi_attribute 30, 4
  10              		.eabi_attribute 34, 0
  11              		.eabi_attribute 18, 4
  12              		.code	16
  13              		.file	"ADC_IRQ.c"
  14              		.text
  15              	.Ltext0:
  16              		.cfi_sections	.debug_frame
  17              		.section	.text.ADC_IRQ_Interrupt,"ax",%progbits
  18              		.align	1
  19              		.global	ADC_IRQ_Interrupt
  20              		.code	16
  21              		.thumb_func
  22              		.type	ADC_IRQ_Interrupt, %function
  23              	ADC_IRQ_Interrupt:
  24              	.LFB3:
  25              		.file 1 ".\\Generated_Source\\PSoC4\\ADC_IRQ.c"
   1:.\Generated_Source\PSoC4/ADC_IRQ.c **** /*******************************************************************************
   2:.\Generated_Source\PSoC4/ADC_IRQ.c **** * File Name: ADC_IRQ.c  
   3:.\Generated_Source\PSoC4/ADC_IRQ.c **** * Version 1.70
   4:.\Generated_Source\PSoC4/ADC_IRQ.c **** *
   5:.\Generated_Source\PSoC4/ADC_IRQ.c **** *  Description:
   6:.\Generated_Source\PSoC4/ADC_IRQ.c **** *   API for controlling the state of an interrupt.
   7:.\Generated_Source\PSoC4/ADC_IRQ.c **** *
   8:.\Generated_Source\PSoC4/ADC_IRQ.c **** *
   9:.\Generated_Source\PSoC4/ADC_IRQ.c **** *  Note:
  10:.\Generated_Source\PSoC4/ADC_IRQ.c **** *
  11:.\Generated_Source\PSoC4/ADC_IRQ.c **** ********************************************************************************
  12:.\Generated_Source\PSoC4/ADC_IRQ.c **** * Copyright 2008-2012, Cypress Semiconductor Corporation.  All rights reserved.
  13:.\Generated_Source\PSoC4/ADC_IRQ.c **** * You may use this file only in accordance with the license, terms, conditions, 
  14:.\Generated_Source\PSoC4/ADC_IRQ.c **** * disclaimers, and limitations in the end user license agreement accompanying 
  15:.\Generated_Source\PSoC4/ADC_IRQ.c **** * the software package with which this file was provided.
  16:.\Generated_Source\PSoC4/ADC_IRQ.c **** *******************************************************************************/
  17:.\Generated_Source\PSoC4/ADC_IRQ.c **** 
  18:.\Generated_Source\PSoC4/ADC_IRQ.c **** 
  19:.\Generated_Source\PSoC4/ADC_IRQ.c **** #include <cydevice_trm.h>
  20:.\Generated_Source\PSoC4/ADC_IRQ.c **** #include <CyLib.h>
  21:.\Generated_Source\PSoC4/ADC_IRQ.c **** #include <ADC_IRQ.h>
  22:.\Generated_Source\PSoC4/ADC_IRQ.c **** 
  23:.\Generated_Source\PSoC4/ADC_IRQ.c **** #if !defined(ADC_IRQ__REMOVED) /* Check for removal by optimization */
  24:.\Generated_Source\PSoC4/ADC_IRQ.c **** 
  25:.\Generated_Source\PSoC4/ADC_IRQ.c **** /*******************************************************************************
  26:.\Generated_Source\PSoC4/ADC_IRQ.c **** *  Place your includes, defines and code here 
  27:.\Generated_Source\PSoC4/ADC_IRQ.c **** ********************************************************************************/
  28:.\Generated_Source\PSoC4/ADC_IRQ.c **** /* `#START ADC_IRQ_intc` */
  29:.\Generated_Source\PSoC4/ADC_IRQ.c **** 
  30:.\Generated_Source\PSoC4/ADC_IRQ.c **** /* `#END` */
  31:.\Generated_Source\PSoC4/ADC_IRQ.c **** 
  32:.\Generated_Source\PSoC4/ADC_IRQ.c **** extern cyisraddress CyRamVectors[CYINT_IRQ_BASE + CY_NUM_INTERRUPTS];
ARM GAS  C:\Users\Sven\AppData\Local\Temp\ccQLuRka.s 			page 2


  33:.\Generated_Source\PSoC4/ADC_IRQ.c **** 
  34:.\Generated_Source\PSoC4/ADC_IRQ.c **** /* Declared in startup, used to set unused interrupts to. */
  35:.\Generated_Source\PSoC4/ADC_IRQ.c **** CY_ISR_PROTO(IntDefaultHandler);
  36:.\Generated_Source\PSoC4/ADC_IRQ.c **** 
  37:.\Generated_Source\PSoC4/ADC_IRQ.c **** 
  38:.\Generated_Source\PSoC4/ADC_IRQ.c **** /*******************************************************************************
  39:.\Generated_Source\PSoC4/ADC_IRQ.c **** * Function Name: ADC_IRQ_Start
  40:.\Generated_Source\PSoC4/ADC_IRQ.c **** ********************************************************************************
  41:.\Generated_Source\PSoC4/ADC_IRQ.c **** *
  42:.\Generated_Source\PSoC4/ADC_IRQ.c **** * Summary:
  43:.\Generated_Source\PSoC4/ADC_IRQ.c **** *  Set up the interrupt and enable it.
  44:.\Generated_Source\PSoC4/ADC_IRQ.c **** *
  45:.\Generated_Source\PSoC4/ADC_IRQ.c **** * Parameters:  
  46:.\Generated_Source\PSoC4/ADC_IRQ.c **** *   None
  47:.\Generated_Source\PSoC4/ADC_IRQ.c **** *
  48:.\Generated_Source\PSoC4/ADC_IRQ.c **** * Return:
  49:.\Generated_Source\PSoC4/ADC_IRQ.c **** *   None
  50:.\Generated_Source\PSoC4/ADC_IRQ.c **** *
  51:.\Generated_Source\PSoC4/ADC_IRQ.c **** *******************************************************************************/
  52:.\Generated_Source\PSoC4/ADC_IRQ.c **** void ADC_IRQ_Start(void)
  53:.\Generated_Source\PSoC4/ADC_IRQ.c **** {
  54:.\Generated_Source\PSoC4/ADC_IRQ.c ****     /* For all we know the interrupt is active. */
  55:.\Generated_Source\PSoC4/ADC_IRQ.c ****     ADC_IRQ_Disable();
  56:.\Generated_Source\PSoC4/ADC_IRQ.c **** 
  57:.\Generated_Source\PSoC4/ADC_IRQ.c ****     /* Set the ISR to point to the ADC_IRQ Interrupt. */
  58:.\Generated_Source\PSoC4/ADC_IRQ.c ****     ADC_IRQ_SetVector(&ADC_IRQ_Interrupt);
  59:.\Generated_Source\PSoC4/ADC_IRQ.c **** 
  60:.\Generated_Source\PSoC4/ADC_IRQ.c ****     /* Set the priority. */
  61:.\Generated_Source\PSoC4/ADC_IRQ.c ****     ADC_IRQ_SetPriority((uint8)ADC_IRQ_INTC_PRIOR_NUMBER);
  62:.\Generated_Source\PSoC4/ADC_IRQ.c **** 
  63:.\Generated_Source\PSoC4/ADC_IRQ.c ****     /* Enable it. */
  64:.\Generated_Source\PSoC4/ADC_IRQ.c ****     ADC_IRQ_Enable();
  65:.\Generated_Source\PSoC4/ADC_IRQ.c **** }
  66:.\Generated_Source\PSoC4/ADC_IRQ.c **** 
  67:.\Generated_Source\PSoC4/ADC_IRQ.c **** 
  68:.\Generated_Source\PSoC4/ADC_IRQ.c **** /*******************************************************************************
  69:.\Generated_Source\PSoC4/ADC_IRQ.c **** * Function Name: ADC_IRQ_StartEx
  70:.\Generated_Source\PSoC4/ADC_IRQ.c **** ********************************************************************************
  71:.\Generated_Source\PSoC4/ADC_IRQ.c **** *
  72:.\Generated_Source\PSoC4/ADC_IRQ.c **** * Summary:
  73:.\Generated_Source\PSoC4/ADC_IRQ.c **** *  Set up the interrupt and enable it.
  74:.\Generated_Source\PSoC4/ADC_IRQ.c **** *
  75:.\Generated_Source\PSoC4/ADC_IRQ.c **** * Parameters:  
  76:.\Generated_Source\PSoC4/ADC_IRQ.c **** *   address: Address of the ISR to set in the interrupt vector table.
  77:.\Generated_Source\PSoC4/ADC_IRQ.c **** *
  78:.\Generated_Source\PSoC4/ADC_IRQ.c **** * Return:
  79:.\Generated_Source\PSoC4/ADC_IRQ.c **** *   None
  80:.\Generated_Source\PSoC4/ADC_IRQ.c **** *
  81:.\Generated_Source\PSoC4/ADC_IRQ.c **** *******************************************************************************/
  82:.\Generated_Source\PSoC4/ADC_IRQ.c **** void ADC_IRQ_StartEx(cyisraddress address)
  83:.\Generated_Source\PSoC4/ADC_IRQ.c **** {
  84:.\Generated_Source\PSoC4/ADC_IRQ.c ****     /* For all we know the interrupt is active. */
  85:.\Generated_Source\PSoC4/ADC_IRQ.c ****     ADC_IRQ_Disable();
  86:.\Generated_Source\PSoC4/ADC_IRQ.c **** 
  87:.\Generated_Source\PSoC4/ADC_IRQ.c ****     /* Set the ISR to point to the ADC_IRQ Interrupt. */
  88:.\Generated_Source\PSoC4/ADC_IRQ.c ****     ADC_IRQ_SetVector(address);
  89:.\Generated_Source\PSoC4/ADC_IRQ.c **** 
ARM GAS  C:\Users\Sven\AppData\Local\Temp\ccQLuRka.s 			page 3


  90:.\Generated_Source\PSoC4/ADC_IRQ.c ****     /* Set the priority. */
  91:.\Generated_Source\PSoC4/ADC_IRQ.c ****     ADC_IRQ_SetPriority((uint8)ADC_IRQ_INTC_PRIOR_NUMBER);
  92:.\Generated_Source\PSoC4/ADC_IRQ.c **** 
  93:.\Generated_Source\PSoC4/ADC_IRQ.c ****     /* Enable it. */
  94:.\Generated_Source\PSoC4/ADC_IRQ.c ****     ADC_IRQ_Enable();
  95:.\Generated_Source\PSoC4/ADC_IRQ.c **** }
  96:.\Generated_Source\PSoC4/ADC_IRQ.c **** 
  97:.\Generated_Source\PSoC4/ADC_IRQ.c **** 
  98:.\Generated_Source\PSoC4/ADC_IRQ.c **** /*******************************************************************************
  99:.\Generated_Source\PSoC4/ADC_IRQ.c **** * Function Name: ADC_IRQ_Stop
 100:.\Generated_Source\PSoC4/ADC_IRQ.c **** ********************************************************************************
 101:.\Generated_Source\PSoC4/ADC_IRQ.c **** *
 102:.\Generated_Source\PSoC4/ADC_IRQ.c **** * Summary:
 103:.\Generated_Source\PSoC4/ADC_IRQ.c **** *   Disables and removes the interrupt.
 104:.\Generated_Source\PSoC4/ADC_IRQ.c **** *
 105:.\Generated_Source\PSoC4/ADC_IRQ.c **** * Parameters:  
 106:.\Generated_Source\PSoC4/ADC_IRQ.c **** *
 107:.\Generated_Source\PSoC4/ADC_IRQ.c **** * Return:
 108:.\Generated_Source\PSoC4/ADC_IRQ.c **** *   None
 109:.\Generated_Source\PSoC4/ADC_IRQ.c **** *
 110:.\Generated_Source\PSoC4/ADC_IRQ.c **** *******************************************************************************/
 111:.\Generated_Source\PSoC4/ADC_IRQ.c **** void ADC_IRQ_Stop(void)
 112:.\Generated_Source\PSoC4/ADC_IRQ.c **** {
 113:.\Generated_Source\PSoC4/ADC_IRQ.c ****     /* Disable this interrupt. */
 114:.\Generated_Source\PSoC4/ADC_IRQ.c ****     ADC_IRQ_Disable();
 115:.\Generated_Source\PSoC4/ADC_IRQ.c **** 
 116:.\Generated_Source\PSoC4/ADC_IRQ.c ****     /* Set the ISR to point to the passive one. */
 117:.\Generated_Source\PSoC4/ADC_IRQ.c ****     ADC_IRQ_SetVector(&IntDefaultHandler);
 118:.\Generated_Source\PSoC4/ADC_IRQ.c **** }
 119:.\Generated_Source\PSoC4/ADC_IRQ.c **** 
 120:.\Generated_Source\PSoC4/ADC_IRQ.c **** 
 121:.\Generated_Source\PSoC4/ADC_IRQ.c **** /*******************************************************************************
 122:.\Generated_Source\PSoC4/ADC_IRQ.c **** * Function Name: ADC_IRQ_Interrupt
 123:.\Generated_Source\PSoC4/ADC_IRQ.c **** ********************************************************************************
 124:.\Generated_Source\PSoC4/ADC_IRQ.c **** *
 125:.\Generated_Source\PSoC4/ADC_IRQ.c **** * Summary:
 126:.\Generated_Source\PSoC4/ADC_IRQ.c **** *   The default Interrupt Service Routine for ADC_IRQ.
 127:.\Generated_Source\PSoC4/ADC_IRQ.c **** *
 128:.\Generated_Source\PSoC4/ADC_IRQ.c **** *   Add custom code between the coments to keep the next version of this file
 129:.\Generated_Source\PSoC4/ADC_IRQ.c **** *   from over writting your code.
 130:.\Generated_Source\PSoC4/ADC_IRQ.c **** *
 131:.\Generated_Source\PSoC4/ADC_IRQ.c **** * Parameters:  
 132:.\Generated_Source\PSoC4/ADC_IRQ.c **** *   None
 133:.\Generated_Source\PSoC4/ADC_IRQ.c **** *
 134:.\Generated_Source\PSoC4/ADC_IRQ.c **** * Return:
 135:.\Generated_Source\PSoC4/ADC_IRQ.c **** *   None
 136:.\Generated_Source\PSoC4/ADC_IRQ.c **** *
 137:.\Generated_Source\PSoC4/ADC_IRQ.c **** *******************************************************************************/
 138:.\Generated_Source\PSoC4/ADC_IRQ.c **** CY_ISR(ADC_IRQ_Interrupt)
 139:.\Generated_Source\PSoC4/ADC_IRQ.c **** {
  26              		.loc 1 139 0
  27              		.cfi_startproc
 140:.\Generated_Source\PSoC4/ADC_IRQ.c ****     /*  Place your Interrupt code here. */
 141:.\Generated_Source\PSoC4/ADC_IRQ.c ****     /* `#START ADC_IRQ_Interrupt` */
 142:.\Generated_Source\PSoC4/ADC_IRQ.c **** 
 143:.\Generated_Source\PSoC4/ADC_IRQ.c ****     /* `#END` */
 144:.\Generated_Source\PSoC4/ADC_IRQ.c **** }
ARM GAS  C:\Users\Sven\AppData\Local\Temp\ccQLuRka.s 			page 4


  28              		.loc 1 144 0
  29              		@ sp needed
  30 0000 7047     		bx	lr
  31              		.cfi_endproc
  32              	.LFE3:
  33              		.size	ADC_IRQ_Interrupt, .-ADC_IRQ_Interrupt
  34              		.section	.text.ADC_IRQ_Stop,"ax",%progbits
  35              		.align	1
  36              		.global	ADC_IRQ_Stop
  37              		.code	16
  38              		.thumb_func
  39              		.type	ADC_IRQ_Stop, %function
  40              	ADC_IRQ_Stop:
  41              	.LFB2:
 112:.\Generated_Source\PSoC4/ADC_IRQ.c **** {
  42              		.loc 1 112 0
  43              		.cfi_startproc
  44              	.LBB18:
  45              	.LBB19:
 145:.\Generated_Source\PSoC4/ADC_IRQ.c **** 
 146:.\Generated_Source\PSoC4/ADC_IRQ.c **** 
 147:.\Generated_Source\PSoC4/ADC_IRQ.c **** /*******************************************************************************
 148:.\Generated_Source\PSoC4/ADC_IRQ.c **** * Function Name: ADC_IRQ_SetVector
 149:.\Generated_Source\PSoC4/ADC_IRQ.c **** ********************************************************************************
 150:.\Generated_Source\PSoC4/ADC_IRQ.c **** *
 151:.\Generated_Source\PSoC4/ADC_IRQ.c **** * Summary:
 152:.\Generated_Source\PSoC4/ADC_IRQ.c **** *   Change the ISR vector for the Interrupt. Note calling ADC_IRQ_Start
 153:.\Generated_Source\PSoC4/ADC_IRQ.c **** *   will override any effect this method would have had. To set the vector 
 154:.\Generated_Source\PSoC4/ADC_IRQ.c **** *   before the component has been started use ADC_IRQ_StartEx instead.
 155:.\Generated_Source\PSoC4/ADC_IRQ.c **** *
 156:.\Generated_Source\PSoC4/ADC_IRQ.c **** * Parameters:
 157:.\Generated_Source\PSoC4/ADC_IRQ.c **** *   address: Address of the ISR to set in the interrupt vector table.
 158:.\Generated_Source\PSoC4/ADC_IRQ.c **** *
 159:.\Generated_Source\PSoC4/ADC_IRQ.c **** * Return:
 160:.\Generated_Source\PSoC4/ADC_IRQ.c **** *   None
 161:.\Generated_Source\PSoC4/ADC_IRQ.c **** *
 162:.\Generated_Source\PSoC4/ADC_IRQ.c **** *******************************************************************************/
 163:.\Generated_Source\PSoC4/ADC_IRQ.c **** void ADC_IRQ_SetVector(cyisraddress address)
 164:.\Generated_Source\PSoC4/ADC_IRQ.c **** {
 165:.\Generated_Source\PSoC4/ADC_IRQ.c ****     CyRamVectors[CYINT_IRQ_BASE + ADC_IRQ__INTC_NUMBER] = address;
 166:.\Generated_Source\PSoC4/ADC_IRQ.c **** }
 167:.\Generated_Source\PSoC4/ADC_IRQ.c **** 
 168:.\Generated_Source\PSoC4/ADC_IRQ.c **** 
 169:.\Generated_Source\PSoC4/ADC_IRQ.c **** /*******************************************************************************
 170:.\Generated_Source\PSoC4/ADC_IRQ.c **** * Function Name: ADC_IRQ_GetVector
 171:.\Generated_Source\PSoC4/ADC_IRQ.c **** ********************************************************************************
 172:.\Generated_Source\PSoC4/ADC_IRQ.c **** *
 173:.\Generated_Source\PSoC4/ADC_IRQ.c **** * Summary:
 174:.\Generated_Source\PSoC4/ADC_IRQ.c **** *   Gets the "address" of the current ISR vector for the Interrupt.
 175:.\Generated_Source\PSoC4/ADC_IRQ.c **** *
 176:.\Generated_Source\PSoC4/ADC_IRQ.c **** * Parameters:
 177:.\Generated_Source\PSoC4/ADC_IRQ.c **** *   None
 178:.\Generated_Source\PSoC4/ADC_IRQ.c **** *
 179:.\Generated_Source\PSoC4/ADC_IRQ.c **** * Return:
 180:.\Generated_Source\PSoC4/ADC_IRQ.c **** *   Address of the ISR in the interrupt vector table.
 181:.\Generated_Source\PSoC4/ADC_IRQ.c **** *
 182:.\Generated_Source\PSoC4/ADC_IRQ.c **** *******************************************************************************/
ARM GAS  C:\Users\Sven\AppData\Local\Temp\ccQLuRka.s 			page 5


 183:.\Generated_Source\PSoC4/ADC_IRQ.c **** cyisraddress ADC_IRQ_GetVector(void)
 184:.\Generated_Source\PSoC4/ADC_IRQ.c **** {
 185:.\Generated_Source\PSoC4/ADC_IRQ.c ****     return CyRamVectors[CYINT_IRQ_BASE + ADC_IRQ__INTC_NUMBER];
 186:.\Generated_Source\PSoC4/ADC_IRQ.c **** }
 187:.\Generated_Source\PSoC4/ADC_IRQ.c **** 
 188:.\Generated_Source\PSoC4/ADC_IRQ.c **** 
 189:.\Generated_Source\PSoC4/ADC_IRQ.c **** /*******************************************************************************
 190:.\Generated_Source\PSoC4/ADC_IRQ.c **** * Function Name: ADC_IRQ_SetPriority
 191:.\Generated_Source\PSoC4/ADC_IRQ.c **** ********************************************************************************
 192:.\Generated_Source\PSoC4/ADC_IRQ.c **** *
 193:.\Generated_Source\PSoC4/ADC_IRQ.c **** * Summary:
 194:.\Generated_Source\PSoC4/ADC_IRQ.c **** *   Sets the Priority of the Interrupt. Note calling ADC_IRQ_Start
 195:.\Generated_Source\PSoC4/ADC_IRQ.c **** *   or ADC_IRQ_StartEx will override any effect this method would 
 196:.\Generated_Source\PSoC4/ADC_IRQ.c **** *   have had. This method should only be called after ADC_IRQ_Start or 
 197:.\Generated_Source\PSoC4/ADC_IRQ.c **** *   ADC_IRQ_StartEx has been called. To set the initial
 198:.\Generated_Source\PSoC4/ADC_IRQ.c **** *   priority for the component use the cydwr file in the tool.
 199:.\Generated_Source\PSoC4/ADC_IRQ.c **** *
 200:.\Generated_Source\PSoC4/ADC_IRQ.c **** * Parameters:
 201:.\Generated_Source\PSoC4/ADC_IRQ.c **** *   priority: Priority of the interrupt. 0 - 3, 0 being the highest.
 202:.\Generated_Source\PSoC4/ADC_IRQ.c **** *
 203:.\Generated_Source\PSoC4/ADC_IRQ.c **** * Return:
 204:.\Generated_Source\PSoC4/ADC_IRQ.c **** *   None
 205:.\Generated_Source\PSoC4/ADC_IRQ.c **** *
 206:.\Generated_Source\PSoC4/ADC_IRQ.c **** *******************************************************************************/
 207:.\Generated_Source\PSoC4/ADC_IRQ.c **** void ADC_IRQ_SetPriority(uint8 priority)
 208:.\Generated_Source\PSoC4/ADC_IRQ.c **** {
 209:.\Generated_Source\PSoC4/ADC_IRQ.c **** 	uint8 interruptState;
 210:.\Generated_Source\PSoC4/ADC_IRQ.c ****     uint32 priorityOffset = ((ADC_IRQ__INTC_NUMBER % 4u) * 8u) + 6u;
 211:.\Generated_Source\PSoC4/ADC_IRQ.c ****     
 212:.\Generated_Source\PSoC4/ADC_IRQ.c **** 	interruptState = CyEnterCriticalSection();
 213:.\Generated_Source\PSoC4/ADC_IRQ.c ****     *ADC_IRQ_INTC_PRIOR = (*ADC_IRQ_INTC_PRIOR & (uint32)(~ADC_IRQ__INTC_PRIOR_MASK)) |
 214:.\Generated_Source\PSoC4/ADC_IRQ.c ****                                     ((uint32)priority << priorityOffset);
 215:.\Generated_Source\PSoC4/ADC_IRQ.c **** 	CyExitCriticalSection(interruptState);
 216:.\Generated_Source\PSoC4/ADC_IRQ.c **** }
 217:.\Generated_Source\PSoC4/ADC_IRQ.c **** 
 218:.\Generated_Source\PSoC4/ADC_IRQ.c **** 
 219:.\Generated_Source\PSoC4/ADC_IRQ.c **** /*******************************************************************************
 220:.\Generated_Source\PSoC4/ADC_IRQ.c **** * Function Name: ADC_IRQ_GetPriority
 221:.\Generated_Source\PSoC4/ADC_IRQ.c **** ********************************************************************************
 222:.\Generated_Source\PSoC4/ADC_IRQ.c **** *
 223:.\Generated_Source\PSoC4/ADC_IRQ.c **** * Summary:
 224:.\Generated_Source\PSoC4/ADC_IRQ.c **** *   Gets the Priority of the Interrupt.
 225:.\Generated_Source\PSoC4/ADC_IRQ.c **** *
 226:.\Generated_Source\PSoC4/ADC_IRQ.c **** * Parameters:
 227:.\Generated_Source\PSoC4/ADC_IRQ.c **** *   None
 228:.\Generated_Source\PSoC4/ADC_IRQ.c **** *
 229:.\Generated_Source\PSoC4/ADC_IRQ.c **** * Return:
 230:.\Generated_Source\PSoC4/ADC_IRQ.c **** *   Priority of the interrupt. 0 - 3, 0 being the highest.
 231:.\Generated_Source\PSoC4/ADC_IRQ.c **** *
 232:.\Generated_Source\PSoC4/ADC_IRQ.c **** *******************************************************************************/
 233:.\Generated_Source\PSoC4/ADC_IRQ.c **** uint8 ADC_IRQ_GetPriority(void)
 234:.\Generated_Source\PSoC4/ADC_IRQ.c **** {
 235:.\Generated_Source\PSoC4/ADC_IRQ.c ****     uint32 priority;
 236:.\Generated_Source\PSoC4/ADC_IRQ.c **** 	uint32 priorityOffset = ((ADC_IRQ__INTC_NUMBER % 4u) * 8u) + 6u;
 237:.\Generated_Source\PSoC4/ADC_IRQ.c **** 
 238:.\Generated_Source\PSoC4/ADC_IRQ.c ****     priority = (*ADC_IRQ_INTC_PRIOR & ADC_IRQ__INTC_PRIOR_MASK) >> priorityOffset;
 239:.\Generated_Source\PSoC4/ADC_IRQ.c **** 
ARM GAS  C:\Users\Sven\AppData\Local\Temp\ccQLuRka.s 			page 6


 240:.\Generated_Source\PSoC4/ADC_IRQ.c ****     return (uint8)priority;
 241:.\Generated_Source\PSoC4/ADC_IRQ.c **** }
 242:.\Generated_Source\PSoC4/ADC_IRQ.c **** 
 243:.\Generated_Source\PSoC4/ADC_IRQ.c **** 
 244:.\Generated_Source\PSoC4/ADC_IRQ.c **** /*******************************************************************************
 245:.\Generated_Source\PSoC4/ADC_IRQ.c **** * Function Name: ADC_IRQ_Enable
 246:.\Generated_Source\PSoC4/ADC_IRQ.c **** ********************************************************************************
 247:.\Generated_Source\PSoC4/ADC_IRQ.c **** *
 248:.\Generated_Source\PSoC4/ADC_IRQ.c **** * Summary:
 249:.\Generated_Source\PSoC4/ADC_IRQ.c **** *   Enables the interrupt.
 250:.\Generated_Source\PSoC4/ADC_IRQ.c **** *
 251:.\Generated_Source\PSoC4/ADC_IRQ.c **** * Parameters:
 252:.\Generated_Source\PSoC4/ADC_IRQ.c **** *   None
 253:.\Generated_Source\PSoC4/ADC_IRQ.c **** *
 254:.\Generated_Source\PSoC4/ADC_IRQ.c **** * Return:
 255:.\Generated_Source\PSoC4/ADC_IRQ.c **** *   None
 256:.\Generated_Source\PSoC4/ADC_IRQ.c **** *
 257:.\Generated_Source\PSoC4/ADC_IRQ.c **** *******************************************************************************/
 258:.\Generated_Source\PSoC4/ADC_IRQ.c **** void ADC_IRQ_Enable(void)
 259:.\Generated_Source\PSoC4/ADC_IRQ.c **** {
 260:.\Generated_Source\PSoC4/ADC_IRQ.c ****     /* Enable the general interrupt. */
 261:.\Generated_Source\PSoC4/ADC_IRQ.c ****     *ADC_IRQ_INTC_SET_EN = ADC_IRQ__INTC_MASK;
 262:.\Generated_Source\PSoC4/ADC_IRQ.c **** }
 263:.\Generated_Source\PSoC4/ADC_IRQ.c **** 
 264:.\Generated_Source\PSoC4/ADC_IRQ.c **** 
 265:.\Generated_Source\PSoC4/ADC_IRQ.c **** /*******************************************************************************
 266:.\Generated_Source\PSoC4/ADC_IRQ.c **** * Function Name: ADC_IRQ_GetState
 267:.\Generated_Source\PSoC4/ADC_IRQ.c **** ********************************************************************************
 268:.\Generated_Source\PSoC4/ADC_IRQ.c **** *
 269:.\Generated_Source\PSoC4/ADC_IRQ.c **** * Summary:
 270:.\Generated_Source\PSoC4/ADC_IRQ.c **** *   Gets the state (enabled, disabled) of the Interrupt.
 271:.\Generated_Source\PSoC4/ADC_IRQ.c **** *
 272:.\Generated_Source\PSoC4/ADC_IRQ.c **** * Parameters:
 273:.\Generated_Source\PSoC4/ADC_IRQ.c **** *   None
 274:.\Generated_Source\PSoC4/ADC_IRQ.c **** *
 275:.\Generated_Source\PSoC4/ADC_IRQ.c **** * Return:
 276:.\Generated_Source\PSoC4/ADC_IRQ.c **** *   1 if enabled, 0 if disabled.
 277:.\Generated_Source\PSoC4/ADC_IRQ.c **** *
 278:.\Generated_Source\PSoC4/ADC_IRQ.c **** *******************************************************************************/
 279:.\Generated_Source\PSoC4/ADC_IRQ.c **** uint8 ADC_IRQ_GetState(void)
 280:.\Generated_Source\PSoC4/ADC_IRQ.c **** {
 281:.\Generated_Source\PSoC4/ADC_IRQ.c ****     /* Get the state of the general interrupt. */
 282:.\Generated_Source\PSoC4/ADC_IRQ.c ****     return ((*ADC_IRQ_INTC_SET_EN & (uint32)ADC_IRQ__INTC_MASK) != 0u) ? 1u:0u;
 283:.\Generated_Source\PSoC4/ADC_IRQ.c **** }
 284:.\Generated_Source\PSoC4/ADC_IRQ.c **** 
 285:.\Generated_Source\PSoC4/ADC_IRQ.c **** 
 286:.\Generated_Source\PSoC4/ADC_IRQ.c **** /*******************************************************************************
 287:.\Generated_Source\PSoC4/ADC_IRQ.c **** * Function Name: ADC_IRQ_Disable
 288:.\Generated_Source\PSoC4/ADC_IRQ.c **** ********************************************************************************
 289:.\Generated_Source\PSoC4/ADC_IRQ.c **** *
 290:.\Generated_Source\PSoC4/ADC_IRQ.c **** * Summary:
 291:.\Generated_Source\PSoC4/ADC_IRQ.c **** *   Disables the Interrupt.
 292:.\Generated_Source\PSoC4/ADC_IRQ.c **** *
 293:.\Generated_Source\PSoC4/ADC_IRQ.c **** * Parameters:
 294:.\Generated_Source\PSoC4/ADC_IRQ.c **** *   None
 295:.\Generated_Source\PSoC4/ADC_IRQ.c **** *
 296:.\Generated_Source\PSoC4/ADC_IRQ.c **** * Return:
ARM GAS  C:\Users\Sven\AppData\Local\Temp\ccQLuRka.s 			page 7


 297:.\Generated_Source\PSoC4/ADC_IRQ.c **** *   None
 298:.\Generated_Source\PSoC4/ADC_IRQ.c **** *
 299:.\Generated_Source\PSoC4/ADC_IRQ.c **** *******************************************************************************/
 300:.\Generated_Source\PSoC4/ADC_IRQ.c **** void ADC_IRQ_Disable(void)
 301:.\Generated_Source\PSoC4/ADC_IRQ.c **** {
 302:.\Generated_Source\PSoC4/ADC_IRQ.c ****     /* Disable the general interrupt. */
 303:.\Generated_Source\PSoC4/ADC_IRQ.c ****     *ADC_IRQ_INTC_CLR_EN = ADC_IRQ__INTC_MASK;
  46              		.loc 1 303 0
  47 0000 034B     		ldr	r3, .L3
  48 0002 8022     		mov	r2, #128
  49 0004 D201     		lsl	r2, r2, #7
  50 0006 1A60     		str	r2, [r3]
  51              	.LVL0:
  52              	.LBE19:
  53              	.LBE18:
  54              	.LBB20:
  55              	.LBB21:
 165:.\Generated_Source\PSoC4/ADC_IRQ.c ****     CyRamVectors[CYINT_IRQ_BASE + ADC_IRQ__INTC_NUMBER] = address;
  56              		.loc 1 165 0
  57 0008 024A     		ldr	r2, .L3+4
  58 000a 034B     		ldr	r3, .L3+8
  59              	.LBE21:
  60              	.LBE20:
 118:.\Generated_Source\PSoC4/ADC_IRQ.c **** }
  61              		.loc 1 118 0
  62              		@ sp needed
  63              	.LBB23:
  64              	.LBB22:
 165:.\Generated_Source\PSoC4/ADC_IRQ.c ****     CyRamVectors[CYINT_IRQ_BASE + ADC_IRQ__INTC_NUMBER] = address;
  65              		.loc 1 165 0
  66 000c 9A67     		str	r2, [r3, #120]
  67              	.LBE22:
  68              	.LBE23:
 118:.\Generated_Source\PSoC4/ADC_IRQ.c **** }
  69              		.loc 1 118 0
  70 000e 7047     		bx	lr
  71              	.L4:
  72              		.align	2
  73              	.L3:
  74 0010 80E100E0 		.word	-536813184
  75 0014 00000000 		.word	IntDefaultHandler
  76 0018 00000000 		.word	CyRamVectors
  77              		.cfi_endproc
  78              	.LFE2:
  79              		.size	ADC_IRQ_Stop, .-ADC_IRQ_Stop
  80              		.section	.text.ADC_IRQ_SetVector,"ax",%progbits
  81              		.align	1
  82              		.global	ADC_IRQ_SetVector
  83              		.code	16
  84              		.thumb_func
  85              		.type	ADC_IRQ_SetVector, %function
  86              	ADC_IRQ_SetVector:
  87              	.LFB4:
 164:.\Generated_Source\PSoC4/ADC_IRQ.c **** {
  88              		.loc 1 164 0
  89              		.cfi_startproc
  90              	.LVL1:
ARM GAS  C:\Users\Sven\AppData\Local\Temp\ccQLuRka.s 			page 8


 165:.\Generated_Source\PSoC4/ADC_IRQ.c ****     CyRamVectors[CYINT_IRQ_BASE + ADC_IRQ__INTC_NUMBER] = address;
  91              		.loc 1 165 0
  92 0000 014B     		ldr	r3, .L6
 166:.\Generated_Source\PSoC4/ADC_IRQ.c **** }
  93              		.loc 1 166 0
  94              		@ sp needed
 165:.\Generated_Source\PSoC4/ADC_IRQ.c ****     CyRamVectors[CYINT_IRQ_BASE + ADC_IRQ__INTC_NUMBER] = address;
  95              		.loc 1 165 0
  96 0002 9867     		str	r0, [r3, #120]
 166:.\Generated_Source\PSoC4/ADC_IRQ.c **** }
  97              		.loc 1 166 0
  98 0004 7047     		bx	lr
  99              	.L7:
 100 0006 C046     		.align	2
 101              	.L6:
 102 0008 00000000 		.word	CyRamVectors
 103              		.cfi_endproc
 104              	.LFE4:
 105              		.size	ADC_IRQ_SetVector, .-ADC_IRQ_SetVector
 106              		.section	.text.ADC_IRQ_GetVector,"ax",%progbits
 107              		.align	1
 108              		.global	ADC_IRQ_GetVector
 109              		.code	16
 110              		.thumb_func
 111              		.type	ADC_IRQ_GetVector, %function
 112              	ADC_IRQ_GetVector:
 113              	.LFB5:
 184:.\Generated_Source\PSoC4/ADC_IRQ.c **** {
 114              		.loc 1 184 0
 115              		.cfi_startproc
 185:.\Generated_Source\PSoC4/ADC_IRQ.c ****     return CyRamVectors[CYINT_IRQ_BASE + ADC_IRQ__INTC_NUMBER];
 116              		.loc 1 185 0
 117 0000 014B     		ldr	r3, .L9
 186:.\Generated_Source\PSoC4/ADC_IRQ.c **** }
 118              		.loc 1 186 0
 119              		@ sp needed
 185:.\Generated_Source\PSoC4/ADC_IRQ.c ****     return CyRamVectors[CYINT_IRQ_BASE + ADC_IRQ__INTC_NUMBER];
 120              		.loc 1 185 0
 121 0002 986F     		ldr	r0, [r3, #120]
 186:.\Generated_Source\PSoC4/ADC_IRQ.c **** }
 122              		.loc 1 186 0
 123 0004 7047     		bx	lr
 124              	.L10:
 125 0006 C046     		.align	2
 126              	.L9:
 127 0008 00000000 		.word	CyRamVectors
 128              		.cfi_endproc
 129              	.LFE5:
 130              		.size	ADC_IRQ_GetVector, .-ADC_IRQ_GetVector
 131              		.section	.text.ADC_IRQ_SetPriority,"ax",%progbits
 132              		.align	1
 133              		.global	ADC_IRQ_SetPriority
 134              		.code	16
 135              		.thumb_func
 136              		.type	ADC_IRQ_SetPriority, %function
 137              	ADC_IRQ_SetPriority:
 138              	.LFB6:
ARM GAS  C:\Users\Sven\AppData\Local\Temp\ccQLuRka.s 			page 9


 208:.\Generated_Source\PSoC4/ADC_IRQ.c **** {
 139              		.loc 1 208 0
 140              		.cfi_startproc
 141              	.LVL2:
 142 0000 38B5     		push	{r3, r4, r5, lr}
 143              		.cfi_def_cfa_offset 16
 144              		.cfi_offset 3, -16
 145              		.cfi_offset 4, -12
 146              		.cfi_offset 5, -8
 147              		.cfi_offset 14, -4
 208:.\Generated_Source\PSoC4/ADC_IRQ.c **** {
 148              		.loc 1 208 0
 149 0002 041C     		mov	r4, r0
 212:.\Generated_Source\PSoC4/ADC_IRQ.c **** 	interruptState = CyEnterCriticalSection();
 150              		.loc 1 212 0
 151 0004 FFF7FEFF 		bl	CyEnterCriticalSection
 152              	.LVL3:
 213:.\Generated_Source\PSoC4/ADC_IRQ.c ****     *ADC_IRQ_INTC_PRIOR = (*ADC_IRQ_INTC_PRIOR & (uint32)(~ADC_IRQ__INTC_PRIOR_MASK)) |
 153              		.loc 1 213 0
 154 0008 054B     		ldr	r3, .L12
 155 000a 0649     		ldr	r1, .L12+4
 156 000c 1D68     		ldr	r5, [r3]
 214:.\Generated_Source\PSoC4/ADC_IRQ.c ****                                     ((uint32)priority << priorityOffset);
 157              		.loc 1 214 0
 158 000e A205     		lsl	r2, r4, #22
 213:.\Generated_Source\PSoC4/ADC_IRQ.c ****     *ADC_IRQ_INTC_PRIOR = (*ADC_IRQ_INTC_PRIOR & (uint32)(~ADC_IRQ__INTC_PRIOR_MASK)) |
 159              		.loc 1 213 0
 160 0010 2C1C     		mov	r4, r5
 161 0012 0C40     		and	r4, r1
 162 0014 1443     		orr	r4, r2
 163 0016 1C60     		str	r4, [r3]
 215:.\Generated_Source\PSoC4/ADC_IRQ.c **** 	CyExitCriticalSection(interruptState);
 164              		.loc 1 215 0
 165 0018 FFF7FEFF 		bl	CyExitCriticalSection
 166              	.LVL4:
 216:.\Generated_Source\PSoC4/ADC_IRQ.c **** }
 167              		.loc 1 216 0
 168              		@ sp needed
 169 001c 38BD     		pop	{r3, r4, r5, pc}
 170              	.L13:
 171 001e C046     		.align	2
 172              	.L12:
 173 0020 0CE400E0 		.word	-536812532
 174 0024 FFFF3FFF 		.word	-12582913
 175              		.cfi_endproc
 176              	.LFE6:
 177              		.size	ADC_IRQ_SetPriority, .-ADC_IRQ_SetPriority
 178              		.section	.text.ADC_IRQ_Start,"ax",%progbits
 179              		.align	1
 180              		.global	ADC_IRQ_Start
 181              		.code	16
 182              		.thumb_func
 183              		.type	ADC_IRQ_Start, %function
 184              	ADC_IRQ_Start:
 185              	.LFB0:
  53:.\Generated_Source\PSoC4/ADC_IRQ.c **** {
 186              		.loc 1 53 0
ARM GAS  C:\Users\Sven\AppData\Local\Temp\ccQLuRka.s 			page 10


 187              		.cfi_startproc
 188 0000 10B5     		push	{r4, lr}
 189              		.cfi_def_cfa_offset 8
 190              		.cfi_offset 4, -8
 191              		.cfi_offset 14, -4
 192              	.LBB24:
 193              	.LBB25:
 194              		.loc 1 303 0
 195 0002 064B     		ldr	r3, .L15
 196 0004 8024     		mov	r4, #128
 197 0006 E401     		lsl	r4, r4, #7
 198 0008 1C60     		str	r4, [r3]
 199              	.LVL5:
 200              	.LBE25:
 201              	.LBE24:
 202              	.LBB26:
 203              	.LBB27:
 165:.\Generated_Source\PSoC4/ADC_IRQ.c ****     CyRamVectors[CYINT_IRQ_BASE + ADC_IRQ__INTC_NUMBER] = address;
 204              		.loc 1 165 0
 205 000a 054A     		ldr	r2, .L15+4
 206 000c 054B     		ldr	r3, .L15+8
 207              	.LBE27:
 208              	.LBE26:
  61:.\Generated_Source\PSoC4/ADC_IRQ.c ****     ADC_IRQ_SetPriority((uint8)ADC_IRQ_INTC_PRIOR_NUMBER);
 209              		.loc 1 61 0
 210 000e 0320     		mov	r0, #3
 211              	.LBB29:
 212              	.LBB28:
 165:.\Generated_Source\PSoC4/ADC_IRQ.c ****     CyRamVectors[CYINT_IRQ_BASE + ADC_IRQ__INTC_NUMBER] = address;
 213              		.loc 1 165 0
 214 0010 9A67     		str	r2, [r3, #120]
 215              	.LBE28:
 216              	.LBE29:
  61:.\Generated_Source\PSoC4/ADC_IRQ.c ****     ADC_IRQ_SetPriority((uint8)ADC_IRQ_INTC_PRIOR_NUMBER);
 217              		.loc 1 61 0
 218 0012 FFF7FEFF 		bl	ADC_IRQ_SetPriority
 219              	.LVL6:
 220              	.LBB30:
 221              	.LBB31:
 261:.\Generated_Source\PSoC4/ADC_IRQ.c ****     *ADC_IRQ_INTC_SET_EN = ADC_IRQ__INTC_MASK;
 222              		.loc 1 261 0
 223 0016 044B     		ldr	r3, .L15+12
 224              	.LBE31:
 225              	.LBE30:
  65:.\Generated_Source\PSoC4/ADC_IRQ.c **** }
 226              		.loc 1 65 0
 227              		@ sp needed
 228              	.LBB33:
 229              	.LBB32:
 261:.\Generated_Source\PSoC4/ADC_IRQ.c ****     *ADC_IRQ_INTC_SET_EN = ADC_IRQ__INTC_MASK;
 230              		.loc 1 261 0
 231 0018 1C60     		str	r4, [r3]
 232              	.LBE32:
 233              	.LBE33:
  65:.\Generated_Source\PSoC4/ADC_IRQ.c **** }
 234              		.loc 1 65 0
 235 001a 10BD     		pop	{r4, pc}
ARM GAS  C:\Users\Sven\AppData\Local\Temp\ccQLuRka.s 			page 11


 236              	.L16:
 237              		.align	2
 238              	.L15:
 239 001c 80E100E0 		.word	-536813184
 240 0020 00000000 		.word	ADC_IRQ_Interrupt
 241 0024 00000000 		.word	CyRamVectors
 242 0028 00E100E0 		.word	-536813312
 243              		.cfi_endproc
 244              	.LFE0:
 245              		.size	ADC_IRQ_Start, .-ADC_IRQ_Start
 246              		.section	.text.ADC_IRQ_StartEx,"ax",%progbits
 247              		.align	1
 248              		.global	ADC_IRQ_StartEx
 249              		.code	16
 250              		.thumb_func
 251              		.type	ADC_IRQ_StartEx, %function
 252              	ADC_IRQ_StartEx:
 253              	.LFB1:
  83:.\Generated_Source\PSoC4/ADC_IRQ.c **** {
 254              		.loc 1 83 0
 255              		.cfi_startproc
 256              	.LVL7:
 257 0000 10B5     		push	{r4, lr}
 258              		.cfi_def_cfa_offset 8
 259              		.cfi_offset 4, -8
 260              		.cfi_offset 14, -4
 261              	.LBB34:
 262              	.LBB35:
 263              		.loc 1 303 0
 264 0002 064B     		ldr	r3, .L18
 265 0004 8024     		mov	r4, #128
 266 0006 E401     		lsl	r4, r4, #7
 267 0008 1C60     		str	r4, [r3]
 268              	.LVL8:
 269              	.LBE35:
 270              	.LBE34:
 271              	.LBB36:
 272              	.LBB37:
 165:.\Generated_Source\PSoC4/ADC_IRQ.c ****     CyRamVectors[CYINT_IRQ_BASE + ADC_IRQ__INTC_NUMBER] = address;
 273              		.loc 1 165 0
 274 000a 054B     		ldr	r3, .L18+4
 275              	.LBE37:
 276              	.LBE36:
  95:.\Generated_Source\PSoC4/ADC_IRQ.c **** }
 277              		.loc 1 95 0
 278              		@ sp needed
 279              	.LBB39:
 280              	.LBB38:
 165:.\Generated_Source\PSoC4/ADC_IRQ.c ****     CyRamVectors[CYINT_IRQ_BASE + ADC_IRQ__INTC_NUMBER] = address;
 281              		.loc 1 165 0
 282 000c 9867     		str	r0, [r3, #120]
 283              	.LBE38:
 284              	.LBE39:
  91:.\Generated_Source\PSoC4/ADC_IRQ.c ****     ADC_IRQ_SetPriority((uint8)ADC_IRQ_INTC_PRIOR_NUMBER);
 285              		.loc 1 91 0
 286 000e 0320     		mov	r0, #3
 287              	.LVL9:
ARM GAS  C:\Users\Sven\AppData\Local\Temp\ccQLuRka.s 			page 12


 288 0010 FFF7FEFF 		bl	ADC_IRQ_SetPriority
 289              	.LVL10:
 290              	.LBB40:
 291              	.LBB41:
 261:.\Generated_Source\PSoC4/ADC_IRQ.c ****     *ADC_IRQ_INTC_SET_EN = ADC_IRQ__INTC_MASK;
 292              		.loc 1 261 0
 293 0014 034B     		ldr	r3, .L18+8
 294 0016 1C60     		str	r4, [r3]
 295              	.LBE41:
 296              	.LBE40:
  95:.\Generated_Source\PSoC4/ADC_IRQ.c **** }
 297              		.loc 1 95 0
 298 0018 10BD     		pop	{r4, pc}
 299              	.L19:
 300 001a C046     		.align	2
 301              	.L18:
 302 001c 80E100E0 		.word	-536813184
 303 0020 00000000 		.word	CyRamVectors
 304 0024 00E100E0 		.word	-536813312
 305              		.cfi_endproc
 306              	.LFE1:
 307              		.size	ADC_IRQ_StartEx, .-ADC_IRQ_StartEx
 308              		.section	.text.ADC_IRQ_GetPriority,"ax",%progbits
 309              		.align	1
 310              		.global	ADC_IRQ_GetPriority
 311              		.code	16
 312              		.thumb_func
 313              		.type	ADC_IRQ_GetPriority, %function
 314              	ADC_IRQ_GetPriority:
 315              	.LFB7:
 234:.\Generated_Source\PSoC4/ADC_IRQ.c **** {
 316              		.loc 1 234 0
 317              		.cfi_startproc
 318              	.LVL11:
 238:.\Generated_Source\PSoC4/ADC_IRQ.c ****     priority = (*ADC_IRQ_INTC_PRIOR & ADC_IRQ__INTC_PRIOR_MASK) >> priorityOffset;
 319              		.loc 1 238 0
 320 0000 024B     		ldr	r3, .L21
 241:.\Generated_Source\PSoC4/ADC_IRQ.c **** }
 321              		.loc 1 241 0
 322              		@ sp needed
 238:.\Generated_Source\PSoC4/ADC_IRQ.c ****     priority = (*ADC_IRQ_INTC_PRIOR & ADC_IRQ__INTC_PRIOR_MASK) >> priorityOffset;
 323              		.loc 1 238 0
 324 0002 1868     		ldr	r0, [r3]
 325              	.LVL12:
 326 0004 0002     		lsl	r0, r0, #8
 327              	.LVL13:
 240:.\Generated_Source\PSoC4/ADC_IRQ.c ****     return (uint8)priority;
 328              		.loc 1 240 0
 329 0006 800F     		lsr	r0, r0, #30
 241:.\Generated_Source\PSoC4/ADC_IRQ.c **** }
 330              		.loc 1 241 0
 331 0008 7047     		bx	lr
 332              	.L22:
 333 000a C046     		.align	2
 334              	.L21:
 335 000c 0CE400E0 		.word	-536812532
 336              		.cfi_endproc
ARM GAS  C:\Users\Sven\AppData\Local\Temp\ccQLuRka.s 			page 13


 337              	.LFE7:
 338              		.size	ADC_IRQ_GetPriority, .-ADC_IRQ_GetPriority
 339              		.section	.text.ADC_IRQ_Enable,"ax",%progbits
 340              		.align	1
 341              		.global	ADC_IRQ_Enable
 342              		.code	16
 343              		.thumb_func
 344              		.type	ADC_IRQ_Enable, %function
 345              	ADC_IRQ_Enable:
 346              	.LFB8:
 259:.\Generated_Source\PSoC4/ADC_IRQ.c **** {
 347              		.loc 1 259 0
 348              		.cfi_startproc
 261:.\Generated_Source\PSoC4/ADC_IRQ.c ****     *ADC_IRQ_INTC_SET_EN = ADC_IRQ__INTC_MASK;
 349              		.loc 1 261 0
 350 0000 024B     		ldr	r3, .L24
 351 0002 8022     		mov	r2, #128
 352 0004 D201     		lsl	r2, r2, #7
 353 0006 1A60     		str	r2, [r3]
 262:.\Generated_Source\PSoC4/ADC_IRQ.c **** }
 354              		.loc 1 262 0
 355              		@ sp needed
 356 0008 7047     		bx	lr
 357              	.L25:
 358 000a C046     		.align	2
 359              	.L24:
 360 000c 00E100E0 		.word	-536813312
 361              		.cfi_endproc
 362              	.LFE8:
 363              		.size	ADC_IRQ_Enable, .-ADC_IRQ_Enable
 364              		.section	.text.ADC_IRQ_GetState,"ax",%progbits
 365              		.align	1
 366              		.global	ADC_IRQ_GetState
 367              		.code	16
 368              		.thumb_func
 369              		.type	ADC_IRQ_GetState, %function
 370              	ADC_IRQ_GetState:
 371              	.LFB9:
 280:.\Generated_Source\PSoC4/ADC_IRQ.c **** {
 372              		.loc 1 280 0
 373              		.cfi_startproc
 282:.\Generated_Source\PSoC4/ADC_IRQ.c ****     return ((*ADC_IRQ_INTC_SET_EN & (uint32)ADC_IRQ__INTC_MASK) != 0u) ? 1u:0u;
 374              		.loc 1 282 0
 375 0000 024B     		ldr	r3, .L27
 283:.\Generated_Source\PSoC4/ADC_IRQ.c **** }
 376              		.loc 1 283 0
 377              		@ sp needed
 282:.\Generated_Source\PSoC4/ADC_IRQ.c ****     return ((*ADC_IRQ_INTC_SET_EN & (uint32)ADC_IRQ__INTC_MASK) != 0u) ? 1u:0u;
 378              		.loc 1 282 0
 379 0002 1868     		ldr	r0, [r3]
 380 0004 4004     		lsl	r0, r0, #17
 381 0006 C00F     		lsr	r0, r0, #31
 283:.\Generated_Source\PSoC4/ADC_IRQ.c **** }
 382              		.loc 1 283 0
 383 0008 7047     		bx	lr
 384              	.L28:
 385 000a C046     		.align	2
ARM GAS  C:\Users\Sven\AppData\Local\Temp\ccQLuRka.s 			page 14


 386              	.L27:
 387 000c 00E100E0 		.word	-536813312
 388              		.cfi_endproc
 389              	.LFE9:
 390              		.size	ADC_IRQ_GetState, .-ADC_IRQ_GetState
 391              		.section	.text.ADC_IRQ_Disable,"ax",%progbits
 392              		.align	1
 393              		.global	ADC_IRQ_Disable
 394              		.code	16
 395              		.thumb_func
 396              		.type	ADC_IRQ_Disable, %function
 397              	ADC_IRQ_Disable:
 398              	.LFB10:
 301:.\Generated_Source\PSoC4/ADC_IRQ.c **** {
 399              		.loc 1 301 0
 400              		.cfi_startproc
 401              		.loc 1 303 0
 402 0000 024B     		ldr	r3, .L30
 403 0002 8022     		mov	r2, #128
 404 0004 D201     		lsl	r2, r2, #7
 405 0006 1A60     		str	r2, [r3]
 304:.\Generated_Source\PSoC4/ADC_IRQ.c **** }
 406              		.loc 1 304 0
 407              		@ sp needed
 408 0008 7047     		bx	lr
 409              	.L31:
 410 000a C046     		.align	2
 411              	.L30:
 412 000c 80E100E0 		.word	-536813184
 413              		.cfi_endproc
 414              	.LFE10:
 415              		.size	ADC_IRQ_Disable, .-ADC_IRQ_Disable
 416              		.section	.text.ADC_IRQ_SetPending,"ax",%progbits
 417              		.align	1
 418              		.global	ADC_IRQ_SetPending
 419              		.code	16
 420              		.thumb_func
 421              		.type	ADC_IRQ_SetPending, %function
 422              	ADC_IRQ_SetPending:
 423              	.LFB11:
 305:.\Generated_Source\PSoC4/ADC_IRQ.c **** 
 306:.\Generated_Source\PSoC4/ADC_IRQ.c **** 
 307:.\Generated_Source\PSoC4/ADC_IRQ.c **** /*******************************************************************************
 308:.\Generated_Source\PSoC4/ADC_IRQ.c **** * Function Name: ADC_IRQ_SetPending
 309:.\Generated_Source\PSoC4/ADC_IRQ.c **** ********************************************************************************
 310:.\Generated_Source\PSoC4/ADC_IRQ.c **** *
 311:.\Generated_Source\PSoC4/ADC_IRQ.c **** * Summary:
 312:.\Generated_Source\PSoC4/ADC_IRQ.c **** *   Causes the Interrupt to enter the pending state, a software method of
 313:.\Generated_Source\PSoC4/ADC_IRQ.c **** *   generating the interrupt.
 314:.\Generated_Source\PSoC4/ADC_IRQ.c **** *
 315:.\Generated_Source\PSoC4/ADC_IRQ.c **** * Parameters:
 316:.\Generated_Source\PSoC4/ADC_IRQ.c **** *   None
 317:.\Generated_Source\PSoC4/ADC_IRQ.c **** *
 318:.\Generated_Source\PSoC4/ADC_IRQ.c **** * Return:
 319:.\Generated_Source\PSoC4/ADC_IRQ.c **** *   None
 320:.\Generated_Source\PSoC4/ADC_IRQ.c **** *
 321:.\Generated_Source\PSoC4/ADC_IRQ.c **** *******************************************************************************/
ARM GAS  C:\Users\Sven\AppData\Local\Temp\ccQLuRka.s 			page 15


 322:.\Generated_Source\PSoC4/ADC_IRQ.c **** void ADC_IRQ_SetPending(void)
 323:.\Generated_Source\PSoC4/ADC_IRQ.c **** {
 424              		.loc 1 323 0
 425              		.cfi_startproc
 324:.\Generated_Source\PSoC4/ADC_IRQ.c ****     *ADC_IRQ_INTC_SET_PD = ADC_IRQ__INTC_MASK;
 426              		.loc 1 324 0
 427 0000 024B     		ldr	r3, .L33
 428 0002 8022     		mov	r2, #128
 429 0004 D201     		lsl	r2, r2, #7
 430 0006 1A60     		str	r2, [r3]
 325:.\Generated_Source\PSoC4/ADC_IRQ.c **** }
 431              		.loc 1 325 0
 432              		@ sp needed
 433 0008 7047     		bx	lr
 434              	.L34:
 435 000a C046     		.align	2
 436              	.L33:
 437 000c 00E200E0 		.word	-536813056
 438              		.cfi_endproc
 439              	.LFE11:
 440              		.size	ADC_IRQ_SetPending, .-ADC_IRQ_SetPending
 441              		.section	.text.ADC_IRQ_ClearPending,"ax",%progbits
 442              		.align	1
 443              		.global	ADC_IRQ_ClearPending
 444              		.code	16
 445              		.thumb_func
 446              		.type	ADC_IRQ_ClearPending, %function
 447              	ADC_IRQ_ClearPending:
 448              	.LFB12:
 326:.\Generated_Source\PSoC4/ADC_IRQ.c **** 
 327:.\Generated_Source\PSoC4/ADC_IRQ.c **** 
 328:.\Generated_Source\PSoC4/ADC_IRQ.c **** /*******************************************************************************
 329:.\Generated_Source\PSoC4/ADC_IRQ.c **** * Function Name: ADC_IRQ_ClearPending
 330:.\Generated_Source\PSoC4/ADC_IRQ.c **** ********************************************************************************
 331:.\Generated_Source\PSoC4/ADC_IRQ.c **** *
 332:.\Generated_Source\PSoC4/ADC_IRQ.c **** * Summary:
 333:.\Generated_Source\PSoC4/ADC_IRQ.c **** *   Clears a pending interrupt.
 334:.\Generated_Source\PSoC4/ADC_IRQ.c **** *
 335:.\Generated_Source\PSoC4/ADC_IRQ.c **** * Parameters:
 336:.\Generated_Source\PSoC4/ADC_IRQ.c **** *   None
 337:.\Generated_Source\PSoC4/ADC_IRQ.c **** *
 338:.\Generated_Source\PSoC4/ADC_IRQ.c **** * Return:
 339:.\Generated_Source\PSoC4/ADC_IRQ.c **** *   None
 340:.\Generated_Source\PSoC4/ADC_IRQ.c **** *
 341:.\Generated_Source\PSoC4/ADC_IRQ.c **** *******************************************************************************/
 342:.\Generated_Source\PSoC4/ADC_IRQ.c **** void ADC_IRQ_ClearPending(void)
 343:.\Generated_Source\PSoC4/ADC_IRQ.c **** {
 449              		.loc 1 343 0
 450              		.cfi_startproc
 344:.\Generated_Source\PSoC4/ADC_IRQ.c ****     *ADC_IRQ_INTC_CLR_PD = ADC_IRQ__INTC_MASK;
 451              		.loc 1 344 0
 452 0000 024B     		ldr	r3, .L36
 453 0002 8022     		mov	r2, #128
 454 0004 D201     		lsl	r2, r2, #7
 455 0006 1A60     		str	r2, [r3]
 345:.\Generated_Source\PSoC4/ADC_IRQ.c **** }
 456              		.loc 1 345 0
ARM GAS  C:\Users\Sven\AppData\Local\Temp\ccQLuRka.s 			page 16


 457              		@ sp needed
 458 0008 7047     		bx	lr
 459              	.L37:
 460 000a C046     		.align	2
 461              	.L36:
 462 000c 80E200E0 		.word	-536812928
 463              		.cfi_endproc
 464              	.LFE12:
 465              		.size	ADC_IRQ_ClearPending, .-ADC_IRQ_ClearPending
 466              		.text
 467              	.Letext0:
 468              		.file 2 ".\\Generated_Source\\PSoC4/cytypes.h"
 469              		.file 3 ".\\Generated_Source\\PSoC4/CyLib.h"
 470              		.section	.debug_info,"",%progbits
 471              	.Ldebug_info0:
 472 0000 47030000 		.4byte	0x347
 473 0004 0400     		.2byte	0x4
 474 0006 00000000 		.4byte	.Ldebug_abbrev0
 475 000a 04       		.byte	0x4
 476 000b 01       		.uleb128 0x1
 477 000c 1F020000 		.4byte	.LASF32
 478 0010 01       		.byte	0x1
 479 0011 A0000000 		.4byte	.LASF33
 480 0015 06000000 		.4byte	.LASF34
 481 0019 60000000 		.4byte	.Ldebug_ranges0+0x60
 482 001d 00000000 		.4byte	0
 483 0021 00000000 		.4byte	.Ldebug_line0
 484 0025 02       		.uleb128 0x2
 485 0026 01       		.byte	0x1
 486 0027 06       		.byte	0x6
 487 0028 D6020000 		.4byte	.LASF0
 488 002c 02       		.uleb128 0x2
 489 002d 01       		.byte	0x1
 490 002e 08       		.byte	0x8
 491 002f 04010000 		.4byte	.LASF1
 492 0033 02       		.uleb128 0x2
 493 0034 02       		.byte	0x2
 494 0035 05       		.byte	0x5
 495 0036 15020000 		.4byte	.LASF2
 496 003a 02       		.uleb128 0x2
 497 003b 02       		.byte	0x2
 498 003c 07       		.byte	0x7
 499 003d 7C000000 		.4byte	.LASF3
 500 0041 02       		.uleb128 0x2
 501 0042 04       		.byte	0x4
 502 0043 05       		.byte	0x5
 503 0044 CD020000 		.4byte	.LASF4
 504 0048 02       		.uleb128 0x2
 505 0049 04       		.byte	0x4
 506 004a 07       		.byte	0x7
 507 004b 21010000 		.4byte	.LASF5
 508 004f 02       		.uleb128 0x2
 509 0050 08       		.byte	0x8
 510 0051 05       		.byte	0x5
 511 0052 02020000 		.4byte	.LASF6
 512 0056 02       		.uleb128 0x2
 513 0057 08       		.byte	0x8
ARM GAS  C:\Users\Sven\AppData\Local\Temp\ccQLuRka.s 			page 17


 514 0058 07       		.byte	0x7
 515 0059 ED000000 		.4byte	.LASF7
 516 005d 03       		.uleb128 0x3
 517 005e 04       		.byte	0x4
 518 005f 05       		.byte	0x5
 519 0060 696E7400 		.ascii	"int\000"
 520 0064 02       		.uleb128 0x2
 521 0065 04       		.byte	0x4
 522 0066 07       		.byte	0x7
 523 0067 B1010000 		.4byte	.LASF8
 524 006b 04       		.uleb128 0x4
 525 006c 33010000 		.4byte	.LASF9
 526 0070 02       		.byte	0x2
 527 0071 A1       		.byte	0xa1
 528 0072 2C000000 		.4byte	0x2c
 529 0076 04       		.uleb128 0x4
 530 0077 93010000 		.4byte	.LASF10
 531 007b 02       		.byte	0x2
 532 007c A3       		.byte	0xa3
 533 007d 48000000 		.4byte	0x48
 534 0081 02       		.uleb128 0x2
 535 0082 04       		.byte	0x4
 536 0083 04       		.byte	0x4
 537 0084 E7000000 		.4byte	.LASF11
 538 0088 02       		.uleb128 0x2
 539 0089 08       		.byte	0x8
 540 008a 04       		.byte	0x4
 541 008b 6A010000 		.4byte	.LASF12
 542 008f 02       		.uleb128 0x2
 543 0090 01       		.byte	0x1
 544 0091 08       		.byte	0x8
 545 0092 10020000 		.4byte	.LASF13
 546 0096 05       		.uleb128 0x5
 547 0097 00000000 		.4byte	.LASF14
 548 009b 02       		.byte	0x2
 549 009c 4D01     		.2byte	0x14d
 550 009e A2000000 		.4byte	0xa2
 551 00a2 06       		.uleb128 0x6
 552 00a3 76000000 		.4byte	0x76
 553 00a7 05       		.uleb128 0x5
 554 00a8 DC010000 		.4byte	.LASF15
 555 00ac 02       		.byte	0x2
 556 00ad 5D01     		.2byte	0x15d
 557 00af B3000000 		.4byte	0xb3
 558 00b3 07       		.uleb128 0x7
 559 00b4 04       		.byte	0x4
 560 00b5 B9000000 		.4byte	0xb9
 561 00b9 08       		.uleb128 0x8
 562 00ba 02       		.uleb128 0x2
 563 00bb 04       		.byte	0x4
 564 00bc 07       		.byte	0x7
 565 00bd F9010000 		.4byte	.LASF16
 566 00c1 09       		.uleb128 0x9
 567 00c2 AE020000 		.4byte	.LASF17
 568 00c6 01       		.byte	0x1
 569 00c7 2C01     		.2byte	0x12c
 570 00c9 01       		.byte	0x1
ARM GAS  C:\Users\Sven\AppData\Local\Temp\ccQLuRka.s 			page 18


 571 00ca 0A       		.uleb128 0xa
 572 00cb 6A000000 		.4byte	.LASF35
 573 00cf 01       		.byte	0x1
 574 00d0 A3       		.byte	0xa3
 575 00d1 01       		.byte	0x1
 576 00d2 E2000000 		.4byte	0xe2
 577 00d6 0B       		.uleb128 0xb
 578 00d7 BE010000 		.4byte	.LASF26
 579 00db 01       		.byte	0x1
 580 00dc A3       		.byte	0xa3
 581 00dd A7000000 		.4byte	0xa7
 582 00e1 00       		.byte	0
 583 00e2 09       		.uleb128 0x9
 584 00e3 F6020000 		.4byte	.LASF18
 585 00e7 01       		.byte	0x1
 586 00e8 0201     		.2byte	0x102
 587 00ea 01       		.byte	0x1
 588 00eb 0C       		.uleb128 0xc
 589 00ec D5000000 		.4byte	.LASF29
 590 00f0 01       		.byte	0x1
 591 00f1 8A       		.byte	0x8a
 592 00f2 00000000 		.4byte	.LFB3
 593 00f6 02000000 		.4byte	.LFE3-.LFB3
 594 00fa 01       		.uleb128 0x1
 595 00fb 9C       		.byte	0x9c
 596 00fc 0D       		.uleb128 0xd
 597 00fd 5D000000 		.4byte	.LASF19
 598 0101 01       		.byte	0x1
 599 0102 6F       		.byte	0x6f
 600 0103 00000000 		.4byte	.LFB2
 601 0107 1C000000 		.4byte	.LFE2-.LFB2
 602 010b 01       		.uleb128 0x1
 603 010c 9C       		.byte	0x9c
 604 010d 36010000 		.4byte	0x136
 605 0111 0E       		.uleb128 0xe
 606 0112 C1000000 		.4byte	0xc1
 607 0116 00000000 		.4byte	.LBB18
 608 011a 08000000 		.4byte	.LBE18-.LBB18
 609 011e 01       		.byte	0x1
 610 011f 72       		.byte	0x72
 611 0120 0F       		.uleb128 0xf
 612 0121 CA000000 		.4byte	0xca
 613 0125 08000000 		.4byte	.LBB20
 614 0129 00000000 		.4byte	.Ldebug_ranges0+0
 615 012d 01       		.byte	0x1
 616 012e 75       		.byte	0x75
 617 012f 10       		.uleb128 0x10
 618 0130 D6000000 		.4byte	0xd6
 619 0134 00       		.byte	0
 620 0135 00       		.byte	0
 621 0136 11       		.uleb128 0x11
 622 0137 CA000000 		.4byte	0xca
 623 013b 00000000 		.4byte	.LFB4
 624 013f 0C000000 		.4byte	.LFE4-.LFB4
 625 0143 01       		.uleb128 0x1
 626 0144 9C       		.byte	0x9c
 627 0145 51010000 		.4byte	0x151
ARM GAS  C:\Users\Sven\AppData\Local\Temp\ccQLuRka.s 			page 19


 628 0149 12       		.uleb128 0x12
 629 014a D6000000 		.4byte	0xd6
 630 014e 01       		.uleb128 0x1
 631 014f 50       		.byte	0x50
 632 0150 00       		.byte	0
 633 0151 13       		.uleb128 0x13
 634 0152 C3000000 		.4byte	.LASF27
 635 0156 01       		.byte	0x1
 636 0157 B7       		.byte	0xb7
 637 0158 A7000000 		.4byte	0xa7
 638 015c 00000000 		.4byte	.LFB5
 639 0160 0C000000 		.4byte	.LFE5-.LFB5
 640 0164 01       		.uleb128 0x1
 641 0165 9C       		.byte	0x9c
 642 0166 0D       		.uleb128 0xd
 643 0167 E2020000 		.4byte	.LASF20
 644 016b 01       		.byte	0x1
 645 016c CF       		.byte	0xcf
 646 016d 00000000 		.4byte	.LFB6
 647 0171 28000000 		.4byte	.LFE6-.LFB6
 648 0175 01       		.uleb128 0x1
 649 0176 9C       		.byte	0x9c
 650 0177 B8010000 		.4byte	0x1b8
 651 017b 14       		.uleb128 0x14
 652 017c 39010000 		.4byte	.LASF25
 653 0180 01       		.byte	0x1
 654 0181 CF       		.byte	0xcf
 655 0182 6B000000 		.4byte	0x6b
 656 0186 00000000 		.4byte	.LLST0
 657 018a 15       		.uleb128 0x15
 658 018b 12010000 		.4byte	.LASF21
 659 018f 01       		.byte	0x1
 660 0190 D1       		.byte	0xd1
 661 0191 6B000000 		.4byte	0x6b
 662 0195 21000000 		.4byte	.LLST1
 663 0199 16       		.uleb128 0x16
 664 019a BE020000 		.4byte	.LASF22
 665 019e 01       		.byte	0x1
 666 019f D2       		.byte	0xd2
 667 01a0 76000000 		.4byte	0x76
 668 01a4 16       		.byte	0x16
 669 01a5 17       		.uleb128 0x17
 670 01a6 08000000 		.4byte	.LVL3
 671 01aa 32030000 		.4byte	0x332
 672 01ae 17       		.uleb128 0x17
 673 01af 1C000000 		.4byte	.LVL4
 674 01b3 3D030000 		.4byte	0x33d
 675 01b7 00       		.byte	0
 676 01b8 0D       		.uleb128 0xd
 677 01b9 71010000 		.4byte	.LASF23
 678 01bd 01       		.byte	0x1
 679 01be 34       		.byte	0x34
 680 01bf 00000000 		.4byte	.LFB0
 681 01c3 2C000000 		.4byte	.LFE0-.LFB0
 682 01c7 01       		.uleb128 0x1
 683 01c8 9C       		.byte	0x9c
 684 01c9 1B020000 		.4byte	0x21b
ARM GAS  C:\Users\Sven\AppData\Local\Temp\ccQLuRka.s 			page 20


 685 01cd 0E       		.uleb128 0xe
 686 01ce C1000000 		.4byte	0xc1
 687 01d2 02000000 		.4byte	.LBB24
 688 01d6 08000000 		.4byte	.LBE24-.LBB24
 689 01da 01       		.byte	0x1
 690 01db 37       		.byte	0x37
 691 01dc 18       		.uleb128 0x18
 692 01dd CA000000 		.4byte	0xca
 693 01e1 0A000000 		.4byte	.LBB26
 694 01e5 18000000 		.4byte	.Ldebug_ranges0+0x18
 695 01e9 01       		.byte	0x1
 696 01ea 3A       		.byte	0x3a
 697 01eb FC010000 		.4byte	0x1fc
 698 01ef 12       		.uleb128 0x12
 699 01f0 D6000000 		.4byte	0xd6
 700 01f4 06       		.uleb128 0x6
 701 01f5 03       		.byte	0x3
 702 01f6 00000000 		.4byte	ADC_IRQ_Interrupt
 703 01fa 9F       		.byte	0x9f
 704 01fb 00       		.byte	0
 705 01fc 19       		.uleb128 0x19
 706 01fd E2000000 		.4byte	0xe2
 707 0201 16000000 		.4byte	.LBB30
 708 0205 30000000 		.4byte	.Ldebug_ranges0+0x30
 709 0209 01       		.byte	0x1
 710 020a 40       		.byte	0x40
 711 020b 1A       		.uleb128 0x1a
 712 020c 16000000 		.4byte	.LVL6
 713 0210 66010000 		.4byte	0x166
 714 0214 1B       		.uleb128 0x1b
 715 0215 01       		.uleb128 0x1
 716 0216 50       		.byte	0x50
 717 0217 01       		.uleb128 0x1
 718 0218 33       		.byte	0x33
 719 0219 00       		.byte	0
 720 021a 00       		.byte	0
 721 021b 0D       		.uleb128 0xd
 722 021c E9010000 		.4byte	.LASF24
 723 0220 01       		.byte	0x1
 724 0221 52       		.byte	0x52
 725 0222 00000000 		.4byte	.LFB1
 726 0226 28000000 		.4byte	.LFE1-.LFB1
 727 022a 01       		.uleb128 0x1
 728 022b 9C       		.byte	0x9c
 729 022c 8A020000 		.4byte	0x28a
 730 0230 14       		.uleb128 0x14
 731 0231 BE010000 		.4byte	.LASF26
 732 0235 01       		.byte	0x1
 733 0236 52       		.byte	0x52
 734 0237 A7000000 		.4byte	0xa7
 735 023b 34000000 		.4byte	.LLST2
 736 023f 0E       		.uleb128 0xe
 737 0240 C1000000 		.4byte	0xc1
 738 0244 02000000 		.4byte	.LBB34
 739 0248 08000000 		.4byte	.LBE34-.LBB34
 740 024c 01       		.byte	0x1
 741 024d 55       		.byte	0x55
ARM GAS  C:\Users\Sven\AppData\Local\Temp\ccQLuRka.s 			page 21


 742 024e 18       		.uleb128 0x18
 743 024f CA000000 		.4byte	0xca
 744 0253 0A000000 		.4byte	.LBB36
 745 0257 48000000 		.4byte	.Ldebug_ranges0+0x48
 746 025b 01       		.byte	0x1
 747 025c 58       		.byte	0x58
 748 025d 6B020000 		.4byte	0x26b
 749 0261 1C       		.uleb128 0x1c
 750 0262 D6000000 		.4byte	0xd6
 751 0266 62000000 		.4byte	.LLST3
 752 026a 00       		.byte	0
 753 026b 0E       		.uleb128 0xe
 754 026c E2000000 		.4byte	0xe2
 755 0270 14000000 		.4byte	.LBB40
 756 0274 04000000 		.4byte	.LBE40-.LBB40
 757 0278 01       		.byte	0x1
 758 0279 5E       		.byte	0x5e
 759 027a 1A       		.uleb128 0x1a
 760 027b 14000000 		.4byte	.LVL10
 761 027f 66010000 		.4byte	0x166
 762 0283 1B       		.uleb128 0x1b
 763 0284 01       		.uleb128 0x1
 764 0285 50       		.byte	0x50
 765 0286 01       		.uleb128 0x1
 766 0287 33       		.byte	0x33
 767 0288 00       		.byte	0
 768 0289 00       		.byte	0
 769 028a 1D       		.uleb128 0x1d
 770 028b 7F010000 		.4byte	.LASF36
 771 028f 01       		.byte	0x1
 772 0290 E9       		.byte	0xe9
 773 0291 6B000000 		.4byte	0x6b
 774 0295 00000000 		.4byte	.LFB7
 775 0299 10000000 		.4byte	.LFE7-.LFB7
 776 029d 01       		.uleb128 0x1
 777 029e 9C       		.byte	0x9c
 778 029f BF020000 		.4byte	0x2bf
 779 02a3 15       		.uleb128 0x15
 780 02a4 39010000 		.4byte	.LASF25
 781 02a8 01       		.byte	0x1
 782 02a9 EB       		.byte	0xeb
 783 02aa 76000000 		.4byte	0x76
 784 02ae 90000000 		.4byte	.LLST4
 785 02b2 16       		.uleb128 0x16
 786 02b3 BE020000 		.4byte	.LASF22
 787 02b7 01       		.byte	0x1
 788 02b8 EC       		.byte	0xec
 789 02b9 76000000 		.4byte	0x76
 790 02bd 16       		.byte	0x16
 791 02be 00       		.byte	0
 792 02bf 1E       		.uleb128 0x1e
 793 02c0 E2000000 		.4byte	0xe2
 794 02c4 00000000 		.4byte	.LFB8
 795 02c8 10000000 		.4byte	.LFE8-.LFB8
 796 02cc 01       		.uleb128 0x1
 797 02cd 9C       		.byte	0x9c
 798 02ce 1F       		.uleb128 0x1f
ARM GAS  C:\Users\Sven\AppData\Local\Temp\ccQLuRka.s 			page 22


 799 02cf 8F000000 		.4byte	.LASF28
 800 02d3 01       		.byte	0x1
 801 02d4 1701     		.2byte	0x117
 802 02d6 6B000000 		.4byte	0x6b
 803 02da 00000000 		.4byte	.LFB9
 804 02de 10000000 		.4byte	.LFE9-.LFB9
 805 02e2 01       		.uleb128 0x1
 806 02e3 9C       		.byte	0x9c
 807 02e4 1E       		.uleb128 0x1e
 808 02e5 C1000000 		.4byte	0xc1
 809 02e9 00000000 		.4byte	.LFB10
 810 02ed 10000000 		.4byte	.LFE10-.LFB10
 811 02f1 01       		.uleb128 0x1
 812 02f2 9C       		.byte	0x9c
 813 02f3 20       		.uleb128 0x20
 814 02f4 42010000 		.4byte	.LASF30
 815 02f8 01       		.byte	0x1
 816 02f9 4201     		.2byte	0x142
 817 02fb 00000000 		.4byte	.LFB11
 818 02ff 10000000 		.4byte	.LFE11-.LFB11
 819 0303 01       		.uleb128 0x1
 820 0304 9C       		.byte	0x9c
 821 0305 20       		.uleb128 0x20
 822 0306 55010000 		.4byte	.LASF31
 823 030a 01       		.byte	0x1
 824 030b 5601     		.2byte	0x156
 825 030d 00000000 		.4byte	.LFB12
 826 0311 10000000 		.4byte	.LFE12-.LFB12
 827 0315 01       		.uleb128 0x1
 828 0316 9C       		.byte	0x9c
 829 0317 21       		.uleb128 0x21
 830 0318 A7000000 		.4byte	0xa7
 831 031c 27030000 		.4byte	0x327
 832 0320 22       		.uleb128 0x22
 833 0321 BA000000 		.4byte	0xba
 834 0325 2F       		.byte	0x2f
 835 0326 00       		.byte	0
 836 0327 23       		.uleb128 0x23
 837 0328 50000000 		.4byte	.LASF37
 838 032c 01       		.byte	0x1
 839 032d 20       		.byte	0x20
 840 032e 17030000 		.4byte	0x317
 841 0332 24       		.uleb128 0x24
 842 0333 9A010000 		.4byte	.LASF38
 843 0337 03       		.byte	0x3
 844 0338 82       		.byte	0x82
 845 0339 6B000000 		.4byte	0x6b
 846 033d 25       		.uleb128 0x25
 847 033e C6010000 		.4byte	.LASF39
 848 0342 03       		.byte	0x3
 849 0343 83       		.byte	0x83
 850 0344 26       		.uleb128 0x26
 851 0345 6B000000 		.4byte	0x6b
 852 0349 00       		.byte	0
 853 034a 00       		.byte	0
 854              		.section	.debug_abbrev,"",%progbits
 855              	.Ldebug_abbrev0:
ARM GAS  C:\Users\Sven\AppData\Local\Temp\ccQLuRka.s 			page 23


 856 0000 01       		.uleb128 0x1
 857 0001 11       		.uleb128 0x11
 858 0002 01       		.byte	0x1
 859 0003 25       		.uleb128 0x25
 860 0004 0E       		.uleb128 0xe
 861 0005 13       		.uleb128 0x13
 862 0006 0B       		.uleb128 0xb
 863 0007 03       		.uleb128 0x3
 864 0008 0E       		.uleb128 0xe
 865 0009 1B       		.uleb128 0x1b
 866 000a 0E       		.uleb128 0xe
 867 000b 55       		.uleb128 0x55
 868 000c 17       		.uleb128 0x17
 869 000d 11       		.uleb128 0x11
 870 000e 01       		.uleb128 0x1
 871 000f 10       		.uleb128 0x10
 872 0010 17       		.uleb128 0x17
 873 0011 00       		.byte	0
 874 0012 00       		.byte	0
 875 0013 02       		.uleb128 0x2
 876 0014 24       		.uleb128 0x24
 877 0015 00       		.byte	0
 878 0016 0B       		.uleb128 0xb
 879 0017 0B       		.uleb128 0xb
 880 0018 3E       		.uleb128 0x3e
 881 0019 0B       		.uleb128 0xb
 882 001a 03       		.uleb128 0x3
 883 001b 0E       		.uleb128 0xe
 884 001c 00       		.byte	0
 885 001d 00       		.byte	0
 886 001e 03       		.uleb128 0x3
 887 001f 24       		.uleb128 0x24
 888 0020 00       		.byte	0
 889 0021 0B       		.uleb128 0xb
 890 0022 0B       		.uleb128 0xb
 891 0023 3E       		.uleb128 0x3e
 892 0024 0B       		.uleb128 0xb
 893 0025 03       		.uleb128 0x3
 894 0026 08       		.uleb128 0x8
 895 0027 00       		.byte	0
 896 0028 00       		.byte	0
 897 0029 04       		.uleb128 0x4
 898 002a 16       		.uleb128 0x16
 899 002b 00       		.byte	0
 900 002c 03       		.uleb128 0x3
 901 002d 0E       		.uleb128 0xe
 902 002e 3A       		.uleb128 0x3a
 903 002f 0B       		.uleb128 0xb
 904 0030 3B       		.uleb128 0x3b
 905 0031 0B       		.uleb128 0xb
 906 0032 49       		.uleb128 0x49
 907 0033 13       		.uleb128 0x13
 908 0034 00       		.byte	0
 909 0035 00       		.byte	0
 910 0036 05       		.uleb128 0x5
 911 0037 16       		.uleb128 0x16
 912 0038 00       		.byte	0
ARM GAS  C:\Users\Sven\AppData\Local\Temp\ccQLuRka.s 			page 24


 913 0039 03       		.uleb128 0x3
 914 003a 0E       		.uleb128 0xe
 915 003b 3A       		.uleb128 0x3a
 916 003c 0B       		.uleb128 0xb
 917 003d 3B       		.uleb128 0x3b
 918 003e 05       		.uleb128 0x5
 919 003f 49       		.uleb128 0x49
 920 0040 13       		.uleb128 0x13
 921 0041 00       		.byte	0
 922 0042 00       		.byte	0
 923 0043 06       		.uleb128 0x6
 924 0044 35       		.uleb128 0x35
 925 0045 00       		.byte	0
 926 0046 49       		.uleb128 0x49
 927 0047 13       		.uleb128 0x13
 928 0048 00       		.byte	0
 929 0049 00       		.byte	0
 930 004a 07       		.uleb128 0x7
 931 004b 0F       		.uleb128 0xf
 932 004c 00       		.byte	0
 933 004d 0B       		.uleb128 0xb
 934 004e 0B       		.uleb128 0xb
 935 004f 49       		.uleb128 0x49
 936 0050 13       		.uleb128 0x13
 937 0051 00       		.byte	0
 938 0052 00       		.byte	0
 939 0053 08       		.uleb128 0x8
 940 0054 15       		.uleb128 0x15
 941 0055 00       		.byte	0
 942 0056 27       		.uleb128 0x27
 943 0057 19       		.uleb128 0x19
 944 0058 00       		.byte	0
 945 0059 00       		.byte	0
 946 005a 09       		.uleb128 0x9
 947 005b 2E       		.uleb128 0x2e
 948 005c 00       		.byte	0
 949 005d 3F       		.uleb128 0x3f
 950 005e 19       		.uleb128 0x19
 951 005f 03       		.uleb128 0x3
 952 0060 0E       		.uleb128 0xe
 953 0061 3A       		.uleb128 0x3a
 954 0062 0B       		.uleb128 0xb
 955 0063 3B       		.uleb128 0x3b
 956 0064 05       		.uleb128 0x5
 957 0065 27       		.uleb128 0x27
 958 0066 19       		.uleb128 0x19
 959 0067 20       		.uleb128 0x20
 960 0068 0B       		.uleb128 0xb
 961 0069 00       		.byte	0
 962 006a 00       		.byte	0
 963 006b 0A       		.uleb128 0xa
 964 006c 2E       		.uleb128 0x2e
 965 006d 01       		.byte	0x1
 966 006e 3F       		.uleb128 0x3f
 967 006f 19       		.uleb128 0x19
 968 0070 03       		.uleb128 0x3
 969 0071 0E       		.uleb128 0xe
ARM GAS  C:\Users\Sven\AppData\Local\Temp\ccQLuRka.s 			page 25


 970 0072 3A       		.uleb128 0x3a
 971 0073 0B       		.uleb128 0xb
 972 0074 3B       		.uleb128 0x3b
 973 0075 0B       		.uleb128 0xb
 974 0076 27       		.uleb128 0x27
 975 0077 19       		.uleb128 0x19
 976 0078 20       		.uleb128 0x20
 977 0079 0B       		.uleb128 0xb
 978 007a 01       		.uleb128 0x1
 979 007b 13       		.uleb128 0x13
 980 007c 00       		.byte	0
 981 007d 00       		.byte	0
 982 007e 0B       		.uleb128 0xb
 983 007f 05       		.uleb128 0x5
 984 0080 00       		.byte	0
 985 0081 03       		.uleb128 0x3
 986 0082 0E       		.uleb128 0xe
 987 0083 3A       		.uleb128 0x3a
 988 0084 0B       		.uleb128 0xb
 989 0085 3B       		.uleb128 0x3b
 990 0086 0B       		.uleb128 0xb
 991 0087 49       		.uleb128 0x49
 992 0088 13       		.uleb128 0x13
 993 0089 00       		.byte	0
 994 008a 00       		.byte	0
 995 008b 0C       		.uleb128 0xc
 996 008c 2E       		.uleb128 0x2e
 997 008d 00       		.byte	0
 998 008e 3F       		.uleb128 0x3f
 999 008f 19       		.uleb128 0x19
 1000 0090 03       		.uleb128 0x3
 1001 0091 0E       		.uleb128 0xe
 1002 0092 3A       		.uleb128 0x3a
 1003 0093 0B       		.uleb128 0xb
 1004 0094 3B       		.uleb128 0x3b
 1005 0095 0B       		.uleb128 0xb
 1006 0096 27       		.uleb128 0x27
 1007 0097 19       		.uleb128 0x19
 1008 0098 11       		.uleb128 0x11
 1009 0099 01       		.uleb128 0x1
 1010 009a 12       		.uleb128 0x12
 1011 009b 06       		.uleb128 0x6
 1012 009c 40       		.uleb128 0x40
 1013 009d 18       		.uleb128 0x18
 1014 009e 9742     		.uleb128 0x2117
 1015 00a0 19       		.uleb128 0x19
 1016 00a1 00       		.byte	0
 1017 00a2 00       		.byte	0
 1018 00a3 0D       		.uleb128 0xd
 1019 00a4 2E       		.uleb128 0x2e
 1020 00a5 01       		.byte	0x1
 1021 00a6 3F       		.uleb128 0x3f
 1022 00a7 19       		.uleb128 0x19
 1023 00a8 03       		.uleb128 0x3
 1024 00a9 0E       		.uleb128 0xe
 1025 00aa 3A       		.uleb128 0x3a
 1026 00ab 0B       		.uleb128 0xb
ARM GAS  C:\Users\Sven\AppData\Local\Temp\ccQLuRka.s 			page 26


 1027 00ac 3B       		.uleb128 0x3b
 1028 00ad 0B       		.uleb128 0xb
 1029 00ae 27       		.uleb128 0x27
 1030 00af 19       		.uleb128 0x19
 1031 00b0 11       		.uleb128 0x11
 1032 00b1 01       		.uleb128 0x1
 1033 00b2 12       		.uleb128 0x12
 1034 00b3 06       		.uleb128 0x6
 1035 00b4 40       		.uleb128 0x40
 1036 00b5 18       		.uleb128 0x18
 1037 00b6 9742     		.uleb128 0x2117
 1038 00b8 19       		.uleb128 0x19
 1039 00b9 01       		.uleb128 0x1
 1040 00ba 13       		.uleb128 0x13
 1041 00bb 00       		.byte	0
 1042 00bc 00       		.byte	0
 1043 00bd 0E       		.uleb128 0xe
 1044 00be 1D       		.uleb128 0x1d
 1045 00bf 00       		.byte	0
 1046 00c0 31       		.uleb128 0x31
 1047 00c1 13       		.uleb128 0x13
 1048 00c2 11       		.uleb128 0x11
 1049 00c3 01       		.uleb128 0x1
 1050 00c4 12       		.uleb128 0x12
 1051 00c5 06       		.uleb128 0x6
 1052 00c6 58       		.uleb128 0x58
 1053 00c7 0B       		.uleb128 0xb
 1054 00c8 59       		.uleb128 0x59
 1055 00c9 0B       		.uleb128 0xb
 1056 00ca 00       		.byte	0
 1057 00cb 00       		.byte	0
 1058 00cc 0F       		.uleb128 0xf
 1059 00cd 1D       		.uleb128 0x1d
 1060 00ce 01       		.byte	0x1
 1061 00cf 31       		.uleb128 0x31
 1062 00d0 13       		.uleb128 0x13
 1063 00d1 52       		.uleb128 0x52
 1064 00d2 01       		.uleb128 0x1
 1065 00d3 55       		.uleb128 0x55
 1066 00d4 17       		.uleb128 0x17
 1067 00d5 58       		.uleb128 0x58
 1068 00d6 0B       		.uleb128 0xb
 1069 00d7 59       		.uleb128 0x59
 1070 00d8 0B       		.uleb128 0xb
 1071 00d9 00       		.byte	0
 1072 00da 00       		.byte	0
 1073 00db 10       		.uleb128 0x10
 1074 00dc 05       		.uleb128 0x5
 1075 00dd 00       		.byte	0
 1076 00de 31       		.uleb128 0x31
 1077 00df 13       		.uleb128 0x13
 1078 00e0 00       		.byte	0
 1079 00e1 00       		.byte	0
 1080 00e2 11       		.uleb128 0x11
 1081 00e3 2E       		.uleb128 0x2e
 1082 00e4 01       		.byte	0x1
 1083 00e5 31       		.uleb128 0x31
ARM GAS  C:\Users\Sven\AppData\Local\Temp\ccQLuRka.s 			page 27


 1084 00e6 13       		.uleb128 0x13
 1085 00e7 11       		.uleb128 0x11
 1086 00e8 01       		.uleb128 0x1
 1087 00e9 12       		.uleb128 0x12
 1088 00ea 06       		.uleb128 0x6
 1089 00eb 40       		.uleb128 0x40
 1090 00ec 18       		.uleb128 0x18
 1091 00ed 9742     		.uleb128 0x2117
 1092 00ef 19       		.uleb128 0x19
 1093 00f0 01       		.uleb128 0x1
 1094 00f1 13       		.uleb128 0x13
 1095 00f2 00       		.byte	0
 1096 00f3 00       		.byte	0
 1097 00f4 12       		.uleb128 0x12
 1098 00f5 05       		.uleb128 0x5
 1099 00f6 00       		.byte	0
 1100 00f7 31       		.uleb128 0x31
 1101 00f8 13       		.uleb128 0x13
 1102 00f9 02       		.uleb128 0x2
 1103 00fa 18       		.uleb128 0x18
 1104 00fb 00       		.byte	0
 1105 00fc 00       		.byte	0
 1106 00fd 13       		.uleb128 0x13
 1107 00fe 2E       		.uleb128 0x2e
 1108 00ff 00       		.byte	0
 1109 0100 3F       		.uleb128 0x3f
 1110 0101 19       		.uleb128 0x19
 1111 0102 03       		.uleb128 0x3
 1112 0103 0E       		.uleb128 0xe
 1113 0104 3A       		.uleb128 0x3a
 1114 0105 0B       		.uleb128 0xb
 1115 0106 3B       		.uleb128 0x3b
 1116 0107 0B       		.uleb128 0xb
 1117 0108 27       		.uleb128 0x27
 1118 0109 19       		.uleb128 0x19
 1119 010a 49       		.uleb128 0x49
 1120 010b 13       		.uleb128 0x13
 1121 010c 11       		.uleb128 0x11
 1122 010d 01       		.uleb128 0x1
 1123 010e 12       		.uleb128 0x12
 1124 010f 06       		.uleb128 0x6
 1125 0110 40       		.uleb128 0x40
 1126 0111 18       		.uleb128 0x18
 1127 0112 9742     		.uleb128 0x2117
 1128 0114 19       		.uleb128 0x19
 1129 0115 00       		.byte	0
 1130 0116 00       		.byte	0
 1131 0117 14       		.uleb128 0x14
 1132 0118 05       		.uleb128 0x5
 1133 0119 00       		.byte	0
 1134 011a 03       		.uleb128 0x3
 1135 011b 0E       		.uleb128 0xe
 1136 011c 3A       		.uleb128 0x3a
 1137 011d 0B       		.uleb128 0xb
 1138 011e 3B       		.uleb128 0x3b
 1139 011f 0B       		.uleb128 0xb
 1140 0120 49       		.uleb128 0x49
ARM GAS  C:\Users\Sven\AppData\Local\Temp\ccQLuRka.s 			page 28


 1141 0121 13       		.uleb128 0x13
 1142 0122 02       		.uleb128 0x2
 1143 0123 17       		.uleb128 0x17
 1144 0124 00       		.byte	0
 1145 0125 00       		.byte	0
 1146 0126 15       		.uleb128 0x15
 1147 0127 34       		.uleb128 0x34
 1148 0128 00       		.byte	0
 1149 0129 03       		.uleb128 0x3
 1150 012a 0E       		.uleb128 0xe
 1151 012b 3A       		.uleb128 0x3a
 1152 012c 0B       		.uleb128 0xb
 1153 012d 3B       		.uleb128 0x3b
 1154 012e 0B       		.uleb128 0xb
 1155 012f 49       		.uleb128 0x49
 1156 0130 13       		.uleb128 0x13
 1157 0131 02       		.uleb128 0x2
 1158 0132 17       		.uleb128 0x17
 1159 0133 00       		.byte	0
 1160 0134 00       		.byte	0
 1161 0135 16       		.uleb128 0x16
 1162 0136 34       		.uleb128 0x34
 1163 0137 00       		.byte	0
 1164 0138 03       		.uleb128 0x3
 1165 0139 0E       		.uleb128 0xe
 1166 013a 3A       		.uleb128 0x3a
 1167 013b 0B       		.uleb128 0xb
 1168 013c 3B       		.uleb128 0x3b
 1169 013d 0B       		.uleb128 0xb
 1170 013e 49       		.uleb128 0x49
 1171 013f 13       		.uleb128 0x13
 1172 0140 1C       		.uleb128 0x1c
 1173 0141 0B       		.uleb128 0xb
 1174 0142 00       		.byte	0
 1175 0143 00       		.byte	0
 1176 0144 17       		.uleb128 0x17
 1177 0145 898201   		.uleb128 0x4109
 1178 0148 00       		.byte	0
 1179 0149 11       		.uleb128 0x11
 1180 014a 01       		.uleb128 0x1
 1181 014b 31       		.uleb128 0x31
 1182 014c 13       		.uleb128 0x13
 1183 014d 00       		.byte	0
 1184 014e 00       		.byte	0
 1185 014f 18       		.uleb128 0x18
 1186 0150 1D       		.uleb128 0x1d
 1187 0151 01       		.byte	0x1
 1188 0152 31       		.uleb128 0x31
 1189 0153 13       		.uleb128 0x13
 1190 0154 52       		.uleb128 0x52
 1191 0155 01       		.uleb128 0x1
 1192 0156 55       		.uleb128 0x55
 1193 0157 17       		.uleb128 0x17
 1194 0158 58       		.uleb128 0x58
 1195 0159 0B       		.uleb128 0xb
 1196 015a 59       		.uleb128 0x59
 1197 015b 0B       		.uleb128 0xb
ARM GAS  C:\Users\Sven\AppData\Local\Temp\ccQLuRka.s 			page 29


 1198 015c 01       		.uleb128 0x1
 1199 015d 13       		.uleb128 0x13
 1200 015e 00       		.byte	0
 1201 015f 00       		.byte	0
 1202 0160 19       		.uleb128 0x19
 1203 0161 1D       		.uleb128 0x1d
 1204 0162 00       		.byte	0
 1205 0163 31       		.uleb128 0x31
 1206 0164 13       		.uleb128 0x13
 1207 0165 52       		.uleb128 0x52
 1208 0166 01       		.uleb128 0x1
 1209 0167 55       		.uleb128 0x55
 1210 0168 17       		.uleb128 0x17
 1211 0169 58       		.uleb128 0x58
 1212 016a 0B       		.uleb128 0xb
 1213 016b 59       		.uleb128 0x59
 1214 016c 0B       		.uleb128 0xb
 1215 016d 00       		.byte	0
 1216 016e 00       		.byte	0
 1217 016f 1A       		.uleb128 0x1a
 1218 0170 898201   		.uleb128 0x4109
 1219 0173 01       		.byte	0x1
 1220 0174 11       		.uleb128 0x11
 1221 0175 01       		.uleb128 0x1
 1222 0176 31       		.uleb128 0x31
 1223 0177 13       		.uleb128 0x13
 1224 0178 00       		.byte	0
 1225 0179 00       		.byte	0
 1226 017a 1B       		.uleb128 0x1b
 1227 017b 8A8201   		.uleb128 0x410a
 1228 017e 00       		.byte	0
 1229 017f 02       		.uleb128 0x2
 1230 0180 18       		.uleb128 0x18
 1231 0181 9142     		.uleb128 0x2111
 1232 0183 18       		.uleb128 0x18
 1233 0184 00       		.byte	0
 1234 0185 00       		.byte	0
 1235 0186 1C       		.uleb128 0x1c
 1236 0187 05       		.uleb128 0x5
 1237 0188 00       		.byte	0
 1238 0189 31       		.uleb128 0x31
 1239 018a 13       		.uleb128 0x13
 1240 018b 02       		.uleb128 0x2
 1241 018c 17       		.uleb128 0x17
 1242 018d 00       		.byte	0
 1243 018e 00       		.byte	0
 1244 018f 1D       		.uleb128 0x1d
 1245 0190 2E       		.uleb128 0x2e
 1246 0191 01       		.byte	0x1
 1247 0192 3F       		.uleb128 0x3f
 1248 0193 19       		.uleb128 0x19
 1249 0194 03       		.uleb128 0x3
 1250 0195 0E       		.uleb128 0xe
 1251 0196 3A       		.uleb128 0x3a
 1252 0197 0B       		.uleb128 0xb
 1253 0198 3B       		.uleb128 0x3b
 1254 0199 0B       		.uleb128 0xb
ARM GAS  C:\Users\Sven\AppData\Local\Temp\ccQLuRka.s 			page 30


 1255 019a 27       		.uleb128 0x27
 1256 019b 19       		.uleb128 0x19
 1257 019c 49       		.uleb128 0x49
 1258 019d 13       		.uleb128 0x13
 1259 019e 11       		.uleb128 0x11
 1260 019f 01       		.uleb128 0x1
 1261 01a0 12       		.uleb128 0x12
 1262 01a1 06       		.uleb128 0x6
 1263 01a2 40       		.uleb128 0x40
 1264 01a3 18       		.uleb128 0x18
 1265 01a4 9742     		.uleb128 0x2117
 1266 01a6 19       		.uleb128 0x19
 1267 01a7 01       		.uleb128 0x1
 1268 01a8 13       		.uleb128 0x13
 1269 01a9 00       		.byte	0
 1270 01aa 00       		.byte	0
 1271 01ab 1E       		.uleb128 0x1e
 1272 01ac 2E       		.uleb128 0x2e
 1273 01ad 00       		.byte	0
 1274 01ae 31       		.uleb128 0x31
 1275 01af 13       		.uleb128 0x13
 1276 01b0 11       		.uleb128 0x11
 1277 01b1 01       		.uleb128 0x1
 1278 01b2 12       		.uleb128 0x12
 1279 01b3 06       		.uleb128 0x6
 1280 01b4 40       		.uleb128 0x40
 1281 01b5 18       		.uleb128 0x18
 1282 01b6 9742     		.uleb128 0x2117
 1283 01b8 19       		.uleb128 0x19
 1284 01b9 00       		.byte	0
 1285 01ba 00       		.byte	0
 1286 01bb 1F       		.uleb128 0x1f
 1287 01bc 2E       		.uleb128 0x2e
 1288 01bd 00       		.byte	0
 1289 01be 3F       		.uleb128 0x3f
 1290 01bf 19       		.uleb128 0x19
 1291 01c0 03       		.uleb128 0x3
 1292 01c1 0E       		.uleb128 0xe
 1293 01c2 3A       		.uleb128 0x3a
 1294 01c3 0B       		.uleb128 0xb
 1295 01c4 3B       		.uleb128 0x3b
 1296 01c5 05       		.uleb128 0x5
 1297 01c6 27       		.uleb128 0x27
 1298 01c7 19       		.uleb128 0x19
 1299 01c8 49       		.uleb128 0x49
 1300 01c9 13       		.uleb128 0x13
 1301 01ca 11       		.uleb128 0x11
 1302 01cb 01       		.uleb128 0x1
 1303 01cc 12       		.uleb128 0x12
 1304 01cd 06       		.uleb128 0x6
 1305 01ce 40       		.uleb128 0x40
 1306 01cf 18       		.uleb128 0x18
 1307 01d0 9742     		.uleb128 0x2117
 1308 01d2 19       		.uleb128 0x19
 1309 01d3 00       		.byte	0
 1310 01d4 00       		.byte	0
 1311 01d5 20       		.uleb128 0x20
ARM GAS  C:\Users\Sven\AppData\Local\Temp\ccQLuRka.s 			page 31


 1312 01d6 2E       		.uleb128 0x2e
 1313 01d7 00       		.byte	0
 1314 01d8 3F       		.uleb128 0x3f
 1315 01d9 19       		.uleb128 0x19
 1316 01da 03       		.uleb128 0x3
 1317 01db 0E       		.uleb128 0xe
 1318 01dc 3A       		.uleb128 0x3a
 1319 01dd 0B       		.uleb128 0xb
 1320 01de 3B       		.uleb128 0x3b
 1321 01df 05       		.uleb128 0x5
 1322 01e0 27       		.uleb128 0x27
 1323 01e1 19       		.uleb128 0x19
 1324 01e2 11       		.uleb128 0x11
 1325 01e3 01       		.uleb128 0x1
 1326 01e4 12       		.uleb128 0x12
 1327 01e5 06       		.uleb128 0x6
 1328 01e6 40       		.uleb128 0x40
 1329 01e7 18       		.uleb128 0x18
 1330 01e8 9742     		.uleb128 0x2117
 1331 01ea 19       		.uleb128 0x19
 1332 01eb 00       		.byte	0
 1333 01ec 00       		.byte	0
 1334 01ed 21       		.uleb128 0x21
 1335 01ee 01       		.uleb128 0x1
 1336 01ef 01       		.byte	0x1
 1337 01f0 49       		.uleb128 0x49
 1338 01f1 13       		.uleb128 0x13
 1339 01f2 01       		.uleb128 0x1
 1340 01f3 13       		.uleb128 0x13
 1341 01f4 00       		.byte	0
 1342 01f5 00       		.byte	0
 1343 01f6 22       		.uleb128 0x22
 1344 01f7 21       		.uleb128 0x21
 1345 01f8 00       		.byte	0
 1346 01f9 49       		.uleb128 0x49
 1347 01fa 13       		.uleb128 0x13
 1348 01fb 2F       		.uleb128 0x2f
 1349 01fc 0B       		.uleb128 0xb
 1350 01fd 00       		.byte	0
 1351 01fe 00       		.byte	0
 1352 01ff 23       		.uleb128 0x23
 1353 0200 34       		.uleb128 0x34
 1354 0201 00       		.byte	0
 1355 0202 03       		.uleb128 0x3
 1356 0203 0E       		.uleb128 0xe
 1357 0204 3A       		.uleb128 0x3a
 1358 0205 0B       		.uleb128 0xb
 1359 0206 3B       		.uleb128 0x3b
 1360 0207 0B       		.uleb128 0xb
 1361 0208 49       		.uleb128 0x49
 1362 0209 13       		.uleb128 0x13
 1363 020a 3F       		.uleb128 0x3f
 1364 020b 19       		.uleb128 0x19
 1365 020c 3C       		.uleb128 0x3c
 1366 020d 19       		.uleb128 0x19
 1367 020e 00       		.byte	0
 1368 020f 00       		.byte	0
ARM GAS  C:\Users\Sven\AppData\Local\Temp\ccQLuRka.s 			page 32


 1369 0210 24       		.uleb128 0x24
 1370 0211 2E       		.uleb128 0x2e
 1371 0212 00       		.byte	0
 1372 0213 3F       		.uleb128 0x3f
 1373 0214 19       		.uleb128 0x19
 1374 0215 03       		.uleb128 0x3
 1375 0216 0E       		.uleb128 0xe
 1376 0217 3A       		.uleb128 0x3a
 1377 0218 0B       		.uleb128 0xb
 1378 0219 3B       		.uleb128 0x3b
 1379 021a 0B       		.uleb128 0xb
 1380 021b 27       		.uleb128 0x27
 1381 021c 19       		.uleb128 0x19
 1382 021d 49       		.uleb128 0x49
 1383 021e 13       		.uleb128 0x13
 1384 021f 3C       		.uleb128 0x3c
 1385 0220 19       		.uleb128 0x19
 1386 0221 00       		.byte	0
 1387 0222 00       		.byte	0
 1388 0223 25       		.uleb128 0x25
 1389 0224 2E       		.uleb128 0x2e
 1390 0225 01       		.byte	0x1
 1391 0226 3F       		.uleb128 0x3f
 1392 0227 19       		.uleb128 0x19
 1393 0228 03       		.uleb128 0x3
 1394 0229 0E       		.uleb128 0xe
 1395 022a 3A       		.uleb128 0x3a
 1396 022b 0B       		.uleb128 0xb
 1397 022c 3B       		.uleb128 0x3b
 1398 022d 0B       		.uleb128 0xb
 1399 022e 27       		.uleb128 0x27
 1400 022f 19       		.uleb128 0x19
 1401 0230 3C       		.uleb128 0x3c
 1402 0231 19       		.uleb128 0x19
 1403 0232 00       		.byte	0
 1404 0233 00       		.byte	0
 1405 0234 26       		.uleb128 0x26
 1406 0235 05       		.uleb128 0x5
 1407 0236 00       		.byte	0
 1408 0237 49       		.uleb128 0x49
 1409 0238 13       		.uleb128 0x13
 1410 0239 00       		.byte	0
 1411 023a 00       		.byte	0
 1412 023b 00       		.byte	0
 1413              		.section	.debug_loc,"",%progbits
 1414              	.Ldebug_loc0:
 1415              	.LLST0:
 1416 0000 00000000 		.4byte	.LVL2
 1417 0004 07000000 		.4byte	.LVL3-1
 1418 0008 0100     		.2byte	0x1
 1419 000a 50       		.byte	0x50
 1420 000b 07000000 		.4byte	.LVL3-1
 1421 000f 28000000 		.4byte	.LFE6
 1422 0013 0400     		.2byte	0x4
 1423 0015 F3       		.byte	0xf3
 1424 0016 01       		.uleb128 0x1
 1425 0017 50       		.byte	0x50
ARM GAS  C:\Users\Sven\AppData\Local\Temp\ccQLuRka.s 			page 33


 1426 0018 9F       		.byte	0x9f
 1427 0019 00000000 		.4byte	0
 1428 001d 00000000 		.4byte	0
 1429              	.LLST1:
 1430 0021 08000000 		.4byte	.LVL3
 1431 0025 1B000000 		.4byte	.LVL4-1
 1432 0029 0100     		.2byte	0x1
 1433 002b 50       		.byte	0x50
 1434 002c 00000000 		.4byte	0
 1435 0030 00000000 		.4byte	0
 1436              	.LLST2:
 1437 0034 00000000 		.4byte	.LVL7
 1438 0038 10000000 		.4byte	.LVL9
 1439 003c 0100     		.2byte	0x1
 1440 003e 50       		.byte	0x50
 1441 003f 10000000 		.4byte	.LVL9
 1442 0043 13000000 		.4byte	.LVL10-1
 1443 0047 0300     		.2byte	0x3
 1444 0049 73       		.byte	0x73
 1445 004a F800     		.sleb128 120
 1446 004c 13000000 		.4byte	.LVL10-1
 1447 0050 28000000 		.4byte	.LFE1
 1448 0054 0400     		.2byte	0x4
 1449 0056 F3       		.byte	0xf3
 1450 0057 01       		.uleb128 0x1
 1451 0058 50       		.byte	0x50
 1452 0059 9F       		.byte	0x9f
 1453 005a 00000000 		.4byte	0
 1454 005e 00000000 		.4byte	0
 1455              	.LLST3:
 1456 0062 0A000000 		.4byte	.LVL8
 1457 0066 10000000 		.4byte	.LVL9
 1458 006a 0100     		.2byte	0x1
 1459 006c 50       		.byte	0x50
 1460 006d 10000000 		.4byte	.LVL9
 1461 0071 13000000 		.4byte	.LVL10-1
 1462 0075 0300     		.2byte	0x3
 1463 0077 73       		.byte	0x73
 1464 0078 F800     		.sleb128 120
 1465 007a 13000000 		.4byte	.LVL10-1
 1466 007e 28000000 		.4byte	.LFE1
 1467 0082 0400     		.2byte	0x4
 1468 0084 F3       		.byte	0xf3
 1469 0085 01       		.uleb128 0x1
 1470 0086 50       		.byte	0x50
 1471 0087 9F       		.byte	0x9f
 1472 0088 00000000 		.4byte	0
 1473 008c 00000000 		.4byte	0
 1474              	.LLST4:
 1475 0090 04000000 		.4byte	.LVL12
 1476 0094 06000000 		.4byte	.LVL13
 1477 0098 0900     		.2byte	0x9
 1478 009a 70       		.byte	0x70
 1479 009b 00       		.sleb128 0
 1480 009c 48       		.byte	0x48
 1481 009d 43       		.byte	0x43
 1482 009e 24       		.byte	0x24
ARM GAS  C:\Users\Sven\AppData\Local\Temp\ccQLuRka.s 			page 34


 1483 009f 1A       		.byte	0x1a
 1484 00a0 46       		.byte	0x46
 1485 00a1 25       		.byte	0x25
 1486 00a2 9F       		.byte	0x9f
 1487 00a3 00000000 		.4byte	0
 1488 00a7 00000000 		.4byte	0
 1489              		.section	.debug_aranges,"",%progbits
 1490 0000 7C000000 		.4byte	0x7c
 1491 0004 0200     		.2byte	0x2
 1492 0006 00000000 		.4byte	.Ldebug_info0
 1493 000a 04       		.byte	0x4
 1494 000b 00       		.byte	0
 1495 000c 0000     		.2byte	0
 1496 000e 0000     		.2byte	0
 1497 0010 00000000 		.4byte	.LFB3
 1498 0014 02000000 		.4byte	.LFE3-.LFB3
 1499 0018 00000000 		.4byte	.LFB2
 1500 001c 1C000000 		.4byte	.LFE2-.LFB2
 1501 0020 00000000 		.4byte	.LFB4
 1502 0024 0C000000 		.4byte	.LFE4-.LFB4
 1503 0028 00000000 		.4byte	.LFB5
 1504 002c 0C000000 		.4byte	.LFE5-.LFB5
 1505 0030 00000000 		.4byte	.LFB6
 1506 0034 28000000 		.4byte	.LFE6-.LFB6
 1507 0038 00000000 		.4byte	.LFB0
 1508 003c 2C000000 		.4byte	.LFE0-.LFB0
 1509 0040 00000000 		.4byte	.LFB1
 1510 0044 28000000 		.4byte	.LFE1-.LFB1
 1511 0048 00000000 		.4byte	.LFB7
 1512 004c 10000000 		.4byte	.LFE7-.LFB7
 1513 0050 00000000 		.4byte	.LFB8
 1514 0054 10000000 		.4byte	.LFE8-.LFB8
 1515 0058 00000000 		.4byte	.LFB9
 1516 005c 10000000 		.4byte	.LFE9-.LFB9
 1517 0060 00000000 		.4byte	.LFB10
 1518 0064 10000000 		.4byte	.LFE10-.LFB10
 1519 0068 00000000 		.4byte	.LFB11
 1520 006c 10000000 		.4byte	.LFE11-.LFB11
 1521 0070 00000000 		.4byte	.LFB12
 1522 0074 10000000 		.4byte	.LFE12-.LFB12
 1523 0078 00000000 		.4byte	0
 1524 007c 00000000 		.4byte	0
 1525              		.section	.debug_ranges,"",%progbits
 1526              	.Ldebug_ranges0:
 1527 0000 08000000 		.4byte	.LBB20
 1528 0004 0C000000 		.4byte	.LBE20
 1529 0008 0C000000 		.4byte	.LBB23
 1530 000c 0E000000 		.4byte	.LBE23
 1531 0010 00000000 		.4byte	0
 1532 0014 00000000 		.4byte	0
 1533 0018 0A000000 		.4byte	.LBB26
 1534 001c 0E000000 		.4byte	.LBE26
 1535 0020 10000000 		.4byte	.LBB29
 1536 0024 12000000 		.4byte	.LBE29
 1537 0028 00000000 		.4byte	0
 1538 002c 00000000 		.4byte	0
 1539 0030 16000000 		.4byte	.LBB30
ARM GAS  C:\Users\Sven\AppData\Local\Temp\ccQLuRka.s 			page 35


 1540 0034 18000000 		.4byte	.LBE30
 1541 0038 18000000 		.4byte	.LBB33
 1542 003c 1A000000 		.4byte	.LBE33
 1543 0040 00000000 		.4byte	0
 1544 0044 00000000 		.4byte	0
 1545 0048 0A000000 		.4byte	.LBB36
 1546 004c 0C000000 		.4byte	.LBE36
 1547 0050 0C000000 		.4byte	.LBB39
 1548 0054 0E000000 		.4byte	.LBE39
 1549 0058 00000000 		.4byte	0
 1550 005c 00000000 		.4byte	0
 1551 0060 00000000 		.4byte	.LFB3
 1552 0064 02000000 		.4byte	.LFE3
 1553 0068 00000000 		.4byte	.LFB2
 1554 006c 1C000000 		.4byte	.LFE2
 1555 0070 00000000 		.4byte	.LFB4
 1556 0074 0C000000 		.4byte	.LFE4
 1557 0078 00000000 		.4byte	.LFB5
 1558 007c 0C000000 		.4byte	.LFE5
 1559 0080 00000000 		.4byte	.LFB6
 1560 0084 28000000 		.4byte	.LFE6
 1561 0088 00000000 		.4byte	.LFB0
 1562 008c 2C000000 		.4byte	.LFE0
 1563 0090 00000000 		.4byte	.LFB1
 1564 0094 28000000 		.4byte	.LFE1
 1565 0098 00000000 		.4byte	.LFB7
 1566 009c 10000000 		.4byte	.LFE7
 1567 00a0 00000000 		.4byte	.LFB8
 1568 00a4 10000000 		.4byte	.LFE8
 1569 00a8 00000000 		.4byte	.LFB9
 1570 00ac 10000000 		.4byte	.LFE9
 1571 00b0 00000000 		.4byte	.LFB10
 1572 00b4 10000000 		.4byte	.LFE10
 1573 00b8 00000000 		.4byte	.LFB11
 1574 00bc 10000000 		.4byte	.LFE11
 1575 00c0 00000000 		.4byte	.LFB12
 1576 00c4 10000000 		.4byte	.LFE12
 1577 00c8 00000000 		.4byte	0
 1578 00cc 00000000 		.4byte	0
 1579              		.section	.debug_line,"",%progbits
 1580              	.Ldebug_line0:
 1581 0000 98010000 		.section	.debug_str,"MS",%progbits,1
 1581      02005100 
 1581      00000201 
 1581      FB0E0D00 
 1581      01010101 
 1582              	.LASF14:
 1583 0000 72656733 		.ascii	"reg32\000"
 1583      3200
 1584              	.LASF34:
 1585 0006 453A5C44 		.ascii	"E:\\Dokumente\\GitHub\\T-50_Project\\Software\\T-50"
 1585      6F6B756D 
 1585      656E7465 
 1585      5C476974 
 1585      4875625C 
 1586 0034 5F50726F 		.ascii	"_Project\\T-50_Project.cydsn\000"
 1586      6A656374 
ARM GAS  C:\Users\Sven\AppData\Local\Temp\ccQLuRka.s 			page 36


 1586      5C542D35 
 1586      305F5072 
 1586      6F6A6563 
 1587              	.LASF37:
 1588 0050 43795261 		.ascii	"CyRamVectors\000"
 1588      6D566563 
 1588      746F7273 
 1588      00
 1589              	.LASF19:
 1590 005d 4144435F 		.ascii	"ADC_IRQ_Stop\000"
 1590      4952515F 
 1590      53746F70 
 1590      00
 1591              	.LASF35:
 1592 006a 4144435F 		.ascii	"ADC_IRQ_SetVector\000"
 1592      4952515F 
 1592      53657456 
 1592      6563746F 
 1592      7200
 1593              	.LASF3:
 1594 007c 73686F72 		.ascii	"short unsigned int\000"
 1594      7420756E 
 1594      7369676E 
 1594      65642069 
 1594      6E7400
 1595              	.LASF28:
 1596 008f 4144435F 		.ascii	"ADC_IRQ_GetState\000"
 1596      4952515F 
 1596      47657453 
 1596      74617465 
 1596      00
 1597              	.LASF33:
 1598 00a0 2E5C4765 		.ascii	".\\Generated_Source\\PSoC4\\ADC_IRQ.c\000"
 1598      6E657261 
 1598      7465645F 
 1598      536F7572 
 1598      63655C50 
 1599              	.LASF27:
 1600 00c3 4144435F 		.ascii	"ADC_IRQ_GetVector\000"
 1600      4952515F 
 1600      47657456 
 1600      6563746F 
 1600      7200
 1601              	.LASF29:
 1602 00d5 4144435F 		.ascii	"ADC_IRQ_Interrupt\000"
 1602      4952515F 
 1602      496E7465 
 1602      72727570 
 1602      7400
 1603              	.LASF11:
 1604 00e7 666C6F61 		.ascii	"float\000"
 1604      7400
 1605              	.LASF7:
 1606 00ed 6C6F6E67 		.ascii	"long long unsigned int\000"
 1606      206C6F6E 
 1606      6720756E 
 1606      7369676E 
ARM GAS  C:\Users\Sven\AppData\Local\Temp\ccQLuRka.s 			page 37


 1606      65642069 
 1607              	.LASF1:
 1608 0104 756E7369 		.ascii	"unsigned char\000"
 1608      676E6564 
 1608      20636861 
 1608      7200
 1609              	.LASF21:
 1610 0112 696E7465 		.ascii	"interruptState\000"
 1610      72727570 
 1610      74537461 
 1610      746500
 1611              	.LASF5:
 1612 0121 6C6F6E67 		.ascii	"long unsigned int\000"
 1612      20756E73 
 1612      69676E65 
 1612      6420696E 
 1612      7400
 1613              	.LASF9:
 1614 0133 75696E74 		.ascii	"uint8\000"
 1614      3800
 1615              	.LASF25:
 1616 0139 7072696F 		.ascii	"priority\000"
 1616      72697479 
 1616      00
 1617              	.LASF30:
 1618 0142 4144435F 		.ascii	"ADC_IRQ_SetPending\000"
 1618      4952515F 
 1618      53657450 
 1618      656E6469 
 1618      6E6700
 1619              	.LASF31:
 1620 0155 4144435F 		.ascii	"ADC_IRQ_ClearPending\000"
 1620      4952515F 
 1620      436C6561 
 1620      7250656E 
 1620      64696E67 
 1621              	.LASF12:
 1622 016a 646F7562 		.ascii	"double\000"
 1622      6C6500
 1623              	.LASF23:
 1624 0171 4144435F 		.ascii	"ADC_IRQ_Start\000"
 1624      4952515F 
 1624      53746172 
 1624      7400
 1625              	.LASF36:
 1626 017f 4144435F 		.ascii	"ADC_IRQ_GetPriority\000"
 1626      4952515F 
 1626      47657450 
 1626      72696F72 
 1626      69747900 
 1627              	.LASF10:
 1628 0193 75696E74 		.ascii	"uint32\000"
 1628      333200
 1629              	.LASF38:
 1630 019a 4379456E 		.ascii	"CyEnterCriticalSection\000"
 1630      74657243 
 1630      72697469 
ARM GAS  C:\Users\Sven\AppData\Local\Temp\ccQLuRka.s 			page 38


 1630      63616C53 
 1630      65637469 
 1631              	.LASF8:
 1632 01b1 756E7369 		.ascii	"unsigned int\000"
 1632      676E6564 
 1632      20696E74 
 1632      00
 1633              	.LASF26:
 1634 01be 61646472 		.ascii	"address\000"
 1634      65737300 
 1635              	.LASF39:
 1636 01c6 43794578 		.ascii	"CyExitCriticalSection\000"
 1636      69744372 
 1636      69746963 
 1636      616C5365 
 1636      6374696F 
 1637              	.LASF15:
 1638 01dc 63796973 		.ascii	"cyisraddress\000"
 1638      72616464 
 1638      72657373 
 1638      00
 1639              	.LASF24:
 1640 01e9 4144435F 		.ascii	"ADC_IRQ_StartEx\000"
 1640      4952515F 
 1640      53746172 
 1640      74457800 
 1641              	.LASF16:
 1642 01f9 73697A65 		.ascii	"sizetype\000"
 1642      74797065 
 1642      00
 1643              	.LASF6:
 1644 0202 6C6F6E67 		.ascii	"long long int\000"
 1644      206C6F6E 
 1644      6720696E 
 1644      7400
 1645              	.LASF13:
 1646 0210 63686172 		.ascii	"char\000"
 1646      00
 1647              	.LASF2:
 1648 0215 73686F72 		.ascii	"short int\000"
 1648      7420696E 
 1648      7400
 1649              	.LASF32:
 1650 021f 474E5520 		.ascii	"GNU C 4.8.4 20140526 (release) [ARM/embedded-4_8-br"
 1650      4320342E 
 1650      382E3420 
 1650      32303134 
 1650      30353236 
 1651 0252 616E6368 		.ascii	"anch revision 211358] -mcpu=cortex-m0 -mthumb -g -O"
 1651      20726576 
 1651      6973696F 
 1651      6E203231 
 1651      31333538 
 1652 0285 73202D66 		.ascii	"s -ffunction-sections -finline-functions\000"
 1652      66756E63 
 1652      74696F6E 
 1652      2D736563 
ARM GAS  C:\Users\Sven\AppData\Local\Temp\ccQLuRka.s 			page 39


 1652      74696F6E 
 1653              	.LASF17:
 1654 02ae 4144435F 		.ascii	"ADC_IRQ_Disable\000"
 1654      4952515F 
 1654      44697361 
 1654      626C6500 
 1655              	.LASF22:
 1656 02be 7072696F 		.ascii	"priorityOffset\000"
 1656      72697479 
 1656      4F666673 
 1656      657400
 1657              	.LASF4:
 1658 02cd 6C6F6E67 		.ascii	"long int\000"
 1658      20696E74 
 1658      00
 1659              	.LASF0:
 1660 02d6 7369676E 		.ascii	"signed char\000"
 1660      65642063 
 1660      68617200 
 1661              	.LASF20:
 1662 02e2 4144435F 		.ascii	"ADC_IRQ_SetPriority\000"
 1662      4952515F 
 1662      53657450 
 1662      72696F72 
 1662      69747900 
 1663              	.LASF18:
 1664 02f6 4144435F 		.ascii	"ADC_IRQ_Enable\000"
 1664      4952515F 
 1664      456E6162 
 1664      6C6500
 1665              		.ident	"GCC: (GNU Tools for ARM Embedded Processors) 4.8.4 20140526 (release) [ARM/embedded-4_8-br
