ARM GAS  C:\Users\Sven\AppData\Local\Temp\ccLmNdIP.s 			page 1


   1              		.cpu cortex-m0
   2              		.fpu softvfp
   3              		.eabi_attribute 20, 1
   4              		.eabi_attribute 21, 1
   5              		.eabi_attribute 23, 3
   6              		.eabi_attribute 24, 1
   7              		.eabi_attribute 25, 1
   8              		.eabi_attribute 26, 1
   9              		.eabi_attribute 30, 4
  10              		.eabi_attribute 34, 0
  11              		.eabi_attribute 18, 4
  12              		.code	16
  13              		.file	"BootISR.c"
  14              		.text
  15              	.Ltext0:
  16              		.cfi_sections	.debug_frame
  17              		.section	.text.BootISR_Interrupt,"ax",%progbits
  18              		.align	1
  19              		.global	BootISR_Interrupt
  20              		.code	16
  21              		.thumb_func
  22              		.type	BootISR_Interrupt, %function
  23              	BootISR_Interrupt:
  24              	.LFB36:
  25              		.file 1 ".\\Generated_Source\\PSoC4\\BootISR.c"
   1:.\Generated_Source\PSoC4/BootISR.c **** /*******************************************************************************
   2:.\Generated_Source\PSoC4/BootISR.c **** * File Name: BootISR.c  
   3:.\Generated_Source\PSoC4/BootISR.c **** * Version 1.70
   4:.\Generated_Source\PSoC4/BootISR.c **** *
   5:.\Generated_Source\PSoC4/BootISR.c **** *  Description:
   6:.\Generated_Source\PSoC4/BootISR.c **** *   API for controlling the state of an interrupt.
   7:.\Generated_Source\PSoC4/BootISR.c **** *
   8:.\Generated_Source\PSoC4/BootISR.c **** *
   9:.\Generated_Source\PSoC4/BootISR.c **** *  Note:
  10:.\Generated_Source\PSoC4/BootISR.c **** *
  11:.\Generated_Source\PSoC4/BootISR.c **** ********************************************************************************
  12:.\Generated_Source\PSoC4/BootISR.c **** * Copyright 2008-2012, Cypress Semiconductor Corporation.  All rights reserved.
  13:.\Generated_Source\PSoC4/BootISR.c **** * You may use this file only in accordance with the license, terms, conditions, 
  14:.\Generated_Source\PSoC4/BootISR.c **** * disclaimers, and limitations in the end user license agreement accompanying 
  15:.\Generated_Source\PSoC4/BootISR.c **** * the software package with which this file was provided.
  16:.\Generated_Source\PSoC4/BootISR.c **** *******************************************************************************/
  17:.\Generated_Source\PSoC4/BootISR.c **** 
  18:.\Generated_Source\PSoC4/BootISR.c **** 
  19:.\Generated_Source\PSoC4/BootISR.c **** #include <cydevice_trm.h>
  20:.\Generated_Source\PSoC4/BootISR.c **** #include <CyLib.h>
  21:.\Generated_Source\PSoC4/BootISR.c **** #include <BootISR.h>
  22:.\Generated_Source\PSoC4/BootISR.c **** 
  23:.\Generated_Source\PSoC4/BootISR.c **** #if !defined(BootISR__REMOVED) /* Check for removal by optimization */
  24:.\Generated_Source\PSoC4/BootISR.c **** 
  25:.\Generated_Source\PSoC4/BootISR.c **** /*******************************************************************************
  26:.\Generated_Source\PSoC4/BootISR.c **** *  Place your includes, defines and code here 
  27:.\Generated_Source\PSoC4/BootISR.c **** ********************************************************************************/
  28:.\Generated_Source\PSoC4/BootISR.c **** /* `#START BootISR_intc` */
  29:.\Generated_Source\PSoC4/BootISR.c **** #include <project.h>
  30:.\Generated_Source\PSoC4/BootISR.c **** /* `#END` */
  31:.\Generated_Source\PSoC4/BootISR.c **** 
  32:.\Generated_Source\PSoC4/BootISR.c **** extern cyisraddress CyRamVectors[CYINT_IRQ_BASE + CY_NUM_INTERRUPTS];
ARM GAS  C:\Users\Sven\AppData\Local\Temp\ccLmNdIP.s 			page 2


  33:.\Generated_Source\PSoC4/BootISR.c **** 
  34:.\Generated_Source\PSoC4/BootISR.c **** /* Declared in startup, used to set unused interrupts to. */
  35:.\Generated_Source\PSoC4/BootISR.c **** CY_ISR_PROTO(IntDefaultHandler);
  36:.\Generated_Source\PSoC4/BootISR.c **** 
  37:.\Generated_Source\PSoC4/BootISR.c **** 
  38:.\Generated_Source\PSoC4/BootISR.c **** /*******************************************************************************
  39:.\Generated_Source\PSoC4/BootISR.c **** * Function Name: BootISR_Start
  40:.\Generated_Source\PSoC4/BootISR.c **** ********************************************************************************
  41:.\Generated_Source\PSoC4/BootISR.c **** *
  42:.\Generated_Source\PSoC4/BootISR.c **** * Summary:
  43:.\Generated_Source\PSoC4/BootISR.c **** *  Set up the interrupt and enable it.
  44:.\Generated_Source\PSoC4/BootISR.c **** *
  45:.\Generated_Source\PSoC4/BootISR.c **** * Parameters:  
  46:.\Generated_Source\PSoC4/BootISR.c **** *   None
  47:.\Generated_Source\PSoC4/BootISR.c **** *
  48:.\Generated_Source\PSoC4/BootISR.c **** * Return:
  49:.\Generated_Source\PSoC4/BootISR.c **** *   None
  50:.\Generated_Source\PSoC4/BootISR.c **** *
  51:.\Generated_Source\PSoC4/BootISR.c **** *******************************************************************************/
  52:.\Generated_Source\PSoC4/BootISR.c **** void BootISR_Start(void)
  53:.\Generated_Source\PSoC4/BootISR.c **** {
  54:.\Generated_Source\PSoC4/BootISR.c ****     /* For all we know the interrupt is active. */
  55:.\Generated_Source\PSoC4/BootISR.c ****     BootISR_Disable();
  56:.\Generated_Source\PSoC4/BootISR.c **** 
  57:.\Generated_Source\PSoC4/BootISR.c ****     /* Set the ISR to point to the BootISR Interrupt. */
  58:.\Generated_Source\PSoC4/BootISR.c ****     BootISR_SetVector(&BootISR_Interrupt);
  59:.\Generated_Source\PSoC4/BootISR.c **** 
  60:.\Generated_Source\PSoC4/BootISR.c ****     /* Set the priority. */
  61:.\Generated_Source\PSoC4/BootISR.c ****     BootISR_SetPriority((uint8)BootISR_INTC_PRIOR_NUMBER);
  62:.\Generated_Source\PSoC4/BootISR.c **** 
  63:.\Generated_Source\PSoC4/BootISR.c ****     /* Enable it. */
  64:.\Generated_Source\PSoC4/BootISR.c ****     BootISR_Enable();
  65:.\Generated_Source\PSoC4/BootISR.c **** }
  66:.\Generated_Source\PSoC4/BootISR.c **** 
  67:.\Generated_Source\PSoC4/BootISR.c **** 
  68:.\Generated_Source\PSoC4/BootISR.c **** /*******************************************************************************
  69:.\Generated_Source\PSoC4/BootISR.c **** * Function Name: BootISR_StartEx
  70:.\Generated_Source\PSoC4/BootISR.c **** ********************************************************************************
  71:.\Generated_Source\PSoC4/BootISR.c **** *
  72:.\Generated_Source\PSoC4/BootISR.c **** * Summary:
  73:.\Generated_Source\PSoC4/BootISR.c **** *  Set up the interrupt and enable it.
  74:.\Generated_Source\PSoC4/BootISR.c **** *
  75:.\Generated_Source\PSoC4/BootISR.c **** * Parameters:  
  76:.\Generated_Source\PSoC4/BootISR.c **** *   address: Address of the ISR to set in the interrupt vector table.
  77:.\Generated_Source\PSoC4/BootISR.c **** *
  78:.\Generated_Source\PSoC4/BootISR.c **** * Return:
  79:.\Generated_Source\PSoC4/BootISR.c **** *   None
  80:.\Generated_Source\PSoC4/BootISR.c **** *
  81:.\Generated_Source\PSoC4/BootISR.c **** *******************************************************************************/
  82:.\Generated_Source\PSoC4/BootISR.c **** void BootISR_StartEx(cyisraddress address)
  83:.\Generated_Source\PSoC4/BootISR.c **** {
  84:.\Generated_Source\PSoC4/BootISR.c ****     /* For all we know the interrupt is active. */
  85:.\Generated_Source\PSoC4/BootISR.c ****     BootISR_Disable();
  86:.\Generated_Source\PSoC4/BootISR.c **** 
  87:.\Generated_Source\PSoC4/BootISR.c ****     /* Set the ISR to point to the BootISR Interrupt. */
  88:.\Generated_Source\PSoC4/BootISR.c ****     BootISR_SetVector(address);
  89:.\Generated_Source\PSoC4/BootISR.c **** 
ARM GAS  C:\Users\Sven\AppData\Local\Temp\ccLmNdIP.s 			page 3


  90:.\Generated_Source\PSoC4/BootISR.c ****     /* Set the priority. */
  91:.\Generated_Source\PSoC4/BootISR.c ****     BootISR_SetPriority((uint8)BootISR_INTC_PRIOR_NUMBER);
  92:.\Generated_Source\PSoC4/BootISR.c **** 
  93:.\Generated_Source\PSoC4/BootISR.c ****     /* Enable it. */
  94:.\Generated_Source\PSoC4/BootISR.c ****     BootISR_Enable();
  95:.\Generated_Source\PSoC4/BootISR.c **** }
  96:.\Generated_Source\PSoC4/BootISR.c **** 
  97:.\Generated_Source\PSoC4/BootISR.c **** 
  98:.\Generated_Source\PSoC4/BootISR.c **** /*******************************************************************************
  99:.\Generated_Source\PSoC4/BootISR.c **** * Function Name: BootISR_Stop
 100:.\Generated_Source\PSoC4/BootISR.c **** ********************************************************************************
 101:.\Generated_Source\PSoC4/BootISR.c **** *
 102:.\Generated_Source\PSoC4/BootISR.c **** * Summary:
 103:.\Generated_Source\PSoC4/BootISR.c **** *   Disables and removes the interrupt.
 104:.\Generated_Source\PSoC4/BootISR.c **** *
 105:.\Generated_Source\PSoC4/BootISR.c **** * Parameters:  
 106:.\Generated_Source\PSoC4/BootISR.c **** *
 107:.\Generated_Source\PSoC4/BootISR.c **** * Return:
 108:.\Generated_Source\PSoC4/BootISR.c **** *   None
 109:.\Generated_Source\PSoC4/BootISR.c **** *
 110:.\Generated_Source\PSoC4/BootISR.c **** *******************************************************************************/
 111:.\Generated_Source\PSoC4/BootISR.c **** void BootISR_Stop(void)
 112:.\Generated_Source\PSoC4/BootISR.c **** {
 113:.\Generated_Source\PSoC4/BootISR.c ****     /* Disable this interrupt. */
 114:.\Generated_Source\PSoC4/BootISR.c ****     BootISR_Disable();
 115:.\Generated_Source\PSoC4/BootISR.c **** 
 116:.\Generated_Source\PSoC4/BootISR.c ****     /* Set the ISR to point to the passive one. */
 117:.\Generated_Source\PSoC4/BootISR.c ****     BootISR_SetVector(&IntDefaultHandler);
 118:.\Generated_Source\PSoC4/BootISR.c **** }
 119:.\Generated_Source\PSoC4/BootISR.c **** 
 120:.\Generated_Source\PSoC4/BootISR.c **** 
 121:.\Generated_Source\PSoC4/BootISR.c **** /*******************************************************************************
 122:.\Generated_Source\PSoC4/BootISR.c **** * Function Name: BootISR_Interrupt
 123:.\Generated_Source\PSoC4/BootISR.c **** ********************************************************************************
 124:.\Generated_Source\PSoC4/BootISR.c **** *
 125:.\Generated_Source\PSoC4/BootISR.c **** * Summary:
 126:.\Generated_Source\PSoC4/BootISR.c **** *   The default Interrupt Service Routine for BootISR.
 127:.\Generated_Source\PSoC4/BootISR.c **** *
 128:.\Generated_Source\PSoC4/BootISR.c **** *   Add custom code between the coments to keep the next version of this file
 129:.\Generated_Source\PSoC4/BootISR.c **** *   from over writting your code.
 130:.\Generated_Source\PSoC4/BootISR.c **** *
 131:.\Generated_Source\PSoC4/BootISR.c **** * Parameters:  
 132:.\Generated_Source\PSoC4/BootISR.c **** *   None
 133:.\Generated_Source\PSoC4/BootISR.c **** *
 134:.\Generated_Source\PSoC4/BootISR.c **** * Return:
 135:.\Generated_Source\PSoC4/BootISR.c **** *   None
 136:.\Generated_Source\PSoC4/BootISR.c **** *
 137:.\Generated_Source\PSoC4/BootISR.c **** *******************************************************************************/
 138:.\Generated_Source\PSoC4/BootISR.c **** CY_ISR(BootISR_Interrupt)
 139:.\Generated_Source\PSoC4/BootISR.c **** {
  26              		.loc 1 139 0
  27              		.cfi_startproc
  28 0000 08B5     		push	{r3, lr}
  29              		.cfi_def_cfa_offset 8
  30              		.cfi_offset 3, -8
  31              		.cfi_offset 14, -4
 140:.\Generated_Source\PSoC4/BootISR.c ****     /*  Place your Interrupt code here. */
ARM GAS  C:\Users\Sven\AppData\Local\Temp\ccLmNdIP.s 			page 4


 141:.\Generated_Source\PSoC4/BootISR.c ****     /* `#START BootISR_Interrupt` */
 142:.\Generated_Source\PSoC4/BootISR.c ****     SW1_ClearInterrupt();
  32              		.loc 1 142 0
  33 0002 FFF7FEFF 		bl	SW1_ClearInterrupt
  34              	.LVL0:
 143:.\Generated_Source\PSoC4/BootISR.c ****     UART_1_UartPutString("Boot\r\n");
  35              		.loc 1 143 0
  36 0006 0448     		ldr	r0, .L2
  37 0008 FFF7FEFF 		bl	UART_1_UartPutString
  38              	.LVL1:
 144:.\Generated_Source\PSoC4/BootISR.c ****     CyDelay(100);    
  39              		.loc 1 144 0
  40 000c 6420     		mov	r0, #100
  41 000e FFF7FEFF 		bl	CyDelay
  42              	.LVL2:
 145:.\Generated_Source\PSoC4/BootISR.c ****     Bootloadable_1_Load();
 146:.\Generated_Source\PSoC4/BootISR.c ****     /* `#END` */
 147:.\Generated_Source\PSoC4/BootISR.c **** }
  43              		.loc 1 147 0
  44              		@ sp needed
 145:.\Generated_Source\PSoC4/BootISR.c ****     Bootloadable_1_Load();
  45              		.loc 1 145 0
  46 0012 FFF7FEFF 		bl	Bootloadable_1_Load
  47              	.LVL3:
  48              		.loc 1 147 0
  49 0016 08BD     		pop	{r3, pc}
  50              	.L3:
  51              		.align	2
  52              	.L2:
  53 0018 00000000 		.word	.LC0
  54              		.cfi_endproc
  55              	.LFE36:
  56              		.size	BootISR_Interrupt, .-BootISR_Interrupt
  57              		.section	.text.BootISR_Stop,"ax",%progbits
  58              		.align	1
  59              		.global	BootISR_Stop
  60              		.code	16
  61              		.thumb_func
  62              		.type	BootISR_Stop, %function
  63              	BootISR_Stop:
  64              	.LFB35:
 112:.\Generated_Source\PSoC4/BootISR.c **** {
  65              		.loc 1 112 0
  66              		.cfi_startproc
  67              	.LBB18:
  68              	.LBB19:
 148:.\Generated_Source\PSoC4/BootISR.c **** 
 149:.\Generated_Source\PSoC4/BootISR.c **** 
 150:.\Generated_Source\PSoC4/BootISR.c **** /*******************************************************************************
 151:.\Generated_Source\PSoC4/BootISR.c **** * Function Name: BootISR_SetVector
 152:.\Generated_Source\PSoC4/BootISR.c **** ********************************************************************************
 153:.\Generated_Source\PSoC4/BootISR.c **** *
 154:.\Generated_Source\PSoC4/BootISR.c **** * Summary:
 155:.\Generated_Source\PSoC4/BootISR.c **** *   Change the ISR vector for the Interrupt. Note calling BootISR_Start
 156:.\Generated_Source\PSoC4/BootISR.c **** *   will override any effect this method would have had. To set the vector 
 157:.\Generated_Source\PSoC4/BootISR.c **** *   before the component has been started use BootISR_StartEx instead.
 158:.\Generated_Source\PSoC4/BootISR.c **** *
ARM GAS  C:\Users\Sven\AppData\Local\Temp\ccLmNdIP.s 			page 5


 159:.\Generated_Source\PSoC4/BootISR.c **** * Parameters:
 160:.\Generated_Source\PSoC4/BootISR.c **** *   address: Address of the ISR to set in the interrupt vector table.
 161:.\Generated_Source\PSoC4/BootISR.c **** *
 162:.\Generated_Source\PSoC4/BootISR.c **** * Return:
 163:.\Generated_Source\PSoC4/BootISR.c **** *   None
 164:.\Generated_Source\PSoC4/BootISR.c **** *
 165:.\Generated_Source\PSoC4/BootISR.c **** *******************************************************************************/
 166:.\Generated_Source\PSoC4/BootISR.c **** void BootISR_SetVector(cyisraddress address)
 167:.\Generated_Source\PSoC4/BootISR.c **** {
 168:.\Generated_Source\PSoC4/BootISR.c ****     CyRamVectors[CYINT_IRQ_BASE + BootISR__INTC_NUMBER] = address;
 169:.\Generated_Source\PSoC4/BootISR.c **** }
 170:.\Generated_Source\PSoC4/BootISR.c **** 
 171:.\Generated_Source\PSoC4/BootISR.c **** 
 172:.\Generated_Source\PSoC4/BootISR.c **** /*******************************************************************************
 173:.\Generated_Source\PSoC4/BootISR.c **** * Function Name: BootISR_GetVector
 174:.\Generated_Source\PSoC4/BootISR.c **** ********************************************************************************
 175:.\Generated_Source\PSoC4/BootISR.c **** *
 176:.\Generated_Source\PSoC4/BootISR.c **** * Summary:
 177:.\Generated_Source\PSoC4/BootISR.c **** *   Gets the "address" of the current ISR vector for the Interrupt.
 178:.\Generated_Source\PSoC4/BootISR.c **** *
 179:.\Generated_Source\PSoC4/BootISR.c **** * Parameters:
 180:.\Generated_Source\PSoC4/BootISR.c **** *   None
 181:.\Generated_Source\PSoC4/BootISR.c **** *
 182:.\Generated_Source\PSoC4/BootISR.c **** * Return:
 183:.\Generated_Source\PSoC4/BootISR.c **** *   Address of the ISR in the interrupt vector table.
 184:.\Generated_Source\PSoC4/BootISR.c **** *
 185:.\Generated_Source\PSoC4/BootISR.c **** *******************************************************************************/
 186:.\Generated_Source\PSoC4/BootISR.c **** cyisraddress BootISR_GetVector(void)
 187:.\Generated_Source\PSoC4/BootISR.c **** {
 188:.\Generated_Source\PSoC4/BootISR.c ****     return CyRamVectors[CYINT_IRQ_BASE + BootISR__INTC_NUMBER];
 189:.\Generated_Source\PSoC4/BootISR.c **** }
 190:.\Generated_Source\PSoC4/BootISR.c **** 
 191:.\Generated_Source\PSoC4/BootISR.c **** 
 192:.\Generated_Source\PSoC4/BootISR.c **** /*******************************************************************************
 193:.\Generated_Source\PSoC4/BootISR.c **** * Function Name: BootISR_SetPriority
 194:.\Generated_Source\PSoC4/BootISR.c **** ********************************************************************************
 195:.\Generated_Source\PSoC4/BootISR.c **** *
 196:.\Generated_Source\PSoC4/BootISR.c **** * Summary:
 197:.\Generated_Source\PSoC4/BootISR.c **** *   Sets the Priority of the Interrupt. Note calling BootISR_Start
 198:.\Generated_Source\PSoC4/BootISR.c **** *   or BootISR_StartEx will override any effect this method would 
 199:.\Generated_Source\PSoC4/BootISR.c **** *   have had. This method should only be called after BootISR_Start or 
 200:.\Generated_Source\PSoC4/BootISR.c **** *   BootISR_StartEx has been called. To set the initial
 201:.\Generated_Source\PSoC4/BootISR.c **** *   priority for the component use the cydwr file in the tool.
 202:.\Generated_Source\PSoC4/BootISR.c **** *
 203:.\Generated_Source\PSoC4/BootISR.c **** * Parameters:
 204:.\Generated_Source\PSoC4/BootISR.c **** *   priority: Priority of the interrupt. 0 - 3, 0 being the highest.
 205:.\Generated_Source\PSoC4/BootISR.c **** *
 206:.\Generated_Source\PSoC4/BootISR.c **** * Return:
 207:.\Generated_Source\PSoC4/BootISR.c **** *   None
 208:.\Generated_Source\PSoC4/BootISR.c **** *
 209:.\Generated_Source\PSoC4/BootISR.c **** *******************************************************************************/
 210:.\Generated_Source\PSoC4/BootISR.c **** void BootISR_SetPriority(uint8 priority)
 211:.\Generated_Source\PSoC4/BootISR.c **** {
 212:.\Generated_Source\PSoC4/BootISR.c **** 	uint8 interruptState;
 213:.\Generated_Source\PSoC4/BootISR.c ****     uint32 priorityOffset = ((BootISR__INTC_NUMBER % 4u) * 8u) + 6u;
 214:.\Generated_Source\PSoC4/BootISR.c ****     
 215:.\Generated_Source\PSoC4/BootISR.c **** 	interruptState = CyEnterCriticalSection();
ARM GAS  C:\Users\Sven\AppData\Local\Temp\ccLmNdIP.s 			page 6


 216:.\Generated_Source\PSoC4/BootISR.c ****     *BootISR_INTC_PRIOR = (*BootISR_INTC_PRIOR & (uint32)(~BootISR__INTC_PRIOR_MASK)) |
 217:.\Generated_Source\PSoC4/BootISR.c ****                                     ((uint32)priority << priorityOffset);
 218:.\Generated_Source\PSoC4/BootISR.c **** 	CyExitCriticalSection(interruptState);
 219:.\Generated_Source\PSoC4/BootISR.c **** }
 220:.\Generated_Source\PSoC4/BootISR.c **** 
 221:.\Generated_Source\PSoC4/BootISR.c **** 
 222:.\Generated_Source\PSoC4/BootISR.c **** /*******************************************************************************
 223:.\Generated_Source\PSoC4/BootISR.c **** * Function Name: BootISR_GetPriority
 224:.\Generated_Source\PSoC4/BootISR.c **** ********************************************************************************
 225:.\Generated_Source\PSoC4/BootISR.c **** *
 226:.\Generated_Source\PSoC4/BootISR.c **** * Summary:
 227:.\Generated_Source\PSoC4/BootISR.c **** *   Gets the Priority of the Interrupt.
 228:.\Generated_Source\PSoC4/BootISR.c **** *
 229:.\Generated_Source\PSoC4/BootISR.c **** * Parameters:
 230:.\Generated_Source\PSoC4/BootISR.c **** *   None
 231:.\Generated_Source\PSoC4/BootISR.c **** *
 232:.\Generated_Source\PSoC4/BootISR.c **** * Return:
 233:.\Generated_Source\PSoC4/BootISR.c **** *   Priority of the interrupt. 0 - 3, 0 being the highest.
 234:.\Generated_Source\PSoC4/BootISR.c **** *
 235:.\Generated_Source\PSoC4/BootISR.c **** *******************************************************************************/
 236:.\Generated_Source\PSoC4/BootISR.c **** uint8 BootISR_GetPriority(void)
 237:.\Generated_Source\PSoC4/BootISR.c **** {
 238:.\Generated_Source\PSoC4/BootISR.c ****     uint32 priority;
 239:.\Generated_Source\PSoC4/BootISR.c **** 	uint32 priorityOffset = ((BootISR__INTC_NUMBER % 4u) * 8u) + 6u;
 240:.\Generated_Source\PSoC4/BootISR.c **** 
 241:.\Generated_Source\PSoC4/BootISR.c ****     priority = (*BootISR_INTC_PRIOR & BootISR__INTC_PRIOR_MASK) >> priorityOffset;
 242:.\Generated_Source\PSoC4/BootISR.c **** 
 243:.\Generated_Source\PSoC4/BootISR.c ****     return (uint8)priority;
 244:.\Generated_Source\PSoC4/BootISR.c **** }
 245:.\Generated_Source\PSoC4/BootISR.c **** 
 246:.\Generated_Source\PSoC4/BootISR.c **** 
 247:.\Generated_Source\PSoC4/BootISR.c **** /*******************************************************************************
 248:.\Generated_Source\PSoC4/BootISR.c **** * Function Name: BootISR_Enable
 249:.\Generated_Source\PSoC4/BootISR.c **** ********************************************************************************
 250:.\Generated_Source\PSoC4/BootISR.c **** *
 251:.\Generated_Source\PSoC4/BootISR.c **** * Summary:
 252:.\Generated_Source\PSoC4/BootISR.c **** *   Enables the interrupt.
 253:.\Generated_Source\PSoC4/BootISR.c **** *
 254:.\Generated_Source\PSoC4/BootISR.c **** * Parameters:
 255:.\Generated_Source\PSoC4/BootISR.c **** *   None
 256:.\Generated_Source\PSoC4/BootISR.c **** *
 257:.\Generated_Source\PSoC4/BootISR.c **** * Return:
 258:.\Generated_Source\PSoC4/BootISR.c **** *   None
 259:.\Generated_Source\PSoC4/BootISR.c **** *
 260:.\Generated_Source\PSoC4/BootISR.c **** *******************************************************************************/
 261:.\Generated_Source\PSoC4/BootISR.c **** void BootISR_Enable(void)
 262:.\Generated_Source\PSoC4/BootISR.c **** {
 263:.\Generated_Source\PSoC4/BootISR.c ****     /* Enable the general interrupt. */
 264:.\Generated_Source\PSoC4/BootISR.c ****     *BootISR_INTC_SET_EN = BootISR__INTC_MASK;
 265:.\Generated_Source\PSoC4/BootISR.c **** }
 266:.\Generated_Source\PSoC4/BootISR.c **** 
 267:.\Generated_Source\PSoC4/BootISR.c **** 
 268:.\Generated_Source\PSoC4/BootISR.c **** /*******************************************************************************
 269:.\Generated_Source\PSoC4/BootISR.c **** * Function Name: BootISR_GetState
 270:.\Generated_Source\PSoC4/BootISR.c **** ********************************************************************************
 271:.\Generated_Source\PSoC4/BootISR.c **** *
 272:.\Generated_Source\PSoC4/BootISR.c **** * Summary:
ARM GAS  C:\Users\Sven\AppData\Local\Temp\ccLmNdIP.s 			page 7


 273:.\Generated_Source\PSoC4/BootISR.c **** *   Gets the state (enabled, disabled) of the Interrupt.
 274:.\Generated_Source\PSoC4/BootISR.c **** *
 275:.\Generated_Source\PSoC4/BootISR.c **** * Parameters:
 276:.\Generated_Source\PSoC4/BootISR.c **** *   None
 277:.\Generated_Source\PSoC4/BootISR.c **** *
 278:.\Generated_Source\PSoC4/BootISR.c **** * Return:
 279:.\Generated_Source\PSoC4/BootISR.c **** *   1 if enabled, 0 if disabled.
 280:.\Generated_Source\PSoC4/BootISR.c **** *
 281:.\Generated_Source\PSoC4/BootISR.c **** *******************************************************************************/
 282:.\Generated_Source\PSoC4/BootISR.c **** uint8 BootISR_GetState(void)
 283:.\Generated_Source\PSoC4/BootISR.c **** {
 284:.\Generated_Source\PSoC4/BootISR.c ****     /* Get the state of the general interrupt. */
 285:.\Generated_Source\PSoC4/BootISR.c ****     return ((*BootISR_INTC_SET_EN & (uint32)BootISR__INTC_MASK) != 0u) ? 1u:0u;
 286:.\Generated_Source\PSoC4/BootISR.c **** }
 287:.\Generated_Source\PSoC4/BootISR.c **** 
 288:.\Generated_Source\PSoC4/BootISR.c **** 
 289:.\Generated_Source\PSoC4/BootISR.c **** /*******************************************************************************
 290:.\Generated_Source\PSoC4/BootISR.c **** * Function Name: BootISR_Disable
 291:.\Generated_Source\PSoC4/BootISR.c **** ********************************************************************************
 292:.\Generated_Source\PSoC4/BootISR.c **** *
 293:.\Generated_Source\PSoC4/BootISR.c **** * Summary:
 294:.\Generated_Source\PSoC4/BootISR.c **** *   Disables the Interrupt.
 295:.\Generated_Source\PSoC4/BootISR.c **** *
 296:.\Generated_Source\PSoC4/BootISR.c **** * Parameters:
 297:.\Generated_Source\PSoC4/BootISR.c **** *   None
 298:.\Generated_Source\PSoC4/BootISR.c **** *
 299:.\Generated_Source\PSoC4/BootISR.c **** * Return:
 300:.\Generated_Source\PSoC4/BootISR.c **** *   None
 301:.\Generated_Source\PSoC4/BootISR.c **** *
 302:.\Generated_Source\PSoC4/BootISR.c **** *******************************************************************************/
 303:.\Generated_Source\PSoC4/BootISR.c **** void BootISR_Disable(void)
 304:.\Generated_Source\PSoC4/BootISR.c **** {
 305:.\Generated_Source\PSoC4/BootISR.c ****     /* Disable the general interrupt. */
 306:.\Generated_Source\PSoC4/BootISR.c ****     *BootISR_INTC_CLR_EN = BootISR__INTC_MASK;
  69              		.loc 1 306 0
  70 0000 034B     		ldr	r3, .L5
  71 0002 0122     		mov	r2, #1
  72 0004 1A60     		str	r2, [r3]
  73              	.LVL4:
  74              	.LBE19:
  75              	.LBE18:
  76              	.LBB20:
  77              	.LBB21:
 168:.\Generated_Source\PSoC4/BootISR.c ****     CyRamVectors[CYINT_IRQ_BASE + BootISR__INTC_NUMBER] = address;
  78              		.loc 1 168 0
  79 0006 034A     		ldr	r2, .L5+4
  80 0008 034B     		ldr	r3, .L5+8
  81              	.LBE21:
  82              	.LBE20:
 118:.\Generated_Source\PSoC4/BootISR.c **** }
  83              		.loc 1 118 0
  84              		@ sp needed
  85              	.LBB23:
  86              	.LBB22:
 168:.\Generated_Source\PSoC4/BootISR.c ****     CyRamVectors[CYINT_IRQ_BASE + BootISR__INTC_NUMBER] = address;
  87              		.loc 1 168 0
  88 000a 1A64     		str	r2, [r3, #64]
ARM GAS  C:\Users\Sven\AppData\Local\Temp\ccLmNdIP.s 			page 8


  89              	.LBE22:
  90              	.LBE23:
 118:.\Generated_Source\PSoC4/BootISR.c **** }
  91              		.loc 1 118 0
  92 000c 7047     		bx	lr
  93              	.L6:
  94 000e C046     		.align	2
  95              	.L5:
  96 0010 80E100E0 		.word	-536813184
  97 0014 00000000 		.word	IntDefaultHandler
  98 0018 00000000 		.word	CyRamVectors
  99              		.cfi_endproc
 100              	.LFE35:
 101              		.size	BootISR_Stop, .-BootISR_Stop
 102              		.section	.text.BootISR_SetVector,"ax",%progbits
 103              		.align	1
 104              		.global	BootISR_SetVector
 105              		.code	16
 106              		.thumb_func
 107              		.type	BootISR_SetVector, %function
 108              	BootISR_SetVector:
 109              	.LFB37:
 167:.\Generated_Source\PSoC4/BootISR.c **** {
 110              		.loc 1 167 0
 111              		.cfi_startproc
 112              	.LVL5:
 168:.\Generated_Source\PSoC4/BootISR.c ****     CyRamVectors[CYINT_IRQ_BASE + BootISR__INTC_NUMBER] = address;
 113              		.loc 1 168 0
 114 0000 014B     		ldr	r3, .L8
 169:.\Generated_Source\PSoC4/BootISR.c **** }
 115              		.loc 1 169 0
 116              		@ sp needed
 168:.\Generated_Source\PSoC4/BootISR.c ****     CyRamVectors[CYINT_IRQ_BASE + BootISR__INTC_NUMBER] = address;
 117              		.loc 1 168 0
 118 0002 1864     		str	r0, [r3, #64]
 169:.\Generated_Source\PSoC4/BootISR.c **** }
 119              		.loc 1 169 0
 120 0004 7047     		bx	lr
 121              	.L9:
 122 0006 C046     		.align	2
 123              	.L8:
 124 0008 00000000 		.word	CyRamVectors
 125              		.cfi_endproc
 126              	.LFE37:
 127              		.size	BootISR_SetVector, .-BootISR_SetVector
 128              		.section	.text.BootISR_GetVector,"ax",%progbits
 129              		.align	1
 130              		.global	BootISR_GetVector
 131              		.code	16
 132              		.thumb_func
 133              		.type	BootISR_GetVector, %function
 134              	BootISR_GetVector:
 135              	.LFB38:
 187:.\Generated_Source\PSoC4/BootISR.c **** {
 136              		.loc 1 187 0
 137              		.cfi_startproc
 188:.\Generated_Source\PSoC4/BootISR.c ****     return CyRamVectors[CYINT_IRQ_BASE + BootISR__INTC_NUMBER];
ARM GAS  C:\Users\Sven\AppData\Local\Temp\ccLmNdIP.s 			page 9


 138              		.loc 1 188 0
 139 0000 014B     		ldr	r3, .L11
 189:.\Generated_Source\PSoC4/BootISR.c **** }
 140              		.loc 1 189 0
 141              		@ sp needed
 188:.\Generated_Source\PSoC4/BootISR.c ****     return CyRamVectors[CYINT_IRQ_BASE + BootISR__INTC_NUMBER];
 142              		.loc 1 188 0
 143 0002 186C     		ldr	r0, [r3, #64]
 189:.\Generated_Source\PSoC4/BootISR.c **** }
 144              		.loc 1 189 0
 145 0004 7047     		bx	lr
 146              	.L12:
 147 0006 C046     		.align	2
 148              	.L11:
 149 0008 00000000 		.word	CyRamVectors
 150              		.cfi_endproc
 151              	.LFE38:
 152              		.size	BootISR_GetVector, .-BootISR_GetVector
 153              		.section	.text.BootISR_SetPriority,"ax",%progbits
 154              		.align	1
 155              		.global	BootISR_SetPriority
 156              		.code	16
 157              		.thumb_func
 158              		.type	BootISR_SetPriority, %function
 159              	BootISR_SetPriority:
 160              	.LFB39:
 211:.\Generated_Source\PSoC4/BootISR.c **** {
 161              		.loc 1 211 0
 162              		.cfi_startproc
 163              	.LVL6:
 164 0000 10B5     		push	{r4, lr}
 165              		.cfi_def_cfa_offset 8
 166              		.cfi_offset 4, -8
 167              		.cfi_offset 14, -4
 211:.\Generated_Source\PSoC4/BootISR.c **** {
 168              		.loc 1 211 0
 169 0002 041C     		mov	r4, r0
 215:.\Generated_Source\PSoC4/BootISR.c **** 	interruptState = CyEnterCriticalSection();
 170              		.loc 1 215 0
 171 0004 FFF7FEFF 		bl	CyEnterCriticalSection
 172              	.LVL7:
 216:.\Generated_Source\PSoC4/BootISR.c ****     *BootISR_INTC_PRIOR = (*BootISR_INTC_PRIOR & (uint32)(~BootISR__INTC_PRIOR_MASK)) |
 173              		.loc 1 216 0
 174 0008 054B     		ldr	r3, .L14
 217:.\Generated_Source\PSoC4/BootISR.c ****                                     ((uint32)priority << priorityOffset);
 175              		.loc 1 217 0
 176 000a A201     		lsl	r2, r4, #6
 216:.\Generated_Source\PSoC4/BootISR.c ****     *BootISR_INTC_PRIOR = (*BootISR_INTC_PRIOR & (uint32)(~BootISR__INTC_PRIOR_MASK)) |
 177              		.loc 1 216 0
 178 000c 1968     		ldr	r1, [r3]
 179 000e C024     		mov	r4, #192
 180 0010 A143     		bic	r1, r4
 181 0012 0C1C     		mov	r4, r1
 182 0014 1443     		orr	r4, r2
 183 0016 1C60     		str	r4, [r3]
 218:.\Generated_Source\PSoC4/BootISR.c **** 	CyExitCriticalSection(interruptState);
 184              		.loc 1 218 0
ARM GAS  C:\Users\Sven\AppData\Local\Temp\ccLmNdIP.s 			page 10


 185 0018 FFF7FEFF 		bl	CyExitCriticalSection
 186              	.LVL8:
 219:.\Generated_Source\PSoC4/BootISR.c **** }
 187              		.loc 1 219 0
 188              		@ sp needed
 189 001c 10BD     		pop	{r4, pc}
 190              	.L15:
 191 001e C046     		.align	2
 192              	.L14:
 193 0020 00E400E0 		.word	-536812544
 194              		.cfi_endproc
 195              	.LFE39:
 196              		.size	BootISR_SetPriority, .-BootISR_SetPriority
 197              		.section	.text.BootISR_Start,"ax",%progbits
 198              		.align	1
 199              		.global	BootISR_Start
 200              		.code	16
 201              		.thumb_func
 202              		.type	BootISR_Start, %function
 203              	BootISR_Start:
 204              	.LFB33:
  53:.\Generated_Source\PSoC4/BootISR.c **** {
 205              		.loc 1 53 0
 206              		.cfi_startproc
 207              	.LBB24:
 208              	.LBB25:
 209              		.loc 1 306 0
 210 0000 064B     		ldr	r3, .L17
 211              	.LBE25:
 212              	.LBE24:
  53:.\Generated_Source\PSoC4/BootISR.c **** {
 213              		.loc 1 53 0
 214 0002 10B5     		push	{r4, lr}
 215              		.cfi_def_cfa_offset 8
 216              		.cfi_offset 4, -8
 217              		.cfi_offset 14, -4
 218              	.LBB27:
 219              	.LBB26:
 220              		.loc 1 306 0
 221 0004 0124     		mov	r4, #1
 222 0006 1C60     		str	r4, [r3]
 223              	.LVL9:
 224              	.LBE26:
 225              	.LBE27:
 226              	.LBB28:
 227              	.LBB29:
 168:.\Generated_Source\PSoC4/BootISR.c ****     CyRamVectors[CYINT_IRQ_BASE + BootISR__INTC_NUMBER] = address;
 228              		.loc 1 168 0
 229 0008 054A     		ldr	r2, .L17+4
 230 000a 064B     		ldr	r3, .L17+8
 231              	.LBE29:
 232              	.LBE28:
  61:.\Generated_Source\PSoC4/BootISR.c ****     BootISR_SetPriority((uint8)BootISR_INTC_PRIOR_NUMBER);
 233              		.loc 1 61 0
 234 000c 0320     		mov	r0, #3
 235              	.LBB31:
 236              	.LBB30:
ARM GAS  C:\Users\Sven\AppData\Local\Temp\ccLmNdIP.s 			page 11


 168:.\Generated_Source\PSoC4/BootISR.c ****     CyRamVectors[CYINT_IRQ_BASE + BootISR__INTC_NUMBER] = address;
 237              		.loc 1 168 0
 238 000e 1A64     		str	r2, [r3, #64]
 239              	.LBE30:
 240              	.LBE31:
  61:.\Generated_Source\PSoC4/BootISR.c ****     BootISR_SetPriority((uint8)BootISR_INTC_PRIOR_NUMBER);
 241              		.loc 1 61 0
 242 0010 FFF7FEFF 		bl	BootISR_SetPriority
 243              	.LVL10:
 244              	.LBB32:
 245              	.LBB33:
 264:.\Generated_Source\PSoC4/BootISR.c ****     *BootISR_INTC_SET_EN = BootISR__INTC_MASK;
 246              		.loc 1 264 0
 247 0014 044B     		ldr	r3, .L17+12
 248              	.LBE33:
 249              	.LBE32:
  65:.\Generated_Source\PSoC4/BootISR.c **** }
 250              		.loc 1 65 0
 251              		@ sp needed
 252              	.LBB35:
 253              	.LBB34:
 264:.\Generated_Source\PSoC4/BootISR.c ****     *BootISR_INTC_SET_EN = BootISR__INTC_MASK;
 254              		.loc 1 264 0
 255 0016 1C60     		str	r4, [r3]
 256              	.LBE34:
 257              	.LBE35:
  65:.\Generated_Source\PSoC4/BootISR.c **** }
 258              		.loc 1 65 0
 259 0018 10BD     		pop	{r4, pc}
 260              	.L18:
 261 001a C046     		.align	2
 262              	.L17:
 263 001c 80E100E0 		.word	-536813184
 264 0020 00000000 		.word	BootISR_Interrupt
 265 0024 00000000 		.word	CyRamVectors
 266 0028 00E100E0 		.word	-536813312
 267              		.cfi_endproc
 268              	.LFE33:
 269              		.size	BootISR_Start, .-BootISR_Start
 270              		.section	.text.BootISR_StartEx,"ax",%progbits
 271              		.align	1
 272              		.global	BootISR_StartEx
 273              		.code	16
 274              		.thumb_func
 275              		.type	BootISR_StartEx, %function
 276              	BootISR_StartEx:
 277              	.LFB34:
  83:.\Generated_Source\PSoC4/BootISR.c **** {
 278              		.loc 1 83 0
 279              		.cfi_startproc
 280              	.LVL11:
 281              	.LBB36:
 282              	.LBB37:
 283              		.loc 1 306 0
 284 0000 054B     		ldr	r3, .L20
 285              	.LBE37:
 286              	.LBE36:
ARM GAS  C:\Users\Sven\AppData\Local\Temp\ccLmNdIP.s 			page 12


  83:.\Generated_Source\PSoC4/BootISR.c **** {
 287              		.loc 1 83 0
 288 0002 10B5     		push	{r4, lr}
 289              		.cfi_def_cfa_offset 8
 290              		.cfi_offset 4, -8
 291              		.cfi_offset 14, -4
 292              	.LBB39:
 293              	.LBB38:
 294              		.loc 1 306 0
 295 0004 0124     		mov	r4, #1
 296 0006 1C60     		str	r4, [r3]
 297              	.LVL12:
 298              	.LBE38:
 299              	.LBE39:
 300              	.LBB40:
 301              	.LBB41:
 168:.\Generated_Source\PSoC4/BootISR.c ****     CyRamVectors[CYINT_IRQ_BASE + BootISR__INTC_NUMBER] = address;
 302              		.loc 1 168 0
 303 0008 044B     		ldr	r3, .L20+4
 304              	.LBE41:
 305              	.LBE40:
  95:.\Generated_Source\PSoC4/BootISR.c **** }
 306              		.loc 1 95 0
 307              		@ sp needed
 308              	.LBB43:
 309              	.LBB42:
 168:.\Generated_Source\PSoC4/BootISR.c ****     CyRamVectors[CYINT_IRQ_BASE + BootISR__INTC_NUMBER] = address;
 310              		.loc 1 168 0
 311 000a 1864     		str	r0, [r3, #64]
 312              	.LBE42:
 313              	.LBE43:
  91:.\Generated_Source\PSoC4/BootISR.c ****     BootISR_SetPriority((uint8)BootISR_INTC_PRIOR_NUMBER);
 314              		.loc 1 91 0
 315 000c 0320     		mov	r0, #3
 316              	.LVL13:
 317 000e FFF7FEFF 		bl	BootISR_SetPriority
 318              	.LVL14:
 319              	.LBB44:
 320              	.LBB45:
 264:.\Generated_Source\PSoC4/BootISR.c ****     *BootISR_INTC_SET_EN = BootISR__INTC_MASK;
 321              		.loc 1 264 0
 322 0012 034B     		ldr	r3, .L20+8
 323 0014 1C60     		str	r4, [r3]
 324              	.LBE45:
 325              	.LBE44:
  95:.\Generated_Source\PSoC4/BootISR.c **** }
 326              		.loc 1 95 0
 327 0016 10BD     		pop	{r4, pc}
 328              	.L21:
 329              		.align	2
 330              	.L20:
 331 0018 80E100E0 		.word	-536813184
 332 001c 00000000 		.word	CyRamVectors
 333 0020 00E100E0 		.word	-536813312
 334              		.cfi_endproc
 335              	.LFE34:
 336              		.size	BootISR_StartEx, .-BootISR_StartEx
ARM GAS  C:\Users\Sven\AppData\Local\Temp\ccLmNdIP.s 			page 13


 337              		.section	.text.BootISR_GetPriority,"ax",%progbits
 338              		.align	1
 339              		.global	BootISR_GetPriority
 340              		.code	16
 341              		.thumb_func
 342              		.type	BootISR_GetPriority, %function
 343              	BootISR_GetPriority:
 344              	.LFB40:
 237:.\Generated_Source\PSoC4/BootISR.c **** {
 345              		.loc 1 237 0
 346              		.cfi_startproc
 347              	.LVL15:
 241:.\Generated_Source\PSoC4/BootISR.c ****     priority = (*BootISR_INTC_PRIOR & BootISR__INTC_PRIOR_MASK) >> priorityOffset;
 348              		.loc 1 241 0
 349 0000 024B     		ldr	r3, .L23
 244:.\Generated_Source\PSoC4/BootISR.c **** }
 350              		.loc 1 244 0
 351              		@ sp needed
 241:.\Generated_Source\PSoC4/BootISR.c ****     priority = (*BootISR_INTC_PRIOR & BootISR__INTC_PRIOR_MASK) >> priorityOffset;
 352              		.loc 1 241 0
 353 0002 1868     		ldr	r0, [r3]
 354              	.LVL16:
 355 0004 0006     		lsl	r0, r0, #24
 356              	.LVL17:
 243:.\Generated_Source\PSoC4/BootISR.c ****     return (uint8)priority;
 357              		.loc 1 243 0
 358 0006 800F     		lsr	r0, r0, #30
 244:.\Generated_Source\PSoC4/BootISR.c **** }
 359              		.loc 1 244 0
 360 0008 7047     		bx	lr
 361              	.L24:
 362 000a C046     		.align	2
 363              	.L23:
 364 000c 00E400E0 		.word	-536812544
 365              		.cfi_endproc
 366              	.LFE40:
 367              		.size	BootISR_GetPriority, .-BootISR_GetPriority
 368              		.section	.text.BootISR_Enable,"ax",%progbits
 369              		.align	1
 370              		.global	BootISR_Enable
 371              		.code	16
 372              		.thumb_func
 373              		.type	BootISR_Enable, %function
 374              	BootISR_Enable:
 375              	.LFB41:
 262:.\Generated_Source\PSoC4/BootISR.c **** {
 376              		.loc 1 262 0
 377              		.cfi_startproc
 264:.\Generated_Source\PSoC4/BootISR.c ****     *BootISR_INTC_SET_EN = BootISR__INTC_MASK;
 378              		.loc 1 264 0
 379 0000 014B     		ldr	r3, .L26
 380 0002 0122     		mov	r2, #1
 381 0004 1A60     		str	r2, [r3]
 265:.\Generated_Source\PSoC4/BootISR.c **** }
 382              		.loc 1 265 0
 383              		@ sp needed
 384 0006 7047     		bx	lr
ARM GAS  C:\Users\Sven\AppData\Local\Temp\ccLmNdIP.s 			page 14


 385              	.L27:
 386              		.align	2
 387              	.L26:
 388 0008 00E100E0 		.word	-536813312
 389              		.cfi_endproc
 390              	.LFE41:
 391              		.size	BootISR_Enable, .-BootISR_Enable
 392              		.section	.text.BootISR_GetState,"ax",%progbits
 393              		.align	1
 394              		.global	BootISR_GetState
 395              		.code	16
 396              		.thumb_func
 397              		.type	BootISR_GetState, %function
 398              	BootISR_GetState:
 399              	.LFB42:
 283:.\Generated_Source\PSoC4/BootISR.c **** {
 400              		.loc 1 283 0
 401              		.cfi_startproc
 285:.\Generated_Source\PSoC4/BootISR.c ****     return ((*BootISR_INTC_SET_EN & (uint32)BootISR__INTC_MASK) != 0u) ? 1u:0u;
 402              		.loc 1 285 0
 403 0000 024B     		ldr	r3, .L29
 286:.\Generated_Source\PSoC4/BootISR.c **** }
 404              		.loc 1 286 0
 405              		@ sp needed
 285:.\Generated_Source\PSoC4/BootISR.c ****     return ((*BootISR_INTC_SET_EN & (uint32)BootISR__INTC_MASK) != 0u) ? 1u:0u;
 406              		.loc 1 285 0
 407 0002 1868     		ldr	r0, [r3]
 408 0004 0123     		mov	r3, #1
 409 0006 1840     		and	r0, r3
 286:.\Generated_Source\PSoC4/BootISR.c **** }
 410              		.loc 1 286 0
 411 0008 7047     		bx	lr
 412              	.L30:
 413 000a C046     		.align	2
 414              	.L29:
 415 000c 00E100E0 		.word	-536813312
 416              		.cfi_endproc
 417              	.LFE42:
 418              		.size	BootISR_GetState, .-BootISR_GetState
 419              		.section	.text.BootISR_Disable,"ax",%progbits
 420              		.align	1
 421              		.global	BootISR_Disable
 422              		.code	16
 423              		.thumb_func
 424              		.type	BootISR_Disable, %function
 425              	BootISR_Disable:
 426              	.LFB43:
 304:.\Generated_Source\PSoC4/BootISR.c **** {
 427              		.loc 1 304 0
 428              		.cfi_startproc
 429              		.loc 1 306 0
 430 0000 014B     		ldr	r3, .L32
 431 0002 0122     		mov	r2, #1
 432 0004 1A60     		str	r2, [r3]
 307:.\Generated_Source\PSoC4/BootISR.c **** }
 433              		.loc 1 307 0
 434              		@ sp needed
ARM GAS  C:\Users\Sven\AppData\Local\Temp\ccLmNdIP.s 			page 15


 435 0006 7047     		bx	lr
 436              	.L33:
 437              		.align	2
 438              	.L32:
 439 0008 80E100E0 		.word	-536813184
 440              		.cfi_endproc
 441              	.LFE43:
 442              		.size	BootISR_Disable, .-BootISR_Disable
 443              		.section	.text.BootISR_SetPending,"ax",%progbits
 444              		.align	1
 445              		.global	BootISR_SetPending
 446              		.code	16
 447              		.thumb_func
 448              		.type	BootISR_SetPending, %function
 449              	BootISR_SetPending:
 450              	.LFB44:
 308:.\Generated_Source\PSoC4/BootISR.c **** 
 309:.\Generated_Source\PSoC4/BootISR.c **** 
 310:.\Generated_Source\PSoC4/BootISR.c **** /*******************************************************************************
 311:.\Generated_Source\PSoC4/BootISR.c **** * Function Name: BootISR_SetPending
 312:.\Generated_Source\PSoC4/BootISR.c **** ********************************************************************************
 313:.\Generated_Source\PSoC4/BootISR.c **** *
 314:.\Generated_Source\PSoC4/BootISR.c **** * Summary:
 315:.\Generated_Source\PSoC4/BootISR.c **** *   Causes the Interrupt to enter the pending state, a software method of
 316:.\Generated_Source\PSoC4/BootISR.c **** *   generating the interrupt.
 317:.\Generated_Source\PSoC4/BootISR.c **** *
 318:.\Generated_Source\PSoC4/BootISR.c **** * Parameters:
 319:.\Generated_Source\PSoC4/BootISR.c **** *   None
 320:.\Generated_Source\PSoC4/BootISR.c **** *
 321:.\Generated_Source\PSoC4/BootISR.c **** * Return:
 322:.\Generated_Source\PSoC4/BootISR.c **** *   None
 323:.\Generated_Source\PSoC4/BootISR.c **** *
 324:.\Generated_Source\PSoC4/BootISR.c **** *******************************************************************************/
 325:.\Generated_Source\PSoC4/BootISR.c **** void BootISR_SetPending(void)
 326:.\Generated_Source\PSoC4/BootISR.c **** {
 451              		.loc 1 326 0
 452              		.cfi_startproc
 327:.\Generated_Source\PSoC4/BootISR.c ****     *BootISR_INTC_SET_PD = BootISR__INTC_MASK;
 453              		.loc 1 327 0
 454 0000 014B     		ldr	r3, .L35
 455 0002 0122     		mov	r2, #1
 456 0004 1A60     		str	r2, [r3]
 328:.\Generated_Source\PSoC4/BootISR.c **** }
 457              		.loc 1 328 0
 458              		@ sp needed
 459 0006 7047     		bx	lr
 460              	.L36:
 461              		.align	2
 462              	.L35:
 463 0008 00E200E0 		.word	-536813056
 464              		.cfi_endproc
 465              	.LFE44:
 466              		.size	BootISR_SetPending, .-BootISR_SetPending
 467              		.section	.text.BootISR_ClearPending,"ax",%progbits
 468              		.align	1
 469              		.global	BootISR_ClearPending
 470              		.code	16
ARM GAS  C:\Users\Sven\AppData\Local\Temp\ccLmNdIP.s 			page 16


 471              		.thumb_func
 472              		.type	BootISR_ClearPending, %function
 473              	BootISR_ClearPending:
 474              	.LFB45:
 329:.\Generated_Source\PSoC4/BootISR.c **** 
 330:.\Generated_Source\PSoC4/BootISR.c **** 
 331:.\Generated_Source\PSoC4/BootISR.c **** /*******************************************************************************
 332:.\Generated_Source\PSoC4/BootISR.c **** * Function Name: BootISR_ClearPending
 333:.\Generated_Source\PSoC4/BootISR.c **** ********************************************************************************
 334:.\Generated_Source\PSoC4/BootISR.c **** *
 335:.\Generated_Source\PSoC4/BootISR.c **** * Summary:
 336:.\Generated_Source\PSoC4/BootISR.c **** *   Clears a pending interrupt.
 337:.\Generated_Source\PSoC4/BootISR.c **** *
 338:.\Generated_Source\PSoC4/BootISR.c **** * Parameters:
 339:.\Generated_Source\PSoC4/BootISR.c **** *   None
 340:.\Generated_Source\PSoC4/BootISR.c **** *
 341:.\Generated_Source\PSoC4/BootISR.c **** * Return:
 342:.\Generated_Source\PSoC4/BootISR.c **** *   None
 343:.\Generated_Source\PSoC4/BootISR.c **** *
 344:.\Generated_Source\PSoC4/BootISR.c **** *******************************************************************************/
 345:.\Generated_Source\PSoC4/BootISR.c **** void BootISR_ClearPending(void)
 346:.\Generated_Source\PSoC4/BootISR.c **** {
 475              		.loc 1 346 0
 476              		.cfi_startproc
 347:.\Generated_Source\PSoC4/BootISR.c ****     *BootISR_INTC_CLR_PD = BootISR__INTC_MASK;
 477              		.loc 1 347 0
 478 0000 014B     		ldr	r3, .L38
 479 0002 0122     		mov	r2, #1
 480 0004 1A60     		str	r2, [r3]
 348:.\Generated_Source\PSoC4/BootISR.c **** }
 481              		.loc 1 348 0
 482              		@ sp needed
 483 0006 7047     		bx	lr
 484              	.L39:
 485              		.align	2
 486              	.L38:
 487 0008 80E200E0 		.word	-536812928
 488              		.cfi_endproc
 489              	.LFE45:
 490              		.size	BootISR_ClearPending, .-BootISR_ClearPending
 491              		.section	.rodata.str1.1,"aMS",%progbits,1
 492              	.LC0:
 493 0000 426F6F74 		.ascii	"Boot\015\012\000"
 493      0D0A00
 494              		.text
 495              	.Letext0:
 496              		.file 2 ".\\Generated_Source\\PSoC4/cytypes.h"
 497              		.file 3 ".\\Generated_Source\\PSoC4/UART_1_SPI_UART.h"
 498              		.file 4 ".\\Generated_Source\\PSoC4/CyLib.h"
 499              		.file 5 ".\\Generated_Source\\PSoC4/Bootloadable_1.h"
 500              		.file 6 ".\\Generated_Source\\PSoC4/SW1.h"
 501              		.section	.debug_info,"",%progbits
 502              	.Ldebug_info0:
 503 0000 D4030000 		.4byte	0x3d4
 504 0004 0400     		.2byte	0x4
 505 0006 00000000 		.4byte	.Ldebug_abbrev0
 506 000a 04       		.byte	0x4
ARM GAS  C:\Users\Sven\AppData\Local\Temp\ccLmNdIP.s 			page 17


 507 000b 01       		.uleb128 0x1
 508 000c 6F020000 		.4byte	.LASF39
 509 0010 01       		.byte	0x1
 510 0011 6C010000 		.4byte	.LASF40
 511 0015 06000000 		.4byte	.LASF41
 512 0019 90000000 		.4byte	.Ldebug_ranges0+0x90
 513 001d 00000000 		.4byte	0
 514 0021 00000000 		.4byte	.Ldebug_line0
 515 0025 02       		.uleb128 0x2
 516 0026 01       		.byte	0x1
 517 0027 06       		.byte	0x6
 518 0028 16030000 		.4byte	.LASF0
 519 002c 02       		.uleb128 0x2
 520 002d 01       		.byte	0x1
 521 002e 08       		.byte	0x8
 522 002f D3000000 		.4byte	.LASF1
 523 0033 02       		.uleb128 0x2
 524 0034 02       		.byte	0x2
 525 0035 05       		.byte	0x5
 526 0036 65020000 		.4byte	.LASF2
 527 003a 02       		.uleb128 0x2
 528 003b 02       		.byte	0x2
 529 003c 07       		.byte	0x7
 530 003d 81000000 		.4byte	.LASF3
 531 0041 02       		.uleb128 0x2
 532 0042 04       		.byte	0x4
 533 0043 05       		.byte	0x5
 534 0044 0D030000 		.4byte	.LASF4
 535 0048 02       		.uleb128 0x2
 536 0049 04       		.byte	0x4
 537 004a 07       		.byte	0x7
 538 004b FA000000 		.4byte	.LASF5
 539 004f 02       		.uleb128 0x2
 540 0050 08       		.byte	0x8
 541 0051 05       		.byte	0x5
 542 0052 52020000 		.4byte	.LASF6
 543 0056 02       		.uleb128 0x2
 544 0057 08       		.byte	0x8
 545 0058 07       		.byte	0x7
 546 0059 BC000000 		.4byte	.LASF7
 547 005d 03       		.uleb128 0x3
 548 005e 04       		.byte	0x4
 549 005f 05       		.byte	0x5
 550 0060 696E7400 		.ascii	"int\000"
 551 0064 02       		.uleb128 0x2
 552 0065 04       		.byte	0x4
 553 0066 07       		.byte	0x7
 554 0067 BF010000 		.4byte	.LASF8
 555 006b 04       		.uleb128 0x4
 556 006c 1F010000 		.4byte	.LASF9
 557 0070 02       		.byte	0x2
 558 0071 A1       		.byte	0xa1
 559 0072 2C000000 		.4byte	0x2c
 560 0076 04       		.uleb128 0x4
 561 0077 8F010000 		.4byte	.LASF10
 562 007b 02       		.byte	0x2
 563 007c A3       		.byte	0xa3
ARM GAS  C:\Users\Sven\AppData\Local\Temp\ccLmNdIP.s 			page 18


 564 007d 48000000 		.4byte	0x48
 565 0081 02       		.uleb128 0x2
 566 0082 04       		.byte	0x4
 567 0083 04       		.byte	0x4
 568 0084 B6000000 		.4byte	.LASF11
 569 0088 02       		.uleb128 0x2
 570 0089 08       		.byte	0x8
 571 008a 04       		.byte	0x4
 572 008b 53010000 		.4byte	.LASF12
 573 008f 04       		.uleb128 0x4
 574 0090 E1000000 		.4byte	.LASF13
 575 0094 02       		.byte	0x2
 576 0095 B2       		.byte	0xb2
 577 0096 9A000000 		.4byte	0x9a
 578 009a 02       		.uleb128 0x2
 579 009b 01       		.byte	0x1
 580 009c 08       		.byte	0x8
 581 009d 60020000 		.4byte	.LASF14
 582 00a1 05       		.uleb128 0x5
 583 00a2 00000000 		.4byte	.LASF15
 584 00a6 02       		.byte	0x2
 585 00a7 4D01     		.2byte	0x14d
 586 00a9 AD000000 		.4byte	0xad
 587 00ad 06       		.uleb128 0x6
 588 00ae 76000000 		.4byte	0x76
 589 00b2 05       		.uleb128 0x5
 590 00b3 EA010000 		.4byte	.LASF16
 591 00b7 02       		.byte	0x2
 592 00b8 5D01     		.2byte	0x15d
 593 00ba BE000000 		.4byte	0xbe
 594 00be 07       		.uleb128 0x7
 595 00bf 04       		.byte	0x4
 596 00c0 C4000000 		.4byte	0xc4
 597 00c4 08       		.uleb128 0x8
 598 00c5 02       		.uleb128 0x2
 599 00c6 04       		.byte	0x4
 600 00c7 07       		.byte	0x7
 601 00c8 28020000 		.4byte	.LASF17
 602 00cc 09       		.uleb128 0x9
 603 00cd 3A010000 		.4byte	.LASF18
 604 00d1 01       		.byte	0x1
 605 00d2 2F01     		.2byte	0x12f
 606 00d4 01       		.byte	0x1
 607 00d5 0A       		.uleb128 0xa
 608 00d6 94000000 		.4byte	.LASF33
 609 00da 01       		.byte	0x1
 610 00db A6       		.byte	0xa6
 611 00dc 01       		.byte	0x1
 612 00dd ED000000 		.4byte	0xed
 613 00e1 0B       		.uleb128 0xb
 614 00e2 CC010000 		.4byte	.LASF28
 615 00e6 01       		.byte	0x1
 616 00e7 A6       		.byte	0xa6
 617 00e8 B2000000 		.4byte	0xb2
 618 00ec 00       		.byte	0
 619 00ed 09       		.uleb128 0x9
 620 00ee 50000000 		.4byte	.LASF19
ARM GAS  C:\Users\Sven\AppData\Local\Temp\ccLmNdIP.s 			page 19


 621 00f2 01       		.byte	0x1
 622 00f3 0501     		.2byte	0x105
 623 00f5 01       		.byte	0x1
 624 00f6 0C       		.uleb128 0xc
 625 00f7 AD010000 		.4byte	.LASF20
 626 00fb 01       		.byte	0x1
 627 00fc 8A       		.byte	0x8a
 628 00fd 00000000 		.4byte	.LFB36
 629 0101 1C000000 		.4byte	.LFE36-.LFB36
 630 0105 01       		.uleb128 0x1
 631 0106 9C       		.byte	0x9c
 632 0107 49010000 		.4byte	0x149
 633 010b 0D       		.uleb128 0xd
 634 010c 06000000 		.4byte	.LVL0
 635 0110 7F030000 		.4byte	0x37f
 636 0114 0E       		.uleb128 0xe
 637 0115 0C000000 		.4byte	.LVL1
 638 0119 8A030000 		.4byte	0x38a
 639 011d 2B010000 		.4byte	0x12b
 640 0121 0F       		.uleb128 0xf
 641 0122 01       		.uleb128 0x1
 642 0123 50       		.byte	0x50
 643 0124 05       		.uleb128 0x5
 644 0125 03       		.byte	0x3
 645 0126 00000000 		.4byte	.LC0
 646 012a 00       		.byte	0
 647 012b 0E       		.uleb128 0xe
 648 012c 12000000 		.4byte	.LVL2
 649 0130 A7030000 		.4byte	0x3a7
 650 0134 3F010000 		.4byte	0x13f
 651 0138 0F       		.uleb128 0xf
 652 0139 01       		.uleb128 0x1
 653 013a 50       		.byte	0x50
 654 013b 02       		.uleb128 0x2
 655 013c 08       		.byte	0x8
 656 013d 64       		.byte	0x64
 657 013e 00       		.byte	0
 658 013f 0D       		.uleb128 0xd
 659 0140 16000000 		.4byte	.LVL3
 660 0144 B8030000 		.4byte	0x3b8
 661 0148 00       		.byte	0
 662 0149 0C       		.uleb128 0xc
 663 014a 31020000 		.4byte	.LASF21
 664 014e 01       		.byte	0x1
 665 014f 6F       		.byte	0x6f
 666 0150 00000000 		.4byte	.LFB35
 667 0154 1C000000 		.4byte	.LFE35-.LFB35
 668 0158 01       		.uleb128 0x1
 669 0159 9C       		.byte	0x9c
 670 015a 83010000 		.4byte	0x183
 671 015e 10       		.uleb128 0x10
 672 015f CC000000 		.4byte	0xcc
 673 0163 00000000 		.4byte	.LBB18
 674 0167 06000000 		.4byte	.LBE18-.LBB18
 675 016b 01       		.byte	0x1
 676 016c 72       		.byte	0x72
 677 016d 11       		.uleb128 0x11
ARM GAS  C:\Users\Sven\AppData\Local\Temp\ccLmNdIP.s 			page 20


 678 016e D5000000 		.4byte	0xd5
 679 0172 06000000 		.4byte	.LBB20
 680 0176 00000000 		.4byte	.Ldebug_ranges0+0
 681 017a 01       		.byte	0x1
 682 017b 75       		.byte	0x75
 683 017c 12       		.uleb128 0x12
 684 017d E1000000 		.4byte	0xe1
 685 0181 00       		.byte	0
 686 0182 00       		.byte	0
 687 0183 13       		.uleb128 0x13
 688 0184 D5000000 		.4byte	0xd5
 689 0188 00000000 		.4byte	.LFB37
 690 018c 0C000000 		.4byte	.LFE37-.LFB37
 691 0190 01       		.uleb128 0x1
 692 0191 9C       		.byte	0x9c
 693 0192 9E010000 		.4byte	0x19e
 694 0196 14       		.uleb128 0x14
 695 0197 E1000000 		.4byte	0xe1
 696 019b 01       		.uleb128 0x1
 697 019c 50       		.byte	0x50
 698 019d 00       		.byte	0
 699 019e 15       		.uleb128 0x15
 700 019f 5A010000 		.4byte	.LASF29
 701 01a3 01       		.byte	0x1
 702 01a4 BA       		.byte	0xba
 703 01a5 B2000000 		.4byte	0xb2
 704 01a9 00000000 		.4byte	.LFB38
 705 01ad 0C000000 		.4byte	.LFE38-.LFB38
 706 01b1 01       		.uleb128 0x1
 707 01b2 9C       		.byte	0x9c
 708 01b3 0C       		.uleb128 0xc
 709 01b4 14020000 		.4byte	.LASF22
 710 01b8 01       		.byte	0x1
 711 01b9 D2       		.byte	0xd2
 712 01ba 00000000 		.4byte	.LFB39
 713 01be 24000000 		.4byte	.LFE39-.LFB39
 714 01c2 01       		.uleb128 0x1
 715 01c3 9C       		.byte	0x9c
 716 01c4 05020000 		.4byte	0x205
 717 01c8 16       		.uleb128 0x16
 718 01c9 4A010000 		.4byte	.LASF27
 719 01cd 01       		.byte	0x1
 720 01ce D2       		.byte	0xd2
 721 01cf 6B000000 		.4byte	0x6b
 722 01d3 00000000 		.4byte	.LLST0
 723 01d7 17       		.uleb128 0x17
 724 01d8 05020000 		.4byte	.LASF23
 725 01dc 01       		.byte	0x1
 726 01dd D4       		.byte	0xd4
 727 01de 6B000000 		.4byte	0x6b
 728 01e2 21000000 		.4byte	.LLST1
 729 01e6 18       		.uleb128 0x18
 730 01e7 FE020000 		.4byte	.LASF24
 731 01eb 01       		.byte	0x1
 732 01ec D5       		.byte	0xd5
 733 01ed 76000000 		.4byte	0x76
 734 01f1 06       		.byte	0x6
ARM GAS  C:\Users\Sven\AppData\Local\Temp\ccLmNdIP.s 			page 21


 735 01f2 0D       		.uleb128 0xd
 736 01f3 08000000 		.4byte	.LVL7
 737 01f7 BF030000 		.4byte	0x3bf
 738 01fb 0D       		.uleb128 0xd
 739 01fc 1C000000 		.4byte	.LVL8
 740 0200 CA030000 		.4byte	0x3ca
 741 0204 00       		.byte	0
 742 0205 0C       		.uleb128 0xc
 743 0206 F7010000 		.4byte	.LASF25
 744 020a 01       		.byte	0x1
 745 020b 34       		.byte	0x34
 746 020c 00000000 		.4byte	.LFB33
 747 0210 2C000000 		.4byte	.LFE33-.LFB33
 748 0214 01       		.uleb128 0x1
 749 0215 9C       		.byte	0x9c
 750 0216 68020000 		.4byte	0x268
 751 021a 19       		.uleb128 0x19
 752 021b CC000000 		.4byte	0xcc
 753 021f 00000000 		.4byte	.LBB24
 754 0223 18000000 		.4byte	.Ldebug_ranges0+0x18
 755 0227 01       		.byte	0x1
 756 0228 37       		.byte	0x37
 757 0229 1A       		.uleb128 0x1a
 758 022a D5000000 		.4byte	0xd5
 759 022e 08000000 		.4byte	.LBB28
 760 0232 30000000 		.4byte	.Ldebug_ranges0+0x30
 761 0236 01       		.byte	0x1
 762 0237 3A       		.byte	0x3a
 763 0238 49020000 		.4byte	0x249
 764 023c 14       		.uleb128 0x14
 765 023d E1000000 		.4byte	0xe1
 766 0241 06       		.uleb128 0x6
 767 0242 03       		.byte	0x3
 768 0243 00000000 		.4byte	BootISR_Interrupt
 769 0247 9F       		.byte	0x9f
 770 0248 00       		.byte	0
 771 0249 19       		.uleb128 0x19
 772 024a ED000000 		.4byte	0xed
 773 024e 14000000 		.4byte	.LBB32
 774 0252 48000000 		.4byte	.Ldebug_ranges0+0x48
 775 0256 01       		.byte	0x1
 776 0257 40       		.byte	0x40
 777 0258 1B       		.uleb128 0x1b
 778 0259 14000000 		.4byte	.LVL10
 779 025d B3010000 		.4byte	0x1b3
 780 0261 0F       		.uleb128 0xf
 781 0262 01       		.uleb128 0x1
 782 0263 50       		.byte	0x50
 783 0264 01       		.uleb128 0x1
 784 0265 33       		.byte	0x33
 785 0266 00       		.byte	0
 786 0267 00       		.byte	0
 787 0268 0C       		.uleb128 0xc
 788 0269 A6000000 		.4byte	.LASF26
 789 026d 01       		.byte	0x1
 790 026e 52       		.byte	0x52
 791 026f 00000000 		.4byte	.LFB34
ARM GAS  C:\Users\Sven\AppData\Local\Temp\ccLmNdIP.s 			page 22


 792 0273 24000000 		.4byte	.LFE34-.LFB34
 793 0277 01       		.uleb128 0x1
 794 0278 9C       		.byte	0x9c
 795 0279 D7020000 		.4byte	0x2d7
 796 027d 16       		.uleb128 0x16
 797 027e CC010000 		.4byte	.LASF28
 798 0282 01       		.byte	0x1
 799 0283 52       		.byte	0x52
 800 0284 B2000000 		.4byte	0xb2
 801 0288 34000000 		.4byte	.LLST2
 802 028c 19       		.uleb128 0x19
 803 028d CC000000 		.4byte	0xcc
 804 0291 00000000 		.4byte	.LBB36
 805 0295 60000000 		.4byte	.Ldebug_ranges0+0x60
 806 0299 01       		.byte	0x1
 807 029a 55       		.byte	0x55
 808 029b 1A       		.uleb128 0x1a
 809 029c D5000000 		.4byte	0xd5
 810 02a0 08000000 		.4byte	.LBB40
 811 02a4 78000000 		.4byte	.Ldebug_ranges0+0x78
 812 02a8 01       		.byte	0x1
 813 02a9 58       		.byte	0x58
 814 02aa B8020000 		.4byte	0x2b8
 815 02ae 1C       		.uleb128 0x1c
 816 02af E1000000 		.4byte	0xe1
 817 02b3 62000000 		.4byte	.LLST3
 818 02b7 00       		.byte	0
 819 02b8 10       		.uleb128 0x10
 820 02b9 ED000000 		.4byte	0xed
 821 02bd 12000000 		.4byte	.LBB44
 822 02c1 04000000 		.4byte	.LBE44-.LBB44
 823 02c5 01       		.byte	0x1
 824 02c6 5E       		.byte	0x5e
 825 02c7 1B       		.uleb128 0x1b
 826 02c8 12000000 		.4byte	.LVL14
 827 02cc B3010000 		.4byte	0x1b3
 828 02d0 0F       		.uleb128 0xf
 829 02d1 01       		.uleb128 0x1
 830 02d2 50       		.byte	0x50
 831 02d3 01       		.uleb128 0x1
 832 02d4 33       		.byte	0x33
 833 02d5 00       		.byte	0
 834 02d6 00       		.byte	0
 835 02d7 1D       		.uleb128 0x1d
 836 02d8 3E020000 		.4byte	.LASF42
 837 02dc 01       		.byte	0x1
 838 02dd EC       		.byte	0xec
 839 02de 6B000000 		.4byte	0x6b
 840 02e2 00000000 		.4byte	.LFB40
 841 02e6 10000000 		.4byte	.LFE40-.LFB40
 842 02ea 01       		.uleb128 0x1
 843 02eb 9C       		.byte	0x9c
 844 02ec 0C030000 		.4byte	0x30c
 845 02f0 17       		.uleb128 0x17
 846 02f1 4A010000 		.4byte	.LASF27
 847 02f5 01       		.byte	0x1
 848 02f6 EE       		.byte	0xee
ARM GAS  C:\Users\Sven\AppData\Local\Temp\ccLmNdIP.s 			page 23


 849 02f7 76000000 		.4byte	0x76
 850 02fb 90000000 		.4byte	.LLST4
 851 02ff 18       		.uleb128 0x18
 852 0300 FE020000 		.4byte	.LASF24
 853 0304 01       		.byte	0x1
 854 0305 EF       		.byte	0xef
 855 0306 76000000 		.4byte	0x76
 856 030a 06       		.byte	0x6
 857 030b 00       		.byte	0
 858 030c 1E       		.uleb128 0x1e
 859 030d ED000000 		.4byte	0xed
 860 0311 00000000 		.4byte	.LFB41
 861 0315 0C000000 		.4byte	.LFE41-.LFB41
 862 0319 01       		.uleb128 0x1
 863 031a 9C       		.byte	0x9c
 864 031b 1F       		.uleb128 0x1f
 865 031c 3E030000 		.4byte	.LASF30
 866 0320 01       		.byte	0x1
 867 0321 1A01     		.2byte	0x11a
 868 0323 6B000000 		.4byte	0x6b
 869 0327 00000000 		.4byte	.LFB42
 870 032b 10000000 		.4byte	.LFE42-.LFB42
 871 032f 01       		.uleb128 0x1
 872 0330 9C       		.byte	0x9c
 873 0331 1E       		.uleb128 0x1e
 874 0332 CC000000 		.4byte	0xcc
 875 0336 00000000 		.4byte	.LFB43
 876 033a 0C000000 		.4byte	.LFE43-.LFB43
 877 033e 01       		.uleb128 0x1
 878 033f 9C       		.byte	0x9c
 879 0340 20       		.uleb128 0x20
 880 0341 0C010000 		.4byte	.LASF31
 881 0345 01       		.byte	0x1
 882 0346 4501     		.2byte	0x145
 883 0348 00000000 		.4byte	.LFB44
 884 034c 0C000000 		.4byte	.LFE44-.LFB44
 885 0350 01       		.uleb128 0x1
 886 0351 9C       		.byte	0x9c
 887 0352 20       		.uleb128 0x20
 888 0353 25010000 		.4byte	.LASF32
 889 0357 01       		.byte	0x1
 890 0358 5901     		.2byte	0x159
 891 035a 00000000 		.4byte	.LFB45
 892 035e 0C000000 		.4byte	.LFE45-.LFB45
 893 0362 01       		.uleb128 0x1
 894 0363 9C       		.byte	0x9c
 895 0364 21       		.uleb128 0x21
 896 0365 B2000000 		.4byte	0xb2
 897 0369 74030000 		.4byte	0x374
 898 036d 22       		.uleb128 0x22
 899 036e C5000000 		.4byte	0xc5
 900 0372 2F       		.byte	0x2f
 901 0373 00       		.byte	0
 902 0374 23       		.uleb128 0x23
 903 0375 5F000000 		.4byte	.LASF43
 904 0379 01       		.byte	0x1
 905 037a 20       		.byte	0x20
ARM GAS  C:\Users\Sven\AppData\Local\Temp\ccLmNdIP.s 			page 24


 906 037b 64030000 		.4byte	0x364
 907 037f 24       		.uleb128 0x24
 908 0380 E7000000 		.4byte	.LASF37
 909 0384 06       		.byte	0x6
 910 0385 21       		.byte	0x21
 911 0386 6B000000 		.4byte	0x6b
 912 038a 25       		.uleb128 0x25
 913 038b 6C000000 		.4byte	.LASF34
 914 038f 03       		.byte	0x3
 915 0390 6801     		.2byte	0x168
 916 0392 9C030000 		.4byte	0x39c
 917 0396 26       		.uleb128 0x26
 918 0397 9C030000 		.4byte	0x39c
 919 039b 00       		.byte	0
 920 039c 07       		.uleb128 0x7
 921 039d 04       		.byte	0x4
 922 039e A2030000 		.4byte	0x3a2
 923 03a2 27       		.uleb128 0x27
 924 03a3 8F000000 		.4byte	0x8f
 925 03a7 28       		.uleb128 0x28
 926 03a8 22030000 		.4byte	.LASF35
 927 03ac 04       		.byte	0x4
 928 03ad 7B       		.byte	0x7b
 929 03ae B8030000 		.4byte	0x3b8
 930 03b2 26       		.uleb128 0x26
 931 03b3 76000000 		.4byte	0x76
 932 03b7 00       		.byte	0
 933 03b8 29       		.uleb128 0x29
 934 03b9 2A030000 		.4byte	.LASF36
 935 03bd 05       		.byte	0x5
 936 03be 58       		.byte	0x58
 937 03bf 24       		.uleb128 0x24
 938 03c0 96010000 		.4byte	.LASF38
 939 03c4 04       		.byte	0x4
 940 03c5 82       		.byte	0x82
 941 03c6 6B000000 		.4byte	0x6b
 942 03ca 2A       		.uleb128 0x2a
 943 03cb D4010000 		.4byte	.LASF44
 944 03cf 04       		.byte	0x4
 945 03d0 83       		.byte	0x83
 946 03d1 26       		.uleb128 0x26
 947 03d2 6B000000 		.4byte	0x6b
 948 03d6 00       		.byte	0
 949 03d7 00       		.byte	0
 950              		.section	.debug_abbrev,"",%progbits
 951              	.Ldebug_abbrev0:
 952 0000 01       		.uleb128 0x1
 953 0001 11       		.uleb128 0x11
 954 0002 01       		.byte	0x1
 955 0003 25       		.uleb128 0x25
 956 0004 0E       		.uleb128 0xe
 957 0005 13       		.uleb128 0x13
 958 0006 0B       		.uleb128 0xb
 959 0007 03       		.uleb128 0x3
 960 0008 0E       		.uleb128 0xe
 961 0009 1B       		.uleb128 0x1b
 962 000a 0E       		.uleb128 0xe
ARM GAS  C:\Users\Sven\AppData\Local\Temp\ccLmNdIP.s 			page 25


 963 000b 55       		.uleb128 0x55
 964 000c 17       		.uleb128 0x17
 965 000d 11       		.uleb128 0x11
 966 000e 01       		.uleb128 0x1
 967 000f 10       		.uleb128 0x10
 968 0010 17       		.uleb128 0x17
 969 0011 00       		.byte	0
 970 0012 00       		.byte	0
 971 0013 02       		.uleb128 0x2
 972 0014 24       		.uleb128 0x24
 973 0015 00       		.byte	0
 974 0016 0B       		.uleb128 0xb
 975 0017 0B       		.uleb128 0xb
 976 0018 3E       		.uleb128 0x3e
 977 0019 0B       		.uleb128 0xb
 978 001a 03       		.uleb128 0x3
 979 001b 0E       		.uleb128 0xe
 980 001c 00       		.byte	0
 981 001d 00       		.byte	0
 982 001e 03       		.uleb128 0x3
 983 001f 24       		.uleb128 0x24
 984 0020 00       		.byte	0
 985 0021 0B       		.uleb128 0xb
 986 0022 0B       		.uleb128 0xb
 987 0023 3E       		.uleb128 0x3e
 988 0024 0B       		.uleb128 0xb
 989 0025 03       		.uleb128 0x3
 990 0026 08       		.uleb128 0x8
 991 0027 00       		.byte	0
 992 0028 00       		.byte	0
 993 0029 04       		.uleb128 0x4
 994 002a 16       		.uleb128 0x16
 995 002b 00       		.byte	0
 996 002c 03       		.uleb128 0x3
 997 002d 0E       		.uleb128 0xe
 998 002e 3A       		.uleb128 0x3a
 999 002f 0B       		.uleb128 0xb
 1000 0030 3B       		.uleb128 0x3b
 1001 0031 0B       		.uleb128 0xb
 1002 0032 49       		.uleb128 0x49
 1003 0033 13       		.uleb128 0x13
 1004 0034 00       		.byte	0
 1005 0035 00       		.byte	0
 1006 0036 05       		.uleb128 0x5
 1007 0037 16       		.uleb128 0x16
 1008 0038 00       		.byte	0
 1009 0039 03       		.uleb128 0x3
 1010 003a 0E       		.uleb128 0xe
 1011 003b 3A       		.uleb128 0x3a
 1012 003c 0B       		.uleb128 0xb
 1013 003d 3B       		.uleb128 0x3b
 1014 003e 05       		.uleb128 0x5
 1015 003f 49       		.uleb128 0x49
 1016 0040 13       		.uleb128 0x13
 1017 0041 00       		.byte	0
 1018 0042 00       		.byte	0
 1019 0043 06       		.uleb128 0x6
ARM GAS  C:\Users\Sven\AppData\Local\Temp\ccLmNdIP.s 			page 26


 1020 0044 35       		.uleb128 0x35
 1021 0045 00       		.byte	0
 1022 0046 49       		.uleb128 0x49
 1023 0047 13       		.uleb128 0x13
 1024 0048 00       		.byte	0
 1025 0049 00       		.byte	0
 1026 004a 07       		.uleb128 0x7
 1027 004b 0F       		.uleb128 0xf
 1028 004c 00       		.byte	0
 1029 004d 0B       		.uleb128 0xb
 1030 004e 0B       		.uleb128 0xb
 1031 004f 49       		.uleb128 0x49
 1032 0050 13       		.uleb128 0x13
 1033 0051 00       		.byte	0
 1034 0052 00       		.byte	0
 1035 0053 08       		.uleb128 0x8
 1036 0054 15       		.uleb128 0x15
 1037 0055 00       		.byte	0
 1038 0056 27       		.uleb128 0x27
 1039 0057 19       		.uleb128 0x19
 1040 0058 00       		.byte	0
 1041 0059 00       		.byte	0
 1042 005a 09       		.uleb128 0x9
 1043 005b 2E       		.uleb128 0x2e
 1044 005c 00       		.byte	0
 1045 005d 3F       		.uleb128 0x3f
 1046 005e 19       		.uleb128 0x19
 1047 005f 03       		.uleb128 0x3
 1048 0060 0E       		.uleb128 0xe
 1049 0061 3A       		.uleb128 0x3a
 1050 0062 0B       		.uleb128 0xb
 1051 0063 3B       		.uleb128 0x3b
 1052 0064 05       		.uleb128 0x5
 1053 0065 27       		.uleb128 0x27
 1054 0066 19       		.uleb128 0x19
 1055 0067 20       		.uleb128 0x20
 1056 0068 0B       		.uleb128 0xb
 1057 0069 00       		.byte	0
 1058 006a 00       		.byte	0
 1059 006b 0A       		.uleb128 0xa
 1060 006c 2E       		.uleb128 0x2e
 1061 006d 01       		.byte	0x1
 1062 006e 3F       		.uleb128 0x3f
 1063 006f 19       		.uleb128 0x19
 1064 0070 03       		.uleb128 0x3
 1065 0071 0E       		.uleb128 0xe
 1066 0072 3A       		.uleb128 0x3a
 1067 0073 0B       		.uleb128 0xb
 1068 0074 3B       		.uleb128 0x3b
 1069 0075 0B       		.uleb128 0xb
 1070 0076 27       		.uleb128 0x27
 1071 0077 19       		.uleb128 0x19
 1072 0078 20       		.uleb128 0x20
 1073 0079 0B       		.uleb128 0xb
 1074 007a 01       		.uleb128 0x1
 1075 007b 13       		.uleb128 0x13
 1076 007c 00       		.byte	0
ARM GAS  C:\Users\Sven\AppData\Local\Temp\ccLmNdIP.s 			page 27


 1077 007d 00       		.byte	0
 1078 007e 0B       		.uleb128 0xb
 1079 007f 05       		.uleb128 0x5
 1080 0080 00       		.byte	0
 1081 0081 03       		.uleb128 0x3
 1082 0082 0E       		.uleb128 0xe
 1083 0083 3A       		.uleb128 0x3a
 1084 0084 0B       		.uleb128 0xb
 1085 0085 3B       		.uleb128 0x3b
 1086 0086 0B       		.uleb128 0xb
 1087 0087 49       		.uleb128 0x49
 1088 0088 13       		.uleb128 0x13
 1089 0089 00       		.byte	0
 1090 008a 00       		.byte	0
 1091 008b 0C       		.uleb128 0xc
 1092 008c 2E       		.uleb128 0x2e
 1093 008d 01       		.byte	0x1
 1094 008e 3F       		.uleb128 0x3f
 1095 008f 19       		.uleb128 0x19
 1096 0090 03       		.uleb128 0x3
 1097 0091 0E       		.uleb128 0xe
 1098 0092 3A       		.uleb128 0x3a
 1099 0093 0B       		.uleb128 0xb
 1100 0094 3B       		.uleb128 0x3b
 1101 0095 0B       		.uleb128 0xb
 1102 0096 27       		.uleb128 0x27
 1103 0097 19       		.uleb128 0x19
 1104 0098 11       		.uleb128 0x11
 1105 0099 01       		.uleb128 0x1
 1106 009a 12       		.uleb128 0x12
 1107 009b 06       		.uleb128 0x6
 1108 009c 40       		.uleb128 0x40
 1109 009d 18       		.uleb128 0x18
 1110 009e 9742     		.uleb128 0x2117
 1111 00a0 19       		.uleb128 0x19
 1112 00a1 01       		.uleb128 0x1
 1113 00a2 13       		.uleb128 0x13
 1114 00a3 00       		.byte	0
 1115 00a4 00       		.byte	0
 1116 00a5 0D       		.uleb128 0xd
 1117 00a6 898201   		.uleb128 0x4109
 1118 00a9 00       		.byte	0
 1119 00aa 11       		.uleb128 0x11
 1120 00ab 01       		.uleb128 0x1
 1121 00ac 31       		.uleb128 0x31
 1122 00ad 13       		.uleb128 0x13
 1123 00ae 00       		.byte	0
 1124 00af 00       		.byte	0
 1125 00b0 0E       		.uleb128 0xe
 1126 00b1 898201   		.uleb128 0x4109
 1127 00b4 01       		.byte	0x1
 1128 00b5 11       		.uleb128 0x11
 1129 00b6 01       		.uleb128 0x1
 1130 00b7 31       		.uleb128 0x31
 1131 00b8 13       		.uleb128 0x13
 1132 00b9 01       		.uleb128 0x1
 1133 00ba 13       		.uleb128 0x13
ARM GAS  C:\Users\Sven\AppData\Local\Temp\ccLmNdIP.s 			page 28


 1134 00bb 00       		.byte	0
 1135 00bc 00       		.byte	0
 1136 00bd 0F       		.uleb128 0xf
 1137 00be 8A8201   		.uleb128 0x410a
 1138 00c1 00       		.byte	0
 1139 00c2 02       		.uleb128 0x2
 1140 00c3 18       		.uleb128 0x18
 1141 00c4 9142     		.uleb128 0x2111
 1142 00c6 18       		.uleb128 0x18
 1143 00c7 00       		.byte	0
 1144 00c8 00       		.byte	0
 1145 00c9 10       		.uleb128 0x10
 1146 00ca 1D       		.uleb128 0x1d
 1147 00cb 00       		.byte	0
 1148 00cc 31       		.uleb128 0x31
 1149 00cd 13       		.uleb128 0x13
 1150 00ce 11       		.uleb128 0x11
 1151 00cf 01       		.uleb128 0x1
 1152 00d0 12       		.uleb128 0x12
 1153 00d1 06       		.uleb128 0x6
 1154 00d2 58       		.uleb128 0x58
 1155 00d3 0B       		.uleb128 0xb
 1156 00d4 59       		.uleb128 0x59
 1157 00d5 0B       		.uleb128 0xb
 1158 00d6 00       		.byte	0
 1159 00d7 00       		.byte	0
 1160 00d8 11       		.uleb128 0x11
 1161 00d9 1D       		.uleb128 0x1d
 1162 00da 01       		.byte	0x1
 1163 00db 31       		.uleb128 0x31
 1164 00dc 13       		.uleb128 0x13
 1165 00dd 52       		.uleb128 0x52
 1166 00de 01       		.uleb128 0x1
 1167 00df 55       		.uleb128 0x55
 1168 00e0 17       		.uleb128 0x17
 1169 00e1 58       		.uleb128 0x58
 1170 00e2 0B       		.uleb128 0xb
 1171 00e3 59       		.uleb128 0x59
 1172 00e4 0B       		.uleb128 0xb
 1173 00e5 00       		.byte	0
 1174 00e6 00       		.byte	0
 1175 00e7 12       		.uleb128 0x12
 1176 00e8 05       		.uleb128 0x5
 1177 00e9 00       		.byte	0
 1178 00ea 31       		.uleb128 0x31
 1179 00eb 13       		.uleb128 0x13
 1180 00ec 00       		.byte	0
 1181 00ed 00       		.byte	0
 1182 00ee 13       		.uleb128 0x13
 1183 00ef 2E       		.uleb128 0x2e
 1184 00f0 01       		.byte	0x1
 1185 00f1 31       		.uleb128 0x31
 1186 00f2 13       		.uleb128 0x13
 1187 00f3 11       		.uleb128 0x11
 1188 00f4 01       		.uleb128 0x1
 1189 00f5 12       		.uleb128 0x12
 1190 00f6 06       		.uleb128 0x6
ARM GAS  C:\Users\Sven\AppData\Local\Temp\ccLmNdIP.s 			page 29


 1191 00f7 40       		.uleb128 0x40
 1192 00f8 18       		.uleb128 0x18
 1193 00f9 9742     		.uleb128 0x2117
 1194 00fb 19       		.uleb128 0x19
 1195 00fc 01       		.uleb128 0x1
 1196 00fd 13       		.uleb128 0x13
 1197 00fe 00       		.byte	0
 1198 00ff 00       		.byte	0
 1199 0100 14       		.uleb128 0x14
 1200 0101 05       		.uleb128 0x5
 1201 0102 00       		.byte	0
 1202 0103 31       		.uleb128 0x31
 1203 0104 13       		.uleb128 0x13
 1204 0105 02       		.uleb128 0x2
 1205 0106 18       		.uleb128 0x18
 1206 0107 00       		.byte	0
 1207 0108 00       		.byte	0
 1208 0109 15       		.uleb128 0x15
 1209 010a 2E       		.uleb128 0x2e
 1210 010b 00       		.byte	0
 1211 010c 3F       		.uleb128 0x3f
 1212 010d 19       		.uleb128 0x19
 1213 010e 03       		.uleb128 0x3
 1214 010f 0E       		.uleb128 0xe
 1215 0110 3A       		.uleb128 0x3a
 1216 0111 0B       		.uleb128 0xb
 1217 0112 3B       		.uleb128 0x3b
 1218 0113 0B       		.uleb128 0xb
 1219 0114 27       		.uleb128 0x27
 1220 0115 19       		.uleb128 0x19
 1221 0116 49       		.uleb128 0x49
 1222 0117 13       		.uleb128 0x13
 1223 0118 11       		.uleb128 0x11
 1224 0119 01       		.uleb128 0x1
 1225 011a 12       		.uleb128 0x12
 1226 011b 06       		.uleb128 0x6
 1227 011c 40       		.uleb128 0x40
 1228 011d 18       		.uleb128 0x18
 1229 011e 9742     		.uleb128 0x2117
 1230 0120 19       		.uleb128 0x19
 1231 0121 00       		.byte	0
 1232 0122 00       		.byte	0
 1233 0123 16       		.uleb128 0x16
 1234 0124 05       		.uleb128 0x5
 1235 0125 00       		.byte	0
 1236 0126 03       		.uleb128 0x3
 1237 0127 0E       		.uleb128 0xe
 1238 0128 3A       		.uleb128 0x3a
 1239 0129 0B       		.uleb128 0xb
 1240 012a 3B       		.uleb128 0x3b
 1241 012b 0B       		.uleb128 0xb
 1242 012c 49       		.uleb128 0x49
 1243 012d 13       		.uleb128 0x13
 1244 012e 02       		.uleb128 0x2
 1245 012f 17       		.uleb128 0x17
 1246 0130 00       		.byte	0
 1247 0131 00       		.byte	0
ARM GAS  C:\Users\Sven\AppData\Local\Temp\ccLmNdIP.s 			page 30


 1248 0132 17       		.uleb128 0x17
 1249 0133 34       		.uleb128 0x34
 1250 0134 00       		.byte	0
 1251 0135 03       		.uleb128 0x3
 1252 0136 0E       		.uleb128 0xe
 1253 0137 3A       		.uleb128 0x3a
 1254 0138 0B       		.uleb128 0xb
 1255 0139 3B       		.uleb128 0x3b
 1256 013a 0B       		.uleb128 0xb
 1257 013b 49       		.uleb128 0x49
 1258 013c 13       		.uleb128 0x13
 1259 013d 02       		.uleb128 0x2
 1260 013e 17       		.uleb128 0x17
 1261 013f 00       		.byte	0
 1262 0140 00       		.byte	0
 1263 0141 18       		.uleb128 0x18
 1264 0142 34       		.uleb128 0x34
 1265 0143 00       		.byte	0
 1266 0144 03       		.uleb128 0x3
 1267 0145 0E       		.uleb128 0xe
 1268 0146 3A       		.uleb128 0x3a
 1269 0147 0B       		.uleb128 0xb
 1270 0148 3B       		.uleb128 0x3b
 1271 0149 0B       		.uleb128 0xb
 1272 014a 49       		.uleb128 0x49
 1273 014b 13       		.uleb128 0x13
 1274 014c 1C       		.uleb128 0x1c
 1275 014d 0B       		.uleb128 0xb
 1276 014e 00       		.byte	0
 1277 014f 00       		.byte	0
 1278 0150 19       		.uleb128 0x19
 1279 0151 1D       		.uleb128 0x1d
 1280 0152 00       		.byte	0
 1281 0153 31       		.uleb128 0x31
 1282 0154 13       		.uleb128 0x13
 1283 0155 52       		.uleb128 0x52
 1284 0156 01       		.uleb128 0x1
 1285 0157 55       		.uleb128 0x55
 1286 0158 17       		.uleb128 0x17
 1287 0159 58       		.uleb128 0x58
 1288 015a 0B       		.uleb128 0xb
 1289 015b 59       		.uleb128 0x59
 1290 015c 0B       		.uleb128 0xb
 1291 015d 00       		.byte	0
 1292 015e 00       		.byte	0
 1293 015f 1A       		.uleb128 0x1a
 1294 0160 1D       		.uleb128 0x1d
 1295 0161 01       		.byte	0x1
 1296 0162 31       		.uleb128 0x31
 1297 0163 13       		.uleb128 0x13
 1298 0164 52       		.uleb128 0x52
 1299 0165 01       		.uleb128 0x1
 1300 0166 55       		.uleb128 0x55
 1301 0167 17       		.uleb128 0x17
 1302 0168 58       		.uleb128 0x58
 1303 0169 0B       		.uleb128 0xb
 1304 016a 59       		.uleb128 0x59
ARM GAS  C:\Users\Sven\AppData\Local\Temp\ccLmNdIP.s 			page 31


 1305 016b 0B       		.uleb128 0xb
 1306 016c 01       		.uleb128 0x1
 1307 016d 13       		.uleb128 0x13
 1308 016e 00       		.byte	0
 1309 016f 00       		.byte	0
 1310 0170 1B       		.uleb128 0x1b
 1311 0171 898201   		.uleb128 0x4109
 1312 0174 01       		.byte	0x1
 1313 0175 11       		.uleb128 0x11
 1314 0176 01       		.uleb128 0x1
 1315 0177 31       		.uleb128 0x31
 1316 0178 13       		.uleb128 0x13
 1317 0179 00       		.byte	0
 1318 017a 00       		.byte	0
 1319 017b 1C       		.uleb128 0x1c
 1320 017c 05       		.uleb128 0x5
 1321 017d 00       		.byte	0
 1322 017e 31       		.uleb128 0x31
 1323 017f 13       		.uleb128 0x13
 1324 0180 02       		.uleb128 0x2
 1325 0181 17       		.uleb128 0x17
 1326 0182 00       		.byte	0
 1327 0183 00       		.byte	0
 1328 0184 1D       		.uleb128 0x1d
 1329 0185 2E       		.uleb128 0x2e
 1330 0186 01       		.byte	0x1
 1331 0187 3F       		.uleb128 0x3f
 1332 0188 19       		.uleb128 0x19
 1333 0189 03       		.uleb128 0x3
 1334 018a 0E       		.uleb128 0xe
 1335 018b 3A       		.uleb128 0x3a
 1336 018c 0B       		.uleb128 0xb
 1337 018d 3B       		.uleb128 0x3b
 1338 018e 0B       		.uleb128 0xb
 1339 018f 27       		.uleb128 0x27
 1340 0190 19       		.uleb128 0x19
 1341 0191 49       		.uleb128 0x49
 1342 0192 13       		.uleb128 0x13
 1343 0193 11       		.uleb128 0x11
 1344 0194 01       		.uleb128 0x1
 1345 0195 12       		.uleb128 0x12
 1346 0196 06       		.uleb128 0x6
 1347 0197 40       		.uleb128 0x40
 1348 0198 18       		.uleb128 0x18
 1349 0199 9742     		.uleb128 0x2117
 1350 019b 19       		.uleb128 0x19
 1351 019c 01       		.uleb128 0x1
 1352 019d 13       		.uleb128 0x13
 1353 019e 00       		.byte	0
 1354 019f 00       		.byte	0
 1355 01a0 1E       		.uleb128 0x1e
 1356 01a1 2E       		.uleb128 0x2e
 1357 01a2 00       		.byte	0
 1358 01a3 31       		.uleb128 0x31
 1359 01a4 13       		.uleb128 0x13
 1360 01a5 11       		.uleb128 0x11
 1361 01a6 01       		.uleb128 0x1
ARM GAS  C:\Users\Sven\AppData\Local\Temp\ccLmNdIP.s 			page 32


 1362 01a7 12       		.uleb128 0x12
 1363 01a8 06       		.uleb128 0x6
 1364 01a9 40       		.uleb128 0x40
 1365 01aa 18       		.uleb128 0x18
 1366 01ab 9742     		.uleb128 0x2117
 1367 01ad 19       		.uleb128 0x19
 1368 01ae 00       		.byte	0
 1369 01af 00       		.byte	0
 1370 01b0 1F       		.uleb128 0x1f
 1371 01b1 2E       		.uleb128 0x2e
 1372 01b2 00       		.byte	0
 1373 01b3 3F       		.uleb128 0x3f
 1374 01b4 19       		.uleb128 0x19
 1375 01b5 03       		.uleb128 0x3
 1376 01b6 0E       		.uleb128 0xe
 1377 01b7 3A       		.uleb128 0x3a
 1378 01b8 0B       		.uleb128 0xb
 1379 01b9 3B       		.uleb128 0x3b
 1380 01ba 05       		.uleb128 0x5
 1381 01bb 27       		.uleb128 0x27
 1382 01bc 19       		.uleb128 0x19
 1383 01bd 49       		.uleb128 0x49
 1384 01be 13       		.uleb128 0x13
 1385 01bf 11       		.uleb128 0x11
 1386 01c0 01       		.uleb128 0x1
 1387 01c1 12       		.uleb128 0x12
 1388 01c2 06       		.uleb128 0x6
 1389 01c3 40       		.uleb128 0x40
 1390 01c4 18       		.uleb128 0x18
 1391 01c5 9742     		.uleb128 0x2117
 1392 01c7 19       		.uleb128 0x19
 1393 01c8 00       		.byte	0
 1394 01c9 00       		.byte	0
 1395 01ca 20       		.uleb128 0x20
 1396 01cb 2E       		.uleb128 0x2e
 1397 01cc 00       		.byte	0
 1398 01cd 3F       		.uleb128 0x3f
 1399 01ce 19       		.uleb128 0x19
 1400 01cf 03       		.uleb128 0x3
 1401 01d0 0E       		.uleb128 0xe
 1402 01d1 3A       		.uleb128 0x3a
 1403 01d2 0B       		.uleb128 0xb
 1404 01d3 3B       		.uleb128 0x3b
 1405 01d4 05       		.uleb128 0x5
 1406 01d5 27       		.uleb128 0x27
 1407 01d6 19       		.uleb128 0x19
 1408 01d7 11       		.uleb128 0x11
 1409 01d8 01       		.uleb128 0x1
 1410 01d9 12       		.uleb128 0x12
 1411 01da 06       		.uleb128 0x6
 1412 01db 40       		.uleb128 0x40
 1413 01dc 18       		.uleb128 0x18
 1414 01dd 9742     		.uleb128 0x2117
 1415 01df 19       		.uleb128 0x19
 1416 01e0 00       		.byte	0
 1417 01e1 00       		.byte	0
 1418 01e2 21       		.uleb128 0x21
ARM GAS  C:\Users\Sven\AppData\Local\Temp\ccLmNdIP.s 			page 33


 1419 01e3 01       		.uleb128 0x1
 1420 01e4 01       		.byte	0x1
 1421 01e5 49       		.uleb128 0x49
 1422 01e6 13       		.uleb128 0x13
 1423 01e7 01       		.uleb128 0x1
 1424 01e8 13       		.uleb128 0x13
 1425 01e9 00       		.byte	0
 1426 01ea 00       		.byte	0
 1427 01eb 22       		.uleb128 0x22
 1428 01ec 21       		.uleb128 0x21
 1429 01ed 00       		.byte	0
 1430 01ee 49       		.uleb128 0x49
 1431 01ef 13       		.uleb128 0x13
 1432 01f0 2F       		.uleb128 0x2f
 1433 01f1 0B       		.uleb128 0xb
 1434 01f2 00       		.byte	0
 1435 01f3 00       		.byte	0
 1436 01f4 23       		.uleb128 0x23
 1437 01f5 34       		.uleb128 0x34
 1438 01f6 00       		.byte	0
 1439 01f7 03       		.uleb128 0x3
 1440 01f8 0E       		.uleb128 0xe
 1441 01f9 3A       		.uleb128 0x3a
 1442 01fa 0B       		.uleb128 0xb
 1443 01fb 3B       		.uleb128 0x3b
 1444 01fc 0B       		.uleb128 0xb
 1445 01fd 49       		.uleb128 0x49
 1446 01fe 13       		.uleb128 0x13
 1447 01ff 3F       		.uleb128 0x3f
 1448 0200 19       		.uleb128 0x19
 1449 0201 3C       		.uleb128 0x3c
 1450 0202 19       		.uleb128 0x19
 1451 0203 00       		.byte	0
 1452 0204 00       		.byte	0
 1453 0205 24       		.uleb128 0x24
 1454 0206 2E       		.uleb128 0x2e
 1455 0207 00       		.byte	0
 1456 0208 3F       		.uleb128 0x3f
 1457 0209 19       		.uleb128 0x19
 1458 020a 03       		.uleb128 0x3
 1459 020b 0E       		.uleb128 0xe
 1460 020c 3A       		.uleb128 0x3a
 1461 020d 0B       		.uleb128 0xb
 1462 020e 3B       		.uleb128 0x3b
 1463 020f 0B       		.uleb128 0xb
 1464 0210 27       		.uleb128 0x27
 1465 0211 19       		.uleb128 0x19
 1466 0212 49       		.uleb128 0x49
 1467 0213 13       		.uleb128 0x13
 1468 0214 3C       		.uleb128 0x3c
 1469 0215 19       		.uleb128 0x19
 1470 0216 00       		.byte	0
 1471 0217 00       		.byte	0
 1472 0218 25       		.uleb128 0x25
 1473 0219 2E       		.uleb128 0x2e
 1474 021a 01       		.byte	0x1
 1475 021b 3F       		.uleb128 0x3f
ARM GAS  C:\Users\Sven\AppData\Local\Temp\ccLmNdIP.s 			page 34


 1476 021c 19       		.uleb128 0x19
 1477 021d 03       		.uleb128 0x3
 1478 021e 0E       		.uleb128 0xe
 1479 021f 3A       		.uleb128 0x3a
 1480 0220 0B       		.uleb128 0xb
 1481 0221 3B       		.uleb128 0x3b
 1482 0222 05       		.uleb128 0x5
 1483 0223 27       		.uleb128 0x27
 1484 0224 19       		.uleb128 0x19
 1485 0225 3C       		.uleb128 0x3c
 1486 0226 19       		.uleb128 0x19
 1487 0227 01       		.uleb128 0x1
 1488 0228 13       		.uleb128 0x13
 1489 0229 00       		.byte	0
 1490 022a 00       		.byte	0
 1491 022b 26       		.uleb128 0x26
 1492 022c 05       		.uleb128 0x5
 1493 022d 00       		.byte	0
 1494 022e 49       		.uleb128 0x49
 1495 022f 13       		.uleb128 0x13
 1496 0230 00       		.byte	0
 1497 0231 00       		.byte	0
 1498 0232 27       		.uleb128 0x27
 1499 0233 26       		.uleb128 0x26
 1500 0234 00       		.byte	0
 1501 0235 49       		.uleb128 0x49
 1502 0236 13       		.uleb128 0x13
 1503 0237 00       		.byte	0
 1504 0238 00       		.byte	0
 1505 0239 28       		.uleb128 0x28
 1506 023a 2E       		.uleb128 0x2e
 1507 023b 01       		.byte	0x1
 1508 023c 3F       		.uleb128 0x3f
 1509 023d 19       		.uleb128 0x19
 1510 023e 03       		.uleb128 0x3
 1511 023f 0E       		.uleb128 0xe
 1512 0240 3A       		.uleb128 0x3a
 1513 0241 0B       		.uleb128 0xb
 1514 0242 3B       		.uleb128 0x3b
 1515 0243 0B       		.uleb128 0xb
 1516 0244 27       		.uleb128 0x27
 1517 0245 19       		.uleb128 0x19
 1518 0246 3C       		.uleb128 0x3c
 1519 0247 19       		.uleb128 0x19
 1520 0248 01       		.uleb128 0x1
 1521 0249 13       		.uleb128 0x13
 1522 024a 00       		.byte	0
 1523 024b 00       		.byte	0
 1524 024c 29       		.uleb128 0x29
 1525 024d 2E       		.uleb128 0x2e
 1526 024e 00       		.byte	0
 1527 024f 3F       		.uleb128 0x3f
 1528 0250 19       		.uleb128 0x19
 1529 0251 03       		.uleb128 0x3
 1530 0252 0E       		.uleb128 0xe
 1531 0253 3A       		.uleb128 0x3a
 1532 0254 0B       		.uleb128 0xb
ARM GAS  C:\Users\Sven\AppData\Local\Temp\ccLmNdIP.s 			page 35


 1533 0255 3B       		.uleb128 0x3b
 1534 0256 0B       		.uleb128 0xb
 1535 0257 27       		.uleb128 0x27
 1536 0258 19       		.uleb128 0x19
 1537 0259 3C       		.uleb128 0x3c
 1538 025a 19       		.uleb128 0x19
 1539 025b 00       		.byte	0
 1540 025c 00       		.byte	0
 1541 025d 2A       		.uleb128 0x2a
 1542 025e 2E       		.uleb128 0x2e
 1543 025f 01       		.byte	0x1
 1544 0260 3F       		.uleb128 0x3f
 1545 0261 19       		.uleb128 0x19
 1546 0262 03       		.uleb128 0x3
 1547 0263 0E       		.uleb128 0xe
 1548 0264 3A       		.uleb128 0x3a
 1549 0265 0B       		.uleb128 0xb
 1550 0266 3B       		.uleb128 0x3b
 1551 0267 0B       		.uleb128 0xb
 1552 0268 27       		.uleb128 0x27
 1553 0269 19       		.uleb128 0x19
 1554 026a 3C       		.uleb128 0x3c
 1555 026b 19       		.uleb128 0x19
 1556 026c 00       		.byte	0
 1557 026d 00       		.byte	0
 1558 026e 00       		.byte	0
 1559              		.section	.debug_loc,"",%progbits
 1560              	.Ldebug_loc0:
 1561              	.LLST0:
 1562 0000 00000000 		.4byte	.LVL6
 1563 0004 07000000 		.4byte	.LVL7-1
 1564 0008 0100     		.2byte	0x1
 1565 000a 50       		.byte	0x50
 1566 000b 07000000 		.4byte	.LVL7-1
 1567 000f 24000000 		.4byte	.LFE39
 1568 0013 0400     		.2byte	0x4
 1569 0015 F3       		.byte	0xf3
 1570 0016 01       		.uleb128 0x1
 1571 0017 50       		.byte	0x50
 1572 0018 9F       		.byte	0x9f
 1573 0019 00000000 		.4byte	0
 1574 001d 00000000 		.4byte	0
 1575              	.LLST1:
 1576 0021 08000000 		.4byte	.LVL7
 1577 0025 1B000000 		.4byte	.LVL8-1
 1578 0029 0100     		.2byte	0x1
 1579 002b 50       		.byte	0x50
 1580 002c 00000000 		.4byte	0
 1581 0030 00000000 		.4byte	0
 1582              	.LLST2:
 1583 0034 00000000 		.4byte	.LVL11
 1584 0038 0E000000 		.4byte	.LVL13
 1585 003c 0100     		.2byte	0x1
 1586 003e 50       		.byte	0x50
 1587 003f 0E000000 		.4byte	.LVL13
 1588 0043 11000000 		.4byte	.LVL14-1
 1589 0047 0300     		.2byte	0x3
ARM GAS  C:\Users\Sven\AppData\Local\Temp\ccLmNdIP.s 			page 36


 1590 0049 73       		.byte	0x73
 1591 004a C000     		.sleb128 64
 1592 004c 11000000 		.4byte	.LVL14-1
 1593 0050 24000000 		.4byte	.LFE34
 1594 0054 0400     		.2byte	0x4
 1595 0056 F3       		.byte	0xf3
 1596 0057 01       		.uleb128 0x1
 1597 0058 50       		.byte	0x50
 1598 0059 9F       		.byte	0x9f
 1599 005a 00000000 		.4byte	0
 1600 005e 00000000 		.4byte	0
 1601              	.LLST3:
 1602 0062 08000000 		.4byte	.LVL12
 1603 0066 0E000000 		.4byte	.LVL13
 1604 006a 0100     		.2byte	0x1
 1605 006c 50       		.byte	0x50
 1606 006d 0E000000 		.4byte	.LVL13
 1607 0071 11000000 		.4byte	.LVL14-1
 1608 0075 0300     		.2byte	0x3
 1609 0077 73       		.byte	0x73
 1610 0078 C000     		.sleb128 64
 1611 007a 11000000 		.4byte	.LVL14-1
 1612 007e 24000000 		.4byte	.LFE34
 1613 0082 0400     		.2byte	0x4
 1614 0084 F3       		.byte	0xf3
 1615 0085 01       		.uleb128 0x1
 1616 0086 50       		.byte	0x50
 1617 0087 9F       		.byte	0x9f
 1618 0088 00000000 		.4byte	0
 1619 008c 00000000 		.4byte	0
 1620              	.LLST4:
 1621 0090 04000000 		.4byte	.LVL16
 1622 0094 06000000 		.4byte	.LVL17
 1623 0098 0800     		.2byte	0x8
 1624 009a 70       		.byte	0x70
 1625 009b 00       		.sleb128 0
 1626 009c 08       		.byte	0x8
 1627 009d C0       		.byte	0xc0
 1628 009e 1A       		.byte	0x1a
 1629 009f 36       		.byte	0x36
 1630 00a0 25       		.byte	0x25
 1631 00a1 9F       		.byte	0x9f
 1632 00a2 00000000 		.4byte	0
 1633 00a6 00000000 		.4byte	0
 1634              		.section	.debug_aranges,"",%progbits
 1635 0000 7C000000 		.4byte	0x7c
 1636 0004 0200     		.2byte	0x2
 1637 0006 00000000 		.4byte	.Ldebug_info0
 1638 000a 04       		.byte	0x4
 1639 000b 00       		.byte	0
 1640 000c 0000     		.2byte	0
 1641 000e 0000     		.2byte	0
 1642 0010 00000000 		.4byte	.LFB36
 1643 0014 1C000000 		.4byte	.LFE36-.LFB36
 1644 0018 00000000 		.4byte	.LFB35
 1645 001c 1C000000 		.4byte	.LFE35-.LFB35
 1646 0020 00000000 		.4byte	.LFB37
ARM GAS  C:\Users\Sven\AppData\Local\Temp\ccLmNdIP.s 			page 37


 1647 0024 0C000000 		.4byte	.LFE37-.LFB37
 1648 0028 00000000 		.4byte	.LFB38
 1649 002c 0C000000 		.4byte	.LFE38-.LFB38
 1650 0030 00000000 		.4byte	.LFB39
 1651 0034 24000000 		.4byte	.LFE39-.LFB39
 1652 0038 00000000 		.4byte	.LFB33
 1653 003c 2C000000 		.4byte	.LFE33-.LFB33
 1654 0040 00000000 		.4byte	.LFB34
 1655 0044 24000000 		.4byte	.LFE34-.LFB34
 1656 0048 00000000 		.4byte	.LFB40
 1657 004c 10000000 		.4byte	.LFE40-.LFB40
 1658 0050 00000000 		.4byte	.LFB41
 1659 0054 0C000000 		.4byte	.LFE41-.LFB41
 1660 0058 00000000 		.4byte	.LFB42
 1661 005c 10000000 		.4byte	.LFE42-.LFB42
 1662 0060 00000000 		.4byte	.LFB43
 1663 0064 0C000000 		.4byte	.LFE43-.LFB43
 1664 0068 00000000 		.4byte	.LFB44
 1665 006c 0C000000 		.4byte	.LFE44-.LFB44
 1666 0070 00000000 		.4byte	.LFB45
 1667 0074 0C000000 		.4byte	.LFE45-.LFB45
 1668 0078 00000000 		.4byte	0
 1669 007c 00000000 		.4byte	0
 1670              		.section	.debug_ranges,"",%progbits
 1671              	.Ldebug_ranges0:
 1672 0000 06000000 		.4byte	.LBB20
 1673 0004 0A000000 		.4byte	.LBE20
 1674 0008 0A000000 		.4byte	.LBB23
 1675 000c 0C000000 		.4byte	.LBE23
 1676 0010 00000000 		.4byte	0
 1677 0014 00000000 		.4byte	0
 1678 0018 00000000 		.4byte	.LBB24
 1679 001c 02000000 		.4byte	.LBE24
 1680 0020 04000000 		.4byte	.LBB27
 1681 0024 08000000 		.4byte	.LBE27
 1682 0028 00000000 		.4byte	0
 1683 002c 00000000 		.4byte	0
 1684 0030 08000000 		.4byte	.LBB28
 1685 0034 0C000000 		.4byte	.LBE28
 1686 0038 0E000000 		.4byte	.LBB31
 1687 003c 10000000 		.4byte	.LBE31
 1688 0040 00000000 		.4byte	0
 1689 0044 00000000 		.4byte	0
 1690 0048 14000000 		.4byte	.LBB32
 1691 004c 16000000 		.4byte	.LBE32
 1692 0050 16000000 		.4byte	.LBB35
 1693 0054 18000000 		.4byte	.LBE35
 1694 0058 00000000 		.4byte	0
 1695 005c 00000000 		.4byte	0
 1696 0060 00000000 		.4byte	.LBB36
 1697 0064 02000000 		.4byte	.LBE36
 1698 0068 04000000 		.4byte	.LBB39
 1699 006c 08000000 		.4byte	.LBE39
 1700 0070 00000000 		.4byte	0
 1701 0074 00000000 		.4byte	0
 1702 0078 08000000 		.4byte	.LBB40
 1703 007c 0A000000 		.4byte	.LBE40
ARM GAS  C:\Users\Sven\AppData\Local\Temp\ccLmNdIP.s 			page 38


 1704 0080 0A000000 		.4byte	.LBB43
 1705 0084 0C000000 		.4byte	.LBE43
 1706 0088 00000000 		.4byte	0
 1707 008c 00000000 		.4byte	0
 1708 0090 00000000 		.4byte	.LFB36
 1709 0094 1C000000 		.4byte	.LFE36
 1710 0098 00000000 		.4byte	.LFB35
 1711 009c 1C000000 		.4byte	.LFE35
 1712 00a0 00000000 		.4byte	.LFB37
 1713 00a4 0C000000 		.4byte	.LFE37
 1714 00a8 00000000 		.4byte	.LFB38
 1715 00ac 0C000000 		.4byte	.LFE38
 1716 00b0 00000000 		.4byte	.LFB39
 1717 00b4 24000000 		.4byte	.LFE39
 1718 00b8 00000000 		.4byte	.LFB33
 1719 00bc 2C000000 		.4byte	.LFE33
 1720 00c0 00000000 		.4byte	.LFB34
 1721 00c4 24000000 		.4byte	.LFE34
 1722 00c8 00000000 		.4byte	.LFB40
 1723 00cc 10000000 		.4byte	.LFE40
 1724 00d0 00000000 		.4byte	.LFB41
 1725 00d4 0C000000 		.4byte	.LFE41
 1726 00d8 00000000 		.4byte	.LFB42
 1727 00dc 10000000 		.4byte	.LFE42
 1728 00e0 00000000 		.4byte	.LFB43
 1729 00e4 0C000000 		.4byte	.LFE43
 1730 00e8 00000000 		.4byte	.LFB44
 1731 00ec 0C000000 		.4byte	.LFE44
 1732 00f0 00000000 		.4byte	.LFB45
 1733 00f4 0C000000 		.4byte	.LFE45
 1734 00f8 00000000 		.4byte	0
 1735 00fc 00000000 		.4byte	0
 1736              		.section	.debug_line,"",%progbits
 1737              	.Ldebug_line0:
 1738 0000 DF010000 		.section	.debug_str,"MS",%progbits,1
 1738      02008300 
 1738      00000201 
 1738      FB0E0D00 
 1738      01010101 
 1739              	.LASF15:
 1740 0000 72656733 		.ascii	"reg32\000"
 1740      3200
 1741              	.LASF41:
 1742 0006 453A5C44 		.ascii	"E:\\Dokumente\\GitHub\\T-50_Project\\Software\\T-50"
 1742      6F6B756D 
 1742      656E7465 
 1742      5C476974 
 1742      4875625C 
 1743 0034 5F50726F 		.ascii	"_Project\\T-50_Project.cydsn\000"
 1743      6A656374 
 1743      5C542D35 
 1743      305F5072 
 1743      6F6A6563 
 1744              	.LASF19:
 1745 0050 426F6F74 		.ascii	"BootISR_Enable\000"
 1745      4953525F 
 1745      456E6162 
ARM GAS  C:\Users\Sven\AppData\Local\Temp\ccLmNdIP.s 			page 39


 1745      6C6500
 1746              	.LASF43:
 1747 005f 43795261 		.ascii	"CyRamVectors\000"
 1747      6D566563 
 1747      746F7273 
 1747      00
 1748              	.LASF34:
 1749 006c 55415254 		.ascii	"UART_1_UartPutString\000"
 1749      5F315F55 
 1749      61727450 
 1749      75745374 
 1749      72696E67 
 1750              	.LASF3:
 1751 0081 73686F72 		.ascii	"short unsigned int\000"
 1751      7420756E 
 1751      7369676E 
 1751      65642069 
 1751      6E7400
 1752              	.LASF33:
 1753 0094 426F6F74 		.ascii	"BootISR_SetVector\000"
 1753      4953525F 
 1753      53657456 
 1753      6563746F 
 1753      7200
 1754              	.LASF26:
 1755 00a6 426F6F74 		.ascii	"BootISR_StartEx\000"
 1755      4953525F 
 1755      53746172 
 1755      74457800 
 1756              	.LASF11:
 1757 00b6 666C6F61 		.ascii	"float\000"
 1757      7400
 1758              	.LASF7:
 1759 00bc 6C6F6E67 		.ascii	"long long unsigned int\000"
 1759      206C6F6E 
 1759      6720756E 
 1759      7369676E 
 1759      65642069 
 1760              	.LASF1:
 1761 00d3 756E7369 		.ascii	"unsigned char\000"
 1761      676E6564 
 1761      20636861 
 1761      7200
 1762              	.LASF13:
 1763 00e1 63686172 		.ascii	"char8\000"
 1763      3800
 1764              	.LASF37:
 1765 00e7 5357315F 		.ascii	"SW1_ClearInterrupt\000"
 1765      436C6561 
 1765      72496E74 
 1765      65727275 
 1765      707400
 1766              	.LASF5:
 1767 00fa 6C6F6E67 		.ascii	"long unsigned int\000"
 1767      20756E73 
 1767      69676E65 
 1767      6420696E 
ARM GAS  C:\Users\Sven\AppData\Local\Temp\ccLmNdIP.s 			page 40


 1767      7400
 1768              	.LASF31:
 1769 010c 426F6F74 		.ascii	"BootISR_SetPending\000"
 1769      4953525F 
 1769      53657450 
 1769      656E6469 
 1769      6E6700
 1770              	.LASF9:
 1771 011f 75696E74 		.ascii	"uint8\000"
 1771      3800
 1772              	.LASF32:
 1773 0125 426F6F74 		.ascii	"BootISR_ClearPending\000"
 1773      4953525F 
 1773      436C6561 
 1773      7250656E 
 1773      64696E67 
 1774              	.LASF18:
 1775 013a 426F6F74 		.ascii	"BootISR_Disable\000"
 1775      4953525F 
 1775      44697361 
 1775      626C6500 
 1776              	.LASF27:
 1777 014a 7072696F 		.ascii	"priority\000"
 1777      72697479 
 1777      00
 1778              	.LASF12:
 1779 0153 646F7562 		.ascii	"double\000"
 1779      6C6500
 1780              	.LASF29:
 1781 015a 426F6F74 		.ascii	"BootISR_GetVector\000"
 1781      4953525F 
 1781      47657456 
 1781      6563746F 
 1781      7200
 1782              	.LASF40:
 1783 016c 2E5C4765 		.ascii	".\\Generated_Source\\PSoC4\\BootISR.c\000"
 1783      6E657261 
 1783      7465645F 
 1783      536F7572 
 1783      63655C50 
 1784              	.LASF10:
 1785 018f 75696E74 		.ascii	"uint32\000"
 1785      333200
 1786              	.LASF38:
 1787 0196 4379456E 		.ascii	"CyEnterCriticalSection\000"
 1787      74657243 
 1787      72697469 
 1787      63616C53 
 1787      65637469 
 1788              	.LASF20:
 1789 01ad 426F6F74 		.ascii	"BootISR_Interrupt\000"
 1789      4953525F 
 1789      496E7465 
 1789      72727570 
 1789      7400
 1790              	.LASF8:
 1791 01bf 756E7369 		.ascii	"unsigned int\000"
ARM GAS  C:\Users\Sven\AppData\Local\Temp\ccLmNdIP.s 			page 41


 1791      676E6564 
 1791      20696E74 
 1791      00
 1792              	.LASF28:
 1793 01cc 61646472 		.ascii	"address\000"
 1793      65737300 
 1794              	.LASF44:
 1795 01d4 43794578 		.ascii	"CyExitCriticalSection\000"
 1795      69744372 
 1795      69746963 
 1795      616C5365 
 1795      6374696F 
 1796              	.LASF16:
 1797 01ea 63796973 		.ascii	"cyisraddress\000"
 1797      72616464 
 1797      72657373 
 1797      00
 1798              	.LASF25:
 1799 01f7 426F6F74 		.ascii	"BootISR_Start\000"
 1799      4953525F 
 1799      53746172 
 1799      7400
 1800              	.LASF23:
 1801 0205 696E7465 		.ascii	"interruptState\000"
 1801      72727570 
 1801      74537461 
 1801      746500
 1802              	.LASF22:
 1803 0214 426F6F74 		.ascii	"BootISR_SetPriority\000"
 1803      4953525F 
 1803      53657450 
 1803      72696F72 
 1803      69747900 
 1804              	.LASF17:
 1805 0228 73697A65 		.ascii	"sizetype\000"
 1805      74797065 
 1805      00
 1806              	.LASF21:
 1807 0231 426F6F74 		.ascii	"BootISR_Stop\000"
 1807      4953525F 
 1807      53746F70 
 1807      00
 1808              	.LASF42:
 1809 023e 426F6F74 		.ascii	"BootISR_GetPriority\000"
 1809      4953525F 
 1809      47657450 
 1809      72696F72 
 1809      69747900 
 1810              	.LASF6:
 1811 0252 6C6F6E67 		.ascii	"long long int\000"
 1811      206C6F6E 
 1811      6720696E 
 1811      7400
 1812              	.LASF14:
 1813 0260 63686172 		.ascii	"char\000"
 1813      00
 1814              	.LASF2:
ARM GAS  C:\Users\Sven\AppData\Local\Temp\ccLmNdIP.s 			page 42


 1815 0265 73686F72 		.ascii	"short int\000"
 1815      7420696E 
 1815      7400
 1816              	.LASF39:
 1817 026f 474E5520 		.ascii	"GNU C 4.8.4 20140526 (release) [ARM/embedded-4_8-br"
 1817      4320342E 
 1817      382E3420 
 1817      32303134 
 1817      30353236 
 1818 02a2 616E6368 		.ascii	"anch revision 211358] -mcpu=cortex-m0 -mthumb -g -O"
 1818      20726576 
 1818      6973696F 
 1818      6E203231 
 1818      31333538 
 1819 02d5 73202D66 		.ascii	"s -ffunction-sections -finline-functions\000"
 1819      66756E63 
 1819      74696F6E 
 1819      2D736563 
 1819      74696F6E 
 1820              	.LASF24:
 1821 02fe 7072696F 		.ascii	"priorityOffset\000"
 1821      72697479 
 1821      4F666673 
 1821      657400
 1822              	.LASF4:
 1823 030d 6C6F6E67 		.ascii	"long int\000"
 1823      20696E74 
 1823      00
 1824              	.LASF0:
 1825 0316 7369676E 		.ascii	"signed char\000"
 1825      65642063 
 1825      68617200 
 1826              	.LASF35:
 1827 0322 43794465 		.ascii	"CyDelay\000"
 1827      6C617900 
 1828              	.LASF36:
 1829 032a 426F6F74 		.ascii	"Bootloadable_1_Load\000"
 1829      6C6F6164 
 1829      61626C65 
 1829      5F315F4C 
 1829      6F616400 
 1830              	.LASF30:
 1831 033e 426F6F74 		.ascii	"BootISR_GetState\000"
 1831      4953525F 
 1831      47657453 
 1831      74617465 
 1831      00
 1832              		.ident	"GCC: (GNU Tools for ARM Embedded Processors) 4.8.4 20140526 (release) [ARM/embedded-4_8-br
