ARM GAS  C:\Users\Sven\AppData\Local\Temp\ccAsQ1Gv.s 			page 1


   1              		.cpu cortex-m0
   2              		.fpu softvfp
   3              		.eabi_attribute 20, 1
   4              		.eabi_attribute 21, 1
   5              		.eabi_attribute 23, 3
   6              		.eabi_attribute 24, 1
   7              		.eabi_attribute 25, 1
   8              		.eabi_attribute 26, 1
   9              		.eabi_attribute 30, 4
  10              		.eabi_attribute 34, 0
  11              		.eabi_attribute 18, 4
  12              		.code	16
  13              		.file	"Bootloadable_1.c"
  14              		.text
  15              	.Ltext0:
  16              		.cfi_sections	.debug_frame
  17              		.section	.text.Bootloadable_1_Load,"ax",%progbits
  18              		.align	1
  19              		.global	Bootloadable_1_Load
  20              		.code	16
  21              		.thumb_func
  22              		.type	Bootloadable_1_Load, %function
  23              	Bootloadable_1_Load:
  24              	.LFB0:
  25              		.file 1 ".\\Generated_Source\\PSoC4\\Bootloadable_1.c"
   1:.\Generated_Source\PSoC4/Bootloadable_1.c **** /*******************************************************************************
   2:.\Generated_Source\PSoC4/Bootloadable_1.c **** * File Name: Bootloadable_1.c
   3:.\Generated_Source\PSoC4/Bootloadable_1.c **** * Version 1.30
   4:.\Generated_Source\PSoC4/Bootloadable_1.c **** *
   5:.\Generated_Source\PSoC4/Bootloadable_1.c **** *  Description:
   6:.\Generated_Source\PSoC4/Bootloadable_1.c **** *   Provides an API for the Bootloadable application. The API includes a
   7:.\Generated_Source\PSoC4/Bootloadable_1.c **** *   single function for starting the bootloader.
   8:.\Generated_Source\PSoC4/Bootloadable_1.c **** *
   9:.\Generated_Source\PSoC4/Bootloadable_1.c **** ********************************************************************************
  10:.\Generated_Source\PSoC4/Bootloadable_1.c **** * Copyright 2008-2014, Cypress Semiconductor Corporation.  All rights reserved.
  11:.\Generated_Source\PSoC4/Bootloadable_1.c **** * You may use this file only in accordance with the license, terms, conditions,
  12:.\Generated_Source\PSoC4/Bootloadable_1.c **** * disclaimers, and limitations in the end user license agreement accompanying
  13:.\Generated_Source\PSoC4/Bootloadable_1.c **** * the software package with which this file was provided.
  14:.\Generated_Source\PSoC4/Bootloadable_1.c **** *******************************************************************************/
  15:.\Generated_Source\PSoC4/Bootloadable_1.c **** 
  16:.\Generated_Source\PSoC4/Bootloadable_1.c **** #include "Bootloadable_1.h"
  17:.\Generated_Source\PSoC4/Bootloadable_1.c **** 
  18:.\Generated_Source\PSoC4/Bootloadable_1.c **** 
  19:.\Generated_Source\PSoC4/Bootloadable_1.c **** /*******************************************************************************
  20:.\Generated_Source\PSoC4/Bootloadable_1.c **** * Function Name: Bootloadable_1_Load
  21:.\Generated_Source\PSoC4/Bootloadable_1.c **** ********************************************************************************
  22:.\Generated_Source\PSoC4/Bootloadable_1.c **** * Summary:
  23:.\Generated_Source\PSoC4/Bootloadable_1.c **** *  Begins the bootloading algorithm downloading a new ACD image from the host.
  24:.\Generated_Source\PSoC4/Bootloadable_1.c **** *
  25:.\Generated_Source\PSoC4/Bootloadable_1.c **** * Parameters:
  26:.\Generated_Source\PSoC4/Bootloadable_1.c **** *  None
  27:.\Generated_Source\PSoC4/Bootloadable_1.c **** *
  28:.\Generated_Source\PSoC4/Bootloadable_1.c **** * Returns:
  29:.\Generated_Source\PSoC4/Bootloadable_1.c **** *  This method will never return. It will load a new application and reset
  30:.\Generated_Source\PSoC4/Bootloadable_1.c **** *  the device.
  31:.\Generated_Source\PSoC4/Bootloadable_1.c **** *
  32:.\Generated_Source\PSoC4/Bootloadable_1.c **** *******************************************************************************/
ARM GAS  C:\Users\Sven\AppData\Local\Temp\ccAsQ1Gv.s 			page 2


  33:.\Generated_Source\PSoC4/Bootloadable_1.c **** void Bootloadable_1_Load(void) 
  34:.\Generated_Source\PSoC4/Bootloadable_1.c **** {
  26              		.loc 1 34 0
  27              		.cfi_startproc
  28 0000 08B5     		push	{r3, lr}
  29              		.cfi_def_cfa_offset 8
  30              		.cfi_offset 3, -8
  31              		.cfi_offset 14, -4
  35:.\Generated_Source\PSoC4/Bootloadable_1.c ****     /* Schedule Bootloader to start after reset */
  36:.\Generated_Source\PSoC4/Bootloadable_1.c ****     Bootloadable_1_SET_RUN_TYPE(Bootloadable_1_START_BTLDR);
  32              		.loc 1 36 0
  33 0002 034B     		ldr	r3, .L2
  34 0004 4022     		mov	r2, #64
  35 0006 1A60     		str	r2, [r3]
  37:.\Generated_Source\PSoC4/Bootloadable_1.c **** 
  38:.\Generated_Source\PSoC4/Bootloadable_1.c ****     CySoftwareReset();
  39:.\Generated_Source\PSoC4/Bootloadable_1.c **** }
  36              		.loc 1 39 0
  37              		@ sp needed
  38:.\Generated_Source\PSoC4/Bootloadable_1.c ****     CySoftwareReset();
  38              		.loc 1 38 0
  39 0008 FFF7FEFF 		bl	CySoftwareReset
  40              	.LVL0:
  41              		.loc 1 39 0
  42 000c 08BD     		pop	{r3, pc}
  43              	.L3:
  44 000e C046     		.align	2
  45              	.L2:
  46 0010 00000000 		.word	cyBtldrRunType
  47              		.cfi_endproc
  48              	.LFE0:
  49              		.size	Bootloadable_1_Load, .-Bootloadable_1_Load
  50              		.section	.text.Bootloadable_1_SetFlashByte,"ax",%progbits
  51              		.align	1
  52              		.global	Bootloadable_1_SetFlashByte
  53              		.code	16
  54              		.thumb_func
  55              		.type	Bootloadable_1_SetFlashByte, %function
  56              	Bootloadable_1_SetFlashByte:
  57              	.LFB1:
  40:.\Generated_Source\PSoC4/Bootloadable_1.c **** 
  41:.\Generated_Source\PSoC4/Bootloadable_1.c **** 
  42:.\Generated_Source\PSoC4/Bootloadable_1.c **** /*******************************************************************************
  43:.\Generated_Source\PSoC4/Bootloadable_1.c **** * The following code is OBSOLETE and must not be used.
  44:.\Generated_Source\PSoC4/Bootloadable_1.c **** *******************************************************************************/
  45:.\Generated_Source\PSoC4/Bootloadable_1.c **** void Bootloadable_1_SetFlashByte(uint32 address, uint8 runType) 
  46:.\Generated_Source\PSoC4/Bootloadable_1.c **** {
  58              		.loc 1 46 0
  59              		.cfi_startproc
  60              	.LVL1:
  61 0000 70B5     		push	{r4, r5, r6, lr}
  62              		.cfi_def_cfa_offset 16
  63              		.cfi_offset 4, -16
  64              		.cfi_offset 5, -12
  65              		.cfi_offset 6, -8
  66              		.cfi_offset 14, -4
  47:.\Generated_Source\PSoC4/Bootloadable_1.c ****     uint32 flsAddr = address - CYDEV_FLASH_BASE;
ARM GAS  C:\Users\Sven\AppData\Local\Temp\ccAsQ1Gv.s 			page 3


  48:.\Generated_Source\PSoC4/Bootloadable_1.c ****     uint8  rowData[CYDEV_FLS_ROW_SIZE];
  49:.\Generated_Source\PSoC4/Bootloadable_1.c **** 
  50:.\Generated_Source\PSoC4/Bootloadable_1.c ****     #if !(CY_PSOC4)
  51:.\Generated_Source\PSoC4/Bootloadable_1.c ****         uint8 arrayId = ( uint8 )(flsAddr / CYDEV_FLS_SECTOR_SIZE);
  52:.\Generated_Source\PSoC4/Bootloadable_1.c ****     #endif  /* !(CY_PSOC4) */
  53:.\Generated_Source\PSoC4/Bootloadable_1.c **** 
  54:.\Generated_Source\PSoC4/Bootloadable_1.c ****     #if (CY_PSOC4)
  55:.\Generated_Source\PSoC4/Bootloadable_1.c ****         uint16 rowNum = ( uint16 )(flsAddr / CYDEV_FLS_ROW_SIZE);
  56:.\Generated_Source\PSoC4/Bootloadable_1.c ****     #else
  57:.\Generated_Source\PSoC4/Bootloadable_1.c ****         uint16 rowNum = ( uint16 )((flsAddr % CYDEV_FLS_SECTOR_SIZE) / CYDEV_FLS_ROW_SIZE);
  58:.\Generated_Source\PSoC4/Bootloadable_1.c ****     #endif  /* (CY_PSOC4) */
  59:.\Generated_Source\PSoC4/Bootloadable_1.c **** 
  60:.\Generated_Source\PSoC4/Bootloadable_1.c ****     uint32 baseAddr = address - (address % CYDEV_FLS_ROW_SIZE);
  67              		.loc 1 60 0
  68 0002 7F23     		mov	r3, #127
  69 0004 051C     		mov	r5, r0
  70 0006 9D43     		bic	r5, r3
  46:.\Generated_Source\PSoC4/Bootloadable_1.c **** {
  71              		.loc 1 46 0
  72 0008 A0B0     		sub	sp, sp, #128
  73              		.cfi_def_cfa_offset 144
  55:.\Generated_Source\PSoC4/Bootloadable_1.c ****         uint16 rowNum = ( uint16 )(flsAddr / CYDEV_FLS_ROW_SIZE);
  74              		.loc 1 55 0
  75 000a C209     		lsr	r2, r0, #7
  76              	.LVL2:
  77              		.loc 1 60 0
  78 000c 0023     		mov	r3, #0
  79              	.LVL3:
  80              	.L6:
  61:.\Generated_Source\PSoC4/Bootloadable_1.c ****     uint16 idx;
  62:.\Generated_Source\PSoC4/Bootloadable_1.c **** 
  63:.\Generated_Source\PSoC4/Bootloadable_1.c **** 
  64:.\Generated_Source\PSoC4/Bootloadable_1.c ****     for (idx = 0u; idx < CYDEV_FLS_ROW_SIZE; idx++)
  65:.\Generated_Source\PSoC4/Bootloadable_1.c ****     {
  66:.\Generated_Source\PSoC4/Bootloadable_1.c ****         rowData[idx] = Bootloadable_1_GET_CODE_DATA(baseAddr + idx);
  81              		.loc 1 66 0 discriminator 2
  82 000e 5C5D     		ldrb	r4, [r3, r5]
  83 0010 6E46     		mov	r6, sp
  84 0012 9C55     		strb	r4, [r3, r6]
  85              	.LVL4:
  86 0014 0133     		add	r3, r3, #1
  87              	.LVL5:
  64:.\Generated_Source\PSoC4/Bootloadable_1.c ****     for (idx = 0u; idx < CYDEV_FLS_ROW_SIZE; idx++)
  88              		.loc 1 64 0 discriminator 2
  89 0016 802B     		cmp	r3, #128
  90 0018 F9D1     		bne	.L6
  67:.\Generated_Source\PSoC4/Bootloadable_1.c ****     }
  68:.\Generated_Source\PSoC4/Bootloadable_1.c ****     rowData[address % CYDEV_FLS_ROW_SIZE] = runType;
  91              		.loc 1 68 0
  92 001a 7F23     		mov	r3, #127
  93              	.LVL6:
  94 001c 1840     		and	r0, r3
  95              	.LVL7:
  96 001e 3154     		strb	r1, [r6, r0]
  69:.\Generated_Source\PSoC4/Bootloadable_1.c **** 
  70:.\Generated_Source\PSoC4/Bootloadable_1.c ****     #if(CY_PSOC4)
  71:.\Generated_Source\PSoC4/Bootloadable_1.c ****         (void) CySysFlashWriteRow((uint32) rowNum, rowData);
ARM GAS  C:\Users\Sven\AppData\Local\Temp\ccAsQ1Gv.s 			page 4


  97              		.loc 1 71 0
  98 0020 90B2     		uxth	r0, r2
  99 0022 6946     		mov	r1, sp
 100              	.LVL8:
 101 0024 FFF7FEFF 		bl	CySysFlashWriteRow
 102              	.LVL9:
  72:.\Generated_Source\PSoC4/Bootloadable_1.c ****     #else
  73:.\Generated_Source\PSoC4/Bootloadable_1.c ****         (void) CyWriteRowData(arrayId, rowNum, rowData);
  74:.\Generated_Source\PSoC4/Bootloadable_1.c ****     #endif  /* (CY_PSOC4) */
  75:.\Generated_Source\PSoC4/Bootloadable_1.c **** 
  76:.\Generated_Source\PSoC4/Bootloadable_1.c ****     #if(CY_PSOC5)
  77:.\Generated_Source\PSoC4/Bootloadable_1.c ****         /***************************************************************************
  78:.\Generated_Source\PSoC4/Bootloadable_1.c ****         * When writing Flash, data in the instruction cache can become stale.
  79:.\Generated_Source\PSoC4/Bootloadable_1.c ****         * Therefore, the cache data does not correlate to the data just written to
  80:.\Generated_Source\PSoC4/Bootloadable_1.c ****         * Flash. A call to CyFlushCache() is required to invalidate the data in the
  81:.\Generated_Source\PSoC4/Bootloadable_1.c ****         * cache and force fresh information to be loaded from Flash.
  82:.\Generated_Source\PSoC4/Bootloadable_1.c ****         ***************************************************************************/
  83:.\Generated_Source\PSoC4/Bootloadable_1.c ****         CyFlushCache();
  84:.\Generated_Source\PSoC4/Bootloadable_1.c ****     #endif /* (CY_PSOC5) */
  85:.\Generated_Source\PSoC4/Bootloadable_1.c **** }
 103              		.loc 1 85 0
 104 0028 20B0     		add	sp, sp, #128
 105              		@ sp needed
 106              	.LVL10:
 107 002a 70BD     		pop	{r4, r5, r6, pc}
 108              		.cfi_endproc
 109              	.LFE1:
 110              		.size	Bootloadable_1_SetFlashByte, .-Bootloadable_1_SetFlashByte
 111              		.text
 112              	.Letext0:
 113              		.file 2 ".\\Generated_Source\\PSoC4\\cytypes.h"
 114              		.file 3 ".\\Generated_Source\\PSoC4\\Bootloadable_1.h"
 115              		.file 4 ".\\Generated_Source\\PSoC4\\CyLib.h"
 116              		.file 5 ".\\Generated_Source\\PSoC4\\CyFlash.h"
 117              		.section	.debug_info,"",%progbits
 118              	.Ldebug_info0:
 119 0000 9F010000 		.4byte	0x19f
 120 0004 0400     		.2byte	0x4
 121 0006 00000000 		.4byte	.Ldebug_abbrev0
 122 000a 04       		.byte	0x4
 123 000b 01       		.uleb128 0x1
 124 000c 71010000 		.4byte	.LASF24
 125 0010 01       		.byte	0x1
 126 0011 98000000 		.4byte	.LASF25
 127 0015 00000000 		.4byte	.LASF26
 128 0019 00000000 		.4byte	.Ldebug_ranges0+0
 129 001d 00000000 		.4byte	0
 130 0021 00000000 		.4byte	.Ldebug_line0
 131 0025 02       		.uleb128 0x2
 132 0026 01       		.byte	0x1
 133 0027 06       		.byte	0x6
 134 0028 19020000 		.4byte	.LASF0
 135 002c 02       		.uleb128 0x2
 136 002d 01       		.byte	0x1
 137 002e 08       		.byte	0x8
 138 002f 6A000000 		.4byte	.LASF1
 139 0033 02       		.uleb128 0x2
ARM GAS  C:\Users\Sven\AppData\Local\Temp\ccAsQ1Gv.s 			page 5


 140 0034 02       		.byte	0x2
 141 0035 05       		.byte	0x5
 142 0036 67010000 		.4byte	.LASF2
 143 003a 02       		.uleb128 0x2
 144 003b 02       		.byte	0x2
 145 003c 07       		.byte	0x7
 146 003d 51000000 		.4byte	.LASF3
 147 0041 02       		.uleb128 0x2
 148 0042 04       		.byte	0x4
 149 0043 05       		.byte	0x5
 150 0044 10020000 		.4byte	.LASF4
 151 0048 02       		.uleb128 0x2
 152 0049 04       		.byte	0x4
 153 004a 07       		.byte	0x7
 154 004b 80000000 		.4byte	.LASF5
 155 004f 02       		.uleb128 0x2
 156 0050 08       		.byte	0x8
 157 0051 05       		.byte	0x5
 158 0052 54010000 		.4byte	.LASF6
 159 0056 02       		.uleb128 0x2
 160 0057 08       		.byte	0x8
 161 0058 07       		.byte	0x7
 162 0059 23010000 		.4byte	.LASF7
 163 005d 03       		.uleb128 0x3
 164 005e 04       		.byte	0x4
 165 005f 05       		.byte	0x5
 166 0060 696E7400 		.ascii	"int\000"
 167 0064 02       		.uleb128 0x2
 168 0065 04       		.byte	0x4
 169 0066 07       		.byte	0x7
 170 0067 F2000000 		.4byte	.LASF8
 171 006b 04       		.uleb128 0x4
 172 006c 92000000 		.4byte	.LASF9
 173 0070 02       		.byte	0x2
 174 0071 A1       		.byte	0xa1
 175 0072 2C000000 		.4byte	0x2c
 176 0076 04       		.uleb128 0x4
 177 0077 E4000000 		.4byte	.LASF10
 178 007b 02       		.byte	0x2
 179 007c A2       		.byte	0xa2
 180 007d 3A000000 		.4byte	0x3a
 181 0081 04       		.uleb128 0x4
 182 0082 EB000000 		.4byte	.LASF11
 183 0086 02       		.byte	0x2
 184 0087 A3       		.byte	0xa3
 185 0088 48000000 		.4byte	0x48
 186 008c 02       		.uleb128 0x2
 187 008d 04       		.byte	0x4
 188 008e 04       		.byte	0x4
 189 008f 64000000 		.4byte	.LASF12
 190 0093 02       		.uleb128 0x2
 191 0094 08       		.byte	0x8
 192 0095 04       		.byte	0x4
 193 0096 C2000000 		.4byte	.LASF13
 194 009a 02       		.uleb128 0x2
 195 009b 01       		.byte	0x1
 196 009c 08       		.byte	0x8
ARM GAS  C:\Users\Sven\AppData\Local\Temp\ccAsQ1Gv.s 			page 6


 197 009d 62010000 		.4byte	.LASF14
 198 00a1 05       		.uleb128 0x5
 199 00a2 81000000 		.4byte	0x81
 200 00a6 02       		.uleb128 0x2
 201 00a7 04       		.byte	0x4
 202 00a8 07       		.byte	0x7
 203 00a9 4B010000 		.4byte	.LASF15
 204 00ad 06       		.uleb128 0x6
 205 00ae 34020000 		.4byte	.LASF16
 206 00b2 01       		.byte	0x1
 207 00b3 21       		.byte	0x21
 208 00b4 00000000 		.4byte	.LFB0
 209 00b8 14000000 		.4byte	.LFE0-.LFB0
 210 00bc 01       		.uleb128 0x1
 211 00bd 9C       		.byte	0x9c
 212 00be CC000000 		.4byte	0xcc
 213 00c2 07       		.uleb128 0x7
 214 00c3 0C000000 		.4byte	.LVL0
 215 00c7 76010000 		.4byte	0x176
 216 00cb 00       		.byte	0
 217 00cc 06       		.uleb128 0x6
 218 00cd FF000000 		.4byte	.LASF17
 219 00d1 01       		.byte	0x1
 220 00d2 2D       		.byte	0x2d
 221 00d3 00000000 		.4byte	.LFB1
 222 00d7 2C000000 		.4byte	.LFE1-.LFB1
 223 00db 01       		.uleb128 0x1
 224 00dc 9C       		.byte	0x9c
 225 00dd 5B010000 		.4byte	0x15b
 226 00e1 08       		.uleb128 0x8
 227 00e2 1B010000 		.4byte	.LASF18
 228 00e6 01       		.byte	0x1
 229 00e7 2D       		.byte	0x2d
 230 00e8 81000000 		.4byte	0x81
 231 00ec 00000000 		.4byte	.LLST0
 232 00f0 08       		.uleb128 0x8
 233 00f1 3A010000 		.4byte	.LASF19
 234 00f5 01       		.byte	0x1
 235 00f6 2D       		.byte	0x2d
 236 00f7 6B000000 		.4byte	0x6b
 237 00fb 21000000 		.4byte	.LLST1
 238 00ff 09       		.uleb128 0x9
 239 0100 DC000000 		.4byte	.LASF20
 240 0104 01       		.byte	0x1
 241 0105 2F       		.byte	0x2f
 242 0106 81000000 		.4byte	0x81
 243 010a 00000000 		.4byte	.LLST0
 244 010e 0A       		.uleb128 0xa
 245 010f 78000000 		.4byte	.LASF21
 246 0113 01       		.byte	0x1
 247 0114 30       		.byte	0x30
 248 0115 5B010000 		.4byte	0x15b
 249 0119 03       		.uleb128 0x3
 250 011a 91       		.byte	0x91
 251 011b F07E     		.sleb128 -144
 252 011d 09       		.uleb128 0x9
 253 011e 4A000000 		.4byte	.LASF22
ARM GAS  C:\Users\Sven\AppData\Local\Temp\ccAsQ1Gv.s 			page 7


 254 0122 01       		.byte	0x1
 255 0123 37       		.byte	0x37
 256 0124 76000000 		.4byte	0x76
 257 0128 55000000 		.4byte	.LLST3
 258 012c 09       		.uleb128 0x9
 259 012d 42010000 		.4byte	.LASF23
 260 0131 01       		.byte	0x1
 261 0132 3C       		.byte	0x3c
 262 0133 81000000 		.4byte	0x81
 263 0137 78000000 		.4byte	.LLST4
 264 013b 0B       		.uleb128 0xb
 265 013c 69647800 		.ascii	"idx\000"
 266 0140 01       		.byte	0x1
 267 0141 3D       		.byte	0x3d
 268 0142 76000000 		.4byte	0x76
 269 0146 9C000000 		.4byte	.LLST5
 270 014a 0C       		.uleb128 0xc
 271 014b 28000000 		.4byte	.LVL9
 272 014f 7D010000 		.4byte	0x17d
 273 0153 0D       		.uleb128 0xd
 274 0154 01       		.uleb128 0x1
 275 0155 51       		.byte	0x51
 276 0156 02       		.uleb128 0x2
 277 0157 76       		.byte	0x76
 278 0158 00       		.sleb128 0
 279 0159 00       		.byte	0
 280 015a 00       		.byte	0
 281 015b 0E       		.uleb128 0xe
 282 015c 6B000000 		.4byte	0x6b
 283 0160 6B010000 		.4byte	0x16b
 284 0164 0F       		.uleb128 0xf
 285 0165 A6000000 		.4byte	0xa6
 286 0169 7F       		.byte	0x7f
 287 016a 00       		.byte	0
 288 016b 10       		.uleb128 0x10
 289 016c 25020000 		.4byte	.LASF27
 290 0170 03       		.byte	0x3
 291 0171 37       		.byte	0x37
 292 0172 A1000000 		.4byte	0xa1
 293 0176 11       		.uleb128 0x11
 294 0177 00020000 		.4byte	.LASF28
 295 017b 04       		.byte	0x4
 296 017c 81       		.byte	0x81
 297 017d 12       		.uleb128 0x12
 298 017e C9000000 		.4byte	.LASF29
 299 0182 05       		.byte	0x5
 300 0183 1C       		.byte	0x1c
 301 0184 81000000 		.4byte	0x81
 302 0188 97010000 		.4byte	0x197
 303 018c 13       		.uleb128 0x13
 304 018d 81000000 		.4byte	0x81
 305 0191 13       		.uleb128 0x13
 306 0192 97010000 		.4byte	0x197
 307 0196 00       		.byte	0
 308 0197 14       		.uleb128 0x14
 309 0198 04       		.byte	0x4
 310 0199 9D010000 		.4byte	0x19d
ARM GAS  C:\Users\Sven\AppData\Local\Temp\ccAsQ1Gv.s 			page 8


 311 019d 15       		.uleb128 0x15
 312 019e 6B000000 		.4byte	0x6b
 313 01a2 00       		.byte	0
 314              		.section	.debug_abbrev,"",%progbits
 315              	.Ldebug_abbrev0:
 316 0000 01       		.uleb128 0x1
 317 0001 11       		.uleb128 0x11
 318 0002 01       		.byte	0x1
 319 0003 25       		.uleb128 0x25
 320 0004 0E       		.uleb128 0xe
 321 0005 13       		.uleb128 0x13
 322 0006 0B       		.uleb128 0xb
 323 0007 03       		.uleb128 0x3
 324 0008 0E       		.uleb128 0xe
 325 0009 1B       		.uleb128 0x1b
 326 000a 0E       		.uleb128 0xe
 327 000b 55       		.uleb128 0x55
 328 000c 17       		.uleb128 0x17
 329 000d 11       		.uleb128 0x11
 330 000e 01       		.uleb128 0x1
 331 000f 10       		.uleb128 0x10
 332 0010 17       		.uleb128 0x17
 333 0011 00       		.byte	0
 334 0012 00       		.byte	0
 335 0013 02       		.uleb128 0x2
 336 0014 24       		.uleb128 0x24
 337 0015 00       		.byte	0
 338 0016 0B       		.uleb128 0xb
 339 0017 0B       		.uleb128 0xb
 340 0018 3E       		.uleb128 0x3e
 341 0019 0B       		.uleb128 0xb
 342 001a 03       		.uleb128 0x3
 343 001b 0E       		.uleb128 0xe
 344 001c 00       		.byte	0
 345 001d 00       		.byte	0
 346 001e 03       		.uleb128 0x3
 347 001f 24       		.uleb128 0x24
 348 0020 00       		.byte	0
 349 0021 0B       		.uleb128 0xb
 350 0022 0B       		.uleb128 0xb
 351 0023 3E       		.uleb128 0x3e
 352 0024 0B       		.uleb128 0xb
 353 0025 03       		.uleb128 0x3
 354 0026 08       		.uleb128 0x8
 355 0027 00       		.byte	0
 356 0028 00       		.byte	0
 357 0029 04       		.uleb128 0x4
 358 002a 16       		.uleb128 0x16
 359 002b 00       		.byte	0
 360 002c 03       		.uleb128 0x3
 361 002d 0E       		.uleb128 0xe
 362 002e 3A       		.uleb128 0x3a
 363 002f 0B       		.uleb128 0xb
 364 0030 3B       		.uleb128 0x3b
 365 0031 0B       		.uleb128 0xb
 366 0032 49       		.uleb128 0x49
 367 0033 13       		.uleb128 0x13
ARM GAS  C:\Users\Sven\AppData\Local\Temp\ccAsQ1Gv.s 			page 9


 368 0034 00       		.byte	0
 369 0035 00       		.byte	0
 370 0036 05       		.uleb128 0x5
 371 0037 35       		.uleb128 0x35
 372 0038 00       		.byte	0
 373 0039 49       		.uleb128 0x49
 374 003a 13       		.uleb128 0x13
 375 003b 00       		.byte	0
 376 003c 00       		.byte	0
 377 003d 06       		.uleb128 0x6
 378 003e 2E       		.uleb128 0x2e
 379 003f 01       		.byte	0x1
 380 0040 3F       		.uleb128 0x3f
 381 0041 19       		.uleb128 0x19
 382 0042 03       		.uleb128 0x3
 383 0043 0E       		.uleb128 0xe
 384 0044 3A       		.uleb128 0x3a
 385 0045 0B       		.uleb128 0xb
 386 0046 3B       		.uleb128 0x3b
 387 0047 0B       		.uleb128 0xb
 388 0048 27       		.uleb128 0x27
 389 0049 19       		.uleb128 0x19
 390 004a 11       		.uleb128 0x11
 391 004b 01       		.uleb128 0x1
 392 004c 12       		.uleb128 0x12
 393 004d 06       		.uleb128 0x6
 394 004e 40       		.uleb128 0x40
 395 004f 18       		.uleb128 0x18
 396 0050 9742     		.uleb128 0x2117
 397 0052 19       		.uleb128 0x19
 398 0053 01       		.uleb128 0x1
 399 0054 13       		.uleb128 0x13
 400 0055 00       		.byte	0
 401 0056 00       		.byte	0
 402 0057 07       		.uleb128 0x7
 403 0058 898201   		.uleb128 0x4109
 404 005b 00       		.byte	0
 405 005c 11       		.uleb128 0x11
 406 005d 01       		.uleb128 0x1
 407 005e 31       		.uleb128 0x31
 408 005f 13       		.uleb128 0x13
 409 0060 00       		.byte	0
 410 0061 00       		.byte	0
 411 0062 08       		.uleb128 0x8
 412 0063 05       		.uleb128 0x5
 413 0064 00       		.byte	0
 414 0065 03       		.uleb128 0x3
 415 0066 0E       		.uleb128 0xe
 416 0067 3A       		.uleb128 0x3a
 417 0068 0B       		.uleb128 0xb
 418 0069 3B       		.uleb128 0x3b
 419 006a 0B       		.uleb128 0xb
 420 006b 49       		.uleb128 0x49
 421 006c 13       		.uleb128 0x13
 422 006d 02       		.uleb128 0x2
 423 006e 17       		.uleb128 0x17
 424 006f 00       		.byte	0
ARM GAS  C:\Users\Sven\AppData\Local\Temp\ccAsQ1Gv.s 			page 10


 425 0070 00       		.byte	0
 426 0071 09       		.uleb128 0x9
 427 0072 34       		.uleb128 0x34
 428 0073 00       		.byte	0
 429 0074 03       		.uleb128 0x3
 430 0075 0E       		.uleb128 0xe
 431 0076 3A       		.uleb128 0x3a
 432 0077 0B       		.uleb128 0xb
 433 0078 3B       		.uleb128 0x3b
 434 0079 0B       		.uleb128 0xb
 435 007a 49       		.uleb128 0x49
 436 007b 13       		.uleb128 0x13
 437 007c 02       		.uleb128 0x2
 438 007d 17       		.uleb128 0x17
 439 007e 00       		.byte	0
 440 007f 00       		.byte	0
 441 0080 0A       		.uleb128 0xa
 442 0081 34       		.uleb128 0x34
 443 0082 00       		.byte	0
 444 0083 03       		.uleb128 0x3
 445 0084 0E       		.uleb128 0xe
 446 0085 3A       		.uleb128 0x3a
 447 0086 0B       		.uleb128 0xb
 448 0087 3B       		.uleb128 0x3b
 449 0088 0B       		.uleb128 0xb
 450 0089 49       		.uleb128 0x49
 451 008a 13       		.uleb128 0x13
 452 008b 02       		.uleb128 0x2
 453 008c 18       		.uleb128 0x18
 454 008d 00       		.byte	0
 455 008e 00       		.byte	0
 456 008f 0B       		.uleb128 0xb
 457 0090 34       		.uleb128 0x34
 458 0091 00       		.byte	0
 459 0092 03       		.uleb128 0x3
 460 0093 08       		.uleb128 0x8
 461 0094 3A       		.uleb128 0x3a
 462 0095 0B       		.uleb128 0xb
 463 0096 3B       		.uleb128 0x3b
 464 0097 0B       		.uleb128 0xb
 465 0098 49       		.uleb128 0x49
 466 0099 13       		.uleb128 0x13
 467 009a 02       		.uleb128 0x2
 468 009b 17       		.uleb128 0x17
 469 009c 00       		.byte	0
 470 009d 00       		.byte	0
 471 009e 0C       		.uleb128 0xc
 472 009f 898201   		.uleb128 0x4109
 473 00a2 01       		.byte	0x1
 474 00a3 11       		.uleb128 0x11
 475 00a4 01       		.uleb128 0x1
 476 00a5 31       		.uleb128 0x31
 477 00a6 13       		.uleb128 0x13
 478 00a7 00       		.byte	0
 479 00a8 00       		.byte	0
 480 00a9 0D       		.uleb128 0xd
 481 00aa 8A8201   		.uleb128 0x410a
ARM GAS  C:\Users\Sven\AppData\Local\Temp\ccAsQ1Gv.s 			page 11


 482 00ad 00       		.byte	0
 483 00ae 02       		.uleb128 0x2
 484 00af 18       		.uleb128 0x18
 485 00b0 9142     		.uleb128 0x2111
 486 00b2 18       		.uleb128 0x18
 487 00b3 00       		.byte	0
 488 00b4 00       		.byte	0
 489 00b5 0E       		.uleb128 0xe
 490 00b6 01       		.uleb128 0x1
 491 00b7 01       		.byte	0x1
 492 00b8 49       		.uleb128 0x49
 493 00b9 13       		.uleb128 0x13
 494 00ba 01       		.uleb128 0x1
 495 00bb 13       		.uleb128 0x13
 496 00bc 00       		.byte	0
 497 00bd 00       		.byte	0
 498 00be 0F       		.uleb128 0xf
 499 00bf 21       		.uleb128 0x21
 500 00c0 00       		.byte	0
 501 00c1 49       		.uleb128 0x49
 502 00c2 13       		.uleb128 0x13
 503 00c3 2F       		.uleb128 0x2f
 504 00c4 0B       		.uleb128 0xb
 505 00c5 00       		.byte	0
 506 00c6 00       		.byte	0
 507 00c7 10       		.uleb128 0x10
 508 00c8 34       		.uleb128 0x34
 509 00c9 00       		.byte	0
 510 00ca 03       		.uleb128 0x3
 511 00cb 0E       		.uleb128 0xe
 512 00cc 3A       		.uleb128 0x3a
 513 00cd 0B       		.uleb128 0xb
 514 00ce 3B       		.uleb128 0x3b
 515 00cf 0B       		.uleb128 0xb
 516 00d0 49       		.uleb128 0x49
 517 00d1 13       		.uleb128 0x13
 518 00d2 3F       		.uleb128 0x3f
 519 00d3 19       		.uleb128 0x19
 520 00d4 3C       		.uleb128 0x3c
 521 00d5 19       		.uleb128 0x19
 522 00d6 00       		.byte	0
 523 00d7 00       		.byte	0
 524 00d8 11       		.uleb128 0x11
 525 00d9 2E       		.uleb128 0x2e
 526 00da 00       		.byte	0
 527 00db 3F       		.uleb128 0x3f
 528 00dc 19       		.uleb128 0x19
 529 00dd 03       		.uleb128 0x3
 530 00de 0E       		.uleb128 0xe
 531 00df 3A       		.uleb128 0x3a
 532 00e0 0B       		.uleb128 0xb
 533 00e1 3B       		.uleb128 0x3b
 534 00e2 0B       		.uleb128 0xb
 535 00e3 27       		.uleb128 0x27
 536 00e4 19       		.uleb128 0x19
 537 00e5 3C       		.uleb128 0x3c
 538 00e6 19       		.uleb128 0x19
ARM GAS  C:\Users\Sven\AppData\Local\Temp\ccAsQ1Gv.s 			page 12


 539 00e7 00       		.byte	0
 540 00e8 00       		.byte	0
 541 00e9 12       		.uleb128 0x12
 542 00ea 2E       		.uleb128 0x2e
 543 00eb 01       		.byte	0x1
 544 00ec 3F       		.uleb128 0x3f
 545 00ed 19       		.uleb128 0x19
 546 00ee 03       		.uleb128 0x3
 547 00ef 0E       		.uleb128 0xe
 548 00f0 3A       		.uleb128 0x3a
 549 00f1 0B       		.uleb128 0xb
 550 00f2 3B       		.uleb128 0x3b
 551 00f3 0B       		.uleb128 0xb
 552 00f4 27       		.uleb128 0x27
 553 00f5 19       		.uleb128 0x19
 554 00f6 49       		.uleb128 0x49
 555 00f7 13       		.uleb128 0x13
 556 00f8 3C       		.uleb128 0x3c
 557 00f9 19       		.uleb128 0x19
 558 00fa 01       		.uleb128 0x1
 559 00fb 13       		.uleb128 0x13
 560 00fc 00       		.byte	0
 561 00fd 00       		.byte	0
 562 00fe 13       		.uleb128 0x13
 563 00ff 05       		.uleb128 0x5
 564 0100 00       		.byte	0
 565 0101 49       		.uleb128 0x49
 566 0102 13       		.uleb128 0x13
 567 0103 00       		.byte	0
 568 0104 00       		.byte	0
 569 0105 14       		.uleb128 0x14
 570 0106 0F       		.uleb128 0xf
 571 0107 00       		.byte	0
 572 0108 0B       		.uleb128 0xb
 573 0109 0B       		.uleb128 0xb
 574 010a 49       		.uleb128 0x49
 575 010b 13       		.uleb128 0x13
 576 010c 00       		.byte	0
 577 010d 00       		.byte	0
 578 010e 15       		.uleb128 0x15
 579 010f 26       		.uleb128 0x26
 580 0110 00       		.byte	0
 581 0111 49       		.uleb128 0x49
 582 0112 13       		.uleb128 0x13
 583 0113 00       		.byte	0
 584 0114 00       		.byte	0
 585 0115 00       		.byte	0
 586              		.section	.debug_loc,"",%progbits
 587              	.Ldebug_loc0:
 588              	.LLST0:
 589 0000 00000000 		.4byte	.LVL1
 590 0004 1E000000 		.4byte	.LVL7
 591 0008 0100     		.2byte	0x1
 592 000a 50       		.byte	0x50
 593 000b 1E000000 		.4byte	.LVL7
 594 000f 2C000000 		.4byte	.LFE1
 595 0013 0400     		.2byte	0x4
ARM GAS  C:\Users\Sven\AppData\Local\Temp\ccAsQ1Gv.s 			page 13


 596 0015 F3       		.byte	0xf3
 597 0016 01       		.uleb128 0x1
 598 0017 50       		.byte	0x50
 599 0018 9F       		.byte	0x9f
 600 0019 00000000 		.4byte	0
 601 001d 00000000 		.4byte	0
 602              	.LLST1:
 603 0021 00000000 		.4byte	.LVL1
 604 0025 24000000 		.4byte	.LVL8
 605 0029 0100     		.2byte	0x1
 606 002b 51       		.byte	0x51
 607 002c 24000000 		.4byte	.LVL8
 608 0030 27000000 		.4byte	.LVL9-1
 609 0034 0900     		.2byte	0x9
 610 0036 F3       		.byte	0xf3
 611 0037 01       		.uleb128 0x1
 612 0038 50       		.byte	0x50
 613 0039 73       		.byte	0x73
 614 003a 00       		.sleb128 0
 615 003b 1A       		.byte	0x1a
 616 003c 71       		.byte	0x71
 617 003d 00       		.sleb128 0
 618 003e 22       		.byte	0x22
 619 003f 27000000 		.4byte	.LVL9-1
 620 0043 2C000000 		.4byte	.LFE1
 621 0047 0400     		.2byte	0x4
 622 0049 F3       		.byte	0xf3
 623 004a 01       		.uleb128 0x1
 624 004b 51       		.byte	0x51
 625 004c 9F       		.byte	0x9f
 626 004d 00000000 		.4byte	0
 627 0051 00000000 		.4byte	0
 628              	.LLST3:
 629 0055 0C000000 		.4byte	.LVL2
 630 0059 27000000 		.4byte	.LVL9-1
 631 005d 0100     		.2byte	0x1
 632 005f 52       		.byte	0x52
 633 0060 27000000 		.4byte	.LVL9-1
 634 0064 2C000000 		.4byte	.LFE1
 635 0068 0600     		.2byte	0x6
 636 006a F3       		.byte	0xf3
 637 006b 01       		.uleb128 0x1
 638 006c 50       		.byte	0x50
 639 006d 37       		.byte	0x37
 640 006e 25       		.byte	0x25
 641 006f 9F       		.byte	0x9f
 642 0070 00000000 		.4byte	0
 643 0074 00000000 		.4byte	0
 644              	.LLST4:
 645 0078 0C000000 		.4byte	.LVL2
 646 007c 2A000000 		.4byte	.LVL10
 647 0080 0100     		.2byte	0x1
 648 0082 55       		.byte	0x55
 649 0083 2A000000 		.4byte	.LVL10
 650 0087 2C000000 		.4byte	.LFE1
 651 008b 0700     		.2byte	0x7
 652 008d F3       		.byte	0xf3
ARM GAS  C:\Users\Sven\AppData\Local\Temp\ccAsQ1Gv.s 			page 14


 653 008e 01       		.uleb128 0x1
 654 008f 50       		.byte	0x50
 655 0090 09       		.byte	0x9
 656 0091 80       		.byte	0x80
 657 0092 1A       		.byte	0x1a
 658 0093 9F       		.byte	0x9f
 659 0094 00000000 		.4byte	0
 660 0098 00000000 		.4byte	0
 661              	.LLST5:
 662 009c 0C000000 		.4byte	.LVL2
 663 00a0 0E000000 		.4byte	.LVL3
 664 00a4 0200     		.2byte	0x2
 665 00a6 30       		.byte	0x30
 666 00a7 9F       		.byte	0x9f
 667 00a8 0E000000 		.4byte	.LVL3
 668 00ac 14000000 		.4byte	.LVL4
 669 00b0 0100     		.2byte	0x1
 670 00b2 53       		.byte	0x53
 671 00b3 14000000 		.4byte	.LVL4
 672 00b7 16000000 		.4byte	.LVL5
 673 00bb 0300     		.2byte	0x3
 674 00bd 73       		.byte	0x73
 675 00be 01       		.sleb128 1
 676 00bf 9F       		.byte	0x9f
 677 00c0 16000000 		.4byte	.LVL5
 678 00c4 1C000000 		.4byte	.LVL6
 679 00c8 0300     		.2byte	0x3
 680 00ca 73       		.byte	0x73
 681 00cb 00       		.sleb128 0
 682 00cc 9F       		.byte	0x9f
 683 00cd 00000000 		.4byte	0
 684 00d1 00000000 		.4byte	0
 685              		.section	.debug_aranges,"",%progbits
 686 0000 24000000 		.4byte	0x24
 687 0004 0200     		.2byte	0x2
 688 0006 00000000 		.4byte	.Ldebug_info0
 689 000a 04       		.byte	0x4
 690 000b 00       		.byte	0
 691 000c 0000     		.2byte	0
 692 000e 0000     		.2byte	0
 693 0010 00000000 		.4byte	.LFB0
 694 0014 14000000 		.4byte	.LFE0-.LFB0
 695 0018 00000000 		.4byte	.LFB1
 696 001c 2C000000 		.4byte	.LFE1-.LFB1
 697 0020 00000000 		.4byte	0
 698 0024 00000000 		.4byte	0
 699              		.section	.debug_ranges,"",%progbits
 700              	.Ldebug_ranges0:
 701 0000 00000000 		.4byte	.LFB0
 702 0004 14000000 		.4byte	.LFE0
 703 0008 00000000 		.4byte	.LFB1
 704 000c 2C000000 		.4byte	.LFE1
 705 0010 00000000 		.4byte	0
 706 0014 00000000 		.4byte	0
 707              		.section	.debug_line,"",%progbits
 708              	.Ldebug_line0:
 709 0000 BA000000 		.section	.debug_str,"MS",%progbits,1
ARM GAS  C:\Users\Sven\AppData\Local\Temp\ccAsQ1Gv.s 			page 15


 709      02007900 
 709      00000201 
 709      FB0E0D00 
 709      01010101 
 710              	.LASF26:
 711 0000 453A5C44 		.ascii	"E:\\Dokumente\\GitHub\\T-50_Project\\Software\\T-50"
 711      6F6B756D 
 711      656E7465 
 711      5C476974 
 711      4875625C 
 712 002e 5F50726F 		.ascii	"_Project\\T-50_Project.cydsn\000"
 712      6A656374 
 712      5C542D35 
 712      305F5072 
 712      6F6A6563 
 713              	.LASF22:
 714 004a 726F774E 		.ascii	"rowNum\000"
 714      756D00
 715              	.LASF3:
 716 0051 73686F72 		.ascii	"short unsigned int\000"
 716      7420756E 
 716      7369676E 
 716      65642069 
 716      6E7400
 717              	.LASF12:
 718 0064 666C6F61 		.ascii	"float\000"
 718      7400
 719              	.LASF1:
 720 006a 756E7369 		.ascii	"unsigned char\000"
 720      676E6564 
 720      20636861 
 720      7200
 721              	.LASF21:
 722 0078 726F7744 		.ascii	"rowData\000"
 722      61746100 
 723              	.LASF5:
 724 0080 6C6F6E67 		.ascii	"long unsigned int\000"
 724      20756E73 
 724      69676E65 
 724      6420696E 
 724      7400
 725              	.LASF9:
 726 0092 75696E74 		.ascii	"uint8\000"
 726      3800
 727              	.LASF25:
 728 0098 2E5C4765 		.ascii	".\\Generated_Source\\PSoC4\\Bootloadable_1.c\000"
 728      6E657261 
 728      7465645F 
 728      536F7572 
 728      63655C50 
 729              	.LASF13:
 730 00c2 646F7562 		.ascii	"double\000"
 730      6C6500
 731              	.LASF29:
 732 00c9 43795379 		.ascii	"CySysFlashWriteRow\000"
 732      73466C61 
 732      73685772 
ARM GAS  C:\Users\Sven\AppData\Local\Temp\ccAsQ1Gv.s 			page 16


 732      69746552 
 732      6F7700
 733              	.LASF20:
 734 00dc 666C7341 		.ascii	"flsAddr\000"
 734      64647200 
 735              	.LASF10:
 736 00e4 75696E74 		.ascii	"uint16\000"
 736      313600
 737              	.LASF11:
 738 00eb 75696E74 		.ascii	"uint32\000"
 738      333200
 739              	.LASF8:
 740 00f2 756E7369 		.ascii	"unsigned int\000"
 740      676E6564 
 740      20696E74 
 740      00
 741              	.LASF17:
 742 00ff 426F6F74 		.ascii	"Bootloadable_1_SetFlashByte\000"
 742      6C6F6164 
 742      61626C65 
 742      5F315F53 
 742      6574466C 
 743              	.LASF18:
 744 011b 61646472 		.ascii	"address\000"
 744      65737300 
 745              	.LASF7:
 746 0123 6C6F6E67 		.ascii	"long long unsigned int\000"
 746      206C6F6E 
 746      6720756E 
 746      7369676E 
 746      65642069 
 747              	.LASF19:
 748 013a 72756E54 		.ascii	"runType\000"
 748      79706500 
 749              	.LASF23:
 750 0142 62617365 		.ascii	"baseAddr\000"
 750      41646472 
 750      00
 751              	.LASF15:
 752 014b 73697A65 		.ascii	"sizetype\000"
 752      74797065 
 752      00
 753              	.LASF6:
 754 0154 6C6F6E67 		.ascii	"long long int\000"
 754      206C6F6E 
 754      6720696E 
 754      7400
 755              	.LASF14:
 756 0162 63686172 		.ascii	"char\000"
 756      00
 757              	.LASF2:
 758 0167 73686F72 		.ascii	"short int\000"
 758      7420696E 
 758      7400
 759              	.LASF24:
 760 0171 474E5520 		.ascii	"GNU C 4.8.4 20140526 (release) [ARM/embedded-4_8-br"
 760      4320342E 
ARM GAS  C:\Users\Sven\AppData\Local\Temp\ccAsQ1Gv.s 			page 17


 760      382E3420 
 760      32303134 
 760      30353236 
 761 01a4 616E6368 		.ascii	"anch revision 211358] -mcpu=cortex-m0 -mthumb -g -O"
 761      20726576 
 761      6973696F 
 761      6E203231 
 761      31333538 
 762 01d7 73202D66 		.ascii	"s -ffunction-sections -finline-functions\000"
 762      66756E63 
 762      74696F6E 
 762      2D736563 
 762      74696F6E 
 763              	.LASF28:
 764 0200 4379536F 		.ascii	"CySoftwareReset\000"
 764      66747761 
 764      72655265 
 764      73657400 
 765              	.LASF4:
 766 0210 6C6F6E67 		.ascii	"long int\000"
 766      20696E74 
 766      00
 767              	.LASF0:
 768 0219 7369676E 		.ascii	"signed char\000"
 768      65642063 
 768      68617200 
 769              	.LASF27:
 770 0225 63794274 		.ascii	"cyBtldrRunType\000"
 770      6C647252 
 770      756E5479 
 770      706500
 771              	.LASF16:
 772 0234 426F6F74 		.ascii	"Bootloadable_1_Load\000"
 772      6C6F6164 
 772      61626C65 
 772      5F315F4C 
 772      6F616400 
 773              		.ident	"GCC: (GNU Tools for ARM Embedded Processors) 4.8.4 20140526 (release) [ARM/embedded-4_8-br
