ARM GAS  C:\Users\Sven\AppData\Local\Temp\ccR59YuM.s 			page 1


   1              		.cpu cortex-m0
   2              		.fpu softvfp
   3              		.eabi_attribute 20, 1
   4              		.eabi_attribute 21, 1
   5              		.eabi_attribute 23, 3
   6              		.eabi_attribute 24, 1
   7              		.eabi_attribute 25, 1
   8              		.eabi_attribute 26, 1
   9              		.eabi_attribute 30, 4
  10              		.eabi_attribute 34, 0
  11              		.eabi_attribute 18, 4
  12              		.code	16
  13              		.file	"cyPm.c"
  14              		.text
  15              	.Ltext0:
  16              		.cfi_sections	.debug_frame
  17              		.section	.text.CySysPmSleep,"ax",%progbits
  18              		.align	1
  19              		.global	CySysPmSleep
  20              		.code	16
  21              		.thumb_func
  22              		.type	CySysPmSleep, %function
  23              	CySysPmSleep:
  24              	.LFB0:
  25              		.file 1 ".\\Generated_Source\\PSoC4\\cyPm.c"
   1:.\Generated_Source\PSoC4/cyPm.c **** /*******************************************************************************
   2:.\Generated_Source\PSoC4/cyPm.c **** * File Name: cyPm.c
   3:.\Generated_Source\PSoC4/cyPm.c **** * Version 4.20
   4:.\Generated_Source\PSoC4/cyPm.c **** *
   5:.\Generated_Source\PSoC4/cyPm.c **** *  Description:
   6:.\Generated_Source\PSoC4/cyPm.c **** *   Provides an API for the power management.
   7:.\Generated_Source\PSoC4/cyPm.c **** *
   8:.\Generated_Source\PSoC4/cyPm.c **** *  Note:
   9:.\Generated_Source\PSoC4/cyPm.c **** *   Documentation of the API's in this file is located in the
  10:.\Generated_Source\PSoC4/cyPm.c **** *   System Reference Guide provided with PSoC Creator.
  11:.\Generated_Source\PSoC4/cyPm.c **** *
  12:.\Generated_Source\PSoC4/cyPm.c **** ********************************************************************************
  13:.\Generated_Source\PSoC4/cyPm.c **** * Copyright 2011-2014, Cypress Semiconductor Corporation.  All rights reserved.
  14:.\Generated_Source\PSoC4/cyPm.c **** * You may use this file only in accordance with the license, terms, conditions,
  15:.\Generated_Source\PSoC4/cyPm.c **** * disclaimers, and limitations in the end user license agreement accompanying
  16:.\Generated_Source\PSoC4/cyPm.c **** * the software package with which this file was provided.
  17:.\Generated_Source\PSoC4/cyPm.c **** *******************************************************************************/
  18:.\Generated_Source\PSoC4/cyPm.c **** 
  19:.\Generated_Source\PSoC4/cyPm.c **** #include "cyPm.h"
  20:.\Generated_Source\PSoC4/cyPm.c **** #include "CyLib.h"
  21:.\Generated_Source\PSoC4/cyPm.c **** 
  22:.\Generated_Source\PSoC4/cyPm.c **** 
  23:.\Generated_Source\PSoC4/cyPm.c **** /*******************************************************************************
  24:.\Generated_Source\PSoC4/cyPm.c **** * Function Name: CySysPmSleep
  25:.\Generated_Source\PSoC4/cyPm.c **** ********************************************************************************
  26:.\Generated_Source\PSoC4/cyPm.c **** *
  27:.\Generated_Source\PSoC4/cyPm.c **** * Summary:
  28:.\Generated_Source\PSoC4/cyPm.c **** *  Puts the part into the Sleep state. This is a CPU-centric power mode.
  29:.\Generated_Source\PSoC4/cyPm.c **** *  It means that the CPU has indicated that it is in the sleep mode and
  30:.\Generated_Source\PSoC4/cyPm.c **** *  its main clock can be removed. It is identical to Active from a peripheral
  31:.\Generated_Source\PSoC4/cyPm.c **** *  point of view. Any enabled interrupts can cause wakeup from the  Sleep mode.
  32:.\Generated_Source\PSoC4/cyPm.c **** *
ARM GAS  C:\Users\Sven\AppData\Local\Temp\ccR59YuM.s 			page 2


  33:.\Generated_Source\PSoC4/cyPm.c **** * Parameters:
  34:.\Generated_Source\PSoC4/cyPm.c **** *  None
  35:.\Generated_Source\PSoC4/cyPm.c **** *
  36:.\Generated_Source\PSoC4/cyPm.c **** * Return:
  37:.\Generated_Source\PSoC4/cyPm.c **** *  None
  38:.\Generated_Source\PSoC4/cyPm.c **** *
  39:.\Generated_Source\PSoC4/cyPm.c **** *******************************************************************************/
  40:.\Generated_Source\PSoC4/cyPm.c **** void CySysPmSleep(void)
  41:.\Generated_Source\PSoC4/cyPm.c **** {
  26              		.loc 1 41 0
  27              		.cfi_startproc
  28 0000 08B5     		push	{r3, lr}
  29              		.cfi_def_cfa_offset 8
  30              		.cfi_offset 3, -8
  31              		.cfi_offset 14, -4
  42:.\Generated_Source\PSoC4/cyPm.c ****     uint8 interruptState;
  43:.\Generated_Source\PSoC4/cyPm.c **** 
  44:.\Generated_Source\PSoC4/cyPm.c ****     interruptState = CyEnterCriticalSection();
  32              		.loc 1 44 0
  33 0002 FFF7FEFF 		bl	CyEnterCriticalSection
  34              	.LVL0:
  45:.\Generated_Source\PSoC4/cyPm.c **** 
  46:.\Generated_Source\PSoC4/cyPm.c ****     /* CM0 enters Sleep mode upon execution of WFI */
  47:.\Generated_Source\PSoC4/cyPm.c ****     CY_PM_CM0_SCR_REG &= (uint32) (~CY_PM_CM0_SCR_SLEEPDEEP);
  35              		.loc 1 47 0
  36 0006 044B     		ldr	r3, .L2
  37 0008 0421     		mov	r1, #4
  38 000a 1A68     		ldr	r2, [r3]
  39 000c 8A43     		bic	r2, r1
  40 000e 1A60     		str	r2, [r3]
  48:.\Generated_Source\PSoC4/cyPm.c **** 
  49:.\Generated_Source\PSoC4/cyPm.c ****     /* Sleep and wait for interrupt */
  50:.\Generated_Source\PSoC4/cyPm.c ****     CY_PM_WFI;
  41              		.loc 1 50 0
  42              	@ 50 ".\Generated_Source\PSoC4\cyPm.c" 1
  43 0010 30BF     		WFI 
  44              	
  45              	@ 0 "" 2
  51:.\Generated_Source\PSoC4/cyPm.c **** 
  52:.\Generated_Source\PSoC4/cyPm.c ****     CyExitCriticalSection(interruptState);
  46              		.loc 1 52 0
  47              		.code	16
  48 0012 FFF7FEFF 		bl	CyExitCriticalSection
  49              	.LVL1:
  53:.\Generated_Source\PSoC4/cyPm.c **** }
  50              		.loc 1 53 0
  51              		@ sp needed
  52 0016 08BD     		pop	{r3, pc}
  53              	.L3:
  54              		.align	2
  55              	.L2:
  56 0018 10ED00E0 		.word	-536810224
  57              		.cfi_endproc
  58              	.LFE0:
  59              		.size	CySysPmSleep, .-CySysPmSleep
  60              		.section	.text.CySysPmDeepSleep,"ax",%progbits
  61              		.align	1
ARM GAS  C:\Users\Sven\AppData\Local\Temp\ccR59YuM.s 			page 3


  62              		.global	CySysPmDeepSleep
  63              		.code	16
  64              		.thumb_func
  65              		.type	CySysPmDeepSleep, %function
  66              	CySysPmDeepSleep:
  67              	.LFB1:
  54:.\Generated_Source\PSoC4/cyPm.c **** 
  55:.\Generated_Source\PSoC4/cyPm.c **** 
  56:.\Generated_Source\PSoC4/cyPm.c **** /*******************************************************************************
  57:.\Generated_Source\PSoC4/cyPm.c **** * Function Name: CySysPmDeepSleep
  58:.\Generated_Source\PSoC4/cyPm.c **** ********************************************************************************
  59:.\Generated_Source\PSoC4/cyPm.c **** *
  60:.\Generated_Source\PSoC4/cyPm.c **** * Summary:
  61:.\Generated_Source\PSoC4/cyPm.c **** *  Puts the part into the Deep Sleep state. If the firmware attempts to enter
  62:.\Generated_Source\PSoC4/cyPm.c **** *  this mode before the system is ready (that is, when
  63:.\Generated_Source\PSoC4/cyPm.c **** *  PWR_CONTROL.LPM_READY = 0), then the device will go into the Sleep mode
  64:.\Generated_Source\PSoC4/cyPm.c **** *  instead and automatically enter the originally intended mode when the
  65:.\Generated_Source\PSoC4/cyPm.c **** *  holdoff expires.
  66:.\Generated_Source\PSoC4/cyPm.c **** *
  67:.\Generated_Source\PSoC4/cyPm.c **** *  The wakeup occurs when an interrupt is received from a DeepSleep or
  68:.\Generated_Source\PSoC4/cyPm.c **** *  Hibernate peripheral. For more details, see a corresponding
  69:.\Generated_Source\PSoC4/cyPm.c **** *  peripheral's datasheet.
  70:.\Generated_Source\PSoC4/cyPm.c **** *
  71:.\Generated_Source\PSoC4/cyPm.c **** * Parameters:
  72:.\Generated_Source\PSoC4/cyPm.c **** *  None
  73:.\Generated_Source\PSoC4/cyPm.c **** *
  74:.\Generated_Source\PSoC4/cyPm.c **** * Return:
  75:.\Generated_Source\PSoC4/cyPm.c **** *  None
  76:.\Generated_Source\PSoC4/cyPm.c **** *
  77:.\Generated_Source\PSoC4/cyPm.c **** *******************************************************************************/
  78:.\Generated_Source\PSoC4/cyPm.c **** void CySysPmDeepSleep(void)
  79:.\Generated_Source\PSoC4/cyPm.c **** {
  68              		.loc 1 79 0
  69              		.cfi_startproc
  70 0000 F7B5     		push	{r0, r1, r2, r4, r5, r6, r7, lr}
  71              		.cfi_def_cfa_offset 32
  72              		.cfi_offset 0, -32
  73              		.cfi_offset 1, -28
  74              		.cfi_offset 2, -24
  75              		.cfi_offset 4, -20
  76              		.cfi_offset 5, -16
  77              		.cfi_offset 6, -12
  78              		.cfi_offset 7, -8
  79              		.cfi_offset 14, -4
  80:.\Generated_Source\PSoC4/cyPm.c ****     uint8 interruptState;
  81:.\Generated_Source\PSoC4/cyPm.c ****     #if(CY_IP_SRSSV2)
  82:.\Generated_Source\PSoC4/cyPm.c ****         volatile uint32 clkSelectReg;
  83:.\Generated_Source\PSoC4/cyPm.c ****     #endif /* (CY_IP_SRSSV2) */
  84:.\Generated_Source\PSoC4/cyPm.c **** 
  85:.\Generated_Source\PSoC4/cyPm.c ****     interruptState = CyEnterCriticalSection();
  80              		.loc 1 85 0
  81 0002 FFF7FEFF 		bl	CyEnterCriticalSection
  82              	.LVL2:
  86:.\Generated_Source\PSoC4/cyPm.c **** 
  87:.\Generated_Source\PSoC4/cyPm.c ****     #if(CY_IP_SRSSV2)
  88:.\Generated_Source\PSoC4/cyPm.c ****         /* Device enters DeepSleep mode when CPU asserts SLEEPDEEP signal */
  89:.\Generated_Source\PSoC4/cyPm.c ****         CY_PM_PWR_CONTROL_REG &= (uint32) (~CY_PM_PWR_CONTROL_HIBERNATE);
ARM GAS  C:\Users\Sven\AppData\Local\Temp\ccR59YuM.s 			page 4


  83              		.loc 1 89 0
  84 0006 134B     		ldr	r3, .L5
  90:.\Generated_Source\PSoC4/cyPm.c ****     #endif /* (CY_IP_SRSSV2) */
  91:.\Generated_Source\PSoC4/cyPm.c **** 
  92:.\Generated_Source\PSoC4/cyPm.c ****     #if (CY_PSOC4_4100 || CY_PSOC4_4200)
  93:.\Generated_Source\PSoC4/cyPm.c ****         CY_PM_CPUSS_CONFIG_REG |= CY_PM_CPUSS_CONFIG_FLSH_ACC_BYPASS;
  85              		.loc 1 93 0
  86 0008 8024     		mov	r4, #128
  89:.\Generated_Source\PSoC4/cyPm.c ****         CY_PM_PWR_CONTROL_REG &= (uint32) (~CY_PM_PWR_CONTROL_HIBERNATE);
  87              		.loc 1 89 0
  88 000a 1A68     		ldr	r2, [r3]
  89              		.loc 1 93 0
  90 000c E405     		lsl	r4, r4, #23
  89:.\Generated_Source\PSoC4/cyPm.c ****         CY_PM_PWR_CONTROL_REG &= (uint32) (~CY_PM_PWR_CONTROL_HIBERNATE);
  91              		.loc 1 89 0
  92 000e 5200     		lsl	r2, r2, #1
  93 0010 5208     		lsr	r2, r2, #1
  94 0012 1A60     		str	r2, [r3]
  95              		.loc 1 93 0
  96 0014 2368     		ldr	r3, [r4]
  97 0016 0225     		mov	r5, #2
  98 0018 2B43     		orr	r3, r5
  99 001a 2360     		str	r3, [r4]
  94:.\Generated_Source\PSoC4/cyPm.c ****     #endif /* (CY_PSOC4_4100 || CY_PSOC4_4200) */
  95:.\Generated_Source\PSoC4/cyPm.c **** 
  96:.\Generated_Source\PSoC4/cyPm.c ****     /* Adjust delay to wait for references to settle on wakeup from Deep Sleep */
  97:.\Generated_Source\PSoC4/cyPm.c ****     CY_PM_PWR_KEY_DELAY_REG = CY_SFLASH_DPSLP_KEY_DELAY_REG;
 100              		.loc 1 97 0
 101 001c 0E4B     		ldr	r3, .L5+4
  98:.\Generated_Source\PSoC4/cyPm.c **** 
  99:.\Generated_Source\PSoC4/cyPm.c ****     /* CM0 enters DeepSleep/Hibernate mode upon execution of WFI */
 100:.\Generated_Source\PSoC4/cyPm.c ****     CY_PM_CM0_SCR_REG |= CY_PM_CM0_SCR_SLEEPDEEP;
 102              		.loc 1 100 0
 103 001e 0421     		mov	r1, #4
  97:.\Generated_Source\PSoC4/cyPm.c ****     CY_PM_PWR_KEY_DELAY_REG = CY_SFLASH_DPSLP_KEY_DELAY_REG;
 104              		.loc 1 97 0
 105 0020 1A88     		ldrh	r2, [r3]
 106 0022 0E4B     		ldr	r3, .L5+8
 107 0024 92B2     		uxth	r2, r2
 108 0026 1A60     		str	r2, [r3]
 109              		.loc 1 100 0
 110 0028 0D4B     		ldr	r3, .L5+12
 101:.\Generated_Source\PSoC4/cyPm.c **** 
 102:.\Generated_Source\PSoC4/cyPm.c ****     #if(CY_IP_SRSSV2)
 103:.\Generated_Source\PSoC4/cyPm.c ****         /* Preserve system clock configuration and
 104:.\Generated_Source\PSoC4/cyPm.c ****         * reduce sysclk to <=12 MHz (Cypress ID #158710, #179888).
 105:.\Generated_Source\PSoC4/cyPm.c ****         */
 106:.\Generated_Source\PSoC4/cyPm.c ****         clkSelectReg = CY_SYS_CLK_SELECT_REG;
 111              		.loc 1 106 0
 112 002a 0E4E     		ldr	r6, .L5+16
 100:.\Generated_Source\PSoC4/cyPm.c ****     CY_PM_CM0_SCR_REG |= CY_PM_CM0_SCR_SLEEPDEEP;
 113              		.loc 1 100 0
 114 002c 1A68     		ldr	r2, [r3]
  85:.\Generated_Source\PSoC4/cyPm.c ****     interruptState = CyEnterCriticalSection();
 115              		.loc 1 85 0
 116 002e 071C     		mov	r7, r0
 117              	.LVL3:
ARM GAS  C:\Users\Sven\AppData\Local\Temp\ccR59YuM.s 			page 5


 100:.\Generated_Source\PSoC4/cyPm.c ****     CY_PM_CM0_SCR_REG |= CY_PM_CM0_SCR_SLEEPDEEP;
 118              		.loc 1 100 0
 119 0030 0A43     		orr	r2, r1
 120 0032 1A60     		str	r2, [r3]
 121              		.loc 1 106 0
 122 0034 3368     		ldr	r3, [r6]
 107:.\Generated_Source\PSoC4/cyPm.c ****         CySysClkWriteSysclkDiv(CY_SYS_CLK_SYSCLK_DIV4);
 123              		.loc 1 107 0
 124 0036 281C     		mov	r0, r5
 125              	.LVL4:
 106:.\Generated_Source\PSoC4/cyPm.c ****         clkSelectReg = CY_SYS_CLK_SELECT_REG;
 126              		.loc 1 106 0
 127 0038 0193     		str	r3, [sp, #4]
 128              		.loc 1 107 0
 129 003a FFF7FEFF 		bl	CySysClkWriteSysclkDiv
 130              	.LVL5:
 108:.\Generated_Source\PSoC4/cyPm.c ****     #endif /* (CY_IP_SRSSV2) */
 109:.\Generated_Source\PSoC4/cyPm.c **** 
 110:.\Generated_Source\PSoC4/cyPm.c ****     /* Sleep and wait for interrupt */
 111:.\Generated_Source\PSoC4/cyPm.c ****     CY_PM_WFI;
 131              		.loc 1 111 0
 132              	@ 111 ".\Generated_Source\PSoC4\cyPm.c" 1
 133 003e 30BF     		WFI 
 134              	
 135              	@ 0 "" 2
 112:.\Generated_Source\PSoC4/cyPm.c **** 
 113:.\Generated_Source\PSoC4/cyPm.c ****     #if(CY_IP_SRSSV2)
 114:.\Generated_Source\PSoC4/cyPm.c ****         /* Restore system clock configuration */
 115:.\Generated_Source\PSoC4/cyPm.c ****         CY_SYS_CLK_SELECT_REG = clkSelectReg;
 136              		.loc 1 115 0
 137              		.code	16
 138 0040 019B     		ldr	r3, [sp, #4]
 116:.\Generated_Source\PSoC4/cyPm.c ****     #endif /* (CY_IP_SRSSV2) */
 117:.\Generated_Source\PSoC4/cyPm.c **** 
 118:.\Generated_Source\PSoC4/cyPm.c ****     #if (CY_PSOC4_4100 || CY_PSOC4_4200)
 119:.\Generated_Source\PSoC4/cyPm.c ****         CY_PM_CPUSS_CONFIG_REG &= (uint32) (~CY_PM_CPUSS_CONFIG_FLSH_ACC_BYPASS);
 120:.\Generated_Source\PSoC4/cyPm.c ****     #endif /* (CY_PSOC4_4100 || CY_PSOC4_4200) */
 121:.\Generated_Source\PSoC4/cyPm.c **** 
 122:.\Generated_Source\PSoC4/cyPm.c ****     CyExitCriticalSection(interruptState);
 139              		.loc 1 122 0
 140 0042 381C     		mov	r0, r7
 115:.\Generated_Source\PSoC4/cyPm.c ****         CY_SYS_CLK_SELECT_REG = clkSelectReg;
 141              		.loc 1 115 0
 142 0044 3360     		str	r3, [r6]
 119:.\Generated_Source\PSoC4/cyPm.c ****         CY_PM_CPUSS_CONFIG_REG &= (uint32) (~CY_PM_CPUSS_CONFIG_FLSH_ACC_BYPASS);
 143              		.loc 1 119 0
 144 0046 2368     		ldr	r3, [r4]
 123:.\Generated_Source\PSoC4/cyPm.c **** }
 145              		.loc 1 123 0
 146              		@ sp needed
 119:.\Generated_Source\PSoC4/cyPm.c ****         CY_PM_CPUSS_CONFIG_REG &= (uint32) (~CY_PM_CPUSS_CONFIG_FLSH_ACC_BYPASS);
 147              		.loc 1 119 0
 148 0048 AB43     		bic	r3, r5
 149 004a 2360     		str	r3, [r4]
 122:.\Generated_Source\PSoC4/cyPm.c ****     CyExitCriticalSection(interruptState);
 150              		.loc 1 122 0
 151 004c FFF7FEFF 		bl	CyExitCriticalSection
ARM GAS  C:\Users\Sven\AppData\Local\Temp\ccR59YuM.s 			page 6


 152              	.LVL6:
 153              	.LVL7:
 154              		.loc 1 123 0
 155 0050 F7BD     		pop	{r0, r1, r2, r4, r5, r6, r7, pc}
 156              	.L6:
 157 0052 C046     		.align	2
 158              	.L5:
 159 0054 00000B40 		.word	1074462720
 160 0058 52F1FF0F 		.word	268431698
 161 005c 0C000B40 		.word	1074462732
 162 0060 10ED00E0 		.word	-536810224
 163 0064 00010B40 		.word	1074462976
 164              		.cfi_endproc
 165              	.LFE1:
 166              		.size	CySysPmDeepSleep, .-CySysPmDeepSleep
 167              		.section	.text.CySysPmHibernate,"ax",%progbits
 168              		.align	1
 169              		.global	CySysPmHibernate
 170              		.code	16
 171              		.thumb_func
 172              		.type	CySysPmHibernate, %function
 173              	CySysPmHibernate:
 174              	.LFB2:
 124:.\Generated_Source\PSoC4/cyPm.c **** 
 125:.\Generated_Source\PSoC4/cyPm.c **** 
 126:.\Generated_Source\PSoC4/cyPm.c **** #if(CY_IP_SRSSV2)
 127:.\Generated_Source\PSoC4/cyPm.c **** 
 128:.\Generated_Source\PSoC4/cyPm.c ****     /*******************************************************************************
 129:.\Generated_Source\PSoC4/cyPm.c ****     * Function Name: CySysPmHibernate
 130:.\Generated_Source\PSoC4/cyPm.c ****     ********************************************************************************
 131:.\Generated_Source\PSoC4/cyPm.c ****     *
 132:.\Generated_Source\PSoC4/cyPm.c ****     * Summary:
 133:.\Generated_Source\PSoC4/cyPm.c ****     *  Puts the part into the Hibernate state. Only SRAM and UDBs are retained;
 134:.\Generated_Source\PSoC4/cyPm.c ****     *  most internal supplies are off. Wakeup is possible from a pin or a hibernate
 135:.\Generated_Source\PSoC4/cyPm.c ****     *  comparator only.
 136:.\Generated_Source\PSoC4/cyPm.c ****     *
 137:.\Generated_Source\PSoC4/cyPm.c ****     *  It is expected that the firmware has already frozen the IO-Cells using
 138:.\Generated_Source\PSoC4/cyPm.c ****     *  CySysPmFreezeIo() function before the call to this function. If this is
 139:.\Generated_Source\PSoC4/cyPm.c ****     *  omitted, the IO-cells will be frozen in the same way as they are
 140:.\Generated_Source\PSoC4/cyPm.c ****     *  in the Active to Deep Sleep transition, but will lose their state on wake up
 141:.\Generated_Source\PSoC4/cyPm.c ****     *  (because of the reset occurring at that time).
 142:.\Generated_Source\PSoC4/cyPm.c ****     *
 143:.\Generated_Source\PSoC4/cyPm.c ****     *  Because all the CPU state is lost, the CPU will start up at the reset vector.
 144:.\Generated_Source\PSoC4/cyPm.c ****     *  To save the firmware state through the Hibernate low power mode, a
 145:.\Generated_Source\PSoC4/cyPm.c ****     *  corresponding variable should be defined with CY_NOINIT attribute. It
 146:.\Generated_Source\PSoC4/cyPm.c ****     *  prevents data from being initialized to zero on startup. The interrupt
 147:.\Generated_Source\PSoC4/cyPm.c ****     *  cause of the hibernate peripheral is retained, such that it can be either
 148:.\Generated_Source\PSoC4/cyPm.c ****     *  read by the firmware or cause an interrupt after the firmware has booted and
 149:.\Generated_Source\PSoC4/cyPm.c ****     *  enabled the corresponding interrupt. To distinguish the wakeup from
 150:.\Generated_Source\PSoC4/cyPm.c ****     *  the Hibernate mode and the general Reset event, the CySysPmGetResetReason()
 151:.\Generated_Source\PSoC4/cyPm.c ****     *  function could be used.
 152:.\Generated_Source\PSoC4/cyPm.c ****     *
 153:.\Generated_Source\PSoC4/cyPm.c ****     * Parameters:
 154:.\Generated_Source\PSoC4/cyPm.c ****     *  None
 155:.\Generated_Source\PSoC4/cyPm.c ****     *
 156:.\Generated_Source\PSoC4/cyPm.c ****     * Return:
 157:.\Generated_Source\PSoC4/cyPm.c ****     *  None
ARM GAS  C:\Users\Sven\AppData\Local\Temp\ccR59YuM.s 			page 7


 158:.\Generated_Source\PSoC4/cyPm.c ****     *
 159:.\Generated_Source\PSoC4/cyPm.c ****     *******************************************************************************/
 160:.\Generated_Source\PSoC4/cyPm.c ****     void CySysPmHibernate(void)
 161:.\Generated_Source\PSoC4/cyPm.c ****     {
 175              		.loc 1 161 0
 176              		.cfi_startproc
 177 0000 08B5     		push	{r3, lr}
 178              		.cfi_def_cfa_offset 8
 179              		.cfi_offset 3, -8
 180              		.cfi_offset 14, -4
 162:.\Generated_Source\PSoC4/cyPm.c ****         uint8 interruptState;
 163:.\Generated_Source\PSoC4/cyPm.c **** 
 164:.\Generated_Source\PSoC4/cyPm.c ****         interruptState = CyEnterCriticalSection();
 181              		.loc 1 164 0
 182 0002 FFF7FEFF 		bl	CyEnterCriticalSection
 183              	.LVL8:
 165:.\Generated_Source\PSoC4/cyPm.c **** 
 166:.\Generated_Source\PSoC4/cyPm.c ****         /* Device enters Hibernate mode when CPU asserts SLEEPDEEP signal */
 167:.\Generated_Source\PSoC4/cyPm.c ****         CY_PM_PWR_CONTROL_REG |= CY_PM_PWR_CONTROL_HIBERNATE;
 184              		.loc 1 167 0
 185 0006 0D4B     		ldr	r3, .L8
 186 0008 8022     		mov	r2, #128
 187 000a 1968     		ldr	r1, [r3]
 188 000c 1206     		lsl	r2, r2, #24
 189 000e 0A43     		orr	r2, r1
 190 0010 1A60     		str	r2, [r3]
 168:.\Generated_Source\PSoC4/cyPm.c **** 
 169:.\Generated_Source\PSoC4/cyPm.c ****         /* Adjust delay to wait for references to settle on wakeup from hibernate */
 170:.\Generated_Source\PSoC4/cyPm.c ****         CY_PM_PWR_KEY_DELAY_REG = CY_SFLASH_HIB_KEY_DELAY_REG;
 191              		.loc 1 170 0
 192 0012 0B4B     		ldr	r3, .L8+4
 171:.\Generated_Source\PSoC4/cyPm.c **** 
 172:.\Generated_Source\PSoC4/cyPm.c ****         /* CM0 enters DeepSleep/Hibernate mode upon execution of WFI */
 173:.\Generated_Source\PSoC4/cyPm.c ****         CY_PM_CM0_SCR_REG |= CY_PM_CM0_SCR_SLEEPDEEP;
 193              		.loc 1 173 0
 194 0014 0421     		mov	r1, #4
 170:.\Generated_Source\PSoC4/cyPm.c ****         CY_PM_PWR_KEY_DELAY_REG = CY_SFLASH_HIB_KEY_DELAY_REG;
 195              		.loc 1 170 0
 196 0016 1A88     		ldrh	r2, [r3]
 197 0018 0A4B     		ldr	r3, .L8+8
 198 001a 92B2     		uxth	r2, r2
 199 001c 1A60     		str	r2, [r3]
 200              		.loc 1 173 0
 201 001e 0A4B     		ldr	r3, .L8+12
 202 0020 1A68     		ldr	r2, [r3]
 203 0022 0A43     		orr	r2, r1
 204 0024 1A60     		str	r2, [r3]
 174:.\Generated_Source\PSoC4/cyPm.c **** 
 175:.\Generated_Source\PSoC4/cyPm.c ****         /* Save token that will retain through a STOP/WAKEUP sequence
 176:.\Generated_Source\PSoC4/cyPm.c ****          * thus could be used by CySysPmGetResetReason() to differentiate
 177:.\Generated_Source\PSoC4/cyPm.c ****          * WAKEUP from a general RESET event.
 178:.\Generated_Source\PSoC4/cyPm.c ****          */
 179:.\Generated_Source\PSoC4/cyPm.c ****         CY_PM_PWR_STOP_REG = (CY_PM_PWR_STOP_REG & (uint32)(~CY_PM_PWR_STOP_TOKEN_MASK)) | CY_PM_PW
 205              		.loc 1 179 0
 206 0026 094B     		ldr	r3, .L8+16
 207 0028 FF21     		mov	r1, #255
 208 002a 1A68     		ldr	r2, [r3]
ARM GAS  C:\Users\Sven\AppData\Local\Temp\ccR59YuM.s 			page 8


 209 002c 8A43     		bic	r2, r1
 210 002e F121     		mov	r1, #241
 211 0030 0A43     		orr	r2, r1
 212 0032 1A60     		str	r2, [r3]
 180:.\Generated_Source\PSoC4/cyPm.c **** 
 181:.\Generated_Source\PSoC4/cyPm.c ****         /* Sleep and wait for interrupt. Wakeup from Hibernate is performed
 182:.\Generated_Source\PSoC4/cyPm.c ****          * through RESET state, causing a normal Boot procedure to occur.
 183:.\Generated_Source\PSoC4/cyPm.c ****          * The WFI instruction doesn't put the core to sleep if its wake condition
 184:.\Generated_Source\PSoC4/cyPm.c ****          * is true when the instruction is executed.
 185:.\Generated_Source\PSoC4/cyPm.c ****          */
 186:.\Generated_Source\PSoC4/cyPm.c ****         CY_PM_WFI;
 213              		.loc 1 186 0
 214              	@ 186 ".\Generated_Source\PSoC4\cyPm.c" 1
 215 0034 30BF     		WFI 
 216              	
 217              	@ 0 "" 2
 187:.\Generated_Source\PSoC4/cyPm.c **** 
 188:.\Generated_Source\PSoC4/cyPm.c ****         CyExitCriticalSection(interruptState);
 218              		.loc 1 188 0
 219              		.code	16
 220 0036 FFF7FEFF 		bl	CyExitCriticalSection
 221              	.LVL9:
 189:.\Generated_Source\PSoC4/cyPm.c ****     }
 222              		.loc 1 189 0
 223              		@ sp needed
 224 003a 08BD     		pop	{r3, pc}
 225              	.L9:
 226              		.align	2
 227              	.L8:
 228 003c 00000B40 		.word	1074462720
 229 0040 50F1FF0F 		.word	268431696
 230 0044 0C000B40 		.word	1074462732
 231 0048 10ED00E0 		.word	-536810224
 232 004c 2C000B40 		.word	1074462764
 233              		.cfi_endproc
 234              	.LFE2:
 235              		.size	CySysPmHibernate, .-CySysPmHibernate
 236              		.section	.text.CySysPmSetWakeupPolarity,"ax",%progbits
 237              		.align	1
 238              		.global	CySysPmSetWakeupPolarity
 239              		.code	16
 240              		.thumb_func
 241              		.type	CySysPmSetWakeupPolarity, %function
 242              	CySysPmSetWakeupPolarity:
 243              	.LFB4:
 190:.\Generated_Source\PSoC4/cyPm.c **** 
 191:.\Generated_Source\PSoC4/cyPm.c **** 
 192:.\Generated_Source\PSoC4/cyPm.c ****     /*******************************************************************************
 193:.\Generated_Source\PSoC4/cyPm.c ****     * Function Name: CySysPmStop
 194:.\Generated_Source\PSoC4/cyPm.c ****     ********************************************************************************
 195:.\Generated_Source\PSoC4/cyPm.c ****     *
 196:.\Generated_Source\PSoC4/cyPm.c ****     * Summary:
 197:.\Generated_Source\PSoC4/cyPm.c ****     *  Puts the part into the Stop state. All internal supplies are off;
 198:.\Generated_Source\PSoC4/cyPm.c ****     *  no state is retained.
 199:.\Generated_Source\PSoC4/cyPm.c ****     *
 200:.\Generated_Source\PSoC4/cyPm.c ****     *  Wakeup from Stop is performed by toggling the wakeup pin, causing
 201:.\Generated_Source\PSoC4/cyPm.c ****     *  a normal boot procedure to occur. To configure the wakeup pin,
ARM GAS  C:\Users\Sven\AppData\Local\Temp\ccR59YuM.s 			page 9


 202:.\Generated_Source\PSoC4/cyPm.c ****     *  the Digital Input Pin component should be placed on the schematic,
 203:.\Generated_Source\PSoC4/cyPm.c ****     *  assigned to the wakeup pin, and resistively pulled up or down to the inverse
 204:.\Generated_Source\PSoC4/cyPm.c ****     *  state of the wakeup polarity. To distinguish the wakeup from the Stop mode
 205:.\Generated_Source\PSoC4/cyPm.c ****     *  and the general Reset event, CySysPmGetResetReason() function could be used.
 206:.\Generated_Source\PSoC4/cyPm.c ****     *  The wakeup pin is active low by default. The wakeup pin polarity
 207:.\Generated_Source\PSoC4/cyPm.c ****     *  could be changed with the CySysPmSetWakeupPolarity() function.
 208:.\Generated_Source\PSoC4/cyPm.c ****     *
 209:.\Generated_Source\PSoC4/cyPm.c ****     *  This function freezes IO cells implicitly. It is not possible to enter
 210:.\Generated_Source\PSoC4/cyPm.c ****     *  the STOP mode before freezing the IO cells. The IO cells remain frozen after
 211:.\Generated_Source\PSoC4/cyPm.c ****     *  awake from the Stop mode until the firmware unfreezes them after booting
 212:.\Generated_Source\PSoC4/cyPm.c ****     *  explicitly with CySysPmUnfreezeIo() function call.
 213:.\Generated_Source\PSoC4/cyPm.c ****     *
 214:.\Generated_Source\PSoC4/cyPm.c ****     * Parameters:
 215:.\Generated_Source\PSoC4/cyPm.c ****     *  None
 216:.\Generated_Source\PSoC4/cyPm.c ****     *
 217:.\Generated_Source\PSoC4/cyPm.c ****     * Return:
 218:.\Generated_Source\PSoC4/cyPm.c ****     *  None
 219:.\Generated_Source\PSoC4/cyPm.c ****     *
 220:.\Generated_Source\PSoC4/cyPm.c ****     *******************************************************************************/
 221:.\Generated_Source\PSoC4/cyPm.c ****     void CySysPmStop(void)
 222:.\Generated_Source\PSoC4/cyPm.c ****     {
 223:.\Generated_Source\PSoC4/cyPm.c ****         (void) CyEnterCriticalSection();
 224:.\Generated_Source\PSoC4/cyPm.c **** 
 225:.\Generated_Source\PSoC4/cyPm.c ****         /* Update token to indicate Stop mode transition. Preserve only polarity. */
 226:.\Generated_Source\PSoC4/cyPm.c ****         CY_PM_PWR_STOP_REG = (CY_PM_PWR_STOP_REG & CY_PM_PWR_STOP_POLARITY) | CY_PM_PWR_STOP_TOKEN_
 227:.\Generated_Source\PSoC4/cyPm.c **** 
 228:.\Generated_Source\PSoC4/cyPm.c ****         /* Freeze IO-Cells to save IO-Cell state */
 229:.\Generated_Source\PSoC4/cyPm.c ****         CySysPmFreezeIo();
 230:.\Generated_Source\PSoC4/cyPm.c **** 
 231:.\Generated_Source\PSoC4/cyPm.c ****         /* Initiates transition to Stop state */
 232:.\Generated_Source\PSoC4/cyPm.c ****         CY_PM_PWR_STOP_REG = CY_PM_PWR_STOP_REG | CY_PM_PWR_STOP_STOP;
 233:.\Generated_Source\PSoC4/cyPm.c **** 
 234:.\Generated_Source\PSoC4/cyPm.c ****         /* Depending on the clock frequency and internal timing delays,
 235:.\Generated_Source\PSoC4/cyPm.c ****          * the final AHB transaction may or may not complete. To guard against
 236:.\Generated_Source\PSoC4/cyPm.c ****          * accidentally executing an unintended instruction, it is recommended
 237:.\Generated_Source\PSoC4/cyPm.c ****          * to add 2 NOP cycles after the final write to the STOP register.
 238:.\Generated_Source\PSoC4/cyPm.c ****          */
 239:.\Generated_Source\PSoC4/cyPm.c ****         CY_NOP;
 240:.\Generated_Source\PSoC4/cyPm.c ****         CY_NOP;
 241:.\Generated_Source\PSoC4/cyPm.c **** 
 242:.\Generated_Source\PSoC4/cyPm.c ****         /* Should never get to this WFI instruction */
 243:.\Generated_Source\PSoC4/cyPm.c ****         CY_PM_WFI;
 244:.\Generated_Source\PSoC4/cyPm.c **** 
 245:.\Generated_Source\PSoC4/cyPm.c ****         /* Wakeup from Stop is performed by toggling of Wakeup pin,
 246:.\Generated_Source\PSoC4/cyPm.c ****          * causing a normal Boot procedure to occur. No need to exit
 247:.\Generated_Source\PSoC4/cyPm.c ****          * from the critical section.
 248:.\Generated_Source\PSoC4/cyPm.c ****          */
 249:.\Generated_Source\PSoC4/cyPm.c ****     }
 250:.\Generated_Source\PSoC4/cyPm.c **** 
 251:.\Generated_Source\PSoC4/cyPm.c **** 
 252:.\Generated_Source\PSoC4/cyPm.c ****     /*******************************************************************************
 253:.\Generated_Source\PSoC4/cyPm.c ****     * Function Name: CySysPmSetWakeupPolarity
 254:.\Generated_Source\PSoC4/cyPm.c ****     ********************************************************************************
 255:.\Generated_Source\PSoC4/cyPm.c ****     *
 256:.\Generated_Source\PSoC4/cyPm.c ****     * Summary:
 257:.\Generated_Source\PSoC4/cyPm.c ****     *  Wake up from the stop mode is performed by toggling the wakeup pin,
 258:.\Generated_Source\PSoC4/cyPm.c ****     *  causing a normal boot procedure to occur. This function assigns
ARM GAS  C:\Users\Sven\AppData\Local\Temp\ccR59YuM.s 			page 10


 259:.\Generated_Source\PSoC4/cyPm.c ****     *  the wakeup pin active level. Setting the wakeup pin to this level will cause
 260:.\Generated_Source\PSoC4/cyPm.c ****     *  the wakeup from stop mode. The wakeup pin is active low by default.
 261:.\Generated_Source\PSoC4/cyPm.c ****     *
 262:.\Generated_Source\PSoC4/cyPm.c ****     * Parameters:
 263:.\Generated_Source\PSoC4/cyPm.c ****     *  polarity: Wakeup pin active level:
 264:.\Generated_Source\PSoC4/cyPm.c ****     *   Value    Define                          Level
 265:.\Generated_Source\PSoC4/cyPm.c ****     *    0        CY_PM_STOP_WAKEUP_ACTIVE_LOW    Logical zero will wakeup the chip
 266:.\Generated_Source\PSoC4/cyPm.c ****     *    1        CY_PM_STOP_WAKEUP_ACTIVE_HIGH   Logical one will wakeup the chip
 267:.\Generated_Source\PSoC4/cyPm.c ****     *
 268:.\Generated_Source\PSoC4/cyPm.c ****     * Return:
 269:.\Generated_Source\PSoC4/cyPm.c ****     *  None
 270:.\Generated_Source\PSoC4/cyPm.c ****     *
 271:.\Generated_Source\PSoC4/cyPm.c ****     *******************************************************************************/
 272:.\Generated_Source\PSoC4/cyPm.c ****     void CySysPmSetWakeupPolarity(uint32 polarity)
 273:.\Generated_Source\PSoC4/cyPm.c ****     {
 244              		.loc 1 273 0
 245              		.cfi_startproc
 246              	.LVL10:
 247 0000 10B5     		push	{r4, lr}
 248              		.cfi_def_cfa_offset 8
 249              		.cfi_offset 4, -8
 250              		.cfi_offset 14, -4
 251              		.loc 1 273 0
 252 0002 041C     		mov	r4, r0
 274:.\Generated_Source\PSoC4/cyPm.c ****         uint8 interruptState;
 275:.\Generated_Source\PSoC4/cyPm.c **** 
 276:.\Generated_Source\PSoC4/cyPm.c ****         interruptState = CyEnterCriticalSection();
 253              		.loc 1 276 0
 254 0004 FFF7FEFF 		bl	CyEnterCriticalSection
 255              	.LVL11:
 256 0008 064B     		ldr	r3, .L14
 277:.\Generated_Source\PSoC4/cyPm.c **** 
 278:.\Generated_Source\PSoC4/cyPm.c ****         CY_PM_PWR_STOP_REG = (CY_PM_STOP_WAKEUP_ACTIVE_LOW != polarity) ?
 279:.\Generated_Source\PSoC4/cyPm.c ****                             (CY_PM_PWR_STOP_REG | CY_PM_PWR_STOP_POLARITY) :
 257              		.loc 1 279 0
 258 000a 1968     		ldr	r1, [r3]
 259 000c 002C     		cmp	r4, #0
 260 000e 03D0     		beq	.L11
 261              		.loc 1 279 0 is_stmt 0 discriminator 1
 262 0010 8022     		mov	r2, #128
 263 0012 5202     		lsl	r2, r2, #9
 264 0014 0A43     		orr	r2, r1
 265 0016 01E0     		b	.L12
 266              	.L11:
 267              		.loc 1 279 0 discriminator 2
 268 0018 034A     		ldr	r2, .L14+4
 269 001a 0A40     		and	r2, r1
 270              	.L12:
 278:.\Generated_Source\PSoC4/cyPm.c ****         CY_PM_PWR_STOP_REG = (CY_PM_STOP_WAKEUP_ACTIVE_LOW != polarity) ?
 271              		.loc 1 278 0 is_stmt 1
 272 001c 1A60     		str	r2, [r3]
 280:.\Generated_Source\PSoC4/cyPm.c ****                             (CY_PM_PWR_STOP_REG & (uint32) (~CY_PM_PWR_STOP_POLARITY));
 281:.\Generated_Source\PSoC4/cyPm.c **** 
 282:.\Generated_Source\PSoC4/cyPm.c ****         CyExitCriticalSection(interruptState);
 273              		.loc 1 282 0
 274 001e FFF7FEFF 		bl	CyExitCriticalSection
 275              	.LVL12:
ARM GAS  C:\Users\Sven\AppData\Local\Temp\ccR59YuM.s 			page 11


 283:.\Generated_Source\PSoC4/cyPm.c ****     }
 276              		.loc 1 283 0
 277              		@ sp needed
 278              	.LVL13:
 279 0022 10BD     		pop	{r4, pc}
 280              	.L15:
 281              		.align	2
 282              	.L14:
 283 0024 2C000B40 		.word	1074462764
 284 0028 FFFFFEFF 		.word	-65537
 285              		.cfi_endproc
 286              	.LFE4:
 287              		.size	CySysPmSetWakeupPolarity, .-CySysPmSetWakeupPolarity
 288              		.section	.text.CySysPmGetResetReason,"ax",%progbits
 289              		.align	1
 290              		.global	CySysPmGetResetReason
 291              		.code	16
 292              		.thumb_func
 293              		.type	CySysPmGetResetReason, %function
 294              	CySysPmGetResetReason:
 295              	.LFB5:
 284:.\Generated_Source\PSoC4/cyPm.c **** 
 285:.\Generated_Source\PSoC4/cyPm.c **** 
 286:.\Generated_Source\PSoC4/cyPm.c ****     /*******************************************************************************
 287:.\Generated_Source\PSoC4/cyPm.c ****     * Function Name: CySysPmGetResetReason
 288:.\Generated_Source\PSoC4/cyPm.c ****     ********************************************************************************
 289:.\Generated_Source\PSoC4/cyPm.c ****     *
 290:.\Generated_Source\PSoC4/cyPm.c ****     * Summary:
 291:.\Generated_Source\PSoC4/cyPm.c ****     *  Retrieves the last reset reason - transition from OFF/XRES/STOP/HIBERNATE to
 292:.\Generated_Source\PSoC4/cyPm.c ****     *  the RESET state. Note that waking up from STOP using XRES will be perceived
 293:.\Generated_Source\PSoC4/cyPm.c ****     *  as a general RESET.
 294:.\Generated_Source\PSoC4/cyPm.c ****     *
 295:.\Generated_Source\PSoC4/cyPm.c ****     * Parameters:
 296:.\Generated_Source\PSoC4/cyPm.c ****     *  None
 297:.\Generated_Source\PSoC4/cyPm.c ****     *
 298:.\Generated_Source\PSoC4/cyPm.c ****     * Return:
 299:.\Generated_Source\PSoC4/cyPm.c ****     *  Reset reason.
 300:.\Generated_Source\PSoC4/cyPm.c ****     *  CY_PM_RESET_REASON_UNKN        - unknown
 301:.\Generated_Source\PSoC4/cyPm.c ****     *  CY_PM_RESET_REASON_XRES        - transition from OFF/XRES to RESET
 302:.\Generated_Source\PSoC4/cyPm.c ****     *  CY_PM_RESET_REASON_WAKEUP_HIB  - transition/wakeup from HIBERNATE to RESET
 303:.\Generated_Source\PSoC4/cyPm.c ****     *  CY_PM_RESET_REASON_WAKEUP_STOP - transition/wakeup from STOP to RESET
 304:.\Generated_Source\PSoC4/cyPm.c ****     *
 305:.\Generated_Source\PSoC4/cyPm.c ****     *******************************************************************************/
 306:.\Generated_Source\PSoC4/cyPm.c ****     uint32 CySysPmGetResetReason(void)
 307:.\Generated_Source\PSoC4/cyPm.c ****     {
 296              		.loc 1 307 0
 297              		.cfi_startproc
 298              	.LVL14:
 308:.\Generated_Source\PSoC4/cyPm.c ****         uint32 reason = CY_PM_RESET_REASON_UNKN;
 309:.\Generated_Source\PSoC4/cyPm.c **** 
 310:.\Generated_Source\PSoC4/cyPm.c ****         switch(CY_PM_PWR_STOP_REG & CY_PM_PWR_STOP_TOKEN_MASK)
 299              		.loc 1 310 0
 300 0000 064B     		ldr	r3, .L22
 301 0002 1868     		ldr	r0, [r3]
 302 0004 C0B2     		uxtb	r0, r0
 303 0006 F128     		cmp	r0, #241
 304 0008 04D0     		beq	.L18
ARM GAS  C:\Users\Sven\AppData\Local\Temp\ccR59YuM.s 			page 12


 305 000a F228     		cmp	r0, #242
 306 000c 04D0     		beq	.L19
 308:.\Generated_Source\PSoC4/cyPm.c ****         uint32 reason = CY_PM_RESET_REASON_UNKN;
 307              		.loc 1 308 0
 308 000e 4342     		neg	r3, r0
 309 0010 5841     		adc	r0, r0, r3
 310 0012 02E0     		b	.L20
 311              	.L18:
 312              	.LVL15:
 311:.\Generated_Source\PSoC4/cyPm.c ****         {
 312:.\Generated_Source\PSoC4/cyPm.c ****         /* Power up, XRES */
 313:.\Generated_Source\PSoC4/cyPm.c ****         case CY_PM_PWR_STOP_TOKEN_XRES:
 314:.\Generated_Source\PSoC4/cyPm.c ****             reason = CY_PM_RESET_REASON_XRES;
 315:.\Generated_Source\PSoC4/cyPm.c ****             break;
 316:.\Generated_Source\PSoC4/cyPm.c **** 
 317:.\Generated_Source\PSoC4/cyPm.c ****         /* Wakeup from Hibernate */
 318:.\Generated_Source\PSoC4/cyPm.c ****         case CY_PM_PWR_STOP_TOKEN_HIB:
 319:.\Generated_Source\PSoC4/cyPm.c ****             reason = CY_PM_RESET_REASON_WAKEUP_HIB;
 313              		.loc 1 319 0
 314 0014 0220     		mov	r0, #2
 320:.\Generated_Source\PSoC4/cyPm.c ****             break;
 315              		.loc 1 320 0
 316 0016 00E0     		b	.L20
 317              	.LVL16:
 318              	.L19:
 321:.\Generated_Source\PSoC4/cyPm.c **** 
 322:.\Generated_Source\PSoC4/cyPm.c ****         /* Wakeup from Stop (through WAKEUP pin assert) */
 323:.\Generated_Source\PSoC4/cyPm.c ****         case CY_PM_PWR_STOP_TOKEN_STOP:
 324:.\Generated_Source\PSoC4/cyPm.c ****             reason = CY_PM_RESET_REASON_WAKEUP_STOP;
 319              		.loc 1 324 0
 320 0018 0320     		mov	r0, #3
 321              	.LVL17:
 322              	.L20:
 325:.\Generated_Source\PSoC4/cyPm.c ****             break;
 326:.\Generated_Source\PSoC4/cyPm.c **** 
 327:.\Generated_Source\PSoC4/cyPm.c ****         /* Unknown reason */
 328:.\Generated_Source\PSoC4/cyPm.c ****         default:
 329:.\Generated_Source\PSoC4/cyPm.c ****             break;
 330:.\Generated_Source\PSoC4/cyPm.c ****         }
 331:.\Generated_Source\PSoC4/cyPm.c **** 
 332:.\Generated_Source\PSoC4/cyPm.c ****         return (reason);
 333:.\Generated_Source\PSoC4/cyPm.c ****     }
 323              		.loc 1 333 0
 324              		@ sp needed
 325 001a 7047     		bx	lr
 326              	.L23:
 327              		.align	2
 328              	.L22:
 329 001c 2C000B40 		.word	1074462764
 330              		.cfi_endproc
 331              	.LFE5:
 332              		.size	CySysPmGetResetReason, .-CySysPmGetResetReason
 333              		.section	.text.CySysPmFreezeIo,"ax",%progbits
 334              		.align	1
 335              		.global	CySysPmFreezeIo
 336              		.code	16
 337              		.thumb_func
ARM GAS  C:\Users\Sven\AppData\Local\Temp\ccR59YuM.s 			page 13


 338              		.type	CySysPmFreezeIo, %function
 339              	CySysPmFreezeIo:
 340              	.LFB6:
 334:.\Generated_Source\PSoC4/cyPm.c **** 
 335:.\Generated_Source\PSoC4/cyPm.c **** 
 336:.\Generated_Source\PSoC4/cyPm.c ****     /*******************************************************************************
 337:.\Generated_Source\PSoC4/cyPm.c ****     * Function Name: CySysPmFreezeIo
 338:.\Generated_Source\PSoC4/cyPm.c ****     ********************************************************************************
 339:.\Generated_Source\PSoC4/cyPm.c ****     *
 340:.\Generated_Source\PSoC4/cyPm.c ****     * Summary:
 341:.\Generated_Source\PSoC4/cyPm.c ****     *  Freezes IO-Cells directly to save the IO-Cell state on wake up from the
 342:.\Generated_Source\PSoC4/cyPm.c ****     *  Hibernate or Stop state. It is not required to call this function before
 343:.\Generated_Source\PSoC4/cyPm.c ****     *  entering the Stop mode, since CySysPmStop() function freezes IO-Cells
 344:.\Generated_Source\PSoC4/cyPm.c ****     *  implicitly.
 345:.\Generated_Source\PSoC4/cyPm.c ****     *
 346:.\Generated_Source\PSoC4/cyPm.c ****     * Parameters:
 347:.\Generated_Source\PSoC4/cyPm.c ****     *  None
 348:.\Generated_Source\PSoC4/cyPm.c ****     *
 349:.\Generated_Source\PSoC4/cyPm.c ****     * Return:
 350:.\Generated_Source\PSoC4/cyPm.c ****     *  None
 351:.\Generated_Source\PSoC4/cyPm.c ****     *
 352:.\Generated_Source\PSoC4/cyPm.c ****     *******************************************************************************/
 353:.\Generated_Source\PSoC4/cyPm.c ****     void CySysPmFreezeIo(void)
 354:.\Generated_Source\PSoC4/cyPm.c ****     {
 341              		.loc 1 354 0
 342              		.cfi_startproc
 343 0000 08B5     		push	{r3, lr}
 344              		.cfi_def_cfa_offset 8
 345              		.cfi_offset 3, -8
 346              		.cfi_offset 14, -4
 355:.\Generated_Source\PSoC4/cyPm.c ****         uint8 interruptState;
 356:.\Generated_Source\PSoC4/cyPm.c **** 
 357:.\Generated_Source\PSoC4/cyPm.c ****         interruptState = CyEnterCriticalSection();
 347              		.loc 1 357 0
 348 0002 FFF7FEFF 		bl	CyEnterCriticalSection
 349              	.LVL18:
 358:.\Generated_Source\PSoC4/cyPm.c **** 
 359:.\Generated_Source\PSoC4/cyPm.c ****         /* Check FREEZE state to avoid recurrent IO-Cells freeze attempt,
 360:.\Generated_Source\PSoC4/cyPm.c ****          * since the second call to this function will cause accidental switch
 361:.\Generated_Source\PSoC4/cyPm.c ****          * to the STOP mode (the system will enter STOP mode immediately after
 362:.\Generated_Source\PSoC4/cyPm.c ****          * writing to STOP bit since both UNLOCK and FREEZE have been set correctly
 363:.\Generated_Source\PSoC4/cyPm.c ****          * in a previous call to this function).
 364:.\Generated_Source\PSoC4/cyPm.c ****          */
 365:.\Generated_Source\PSoC4/cyPm.c ****         if (0u == (CY_PM_PWR_STOP_REG & CY_PM_PWR_STOP_FREEZE))
 350              		.loc 1 365 0
 351 0006 084B     		ldr	r3, .L26
 352 0008 1A68     		ldr	r2, [r3]
 353 000a 9103     		lsl	r1, r2, #14
 354 000c 09D4     		bmi	.L25
 366:.\Generated_Source\PSoC4/cyPm.c ****         {
 367:.\Generated_Source\PSoC4/cyPm.c ****             /* Preserve last reset reason and disable overrides the next freeze command by peripher
 368:.\Generated_Source\PSoC4/cyPm.c ****             CY_PM_PWR_STOP_REG = CY_PM_PWR_STOP_STOP | CY_PM_PWR_STOP_FREEZE | CY_PM_PWR_STOP_UNLOC
 369:.\Generated_Source\PSoC4/cyPm.c ****                                 (CY_PM_PWR_STOP_REG & (CY_PM_PWR_STOP_TOKEN_MASK | CY_PM_PWR_STOP_P
 355              		.loc 1 369 0
 356 000e 1968     		ldr	r1, [r3]
 357 0010 064A     		ldr	r2, .L26+4
 358 0012 0A40     		and	r2, r1
ARM GAS  C:\Users\Sven\AppData\Local\Temp\ccR59YuM.s 			page 14


 368:.\Generated_Source\PSoC4/cyPm.c ****             CY_PM_PWR_STOP_REG = CY_PM_PWR_STOP_STOP | CY_PM_PWR_STOP_FREEZE | CY_PM_PWR_STOP_UNLOC
 359              		.loc 1 368 0
 360 0014 0649     		ldr	r1, .L26+8
 361 0016 0A43     		orr	r2, r1
 362 0018 1A60     		str	r2, [r3]
 370:.\Generated_Source\PSoC4/cyPm.c **** 
 371:.\Generated_Source\PSoC4/cyPm.c ****             /* If reading after writing, read this register three times to delay
 372:.\Generated_Source\PSoC4/cyPm.c ****             *  enough time for internal settling.
 373:.\Generated_Source\PSoC4/cyPm.c ****             */
 374:.\Generated_Source\PSoC4/cyPm.c ****             (void) CY_PM_PWR_STOP_REG;
 363              		.loc 1 374 0
 364 001a 1A68     		ldr	r2, [r3]
 375:.\Generated_Source\PSoC4/cyPm.c ****             (void) CY_PM_PWR_STOP_REG;
 365              		.loc 1 375 0
 366 001c 1A68     		ldr	r2, [r3]
 376:.\Generated_Source\PSoC4/cyPm.c **** 
 377:.\Generated_Source\PSoC4/cyPm.c ****             /* Second write causes the freeze of IO-Cells to save IO-Cell state */
 378:.\Generated_Source\PSoC4/cyPm.c ****             CY_PM_PWR_STOP_REG = CY_PM_PWR_STOP_REG;
 367              		.loc 1 378 0
 368 001e 1A68     		ldr	r2, [r3]
 369 0020 1A60     		str	r2, [r3]
 370              	.L25:
 379:.\Generated_Source\PSoC4/cyPm.c ****         }
 380:.\Generated_Source\PSoC4/cyPm.c **** 
 381:.\Generated_Source\PSoC4/cyPm.c ****         CyExitCriticalSection(interruptState);
 371              		.loc 1 381 0
 372 0022 FFF7FEFF 		bl	CyExitCriticalSection
 373              	.LVL19:
 382:.\Generated_Source\PSoC4/cyPm.c ****     }
 374              		.loc 1 382 0
 375              		@ sp needed
 376 0026 08BD     		pop	{r3, pc}
 377              	.L27:
 378              		.align	2
 379              	.L26:
 380 0028 2C000B40 		.word	1074462764
 381 002c FF000100 		.word	65791
 382 0030 003A0280 		.word	-2147337728
 383              		.cfi_endproc
 384              	.LFE6:
 385              		.size	CySysPmFreezeIo, .-CySysPmFreezeIo
 386              		.section	.text.CySysPmStop,"ax",%progbits
 387              		.align	1
 388              		.global	CySysPmStop
 389              		.code	16
 390              		.thumb_func
 391              		.type	CySysPmStop, %function
 392              	CySysPmStop:
 393              	.LFB3:
 222:.\Generated_Source\PSoC4/cyPm.c ****     {
 394              		.loc 1 222 0
 395              		.cfi_startproc
 396 0000 10B5     		push	{r4, lr}
 397              		.cfi_def_cfa_offset 8
 398              		.cfi_offset 4, -8
 399              		.cfi_offset 14, -4
 226:.\Generated_Source\PSoC4/cyPm.c ****         CY_PM_PWR_STOP_REG = (CY_PM_PWR_STOP_REG & CY_PM_PWR_STOP_POLARITY) | CY_PM_PWR_STOP_TOKEN_
ARM GAS  C:\Users\Sven\AppData\Local\Temp\ccR59YuM.s 			page 15


 400              		.loc 1 226 0
 401 0002 0A4C     		ldr	r4, .L29
 223:.\Generated_Source\PSoC4/cyPm.c ****         (void) CyEnterCriticalSection();
 402              		.loc 1 223 0
 403 0004 FFF7FEFF 		bl	CyEnterCriticalSection
 404              	.LVL20:
 226:.\Generated_Source\PSoC4/cyPm.c ****         CY_PM_PWR_STOP_REG = (CY_PM_PWR_STOP_REG & CY_PM_PWR_STOP_POLARITY) | CY_PM_PWR_STOP_TOKEN_
 405              		.loc 1 226 0
 406 0008 2268     		ldr	r2, [r4]
 407 000a 8023     		mov	r3, #128
 408 000c 5B02     		lsl	r3, r3, #9
 409 000e 1340     		and	r3, r2
 410 0010 F222     		mov	r2, #242
 411 0012 1343     		orr	r3, r2
 412 0014 2360     		str	r3, [r4]
 229:.\Generated_Source\PSoC4/cyPm.c ****         CySysPmFreezeIo();
 413              		.loc 1 229 0
 414 0016 FFF7FEFF 		bl	CySysPmFreezeIo
 415              	.LVL21:
 232:.\Generated_Source\PSoC4/cyPm.c ****         CY_PM_PWR_STOP_REG = CY_PM_PWR_STOP_REG | CY_PM_PWR_STOP_STOP;
 416              		.loc 1 232 0
 417 001a 2268     		ldr	r2, [r4]
 418 001c 8023     		mov	r3, #128
 419 001e 1B06     		lsl	r3, r3, #24
 420 0020 1343     		orr	r3, r2
 421 0022 2360     		str	r3, [r4]
 239:.\Generated_Source\PSoC4/cyPm.c ****         CY_NOP;
 422              		.loc 1 239 0
 423              	@ 239 ".\Generated_Source\PSoC4\cyPm.c" 1
 424 0024 C046     		NOP
 425              	
 426              	@ 0 "" 2
 240:.\Generated_Source\PSoC4/cyPm.c ****         CY_NOP;
 427              		.loc 1 240 0
 428              	@ 240 ".\Generated_Source\PSoC4\cyPm.c" 1
 429 0026 C046     		NOP
 430              	
 431              	@ 0 "" 2
 243:.\Generated_Source\PSoC4/cyPm.c ****         CY_PM_WFI;
 432              		.loc 1 243 0
 433              	@ 243 ".\Generated_Source\PSoC4\cyPm.c" 1
 434 0028 30BF     		WFI 
 435              	
 436              	@ 0 "" 2
 249:.\Generated_Source\PSoC4/cyPm.c ****     }
 437              		.loc 1 249 0
 438              		.code	16
 439              		@ sp needed
 440 002a 10BD     		pop	{r4, pc}
 441              	.L30:
 442              		.align	2
 443              	.L29:
 444 002c 2C000B40 		.word	1074462764
 445              		.cfi_endproc
 446              	.LFE3:
 447              		.size	CySysPmStop, .-CySysPmStop
 448              		.section	.text.CySysPmUnfreezeIo,"ax",%progbits
ARM GAS  C:\Users\Sven\AppData\Local\Temp\ccR59YuM.s 			page 16


 449              		.align	1
 450              		.global	CySysPmUnfreezeIo
 451              		.code	16
 452              		.thumb_func
 453              		.type	CySysPmUnfreezeIo, %function
 454              	CySysPmUnfreezeIo:
 455              	.LFB7:
 383:.\Generated_Source\PSoC4/cyPm.c **** 
 384:.\Generated_Source\PSoC4/cyPm.c **** 
 385:.\Generated_Source\PSoC4/cyPm.c ****     /*******************************************************************************
 386:.\Generated_Source\PSoC4/cyPm.c ****     * Function Name: CySysPmUnfreezeIo
 387:.\Generated_Source\PSoC4/cyPm.c ****     ********************************************************************************
 388:.\Generated_Source\PSoC4/cyPm.c ****     *
 389:.\Generated_Source\PSoC4/cyPm.c ****     * Summary:
 390:.\Generated_Source\PSoC4/cyPm.c ****     *  The IO-Cells remain frozen after awake from Hibernate or Stop mode until
 391:.\Generated_Source\PSoC4/cyPm.c ****     *  the firmware unfreezes them after booting. The call of this function
 392:.\Generated_Source\PSoC4/cyPm.c ****     *  unfreezes IO-Cells explicitly.
 393:.\Generated_Source\PSoC4/cyPm.c ****     *
 394:.\Generated_Source\PSoC4/cyPm.c ****     * Parameters:
 395:.\Generated_Source\PSoC4/cyPm.c ****     *  None
 396:.\Generated_Source\PSoC4/cyPm.c ****     *
 397:.\Generated_Source\PSoC4/cyPm.c ****     * Return:
 398:.\Generated_Source\PSoC4/cyPm.c ****     *  None
 399:.\Generated_Source\PSoC4/cyPm.c ****     *
 400:.\Generated_Source\PSoC4/cyPm.c ****     *******************************************************************************/
 401:.\Generated_Source\PSoC4/cyPm.c ****     void CySysPmUnfreezeIo(void)
 402:.\Generated_Source\PSoC4/cyPm.c ****     {
 456              		.loc 1 402 0
 457              		.cfi_startproc
 458 0000 10B5     		push	{r4, lr}
 459              		.cfi_def_cfa_offset 8
 460              		.cfi_offset 4, -8
 461              		.cfi_offset 14, -4
 403:.\Generated_Source\PSoC4/cyPm.c ****         uint8 interruptState;
 404:.\Generated_Source\PSoC4/cyPm.c **** 
 405:.\Generated_Source\PSoC4/cyPm.c ****         interruptState = CyEnterCriticalSection();
 462              		.loc 1 405 0
 463 0002 FFF7FEFF 		bl	CyEnterCriticalSection
 464              	.LVL22:
 406:.\Generated_Source\PSoC4/cyPm.c **** 
 407:.\Generated_Source\PSoC4/cyPm.c ****         /* Preserve last reset reason and wakeup polarity. Then, unfreeze I/O:
 408:.\Generated_Source\PSoC4/cyPm.c ****          * write PWR_STOP.FREEZE=0, .UNLOCK=0x3A, .STOP=0, .TOKEN
 409:.\Generated_Source\PSoC4/cyPm.c ****          */
 410:.\Generated_Source\PSoC4/cyPm.c ****         CY_PM_PWR_STOP_REG = CY_PM_PWR_STOP_UNLOCK |
 411:.\Generated_Source\PSoC4/cyPm.c ****                             (CY_PM_PWR_STOP_REG & (CY_PM_PWR_STOP_TOKEN_MASK | CY_PM_PWR_STOP_POLAR
 465              		.loc 1 411 0
 466 0006 084B     		ldr	r3, .L32
 467 0008 084A     		ldr	r2, .L32+4
 468 000a 1968     		ldr	r1, [r3]
 410:.\Generated_Source\PSoC4/cyPm.c ****         CY_PM_PWR_STOP_REG = CY_PM_PWR_STOP_UNLOCK |
 469              		.loc 1 410 0
 470 000c E824     		mov	r4, #232
 471              		.loc 1 411 0
 472 000e 1140     		and	r1, r2
 410:.\Generated_Source\PSoC4/cyPm.c ****         CY_PM_PWR_STOP_REG = CY_PM_PWR_STOP_UNLOCK |
 473              		.loc 1 410 0
 474 0010 A401     		lsl	r4, r4, #6
ARM GAS  C:\Users\Sven\AppData\Local\Temp\ccR59YuM.s 			page 17


 475 0012 2143     		orr	r1, r4
 476 0014 1960     		str	r1, [r3]
 412:.\Generated_Source\PSoC4/cyPm.c **** 
 413:.\Generated_Source\PSoC4/cyPm.c ****         /* If reading after writing, read this register three times to delay
 414:.\Generated_Source\PSoC4/cyPm.c ****         *  enough time for internal settling.
 415:.\Generated_Source\PSoC4/cyPm.c ****         */
 416:.\Generated_Source\PSoC4/cyPm.c ****         (void) CY_PM_PWR_STOP_REG;
 477              		.loc 1 416 0
 478 0016 1968     		ldr	r1, [r3]
 417:.\Generated_Source\PSoC4/cyPm.c ****         (void) CY_PM_PWR_STOP_REG;
 479              		.loc 1 417 0
 480 0018 1968     		ldr	r1, [r3]
 418:.\Generated_Source\PSoC4/cyPm.c **** 
 419:.\Generated_Source\PSoC4/cyPm.c ****         /* Lock STOP mode: write PWR_STOP.FREEZE=0, UNLOCK=0x00, STOP=0, .TOKEN */
 420:.\Generated_Source\PSoC4/cyPm.c ****         CY_PM_PWR_STOP_REG &= (CY_PM_PWR_STOP_TOKEN_MASK | CY_PM_PWR_STOP_POLARITY);
 481              		.loc 1 420 0
 482 001a 1968     		ldr	r1, [r3]
 421:.\Generated_Source\PSoC4/cyPm.c **** 
 422:.\Generated_Source\PSoC4/cyPm.c ****         CyExitCriticalSection(interruptState);
 423:.\Generated_Source\PSoC4/cyPm.c ****     }
 483              		.loc 1 423 0
 484              		@ sp needed
 420:.\Generated_Source\PSoC4/cyPm.c ****         CY_PM_PWR_STOP_REG &= (CY_PM_PWR_STOP_TOKEN_MASK | CY_PM_PWR_STOP_POLARITY);
 485              		.loc 1 420 0
 486 001c 0A40     		and	r2, r1
 487 001e 1A60     		str	r2, [r3]
 422:.\Generated_Source\PSoC4/cyPm.c ****         CyExitCriticalSection(interruptState);
 488              		.loc 1 422 0
 489 0020 FFF7FEFF 		bl	CyExitCriticalSection
 490              	.LVL23:
 491              		.loc 1 423 0
 492 0024 10BD     		pop	{r4, pc}
 493              	.L33:
 494 0026 C046     		.align	2
 495              	.L32:
 496 0028 2C000B40 		.word	1074462764
 497 002c FF000100 		.word	65791
 498              		.cfi_endproc
 499              	.LFE7:
 500              		.size	CySysPmUnfreezeIo, .-CySysPmUnfreezeIo
 501              		.text
 502              	.Letext0:
 503              		.file 2 ".\\Generated_Source\\PSoC4\\cytypes.h"
 504              		.file 3 ".\\Generated_Source\\PSoC4\\CyLib.h"
 505              		.section	.debug_info,"",%progbits
 506              	.Ldebug_info0:
 507 0000 CC020000 		.4byte	0x2cc
 508 0004 0400     		.2byte	0x4
 509 0006 00000000 		.4byte	.Ldebug_abbrev0
 510 000a 04       		.byte	0x4
 511 000b 01       		.uleb128 0x1
 512 000c EF010000 		.4byte	.LASF28
 513 0010 01       		.byte	0x1
 514 0011 C5010000 		.4byte	.LASF29
 515 0015 0C000000 		.4byte	.LASF30
 516 0019 00000000 		.4byte	.Ldebug_ranges0+0
 517 001d 00000000 		.4byte	0
ARM GAS  C:\Users\Sven\AppData\Local\Temp\ccR59YuM.s 			page 18


 518 0021 00000000 		.4byte	.Ldebug_line0
 519 0025 02       		.uleb128 0x2
 520 0026 01       		.byte	0x1
 521 0027 06       		.byte	0x6
 522 0028 98020000 		.4byte	.LASF0
 523 002c 02       		.uleb128 0x2
 524 002d 01       		.byte	0x1
 525 002e 08       		.byte	0x8
 526 002f BD000000 		.4byte	.LASF1
 527 0033 02       		.uleb128 0x2
 528 0034 02       		.byte	0x2
 529 0035 05       		.byte	0x5
 530 0036 E5010000 		.4byte	.LASF2
 531 003a 02       		.uleb128 0x2
 532 003b 02       		.byte	0x2
 533 003c 07       		.byte	0x7
 534 003d 7C000000 		.4byte	.LASF3
 535 0041 02       		.uleb128 0x2
 536 0042 04       		.byte	0x4
 537 0043 05       		.byte	0x5
 538 0044 8F020000 		.4byte	.LASF4
 539 0048 02       		.uleb128 0x2
 540 0049 04       		.byte	0x4
 541 004a 07       		.byte	0x7
 542 004b DA000000 		.4byte	.LASF5
 543 004f 02       		.uleb128 0x2
 544 0050 08       		.byte	0x8
 545 0051 05       		.byte	0x5
 546 0052 A5010000 		.4byte	.LASF6
 547 0056 02       		.uleb128 0x2
 548 0057 08       		.byte	0x8
 549 0058 07       		.byte	0x7
 550 0059 A6000000 		.4byte	.LASF7
 551 005d 03       		.uleb128 0x3
 552 005e 04       		.byte	0x4
 553 005f 05       		.byte	0x5
 554 0060 696E7400 		.ascii	"int\000"
 555 0064 02       		.uleb128 0x2
 556 0065 04       		.byte	0x4
 557 0066 07       		.byte	0x7
 558 0067 3C010000 		.4byte	.LASF8
 559 006b 04       		.uleb128 0x4
 560 006c EC000000 		.4byte	.LASF9
 561 0070 02       		.byte	0x2
 562 0071 A1       		.byte	0xa1
 563 0072 2C000000 		.4byte	0x2c
 564 0076 04       		.uleb128 0x4
 565 0077 17010000 		.4byte	.LASF10
 566 007b 02       		.byte	0x2
 567 007c A2       		.byte	0xa2
 568 007d 3A000000 		.4byte	0x3a
 569 0081 04       		.uleb128 0x4
 570 0082 1E010000 		.4byte	.LASF11
 571 0086 02       		.byte	0x2
 572 0087 A3       		.byte	0xa3
 573 0088 48000000 		.4byte	0x48
 574 008c 02       		.uleb128 0x2
ARM GAS  C:\Users\Sven\AppData\Local\Temp\ccR59YuM.s 			page 19


 575 008d 04       		.byte	0x4
 576 008e 04       		.byte	0x4
 577 008f A0000000 		.4byte	.LASF12
 578 0093 02       		.uleb128 0x2
 579 0094 08       		.byte	0x8
 580 0095 04       		.byte	0x4
 581 0096 FE000000 		.4byte	.LASF13
 582 009a 02       		.uleb128 0x2
 583 009b 01       		.byte	0x1
 584 009c 08       		.byte	0x8
 585 009d B3010000 		.4byte	.LASF14
 586 00a1 05       		.uleb128 0x5
 587 00a2 00000000 		.4byte	.LASF15
 588 00a6 02       		.byte	0x2
 589 00a7 4C01     		.2byte	0x14c
 590 00a9 AD000000 		.4byte	0xad
 591 00ad 06       		.uleb128 0x6
 592 00ae 76000000 		.4byte	0x76
 593 00b2 05       		.uleb128 0x5
 594 00b3 06000000 		.4byte	.LASF16
 595 00b7 02       		.byte	0x2
 596 00b8 4D01     		.2byte	0x14d
 597 00ba BE000000 		.4byte	0xbe
 598 00be 06       		.uleb128 0x6
 599 00bf 81000000 		.4byte	0x81
 600 00c3 02       		.uleb128 0x2
 601 00c4 04       		.byte	0x4
 602 00c5 07       		.byte	0x7
 603 00c6 9C010000 		.4byte	.LASF17
 604 00ca 07       		.uleb128 0x7
 605 00cb 6F000000 		.4byte	.LASF18
 606 00cf 01       		.byte	0x1
 607 00d0 28       		.byte	0x28
 608 00d1 00000000 		.4byte	.LFB0
 609 00d5 1C000000 		.4byte	.LFE0-.LFB0
 610 00d9 01       		.uleb128 0x1
 611 00da 9C       		.byte	0x9c
 612 00db 01010000 		.4byte	0x101
 613 00df 08       		.uleb128 0x8
 614 00e0 CB000000 		.4byte	.LASF20
 615 00e4 01       		.byte	0x1
 616 00e5 2A       		.byte	0x2a
 617 00e6 6B000000 		.4byte	0x6b
 618 00ea 00000000 		.4byte	.LLST0
 619 00ee 09       		.uleb128 0x9
 620 00ef 06000000 		.4byte	.LVL0
 621 00f3 A6020000 		.4byte	0x2a6
 622 00f7 09       		.uleb128 0x9
 623 00f8 16000000 		.4byte	.LVL1
 624 00fc B1020000 		.4byte	0x2b1
 625 0100 00       		.byte	0
 626 0101 07       		.uleb128 0x7
 627 0102 7E020000 		.4byte	.LASF19
 628 0106 01       		.byte	0x1
 629 0107 4E       		.byte	0x4e
 630 0108 00000000 		.4byte	.LFB1
 631 010c 68000000 		.4byte	.LFE1-.LFB1
ARM GAS  C:\Users\Sven\AppData\Local\Temp\ccR59YuM.s 			page 20


 632 0110 01       		.uleb128 0x1
 633 0111 9C       		.byte	0x9c
 634 0112 61010000 		.4byte	0x161
 635 0116 08       		.uleb128 0x8
 636 0117 CB000000 		.4byte	.LASF20
 637 011b 01       		.byte	0x1
 638 011c 50       		.byte	0x50
 639 011d 6B000000 		.4byte	0x6b
 640 0121 13000000 		.4byte	.LLST1
 641 0125 0A       		.uleb128 0xa
 642 0126 B8010000 		.4byte	.LASF21
 643 012a 01       		.byte	0x1
 644 012b 52       		.byte	0x52
 645 012c BE000000 		.4byte	0xbe
 646 0130 02       		.uleb128 0x2
 647 0131 91       		.byte	0x91
 648 0132 64       		.sleb128 -28
 649 0133 09       		.uleb128 0x9
 650 0134 06000000 		.4byte	.LVL2
 651 0138 A6020000 		.4byte	0x2a6
 652 013c 0B       		.uleb128 0xb
 653 013d 3E000000 		.4byte	.LVL5
 654 0141 C2020000 		.4byte	0x2c2
 655 0145 50010000 		.4byte	0x150
 656 0149 0C       		.uleb128 0xc
 657 014a 01       		.uleb128 0x1
 658 014b 50       		.byte	0x50
 659 014c 02       		.uleb128 0x2
 660 014d 75       		.byte	0x75
 661 014e 00       		.sleb128 0
 662 014f 00       		.byte	0
 663 0150 0D       		.uleb128 0xd
 664 0151 50000000 		.4byte	.LVL6
 665 0155 B1020000 		.4byte	0x2b1
 666 0159 0C       		.uleb128 0xc
 667 015a 01       		.uleb128 0x1
 668 015b 50       		.byte	0x50
 669 015c 02       		.uleb128 0x2
 670 015d 77       		.byte	0x77
 671 015e 00       		.sleb128 0
 672 015f 00       		.byte	0
 673 0160 00       		.byte	0
 674 0161 07       		.uleb128 0x7
 675 0162 8F000000 		.4byte	.LASF22
 676 0166 01       		.byte	0x1
 677 0167 A0       		.byte	0xa0
 678 0168 00000000 		.4byte	.LFB2
 679 016c 50000000 		.4byte	.LFE2-.LFB2
 680 0170 01       		.uleb128 0x1
 681 0171 9C       		.byte	0x9c
 682 0172 98010000 		.4byte	0x198
 683 0176 08       		.uleb128 0x8
 684 0177 CB000000 		.4byte	.LASF20
 685 017b 01       		.byte	0x1
 686 017c A2       		.byte	0xa2
 687 017d 6B000000 		.4byte	0x6b
 688 0181 31000000 		.4byte	.LLST2
ARM GAS  C:\Users\Sven\AppData\Local\Temp\ccR59YuM.s 			page 21


 689 0185 09       		.uleb128 0x9
 690 0186 06000000 		.4byte	.LVL8
 691 018a A6020000 		.4byte	0x2a6
 692 018e 09       		.uleb128 0x9
 693 018f 3A000000 		.4byte	.LVL9
 694 0193 B1020000 		.4byte	0x2b1
 695 0197 00       		.byte	0
 696 0198 0E       		.uleb128 0xe
 697 0199 56000000 		.4byte	.LASF23
 698 019d 01       		.byte	0x1
 699 019e 1001     		.2byte	0x110
 700 01a0 00000000 		.4byte	.LFB4
 701 01a4 2C000000 		.4byte	.LFE4-.LFB4
 702 01a8 01       		.uleb128 0x1
 703 01a9 9C       		.byte	0x9c
 704 01aa E1010000 		.4byte	0x1e1
 705 01ae 0F       		.uleb128 0xf
 706 01af 7D010000 		.4byte	.LASF31
 707 01b3 01       		.byte	0x1
 708 01b4 1001     		.2byte	0x110
 709 01b6 81000000 		.4byte	0x81
 710 01ba 44000000 		.4byte	.LLST3
 711 01be 10       		.uleb128 0x10
 712 01bf CB000000 		.4byte	.LASF20
 713 01c3 01       		.byte	0x1
 714 01c4 1201     		.2byte	0x112
 715 01c6 6B000000 		.4byte	0x6b
 716 01ca 70000000 		.4byte	.LLST4
 717 01ce 09       		.uleb128 0x9
 718 01cf 08000000 		.4byte	.LVL11
 719 01d3 A6020000 		.4byte	0x2a6
 720 01d7 09       		.uleb128 0x9
 721 01d8 22000000 		.4byte	.LVL12
 722 01dc B1020000 		.4byte	0x2b1
 723 01e0 00       		.byte	0
 724 01e1 11       		.uleb128 0x11
 725 01e2 86010000 		.4byte	.LASF32
 726 01e6 01       		.byte	0x1
 727 01e7 3201     		.2byte	0x132
 728 01e9 81000000 		.4byte	0x81
 729 01ed 00000000 		.4byte	.LFB5
 730 01f1 20000000 		.4byte	.LFE5-.LFB5
 731 01f5 01       		.uleb128 0x1
 732 01f6 9C       		.byte	0x9c
 733 01f7 0C020000 		.4byte	0x20c
 734 01fb 10       		.uleb128 0x10
 735 01fc 76010000 		.4byte	.LASF24
 736 0200 01       		.byte	0x1
 737 0201 3401     		.2byte	0x134
 738 0203 81000000 		.4byte	0x81
 739 0207 83000000 		.4byte	.LLST5
 740 020b 00       		.byte	0
 741 020c 0E       		.uleb128 0xe
 742 020d A4020000 		.4byte	.LASF25
 743 0211 01       		.byte	0x1
 744 0212 6101     		.2byte	0x161
 745 0214 00000000 		.4byte	.LFB6
ARM GAS  C:\Users\Sven\AppData\Local\Temp\ccR59YuM.s 			page 22


 746 0218 34000000 		.4byte	.LFE6-.LFB6
 747 021c 01       		.uleb128 0x1
 748 021d 9C       		.byte	0x9c
 749 021e 45020000 		.4byte	0x245
 750 0222 10       		.uleb128 0x10
 751 0223 CB000000 		.4byte	.LASF20
 752 0227 01       		.byte	0x1
 753 0228 6301     		.2byte	0x163
 754 022a 6B000000 		.4byte	0x6b
 755 022e BA000000 		.4byte	.LLST6
 756 0232 09       		.uleb128 0x9
 757 0233 06000000 		.4byte	.LVL18
 758 0237 A6020000 		.4byte	0x2a6
 759 023b 09       		.uleb128 0x9
 760 023c 26000000 		.4byte	.LVL19
 761 0240 B1020000 		.4byte	0x2b1
 762 0244 00       		.byte	0
 763 0245 07       		.uleb128 0x7
 764 0246 F2000000 		.4byte	.LASF26
 765 024a 01       		.byte	0x1
 766 024b DD       		.byte	0xdd
 767 024c 00000000 		.4byte	.LFB3
 768 0250 30000000 		.4byte	.LFE3-.LFB3
 769 0254 01       		.uleb128 0x1
 770 0255 9C       		.byte	0x9c
 771 0256 6D020000 		.4byte	0x26d
 772 025a 09       		.uleb128 0x9
 773 025b 08000000 		.4byte	.LVL20
 774 025f A6020000 		.4byte	0x2a6
 775 0263 09       		.uleb128 0x9
 776 0264 1A000000 		.4byte	.LVL21
 777 0268 0C020000 		.4byte	0x20c
 778 026c 00       		.byte	0
 779 026d 0E       		.uleb128 0xe
 780 026e 05010000 		.4byte	.LASF27
 781 0272 01       		.byte	0x1
 782 0273 9101     		.2byte	0x191
 783 0275 00000000 		.4byte	.LFB7
 784 0279 30000000 		.4byte	.LFE7-.LFB7
 785 027d 01       		.uleb128 0x1
 786 027e 9C       		.byte	0x9c
 787 027f A6020000 		.4byte	0x2a6
 788 0283 10       		.uleb128 0x10
 789 0284 CB000000 		.4byte	.LASF20
 790 0288 01       		.byte	0x1
 791 0289 9301     		.2byte	0x193
 792 028b 6B000000 		.4byte	0x6b
 793 028f CD000000 		.4byte	.LLST7
 794 0293 09       		.uleb128 0x9
 795 0294 06000000 		.4byte	.LVL22
 796 0298 A6020000 		.4byte	0x2a6
 797 029c 09       		.uleb128 0x9
 798 029d 24000000 		.4byte	.LVL23
 799 02a1 B1020000 		.4byte	0x2b1
 800 02a5 00       		.byte	0
 801 02a6 12       		.uleb128 0x12
 802 02a7 25010000 		.4byte	.LASF33
ARM GAS  C:\Users\Sven\AppData\Local\Temp\ccR59YuM.s 			page 23


 803 02ab 03       		.byte	0x3
 804 02ac 82       		.byte	0x82
 805 02ad 6B000000 		.4byte	0x6b
 806 02b1 13       		.uleb128 0x13
 807 02b2 49010000 		.4byte	.LASF34
 808 02b6 03       		.byte	0x3
 809 02b7 83       		.byte	0x83
 810 02b8 C2020000 		.4byte	0x2c2
 811 02bc 14       		.uleb128 0x14
 812 02bd 6B000000 		.4byte	0x6b
 813 02c1 00       		.byte	0
 814 02c2 15       		.uleb128 0x15
 815 02c3 5F010000 		.4byte	.LASF35
 816 02c7 03       		.byte	0x3
 817 02c8 2C       		.byte	0x2c
 818 02c9 14       		.uleb128 0x14
 819 02ca 81000000 		.4byte	0x81
 820 02ce 00       		.byte	0
 821 02cf 00       		.byte	0
 822              		.section	.debug_abbrev,"",%progbits
 823              	.Ldebug_abbrev0:
 824 0000 01       		.uleb128 0x1
 825 0001 11       		.uleb128 0x11
 826 0002 01       		.byte	0x1
 827 0003 25       		.uleb128 0x25
 828 0004 0E       		.uleb128 0xe
 829 0005 13       		.uleb128 0x13
 830 0006 0B       		.uleb128 0xb
 831 0007 03       		.uleb128 0x3
 832 0008 0E       		.uleb128 0xe
 833 0009 1B       		.uleb128 0x1b
 834 000a 0E       		.uleb128 0xe
 835 000b 55       		.uleb128 0x55
 836 000c 17       		.uleb128 0x17
 837 000d 11       		.uleb128 0x11
 838 000e 01       		.uleb128 0x1
 839 000f 10       		.uleb128 0x10
 840 0010 17       		.uleb128 0x17
 841 0011 00       		.byte	0
 842 0012 00       		.byte	0
 843 0013 02       		.uleb128 0x2
 844 0014 24       		.uleb128 0x24
 845 0015 00       		.byte	0
 846 0016 0B       		.uleb128 0xb
 847 0017 0B       		.uleb128 0xb
 848 0018 3E       		.uleb128 0x3e
 849 0019 0B       		.uleb128 0xb
 850 001a 03       		.uleb128 0x3
 851 001b 0E       		.uleb128 0xe
 852 001c 00       		.byte	0
 853 001d 00       		.byte	0
 854 001e 03       		.uleb128 0x3
 855 001f 24       		.uleb128 0x24
 856 0020 00       		.byte	0
 857 0021 0B       		.uleb128 0xb
 858 0022 0B       		.uleb128 0xb
 859 0023 3E       		.uleb128 0x3e
ARM GAS  C:\Users\Sven\AppData\Local\Temp\ccR59YuM.s 			page 24


 860 0024 0B       		.uleb128 0xb
 861 0025 03       		.uleb128 0x3
 862 0026 08       		.uleb128 0x8
 863 0027 00       		.byte	0
 864 0028 00       		.byte	0
 865 0029 04       		.uleb128 0x4
 866 002a 16       		.uleb128 0x16
 867 002b 00       		.byte	0
 868 002c 03       		.uleb128 0x3
 869 002d 0E       		.uleb128 0xe
 870 002e 3A       		.uleb128 0x3a
 871 002f 0B       		.uleb128 0xb
 872 0030 3B       		.uleb128 0x3b
 873 0031 0B       		.uleb128 0xb
 874 0032 49       		.uleb128 0x49
 875 0033 13       		.uleb128 0x13
 876 0034 00       		.byte	0
 877 0035 00       		.byte	0
 878 0036 05       		.uleb128 0x5
 879 0037 16       		.uleb128 0x16
 880 0038 00       		.byte	0
 881 0039 03       		.uleb128 0x3
 882 003a 0E       		.uleb128 0xe
 883 003b 3A       		.uleb128 0x3a
 884 003c 0B       		.uleb128 0xb
 885 003d 3B       		.uleb128 0x3b
 886 003e 05       		.uleb128 0x5
 887 003f 49       		.uleb128 0x49
 888 0040 13       		.uleb128 0x13
 889 0041 00       		.byte	0
 890 0042 00       		.byte	0
 891 0043 06       		.uleb128 0x6
 892 0044 35       		.uleb128 0x35
 893 0045 00       		.byte	0
 894 0046 49       		.uleb128 0x49
 895 0047 13       		.uleb128 0x13
 896 0048 00       		.byte	0
 897 0049 00       		.byte	0
 898 004a 07       		.uleb128 0x7
 899 004b 2E       		.uleb128 0x2e
 900 004c 01       		.byte	0x1
 901 004d 3F       		.uleb128 0x3f
 902 004e 19       		.uleb128 0x19
 903 004f 03       		.uleb128 0x3
 904 0050 0E       		.uleb128 0xe
 905 0051 3A       		.uleb128 0x3a
 906 0052 0B       		.uleb128 0xb
 907 0053 3B       		.uleb128 0x3b
 908 0054 0B       		.uleb128 0xb
 909 0055 27       		.uleb128 0x27
 910 0056 19       		.uleb128 0x19
 911 0057 11       		.uleb128 0x11
 912 0058 01       		.uleb128 0x1
 913 0059 12       		.uleb128 0x12
 914 005a 06       		.uleb128 0x6
 915 005b 40       		.uleb128 0x40
 916 005c 18       		.uleb128 0x18
ARM GAS  C:\Users\Sven\AppData\Local\Temp\ccR59YuM.s 			page 25


 917 005d 9742     		.uleb128 0x2117
 918 005f 19       		.uleb128 0x19
 919 0060 01       		.uleb128 0x1
 920 0061 13       		.uleb128 0x13
 921 0062 00       		.byte	0
 922 0063 00       		.byte	0
 923 0064 08       		.uleb128 0x8
 924 0065 34       		.uleb128 0x34
 925 0066 00       		.byte	0
 926 0067 03       		.uleb128 0x3
 927 0068 0E       		.uleb128 0xe
 928 0069 3A       		.uleb128 0x3a
 929 006a 0B       		.uleb128 0xb
 930 006b 3B       		.uleb128 0x3b
 931 006c 0B       		.uleb128 0xb
 932 006d 49       		.uleb128 0x49
 933 006e 13       		.uleb128 0x13
 934 006f 02       		.uleb128 0x2
 935 0070 17       		.uleb128 0x17
 936 0071 00       		.byte	0
 937 0072 00       		.byte	0
 938 0073 09       		.uleb128 0x9
 939 0074 898201   		.uleb128 0x4109
 940 0077 00       		.byte	0
 941 0078 11       		.uleb128 0x11
 942 0079 01       		.uleb128 0x1
 943 007a 31       		.uleb128 0x31
 944 007b 13       		.uleb128 0x13
 945 007c 00       		.byte	0
 946 007d 00       		.byte	0
 947 007e 0A       		.uleb128 0xa
 948 007f 34       		.uleb128 0x34
 949 0080 00       		.byte	0
 950 0081 03       		.uleb128 0x3
 951 0082 0E       		.uleb128 0xe
 952 0083 3A       		.uleb128 0x3a
 953 0084 0B       		.uleb128 0xb
 954 0085 3B       		.uleb128 0x3b
 955 0086 0B       		.uleb128 0xb
 956 0087 49       		.uleb128 0x49
 957 0088 13       		.uleb128 0x13
 958 0089 02       		.uleb128 0x2
 959 008a 18       		.uleb128 0x18
 960 008b 00       		.byte	0
 961 008c 00       		.byte	0
 962 008d 0B       		.uleb128 0xb
 963 008e 898201   		.uleb128 0x4109
 964 0091 01       		.byte	0x1
 965 0092 11       		.uleb128 0x11
 966 0093 01       		.uleb128 0x1
 967 0094 31       		.uleb128 0x31
 968 0095 13       		.uleb128 0x13
 969 0096 01       		.uleb128 0x1
 970 0097 13       		.uleb128 0x13
 971 0098 00       		.byte	0
 972 0099 00       		.byte	0
 973 009a 0C       		.uleb128 0xc
ARM GAS  C:\Users\Sven\AppData\Local\Temp\ccR59YuM.s 			page 26


 974 009b 8A8201   		.uleb128 0x410a
 975 009e 00       		.byte	0
 976 009f 02       		.uleb128 0x2
 977 00a0 18       		.uleb128 0x18
 978 00a1 9142     		.uleb128 0x2111
 979 00a3 18       		.uleb128 0x18
 980 00a4 00       		.byte	0
 981 00a5 00       		.byte	0
 982 00a6 0D       		.uleb128 0xd
 983 00a7 898201   		.uleb128 0x4109
 984 00aa 01       		.byte	0x1
 985 00ab 11       		.uleb128 0x11
 986 00ac 01       		.uleb128 0x1
 987 00ad 31       		.uleb128 0x31
 988 00ae 13       		.uleb128 0x13
 989 00af 00       		.byte	0
 990 00b0 00       		.byte	0
 991 00b1 0E       		.uleb128 0xe
 992 00b2 2E       		.uleb128 0x2e
 993 00b3 01       		.byte	0x1
 994 00b4 3F       		.uleb128 0x3f
 995 00b5 19       		.uleb128 0x19
 996 00b6 03       		.uleb128 0x3
 997 00b7 0E       		.uleb128 0xe
 998 00b8 3A       		.uleb128 0x3a
 999 00b9 0B       		.uleb128 0xb
 1000 00ba 3B       		.uleb128 0x3b
 1001 00bb 05       		.uleb128 0x5
 1002 00bc 27       		.uleb128 0x27
 1003 00bd 19       		.uleb128 0x19
 1004 00be 11       		.uleb128 0x11
 1005 00bf 01       		.uleb128 0x1
 1006 00c0 12       		.uleb128 0x12
 1007 00c1 06       		.uleb128 0x6
 1008 00c2 40       		.uleb128 0x40
 1009 00c3 18       		.uleb128 0x18
 1010 00c4 9742     		.uleb128 0x2117
 1011 00c6 19       		.uleb128 0x19
 1012 00c7 01       		.uleb128 0x1
 1013 00c8 13       		.uleb128 0x13
 1014 00c9 00       		.byte	0
 1015 00ca 00       		.byte	0
 1016 00cb 0F       		.uleb128 0xf
 1017 00cc 05       		.uleb128 0x5
 1018 00cd 00       		.byte	0
 1019 00ce 03       		.uleb128 0x3
 1020 00cf 0E       		.uleb128 0xe
 1021 00d0 3A       		.uleb128 0x3a
 1022 00d1 0B       		.uleb128 0xb
 1023 00d2 3B       		.uleb128 0x3b
 1024 00d3 05       		.uleb128 0x5
 1025 00d4 49       		.uleb128 0x49
 1026 00d5 13       		.uleb128 0x13
 1027 00d6 02       		.uleb128 0x2
 1028 00d7 17       		.uleb128 0x17
 1029 00d8 00       		.byte	0
 1030 00d9 00       		.byte	0
ARM GAS  C:\Users\Sven\AppData\Local\Temp\ccR59YuM.s 			page 27


 1031 00da 10       		.uleb128 0x10
 1032 00db 34       		.uleb128 0x34
 1033 00dc 00       		.byte	0
 1034 00dd 03       		.uleb128 0x3
 1035 00de 0E       		.uleb128 0xe
 1036 00df 3A       		.uleb128 0x3a
 1037 00e0 0B       		.uleb128 0xb
 1038 00e1 3B       		.uleb128 0x3b
 1039 00e2 05       		.uleb128 0x5
 1040 00e3 49       		.uleb128 0x49
 1041 00e4 13       		.uleb128 0x13
 1042 00e5 02       		.uleb128 0x2
 1043 00e6 17       		.uleb128 0x17
 1044 00e7 00       		.byte	0
 1045 00e8 00       		.byte	0
 1046 00e9 11       		.uleb128 0x11
 1047 00ea 2E       		.uleb128 0x2e
 1048 00eb 01       		.byte	0x1
 1049 00ec 3F       		.uleb128 0x3f
 1050 00ed 19       		.uleb128 0x19
 1051 00ee 03       		.uleb128 0x3
 1052 00ef 0E       		.uleb128 0xe
 1053 00f0 3A       		.uleb128 0x3a
 1054 00f1 0B       		.uleb128 0xb
 1055 00f2 3B       		.uleb128 0x3b
 1056 00f3 05       		.uleb128 0x5
 1057 00f4 27       		.uleb128 0x27
 1058 00f5 19       		.uleb128 0x19
 1059 00f6 49       		.uleb128 0x49
 1060 00f7 13       		.uleb128 0x13
 1061 00f8 11       		.uleb128 0x11
 1062 00f9 01       		.uleb128 0x1
 1063 00fa 12       		.uleb128 0x12
 1064 00fb 06       		.uleb128 0x6
 1065 00fc 40       		.uleb128 0x40
 1066 00fd 18       		.uleb128 0x18
 1067 00fe 9742     		.uleb128 0x2117
 1068 0100 19       		.uleb128 0x19
 1069 0101 01       		.uleb128 0x1
 1070 0102 13       		.uleb128 0x13
 1071 0103 00       		.byte	0
 1072 0104 00       		.byte	0
 1073 0105 12       		.uleb128 0x12
 1074 0106 2E       		.uleb128 0x2e
 1075 0107 00       		.byte	0
 1076 0108 3F       		.uleb128 0x3f
 1077 0109 19       		.uleb128 0x19
 1078 010a 03       		.uleb128 0x3
 1079 010b 0E       		.uleb128 0xe
 1080 010c 3A       		.uleb128 0x3a
 1081 010d 0B       		.uleb128 0xb
 1082 010e 3B       		.uleb128 0x3b
 1083 010f 0B       		.uleb128 0xb
 1084 0110 27       		.uleb128 0x27
 1085 0111 19       		.uleb128 0x19
 1086 0112 49       		.uleb128 0x49
 1087 0113 13       		.uleb128 0x13
ARM GAS  C:\Users\Sven\AppData\Local\Temp\ccR59YuM.s 			page 28


 1088 0114 3C       		.uleb128 0x3c
 1089 0115 19       		.uleb128 0x19
 1090 0116 00       		.byte	0
 1091 0117 00       		.byte	0
 1092 0118 13       		.uleb128 0x13
 1093 0119 2E       		.uleb128 0x2e
 1094 011a 01       		.byte	0x1
 1095 011b 3F       		.uleb128 0x3f
 1096 011c 19       		.uleb128 0x19
 1097 011d 03       		.uleb128 0x3
 1098 011e 0E       		.uleb128 0xe
 1099 011f 3A       		.uleb128 0x3a
 1100 0120 0B       		.uleb128 0xb
 1101 0121 3B       		.uleb128 0x3b
 1102 0122 0B       		.uleb128 0xb
 1103 0123 27       		.uleb128 0x27
 1104 0124 19       		.uleb128 0x19
 1105 0125 3C       		.uleb128 0x3c
 1106 0126 19       		.uleb128 0x19
 1107 0127 01       		.uleb128 0x1
 1108 0128 13       		.uleb128 0x13
 1109 0129 00       		.byte	0
 1110 012a 00       		.byte	0
 1111 012b 14       		.uleb128 0x14
 1112 012c 05       		.uleb128 0x5
 1113 012d 00       		.byte	0
 1114 012e 49       		.uleb128 0x49
 1115 012f 13       		.uleb128 0x13
 1116 0130 00       		.byte	0
 1117 0131 00       		.byte	0
 1118 0132 15       		.uleb128 0x15
 1119 0133 2E       		.uleb128 0x2e
 1120 0134 01       		.byte	0x1
 1121 0135 3F       		.uleb128 0x3f
 1122 0136 19       		.uleb128 0x19
 1123 0137 03       		.uleb128 0x3
 1124 0138 0E       		.uleb128 0xe
 1125 0139 3A       		.uleb128 0x3a
 1126 013a 0B       		.uleb128 0xb
 1127 013b 3B       		.uleb128 0x3b
 1128 013c 0B       		.uleb128 0xb
 1129 013d 27       		.uleb128 0x27
 1130 013e 19       		.uleb128 0x19
 1131 013f 3C       		.uleb128 0x3c
 1132 0140 19       		.uleb128 0x19
 1133 0141 00       		.byte	0
 1134 0142 00       		.byte	0
 1135 0143 00       		.byte	0
 1136              		.section	.debug_loc,"",%progbits
 1137              	.Ldebug_loc0:
 1138              	.LLST0:
 1139 0000 06000000 		.4byte	.LVL0
 1140 0004 15000000 		.4byte	.LVL1-1
 1141 0008 0100     		.2byte	0x1
 1142 000a 50       		.byte	0x50
 1143 000b 00000000 		.4byte	0
 1144 000f 00000000 		.4byte	0
ARM GAS  C:\Users\Sven\AppData\Local\Temp\ccR59YuM.s 			page 29


 1145              	.LLST1:
 1146 0013 30000000 		.4byte	.LVL3
 1147 0017 38000000 		.4byte	.LVL4
 1148 001b 0100     		.2byte	0x1
 1149 001d 50       		.byte	0x50
 1150 001e 38000000 		.4byte	.LVL4
 1151 0022 50000000 		.4byte	.LVL7
 1152 0026 0100     		.2byte	0x1
 1153 0028 57       		.byte	0x57
 1154 0029 00000000 		.4byte	0
 1155 002d 00000000 		.4byte	0
 1156              	.LLST2:
 1157 0031 06000000 		.4byte	.LVL8
 1158 0035 39000000 		.4byte	.LVL9-1
 1159 0039 0100     		.2byte	0x1
 1160 003b 50       		.byte	0x50
 1161 003c 00000000 		.4byte	0
 1162 0040 00000000 		.4byte	0
 1163              	.LLST3:
 1164 0044 00000000 		.4byte	.LVL10
 1165 0048 07000000 		.4byte	.LVL11-1
 1166 004c 0100     		.2byte	0x1
 1167 004e 50       		.byte	0x50
 1168 004f 07000000 		.4byte	.LVL11-1
 1169 0053 22000000 		.4byte	.LVL13
 1170 0057 0100     		.2byte	0x1
 1171 0059 54       		.byte	0x54
 1172 005a 22000000 		.4byte	.LVL13
 1173 005e 2C000000 		.4byte	.LFE4
 1174 0062 0400     		.2byte	0x4
 1175 0064 F3       		.byte	0xf3
 1176 0065 01       		.uleb128 0x1
 1177 0066 50       		.byte	0x50
 1178 0067 9F       		.byte	0x9f
 1179 0068 00000000 		.4byte	0
 1180 006c 00000000 		.4byte	0
 1181              	.LLST4:
 1182 0070 08000000 		.4byte	.LVL11
 1183 0074 21000000 		.4byte	.LVL12-1
 1184 0078 0100     		.2byte	0x1
 1185 007a 50       		.byte	0x50
 1186 007b 00000000 		.4byte	0
 1187 007f 00000000 		.4byte	0
 1188              	.LLST5:
 1189 0083 00000000 		.4byte	.LVL14
 1190 0087 14000000 		.4byte	.LVL15
 1191 008b 0200     		.2byte	0x2
 1192 008d 30       		.byte	0x30
 1193 008e 9F       		.byte	0x9f
 1194 008f 14000000 		.4byte	.LVL15
 1195 0093 18000000 		.4byte	.LVL16
 1196 0097 0200     		.2byte	0x2
 1197 0099 32       		.byte	0x32
 1198 009a 9F       		.byte	0x9f
 1199 009b 18000000 		.4byte	.LVL16
 1200 009f 1A000000 		.4byte	.LVL17
 1201 00a3 0200     		.2byte	0x2
ARM GAS  C:\Users\Sven\AppData\Local\Temp\ccR59YuM.s 			page 30


 1202 00a5 33       		.byte	0x33
 1203 00a6 9F       		.byte	0x9f
 1204 00a7 1A000000 		.4byte	.LVL17
 1205 00ab 20000000 		.4byte	.LFE5
 1206 00af 0100     		.2byte	0x1
 1207 00b1 50       		.byte	0x50
 1208 00b2 00000000 		.4byte	0
 1209 00b6 00000000 		.4byte	0
 1210              	.LLST6:
 1211 00ba 06000000 		.4byte	.LVL18
 1212 00be 25000000 		.4byte	.LVL19-1
 1213 00c2 0100     		.2byte	0x1
 1214 00c4 50       		.byte	0x50
 1215 00c5 00000000 		.4byte	0
 1216 00c9 00000000 		.4byte	0
 1217              	.LLST7:
 1218 00cd 06000000 		.4byte	.LVL22
 1219 00d1 23000000 		.4byte	.LVL23-1
 1220 00d5 0100     		.2byte	0x1
 1221 00d7 50       		.byte	0x50
 1222 00d8 00000000 		.4byte	0
 1223 00dc 00000000 		.4byte	0
 1224              		.section	.debug_aranges,"",%progbits
 1225 0000 54000000 		.4byte	0x54
 1226 0004 0200     		.2byte	0x2
 1227 0006 00000000 		.4byte	.Ldebug_info0
 1228 000a 04       		.byte	0x4
 1229 000b 00       		.byte	0
 1230 000c 0000     		.2byte	0
 1231 000e 0000     		.2byte	0
 1232 0010 00000000 		.4byte	.LFB0
 1233 0014 1C000000 		.4byte	.LFE0-.LFB0
 1234 0018 00000000 		.4byte	.LFB1
 1235 001c 68000000 		.4byte	.LFE1-.LFB1
 1236 0020 00000000 		.4byte	.LFB2
 1237 0024 50000000 		.4byte	.LFE2-.LFB2
 1238 0028 00000000 		.4byte	.LFB4
 1239 002c 2C000000 		.4byte	.LFE4-.LFB4
 1240 0030 00000000 		.4byte	.LFB5
 1241 0034 20000000 		.4byte	.LFE5-.LFB5
 1242 0038 00000000 		.4byte	.LFB6
 1243 003c 34000000 		.4byte	.LFE6-.LFB6
 1244 0040 00000000 		.4byte	.LFB3
 1245 0044 30000000 		.4byte	.LFE3-.LFB3
 1246 0048 00000000 		.4byte	.LFB7
 1247 004c 30000000 		.4byte	.LFE7-.LFB7
 1248 0050 00000000 		.4byte	0
 1249 0054 00000000 		.4byte	0
 1250              		.section	.debug_ranges,"",%progbits
 1251              	.Ldebug_ranges0:
 1252 0000 00000000 		.4byte	.LFB0
 1253 0004 1C000000 		.4byte	.LFE0
 1254 0008 00000000 		.4byte	.LFB1
 1255 000c 68000000 		.4byte	.LFE1
 1256 0010 00000000 		.4byte	.LFB2
 1257 0014 50000000 		.4byte	.LFE2
 1258 0018 00000000 		.4byte	.LFB4
ARM GAS  C:\Users\Sven\AppData\Local\Temp\ccR59YuM.s 			page 31


 1259 001c 2C000000 		.4byte	.LFE4
 1260 0020 00000000 		.4byte	.LFB5
 1261 0024 20000000 		.4byte	.LFE5
 1262 0028 00000000 		.4byte	.LFB6
 1263 002c 34000000 		.4byte	.LFE6
 1264 0030 00000000 		.4byte	.LFB3
 1265 0034 30000000 		.4byte	.LFE3
 1266 0038 00000000 		.4byte	.LFB7
 1267 003c 30000000 		.4byte	.LFE7
 1268 0040 00000000 		.4byte	0
 1269 0044 00000000 		.4byte	0
 1270              		.section	.debug_line,"",%progbits
 1271              	.Ldebug_line0:
 1272 0000 40010000 		.section	.debug_str,"MS",%progbits,1
 1272      02004E00 
 1272      00000201 
 1272      FB0E0D00 
 1272      01010101 
 1273              	.LASF15:
 1274 0000 72656731 		.ascii	"reg16\000"
 1274      3600
 1275              	.LASF16:
 1276 0006 72656733 		.ascii	"reg32\000"
 1276      3200
 1277              	.LASF30:
 1278 000c 453A5C44 		.ascii	"E:\\Dokumente\\GitHub\\T-50_Project\\Software\\T-50"
 1278      6F6B756D 
 1278      656E7465 
 1278      5C476974 
 1278      4875625C 
 1279 003a 5F50726F 		.ascii	"_Project\\T-50_Project.cydsn\000"
 1279      6A656374 
 1279      5C542D35 
 1279      305F5072 
 1279      6F6A6563 
 1280              	.LASF23:
 1281 0056 43795379 		.ascii	"CySysPmSetWakeupPolarity\000"
 1281      73506D53 
 1281      65745761 
 1281      6B657570 
 1281      506F6C61 
 1282              	.LASF18:
 1283 006f 43795379 		.ascii	"CySysPmSleep\000"
 1283      73506D53 
 1283      6C656570 
 1283      00
 1284              	.LASF3:
 1285 007c 73686F72 		.ascii	"short unsigned int\000"
 1285      7420756E 
 1285      7369676E 
 1285      65642069 
 1285      6E7400
 1286              	.LASF22:
 1287 008f 43795379 		.ascii	"CySysPmHibernate\000"
 1287      73506D48 
 1287      69626572 
 1287      6E617465 
ARM GAS  C:\Users\Sven\AppData\Local\Temp\ccR59YuM.s 			page 32


 1287      00
 1288              	.LASF12:
 1289 00a0 666C6F61 		.ascii	"float\000"
 1289      7400
 1290              	.LASF7:
 1291 00a6 6C6F6E67 		.ascii	"long long unsigned int\000"
 1291      206C6F6E 
 1291      6720756E 
 1291      7369676E 
 1291      65642069 
 1292              	.LASF1:
 1293 00bd 756E7369 		.ascii	"unsigned char\000"
 1293      676E6564 
 1293      20636861 
 1293      7200
 1294              	.LASF20:
 1295 00cb 696E7465 		.ascii	"interruptState\000"
 1295      72727570 
 1295      74537461 
 1295      746500
 1296              	.LASF5:
 1297 00da 6C6F6E67 		.ascii	"long unsigned int\000"
 1297      20756E73 
 1297      69676E65 
 1297      6420696E 
 1297      7400
 1298              	.LASF9:
 1299 00ec 75696E74 		.ascii	"uint8\000"
 1299      3800
 1300              	.LASF26:
 1301 00f2 43795379 		.ascii	"CySysPmStop\000"
 1301      73506D53 
 1301      746F7000 
 1302              	.LASF13:
 1303 00fe 646F7562 		.ascii	"double\000"
 1303      6C6500
 1304              	.LASF27:
 1305 0105 43795379 		.ascii	"CySysPmUnfreezeIo\000"
 1305      73506D55 
 1305      6E667265 
 1305      657A6549 
 1305      6F00
 1306              	.LASF10:
 1307 0117 75696E74 		.ascii	"uint16\000"
 1307      313600
 1308              	.LASF11:
 1309 011e 75696E74 		.ascii	"uint32\000"
 1309      333200
 1310              	.LASF33:
 1311 0125 4379456E 		.ascii	"CyEnterCriticalSection\000"
 1311      74657243 
 1311      72697469 
 1311      63616C53 
 1311      65637469 
 1312              	.LASF8:
 1313 013c 756E7369 		.ascii	"unsigned int\000"
 1313      676E6564 
ARM GAS  C:\Users\Sven\AppData\Local\Temp\ccR59YuM.s 			page 33


 1313      20696E74 
 1313      00
 1314              	.LASF34:
 1315 0149 43794578 		.ascii	"CyExitCriticalSection\000"
 1315      69744372 
 1315      69746963 
 1315      616C5365 
 1315      6374696F 
 1316              	.LASF35:
 1317 015f 43795379 		.ascii	"CySysClkWriteSysclkDiv\000"
 1317      73436C6B 
 1317      57726974 
 1317      65537973 
 1317      636C6B44 
 1318              	.LASF24:
 1319 0176 72656173 		.ascii	"reason\000"
 1319      6F6E00
 1320              	.LASF31:
 1321 017d 706F6C61 		.ascii	"polarity\000"
 1321      72697479 
 1321      00
 1322              	.LASF32:
 1323 0186 43795379 		.ascii	"CySysPmGetResetReason\000"
 1323      73506D47 
 1323      65745265 
 1323      73657452 
 1323      6561736F 
 1324              	.LASF17:
 1325 019c 73697A65 		.ascii	"sizetype\000"
 1325      74797065 
 1325      00
 1326              	.LASF6:
 1327 01a5 6C6F6E67 		.ascii	"long long int\000"
 1327      206C6F6E 
 1327      6720696E 
 1327      7400
 1328              	.LASF14:
 1329 01b3 63686172 		.ascii	"char\000"
 1329      00
 1330              	.LASF21:
 1331 01b8 636C6B53 		.ascii	"clkSelectReg\000"
 1331      656C6563 
 1331      74526567 
 1331      00
 1332              	.LASF29:
 1333 01c5 2E5C4765 		.ascii	".\\Generated_Source\\PSoC4\\cyPm.c\000"
 1333      6E657261 
 1333      7465645F 
 1333      536F7572 
 1333      63655C50 
 1334              	.LASF2:
 1335 01e5 73686F72 		.ascii	"short int\000"
 1335      7420696E 
 1335      7400
 1336              	.LASF28:
 1337 01ef 474E5520 		.ascii	"GNU C 4.8.4 20140526 (release) [ARM/embedded-4_8-br"
 1337      4320342E 
ARM GAS  C:\Users\Sven\AppData\Local\Temp\ccR59YuM.s 			page 34


 1337      382E3420 
 1337      32303134 
 1337      30353236 
 1338 0222 616E6368 		.ascii	"anch revision 211358] -mcpu=cortex-m0 -mthumb -g -O"
 1338      20726576 
 1338      6973696F 
 1338      6E203231 
 1338      31333538 
 1339 0255 73202D66 		.ascii	"s -ffunction-sections -finline-functions\000"
 1339      66756E63 
 1339      74696F6E 
 1339      2D736563 
 1339      74696F6E 
 1340              	.LASF19:
 1341 027e 43795379 		.ascii	"CySysPmDeepSleep\000"
 1341      73506D44 
 1341      65657053 
 1341      6C656570 
 1341      00
 1342              	.LASF4:
 1343 028f 6C6F6E67 		.ascii	"long int\000"
 1343      20696E74 
 1343      00
 1344              	.LASF0:
 1345 0298 7369676E 		.ascii	"signed char\000"
 1345      65642063 
 1345      68617200 
 1346              	.LASF25:
 1347 02a4 43795379 		.ascii	"CySysPmFreezeIo\000"
 1347      73506D46 
 1347      7265657A 
 1347      65496F00 
 1348              		.ident	"GCC: (GNU Tools for ARM Embedded Processors) 4.8.4 20140526 (release) [ARM/embedded-4_8-br
