ARM GAS  C:\Users\Sven\AppData\Local\Temp\ccnhBcUF.s 			page 1


   1              		.cpu cortex-m0
   2              		.fpu softvfp
   3              		.eabi_attribute 20, 1
   4              		.eabi_attribute 21, 1
   5              		.eabi_attribute 23, 3
   6              		.eabi_attribute 24, 1
   7              		.eabi_attribute 25, 1
   8              		.eabi_attribute 26, 1
   9              		.eabi_attribute 30, 4
  10              		.eabi_attribute 34, 0
  11              		.eabi_attribute 18, 4
  12              		.code	16
  13              		.file	"cyutils.c"
  14              		.text
  15              	.Ltext0:
  16              		.cfi_sections	.debug_frame
  17              		.section	.text.CySetReg24,"ax",%progbits
  18              		.align	1
  19              		.global	CySetReg24
  20              		.code	16
  21              		.thumb_func
  22              		.type	CySetReg24, %function
  23              	CySetReg24:
  24              	.LFB0:
  25              		.file 1 ".\\Generated_Source\\PSoC4\\cyutils.c"
   1:.\Generated_Source\PSoC4/cyutils.c **** /*******************************************************************************
   2:.\Generated_Source\PSoC4/cyutils.c **** * FILENAME: cyutils.c
   3:.\Generated_Source\PSoC4/cyutils.c **** * Version 4.20
   4:.\Generated_Source\PSoC4/cyutils.c **** *
   5:.\Generated_Source\PSoC4/cyutils.c **** *  Description:
   6:.\Generated_Source\PSoC4/cyutils.c **** *   CyUtils provides a function to handle 24-bit value writes.
   7:.\Generated_Source\PSoC4/cyutils.c **** *
   8:.\Generated_Source\PSoC4/cyutils.c **** ********************************************************************************
   9:.\Generated_Source\PSoC4/cyutils.c **** * Copyright 2008-2014, Cypress Semiconductor Corporation.  All rights reserved.
  10:.\Generated_Source\PSoC4/cyutils.c **** * You may use this file only in accordance with the license, terms, conditions,
  11:.\Generated_Source\PSoC4/cyutils.c **** * disclaimers, and limitations in the end user license agreement accompanying
  12:.\Generated_Source\PSoC4/cyutils.c **** * the software package with which this file was provided.
  13:.\Generated_Source\PSoC4/cyutils.c **** *******************************************************************************/
  14:.\Generated_Source\PSoC4/cyutils.c **** 
  15:.\Generated_Source\PSoC4/cyutils.c **** #include "cytypes.h"
  16:.\Generated_Source\PSoC4/cyutils.c **** 
  17:.\Generated_Source\PSoC4/cyutils.c **** #if (!CY_PSOC3)
  18:.\Generated_Source\PSoC4/cyutils.c **** 
  19:.\Generated_Source\PSoC4/cyutils.c ****     /***************************************************************************
  20:.\Generated_Source\PSoC4/cyutils.c ****     * Function Name: CySetReg24
  21:.\Generated_Source\PSoC4/cyutils.c ****     ****************************************************************************
  22:.\Generated_Source\PSoC4/cyutils.c ****     *
  23:.\Generated_Source\PSoC4/cyutils.c ****     * Summary:
  24:.\Generated_Source\PSoC4/cyutils.c ****     *  Writes a 24-bit value to the specified register.
  25:.\Generated_Source\PSoC4/cyutils.c ****     *
  26:.\Generated_Source\PSoC4/cyutils.c ****     * Parameters:
  27:.\Generated_Source\PSoC4/cyutils.c ****     *  addr : the address where data must be written.
  28:.\Generated_Source\PSoC4/cyutils.c ****     *  value: the data that must be written.
  29:.\Generated_Source\PSoC4/cyutils.c ****     *
  30:.\Generated_Source\PSoC4/cyutils.c ****     * Return:
  31:.\Generated_Source\PSoC4/cyutils.c ****     *  None
  32:.\Generated_Source\PSoC4/cyutils.c ****     *
ARM GAS  C:\Users\Sven\AppData\Local\Temp\ccnhBcUF.s 			page 2


  33:.\Generated_Source\PSoC4/cyutils.c ****     * Reentrant:
  34:.\Generated_Source\PSoC4/cyutils.c ****     *  No
  35:.\Generated_Source\PSoC4/cyutils.c ****     *
  36:.\Generated_Source\PSoC4/cyutils.c ****     ***************************************************************************/
  37:.\Generated_Source\PSoC4/cyutils.c ****     void CySetReg24(uint32 volatile * addr, uint32 value)
  38:.\Generated_Source\PSoC4/cyutils.c ****     {
  26              		.loc 1 38 0
  27              		.cfi_startproc
  28              	.LVL0:
  39:.\Generated_Source\PSoC4/cyutils.c ****         uint8 volatile *tmpAddr;
  40:.\Generated_Source\PSoC4/cyutils.c **** 
  41:.\Generated_Source\PSoC4/cyutils.c ****         tmpAddr = (uint8 volatile *) addr;
  42:.\Generated_Source\PSoC4/cyutils.c **** 
  43:.\Generated_Source\PSoC4/cyutils.c ****         tmpAddr[0u] = (uint8) value;
  29              		.loc 1 43 0
  30 0000 CBB2     		uxtb	r3, r1
  31 0002 0370     		strb	r3, [r0]
  44:.\Generated_Source\PSoC4/cyutils.c ****         tmpAddr[1u] = (uint8) (value >> 8u);
  32              		.loc 1 44 0
  33 0004 0B0A     		lsr	r3, r1, #8
  45:.\Generated_Source\PSoC4/cyutils.c ****         tmpAddr[2u] = (uint8) (value >> 16u);
  34              		.loc 1 45 0
  35 0006 090C     		lsr	r1, r1, #16
  36              	.LVL1:
  44:.\Generated_Source\PSoC4/cyutils.c ****         tmpAddr[1u] = (uint8) (value >> 8u);
  37              		.loc 1 44 0
  38 0008 DBB2     		uxtb	r3, r3
  39              		.loc 1 45 0
  40 000a C9B2     		uxtb	r1, r1
  44:.\Generated_Source\PSoC4/cyutils.c ****         tmpAddr[1u] = (uint8) (value >> 8u);
  41              		.loc 1 44 0
  42 000c 4370     		strb	r3, [r0, #1]
  46:.\Generated_Source\PSoC4/cyutils.c ****     }
  43              		.loc 1 46 0
  44              		@ sp needed
  45:.\Generated_Source\PSoC4/cyutils.c ****         tmpAddr[2u] = (uint8) (value >> 16u);
  45              		.loc 1 45 0
  46 000e 8170     		strb	r1, [r0, #2]
  47              		.loc 1 46 0
  48 0010 7047     		bx	lr
  49              		.cfi_endproc
  50              	.LFE0:
  51              		.size	CySetReg24, .-CySetReg24
  52              		.section	.text.CyGetReg24,"ax",%progbits
  53              		.align	1
  54              		.global	CyGetReg24
  55              		.code	16
  56              		.thumb_func
  57              		.type	CyGetReg24, %function
  58              	CyGetReg24:
  59              	.LFB1:
  47:.\Generated_Source\PSoC4/cyutils.c **** 
  48:.\Generated_Source\PSoC4/cyutils.c **** 
  49:.\Generated_Source\PSoC4/cyutils.c ****     #if(CY_PSOC4)
  50:.\Generated_Source\PSoC4/cyutils.c **** 
  51:.\Generated_Source\PSoC4/cyutils.c ****         /***************************************************************************
  52:.\Generated_Source\PSoC4/cyutils.c ****         * Function Name: CyGetReg24
ARM GAS  C:\Users\Sven\AppData\Local\Temp\ccnhBcUF.s 			page 3


  53:.\Generated_Source\PSoC4/cyutils.c ****         ****************************************************************************
  54:.\Generated_Source\PSoC4/cyutils.c ****         *
  55:.\Generated_Source\PSoC4/cyutils.c ****         * Summary:
  56:.\Generated_Source\PSoC4/cyutils.c ****         *  Reads the 24-bit value from the specified register.
  57:.\Generated_Source\PSoC4/cyutils.c ****         *
  58:.\Generated_Source\PSoC4/cyutils.c ****         * Parameters:
  59:.\Generated_Source\PSoC4/cyutils.c ****         *  addr : the address where data must be read.
  60:.\Generated_Source\PSoC4/cyutils.c ****         *
  61:.\Generated_Source\PSoC4/cyutils.c ****         * Return:
  62:.\Generated_Source\PSoC4/cyutils.c ****         *  None
  63:.\Generated_Source\PSoC4/cyutils.c ****         *
  64:.\Generated_Source\PSoC4/cyutils.c ****         * Reentrant:
  65:.\Generated_Source\PSoC4/cyutils.c ****         *  No
  66:.\Generated_Source\PSoC4/cyutils.c ****         *
  67:.\Generated_Source\PSoC4/cyutils.c ****         ***************************************************************************/
  68:.\Generated_Source\PSoC4/cyutils.c ****         uint32 CyGetReg24(uint32 const volatile * addr)
  69:.\Generated_Source\PSoC4/cyutils.c ****         {
  60              		.loc 1 69 0
  61              		.cfi_startproc
  62              	.LVL2:
  70:.\Generated_Source\PSoC4/cyutils.c ****             uint8 const volatile *tmpAddr;
  71:.\Generated_Source\PSoC4/cyutils.c ****             uint32 value;
  72:.\Generated_Source\PSoC4/cyutils.c **** 
  73:.\Generated_Source\PSoC4/cyutils.c ****             tmpAddr = (uint8 const volatile *) addr;
  74:.\Generated_Source\PSoC4/cyutils.c **** 
  75:.\Generated_Source\PSoC4/cyutils.c ****             value  =  (uint32) tmpAddr[0u];
  63              		.loc 1 75 0
  64 0000 0378     		ldrb	r3, [r0]
  65              	.LVL3:
  76:.\Generated_Source\PSoC4/cyutils.c ****             value |= ((uint32) tmpAddr[1u] << 8u );
  66              		.loc 1 76 0
  67 0002 4178     		ldrb	r1, [r0, #1]
  68              	.LVL4:
  77:.\Generated_Source\PSoC4/cyutils.c ****             value |= ((uint32) tmpAddr[2u] << 16u);
  69              		.loc 1 77 0
  70 0004 8278     		ldrb	r2, [r0, #2]
  76:.\Generated_Source\PSoC4/cyutils.c ****             value |= ((uint32) tmpAddr[1u] << 8u );
  71              		.loc 1 76 0
  72 0006 0802     		lsl	r0, r1, #8
  73              	.LVL5:
  74              		.loc 1 77 0
  75 0008 1204     		lsl	r2, r2, #16
  76:.\Generated_Source\PSoC4/cyutils.c ****             value |= ((uint32) tmpAddr[1u] << 8u );
  76              		.loc 1 76 0
  77 000a 1043     		orr	r0, r2
  78              	.LVL6:
  79              		.loc 1 77 0
  80 000c 1843     		orr	r0, r3
  81              	.LVL7:
  78:.\Generated_Source\PSoC4/cyutils.c **** 
  79:.\Generated_Source\PSoC4/cyutils.c ****             return(value);
  80:.\Generated_Source\PSoC4/cyutils.c ****         }
  82              		.loc 1 80 0
  83              		@ sp needed
  84 000e 7047     		bx	lr
  85              		.cfi_endproc
  86              	.LFE1:
ARM GAS  C:\Users\Sven\AppData\Local\Temp\ccnhBcUF.s 			page 4


  87              		.size	CyGetReg24, .-CyGetReg24
  88              		.text
  89              	.Letext0:
  90              		.file 2 ".\\Generated_Source\\PSoC4\\cytypes.h"
  91              		.section	.debug_info,"",%progbits
  92              	.Ldebug_info0:
  93 0000 45010000 		.4byte	0x145
  94 0004 0400     		.2byte	0x4
  95 0006 00000000 		.4byte	.Ldebug_abbrev0
  96 000a 04       		.byte	0x4
  97 000b 01       		.uleb128 0x1
  98 000c 24010000 		.4byte	.LASF17
  99 0010 01       		.byte	0x1
 100 0011 B2000000 		.4byte	.LASF18
 101 0015 00000000 		.4byte	.LASF19
 102 0019 00000000 		.4byte	.Ldebug_ranges0+0
 103 001d 00000000 		.4byte	0
 104 0021 00000000 		.4byte	.Ldebug_line0
 105 0025 02       		.uleb128 0x2
 106 0026 01       		.byte	0x1
 107 0027 06       		.byte	0x6
 108 0028 BC010000 		.4byte	.LASF0
 109 002c 02       		.uleb128 0x2
 110 002d 01       		.byte	0x1
 111 002e 08       		.byte	0x8
 112 002f 77000000 		.4byte	.LASF1
 113 0033 02       		.uleb128 0x2
 114 0034 02       		.byte	0x2
 115 0035 05       		.byte	0x5
 116 0036 1A010000 		.4byte	.LASF2
 117 003a 02       		.uleb128 0x2
 118 003b 02       		.byte	0x2
 119 003c 07       		.byte	0x7
 120 003d 9F000000 		.4byte	.LASF3
 121 0041 02       		.uleb128 0x2
 122 0042 04       		.byte	0x4
 123 0043 05       		.byte	0x5
 124 0044 B3010000 		.4byte	.LASF4
 125 0048 02       		.uleb128 0x2
 126 0049 04       		.byte	0x4
 127 004a 07       		.byte	0x7
 128 004b 8D000000 		.4byte	.LASF5
 129 004f 02       		.uleb128 0x2
 130 0050 08       		.byte	0x8
 131 0051 05       		.byte	0x5
 132 0052 07010000 		.4byte	.LASF6
 133 0056 02       		.uleb128 0x2
 134 0057 08       		.byte	0x8
 135 0058 07       		.byte	0x7
 136 0059 F0000000 		.4byte	.LASF7
 137 005d 03       		.uleb128 0x3
 138 005e 04       		.byte	0x4
 139 005f 05       		.byte	0x5
 140 0060 696E7400 		.ascii	"int\000"
 141 0064 02       		.uleb128 0x2
 142 0065 04       		.byte	0x4
 143 0066 07       		.byte	0x7
ARM GAS  C:\Users\Sven\AppData\Local\Temp\ccnhBcUF.s 			page 5


 144 0067 E3000000 		.4byte	.LASF8
 145 006b 04       		.uleb128 0x4
 146 006c 71000000 		.4byte	.LASF9
 147 0070 02       		.byte	0x2
 148 0071 A1       		.byte	0xa1
 149 0072 2C000000 		.4byte	0x2c
 150 0076 04       		.uleb128 0x4
 151 0077 DC000000 		.4byte	.LASF10
 152 007b 02       		.byte	0x2
 153 007c A3       		.byte	0xa3
 154 007d 48000000 		.4byte	0x48
 155 0081 02       		.uleb128 0x2
 156 0082 04       		.byte	0x4
 157 0083 04       		.byte	0x4
 158 0084 6B000000 		.4byte	.LASF11
 159 0088 02       		.uleb128 0x2
 160 0089 08       		.byte	0x8
 161 008a 04       		.byte	0x4
 162 008b D5000000 		.4byte	.LASF12
 163 008f 02       		.uleb128 0x2
 164 0090 01       		.byte	0x1
 165 0091 08       		.byte	0x8
 166 0092 15010000 		.4byte	.LASF13
 167 0096 05       		.uleb128 0x5
 168 0097 6B000000 		.4byte	0x6b
 169 009b 05       		.uleb128 0x5
 170 009c 76000000 		.4byte	0x76
 171 00a0 06       		.uleb128 0x6
 172 00a1 5B000000 		.4byte	.LASF20
 173 00a5 01       		.byte	0x1
 174 00a6 25       		.byte	0x25
 175 00a7 00000000 		.4byte	.LFB0
 176 00ab 12000000 		.4byte	.LFE0-.LFB0
 177 00af 01       		.uleb128 0x1
 178 00b0 9C       		.byte	0x9c
 179 00b1 DF000000 		.4byte	0xdf
 180 00b5 07       		.uleb128 0x7
 181 00b6 66000000 		.4byte	.LASF14
 182 00ba 01       		.byte	0x1
 183 00bb 25       		.byte	0x25
 184 00bc DF000000 		.4byte	0xdf
 185 00c0 01       		.uleb128 0x1
 186 00c1 50       		.byte	0x50
 187 00c2 08       		.uleb128 0x8
 188 00c3 4A000000 		.4byte	.LASF15
 189 00c7 01       		.byte	0x1
 190 00c8 25       		.byte	0x25
 191 00c9 76000000 		.4byte	0x76
 192 00cd 00000000 		.4byte	.LLST0
 193 00d1 09       		.uleb128 0x9
 194 00d2 85000000 		.4byte	.LASF16
 195 00d6 01       		.byte	0x1
 196 00d7 27       		.byte	0x27
 197 00d8 E5000000 		.4byte	0xe5
 198 00dc 01       		.uleb128 0x1
 199 00dd 50       		.byte	0x50
 200 00de 00       		.byte	0
ARM GAS  C:\Users\Sven\AppData\Local\Temp\ccnhBcUF.s 			page 6


 201 00df 0A       		.uleb128 0xa
 202 00e0 04       		.byte	0x4
 203 00e1 9B000000 		.4byte	0x9b
 204 00e5 0A       		.uleb128 0xa
 205 00e6 04       		.byte	0x4
 206 00e7 96000000 		.4byte	0x96
 207 00eb 0B       		.uleb128 0xb
 208 00ec 50000000 		.4byte	.LASF21
 209 00f0 01       		.byte	0x1
 210 00f1 44       		.byte	0x44
 211 00f2 76000000 		.4byte	0x76
 212 00f6 00000000 		.4byte	.LFB1
 213 00fa 10000000 		.4byte	.LFE1-.LFB1
 214 00fe 01       		.uleb128 0x1
 215 00ff 9C       		.byte	0x9c
 216 0100 32010000 		.4byte	0x132
 217 0104 08       		.uleb128 0x8
 218 0105 66000000 		.4byte	.LASF14
 219 0109 01       		.byte	0x1
 220 010a 44       		.byte	0x44
 221 010b 32010000 		.4byte	0x132
 222 010f 21000000 		.4byte	.LLST1
 223 0113 0C       		.uleb128 0xc
 224 0114 85000000 		.4byte	.LASF16
 225 0118 01       		.byte	0x1
 226 0119 46       		.byte	0x46
 227 011a 3D010000 		.4byte	0x13d
 228 011e 21000000 		.4byte	.LLST1
 229 0122 0C       		.uleb128 0xc
 230 0123 4A000000 		.4byte	.LASF15
 231 0127 01       		.byte	0x1
 232 0128 47       		.byte	0x47
 233 0129 76000000 		.4byte	0x76
 234 012d 42000000 		.4byte	.LLST3
 235 0131 00       		.byte	0
 236 0132 0A       		.uleb128 0xa
 237 0133 04       		.byte	0x4
 238 0134 38010000 		.4byte	0x138
 239 0138 0D       		.uleb128 0xd
 240 0139 9B000000 		.4byte	0x9b
 241 013d 0A       		.uleb128 0xa
 242 013e 04       		.byte	0x4
 243 013f 43010000 		.4byte	0x143
 244 0143 0D       		.uleb128 0xd
 245 0144 96000000 		.4byte	0x96
 246 0148 00       		.byte	0
 247              		.section	.debug_abbrev,"",%progbits
 248              	.Ldebug_abbrev0:
 249 0000 01       		.uleb128 0x1
 250 0001 11       		.uleb128 0x11
 251 0002 01       		.byte	0x1
 252 0003 25       		.uleb128 0x25
 253 0004 0E       		.uleb128 0xe
 254 0005 13       		.uleb128 0x13
 255 0006 0B       		.uleb128 0xb
 256 0007 03       		.uleb128 0x3
 257 0008 0E       		.uleb128 0xe
ARM GAS  C:\Users\Sven\AppData\Local\Temp\ccnhBcUF.s 			page 7


 258 0009 1B       		.uleb128 0x1b
 259 000a 0E       		.uleb128 0xe
 260 000b 55       		.uleb128 0x55
 261 000c 17       		.uleb128 0x17
 262 000d 11       		.uleb128 0x11
 263 000e 01       		.uleb128 0x1
 264 000f 10       		.uleb128 0x10
 265 0010 17       		.uleb128 0x17
 266 0011 00       		.byte	0
 267 0012 00       		.byte	0
 268 0013 02       		.uleb128 0x2
 269 0014 24       		.uleb128 0x24
 270 0015 00       		.byte	0
 271 0016 0B       		.uleb128 0xb
 272 0017 0B       		.uleb128 0xb
 273 0018 3E       		.uleb128 0x3e
 274 0019 0B       		.uleb128 0xb
 275 001a 03       		.uleb128 0x3
 276 001b 0E       		.uleb128 0xe
 277 001c 00       		.byte	0
 278 001d 00       		.byte	0
 279 001e 03       		.uleb128 0x3
 280 001f 24       		.uleb128 0x24
 281 0020 00       		.byte	0
 282 0021 0B       		.uleb128 0xb
 283 0022 0B       		.uleb128 0xb
 284 0023 3E       		.uleb128 0x3e
 285 0024 0B       		.uleb128 0xb
 286 0025 03       		.uleb128 0x3
 287 0026 08       		.uleb128 0x8
 288 0027 00       		.byte	0
 289 0028 00       		.byte	0
 290 0029 04       		.uleb128 0x4
 291 002a 16       		.uleb128 0x16
 292 002b 00       		.byte	0
 293 002c 03       		.uleb128 0x3
 294 002d 0E       		.uleb128 0xe
 295 002e 3A       		.uleb128 0x3a
 296 002f 0B       		.uleb128 0xb
 297 0030 3B       		.uleb128 0x3b
 298 0031 0B       		.uleb128 0xb
 299 0032 49       		.uleb128 0x49
 300 0033 13       		.uleb128 0x13
 301 0034 00       		.byte	0
 302 0035 00       		.byte	0
 303 0036 05       		.uleb128 0x5
 304 0037 35       		.uleb128 0x35
 305 0038 00       		.byte	0
 306 0039 49       		.uleb128 0x49
 307 003a 13       		.uleb128 0x13
 308 003b 00       		.byte	0
 309 003c 00       		.byte	0
 310 003d 06       		.uleb128 0x6
 311 003e 2E       		.uleb128 0x2e
 312 003f 01       		.byte	0x1
 313 0040 3F       		.uleb128 0x3f
 314 0041 19       		.uleb128 0x19
ARM GAS  C:\Users\Sven\AppData\Local\Temp\ccnhBcUF.s 			page 8


 315 0042 03       		.uleb128 0x3
 316 0043 0E       		.uleb128 0xe
 317 0044 3A       		.uleb128 0x3a
 318 0045 0B       		.uleb128 0xb
 319 0046 3B       		.uleb128 0x3b
 320 0047 0B       		.uleb128 0xb
 321 0048 27       		.uleb128 0x27
 322 0049 19       		.uleb128 0x19
 323 004a 11       		.uleb128 0x11
 324 004b 01       		.uleb128 0x1
 325 004c 12       		.uleb128 0x12
 326 004d 06       		.uleb128 0x6
 327 004e 40       		.uleb128 0x40
 328 004f 18       		.uleb128 0x18
 329 0050 9742     		.uleb128 0x2117
 330 0052 19       		.uleb128 0x19
 331 0053 01       		.uleb128 0x1
 332 0054 13       		.uleb128 0x13
 333 0055 00       		.byte	0
 334 0056 00       		.byte	0
 335 0057 07       		.uleb128 0x7
 336 0058 05       		.uleb128 0x5
 337 0059 00       		.byte	0
 338 005a 03       		.uleb128 0x3
 339 005b 0E       		.uleb128 0xe
 340 005c 3A       		.uleb128 0x3a
 341 005d 0B       		.uleb128 0xb
 342 005e 3B       		.uleb128 0x3b
 343 005f 0B       		.uleb128 0xb
 344 0060 49       		.uleb128 0x49
 345 0061 13       		.uleb128 0x13
 346 0062 02       		.uleb128 0x2
 347 0063 18       		.uleb128 0x18
 348 0064 00       		.byte	0
 349 0065 00       		.byte	0
 350 0066 08       		.uleb128 0x8
 351 0067 05       		.uleb128 0x5
 352 0068 00       		.byte	0
 353 0069 03       		.uleb128 0x3
 354 006a 0E       		.uleb128 0xe
 355 006b 3A       		.uleb128 0x3a
 356 006c 0B       		.uleb128 0xb
 357 006d 3B       		.uleb128 0x3b
 358 006e 0B       		.uleb128 0xb
 359 006f 49       		.uleb128 0x49
 360 0070 13       		.uleb128 0x13
 361 0071 02       		.uleb128 0x2
 362 0072 17       		.uleb128 0x17
 363 0073 00       		.byte	0
 364 0074 00       		.byte	0
 365 0075 09       		.uleb128 0x9
 366 0076 34       		.uleb128 0x34
 367 0077 00       		.byte	0
 368 0078 03       		.uleb128 0x3
 369 0079 0E       		.uleb128 0xe
 370 007a 3A       		.uleb128 0x3a
 371 007b 0B       		.uleb128 0xb
ARM GAS  C:\Users\Sven\AppData\Local\Temp\ccnhBcUF.s 			page 9


 372 007c 3B       		.uleb128 0x3b
 373 007d 0B       		.uleb128 0xb
 374 007e 49       		.uleb128 0x49
 375 007f 13       		.uleb128 0x13
 376 0080 02       		.uleb128 0x2
 377 0081 18       		.uleb128 0x18
 378 0082 00       		.byte	0
 379 0083 00       		.byte	0
 380 0084 0A       		.uleb128 0xa
 381 0085 0F       		.uleb128 0xf
 382 0086 00       		.byte	0
 383 0087 0B       		.uleb128 0xb
 384 0088 0B       		.uleb128 0xb
 385 0089 49       		.uleb128 0x49
 386 008a 13       		.uleb128 0x13
 387 008b 00       		.byte	0
 388 008c 00       		.byte	0
 389 008d 0B       		.uleb128 0xb
 390 008e 2E       		.uleb128 0x2e
 391 008f 01       		.byte	0x1
 392 0090 3F       		.uleb128 0x3f
 393 0091 19       		.uleb128 0x19
 394 0092 03       		.uleb128 0x3
 395 0093 0E       		.uleb128 0xe
 396 0094 3A       		.uleb128 0x3a
 397 0095 0B       		.uleb128 0xb
 398 0096 3B       		.uleb128 0x3b
 399 0097 0B       		.uleb128 0xb
 400 0098 27       		.uleb128 0x27
 401 0099 19       		.uleb128 0x19
 402 009a 49       		.uleb128 0x49
 403 009b 13       		.uleb128 0x13
 404 009c 11       		.uleb128 0x11
 405 009d 01       		.uleb128 0x1
 406 009e 12       		.uleb128 0x12
 407 009f 06       		.uleb128 0x6
 408 00a0 40       		.uleb128 0x40
 409 00a1 18       		.uleb128 0x18
 410 00a2 9742     		.uleb128 0x2117
 411 00a4 19       		.uleb128 0x19
 412 00a5 01       		.uleb128 0x1
 413 00a6 13       		.uleb128 0x13
 414 00a7 00       		.byte	0
 415 00a8 00       		.byte	0
 416 00a9 0C       		.uleb128 0xc
 417 00aa 34       		.uleb128 0x34
 418 00ab 00       		.byte	0
 419 00ac 03       		.uleb128 0x3
 420 00ad 0E       		.uleb128 0xe
 421 00ae 3A       		.uleb128 0x3a
 422 00af 0B       		.uleb128 0xb
 423 00b0 3B       		.uleb128 0x3b
 424 00b1 0B       		.uleb128 0xb
 425 00b2 49       		.uleb128 0x49
 426 00b3 13       		.uleb128 0x13
 427 00b4 02       		.uleb128 0x2
 428 00b5 17       		.uleb128 0x17
ARM GAS  C:\Users\Sven\AppData\Local\Temp\ccnhBcUF.s 			page 10


 429 00b6 00       		.byte	0
 430 00b7 00       		.byte	0
 431 00b8 0D       		.uleb128 0xd
 432 00b9 26       		.uleb128 0x26
 433 00ba 00       		.byte	0
 434 00bb 49       		.uleb128 0x49
 435 00bc 13       		.uleb128 0x13
 436 00bd 00       		.byte	0
 437 00be 00       		.byte	0
 438 00bf 00       		.byte	0
 439              		.section	.debug_loc,"",%progbits
 440              	.Ldebug_loc0:
 441              	.LLST0:
 442 0000 00000000 		.4byte	.LVL0
 443 0004 08000000 		.4byte	.LVL1
 444 0008 0100     		.2byte	0x1
 445 000a 51       		.byte	0x51
 446 000b 08000000 		.4byte	.LVL1
 447 000f 12000000 		.4byte	.LFE0
 448 0013 0400     		.2byte	0x4
 449 0015 F3       		.byte	0xf3
 450 0016 01       		.uleb128 0x1
 451 0017 51       		.byte	0x51
 452 0018 9F       		.byte	0x9f
 453 0019 00000000 		.4byte	0
 454 001d 00000000 		.4byte	0
 455              	.LLST1:
 456 0021 00000000 		.4byte	.LVL2
 457 0025 08000000 		.4byte	.LVL5
 458 0029 0100     		.2byte	0x1
 459 002b 50       		.byte	0x50
 460 002c 08000000 		.4byte	.LVL5
 461 0030 10000000 		.4byte	.LFE1
 462 0034 0400     		.2byte	0x4
 463 0036 F3       		.byte	0xf3
 464 0037 01       		.uleb128 0x1
 465 0038 50       		.byte	0x50
 466 0039 9F       		.byte	0x9f
 467 003a 00000000 		.4byte	0
 468 003e 00000000 		.4byte	0
 469              	.LLST3:
 470 0042 02000000 		.4byte	.LVL3
 471 0046 04000000 		.4byte	.LVL4
 472 004a 0100     		.2byte	0x1
 473 004c 53       		.byte	0x53
 474 004d 04000000 		.4byte	.LVL4
 475 0051 0C000000 		.4byte	.LVL6
 476 0055 0B00     		.2byte	0xb
 477 0057 71       		.byte	0x71
 478 0058 00       		.sleb128 0
 479 0059 08       		.byte	0x8
 480 005a FF       		.byte	0xff
 481 005b 1A       		.byte	0x1a
 482 005c 38       		.byte	0x38
 483 005d 24       		.byte	0x24
 484 005e 73       		.byte	0x73
 485 005f 00       		.sleb128 0
ARM GAS  C:\Users\Sven\AppData\Local\Temp\ccnhBcUF.s 			page 11


 486 0060 21       		.byte	0x21
 487 0061 9F       		.byte	0x9f
 488 0062 0C000000 		.4byte	.LVL6
 489 0066 0E000000 		.4byte	.LVL7
 490 006a 0600     		.2byte	0x6
 491 006c 70       		.byte	0x70
 492 006d 00       		.sleb128 0
 493 006e 73       		.byte	0x73
 494 006f 00       		.sleb128 0
 495 0070 21       		.byte	0x21
 496 0071 9F       		.byte	0x9f
 497 0072 0E000000 		.4byte	.LVL7
 498 0076 10000000 		.4byte	.LFE1
 499 007a 0100     		.2byte	0x1
 500 007c 50       		.byte	0x50
 501 007d 00000000 		.4byte	0
 502 0081 00000000 		.4byte	0
 503              		.section	.debug_aranges,"",%progbits
 504 0000 24000000 		.4byte	0x24
 505 0004 0200     		.2byte	0x2
 506 0006 00000000 		.4byte	.Ldebug_info0
 507 000a 04       		.byte	0x4
 508 000b 00       		.byte	0
 509 000c 0000     		.2byte	0
 510 000e 0000     		.2byte	0
 511 0010 00000000 		.4byte	.LFB0
 512 0014 12000000 		.4byte	.LFE0-.LFB0
 513 0018 00000000 		.4byte	.LFB1
 514 001c 10000000 		.4byte	.LFE1-.LFB1
 515 0020 00000000 		.4byte	0
 516 0024 00000000 		.4byte	0
 517              		.section	.debug_ranges,"",%progbits
 518              	.Ldebug_ranges0:
 519 0000 00000000 		.4byte	.LFB0
 520 0004 12000000 		.4byte	.LFE0
 521 0008 00000000 		.4byte	.LFB1
 522 000c 10000000 		.4byte	.LFE1
 523 0010 00000000 		.4byte	0
 524 0014 00000000 		.4byte	0
 525              		.section	.debug_line,"",%progbits
 526              	.Ldebug_line0:
 527 0000 7C000000 		.section	.debug_str,"MS",%progbits,1
 527      02004600 
 527      00000201 
 527      FB0E0D00 
 527      01010101 
 528              	.LASF19:
 529 0000 453A5C44 		.ascii	"E:\\Dokumente\\GitHub\\T-50_Project\\Software\\T-50"
 529      6F6B756D 
 529      656E7465 
 529      5C476974 
 529      4875625C 
 530 002e 5F50726F 		.ascii	"_Project\\T-50_Project.cydsn\000"
 530      6A656374 
 530      5C542D35 
 530      305F5072 
 530      6F6A6563 
ARM GAS  C:\Users\Sven\AppData\Local\Temp\ccnhBcUF.s 			page 12


 531              	.LASF15:
 532 004a 76616C75 		.ascii	"value\000"
 532      6500
 533              	.LASF21:
 534 0050 43794765 		.ascii	"CyGetReg24\000"
 534      74526567 
 534      323400
 535              	.LASF20:
 536 005b 43795365 		.ascii	"CySetReg24\000"
 536      74526567 
 536      323400
 537              	.LASF14:
 538 0066 61646472 		.ascii	"addr\000"
 538      00
 539              	.LASF11:
 540 006b 666C6F61 		.ascii	"float\000"
 540      7400
 541              	.LASF9:
 542 0071 75696E74 		.ascii	"uint8\000"
 542      3800
 543              	.LASF1:
 544 0077 756E7369 		.ascii	"unsigned char\000"
 544      676E6564 
 544      20636861 
 544      7200
 545              	.LASF16:
 546 0085 746D7041 		.ascii	"tmpAddr\000"
 546      64647200 
 547              	.LASF5:
 548 008d 6C6F6E67 		.ascii	"long unsigned int\000"
 548      20756E73 
 548      69676E65 
 548      6420696E 
 548      7400
 549              	.LASF3:
 550 009f 73686F72 		.ascii	"short unsigned int\000"
 550      7420756E 
 550      7369676E 
 550      65642069 
 550      6E7400
 551              	.LASF18:
 552 00b2 2E5C4765 		.ascii	".\\Generated_Source\\PSoC4\\cyutils.c\000"
 552      6E657261 
 552      7465645F 
 552      536F7572 
 552      63655C50 
 553              	.LASF12:
 554 00d5 646F7562 		.ascii	"double\000"
 554      6C6500
 555              	.LASF10:
 556 00dc 75696E74 		.ascii	"uint32\000"
 556      333200
 557              	.LASF8:
 558 00e3 756E7369 		.ascii	"unsigned int\000"
 558      676E6564 
 558      20696E74 
 558      00
ARM GAS  C:\Users\Sven\AppData\Local\Temp\ccnhBcUF.s 			page 13


 559              	.LASF7:
 560 00f0 6C6F6E67 		.ascii	"long long unsigned int\000"
 560      206C6F6E 
 560      6720756E 
 560      7369676E 
 560      65642069 
 561              	.LASF6:
 562 0107 6C6F6E67 		.ascii	"long long int\000"
 562      206C6F6E 
 562      6720696E 
 562      7400
 563              	.LASF13:
 564 0115 63686172 		.ascii	"char\000"
 564      00
 565              	.LASF2:
 566 011a 73686F72 		.ascii	"short int\000"
 566      7420696E 
 566      7400
 567              	.LASF17:
 568 0124 474E5520 		.ascii	"GNU C 4.8.4 20140526 (release) [ARM/embedded-4_8-br"
 568      4320342E 
 568      382E3420 
 568      32303134 
 568      30353236 
 569 0157 616E6368 		.ascii	"anch revision 211358] -mcpu=cortex-m0 -mthumb -g -O"
 569      20726576 
 569      6973696F 
 569      6E203231 
 569      31333538 
 570 018a 73202D66 		.ascii	"s -ffunction-sections -finline-functions\000"
 570      66756E63 
 570      74696F6E 
 570      2D736563 
 570      74696F6E 
 571              	.LASF4:
 572 01b3 6C6F6E67 		.ascii	"long int\000"
 572      20696E74 
 572      00
 573              	.LASF0:
 574 01bc 7369676E 		.ascii	"signed char\000"
 574      65642063 
 574      68617200 
 575              		.ident	"GCC: (GNU Tools for ARM Embedded Processors) 4.8.4 20140526 (release) [ARM/embedded-4_8-br
