ARM GAS  C:\Users\Sven\AppData\Local\Temp\ccWiejl2.s 			page 1


   1              		.cpu cortex-m0
   2              		.fpu softvfp
   3              		.eabi_attribute 20, 1
   4              		.eabi_attribute 21, 1
   5              		.eabi_attribute 23, 3
   6              		.eabi_attribute 24, 1
   7              		.eabi_attribute 25, 1
   8              		.eabi_attribute 26, 1
   9              		.eabi_attribute 30, 4
  10              		.eabi_attribute 34, 0
  11              		.eabi_attribute 18, 4
  12              		.code	16
  13              		.file	"EEPROM.c"
  14              		.text
  15              	.Ltext0:
  16              		.cfi_sections	.debug_frame
  17              		.section	.text.EEPROM_write,"ax",%progbits
  18              		.align	1
  19              		.global	EEPROM_write
  20              		.code	16
  21              		.thumb_func
  22              		.type	EEPROM_write, %function
  23              	EEPROM_write:
  24              	.LFB33:
  25              		.file 1 ".\\EEPROM.c"
   1:.\EEPROM.c    **** /* ========================================
   2:.\EEPROM.c    ****  *
   3:.\EEPROM.c    ****  * Copyright YOUR COMPANY, THE YEAR
   4:.\EEPROM.c    ****  * All Rights Reserved
   5:.\EEPROM.c    ****  * UNPUBLISHED, LICENSED SOFTWARE.
   6:.\EEPROM.c    ****  *
   7:.\EEPROM.c    ****  * CONFIDENTIAL AND PROPRIETARY INFORMATION
   8:.\EEPROM.c    ****  * WHICH IS THE PROPERTY OF your company.
   9:.\EEPROM.c    ****  *
  10:.\EEPROM.c    ****  * ========================================
  11:.\EEPROM.c    **** */
  12:.\EEPROM.c    **** 
  13:.\EEPROM.c    **** /* EEPROM Handling */
  14:.\EEPROM.c    **** 
  15:.\EEPROM.c    **** #include <EEPROM.h>
  16:.\EEPROM.c    **** 
  17:.\EEPROM.c    **** extern uint8_t eeprom_conn;
  18:.\EEPROM.c    **** 
  19:.\EEPROM.c    **** void EEPROM_write(uint16_t mem_address, uint8_t value)
  20:.\EEPROM.c    **** {
  26              		.loc 1 20 0
  27              		.cfi_startproc
  28              	.LVL0:
  29 0000 F7B5     		push	{r0, r1, r2, r4, r5, r6, r7, lr}
  30              		.cfi_def_cfa_offset 32
  31              		.cfi_offset 0, -32
  32              		.cfi_offset 1, -28
  33              		.cfi_offset 2, -24
  34              		.cfi_offset 4, -20
  35              		.cfi_offset 5, -16
  36              		.cfi_offset 6, -12
  37              		.cfi_offset 7, -8
ARM GAS  C:\Users\Sven\AppData\Local\Temp\ccWiejl2.s 			page 2


  38              		.cfi_offset 14, -4
  39              		.loc 1 20 0
  40 0002 061C     		mov	r6, r0
  41 0004 0191     		str	r1, [sp, #4]
  21:.\EEPROM.c    ****     if(I2CM_I2CMasterSendStart(EEPROM_ID, WRITE)==0)
  42              		.loc 1 21 0
  43 0006 5020     		mov	r0, #80
  44              	.LVL1:
  45 0008 0021     		mov	r1, #0
  46              	.LVL2:
  47 000a FFF7FEFF 		bl	I2CM_I2CMasterSendStart
  48              	.LVL3:
  49 000e 104D     		ldr	r5, .L11
  50 0010 104C     		ldr	r4, .L11+4
  51 0012 114F     		ldr	r7, .L11+8
  52 0014 0028     		cmp	r0, #0
  53 0016 11D1     		bne	.L2
  22:.\EEPROM.c    ****     {
  23:.\EEPROM.c    ****         I2CM_I2CMasterWriteByte(mem_address>>8);
  54              		.loc 1 23 0
  55 0018 300A     		lsr	r0, r6, #8
  56 001a FFF7FEFF 		bl	I2CM_I2CMasterWriteByte
  57              	.LVL4:
  24:.\EEPROM.c    ****         I2CM_I2CMasterWriteByte(mem_address);
  58              		.loc 1 24 0
  59 001e 301C     		mov	r0, r6
  60 0020 FFF7FEFF 		bl	I2CM_I2CMasterWriteByte
  61              	.LVL5:
  25:.\EEPROM.c    ****         I2CM_I2CMasterWriteByte(value);
  62              		.loc 1 25 0
  63 0024 0198     		ldr	r0, [sp, #4]
  64 0026 FFF7FEFF 		bl	I2CM_I2CMasterWriteByte
  65              	.LVL6:
  26:.\EEPROM.c    ****         I2CM_I2C_MASTER_GENERATE_STOP;
  66              		.loc 1 26 0
  67 002a 2A68     		ldr	r2, [r5]
  68 002c 1023     		mov	r3, #16
  69 002e 9106     		lsl	r1, r2, #26
  70 0030 00D5     		bpl	.L3
  71 0032 1823     		mov	r3, #24
  72              	.L3:
  73              		.loc 1 26 0 is_stmt 0 discriminator 1
  74 0034 2360     		str	r3, [r4]
  27:.\EEPROM.c    ****         eeprom_conn = 1;
  75              		.loc 1 27 0 is_stmt 1 discriminator 1
  76 0036 0123     		mov	r3, #1
  77 0038 3B70     		strb	r3, [r7]
  78 003a 07E0     		b	.L1
  79              	.L2:
  28:.\EEPROM.c    ****     }
  29:.\EEPROM.c    ****     else 
  30:.\EEPROM.c    ****     {
  31:.\EEPROM.c    ****         eeprom_conn = 0;
  80              		.loc 1 31 0
  81 003c 0023     		mov	r3, #0
  82 003e 3B70     		strb	r3, [r7]
  32:.\EEPROM.c    ****         I2CM_I2C_MASTER_GENERATE_STOP;
ARM GAS  C:\Users\Sven\AppData\Local\Temp\ccWiejl2.s 			page 3


  83              		.loc 1 32 0
  84 0040 2A68     		ldr	r2, [r5]
  85 0042 1023     		mov	r3, #16
  86 0044 9106     		lsl	r1, r2, #26
  87 0046 00D5     		bpl	.L5
  88 0048 1823     		mov	r3, #24
  89              	.L5:
  90              		.loc 1 32 0 is_stmt 0 discriminator 3
  91 004a 2360     		str	r3, [r4]
  92              	.L1:
  33:.\EEPROM.c    ****     }
  34:.\EEPROM.c    **** }
  93              		.loc 1 34 0 is_stmt 1
  94              		@ sp needed
  95 004c F7BD     		pop	{r0, r1, r2, r4, r5, r6, r7, pc}
  96              	.L12:
  97 004e C046     		.align	2
  98              	.L11:
  99 0050 64000740 		.word	1074200676
 100 0054 68000740 		.word	1074200680
 101 0058 00000000 		.word	eeprom_conn
 102              		.cfi_endproc
 103              	.LFE33:
 104              		.size	EEPROM_write, .-EEPROM_write
 105              		.section	.text.EEPROM_read,"ax",%progbits
 106              		.align	1
 107              		.global	EEPROM_read
 108              		.code	16
 109              		.thumb_func
 110              		.type	EEPROM_read, %function
 111              	EEPROM_read:
 112              	.LFB34:
  35:.\EEPROM.c    **** 
  36:.\EEPROM.c    **** uint8_t EEPROM_read(uint16_t mem_address)
  37:.\EEPROM.c    **** {
 113              		.loc 1 37 0
 114              		.cfi_startproc
 115              	.LVL7:
 116 0000 F8B5     		push	{r3, r4, r5, r6, r7, lr}
 117              		.cfi_def_cfa_offset 24
 118              		.cfi_offset 3, -24
 119              		.cfi_offset 4, -20
 120              		.cfi_offset 5, -16
 121              		.cfi_offset 6, -12
 122              		.cfi_offset 7, -8
 123              		.cfi_offset 14, -4
  38:.\EEPROM.c    ****     uint8_t buf = 0;
  39:.\EEPROM.c    ****     if(I2CM_I2CMasterSendStart(EEPROM_ID, WRITE)==0)
 124              		.loc 1 39 0
 125 0002 0021     		mov	r1, #0
  37:.\EEPROM.c    **** {
 126              		.loc 1 37 0
 127 0004 071C     		mov	r7, r0
 128              		.loc 1 39 0
 129 0006 5020     		mov	r0, #80
 130              	.LVL8:
 131 0008 FFF7FEFF 		bl	I2CM_I2CMasterSendStart
ARM GAS  C:\Users\Sven\AppData\Local\Temp\ccWiejl2.s 			page 4


 132              	.LVL9:
 133 000c 124D     		ldr	r5, .L22
 134 000e 134C     		ldr	r4, .L22+4
 135 0010 134E     		ldr	r6, .L22+8
 136 0012 0028     		cmp	r0, #0
 137 0014 16D1     		bne	.L14
  40:.\EEPROM.c    ****     {
  41:.\EEPROM.c    ****         //UART_1_UartPutString("Start OK ");
  42:.\EEPROM.c    ****         I2CM_I2CMasterWriteByte(mem_address>>8);
 138              		.loc 1 42 0
 139 0016 380A     		lsr	r0, r7, #8
 140 0018 FFF7FEFF 		bl	I2CM_I2CMasterWriteByte
 141              	.LVL10:
  43:.\EEPROM.c    ****         //UART_1_UartPutString("Mem H ");
  44:.\EEPROM.c    ****         I2CM_I2CMasterWriteByte(mem_address);
 142              		.loc 1 44 0
 143 001c 381C     		mov	r0, r7
 144 001e FFF7FEFF 		bl	I2CM_I2CMasterWriteByte
 145              	.LVL11:
  45:.\EEPROM.c    ****         //UART_1_UartPutString("Mem L ");
  46:.\EEPROM.c    ****         I2CM_I2CMasterSendRestart(EEPROM_ID, READ);
 146              		.loc 1 46 0
 147 0022 0121     		mov	r1, #1
 148 0024 5020     		mov	r0, #80
 149 0026 FFF7FEFF 		bl	I2CM_I2CMasterSendRestart
 150              	.LVL12:
  47:.\EEPROM.c    ****         //UART_1_UartPutString("Rst ");
  48:.\EEPROM.c    ****         buf = I2CM_I2CMasterReadByte(NACK);
 151              		.loc 1 48 0
 152 002a 0120     		mov	r0, #1
 153 002c FFF7FEFF 		bl	I2CM_I2CMasterReadByte
 154              	.LVL13:
  49:.\EEPROM.c    ****         I2CM_I2C_MASTER_GENERATE_STOP;
 155              		.loc 1 49 0
 156 0030 2A68     		ldr	r2, [r5]
  48:.\EEPROM.c    ****         buf = I2CM_I2CMasterReadByte(NACK);
 157              		.loc 1 48 0
 158 0032 C0B2     		uxtb	r0, r0
 159              	.LVL14:
 160              		.loc 1 49 0
 161 0034 1023     		mov	r3, #16
 162 0036 9106     		lsl	r1, r2, #26
 163 0038 00D5     		bpl	.L15
 164 003a 1823     		mov	r3, #24
 165              	.L15:
 166              		.loc 1 49 0 is_stmt 0 discriminator 1
 167 003c 2360     		str	r3, [r4]
  50:.\EEPROM.c    ****         eeprom_conn = 1;
 168              		.loc 1 50 0 is_stmt 1 discriminator 1
 169 003e 0123     		mov	r3, #1
 170 0040 3370     		strb	r3, [r6]
 171 0042 08E0     		b	.L16
 172              	.LVL15:
 173              	.L14:
  51:.\EEPROM.c    ****     } 
  52:.\EEPROM.c    ****     else 
  53:.\EEPROM.c    ****     {
ARM GAS  C:\Users\Sven\AppData\Local\Temp\ccWiejl2.s 			page 5


  54:.\EEPROM.c    ****         eeprom_conn = 0;
 174              		.loc 1 54 0
 175 0044 0023     		mov	r3, #0
 176 0046 3370     		strb	r3, [r6]
  55:.\EEPROM.c    ****         I2CM_I2C_MASTER_GENERATE_STOP;
 177              		.loc 1 55 0
 178 0048 2A68     		ldr	r2, [r5]
 179 004a 1023     		mov	r3, #16
 180 004c 9106     		lsl	r1, r2, #26
 181 004e 00D5     		bpl	.L17
 182 0050 1823     		mov	r3, #24
 183              	.L17:
 184              		.loc 1 55 0 is_stmt 0 discriminator 3
 185 0052 2360     		str	r3, [r4]
  38:.\EEPROM.c    ****     uint8_t buf = 0;
 186              		.loc 1 38 0 is_stmt 1 discriminator 3
 187 0054 0020     		mov	r0, #0
 188              	.LVL16:
 189              	.L16:
  56:.\EEPROM.c    ****     }
  57:.\EEPROM.c    ****     return buf;
  58:.\EEPROM.c    **** }
 190              		.loc 1 58 0
 191              		@ sp needed
 192 0056 F8BD     		pop	{r3, r4, r5, r6, r7, pc}
 193              	.L23:
 194              		.align	2
 195              	.L22:
 196 0058 64000740 		.word	1074200676
 197 005c 68000740 		.word	1074200680
 198 0060 00000000 		.word	eeprom_conn
 199              		.cfi_endproc
 200              	.LFE34:
 201              		.size	EEPROM_read, .-EEPROM_read
 202              		.text
 203              	.Letext0:
 204              		.file 2 "e:\\program files (x86)\\cypress\\psoc creator\\3.1\\psoc creator\\import\\gnu_cs\\arm\\4
 205              		.file 3 "e:\\program files (x86)\\cypress\\psoc creator\\3.1\\psoc creator\\import\\gnu_cs\\arm\\4
 206              		.file 4 ".\\Generated_Source\\PSoC4/cytypes.h"
 207              		.file 5 ".\\Generated_Source\\PSoC4/I2CM_I2C.h"
 208              		.section	.debug_info,"",%progbits
 209              	.Ldebug_info0:
 210 0000 5C020000 		.4byte	0x25c
 211 0004 0400     		.2byte	0x4
 212 0006 00000000 		.4byte	.Ldebug_abbrev0
 213 000a 04       		.byte	0x4
 214 000b 01       		.uleb128 0x1
 215 000c 1E000000 		.4byte	.LASF24
 216 0010 01       		.byte	0x1
 217 0011 A9010000 		.4byte	.LASF25
 218 0015 B3000000 		.4byte	.LASF26
 219 0019 00000000 		.4byte	.Ldebug_ranges0+0
 220 001d 00000000 		.4byte	0
 221 0021 00000000 		.4byte	.Ldebug_line0
 222 0025 02       		.uleb128 0x2
 223 0026 01       		.byte	0x1
 224 0027 06       		.byte	0x6
ARM GAS  C:\Users\Sven\AppData\Local\Temp\ccWiejl2.s 			page 6


 225 0028 1F020000 		.4byte	.LASF0
 226 002c 03       		.uleb128 0x3
 227 002d 06000000 		.4byte	.LASF3
 228 0031 02       		.byte	0x2
 229 0032 1C       		.byte	0x1c
 230 0033 37000000 		.4byte	0x37
 231 0037 02       		.uleb128 0x2
 232 0038 01       		.byte	0x1
 233 0039 08       		.byte	0x8
 234 003a FD000000 		.4byte	.LASF1
 235 003e 02       		.uleb128 0x2
 236 003f 02       		.byte	0x2
 237 0040 05       		.byte	0x5
 238 0041 74010000 		.4byte	.LASF2
 239 0045 03       		.uleb128 0x3
 240 0046 4A010000 		.4byte	.LASF4
 241 004a 02       		.byte	0x2
 242 004b 26       		.byte	0x26
 243 004c 50000000 		.4byte	0x50
 244 0050 02       		.uleb128 0x2
 245 0051 02       		.byte	0x2
 246 0052 07       		.byte	0x7
 247 0053 37010000 		.4byte	.LASF5
 248 0057 02       		.uleb128 0x2
 249 0058 04       		.byte	0x4
 250 0059 05       		.byte	0x5
 251 005a 16020000 		.4byte	.LASF6
 252 005e 02       		.uleb128 0x2
 253 005f 04       		.byte	0x4
 254 0060 07       		.byte	0x7
 255 0061 0B010000 		.4byte	.LASF7
 256 0065 02       		.uleb128 0x2
 257 0066 08       		.byte	0x8
 258 0067 05       		.byte	0x5
 259 0068 D6010000 		.4byte	.LASF8
 260 006c 02       		.uleb128 0x2
 261 006d 08       		.byte	0x8
 262 006e 07       		.byte	0x7
 263 006f 92010000 		.4byte	.LASF9
 264 0073 04       		.uleb128 0x4
 265 0074 04       		.byte	0x4
 266 0075 05       		.byte	0x5
 267 0076 696E7400 		.ascii	"int\000"
 268 007a 02       		.uleb128 0x2
 269 007b 04       		.byte	0x4
 270 007c 07       		.byte	0x7
 271 007d 85010000 		.4byte	.LASF10
 272 0081 03       		.uleb128 0x3
 273 0082 16000000 		.4byte	.LASF11
 274 0086 03       		.byte	0x3
 275 0087 2A       		.byte	0x2a
 276 0088 2C000000 		.4byte	0x2c
 277 008c 03       		.uleb128 0x3
 278 008d F5010000 		.4byte	.LASF12
 279 0091 03       		.byte	0x3
 280 0092 36       		.byte	0x36
 281 0093 45000000 		.4byte	0x45
ARM GAS  C:\Users\Sven\AppData\Local\Temp\ccWiejl2.s 			page 7


 282 0097 03       		.uleb128 0x3
 283 0098 7E010000 		.4byte	.LASF13
 284 009c 04       		.byte	0x4
 285 009d A3       		.byte	0xa3
 286 009e 5E000000 		.4byte	0x5e
 287 00a2 02       		.uleb128 0x2
 288 00a3 04       		.byte	0x4
 289 00a4 04       		.byte	0x4
 290 00a5 AD000000 		.4byte	.LASF14
 291 00a9 02       		.uleb128 0x2
 292 00aa 08       		.byte	0x8
 293 00ab 04       		.byte	0x4
 294 00ac 55010000 		.4byte	.LASF15
 295 00b0 02       		.uleb128 0x2
 296 00b1 01       		.byte	0x1
 297 00b2 08       		.byte	0x8
 298 00b3 E4010000 		.4byte	.LASF16
 299 00b7 05       		.uleb128 0x5
 300 00b8 00000000 		.4byte	.LASF17
 301 00bc 04       		.byte	0x4
 302 00bd 4D01     		.2byte	0x14d
 303 00bf C3000000 		.4byte	0xc3
 304 00c3 06       		.uleb128 0x6
 305 00c4 97000000 		.4byte	0x97
 306 00c8 02       		.uleb128 0x2
 307 00c9 04       		.byte	0x4
 308 00ca 07       		.byte	0x7
 309 00cb CD010000 		.4byte	.LASF18
 310 00cf 07       		.uleb128 0x7
 311 00d0 B4010000 		.4byte	.LASF27
 312 00d4 01       		.byte	0x1
 313 00d5 13       		.byte	0x13
 314 00d6 00000000 		.4byte	.LFB33
 315 00da 5C000000 		.4byte	.LFE33-.LFB33
 316 00de 01       		.uleb128 0x1
 317 00df 9C       		.byte	0x9c
 318 00e0 57010000 		.4byte	0x157
 319 00e4 08       		.uleb128 0x8
 320 00e5 42020000 		.4byte	.LASF19
 321 00e9 01       		.byte	0x1
 322 00ea 13       		.byte	0x13
 323 00eb 8C000000 		.4byte	0x8c
 324 00ef 00000000 		.4byte	.LLST0
 325 00f3 08       		.uleb128 0x8
 326 00f4 10000000 		.4byte	.LASF20
 327 00f8 01       		.byte	0x1
 328 00f9 13       		.byte	0x13
 329 00fa 81000000 		.4byte	0x81
 330 00fe 21000000 		.4byte	.LLST1
 331 0102 09       		.uleb128 0x9
 332 0103 0E000000 		.4byte	.LVL3
 333 0107 05020000 		.4byte	0x205
 334 010b 1B010000 		.4byte	0x11b
 335 010f 0A       		.uleb128 0xa
 336 0110 01       		.uleb128 0x1
 337 0111 51       		.byte	0x51
 338 0112 01       		.uleb128 0x1
ARM GAS  C:\Users\Sven\AppData\Local\Temp\ccWiejl2.s 			page 8


 339 0113 30       		.byte	0x30
 340 0114 0A       		.uleb128 0xa
 341 0115 01       		.uleb128 0x1
 342 0116 50       		.byte	0x50
 343 0117 02       		.uleb128 0x2
 344 0118 08       		.byte	0x8
 345 0119 50       		.byte	0x50
 346 011a 00       		.byte	0
 347 011b 09       		.uleb128 0x9
 348 011c 1E000000 		.4byte	.LVL4
 349 0120 1F020000 		.4byte	0x21f
 350 0124 31010000 		.4byte	0x131
 351 0128 0A       		.uleb128 0xa
 352 0129 01       		.uleb128 0x1
 353 012a 50       		.byte	0x50
 354 012b 04       		.uleb128 0x4
 355 012c 76       		.byte	0x76
 356 012d 00       		.sleb128 0
 357 012e 38       		.byte	0x38
 358 012f 25       		.byte	0x25
 359 0130 00       		.byte	0
 360 0131 09       		.uleb128 0x9
 361 0132 24000000 		.4byte	.LVL5
 362 0136 1F020000 		.4byte	0x21f
 363 013a 45010000 		.4byte	0x145
 364 013e 0A       		.uleb128 0xa
 365 013f 01       		.uleb128 0x1
 366 0140 50       		.byte	0x50
 367 0141 02       		.uleb128 0x2
 368 0142 76       		.byte	0x76
 369 0143 00       		.sleb128 0
 370 0144 00       		.byte	0
 371 0145 0B       		.uleb128 0xb
 372 0146 2A000000 		.4byte	.LVL6
 373 014a 1F020000 		.4byte	0x21f
 374 014e 0A       		.uleb128 0xa
 375 014f 01       		.uleb128 0x1
 376 0150 50       		.byte	0x50
 377 0151 03       		.uleb128 0x3
 378 0152 7D       		.byte	0x7d
 379 0153 04       		.sleb128 4
 380 0154 06       		.byte	0x6
 381 0155 00       		.byte	0
 382 0156 00       		.byte	0
 383 0157 0C       		.uleb128 0xc
 384 0158 C1010000 		.4byte	.LASF28
 385 015c 01       		.byte	0x1
 386 015d 24       		.byte	0x24
 387 015e 81000000 		.4byte	0x81
 388 0162 00000000 		.4byte	.LFB34
 389 0166 64000000 		.4byte	.LFE34-.LFB34
 390 016a 01       		.uleb128 0x1
 391 016b 9C       		.byte	0x9c
 392 016c FA010000 		.4byte	0x1fa
 393 0170 08       		.uleb128 0x8
 394 0171 42020000 		.4byte	.LASF19
 395 0175 01       		.byte	0x1
ARM GAS  C:\Users\Sven\AppData\Local\Temp\ccWiejl2.s 			page 9


 396 0176 24       		.byte	0x24
 397 0177 8C000000 		.4byte	0x8c
 398 017b 42000000 		.4byte	.LLST2
 399 017f 0D       		.uleb128 0xd
 400 0180 62756600 		.ascii	"buf\000"
 401 0184 01       		.byte	0x1
 402 0185 26       		.byte	0x26
 403 0186 81000000 		.4byte	0x81
 404 018a 63000000 		.4byte	.LLST3
 405 018e 09       		.uleb128 0x9
 406 018f 0C000000 		.4byte	.LVL9
 407 0193 05020000 		.4byte	0x205
 408 0197 A7010000 		.4byte	0x1a7
 409 019b 0A       		.uleb128 0xa
 410 019c 01       		.uleb128 0x1
 411 019d 51       		.byte	0x51
 412 019e 01       		.uleb128 0x1
 413 019f 30       		.byte	0x30
 414 01a0 0A       		.uleb128 0xa
 415 01a1 01       		.uleb128 0x1
 416 01a2 50       		.byte	0x50
 417 01a3 02       		.uleb128 0x2
 418 01a4 08       		.byte	0x8
 419 01a5 50       		.byte	0x50
 420 01a6 00       		.byte	0
 421 01a7 09       		.uleb128 0x9
 422 01a8 1C000000 		.4byte	.LVL10
 423 01ac 1F020000 		.4byte	0x21f
 424 01b0 BD010000 		.4byte	0x1bd
 425 01b4 0A       		.uleb128 0xa
 426 01b5 01       		.uleb128 0x1
 427 01b6 50       		.byte	0x50
 428 01b7 04       		.uleb128 0x4
 429 01b8 77       		.byte	0x77
 430 01b9 00       		.sleb128 0
 431 01ba 38       		.byte	0x38
 432 01bb 25       		.byte	0x25
 433 01bc 00       		.byte	0
 434 01bd 09       		.uleb128 0x9
 435 01be 22000000 		.4byte	.LVL11
 436 01c2 1F020000 		.4byte	0x21f
 437 01c6 D1010000 		.4byte	0x1d1
 438 01ca 0A       		.uleb128 0xa
 439 01cb 01       		.uleb128 0x1
 440 01cc 50       		.byte	0x50
 441 01cd 02       		.uleb128 0x2
 442 01ce 77       		.byte	0x77
 443 01cf 00       		.sleb128 0
 444 01d0 00       		.byte	0
 445 01d1 09       		.uleb128 0x9
 446 01d2 2A000000 		.4byte	.LVL12
 447 01d6 34020000 		.4byte	0x234
 448 01da EA010000 		.4byte	0x1ea
 449 01de 0A       		.uleb128 0xa
 450 01df 01       		.uleb128 0x1
 451 01e0 51       		.byte	0x51
 452 01e1 01       		.uleb128 0x1
ARM GAS  C:\Users\Sven\AppData\Local\Temp\ccWiejl2.s 			page 10


 453 01e2 31       		.byte	0x31
 454 01e3 0A       		.uleb128 0xa
 455 01e4 01       		.uleb128 0x1
 456 01e5 50       		.byte	0x50
 457 01e6 02       		.uleb128 0x2
 458 01e7 08       		.byte	0x8
 459 01e8 50       		.byte	0x50
 460 01e9 00       		.byte	0
 461 01ea 0B       		.uleb128 0xb
 462 01eb 30000000 		.4byte	.LVL13
 463 01ef 4E020000 		.4byte	0x24e
 464 01f3 0A       		.uleb128 0xa
 465 01f4 01       		.uleb128 0x1
 466 01f5 50       		.byte	0x50
 467 01f6 01       		.uleb128 0x1
 468 01f7 31       		.byte	0x31
 469 01f8 00       		.byte	0
 470 01f9 00       		.byte	0
 471 01fa 0E       		.uleb128 0xe
 472 01fb E9010000 		.4byte	.LASF29
 473 01ff 01       		.byte	0x1
 474 0200 11       		.byte	0x11
 475 0201 81000000 		.4byte	0x81
 476 0205 0F       		.uleb128 0xf
 477 0206 FE010000 		.4byte	.LASF21
 478 020a 05       		.byte	0x5
 479 020b BB       		.byte	0xbb
 480 020c 97000000 		.4byte	0x97
 481 0210 1F020000 		.4byte	0x21f
 482 0214 10       		.uleb128 0x10
 483 0215 97000000 		.4byte	0x97
 484 0219 10       		.uleb128 0x10
 485 021a 97000000 		.4byte	0x97
 486 021e 00       		.byte	0
 487 021f 0F       		.uleb128 0xf
 488 0220 5C010000 		.4byte	.LASF22
 489 0224 05       		.byte	0x5
 490 0225 BE       		.byte	0xbe
 491 0226 97000000 		.4byte	0x97
 492 022a 34020000 		.4byte	0x234
 493 022e 10       		.uleb128 0x10
 494 022f 97000000 		.4byte	0x97
 495 0233 00       		.byte	0
 496 0234 0F       		.uleb128 0xf
 497 0235 1D010000 		.4byte	.LASF23
 498 0239 05       		.byte	0x5
 499 023a BC       		.byte	0xbc
 500 023b 97000000 		.4byte	0x97
 501 023f 4E020000 		.4byte	0x24e
 502 0243 10       		.uleb128 0x10
 503 0244 97000000 		.4byte	0x97
 504 0248 10       		.uleb128 0x10
 505 0249 97000000 		.4byte	0x97
 506 024d 00       		.byte	0
 507 024e 11       		.uleb128 0x11
 508 024f 2B020000 		.4byte	.LASF30
 509 0253 05       		.byte	0x5
ARM GAS  C:\Users\Sven\AppData\Local\Temp\ccWiejl2.s 			page 11


 510 0254 BF       		.byte	0xbf
 511 0255 97000000 		.4byte	0x97
 512 0259 10       		.uleb128 0x10
 513 025a 97000000 		.4byte	0x97
 514 025e 00       		.byte	0
 515 025f 00       		.byte	0
 516              		.section	.debug_abbrev,"",%progbits
 517              	.Ldebug_abbrev0:
 518 0000 01       		.uleb128 0x1
 519 0001 11       		.uleb128 0x11
 520 0002 01       		.byte	0x1
 521 0003 25       		.uleb128 0x25
 522 0004 0E       		.uleb128 0xe
 523 0005 13       		.uleb128 0x13
 524 0006 0B       		.uleb128 0xb
 525 0007 03       		.uleb128 0x3
 526 0008 0E       		.uleb128 0xe
 527 0009 1B       		.uleb128 0x1b
 528 000a 0E       		.uleb128 0xe
 529 000b 55       		.uleb128 0x55
 530 000c 17       		.uleb128 0x17
 531 000d 11       		.uleb128 0x11
 532 000e 01       		.uleb128 0x1
 533 000f 10       		.uleb128 0x10
 534 0010 17       		.uleb128 0x17
 535 0011 00       		.byte	0
 536 0012 00       		.byte	0
 537 0013 02       		.uleb128 0x2
 538 0014 24       		.uleb128 0x24
 539 0015 00       		.byte	0
 540 0016 0B       		.uleb128 0xb
 541 0017 0B       		.uleb128 0xb
 542 0018 3E       		.uleb128 0x3e
 543 0019 0B       		.uleb128 0xb
 544 001a 03       		.uleb128 0x3
 545 001b 0E       		.uleb128 0xe
 546 001c 00       		.byte	0
 547 001d 00       		.byte	0
 548 001e 03       		.uleb128 0x3
 549 001f 16       		.uleb128 0x16
 550 0020 00       		.byte	0
 551 0021 03       		.uleb128 0x3
 552 0022 0E       		.uleb128 0xe
 553 0023 3A       		.uleb128 0x3a
 554 0024 0B       		.uleb128 0xb
 555 0025 3B       		.uleb128 0x3b
 556 0026 0B       		.uleb128 0xb
 557 0027 49       		.uleb128 0x49
 558 0028 13       		.uleb128 0x13
 559 0029 00       		.byte	0
 560 002a 00       		.byte	0
 561 002b 04       		.uleb128 0x4
 562 002c 24       		.uleb128 0x24
 563 002d 00       		.byte	0
 564 002e 0B       		.uleb128 0xb
 565 002f 0B       		.uleb128 0xb
 566 0030 3E       		.uleb128 0x3e
ARM GAS  C:\Users\Sven\AppData\Local\Temp\ccWiejl2.s 			page 12


 567 0031 0B       		.uleb128 0xb
 568 0032 03       		.uleb128 0x3
 569 0033 08       		.uleb128 0x8
 570 0034 00       		.byte	0
 571 0035 00       		.byte	0
 572 0036 05       		.uleb128 0x5
 573 0037 16       		.uleb128 0x16
 574 0038 00       		.byte	0
 575 0039 03       		.uleb128 0x3
 576 003a 0E       		.uleb128 0xe
 577 003b 3A       		.uleb128 0x3a
 578 003c 0B       		.uleb128 0xb
 579 003d 3B       		.uleb128 0x3b
 580 003e 05       		.uleb128 0x5
 581 003f 49       		.uleb128 0x49
 582 0040 13       		.uleb128 0x13
 583 0041 00       		.byte	0
 584 0042 00       		.byte	0
 585 0043 06       		.uleb128 0x6
 586 0044 35       		.uleb128 0x35
 587 0045 00       		.byte	0
 588 0046 49       		.uleb128 0x49
 589 0047 13       		.uleb128 0x13
 590 0048 00       		.byte	0
 591 0049 00       		.byte	0
 592 004a 07       		.uleb128 0x7
 593 004b 2E       		.uleb128 0x2e
 594 004c 01       		.byte	0x1
 595 004d 3F       		.uleb128 0x3f
 596 004e 19       		.uleb128 0x19
 597 004f 03       		.uleb128 0x3
 598 0050 0E       		.uleb128 0xe
 599 0051 3A       		.uleb128 0x3a
 600 0052 0B       		.uleb128 0xb
 601 0053 3B       		.uleb128 0x3b
 602 0054 0B       		.uleb128 0xb
 603 0055 27       		.uleb128 0x27
 604 0056 19       		.uleb128 0x19
 605 0057 11       		.uleb128 0x11
 606 0058 01       		.uleb128 0x1
 607 0059 12       		.uleb128 0x12
 608 005a 06       		.uleb128 0x6
 609 005b 40       		.uleb128 0x40
 610 005c 18       		.uleb128 0x18
 611 005d 9742     		.uleb128 0x2117
 612 005f 19       		.uleb128 0x19
 613 0060 01       		.uleb128 0x1
 614 0061 13       		.uleb128 0x13
 615 0062 00       		.byte	0
 616 0063 00       		.byte	0
 617 0064 08       		.uleb128 0x8
 618 0065 05       		.uleb128 0x5
 619 0066 00       		.byte	0
 620 0067 03       		.uleb128 0x3
 621 0068 0E       		.uleb128 0xe
 622 0069 3A       		.uleb128 0x3a
 623 006a 0B       		.uleb128 0xb
ARM GAS  C:\Users\Sven\AppData\Local\Temp\ccWiejl2.s 			page 13


 624 006b 3B       		.uleb128 0x3b
 625 006c 0B       		.uleb128 0xb
 626 006d 49       		.uleb128 0x49
 627 006e 13       		.uleb128 0x13
 628 006f 02       		.uleb128 0x2
 629 0070 17       		.uleb128 0x17
 630 0071 00       		.byte	0
 631 0072 00       		.byte	0
 632 0073 09       		.uleb128 0x9
 633 0074 898201   		.uleb128 0x4109
 634 0077 01       		.byte	0x1
 635 0078 11       		.uleb128 0x11
 636 0079 01       		.uleb128 0x1
 637 007a 31       		.uleb128 0x31
 638 007b 13       		.uleb128 0x13
 639 007c 01       		.uleb128 0x1
 640 007d 13       		.uleb128 0x13
 641 007e 00       		.byte	0
 642 007f 00       		.byte	0
 643 0080 0A       		.uleb128 0xa
 644 0081 8A8201   		.uleb128 0x410a
 645 0084 00       		.byte	0
 646 0085 02       		.uleb128 0x2
 647 0086 18       		.uleb128 0x18
 648 0087 9142     		.uleb128 0x2111
 649 0089 18       		.uleb128 0x18
 650 008a 00       		.byte	0
 651 008b 00       		.byte	0
 652 008c 0B       		.uleb128 0xb
 653 008d 898201   		.uleb128 0x4109
 654 0090 01       		.byte	0x1
 655 0091 11       		.uleb128 0x11
 656 0092 01       		.uleb128 0x1
 657 0093 31       		.uleb128 0x31
 658 0094 13       		.uleb128 0x13
 659 0095 00       		.byte	0
 660 0096 00       		.byte	0
 661 0097 0C       		.uleb128 0xc
 662 0098 2E       		.uleb128 0x2e
 663 0099 01       		.byte	0x1
 664 009a 3F       		.uleb128 0x3f
 665 009b 19       		.uleb128 0x19
 666 009c 03       		.uleb128 0x3
 667 009d 0E       		.uleb128 0xe
 668 009e 3A       		.uleb128 0x3a
 669 009f 0B       		.uleb128 0xb
 670 00a0 3B       		.uleb128 0x3b
 671 00a1 0B       		.uleb128 0xb
 672 00a2 27       		.uleb128 0x27
 673 00a3 19       		.uleb128 0x19
 674 00a4 49       		.uleb128 0x49
 675 00a5 13       		.uleb128 0x13
 676 00a6 11       		.uleb128 0x11
 677 00a7 01       		.uleb128 0x1
 678 00a8 12       		.uleb128 0x12
 679 00a9 06       		.uleb128 0x6
 680 00aa 40       		.uleb128 0x40
ARM GAS  C:\Users\Sven\AppData\Local\Temp\ccWiejl2.s 			page 14


 681 00ab 18       		.uleb128 0x18
 682 00ac 9742     		.uleb128 0x2117
 683 00ae 19       		.uleb128 0x19
 684 00af 01       		.uleb128 0x1
 685 00b0 13       		.uleb128 0x13
 686 00b1 00       		.byte	0
 687 00b2 00       		.byte	0
 688 00b3 0D       		.uleb128 0xd
 689 00b4 34       		.uleb128 0x34
 690 00b5 00       		.byte	0
 691 00b6 03       		.uleb128 0x3
 692 00b7 08       		.uleb128 0x8
 693 00b8 3A       		.uleb128 0x3a
 694 00b9 0B       		.uleb128 0xb
 695 00ba 3B       		.uleb128 0x3b
 696 00bb 0B       		.uleb128 0xb
 697 00bc 49       		.uleb128 0x49
 698 00bd 13       		.uleb128 0x13
 699 00be 02       		.uleb128 0x2
 700 00bf 17       		.uleb128 0x17
 701 00c0 00       		.byte	0
 702 00c1 00       		.byte	0
 703 00c2 0E       		.uleb128 0xe
 704 00c3 34       		.uleb128 0x34
 705 00c4 00       		.byte	0
 706 00c5 03       		.uleb128 0x3
 707 00c6 0E       		.uleb128 0xe
 708 00c7 3A       		.uleb128 0x3a
 709 00c8 0B       		.uleb128 0xb
 710 00c9 3B       		.uleb128 0x3b
 711 00ca 0B       		.uleb128 0xb
 712 00cb 49       		.uleb128 0x49
 713 00cc 13       		.uleb128 0x13
 714 00cd 3F       		.uleb128 0x3f
 715 00ce 19       		.uleb128 0x19
 716 00cf 3C       		.uleb128 0x3c
 717 00d0 19       		.uleb128 0x19
 718 00d1 00       		.byte	0
 719 00d2 00       		.byte	0
 720 00d3 0F       		.uleb128 0xf
 721 00d4 2E       		.uleb128 0x2e
 722 00d5 01       		.byte	0x1
 723 00d6 3F       		.uleb128 0x3f
 724 00d7 19       		.uleb128 0x19
 725 00d8 03       		.uleb128 0x3
 726 00d9 0E       		.uleb128 0xe
 727 00da 3A       		.uleb128 0x3a
 728 00db 0B       		.uleb128 0xb
 729 00dc 3B       		.uleb128 0x3b
 730 00dd 0B       		.uleb128 0xb
 731 00de 27       		.uleb128 0x27
 732 00df 19       		.uleb128 0x19
 733 00e0 49       		.uleb128 0x49
 734 00e1 13       		.uleb128 0x13
 735 00e2 3C       		.uleb128 0x3c
 736 00e3 19       		.uleb128 0x19
 737 00e4 01       		.uleb128 0x1
ARM GAS  C:\Users\Sven\AppData\Local\Temp\ccWiejl2.s 			page 15


 738 00e5 13       		.uleb128 0x13
 739 00e6 00       		.byte	0
 740 00e7 00       		.byte	0
 741 00e8 10       		.uleb128 0x10
 742 00e9 05       		.uleb128 0x5
 743 00ea 00       		.byte	0
 744 00eb 49       		.uleb128 0x49
 745 00ec 13       		.uleb128 0x13
 746 00ed 00       		.byte	0
 747 00ee 00       		.byte	0
 748 00ef 11       		.uleb128 0x11
 749 00f0 2E       		.uleb128 0x2e
 750 00f1 01       		.byte	0x1
 751 00f2 3F       		.uleb128 0x3f
 752 00f3 19       		.uleb128 0x19
 753 00f4 03       		.uleb128 0x3
 754 00f5 0E       		.uleb128 0xe
 755 00f6 3A       		.uleb128 0x3a
 756 00f7 0B       		.uleb128 0xb
 757 00f8 3B       		.uleb128 0x3b
 758 00f9 0B       		.uleb128 0xb
 759 00fa 27       		.uleb128 0x27
 760 00fb 19       		.uleb128 0x19
 761 00fc 49       		.uleb128 0x49
 762 00fd 13       		.uleb128 0x13
 763 00fe 3C       		.uleb128 0x3c
 764 00ff 19       		.uleb128 0x19
 765 0100 00       		.byte	0
 766 0101 00       		.byte	0
 767 0102 00       		.byte	0
 768              		.section	.debug_loc,"",%progbits
 769              	.Ldebug_loc0:
 770              	.LLST0:
 771 0000 00000000 		.4byte	.LVL0
 772 0004 08000000 		.4byte	.LVL1
 773 0008 0100     		.2byte	0x1
 774 000a 50       		.byte	0x50
 775 000b 08000000 		.4byte	.LVL1
 776 000f 5C000000 		.4byte	.LFE33
 777 0013 0400     		.2byte	0x4
 778 0015 F3       		.byte	0xf3
 779 0016 01       		.uleb128 0x1
 780 0017 50       		.byte	0x50
 781 0018 9F       		.byte	0x9f
 782 0019 00000000 		.4byte	0
 783 001d 00000000 		.4byte	0
 784              	.LLST1:
 785 0021 00000000 		.4byte	.LVL0
 786 0025 0A000000 		.4byte	.LVL2
 787 0029 0100     		.2byte	0x1
 788 002b 51       		.byte	0x51
 789 002c 0A000000 		.4byte	.LVL2
 790 0030 5C000000 		.4byte	.LFE33
 791 0034 0400     		.2byte	0x4
 792 0036 F3       		.byte	0xf3
 793 0037 01       		.uleb128 0x1
 794 0038 51       		.byte	0x51
ARM GAS  C:\Users\Sven\AppData\Local\Temp\ccWiejl2.s 			page 16


 795 0039 9F       		.byte	0x9f
 796 003a 00000000 		.4byte	0
 797 003e 00000000 		.4byte	0
 798              	.LLST2:
 799 0042 00000000 		.4byte	.LVL7
 800 0046 08000000 		.4byte	.LVL8
 801 004a 0100     		.2byte	0x1
 802 004c 50       		.byte	0x50
 803 004d 08000000 		.4byte	.LVL8
 804 0051 64000000 		.4byte	.LFE34
 805 0055 0400     		.2byte	0x4
 806 0057 F3       		.byte	0xf3
 807 0058 01       		.uleb128 0x1
 808 0059 50       		.byte	0x50
 809 005a 9F       		.byte	0x9f
 810 005b 00000000 		.4byte	0
 811 005f 00000000 		.4byte	0
 812              	.LLST3:
 813 0063 00000000 		.4byte	.LVL7
 814 0067 34000000 		.4byte	.LVL14
 815 006b 0200     		.2byte	0x2
 816 006d 30       		.byte	0x30
 817 006e 9F       		.byte	0x9f
 818 006f 34000000 		.4byte	.LVL14
 819 0073 44000000 		.4byte	.LVL15
 820 0077 0100     		.2byte	0x1
 821 0079 50       		.byte	0x50
 822 007a 44000000 		.4byte	.LVL15
 823 007e 56000000 		.4byte	.LVL16
 824 0082 0200     		.2byte	0x2
 825 0084 30       		.byte	0x30
 826 0085 9F       		.byte	0x9f
 827 0086 56000000 		.4byte	.LVL16
 828 008a 64000000 		.4byte	.LFE34
 829 008e 0100     		.2byte	0x1
 830 0090 50       		.byte	0x50
 831 0091 00000000 		.4byte	0
 832 0095 00000000 		.4byte	0
 833              		.section	.debug_aranges,"",%progbits
 834 0000 24000000 		.4byte	0x24
 835 0004 0200     		.2byte	0x2
 836 0006 00000000 		.4byte	.Ldebug_info0
 837 000a 04       		.byte	0x4
 838 000b 00       		.byte	0
 839 000c 0000     		.2byte	0
 840 000e 0000     		.2byte	0
 841 0010 00000000 		.4byte	.LFB33
 842 0014 5C000000 		.4byte	.LFE33-.LFB33
 843 0018 00000000 		.4byte	.LFB34
 844 001c 64000000 		.4byte	.LFE34-.LFB34
 845 0020 00000000 		.4byte	0
 846 0024 00000000 		.4byte	0
 847              		.section	.debug_ranges,"",%progbits
 848              	.Ldebug_ranges0:
 849 0000 00000000 		.4byte	.LFB33
 850 0004 5C000000 		.4byte	.LFE33
 851 0008 00000000 		.4byte	.LFB34
ARM GAS  C:\Users\Sven\AppData\Local\Temp\ccWiejl2.s 			page 17


 852 000c 64000000 		.4byte	.LFE34
 853 0010 00000000 		.4byte	0
 854 0014 00000000 		.4byte	0
 855              		.section	.debug_line,"",%progbits
 856              	.Ldebug_line0:
 857 0000 BC010000 		.section	.debug_str,"MS",%progbits,1
 857      02005301 
 857      00000201 
 857      FB0E0D00 
 857      01010101 
 858              	.LASF17:
 859 0000 72656733 		.ascii	"reg32\000"
 859      3200
 860              	.LASF3:
 861 0006 5F5F7569 		.ascii	"__uint8_t\000"
 861      6E74385F 
 861      7400
 862              	.LASF20:
 863 0010 76616C75 		.ascii	"value\000"
 863      6500
 864              	.LASF11:
 865 0016 75696E74 		.ascii	"uint8_t\000"
 865      385F7400 
 866              	.LASF24:
 867 001e 474E5520 		.ascii	"GNU C 4.8.4 20140526 (release) [ARM/embedded-4_8-br"
 867      4320342E 
 867      382E3420 
 867      32303134 
 867      30353236 
 868 0051 616E6368 		.ascii	"anch revision 211358] -mcpu=cortex-m0 -mthumb -g -O"
 868      20726576 
 868      6973696F 
 868      6E203231 
 868      31333538 
 869 0084 73202D66 		.ascii	"s -ffunction-sections -finline-functions\000"
 869      66756E63 
 869      74696F6E 
 869      2D736563 
 869      74696F6E 
 870              	.LASF14:
 871 00ad 666C6F61 		.ascii	"float\000"
 871      7400
 872              	.LASF26:
 873 00b3 453A5C44 		.ascii	"E:\\Dokumente\\GitHub\\T-50_Project\\Software\\T-50"
 873      6F6B756D 
 873      656E7465 
 873      5C476974 
 873      4875625C 
 874 00e1 5F50726F 		.ascii	"_Project\\T-50_Project.cydsn\000"
 874      6A656374 
 874      5C542D35 
 874      305F5072 
 874      6F6A6563 
 875              	.LASF1:
 876 00fd 756E7369 		.ascii	"unsigned char\000"
 876      676E6564 
 876      20636861 
ARM GAS  C:\Users\Sven\AppData\Local\Temp\ccWiejl2.s 			page 18


 876      7200
 877              	.LASF7:
 878 010b 6C6F6E67 		.ascii	"long unsigned int\000"
 878      20756E73 
 878      69676E65 
 878      6420696E 
 878      7400
 879              	.LASF23:
 880 011d 4932434D 		.ascii	"I2CM_I2CMasterSendRestart\000"
 880      5F493243 
 880      4D617374 
 880      65725365 
 880      6E645265 
 881              	.LASF5:
 882 0137 73686F72 		.ascii	"short unsigned int\000"
 882      7420756E 
 882      7369676E 
 882      65642069 
 882      6E7400
 883              	.LASF4:
 884 014a 5F5F7569 		.ascii	"__uint16_t\000"
 884      6E743136 
 884      5F7400
 885              	.LASF15:
 886 0155 646F7562 		.ascii	"double\000"
 886      6C6500
 887              	.LASF22:
 888 015c 4932434D 		.ascii	"I2CM_I2CMasterWriteByte\000"
 888      5F493243 
 888      4D617374 
 888      65725772 
 888      69746542 
 889              	.LASF2:
 890 0174 73686F72 		.ascii	"short int\000"
 890      7420696E 
 890      7400
 891              	.LASF13:
 892 017e 75696E74 		.ascii	"uint32\000"
 892      333200
 893              	.LASF10:
 894 0185 756E7369 		.ascii	"unsigned int\000"
 894      676E6564 
 894      20696E74 
 894      00
 895              	.LASF9:
 896 0192 6C6F6E67 		.ascii	"long long unsigned int\000"
 896      206C6F6E 
 896      6720756E 
 896      7369676E 
 896      65642069 
 897              	.LASF25:
 898 01a9 2E5C4545 		.ascii	".\\EEPROM.c\000"
 898      50524F4D 
 898      2E6300
 899              	.LASF27:
 900 01b4 45455052 		.ascii	"EEPROM_write\000"
 900      4F4D5F77 
ARM GAS  C:\Users\Sven\AppData\Local\Temp\ccWiejl2.s 			page 19


 900      72697465 
 900      00
 901              	.LASF28:
 902 01c1 45455052 		.ascii	"EEPROM_read\000"
 902      4F4D5F72 
 902      65616400 
 903              	.LASF18:
 904 01cd 73697A65 		.ascii	"sizetype\000"
 904      74797065 
 904      00
 905              	.LASF8:
 906 01d6 6C6F6E67 		.ascii	"long long int\000"
 906      206C6F6E 
 906      6720696E 
 906      7400
 907              	.LASF16:
 908 01e4 63686172 		.ascii	"char\000"
 908      00
 909              	.LASF29:
 910 01e9 65657072 		.ascii	"eeprom_conn\000"
 910      6F6D5F63 
 910      6F6E6E00 
 911              	.LASF12:
 912 01f5 75696E74 		.ascii	"uint16_t\000"
 912      31365F74 
 912      00
 913              	.LASF21:
 914 01fe 4932434D 		.ascii	"I2CM_I2CMasterSendStart\000"
 914      5F493243 
 914      4D617374 
 914      65725365 
 914      6E645374 
 915              	.LASF6:
 916 0216 6C6F6E67 		.ascii	"long int\000"
 916      20696E74 
 916      00
 917              	.LASF0:
 918 021f 7369676E 		.ascii	"signed char\000"
 918      65642063 
 918      68617200 
 919              	.LASF30:
 920 022b 4932434D 		.ascii	"I2CM_I2CMasterReadByte\000"
 920      5F493243 
 920      4D617374 
 920      65725265 
 920      61644279 
 921              	.LASF19:
 922 0242 6D656D5F 		.ascii	"mem_address\000"
 922      61646472 
 922      65737300 
 923              		.ident	"GCC: (GNU Tools for ARM Embedded Processors) 4.8.4 20140526 (release) [ARM/embedded-4_8-br
