ARM GAS  C:\Users\SNFU\AppData\Local\Temp\ccsnJECf.s 			page 1


   1              		.cpu cortex-m0
   2              		.fpu softvfp
   3              		.eabi_attribute 20, 1
   4              		.eabi_attribute 21, 1
   5              		.eabi_attribute 23, 3
   6              		.eabi_attribute 24, 1
   7              		.eabi_attribute 25, 1
   8              		.eabi_attribute 26, 1
   9              		.eabi_attribute 30, 4
  10              		.eabi_attribute 34, 0
  11              		.eabi_attribute 18, 4
  12              		.code	16
  13              		.file	"I2CM_SCB_IRQ.c"
  14              		.text
  15              	.Ltext0:
  16              		.cfi_sections	.debug_frame
  17              		.section	.text.I2CM_SCB_IRQ_Interrupt,"ax",%progbits
  18              		.align	1
  19              		.global	I2CM_SCB_IRQ_Interrupt
  20              		.code	16
  21              		.thumb_func
  22              		.type	I2CM_SCB_IRQ_Interrupt, %function
  23              	I2CM_SCB_IRQ_Interrupt:
  24              	.LFB3:
  25              		.file 1 ".\\Generated_Source\\PSoC4\\I2CM_SCB_IRQ.c"
   1:.\Generated_Source\PSoC4/I2CM_SCB_IRQ.c **** /*******************************************************************************
   2:.\Generated_Source\PSoC4/I2CM_SCB_IRQ.c **** * File Name: I2CM_SCB_IRQ.c  
   3:.\Generated_Source\PSoC4/I2CM_SCB_IRQ.c **** * Version 1.70
   4:.\Generated_Source\PSoC4/I2CM_SCB_IRQ.c **** *
   5:.\Generated_Source\PSoC4/I2CM_SCB_IRQ.c **** *  Description:
   6:.\Generated_Source\PSoC4/I2CM_SCB_IRQ.c **** *   API for controlling the state of an interrupt.
   7:.\Generated_Source\PSoC4/I2CM_SCB_IRQ.c **** *
   8:.\Generated_Source\PSoC4/I2CM_SCB_IRQ.c **** *
   9:.\Generated_Source\PSoC4/I2CM_SCB_IRQ.c **** *  Note:
  10:.\Generated_Source\PSoC4/I2CM_SCB_IRQ.c **** *
  11:.\Generated_Source\PSoC4/I2CM_SCB_IRQ.c **** ********************************************************************************
  12:.\Generated_Source\PSoC4/I2CM_SCB_IRQ.c **** * Copyright 2008-2012, Cypress Semiconductor Corporation.  All rights reserved.
  13:.\Generated_Source\PSoC4/I2CM_SCB_IRQ.c **** * You may use this file only in accordance with the license, terms, conditions, 
  14:.\Generated_Source\PSoC4/I2CM_SCB_IRQ.c **** * disclaimers, and limitations in the end user license agreement accompanying 
  15:.\Generated_Source\PSoC4/I2CM_SCB_IRQ.c **** * the software package with which this file was provided.
  16:.\Generated_Source\PSoC4/I2CM_SCB_IRQ.c **** *******************************************************************************/
  17:.\Generated_Source\PSoC4/I2CM_SCB_IRQ.c **** 
  18:.\Generated_Source\PSoC4/I2CM_SCB_IRQ.c **** 
  19:.\Generated_Source\PSoC4/I2CM_SCB_IRQ.c **** #include <cydevice_trm.h>
  20:.\Generated_Source\PSoC4/I2CM_SCB_IRQ.c **** #include <CyLib.h>
  21:.\Generated_Source\PSoC4/I2CM_SCB_IRQ.c **** #include <I2CM_SCB_IRQ.h>
  22:.\Generated_Source\PSoC4/I2CM_SCB_IRQ.c **** 
  23:.\Generated_Source\PSoC4/I2CM_SCB_IRQ.c **** #if !defined(I2CM_SCB_IRQ__REMOVED) /* Check for removal by optimization */
  24:.\Generated_Source\PSoC4/I2CM_SCB_IRQ.c **** 
  25:.\Generated_Source\PSoC4/I2CM_SCB_IRQ.c **** /*******************************************************************************
  26:.\Generated_Source\PSoC4/I2CM_SCB_IRQ.c **** *  Place your includes, defines and code here 
  27:.\Generated_Source\PSoC4/I2CM_SCB_IRQ.c **** ********************************************************************************/
  28:.\Generated_Source\PSoC4/I2CM_SCB_IRQ.c **** /* `#START I2CM_SCB_IRQ_intc` */
  29:.\Generated_Source\PSoC4/I2CM_SCB_IRQ.c **** 
  30:.\Generated_Source\PSoC4/I2CM_SCB_IRQ.c **** /* `#END` */
  31:.\Generated_Source\PSoC4/I2CM_SCB_IRQ.c **** 
  32:.\Generated_Source\PSoC4/I2CM_SCB_IRQ.c **** extern cyisraddress CyRamVectors[CYINT_IRQ_BASE + CY_NUM_INTERRUPTS];
ARM GAS  C:\Users\SNFU\AppData\Local\Temp\ccsnJECf.s 			page 2


  33:.\Generated_Source\PSoC4/I2CM_SCB_IRQ.c **** 
  34:.\Generated_Source\PSoC4/I2CM_SCB_IRQ.c **** /* Declared in startup, used to set unused interrupts to. */
  35:.\Generated_Source\PSoC4/I2CM_SCB_IRQ.c **** CY_ISR_PROTO(IntDefaultHandler);
  36:.\Generated_Source\PSoC4/I2CM_SCB_IRQ.c **** 
  37:.\Generated_Source\PSoC4/I2CM_SCB_IRQ.c **** 
  38:.\Generated_Source\PSoC4/I2CM_SCB_IRQ.c **** /*******************************************************************************
  39:.\Generated_Source\PSoC4/I2CM_SCB_IRQ.c **** * Function Name: I2CM_SCB_IRQ_Start
  40:.\Generated_Source\PSoC4/I2CM_SCB_IRQ.c **** ********************************************************************************
  41:.\Generated_Source\PSoC4/I2CM_SCB_IRQ.c **** *
  42:.\Generated_Source\PSoC4/I2CM_SCB_IRQ.c **** * Summary:
  43:.\Generated_Source\PSoC4/I2CM_SCB_IRQ.c **** *  Set up the interrupt and enable it.
  44:.\Generated_Source\PSoC4/I2CM_SCB_IRQ.c **** *
  45:.\Generated_Source\PSoC4/I2CM_SCB_IRQ.c **** * Parameters:  
  46:.\Generated_Source\PSoC4/I2CM_SCB_IRQ.c **** *   None
  47:.\Generated_Source\PSoC4/I2CM_SCB_IRQ.c **** *
  48:.\Generated_Source\PSoC4/I2CM_SCB_IRQ.c **** * Return:
  49:.\Generated_Source\PSoC4/I2CM_SCB_IRQ.c **** *   None
  50:.\Generated_Source\PSoC4/I2CM_SCB_IRQ.c **** *
  51:.\Generated_Source\PSoC4/I2CM_SCB_IRQ.c **** *******************************************************************************/
  52:.\Generated_Source\PSoC4/I2CM_SCB_IRQ.c **** void I2CM_SCB_IRQ_Start(void)
  53:.\Generated_Source\PSoC4/I2CM_SCB_IRQ.c **** {
  54:.\Generated_Source\PSoC4/I2CM_SCB_IRQ.c ****     /* For all we know the interrupt is active. */
  55:.\Generated_Source\PSoC4/I2CM_SCB_IRQ.c ****     I2CM_SCB_IRQ_Disable();
  56:.\Generated_Source\PSoC4/I2CM_SCB_IRQ.c **** 
  57:.\Generated_Source\PSoC4/I2CM_SCB_IRQ.c ****     /* Set the ISR to point to the I2CM_SCB_IRQ Interrupt. */
  58:.\Generated_Source\PSoC4/I2CM_SCB_IRQ.c ****     I2CM_SCB_IRQ_SetVector(&I2CM_SCB_IRQ_Interrupt);
  59:.\Generated_Source\PSoC4/I2CM_SCB_IRQ.c **** 
  60:.\Generated_Source\PSoC4/I2CM_SCB_IRQ.c ****     /* Set the priority. */
  61:.\Generated_Source\PSoC4/I2CM_SCB_IRQ.c ****     I2CM_SCB_IRQ_SetPriority((uint8)I2CM_SCB_IRQ_INTC_PRIOR_NUMBER);
  62:.\Generated_Source\PSoC4/I2CM_SCB_IRQ.c **** 
  63:.\Generated_Source\PSoC4/I2CM_SCB_IRQ.c ****     /* Enable it. */
  64:.\Generated_Source\PSoC4/I2CM_SCB_IRQ.c ****     I2CM_SCB_IRQ_Enable();
  65:.\Generated_Source\PSoC4/I2CM_SCB_IRQ.c **** }
  66:.\Generated_Source\PSoC4/I2CM_SCB_IRQ.c **** 
  67:.\Generated_Source\PSoC4/I2CM_SCB_IRQ.c **** 
  68:.\Generated_Source\PSoC4/I2CM_SCB_IRQ.c **** /*******************************************************************************
  69:.\Generated_Source\PSoC4/I2CM_SCB_IRQ.c **** * Function Name: I2CM_SCB_IRQ_StartEx
  70:.\Generated_Source\PSoC4/I2CM_SCB_IRQ.c **** ********************************************************************************
  71:.\Generated_Source\PSoC4/I2CM_SCB_IRQ.c **** *
  72:.\Generated_Source\PSoC4/I2CM_SCB_IRQ.c **** * Summary:
  73:.\Generated_Source\PSoC4/I2CM_SCB_IRQ.c **** *  Set up the interrupt and enable it.
  74:.\Generated_Source\PSoC4/I2CM_SCB_IRQ.c **** *
  75:.\Generated_Source\PSoC4/I2CM_SCB_IRQ.c **** * Parameters:  
  76:.\Generated_Source\PSoC4/I2CM_SCB_IRQ.c **** *   address: Address of the ISR to set in the interrupt vector table.
  77:.\Generated_Source\PSoC4/I2CM_SCB_IRQ.c **** *
  78:.\Generated_Source\PSoC4/I2CM_SCB_IRQ.c **** * Return:
  79:.\Generated_Source\PSoC4/I2CM_SCB_IRQ.c **** *   None
  80:.\Generated_Source\PSoC4/I2CM_SCB_IRQ.c **** *
  81:.\Generated_Source\PSoC4/I2CM_SCB_IRQ.c **** *******************************************************************************/
  82:.\Generated_Source\PSoC4/I2CM_SCB_IRQ.c **** void I2CM_SCB_IRQ_StartEx(cyisraddress address)
  83:.\Generated_Source\PSoC4/I2CM_SCB_IRQ.c **** {
  84:.\Generated_Source\PSoC4/I2CM_SCB_IRQ.c ****     /* For all we know the interrupt is active. */
  85:.\Generated_Source\PSoC4/I2CM_SCB_IRQ.c ****     I2CM_SCB_IRQ_Disable();
  86:.\Generated_Source\PSoC4/I2CM_SCB_IRQ.c **** 
  87:.\Generated_Source\PSoC4/I2CM_SCB_IRQ.c ****     /* Set the ISR to point to the I2CM_SCB_IRQ Interrupt. */
  88:.\Generated_Source\PSoC4/I2CM_SCB_IRQ.c ****     I2CM_SCB_IRQ_SetVector(address);
  89:.\Generated_Source\PSoC4/I2CM_SCB_IRQ.c **** 
ARM GAS  C:\Users\SNFU\AppData\Local\Temp\ccsnJECf.s 			page 3


  90:.\Generated_Source\PSoC4/I2CM_SCB_IRQ.c ****     /* Set the priority. */
  91:.\Generated_Source\PSoC4/I2CM_SCB_IRQ.c ****     I2CM_SCB_IRQ_SetPriority((uint8)I2CM_SCB_IRQ_INTC_PRIOR_NUMBER);
  92:.\Generated_Source\PSoC4/I2CM_SCB_IRQ.c **** 
  93:.\Generated_Source\PSoC4/I2CM_SCB_IRQ.c ****     /* Enable it. */
  94:.\Generated_Source\PSoC4/I2CM_SCB_IRQ.c ****     I2CM_SCB_IRQ_Enable();
  95:.\Generated_Source\PSoC4/I2CM_SCB_IRQ.c **** }
  96:.\Generated_Source\PSoC4/I2CM_SCB_IRQ.c **** 
  97:.\Generated_Source\PSoC4/I2CM_SCB_IRQ.c **** 
  98:.\Generated_Source\PSoC4/I2CM_SCB_IRQ.c **** /*******************************************************************************
  99:.\Generated_Source\PSoC4/I2CM_SCB_IRQ.c **** * Function Name: I2CM_SCB_IRQ_Stop
 100:.\Generated_Source\PSoC4/I2CM_SCB_IRQ.c **** ********************************************************************************
 101:.\Generated_Source\PSoC4/I2CM_SCB_IRQ.c **** *
 102:.\Generated_Source\PSoC4/I2CM_SCB_IRQ.c **** * Summary:
 103:.\Generated_Source\PSoC4/I2CM_SCB_IRQ.c **** *   Disables and removes the interrupt.
 104:.\Generated_Source\PSoC4/I2CM_SCB_IRQ.c **** *
 105:.\Generated_Source\PSoC4/I2CM_SCB_IRQ.c **** * Parameters:  
 106:.\Generated_Source\PSoC4/I2CM_SCB_IRQ.c **** *
 107:.\Generated_Source\PSoC4/I2CM_SCB_IRQ.c **** * Return:
 108:.\Generated_Source\PSoC4/I2CM_SCB_IRQ.c **** *   None
 109:.\Generated_Source\PSoC4/I2CM_SCB_IRQ.c **** *
 110:.\Generated_Source\PSoC4/I2CM_SCB_IRQ.c **** *******************************************************************************/
 111:.\Generated_Source\PSoC4/I2CM_SCB_IRQ.c **** void I2CM_SCB_IRQ_Stop(void)
 112:.\Generated_Source\PSoC4/I2CM_SCB_IRQ.c **** {
 113:.\Generated_Source\PSoC4/I2CM_SCB_IRQ.c ****     /* Disable this interrupt. */
 114:.\Generated_Source\PSoC4/I2CM_SCB_IRQ.c ****     I2CM_SCB_IRQ_Disable();
 115:.\Generated_Source\PSoC4/I2CM_SCB_IRQ.c **** 
 116:.\Generated_Source\PSoC4/I2CM_SCB_IRQ.c ****     /* Set the ISR to point to the passive one. */
 117:.\Generated_Source\PSoC4/I2CM_SCB_IRQ.c ****     I2CM_SCB_IRQ_SetVector(&IntDefaultHandler);
 118:.\Generated_Source\PSoC4/I2CM_SCB_IRQ.c **** }
 119:.\Generated_Source\PSoC4/I2CM_SCB_IRQ.c **** 
 120:.\Generated_Source\PSoC4/I2CM_SCB_IRQ.c **** 
 121:.\Generated_Source\PSoC4/I2CM_SCB_IRQ.c **** /*******************************************************************************
 122:.\Generated_Source\PSoC4/I2CM_SCB_IRQ.c **** * Function Name: I2CM_SCB_IRQ_Interrupt
 123:.\Generated_Source\PSoC4/I2CM_SCB_IRQ.c **** ********************************************************************************
 124:.\Generated_Source\PSoC4/I2CM_SCB_IRQ.c **** *
 125:.\Generated_Source\PSoC4/I2CM_SCB_IRQ.c **** * Summary:
 126:.\Generated_Source\PSoC4/I2CM_SCB_IRQ.c **** *   The default Interrupt Service Routine for I2CM_SCB_IRQ.
 127:.\Generated_Source\PSoC4/I2CM_SCB_IRQ.c **** *
 128:.\Generated_Source\PSoC4/I2CM_SCB_IRQ.c **** *   Add custom code between the coments to keep the next version of this file
 129:.\Generated_Source\PSoC4/I2CM_SCB_IRQ.c **** *   from over writting your code.
 130:.\Generated_Source\PSoC4/I2CM_SCB_IRQ.c **** *
 131:.\Generated_Source\PSoC4/I2CM_SCB_IRQ.c **** * Parameters:  
 132:.\Generated_Source\PSoC4/I2CM_SCB_IRQ.c **** *   None
 133:.\Generated_Source\PSoC4/I2CM_SCB_IRQ.c **** *
 134:.\Generated_Source\PSoC4/I2CM_SCB_IRQ.c **** * Return:
 135:.\Generated_Source\PSoC4/I2CM_SCB_IRQ.c **** *   None
 136:.\Generated_Source\PSoC4/I2CM_SCB_IRQ.c **** *
 137:.\Generated_Source\PSoC4/I2CM_SCB_IRQ.c **** *******************************************************************************/
 138:.\Generated_Source\PSoC4/I2CM_SCB_IRQ.c **** CY_ISR(I2CM_SCB_IRQ_Interrupt)
 139:.\Generated_Source\PSoC4/I2CM_SCB_IRQ.c **** {
  26              		.loc 1 139 0
  27              		.cfi_startproc
 140:.\Generated_Source\PSoC4/I2CM_SCB_IRQ.c ****     /*  Place your Interrupt code here. */
 141:.\Generated_Source\PSoC4/I2CM_SCB_IRQ.c ****     /* `#START I2CM_SCB_IRQ_Interrupt` */
 142:.\Generated_Source\PSoC4/I2CM_SCB_IRQ.c **** 
 143:.\Generated_Source\PSoC4/I2CM_SCB_IRQ.c ****     /* `#END` */
 144:.\Generated_Source\PSoC4/I2CM_SCB_IRQ.c **** }
ARM GAS  C:\Users\SNFU\AppData\Local\Temp\ccsnJECf.s 			page 4


  28              		.loc 1 144 0
  29              		@ sp needed
  30 0000 7047     		bx	lr
  31              		.cfi_endproc
  32              	.LFE3:
  33              		.size	I2CM_SCB_IRQ_Interrupt, .-I2CM_SCB_IRQ_Interrupt
  34              		.section	.text.I2CM_SCB_IRQ_Stop,"ax",%progbits
  35              		.align	1
  36              		.global	I2CM_SCB_IRQ_Stop
  37              		.code	16
  38              		.thumb_func
  39              		.type	I2CM_SCB_IRQ_Stop, %function
  40              	I2CM_SCB_IRQ_Stop:
  41              	.LFB2:
 112:.\Generated_Source\PSoC4/I2CM_SCB_IRQ.c **** {
  42              		.loc 1 112 0
  43              		.cfi_startproc
  44              	.LBB18:
  45              	.LBB19:
 145:.\Generated_Source\PSoC4/I2CM_SCB_IRQ.c **** 
 146:.\Generated_Source\PSoC4/I2CM_SCB_IRQ.c **** 
 147:.\Generated_Source\PSoC4/I2CM_SCB_IRQ.c **** /*******************************************************************************
 148:.\Generated_Source\PSoC4/I2CM_SCB_IRQ.c **** * Function Name: I2CM_SCB_IRQ_SetVector
 149:.\Generated_Source\PSoC4/I2CM_SCB_IRQ.c **** ********************************************************************************
 150:.\Generated_Source\PSoC4/I2CM_SCB_IRQ.c **** *
 151:.\Generated_Source\PSoC4/I2CM_SCB_IRQ.c **** * Summary:
 152:.\Generated_Source\PSoC4/I2CM_SCB_IRQ.c **** *   Change the ISR vector for the Interrupt. Note calling I2CM_SCB_IRQ_Start
 153:.\Generated_Source\PSoC4/I2CM_SCB_IRQ.c **** *   will override any effect this method would have had. To set the vector 
 154:.\Generated_Source\PSoC4/I2CM_SCB_IRQ.c **** *   before the component has been started use I2CM_SCB_IRQ_StartEx instead.
 155:.\Generated_Source\PSoC4/I2CM_SCB_IRQ.c **** *
 156:.\Generated_Source\PSoC4/I2CM_SCB_IRQ.c **** * Parameters:
 157:.\Generated_Source\PSoC4/I2CM_SCB_IRQ.c **** *   address: Address of the ISR to set in the interrupt vector table.
 158:.\Generated_Source\PSoC4/I2CM_SCB_IRQ.c **** *
 159:.\Generated_Source\PSoC4/I2CM_SCB_IRQ.c **** * Return:
 160:.\Generated_Source\PSoC4/I2CM_SCB_IRQ.c **** *   None
 161:.\Generated_Source\PSoC4/I2CM_SCB_IRQ.c **** *
 162:.\Generated_Source\PSoC4/I2CM_SCB_IRQ.c **** *******************************************************************************/
 163:.\Generated_Source\PSoC4/I2CM_SCB_IRQ.c **** void I2CM_SCB_IRQ_SetVector(cyisraddress address)
 164:.\Generated_Source\PSoC4/I2CM_SCB_IRQ.c **** {
 165:.\Generated_Source\PSoC4/I2CM_SCB_IRQ.c ****     CyRamVectors[CYINT_IRQ_BASE + I2CM_SCB_IRQ__INTC_NUMBER] = address;
 166:.\Generated_Source\PSoC4/I2CM_SCB_IRQ.c **** }
 167:.\Generated_Source\PSoC4/I2CM_SCB_IRQ.c **** 
 168:.\Generated_Source\PSoC4/I2CM_SCB_IRQ.c **** 
 169:.\Generated_Source\PSoC4/I2CM_SCB_IRQ.c **** /*******************************************************************************
 170:.\Generated_Source\PSoC4/I2CM_SCB_IRQ.c **** * Function Name: I2CM_SCB_IRQ_GetVector
 171:.\Generated_Source\PSoC4/I2CM_SCB_IRQ.c **** ********************************************************************************
 172:.\Generated_Source\PSoC4/I2CM_SCB_IRQ.c **** *
 173:.\Generated_Source\PSoC4/I2CM_SCB_IRQ.c **** * Summary:
 174:.\Generated_Source\PSoC4/I2CM_SCB_IRQ.c **** *   Gets the "address" of the current ISR vector for the Interrupt.
 175:.\Generated_Source\PSoC4/I2CM_SCB_IRQ.c **** *
 176:.\Generated_Source\PSoC4/I2CM_SCB_IRQ.c **** * Parameters:
 177:.\Generated_Source\PSoC4/I2CM_SCB_IRQ.c **** *   None
 178:.\Generated_Source\PSoC4/I2CM_SCB_IRQ.c **** *
 179:.\Generated_Source\PSoC4/I2CM_SCB_IRQ.c **** * Return:
 180:.\Generated_Source\PSoC4/I2CM_SCB_IRQ.c **** *   Address of the ISR in the interrupt vector table.
 181:.\Generated_Source\PSoC4/I2CM_SCB_IRQ.c **** *
 182:.\Generated_Source\PSoC4/I2CM_SCB_IRQ.c **** *******************************************************************************/
ARM GAS  C:\Users\SNFU\AppData\Local\Temp\ccsnJECf.s 			page 5


 183:.\Generated_Source\PSoC4/I2CM_SCB_IRQ.c **** cyisraddress I2CM_SCB_IRQ_GetVector(void)
 184:.\Generated_Source\PSoC4/I2CM_SCB_IRQ.c **** {
 185:.\Generated_Source\PSoC4/I2CM_SCB_IRQ.c ****     return CyRamVectors[CYINT_IRQ_BASE + I2CM_SCB_IRQ__INTC_NUMBER];
 186:.\Generated_Source\PSoC4/I2CM_SCB_IRQ.c **** }
 187:.\Generated_Source\PSoC4/I2CM_SCB_IRQ.c **** 
 188:.\Generated_Source\PSoC4/I2CM_SCB_IRQ.c **** 
 189:.\Generated_Source\PSoC4/I2CM_SCB_IRQ.c **** /*******************************************************************************
 190:.\Generated_Source\PSoC4/I2CM_SCB_IRQ.c **** * Function Name: I2CM_SCB_IRQ_SetPriority
 191:.\Generated_Source\PSoC4/I2CM_SCB_IRQ.c **** ********************************************************************************
 192:.\Generated_Source\PSoC4/I2CM_SCB_IRQ.c **** *
 193:.\Generated_Source\PSoC4/I2CM_SCB_IRQ.c **** * Summary:
 194:.\Generated_Source\PSoC4/I2CM_SCB_IRQ.c **** *   Sets the Priority of the Interrupt. Note calling I2CM_SCB_IRQ_Start
 195:.\Generated_Source\PSoC4/I2CM_SCB_IRQ.c **** *   or I2CM_SCB_IRQ_StartEx will override any effect this method would 
 196:.\Generated_Source\PSoC4/I2CM_SCB_IRQ.c **** *   have had. This method should only be called after I2CM_SCB_IRQ_Start or 
 197:.\Generated_Source\PSoC4/I2CM_SCB_IRQ.c **** *   I2CM_SCB_IRQ_StartEx has been called. To set the initial
 198:.\Generated_Source\PSoC4/I2CM_SCB_IRQ.c **** *   priority for the component use the cydwr file in the tool.
 199:.\Generated_Source\PSoC4/I2CM_SCB_IRQ.c **** *
 200:.\Generated_Source\PSoC4/I2CM_SCB_IRQ.c **** * Parameters:
 201:.\Generated_Source\PSoC4/I2CM_SCB_IRQ.c **** *   priority: Priority of the interrupt. 0 - 3, 0 being the highest.
 202:.\Generated_Source\PSoC4/I2CM_SCB_IRQ.c **** *
 203:.\Generated_Source\PSoC4/I2CM_SCB_IRQ.c **** * Return:
 204:.\Generated_Source\PSoC4/I2CM_SCB_IRQ.c **** *   None
 205:.\Generated_Source\PSoC4/I2CM_SCB_IRQ.c **** *
 206:.\Generated_Source\PSoC4/I2CM_SCB_IRQ.c **** *******************************************************************************/
 207:.\Generated_Source\PSoC4/I2CM_SCB_IRQ.c **** void I2CM_SCB_IRQ_SetPriority(uint8 priority)
 208:.\Generated_Source\PSoC4/I2CM_SCB_IRQ.c **** {
 209:.\Generated_Source\PSoC4/I2CM_SCB_IRQ.c **** 	uint8 interruptState;
 210:.\Generated_Source\PSoC4/I2CM_SCB_IRQ.c ****     uint32 priorityOffset = ((I2CM_SCB_IRQ__INTC_NUMBER % 4u) * 8u) + 6u;
 211:.\Generated_Source\PSoC4/I2CM_SCB_IRQ.c ****     
 212:.\Generated_Source\PSoC4/I2CM_SCB_IRQ.c **** 	interruptState = CyEnterCriticalSection();
 213:.\Generated_Source\PSoC4/I2CM_SCB_IRQ.c ****     *I2CM_SCB_IRQ_INTC_PRIOR = (*I2CM_SCB_IRQ_INTC_PRIOR & (uint32)(~I2CM_SCB_IRQ__INTC_PRIOR_MASK)
 214:.\Generated_Source\PSoC4/I2CM_SCB_IRQ.c ****                                     ((uint32)priority << priorityOffset);
 215:.\Generated_Source\PSoC4/I2CM_SCB_IRQ.c **** 	CyExitCriticalSection(interruptState);
 216:.\Generated_Source\PSoC4/I2CM_SCB_IRQ.c **** }
 217:.\Generated_Source\PSoC4/I2CM_SCB_IRQ.c **** 
 218:.\Generated_Source\PSoC4/I2CM_SCB_IRQ.c **** 
 219:.\Generated_Source\PSoC4/I2CM_SCB_IRQ.c **** /*******************************************************************************
 220:.\Generated_Source\PSoC4/I2CM_SCB_IRQ.c **** * Function Name: I2CM_SCB_IRQ_GetPriority
 221:.\Generated_Source\PSoC4/I2CM_SCB_IRQ.c **** ********************************************************************************
 222:.\Generated_Source\PSoC4/I2CM_SCB_IRQ.c **** *
 223:.\Generated_Source\PSoC4/I2CM_SCB_IRQ.c **** * Summary:
 224:.\Generated_Source\PSoC4/I2CM_SCB_IRQ.c **** *   Gets the Priority of the Interrupt.
 225:.\Generated_Source\PSoC4/I2CM_SCB_IRQ.c **** *
 226:.\Generated_Source\PSoC4/I2CM_SCB_IRQ.c **** * Parameters:
 227:.\Generated_Source\PSoC4/I2CM_SCB_IRQ.c **** *   None
 228:.\Generated_Source\PSoC4/I2CM_SCB_IRQ.c **** *
 229:.\Generated_Source\PSoC4/I2CM_SCB_IRQ.c **** * Return:
 230:.\Generated_Source\PSoC4/I2CM_SCB_IRQ.c **** *   Priority of the interrupt. 0 - 3, 0 being the highest.
 231:.\Generated_Source\PSoC4/I2CM_SCB_IRQ.c **** *
 232:.\Generated_Source\PSoC4/I2CM_SCB_IRQ.c **** *******************************************************************************/
 233:.\Generated_Source\PSoC4/I2CM_SCB_IRQ.c **** uint8 I2CM_SCB_IRQ_GetPriority(void)
 234:.\Generated_Source\PSoC4/I2CM_SCB_IRQ.c **** {
 235:.\Generated_Source\PSoC4/I2CM_SCB_IRQ.c ****     uint32 priority;
 236:.\Generated_Source\PSoC4/I2CM_SCB_IRQ.c **** 	uint32 priorityOffset = ((I2CM_SCB_IRQ__INTC_NUMBER % 4u) * 8u) + 6u;
 237:.\Generated_Source\PSoC4/I2CM_SCB_IRQ.c **** 
 238:.\Generated_Source\PSoC4/I2CM_SCB_IRQ.c ****     priority = (*I2CM_SCB_IRQ_INTC_PRIOR & I2CM_SCB_IRQ__INTC_PRIOR_MASK) >> priorityOffset;
 239:.\Generated_Source\PSoC4/I2CM_SCB_IRQ.c **** 
ARM GAS  C:\Users\SNFU\AppData\Local\Temp\ccsnJECf.s 			page 6


 240:.\Generated_Source\PSoC4/I2CM_SCB_IRQ.c ****     return (uint8)priority;
 241:.\Generated_Source\PSoC4/I2CM_SCB_IRQ.c **** }
 242:.\Generated_Source\PSoC4/I2CM_SCB_IRQ.c **** 
 243:.\Generated_Source\PSoC4/I2CM_SCB_IRQ.c **** 
 244:.\Generated_Source\PSoC4/I2CM_SCB_IRQ.c **** /*******************************************************************************
 245:.\Generated_Source\PSoC4/I2CM_SCB_IRQ.c **** * Function Name: I2CM_SCB_IRQ_Enable
 246:.\Generated_Source\PSoC4/I2CM_SCB_IRQ.c **** ********************************************************************************
 247:.\Generated_Source\PSoC4/I2CM_SCB_IRQ.c **** *
 248:.\Generated_Source\PSoC4/I2CM_SCB_IRQ.c **** * Summary:
 249:.\Generated_Source\PSoC4/I2CM_SCB_IRQ.c **** *   Enables the interrupt.
 250:.\Generated_Source\PSoC4/I2CM_SCB_IRQ.c **** *
 251:.\Generated_Source\PSoC4/I2CM_SCB_IRQ.c **** * Parameters:
 252:.\Generated_Source\PSoC4/I2CM_SCB_IRQ.c **** *   None
 253:.\Generated_Source\PSoC4/I2CM_SCB_IRQ.c **** *
 254:.\Generated_Source\PSoC4/I2CM_SCB_IRQ.c **** * Return:
 255:.\Generated_Source\PSoC4/I2CM_SCB_IRQ.c **** *   None
 256:.\Generated_Source\PSoC4/I2CM_SCB_IRQ.c **** *
 257:.\Generated_Source\PSoC4/I2CM_SCB_IRQ.c **** *******************************************************************************/
 258:.\Generated_Source\PSoC4/I2CM_SCB_IRQ.c **** void I2CM_SCB_IRQ_Enable(void)
 259:.\Generated_Source\PSoC4/I2CM_SCB_IRQ.c **** {
 260:.\Generated_Source\PSoC4/I2CM_SCB_IRQ.c ****     /* Enable the general interrupt. */
 261:.\Generated_Source\PSoC4/I2CM_SCB_IRQ.c ****     *I2CM_SCB_IRQ_INTC_SET_EN = I2CM_SCB_IRQ__INTC_MASK;
 262:.\Generated_Source\PSoC4/I2CM_SCB_IRQ.c **** }
 263:.\Generated_Source\PSoC4/I2CM_SCB_IRQ.c **** 
 264:.\Generated_Source\PSoC4/I2CM_SCB_IRQ.c **** 
 265:.\Generated_Source\PSoC4/I2CM_SCB_IRQ.c **** /*******************************************************************************
 266:.\Generated_Source\PSoC4/I2CM_SCB_IRQ.c **** * Function Name: I2CM_SCB_IRQ_GetState
 267:.\Generated_Source\PSoC4/I2CM_SCB_IRQ.c **** ********************************************************************************
 268:.\Generated_Source\PSoC4/I2CM_SCB_IRQ.c **** *
 269:.\Generated_Source\PSoC4/I2CM_SCB_IRQ.c **** * Summary:
 270:.\Generated_Source\PSoC4/I2CM_SCB_IRQ.c **** *   Gets the state (enabled, disabled) of the Interrupt.
 271:.\Generated_Source\PSoC4/I2CM_SCB_IRQ.c **** *
 272:.\Generated_Source\PSoC4/I2CM_SCB_IRQ.c **** * Parameters:
 273:.\Generated_Source\PSoC4/I2CM_SCB_IRQ.c **** *   None
 274:.\Generated_Source\PSoC4/I2CM_SCB_IRQ.c **** *
 275:.\Generated_Source\PSoC4/I2CM_SCB_IRQ.c **** * Return:
 276:.\Generated_Source\PSoC4/I2CM_SCB_IRQ.c **** *   1 if enabled, 0 if disabled.
 277:.\Generated_Source\PSoC4/I2CM_SCB_IRQ.c **** *
 278:.\Generated_Source\PSoC4/I2CM_SCB_IRQ.c **** *******************************************************************************/
 279:.\Generated_Source\PSoC4/I2CM_SCB_IRQ.c **** uint8 I2CM_SCB_IRQ_GetState(void)
 280:.\Generated_Source\PSoC4/I2CM_SCB_IRQ.c **** {
 281:.\Generated_Source\PSoC4/I2CM_SCB_IRQ.c ****     /* Get the state of the general interrupt. */
 282:.\Generated_Source\PSoC4/I2CM_SCB_IRQ.c ****     return ((*I2CM_SCB_IRQ_INTC_SET_EN & (uint32)I2CM_SCB_IRQ__INTC_MASK) != 0u) ? 1u:0u;
 283:.\Generated_Source\PSoC4/I2CM_SCB_IRQ.c **** }
 284:.\Generated_Source\PSoC4/I2CM_SCB_IRQ.c **** 
 285:.\Generated_Source\PSoC4/I2CM_SCB_IRQ.c **** 
 286:.\Generated_Source\PSoC4/I2CM_SCB_IRQ.c **** /*******************************************************************************
 287:.\Generated_Source\PSoC4/I2CM_SCB_IRQ.c **** * Function Name: I2CM_SCB_IRQ_Disable
 288:.\Generated_Source\PSoC4/I2CM_SCB_IRQ.c **** ********************************************************************************
 289:.\Generated_Source\PSoC4/I2CM_SCB_IRQ.c **** *
 290:.\Generated_Source\PSoC4/I2CM_SCB_IRQ.c **** * Summary:
 291:.\Generated_Source\PSoC4/I2CM_SCB_IRQ.c **** *   Disables the Interrupt.
 292:.\Generated_Source\PSoC4/I2CM_SCB_IRQ.c **** *
 293:.\Generated_Source\PSoC4/I2CM_SCB_IRQ.c **** * Parameters:
 294:.\Generated_Source\PSoC4/I2CM_SCB_IRQ.c **** *   None
 295:.\Generated_Source\PSoC4/I2CM_SCB_IRQ.c **** *
 296:.\Generated_Source\PSoC4/I2CM_SCB_IRQ.c **** * Return:
ARM GAS  C:\Users\SNFU\AppData\Local\Temp\ccsnJECf.s 			page 7


 297:.\Generated_Source\PSoC4/I2CM_SCB_IRQ.c **** *   None
 298:.\Generated_Source\PSoC4/I2CM_SCB_IRQ.c **** *
 299:.\Generated_Source\PSoC4/I2CM_SCB_IRQ.c **** *******************************************************************************/
 300:.\Generated_Source\PSoC4/I2CM_SCB_IRQ.c **** void I2CM_SCB_IRQ_Disable(void)
 301:.\Generated_Source\PSoC4/I2CM_SCB_IRQ.c **** {
 302:.\Generated_Source\PSoC4/I2CM_SCB_IRQ.c ****     /* Disable the general interrupt. */
 303:.\Generated_Source\PSoC4/I2CM_SCB_IRQ.c ****     *I2CM_SCB_IRQ_INTC_CLR_EN = I2CM_SCB_IRQ__INTC_MASK;
  46              		.loc 1 303 0
  47 0000 034B     		ldr	r3, .L3
  48 0002 8022     		mov	r2, #128
  49 0004 1201     		lsl	r2, r2, #4
  50 0006 1A60     		str	r2, [r3]
  51              	.LVL0:
  52              	.LBE19:
  53              	.LBE18:
  54              	.LBB20:
  55              	.LBB21:
 165:.\Generated_Source\PSoC4/I2CM_SCB_IRQ.c ****     CyRamVectors[CYINT_IRQ_BASE + I2CM_SCB_IRQ__INTC_NUMBER] = address;
  56              		.loc 1 165 0
  57 0008 024A     		ldr	r2, .L3+4
  58 000a 034B     		ldr	r3, .L3+8
  59              	.LBE21:
  60              	.LBE20:
 118:.\Generated_Source\PSoC4/I2CM_SCB_IRQ.c **** }
  61              		.loc 1 118 0
  62              		@ sp needed
  63              	.LBB23:
  64              	.LBB22:
 165:.\Generated_Source\PSoC4/I2CM_SCB_IRQ.c ****     CyRamVectors[CYINT_IRQ_BASE + I2CM_SCB_IRQ__INTC_NUMBER] = address;
  65              		.loc 1 165 0
  66 000c DA66     		str	r2, [r3, #108]
  67              	.LBE22:
  68              	.LBE23:
 118:.\Generated_Source\PSoC4/I2CM_SCB_IRQ.c **** }
  69              		.loc 1 118 0
  70 000e 7047     		bx	lr
  71              	.L4:
  72              		.align	2
  73              	.L3:
  74 0010 80E100E0 		.word	-536813184
  75 0014 00000000 		.word	IntDefaultHandler
  76 0018 00000000 		.word	CyRamVectors
  77              		.cfi_endproc
  78              	.LFE2:
  79              		.size	I2CM_SCB_IRQ_Stop, .-I2CM_SCB_IRQ_Stop
  80              		.section	.text.I2CM_SCB_IRQ_SetVector,"ax",%progbits
  81              		.align	1
  82              		.global	I2CM_SCB_IRQ_SetVector
  83              		.code	16
  84              		.thumb_func
  85              		.type	I2CM_SCB_IRQ_SetVector, %function
  86              	I2CM_SCB_IRQ_SetVector:
  87              	.LFB4:
 164:.\Generated_Source\PSoC4/I2CM_SCB_IRQ.c **** {
  88              		.loc 1 164 0
  89              		.cfi_startproc
  90              	.LVL1:
ARM GAS  C:\Users\SNFU\AppData\Local\Temp\ccsnJECf.s 			page 8


 165:.\Generated_Source\PSoC4/I2CM_SCB_IRQ.c ****     CyRamVectors[CYINT_IRQ_BASE + I2CM_SCB_IRQ__INTC_NUMBER] = address;
  91              		.loc 1 165 0
  92 0000 014B     		ldr	r3, .L6
 166:.\Generated_Source\PSoC4/I2CM_SCB_IRQ.c **** }
  93              		.loc 1 166 0
  94              		@ sp needed
 165:.\Generated_Source\PSoC4/I2CM_SCB_IRQ.c ****     CyRamVectors[CYINT_IRQ_BASE + I2CM_SCB_IRQ__INTC_NUMBER] = address;
  95              		.loc 1 165 0
  96 0002 D866     		str	r0, [r3, #108]
 166:.\Generated_Source\PSoC4/I2CM_SCB_IRQ.c **** }
  97              		.loc 1 166 0
  98 0004 7047     		bx	lr
  99              	.L7:
 100 0006 C046     		.align	2
 101              	.L6:
 102 0008 00000000 		.word	CyRamVectors
 103              		.cfi_endproc
 104              	.LFE4:
 105              		.size	I2CM_SCB_IRQ_SetVector, .-I2CM_SCB_IRQ_SetVector
 106              		.section	.text.I2CM_SCB_IRQ_GetVector,"ax",%progbits
 107              		.align	1
 108              		.global	I2CM_SCB_IRQ_GetVector
 109              		.code	16
 110              		.thumb_func
 111              		.type	I2CM_SCB_IRQ_GetVector, %function
 112              	I2CM_SCB_IRQ_GetVector:
 113              	.LFB5:
 184:.\Generated_Source\PSoC4/I2CM_SCB_IRQ.c **** {
 114              		.loc 1 184 0
 115              		.cfi_startproc
 185:.\Generated_Source\PSoC4/I2CM_SCB_IRQ.c ****     return CyRamVectors[CYINT_IRQ_BASE + I2CM_SCB_IRQ__INTC_NUMBER];
 116              		.loc 1 185 0
 117 0000 014B     		ldr	r3, .L9
 186:.\Generated_Source\PSoC4/I2CM_SCB_IRQ.c **** }
 118              		.loc 1 186 0
 119              		@ sp needed
 185:.\Generated_Source\PSoC4/I2CM_SCB_IRQ.c ****     return CyRamVectors[CYINT_IRQ_BASE + I2CM_SCB_IRQ__INTC_NUMBER];
 120              		.loc 1 185 0
 121 0002 D86E     		ldr	r0, [r3, #108]
 186:.\Generated_Source\PSoC4/I2CM_SCB_IRQ.c **** }
 122              		.loc 1 186 0
 123 0004 7047     		bx	lr
 124              	.L10:
 125 0006 C046     		.align	2
 126              	.L9:
 127 0008 00000000 		.word	CyRamVectors
 128              		.cfi_endproc
 129              	.LFE5:
 130              		.size	I2CM_SCB_IRQ_GetVector, .-I2CM_SCB_IRQ_GetVector
 131              		.section	.text.I2CM_SCB_IRQ_SetPriority,"ax",%progbits
 132              		.align	1
 133              		.global	I2CM_SCB_IRQ_SetPriority
 134              		.code	16
 135              		.thumb_func
 136              		.type	I2CM_SCB_IRQ_SetPriority, %function
 137              	I2CM_SCB_IRQ_SetPriority:
 138              	.LFB6:
ARM GAS  C:\Users\SNFU\AppData\Local\Temp\ccsnJECf.s 			page 9


 208:.\Generated_Source\PSoC4/I2CM_SCB_IRQ.c **** {
 139              		.loc 1 208 0
 140              		.cfi_startproc
 141              	.LVL2:
 142 0000 10B5     		push	{r4, lr}
 143              		.cfi_def_cfa_offset 8
 144              		.cfi_offset 4, -8
 145              		.cfi_offset 14, -4
 208:.\Generated_Source\PSoC4/I2CM_SCB_IRQ.c **** {
 146              		.loc 1 208 0
 147 0002 041C     		mov	r4, r0
 212:.\Generated_Source\PSoC4/I2CM_SCB_IRQ.c **** 	interruptState = CyEnterCriticalSection();
 148              		.loc 1 212 0
 149 0004 FFF7FEFF 		bl	CyEnterCriticalSection
 150              	.LVL3:
 213:.\Generated_Source\PSoC4/I2CM_SCB_IRQ.c ****     *I2CM_SCB_IRQ_INTC_PRIOR = (*I2CM_SCB_IRQ_INTC_PRIOR & (uint32)(~I2CM_SCB_IRQ__INTC_PRIOR_MASK)
 151              		.loc 1 213 0
 152 0008 044B     		ldr	r3, .L12
 214:.\Generated_Source\PSoC4/I2CM_SCB_IRQ.c ****                                     ((uint32)priority << priorityOffset);
 153              		.loc 1 214 0
 154 000a A407     		lsl	r4, r4, #30
 213:.\Generated_Source\PSoC4/I2CM_SCB_IRQ.c ****     *I2CM_SCB_IRQ_INTC_PRIOR = (*I2CM_SCB_IRQ_INTC_PRIOR & (uint32)(~I2CM_SCB_IRQ__INTC_PRIOR_MASK)
 155              		.loc 1 213 0
 156 000c 1A68     		ldr	r2, [r3]
 216:.\Generated_Source\PSoC4/I2CM_SCB_IRQ.c **** }
 157              		.loc 1 216 0
 158              		@ sp needed
 213:.\Generated_Source\PSoC4/I2CM_SCB_IRQ.c ****     *I2CM_SCB_IRQ_INTC_PRIOR = (*I2CM_SCB_IRQ_INTC_PRIOR & (uint32)(~I2CM_SCB_IRQ__INTC_PRIOR_MASK)
 159              		.loc 1 213 0
 160 000e 9200     		lsl	r2, r2, #2
 161 0010 9208     		lsr	r2, r2, #2
 162 0012 1443     		orr	r4, r2
 163 0014 1C60     		str	r4, [r3]
 215:.\Generated_Source\PSoC4/I2CM_SCB_IRQ.c **** 	CyExitCriticalSection(interruptState);
 164              		.loc 1 215 0
 165 0016 FFF7FEFF 		bl	CyExitCriticalSection
 166              	.LVL4:
 216:.\Generated_Source\PSoC4/I2CM_SCB_IRQ.c **** }
 167              		.loc 1 216 0
 168 001a 10BD     		pop	{r4, pc}
 169              	.L13:
 170              		.align	2
 171              	.L12:
 172 001c 08E400E0 		.word	-536812536
 173              		.cfi_endproc
 174              	.LFE6:
 175              		.size	I2CM_SCB_IRQ_SetPriority, .-I2CM_SCB_IRQ_SetPriority
 176              		.section	.text.I2CM_SCB_IRQ_Start,"ax",%progbits
 177              		.align	1
 178              		.global	I2CM_SCB_IRQ_Start
 179              		.code	16
 180              		.thumb_func
 181              		.type	I2CM_SCB_IRQ_Start, %function
 182              	I2CM_SCB_IRQ_Start:
 183              	.LFB0:
  53:.\Generated_Source\PSoC4/I2CM_SCB_IRQ.c **** {
 184              		.loc 1 53 0
ARM GAS  C:\Users\SNFU\AppData\Local\Temp\ccsnJECf.s 			page 10


 185              		.cfi_startproc
 186 0000 10B5     		push	{r4, lr}
 187              		.cfi_def_cfa_offset 8
 188              		.cfi_offset 4, -8
 189              		.cfi_offset 14, -4
 190              	.LBB24:
 191              	.LBB25:
 192              		.loc 1 303 0
 193 0002 064B     		ldr	r3, .L15
 194 0004 8024     		mov	r4, #128
 195 0006 2401     		lsl	r4, r4, #4
 196 0008 1C60     		str	r4, [r3]
 197              	.LVL5:
 198              	.LBE25:
 199              	.LBE24:
 200              	.LBB26:
 201              	.LBB27:
 165:.\Generated_Source\PSoC4/I2CM_SCB_IRQ.c ****     CyRamVectors[CYINT_IRQ_BASE + I2CM_SCB_IRQ__INTC_NUMBER] = address;
 202              		.loc 1 165 0
 203 000a 054A     		ldr	r2, .L15+4
 204 000c 054B     		ldr	r3, .L15+8
 205              	.LBE27:
 206              	.LBE26:
  61:.\Generated_Source\PSoC4/I2CM_SCB_IRQ.c ****     I2CM_SCB_IRQ_SetPriority((uint8)I2CM_SCB_IRQ_INTC_PRIOR_NUMBER);
 207              		.loc 1 61 0
 208 000e 0320     		mov	r0, #3
 209              	.LBB29:
 210              	.LBB28:
 165:.\Generated_Source\PSoC4/I2CM_SCB_IRQ.c ****     CyRamVectors[CYINT_IRQ_BASE + I2CM_SCB_IRQ__INTC_NUMBER] = address;
 211              		.loc 1 165 0
 212 0010 DA66     		str	r2, [r3, #108]
 213              	.LBE28:
 214              	.LBE29:
  61:.\Generated_Source\PSoC4/I2CM_SCB_IRQ.c ****     I2CM_SCB_IRQ_SetPriority((uint8)I2CM_SCB_IRQ_INTC_PRIOR_NUMBER);
 215              		.loc 1 61 0
 216 0012 FFF7FEFF 		bl	I2CM_SCB_IRQ_SetPriority
 217              	.LVL6:
 218              	.LBB30:
 219              	.LBB31:
 261:.\Generated_Source\PSoC4/I2CM_SCB_IRQ.c ****     *I2CM_SCB_IRQ_INTC_SET_EN = I2CM_SCB_IRQ__INTC_MASK;
 220              		.loc 1 261 0
 221 0016 044B     		ldr	r3, .L15+12
 222              	.LBE31:
 223              	.LBE30:
  65:.\Generated_Source\PSoC4/I2CM_SCB_IRQ.c **** }
 224              		.loc 1 65 0
 225              		@ sp needed
 226              	.LBB33:
 227              	.LBB32:
 261:.\Generated_Source\PSoC4/I2CM_SCB_IRQ.c ****     *I2CM_SCB_IRQ_INTC_SET_EN = I2CM_SCB_IRQ__INTC_MASK;
 228              		.loc 1 261 0
 229 0018 1C60     		str	r4, [r3]
 230              	.LBE32:
 231              	.LBE33:
  65:.\Generated_Source\PSoC4/I2CM_SCB_IRQ.c **** }
 232              		.loc 1 65 0
 233 001a 10BD     		pop	{r4, pc}
ARM GAS  C:\Users\SNFU\AppData\Local\Temp\ccsnJECf.s 			page 11


 234              	.L16:
 235              		.align	2
 236              	.L15:
 237 001c 80E100E0 		.word	-536813184
 238 0020 00000000 		.word	I2CM_SCB_IRQ_Interrupt
 239 0024 00000000 		.word	CyRamVectors
 240 0028 00E100E0 		.word	-536813312
 241              		.cfi_endproc
 242              	.LFE0:
 243              		.size	I2CM_SCB_IRQ_Start, .-I2CM_SCB_IRQ_Start
 244              		.section	.text.I2CM_SCB_IRQ_StartEx,"ax",%progbits
 245              		.align	1
 246              		.global	I2CM_SCB_IRQ_StartEx
 247              		.code	16
 248              		.thumb_func
 249              		.type	I2CM_SCB_IRQ_StartEx, %function
 250              	I2CM_SCB_IRQ_StartEx:
 251              	.LFB1:
  83:.\Generated_Source\PSoC4/I2CM_SCB_IRQ.c **** {
 252              		.loc 1 83 0
 253              		.cfi_startproc
 254              	.LVL7:
 255 0000 10B5     		push	{r4, lr}
 256              		.cfi_def_cfa_offset 8
 257              		.cfi_offset 4, -8
 258              		.cfi_offset 14, -4
 259              	.LBB34:
 260              	.LBB35:
 261              		.loc 1 303 0
 262 0002 064B     		ldr	r3, .L18
 263 0004 8024     		mov	r4, #128
 264 0006 2401     		lsl	r4, r4, #4
 265 0008 1C60     		str	r4, [r3]
 266              	.LVL8:
 267              	.LBE35:
 268              	.LBE34:
 269              	.LBB36:
 270              	.LBB37:
 165:.\Generated_Source\PSoC4/I2CM_SCB_IRQ.c ****     CyRamVectors[CYINT_IRQ_BASE + I2CM_SCB_IRQ__INTC_NUMBER] = address;
 271              		.loc 1 165 0
 272 000a 054B     		ldr	r3, .L18+4
 273              	.LBE37:
 274              	.LBE36:
  95:.\Generated_Source\PSoC4/I2CM_SCB_IRQ.c **** }
 275              		.loc 1 95 0
 276              		@ sp needed
 277              	.LBB39:
 278              	.LBB38:
 165:.\Generated_Source\PSoC4/I2CM_SCB_IRQ.c ****     CyRamVectors[CYINT_IRQ_BASE + I2CM_SCB_IRQ__INTC_NUMBER] = address;
 279              		.loc 1 165 0
 280 000c D866     		str	r0, [r3, #108]
 281              	.LBE38:
 282              	.LBE39:
  91:.\Generated_Source\PSoC4/I2CM_SCB_IRQ.c ****     I2CM_SCB_IRQ_SetPriority((uint8)I2CM_SCB_IRQ_INTC_PRIOR_NUMBER);
 283              		.loc 1 91 0
 284 000e 0320     		mov	r0, #3
 285              	.LVL9:
ARM GAS  C:\Users\SNFU\AppData\Local\Temp\ccsnJECf.s 			page 12


 286 0010 FFF7FEFF 		bl	I2CM_SCB_IRQ_SetPriority
 287              	.LVL10:
 288              	.LBB40:
 289              	.LBB41:
 261:.\Generated_Source\PSoC4/I2CM_SCB_IRQ.c ****     *I2CM_SCB_IRQ_INTC_SET_EN = I2CM_SCB_IRQ__INTC_MASK;
 290              		.loc 1 261 0
 291 0014 034B     		ldr	r3, .L18+8
 292 0016 1C60     		str	r4, [r3]
 293              	.LBE41:
 294              	.LBE40:
  95:.\Generated_Source\PSoC4/I2CM_SCB_IRQ.c **** }
 295              		.loc 1 95 0
 296 0018 10BD     		pop	{r4, pc}
 297              	.L19:
 298 001a C046     		.align	2
 299              	.L18:
 300 001c 80E100E0 		.word	-536813184
 301 0020 00000000 		.word	CyRamVectors
 302 0024 00E100E0 		.word	-536813312
 303              		.cfi_endproc
 304              	.LFE1:
 305              		.size	I2CM_SCB_IRQ_StartEx, .-I2CM_SCB_IRQ_StartEx
 306              		.section	.text.I2CM_SCB_IRQ_GetPriority,"ax",%progbits
 307              		.align	1
 308              		.global	I2CM_SCB_IRQ_GetPriority
 309              		.code	16
 310              		.thumb_func
 311              		.type	I2CM_SCB_IRQ_GetPriority, %function
 312              	I2CM_SCB_IRQ_GetPriority:
 313              	.LFB7:
 234:.\Generated_Source\PSoC4/I2CM_SCB_IRQ.c **** {
 314              		.loc 1 234 0
 315              		.cfi_startproc
 316              	.LVL11:
 238:.\Generated_Source\PSoC4/I2CM_SCB_IRQ.c ****     priority = (*I2CM_SCB_IRQ_INTC_PRIOR & I2CM_SCB_IRQ__INTC_PRIOR_MASK) >> priorityOffset;
 317              		.loc 1 238 0
 318 0000 014B     		ldr	r3, .L21
 241:.\Generated_Source\PSoC4/I2CM_SCB_IRQ.c **** }
 319              		.loc 1 241 0
 320              		@ sp needed
 238:.\Generated_Source\PSoC4/I2CM_SCB_IRQ.c ****     priority = (*I2CM_SCB_IRQ_INTC_PRIOR & I2CM_SCB_IRQ__INTC_PRIOR_MASK) >> priorityOffset;
 321              		.loc 1 238 0
 322 0002 1868     		ldr	r0, [r3]
 323              	.LVL12:
 240:.\Generated_Source\PSoC4/I2CM_SCB_IRQ.c ****     return (uint8)priority;
 324              		.loc 1 240 0
 325 0004 800F     		lsr	r0, r0, #30
 326              	.LVL13:
 241:.\Generated_Source\PSoC4/I2CM_SCB_IRQ.c **** }
 327              		.loc 1 241 0
 328 0006 7047     		bx	lr
 329              	.L22:
 330              		.align	2
 331              	.L21:
 332 0008 08E400E0 		.word	-536812536
 333              		.cfi_endproc
 334              	.LFE7:
ARM GAS  C:\Users\SNFU\AppData\Local\Temp\ccsnJECf.s 			page 13


 335              		.size	I2CM_SCB_IRQ_GetPriority, .-I2CM_SCB_IRQ_GetPriority
 336              		.section	.text.I2CM_SCB_IRQ_Enable,"ax",%progbits
 337              		.align	1
 338              		.global	I2CM_SCB_IRQ_Enable
 339              		.code	16
 340              		.thumb_func
 341              		.type	I2CM_SCB_IRQ_Enable, %function
 342              	I2CM_SCB_IRQ_Enable:
 343              	.LFB8:
 259:.\Generated_Source\PSoC4/I2CM_SCB_IRQ.c **** {
 344              		.loc 1 259 0
 345              		.cfi_startproc
 261:.\Generated_Source\PSoC4/I2CM_SCB_IRQ.c ****     *I2CM_SCB_IRQ_INTC_SET_EN = I2CM_SCB_IRQ__INTC_MASK;
 346              		.loc 1 261 0
 347 0000 024B     		ldr	r3, .L24
 348 0002 8022     		mov	r2, #128
 349 0004 1201     		lsl	r2, r2, #4
 350 0006 1A60     		str	r2, [r3]
 262:.\Generated_Source\PSoC4/I2CM_SCB_IRQ.c **** }
 351              		.loc 1 262 0
 352              		@ sp needed
 353 0008 7047     		bx	lr
 354              	.L25:
 355 000a C046     		.align	2
 356              	.L24:
 357 000c 00E100E0 		.word	-536813312
 358              		.cfi_endproc
 359              	.LFE8:
 360              		.size	I2CM_SCB_IRQ_Enable, .-I2CM_SCB_IRQ_Enable
 361              		.section	.text.I2CM_SCB_IRQ_GetState,"ax",%progbits
 362              		.align	1
 363              		.global	I2CM_SCB_IRQ_GetState
 364              		.code	16
 365              		.thumb_func
 366              		.type	I2CM_SCB_IRQ_GetState, %function
 367              	I2CM_SCB_IRQ_GetState:
 368              	.LFB9:
 280:.\Generated_Source\PSoC4/I2CM_SCB_IRQ.c **** {
 369              		.loc 1 280 0
 370              		.cfi_startproc
 282:.\Generated_Source\PSoC4/I2CM_SCB_IRQ.c ****     return ((*I2CM_SCB_IRQ_INTC_SET_EN & (uint32)I2CM_SCB_IRQ__INTC_MASK) != 0u) ? 1u:0u;
 371              		.loc 1 282 0
 372 0000 024B     		ldr	r3, .L27
 283:.\Generated_Source\PSoC4/I2CM_SCB_IRQ.c **** }
 373              		.loc 1 283 0
 374              		@ sp needed
 282:.\Generated_Source\PSoC4/I2CM_SCB_IRQ.c ****     return ((*I2CM_SCB_IRQ_INTC_SET_EN & (uint32)I2CM_SCB_IRQ__INTC_MASK) != 0u) ? 1u:0u;
 375              		.loc 1 282 0
 376 0002 1868     		ldr	r0, [r3]
 377 0004 0005     		lsl	r0, r0, #20
 378 0006 C00F     		lsr	r0, r0, #31
 283:.\Generated_Source\PSoC4/I2CM_SCB_IRQ.c **** }
 379              		.loc 1 283 0
 380 0008 7047     		bx	lr
 381              	.L28:
 382 000a C046     		.align	2
 383              	.L27:
ARM GAS  C:\Users\SNFU\AppData\Local\Temp\ccsnJECf.s 			page 14


 384 000c 00E100E0 		.word	-536813312
 385              		.cfi_endproc
 386              	.LFE9:
 387              		.size	I2CM_SCB_IRQ_GetState, .-I2CM_SCB_IRQ_GetState
 388              		.section	.text.I2CM_SCB_IRQ_Disable,"ax",%progbits
 389              		.align	1
 390              		.global	I2CM_SCB_IRQ_Disable
 391              		.code	16
 392              		.thumb_func
 393              		.type	I2CM_SCB_IRQ_Disable, %function
 394              	I2CM_SCB_IRQ_Disable:
 395              	.LFB10:
 301:.\Generated_Source\PSoC4/I2CM_SCB_IRQ.c **** {
 396              		.loc 1 301 0
 397              		.cfi_startproc
 398              		.loc 1 303 0
 399 0000 024B     		ldr	r3, .L30
 400 0002 8022     		mov	r2, #128
 401 0004 1201     		lsl	r2, r2, #4
 402 0006 1A60     		str	r2, [r3]
 304:.\Generated_Source\PSoC4/I2CM_SCB_IRQ.c **** }
 403              		.loc 1 304 0
 404              		@ sp needed
 405 0008 7047     		bx	lr
 406              	.L31:
 407 000a C046     		.align	2
 408              	.L30:
 409 000c 80E100E0 		.word	-536813184
 410              		.cfi_endproc
 411              	.LFE10:
 412              		.size	I2CM_SCB_IRQ_Disable, .-I2CM_SCB_IRQ_Disable
 413              		.section	.text.I2CM_SCB_IRQ_SetPending,"ax",%progbits
 414              		.align	1
 415              		.global	I2CM_SCB_IRQ_SetPending
 416              		.code	16
 417              		.thumb_func
 418              		.type	I2CM_SCB_IRQ_SetPending, %function
 419              	I2CM_SCB_IRQ_SetPending:
 420              	.LFB11:
 305:.\Generated_Source\PSoC4/I2CM_SCB_IRQ.c **** 
 306:.\Generated_Source\PSoC4/I2CM_SCB_IRQ.c **** 
 307:.\Generated_Source\PSoC4/I2CM_SCB_IRQ.c **** /*******************************************************************************
 308:.\Generated_Source\PSoC4/I2CM_SCB_IRQ.c **** * Function Name: I2CM_SCB_IRQ_SetPending
 309:.\Generated_Source\PSoC4/I2CM_SCB_IRQ.c **** ********************************************************************************
 310:.\Generated_Source\PSoC4/I2CM_SCB_IRQ.c **** *
 311:.\Generated_Source\PSoC4/I2CM_SCB_IRQ.c **** * Summary:
 312:.\Generated_Source\PSoC4/I2CM_SCB_IRQ.c **** *   Causes the Interrupt to enter the pending state, a software method of
 313:.\Generated_Source\PSoC4/I2CM_SCB_IRQ.c **** *   generating the interrupt.
 314:.\Generated_Source\PSoC4/I2CM_SCB_IRQ.c **** *
 315:.\Generated_Source\PSoC4/I2CM_SCB_IRQ.c **** * Parameters:
 316:.\Generated_Source\PSoC4/I2CM_SCB_IRQ.c **** *   None
 317:.\Generated_Source\PSoC4/I2CM_SCB_IRQ.c **** *
 318:.\Generated_Source\PSoC4/I2CM_SCB_IRQ.c **** * Return:
 319:.\Generated_Source\PSoC4/I2CM_SCB_IRQ.c **** *   None
 320:.\Generated_Source\PSoC4/I2CM_SCB_IRQ.c **** *
 321:.\Generated_Source\PSoC4/I2CM_SCB_IRQ.c **** *******************************************************************************/
 322:.\Generated_Source\PSoC4/I2CM_SCB_IRQ.c **** void I2CM_SCB_IRQ_SetPending(void)
ARM GAS  C:\Users\SNFU\AppData\Local\Temp\ccsnJECf.s 			page 15


 323:.\Generated_Source\PSoC4/I2CM_SCB_IRQ.c **** {
 421              		.loc 1 323 0
 422              		.cfi_startproc
 324:.\Generated_Source\PSoC4/I2CM_SCB_IRQ.c ****     *I2CM_SCB_IRQ_INTC_SET_PD = I2CM_SCB_IRQ__INTC_MASK;
 423              		.loc 1 324 0
 424 0000 024B     		ldr	r3, .L33
 425 0002 8022     		mov	r2, #128
 426 0004 1201     		lsl	r2, r2, #4
 427 0006 1A60     		str	r2, [r3]
 325:.\Generated_Source\PSoC4/I2CM_SCB_IRQ.c **** }
 428              		.loc 1 325 0
 429              		@ sp needed
 430 0008 7047     		bx	lr
 431              	.L34:
 432 000a C046     		.align	2
 433              	.L33:
 434 000c 00E200E0 		.word	-536813056
 435              		.cfi_endproc
 436              	.LFE11:
 437              		.size	I2CM_SCB_IRQ_SetPending, .-I2CM_SCB_IRQ_SetPending
 438              		.section	.text.I2CM_SCB_IRQ_ClearPending,"ax",%progbits
 439              		.align	1
 440              		.global	I2CM_SCB_IRQ_ClearPending
 441              		.code	16
 442              		.thumb_func
 443              		.type	I2CM_SCB_IRQ_ClearPending, %function
 444              	I2CM_SCB_IRQ_ClearPending:
 445              	.LFB12:
 326:.\Generated_Source\PSoC4/I2CM_SCB_IRQ.c **** 
 327:.\Generated_Source\PSoC4/I2CM_SCB_IRQ.c **** 
 328:.\Generated_Source\PSoC4/I2CM_SCB_IRQ.c **** /*******************************************************************************
 329:.\Generated_Source\PSoC4/I2CM_SCB_IRQ.c **** * Function Name: I2CM_SCB_IRQ_ClearPending
 330:.\Generated_Source\PSoC4/I2CM_SCB_IRQ.c **** ********************************************************************************
 331:.\Generated_Source\PSoC4/I2CM_SCB_IRQ.c **** *
 332:.\Generated_Source\PSoC4/I2CM_SCB_IRQ.c **** * Summary:
 333:.\Generated_Source\PSoC4/I2CM_SCB_IRQ.c **** *   Clears a pending interrupt.
 334:.\Generated_Source\PSoC4/I2CM_SCB_IRQ.c **** *
 335:.\Generated_Source\PSoC4/I2CM_SCB_IRQ.c **** * Parameters:
 336:.\Generated_Source\PSoC4/I2CM_SCB_IRQ.c **** *   None
 337:.\Generated_Source\PSoC4/I2CM_SCB_IRQ.c **** *
 338:.\Generated_Source\PSoC4/I2CM_SCB_IRQ.c **** * Return:
 339:.\Generated_Source\PSoC4/I2CM_SCB_IRQ.c **** *   None
 340:.\Generated_Source\PSoC4/I2CM_SCB_IRQ.c **** *
 341:.\Generated_Source\PSoC4/I2CM_SCB_IRQ.c **** *******************************************************************************/
 342:.\Generated_Source\PSoC4/I2CM_SCB_IRQ.c **** void I2CM_SCB_IRQ_ClearPending(void)
 343:.\Generated_Source\PSoC4/I2CM_SCB_IRQ.c **** {
 446              		.loc 1 343 0
 447              		.cfi_startproc
 344:.\Generated_Source\PSoC4/I2CM_SCB_IRQ.c ****     *I2CM_SCB_IRQ_INTC_CLR_PD = I2CM_SCB_IRQ__INTC_MASK;
 448              		.loc 1 344 0
 449 0000 024B     		ldr	r3, .L36
 450 0002 8022     		mov	r2, #128
 451 0004 1201     		lsl	r2, r2, #4
 452 0006 1A60     		str	r2, [r3]
 345:.\Generated_Source\PSoC4/I2CM_SCB_IRQ.c **** }
 453              		.loc 1 345 0
 454              		@ sp needed
ARM GAS  C:\Users\SNFU\AppData\Local\Temp\ccsnJECf.s 			page 16


 455 0008 7047     		bx	lr
 456              	.L37:
 457 000a C046     		.align	2
 458              	.L36:
 459 000c 80E200E0 		.word	-536812928
 460              		.cfi_endproc
 461              	.LFE12:
 462              		.size	I2CM_SCB_IRQ_ClearPending, .-I2CM_SCB_IRQ_ClearPending
 463              		.text
 464              	.Letext0:
 465              		.file 2 ".\\Generated_Source\\PSoC4/cytypes.h"
 466              		.file 3 ".\\Generated_Source\\PSoC4/CyLib.h"
 467              		.section	.debug_info,"",%progbits
 468              	.Ldebug_info0:
 469 0000 47030000 		.4byte	0x347
 470 0004 0400     		.2byte	0x4
 471 0006 00000000 		.4byte	.Ldebug_abbrev0
 472 000a 04       		.byte	0x4
 473 000b 01       		.uleb128 0x1
 474 000c 8D020000 		.4byte	.LASF32
 475 0010 01       		.byte	0x1
 476 0011 10020000 		.4byte	.LASF33
 477 0015 6D000000 		.4byte	.LASF34
 478 0019 60000000 		.4byte	.Ldebug_ranges0+0x60
 479 001d 00000000 		.4byte	0
 480 0021 00000000 		.4byte	.Ldebug_line0
 481 0025 02       		.uleb128 0x2
 482 0026 01       		.byte	0x1
 483 0027 06       		.byte	0x6
 484 0028 47030000 		.4byte	.LASF0
 485 002c 02       		.uleb128 0x2
 486 002d 01       		.byte	0x1
 487 002e 08       		.byte	0x8
 488 002f DC000000 		.4byte	.LASF1
 489 0033 02       		.uleb128 0x2
 490 0034 02       		.byte	0x2
 491 0035 05       		.byte	0x5
 492 0036 83020000 		.4byte	.LASF2
 493 003a 02       		.uleb128 0x2
 494 003b 02       		.byte	0x2
 495 003c 07       		.byte	0x7
 496 003d 2C000000 		.4byte	.LASF3
 497 0041 02       		.uleb128 0x2
 498 0042 04       		.byte	0x4
 499 0043 05       		.byte	0x5
 500 0044 3E030000 		.4byte	.LASF4
 501 0048 02       		.uleb128 0x2
 502 0049 04       		.byte	0x4
 503 004a 07       		.byte	0x7
 504 004b AF010000 		.4byte	.LASF5
 505 004f 02       		.uleb128 0x2
 506 0050 08       		.byte	0x8
 507 0051 05       		.byte	0x5
 508 0052 41020000 		.4byte	.LASF6
 509 0056 02       		.uleb128 0x2
 510 0057 08       		.byte	0x8
 511 0058 07       		.byte	0x7
ARM GAS  C:\Users\SNFU\AppData\Local\Temp\ccsnJECf.s 			page 17


 512 0059 C5000000 		.4byte	.LASF7
 513 005d 03       		.uleb128 0x3
 514 005e 04       		.byte	0x4
 515 005f 05       		.byte	0x5
 516 0060 696E7400 		.ascii	"int\000"
 517 0064 02       		.uleb128 0x2
 518 0065 04       		.byte	0x4
 519 0066 07       		.byte	0x7
 520 0067 C1010000 		.4byte	.LASF8
 521 006b 04       		.uleb128 0x4
 522 006c 0E010000 		.4byte	.LASF9
 523 0070 02       		.byte	0x2
 524 0071 A1       		.byte	0xa1
 525 0072 2C000000 		.4byte	0x2c
 526 0076 04       		.uleb128 0x4
 527 0077 91010000 		.4byte	.LASF10
 528 007b 02       		.byte	0x2
 529 007c A3       		.byte	0xa3
 530 007d 48000000 		.4byte	0x48
 531 0081 02       		.uleb128 0x2
 532 0082 04       		.byte	0x4
 533 0083 04       		.byte	0x4
 534 0084 BF000000 		.4byte	.LASF11
 535 0088 02       		.uleb128 0x2
 536 0089 08       		.byte	0x8
 537 008a 04       		.byte	0x4
 538 008b 63010000 		.4byte	.LASF12
 539 008f 02       		.uleb128 0x2
 540 0090 01       		.byte	0x1
 541 0091 08       		.byte	0x8
 542 0092 4F020000 		.4byte	.LASF13
 543 0096 05       		.uleb128 0x5
 544 0097 00000000 		.4byte	.LASF14
 545 009b 02       		.byte	0x2
 546 009c 4D01     		.2byte	0x14d
 547 009e A2000000 		.4byte	0xa2
 548 00a2 06       		.uleb128 0x6
 549 00a3 76000000 		.4byte	0x76
 550 00a7 05       		.uleb128 0x5
 551 00a8 03020000 		.4byte	.LASF15
 552 00ac 02       		.byte	0x2
 553 00ad 5D01     		.2byte	0x15d
 554 00af B3000000 		.4byte	0xb3
 555 00b3 07       		.uleb128 0x7
 556 00b4 04       		.byte	0x4
 557 00b5 B9000000 		.4byte	0xb9
 558 00b9 08       		.uleb128 0x8
 559 00ba 02       		.uleb128 0x2
 560 00bb 04       		.byte	0x4
 561 00bc 07       		.byte	0x7
 562 00bd 38020000 		.4byte	.LASF16
 563 00c1 09       		.uleb128 0x9
 564 00c2 7C010000 		.4byte	.LASF17
 565 00c6 01       		.byte	0x1
 566 00c7 2C01     		.2byte	0x12c
 567 00c9 01       		.byte	0x1
 568 00ca 0A       		.uleb128 0xa
ARM GAS  C:\Users\SNFU\AppData\Local\Temp\ccsnJECf.s 			page 18


 569 00cb 56000000 		.4byte	.LASF35
 570 00cf 01       		.byte	0x1
 571 00d0 A3       		.byte	0xa3
 572 00d1 01       		.byte	0x1
 573 00d2 E2000000 		.4byte	0xe2
 574 00d6 0B       		.uleb128 0xb
 575 00d7 E5010000 		.4byte	.LASF26
 576 00db 01       		.byte	0x1
 577 00dc A3       		.byte	0xa3
 578 00dd A7000000 		.4byte	0xa7
 579 00e1 00       		.byte	0
 580 00e2 09       		.uleb128 0x9
 581 00e3 14010000 		.4byte	.LASF18
 582 00e7 01       		.byte	0x1
 583 00e8 0201     		.2byte	0x102
 584 00ea 01       		.byte	0x1
 585 00eb 0C       		.uleb128 0xc
 586 00ec CE010000 		.4byte	.LASF29
 587 00f0 01       		.byte	0x1
 588 00f1 8A       		.byte	0x8a
 589 00f2 00000000 		.4byte	.LFB3
 590 00f6 02000000 		.4byte	.LFE3-.LFB3
 591 00fa 01       		.uleb128 0x1
 592 00fb 9C       		.byte	0x9c
 593 00fc 0D       		.uleb128 0xd
 594 00fd 6A010000 		.4byte	.LASF19
 595 0101 01       		.byte	0x1
 596 0102 6F       		.byte	0x6f
 597 0103 00000000 		.4byte	.LFB2
 598 0107 1C000000 		.4byte	.LFE2-.LFB2
 599 010b 01       		.uleb128 0x1
 600 010c 9C       		.byte	0x9c
 601 010d 36010000 		.4byte	0x136
 602 0111 0E       		.uleb128 0xe
 603 0112 C1000000 		.4byte	0xc1
 604 0116 00000000 		.4byte	.LBB18
 605 011a 08000000 		.4byte	.LBE18-.LBB18
 606 011e 01       		.byte	0x1
 607 011f 72       		.byte	0x72
 608 0120 0F       		.uleb128 0xf
 609 0121 CA000000 		.4byte	0xca
 610 0125 08000000 		.4byte	.LBB20
 611 0129 00000000 		.4byte	.Ldebug_ranges0+0
 612 012d 01       		.byte	0x1
 613 012e 75       		.byte	0x75
 614 012f 10       		.uleb128 0x10
 615 0130 D6000000 		.4byte	0xd6
 616 0134 00       		.byte	0
 617 0135 00       		.byte	0
 618 0136 11       		.uleb128 0x11
 619 0137 CA000000 		.4byte	0xca
 620 013b 00000000 		.4byte	.LFB4
 621 013f 0C000000 		.4byte	.LFE4-.LFB4
 622 0143 01       		.uleb128 0x1
 623 0144 9C       		.byte	0x9c
 624 0145 51010000 		.4byte	0x151
 625 0149 12       		.uleb128 0x12
ARM GAS  C:\Users\SNFU\AppData\Local\Temp\ccsnJECf.s 			page 19


 626 014a D6000000 		.4byte	0xd6
 627 014e 01       		.uleb128 0x1
 628 014f 50       		.byte	0x50
 629 0150 00       		.byte	0
 630 0151 13       		.uleb128 0x13
 631 0152 3F000000 		.4byte	.LASF27
 632 0156 01       		.byte	0x1
 633 0157 B7       		.byte	0xb7
 634 0158 A7000000 		.4byte	0xa7
 635 015c 00000000 		.4byte	.LFB5
 636 0160 0C000000 		.4byte	.LFE5-.LFB5
 637 0164 01       		.uleb128 0x1
 638 0165 9C       		.byte	0x9c
 639 0166 0D       		.uleb128 0xd
 640 0167 06000000 		.4byte	.LASF20
 641 016b 01       		.byte	0x1
 642 016c CF       		.byte	0xcf
 643 016d 00000000 		.4byte	.LFB6
 644 0171 20000000 		.4byte	.LFE6-.LFB6
 645 0175 01       		.uleb128 0x1
 646 0176 9C       		.byte	0x9c
 647 0177 B8010000 		.4byte	0x1b8
 648 017b 14       		.uleb128 0x14
 649 017c 28010000 		.4byte	.LASF25
 650 0180 01       		.byte	0x1
 651 0181 CF       		.byte	0xcf
 652 0182 6B000000 		.4byte	0x6b
 653 0186 00000000 		.4byte	.LLST0
 654 018a 15       		.uleb128 0x15
 655 018b EA000000 		.4byte	.LASF21
 656 018f 01       		.byte	0x1
 657 0190 D1       		.byte	0xd1
 658 0191 6B000000 		.4byte	0x6b
 659 0195 21000000 		.4byte	.LLST1
 660 0199 16       		.uleb128 0x16
 661 019a 2F030000 		.4byte	.LASF22
 662 019e 01       		.byte	0x1
 663 019f D2       		.byte	0xd2
 664 01a0 76000000 		.4byte	0x76
 665 01a4 1E       		.byte	0x1e
 666 01a5 17       		.uleb128 0x17
 667 01a6 08000000 		.4byte	.LVL3
 668 01aa 32030000 		.4byte	0x332
 669 01ae 17       		.uleb128 0x17
 670 01af 1A000000 		.4byte	.LVL4
 671 01b3 3D030000 		.4byte	0x33d
 672 01b7 00       		.byte	0
 673 01b8 0D       		.uleb128 0xd
 674 01b9 1C030000 		.4byte	.LASF23
 675 01bd 01       		.byte	0x1
 676 01be 34       		.byte	0x34
 677 01bf 00000000 		.4byte	.LFB0
 678 01c3 2C000000 		.4byte	.LFE0-.LFB0
 679 01c7 01       		.uleb128 0x1
 680 01c8 9C       		.byte	0x9c
 681 01c9 1B020000 		.4byte	0x21b
 682 01cd 0E       		.uleb128 0xe
ARM GAS  C:\Users\SNFU\AppData\Local\Temp\ccsnJECf.s 			page 20


 683 01ce C1000000 		.4byte	0xc1
 684 01d2 02000000 		.4byte	.LBB24
 685 01d6 08000000 		.4byte	.LBE24-.LBB24
 686 01da 01       		.byte	0x1
 687 01db 37       		.byte	0x37
 688 01dc 18       		.uleb128 0x18
 689 01dd CA000000 		.4byte	0xca
 690 01e1 0A000000 		.4byte	.LBB26
 691 01e5 18000000 		.4byte	.Ldebug_ranges0+0x18
 692 01e9 01       		.byte	0x1
 693 01ea 3A       		.byte	0x3a
 694 01eb FC010000 		.4byte	0x1fc
 695 01ef 12       		.uleb128 0x12
 696 01f0 D6000000 		.4byte	0xd6
 697 01f4 06       		.uleb128 0x6
 698 01f5 03       		.byte	0x3
 699 01f6 00000000 		.4byte	I2CM_SCB_IRQ_Interrupt
 700 01fa 9F       		.byte	0x9f
 701 01fb 00       		.byte	0
 702 01fc 19       		.uleb128 0x19
 703 01fd E2000000 		.4byte	0xe2
 704 0201 16000000 		.4byte	.LBB30
 705 0205 30000000 		.4byte	.Ldebug_ranges0+0x30
 706 0209 01       		.byte	0x1
 707 020a 40       		.byte	0x40
 708 020b 1A       		.uleb128 0x1a
 709 020c 16000000 		.4byte	.LVL6
 710 0210 66010000 		.4byte	0x166
 711 0214 1B       		.uleb128 0x1b
 712 0215 01       		.uleb128 0x1
 713 0216 50       		.byte	0x50
 714 0217 01       		.uleb128 0x1
 715 0218 33       		.byte	0x33
 716 0219 00       		.byte	0
 717 021a 00       		.byte	0
 718 021b 0D       		.uleb128 0xd
 719 021c F9000000 		.4byte	.LASF24
 720 0220 01       		.byte	0x1
 721 0221 52       		.byte	0x52
 722 0222 00000000 		.4byte	.LFB1
 723 0226 28000000 		.4byte	.LFE1-.LFB1
 724 022a 01       		.uleb128 0x1
 725 022b 9C       		.byte	0x9c
 726 022c 8A020000 		.4byte	0x28a
 727 0230 14       		.uleb128 0x14
 728 0231 E5010000 		.4byte	.LASF26
 729 0235 01       		.byte	0x1
 730 0236 52       		.byte	0x52
 731 0237 A7000000 		.4byte	0xa7
 732 023b 34000000 		.4byte	.LLST2
 733 023f 0E       		.uleb128 0xe
 734 0240 C1000000 		.4byte	0xc1
 735 0244 02000000 		.4byte	.LBB34
 736 0248 08000000 		.4byte	.LBE34-.LBB34
 737 024c 01       		.byte	0x1
 738 024d 55       		.byte	0x55
 739 024e 18       		.uleb128 0x18
ARM GAS  C:\Users\SNFU\AppData\Local\Temp\ccsnJECf.s 			page 21


 740 024f CA000000 		.4byte	0xca
 741 0253 0A000000 		.4byte	.LBB36
 742 0257 48000000 		.4byte	.Ldebug_ranges0+0x48
 743 025b 01       		.byte	0x1
 744 025c 58       		.byte	0x58
 745 025d 6B020000 		.4byte	0x26b
 746 0261 1C       		.uleb128 0x1c
 747 0262 D6000000 		.4byte	0xd6
 748 0266 62000000 		.4byte	.LLST3
 749 026a 00       		.byte	0
 750 026b 0E       		.uleb128 0xe
 751 026c E2000000 		.4byte	0xe2
 752 0270 14000000 		.4byte	.LBB40
 753 0274 04000000 		.4byte	.LBE40-.LBB40
 754 0278 01       		.byte	0x1
 755 0279 5E       		.byte	0x5e
 756 027a 1A       		.uleb128 0x1a
 757 027b 14000000 		.4byte	.LVL10
 758 027f 66010000 		.4byte	0x166
 759 0283 1B       		.uleb128 0x1b
 760 0284 01       		.uleb128 0x1
 761 0285 50       		.byte	0x50
 762 0286 01       		.uleb128 0x1
 763 0287 33       		.byte	0x33
 764 0288 00       		.byte	0
 765 0289 00       		.byte	0
 766 028a 1D       		.uleb128 0x1d
 767 028b 54020000 		.4byte	.LASF36
 768 028f 01       		.byte	0x1
 769 0290 E9       		.byte	0xe9
 770 0291 6B000000 		.4byte	0x6b
 771 0295 00000000 		.4byte	.LFB7
 772 0299 0C000000 		.4byte	.LFE7-.LFB7
 773 029d 01       		.uleb128 0x1
 774 029e 9C       		.byte	0x9c
 775 029f BF020000 		.4byte	0x2bf
 776 02a3 15       		.uleb128 0x15
 777 02a4 28010000 		.4byte	.LASF25
 778 02a8 01       		.byte	0x1
 779 02a9 EB       		.byte	0xeb
 780 02aa 76000000 		.4byte	0x76
 781 02ae 90000000 		.4byte	.LLST4
 782 02b2 16       		.uleb128 0x16
 783 02b3 2F030000 		.4byte	.LASF22
 784 02b7 01       		.byte	0x1
 785 02b8 EC       		.byte	0xec
 786 02b9 76000000 		.4byte	0x76
 787 02bd 1E       		.byte	0x1e
 788 02be 00       		.byte	0
 789 02bf 1E       		.uleb128 0x1e
 790 02c0 E2000000 		.4byte	0xe2
 791 02c4 00000000 		.4byte	.LFB8
 792 02c8 10000000 		.4byte	.LFE8-.LFB8
 793 02cc 01       		.uleb128 0x1
 794 02cd 9C       		.byte	0x9c
 795 02ce 1F       		.uleb128 0x1f
 796 02cf 6D020000 		.4byte	.LASF28
ARM GAS  C:\Users\SNFU\AppData\Local\Temp\ccsnJECf.s 			page 22


 797 02d3 01       		.byte	0x1
 798 02d4 1701     		.2byte	0x117
 799 02d6 6B000000 		.4byte	0x6b
 800 02da 00000000 		.4byte	.LFB9
 801 02de 10000000 		.4byte	.LFE9-.LFB9
 802 02e2 01       		.uleb128 0x1
 803 02e3 9C       		.byte	0x9c
 804 02e4 1E       		.uleb128 0x1e
 805 02e5 C1000000 		.4byte	0xc1
 806 02e9 00000000 		.4byte	.LFB10
 807 02ed 10000000 		.4byte	.LFE10-.LFB10
 808 02f1 01       		.uleb128 0x1
 809 02f2 9C       		.byte	0x9c
 810 02f3 20       		.uleb128 0x20
 811 02f4 31010000 		.4byte	.LASF30
 812 02f8 01       		.byte	0x1
 813 02f9 4201     		.2byte	0x142
 814 02fb 00000000 		.4byte	.LFB11
 815 02ff 10000000 		.4byte	.LFE11-.LFB11
 816 0303 01       		.uleb128 0x1
 817 0304 9C       		.byte	0x9c
 818 0305 20       		.uleb128 0x20
 819 0306 49010000 		.4byte	.LASF31
 820 030a 01       		.byte	0x1
 821 030b 5601     		.2byte	0x156
 822 030d 00000000 		.4byte	.LFB12
 823 0311 10000000 		.4byte	.LFE12-.LFB12
 824 0315 01       		.uleb128 0x1
 825 0316 9C       		.byte	0x9c
 826 0317 21       		.uleb128 0x21
 827 0318 A7000000 		.4byte	0xa7
 828 031c 27030000 		.4byte	0x327
 829 0320 22       		.uleb128 0x22
 830 0321 BA000000 		.4byte	0xba
 831 0325 2F       		.byte	0x2f
 832 0326 00       		.byte	0
 833 0327 23       		.uleb128 0x23
 834 0328 1F000000 		.4byte	.LASF37
 835 032c 01       		.byte	0x1
 836 032d 20       		.byte	0x20
 837 032e 17030000 		.4byte	0x317
 838 0332 24       		.uleb128 0x24
 839 0333 98010000 		.4byte	.LASF38
 840 0337 03       		.byte	0x3
 841 0338 82       		.byte	0x82
 842 0339 6B000000 		.4byte	0x6b
 843 033d 25       		.uleb128 0x25
 844 033e ED010000 		.4byte	.LASF39
 845 0342 03       		.byte	0x3
 846 0343 83       		.byte	0x83
 847 0344 26       		.uleb128 0x26
 848 0345 6B000000 		.4byte	0x6b
 849 0349 00       		.byte	0
 850 034a 00       		.byte	0
 851              		.section	.debug_abbrev,"",%progbits
 852              	.Ldebug_abbrev0:
 853 0000 01       		.uleb128 0x1
ARM GAS  C:\Users\SNFU\AppData\Local\Temp\ccsnJECf.s 			page 23


 854 0001 11       		.uleb128 0x11
 855 0002 01       		.byte	0x1
 856 0003 25       		.uleb128 0x25
 857 0004 0E       		.uleb128 0xe
 858 0005 13       		.uleb128 0x13
 859 0006 0B       		.uleb128 0xb
 860 0007 03       		.uleb128 0x3
 861 0008 0E       		.uleb128 0xe
 862 0009 1B       		.uleb128 0x1b
 863 000a 0E       		.uleb128 0xe
 864 000b 55       		.uleb128 0x55
 865 000c 17       		.uleb128 0x17
 866 000d 11       		.uleb128 0x11
 867 000e 01       		.uleb128 0x1
 868 000f 10       		.uleb128 0x10
 869 0010 17       		.uleb128 0x17
 870 0011 00       		.byte	0
 871 0012 00       		.byte	0
 872 0013 02       		.uleb128 0x2
 873 0014 24       		.uleb128 0x24
 874 0015 00       		.byte	0
 875 0016 0B       		.uleb128 0xb
 876 0017 0B       		.uleb128 0xb
 877 0018 3E       		.uleb128 0x3e
 878 0019 0B       		.uleb128 0xb
 879 001a 03       		.uleb128 0x3
 880 001b 0E       		.uleb128 0xe
 881 001c 00       		.byte	0
 882 001d 00       		.byte	0
 883 001e 03       		.uleb128 0x3
 884 001f 24       		.uleb128 0x24
 885 0020 00       		.byte	0
 886 0021 0B       		.uleb128 0xb
 887 0022 0B       		.uleb128 0xb
 888 0023 3E       		.uleb128 0x3e
 889 0024 0B       		.uleb128 0xb
 890 0025 03       		.uleb128 0x3
 891 0026 08       		.uleb128 0x8
 892 0027 00       		.byte	0
 893 0028 00       		.byte	0
 894 0029 04       		.uleb128 0x4
 895 002a 16       		.uleb128 0x16
 896 002b 00       		.byte	0
 897 002c 03       		.uleb128 0x3
 898 002d 0E       		.uleb128 0xe
 899 002e 3A       		.uleb128 0x3a
 900 002f 0B       		.uleb128 0xb
 901 0030 3B       		.uleb128 0x3b
 902 0031 0B       		.uleb128 0xb
 903 0032 49       		.uleb128 0x49
 904 0033 13       		.uleb128 0x13
 905 0034 00       		.byte	0
 906 0035 00       		.byte	0
 907 0036 05       		.uleb128 0x5
 908 0037 16       		.uleb128 0x16
 909 0038 00       		.byte	0
 910 0039 03       		.uleb128 0x3
ARM GAS  C:\Users\SNFU\AppData\Local\Temp\ccsnJECf.s 			page 24


 911 003a 0E       		.uleb128 0xe
 912 003b 3A       		.uleb128 0x3a
 913 003c 0B       		.uleb128 0xb
 914 003d 3B       		.uleb128 0x3b
 915 003e 05       		.uleb128 0x5
 916 003f 49       		.uleb128 0x49
 917 0040 13       		.uleb128 0x13
 918 0041 00       		.byte	0
 919 0042 00       		.byte	0
 920 0043 06       		.uleb128 0x6
 921 0044 35       		.uleb128 0x35
 922 0045 00       		.byte	0
 923 0046 49       		.uleb128 0x49
 924 0047 13       		.uleb128 0x13
 925 0048 00       		.byte	0
 926 0049 00       		.byte	0
 927 004a 07       		.uleb128 0x7
 928 004b 0F       		.uleb128 0xf
 929 004c 00       		.byte	0
 930 004d 0B       		.uleb128 0xb
 931 004e 0B       		.uleb128 0xb
 932 004f 49       		.uleb128 0x49
 933 0050 13       		.uleb128 0x13
 934 0051 00       		.byte	0
 935 0052 00       		.byte	0
 936 0053 08       		.uleb128 0x8
 937 0054 15       		.uleb128 0x15
 938 0055 00       		.byte	0
 939 0056 27       		.uleb128 0x27
 940 0057 19       		.uleb128 0x19
 941 0058 00       		.byte	0
 942 0059 00       		.byte	0
 943 005a 09       		.uleb128 0x9
 944 005b 2E       		.uleb128 0x2e
 945 005c 00       		.byte	0
 946 005d 3F       		.uleb128 0x3f
 947 005e 19       		.uleb128 0x19
 948 005f 03       		.uleb128 0x3
 949 0060 0E       		.uleb128 0xe
 950 0061 3A       		.uleb128 0x3a
 951 0062 0B       		.uleb128 0xb
 952 0063 3B       		.uleb128 0x3b
 953 0064 05       		.uleb128 0x5
 954 0065 27       		.uleb128 0x27
 955 0066 19       		.uleb128 0x19
 956 0067 20       		.uleb128 0x20
 957 0068 0B       		.uleb128 0xb
 958 0069 00       		.byte	0
 959 006a 00       		.byte	0
 960 006b 0A       		.uleb128 0xa
 961 006c 2E       		.uleb128 0x2e
 962 006d 01       		.byte	0x1
 963 006e 3F       		.uleb128 0x3f
 964 006f 19       		.uleb128 0x19
 965 0070 03       		.uleb128 0x3
 966 0071 0E       		.uleb128 0xe
 967 0072 3A       		.uleb128 0x3a
ARM GAS  C:\Users\SNFU\AppData\Local\Temp\ccsnJECf.s 			page 25


 968 0073 0B       		.uleb128 0xb
 969 0074 3B       		.uleb128 0x3b
 970 0075 0B       		.uleb128 0xb
 971 0076 27       		.uleb128 0x27
 972 0077 19       		.uleb128 0x19
 973 0078 20       		.uleb128 0x20
 974 0079 0B       		.uleb128 0xb
 975 007a 01       		.uleb128 0x1
 976 007b 13       		.uleb128 0x13
 977 007c 00       		.byte	0
 978 007d 00       		.byte	0
 979 007e 0B       		.uleb128 0xb
 980 007f 05       		.uleb128 0x5
 981 0080 00       		.byte	0
 982 0081 03       		.uleb128 0x3
 983 0082 0E       		.uleb128 0xe
 984 0083 3A       		.uleb128 0x3a
 985 0084 0B       		.uleb128 0xb
 986 0085 3B       		.uleb128 0x3b
 987 0086 0B       		.uleb128 0xb
 988 0087 49       		.uleb128 0x49
 989 0088 13       		.uleb128 0x13
 990 0089 00       		.byte	0
 991 008a 00       		.byte	0
 992 008b 0C       		.uleb128 0xc
 993 008c 2E       		.uleb128 0x2e
 994 008d 00       		.byte	0
 995 008e 3F       		.uleb128 0x3f
 996 008f 19       		.uleb128 0x19
 997 0090 03       		.uleb128 0x3
 998 0091 0E       		.uleb128 0xe
 999 0092 3A       		.uleb128 0x3a
 1000 0093 0B       		.uleb128 0xb
 1001 0094 3B       		.uleb128 0x3b
 1002 0095 0B       		.uleb128 0xb
 1003 0096 27       		.uleb128 0x27
 1004 0097 19       		.uleb128 0x19
 1005 0098 11       		.uleb128 0x11
 1006 0099 01       		.uleb128 0x1
 1007 009a 12       		.uleb128 0x12
 1008 009b 06       		.uleb128 0x6
 1009 009c 40       		.uleb128 0x40
 1010 009d 18       		.uleb128 0x18
 1011 009e 9742     		.uleb128 0x2117
 1012 00a0 19       		.uleb128 0x19
 1013 00a1 00       		.byte	0
 1014 00a2 00       		.byte	0
 1015 00a3 0D       		.uleb128 0xd
 1016 00a4 2E       		.uleb128 0x2e
 1017 00a5 01       		.byte	0x1
 1018 00a6 3F       		.uleb128 0x3f
 1019 00a7 19       		.uleb128 0x19
 1020 00a8 03       		.uleb128 0x3
 1021 00a9 0E       		.uleb128 0xe
 1022 00aa 3A       		.uleb128 0x3a
 1023 00ab 0B       		.uleb128 0xb
 1024 00ac 3B       		.uleb128 0x3b
ARM GAS  C:\Users\SNFU\AppData\Local\Temp\ccsnJECf.s 			page 26


 1025 00ad 0B       		.uleb128 0xb
 1026 00ae 27       		.uleb128 0x27
 1027 00af 19       		.uleb128 0x19
 1028 00b0 11       		.uleb128 0x11
 1029 00b1 01       		.uleb128 0x1
 1030 00b2 12       		.uleb128 0x12
 1031 00b3 06       		.uleb128 0x6
 1032 00b4 40       		.uleb128 0x40
 1033 00b5 18       		.uleb128 0x18
 1034 00b6 9742     		.uleb128 0x2117
 1035 00b8 19       		.uleb128 0x19
 1036 00b9 01       		.uleb128 0x1
 1037 00ba 13       		.uleb128 0x13
 1038 00bb 00       		.byte	0
 1039 00bc 00       		.byte	0
 1040 00bd 0E       		.uleb128 0xe
 1041 00be 1D       		.uleb128 0x1d
 1042 00bf 00       		.byte	0
 1043 00c0 31       		.uleb128 0x31
 1044 00c1 13       		.uleb128 0x13
 1045 00c2 11       		.uleb128 0x11
 1046 00c3 01       		.uleb128 0x1
 1047 00c4 12       		.uleb128 0x12
 1048 00c5 06       		.uleb128 0x6
 1049 00c6 58       		.uleb128 0x58
 1050 00c7 0B       		.uleb128 0xb
 1051 00c8 59       		.uleb128 0x59
 1052 00c9 0B       		.uleb128 0xb
 1053 00ca 00       		.byte	0
 1054 00cb 00       		.byte	0
 1055 00cc 0F       		.uleb128 0xf
 1056 00cd 1D       		.uleb128 0x1d
 1057 00ce 01       		.byte	0x1
 1058 00cf 31       		.uleb128 0x31
 1059 00d0 13       		.uleb128 0x13
 1060 00d1 52       		.uleb128 0x52
 1061 00d2 01       		.uleb128 0x1
 1062 00d3 55       		.uleb128 0x55
 1063 00d4 17       		.uleb128 0x17
 1064 00d5 58       		.uleb128 0x58
 1065 00d6 0B       		.uleb128 0xb
 1066 00d7 59       		.uleb128 0x59
 1067 00d8 0B       		.uleb128 0xb
 1068 00d9 00       		.byte	0
 1069 00da 00       		.byte	0
 1070 00db 10       		.uleb128 0x10
 1071 00dc 05       		.uleb128 0x5
 1072 00dd 00       		.byte	0
 1073 00de 31       		.uleb128 0x31
 1074 00df 13       		.uleb128 0x13
 1075 00e0 00       		.byte	0
 1076 00e1 00       		.byte	0
 1077 00e2 11       		.uleb128 0x11
 1078 00e3 2E       		.uleb128 0x2e
 1079 00e4 01       		.byte	0x1
 1080 00e5 31       		.uleb128 0x31
 1081 00e6 13       		.uleb128 0x13
ARM GAS  C:\Users\SNFU\AppData\Local\Temp\ccsnJECf.s 			page 27


 1082 00e7 11       		.uleb128 0x11
 1083 00e8 01       		.uleb128 0x1
 1084 00e9 12       		.uleb128 0x12
 1085 00ea 06       		.uleb128 0x6
 1086 00eb 40       		.uleb128 0x40
 1087 00ec 18       		.uleb128 0x18
 1088 00ed 9742     		.uleb128 0x2117
 1089 00ef 19       		.uleb128 0x19
 1090 00f0 01       		.uleb128 0x1
 1091 00f1 13       		.uleb128 0x13
 1092 00f2 00       		.byte	0
 1093 00f3 00       		.byte	0
 1094 00f4 12       		.uleb128 0x12
 1095 00f5 05       		.uleb128 0x5
 1096 00f6 00       		.byte	0
 1097 00f7 31       		.uleb128 0x31
 1098 00f8 13       		.uleb128 0x13
 1099 00f9 02       		.uleb128 0x2
 1100 00fa 18       		.uleb128 0x18
 1101 00fb 00       		.byte	0
 1102 00fc 00       		.byte	0
 1103 00fd 13       		.uleb128 0x13
 1104 00fe 2E       		.uleb128 0x2e
 1105 00ff 00       		.byte	0
 1106 0100 3F       		.uleb128 0x3f
 1107 0101 19       		.uleb128 0x19
 1108 0102 03       		.uleb128 0x3
 1109 0103 0E       		.uleb128 0xe
 1110 0104 3A       		.uleb128 0x3a
 1111 0105 0B       		.uleb128 0xb
 1112 0106 3B       		.uleb128 0x3b
 1113 0107 0B       		.uleb128 0xb
 1114 0108 27       		.uleb128 0x27
 1115 0109 19       		.uleb128 0x19
 1116 010a 49       		.uleb128 0x49
 1117 010b 13       		.uleb128 0x13
 1118 010c 11       		.uleb128 0x11
 1119 010d 01       		.uleb128 0x1
 1120 010e 12       		.uleb128 0x12
 1121 010f 06       		.uleb128 0x6
 1122 0110 40       		.uleb128 0x40
 1123 0111 18       		.uleb128 0x18
 1124 0112 9742     		.uleb128 0x2117
 1125 0114 19       		.uleb128 0x19
 1126 0115 00       		.byte	0
 1127 0116 00       		.byte	0
 1128 0117 14       		.uleb128 0x14
 1129 0118 05       		.uleb128 0x5
 1130 0119 00       		.byte	0
 1131 011a 03       		.uleb128 0x3
 1132 011b 0E       		.uleb128 0xe
 1133 011c 3A       		.uleb128 0x3a
 1134 011d 0B       		.uleb128 0xb
 1135 011e 3B       		.uleb128 0x3b
 1136 011f 0B       		.uleb128 0xb
 1137 0120 49       		.uleb128 0x49
 1138 0121 13       		.uleb128 0x13
ARM GAS  C:\Users\SNFU\AppData\Local\Temp\ccsnJECf.s 			page 28


 1139 0122 02       		.uleb128 0x2
 1140 0123 17       		.uleb128 0x17
 1141 0124 00       		.byte	0
 1142 0125 00       		.byte	0
 1143 0126 15       		.uleb128 0x15
 1144 0127 34       		.uleb128 0x34
 1145 0128 00       		.byte	0
 1146 0129 03       		.uleb128 0x3
 1147 012a 0E       		.uleb128 0xe
 1148 012b 3A       		.uleb128 0x3a
 1149 012c 0B       		.uleb128 0xb
 1150 012d 3B       		.uleb128 0x3b
 1151 012e 0B       		.uleb128 0xb
 1152 012f 49       		.uleb128 0x49
 1153 0130 13       		.uleb128 0x13
 1154 0131 02       		.uleb128 0x2
 1155 0132 17       		.uleb128 0x17
 1156 0133 00       		.byte	0
 1157 0134 00       		.byte	0
 1158 0135 16       		.uleb128 0x16
 1159 0136 34       		.uleb128 0x34
 1160 0137 00       		.byte	0
 1161 0138 03       		.uleb128 0x3
 1162 0139 0E       		.uleb128 0xe
 1163 013a 3A       		.uleb128 0x3a
 1164 013b 0B       		.uleb128 0xb
 1165 013c 3B       		.uleb128 0x3b
 1166 013d 0B       		.uleb128 0xb
 1167 013e 49       		.uleb128 0x49
 1168 013f 13       		.uleb128 0x13
 1169 0140 1C       		.uleb128 0x1c
 1170 0141 0B       		.uleb128 0xb
 1171 0142 00       		.byte	0
 1172 0143 00       		.byte	0
 1173 0144 17       		.uleb128 0x17
 1174 0145 898201   		.uleb128 0x4109
 1175 0148 00       		.byte	0
 1176 0149 11       		.uleb128 0x11
 1177 014a 01       		.uleb128 0x1
 1178 014b 31       		.uleb128 0x31
 1179 014c 13       		.uleb128 0x13
 1180 014d 00       		.byte	0
 1181 014e 00       		.byte	0
 1182 014f 18       		.uleb128 0x18
 1183 0150 1D       		.uleb128 0x1d
 1184 0151 01       		.byte	0x1
 1185 0152 31       		.uleb128 0x31
 1186 0153 13       		.uleb128 0x13
 1187 0154 52       		.uleb128 0x52
 1188 0155 01       		.uleb128 0x1
 1189 0156 55       		.uleb128 0x55
 1190 0157 17       		.uleb128 0x17
 1191 0158 58       		.uleb128 0x58
 1192 0159 0B       		.uleb128 0xb
 1193 015a 59       		.uleb128 0x59
 1194 015b 0B       		.uleb128 0xb
 1195 015c 01       		.uleb128 0x1
ARM GAS  C:\Users\SNFU\AppData\Local\Temp\ccsnJECf.s 			page 29


 1196 015d 13       		.uleb128 0x13
 1197 015e 00       		.byte	0
 1198 015f 00       		.byte	0
 1199 0160 19       		.uleb128 0x19
 1200 0161 1D       		.uleb128 0x1d
 1201 0162 00       		.byte	0
 1202 0163 31       		.uleb128 0x31
 1203 0164 13       		.uleb128 0x13
 1204 0165 52       		.uleb128 0x52
 1205 0166 01       		.uleb128 0x1
 1206 0167 55       		.uleb128 0x55
 1207 0168 17       		.uleb128 0x17
 1208 0169 58       		.uleb128 0x58
 1209 016a 0B       		.uleb128 0xb
 1210 016b 59       		.uleb128 0x59
 1211 016c 0B       		.uleb128 0xb
 1212 016d 00       		.byte	0
 1213 016e 00       		.byte	0
 1214 016f 1A       		.uleb128 0x1a
 1215 0170 898201   		.uleb128 0x4109
 1216 0173 01       		.byte	0x1
 1217 0174 11       		.uleb128 0x11
 1218 0175 01       		.uleb128 0x1
 1219 0176 31       		.uleb128 0x31
 1220 0177 13       		.uleb128 0x13
 1221 0178 00       		.byte	0
 1222 0179 00       		.byte	0
 1223 017a 1B       		.uleb128 0x1b
 1224 017b 8A8201   		.uleb128 0x410a
 1225 017e 00       		.byte	0
 1226 017f 02       		.uleb128 0x2
 1227 0180 18       		.uleb128 0x18
 1228 0181 9142     		.uleb128 0x2111
 1229 0183 18       		.uleb128 0x18
 1230 0184 00       		.byte	0
 1231 0185 00       		.byte	0
 1232 0186 1C       		.uleb128 0x1c
 1233 0187 05       		.uleb128 0x5
 1234 0188 00       		.byte	0
 1235 0189 31       		.uleb128 0x31
 1236 018a 13       		.uleb128 0x13
 1237 018b 02       		.uleb128 0x2
 1238 018c 17       		.uleb128 0x17
 1239 018d 00       		.byte	0
 1240 018e 00       		.byte	0
 1241 018f 1D       		.uleb128 0x1d
 1242 0190 2E       		.uleb128 0x2e
 1243 0191 01       		.byte	0x1
 1244 0192 3F       		.uleb128 0x3f
 1245 0193 19       		.uleb128 0x19
 1246 0194 03       		.uleb128 0x3
 1247 0195 0E       		.uleb128 0xe
 1248 0196 3A       		.uleb128 0x3a
 1249 0197 0B       		.uleb128 0xb
 1250 0198 3B       		.uleb128 0x3b
 1251 0199 0B       		.uleb128 0xb
 1252 019a 27       		.uleb128 0x27
ARM GAS  C:\Users\SNFU\AppData\Local\Temp\ccsnJECf.s 			page 30


 1253 019b 19       		.uleb128 0x19
 1254 019c 49       		.uleb128 0x49
 1255 019d 13       		.uleb128 0x13
 1256 019e 11       		.uleb128 0x11
 1257 019f 01       		.uleb128 0x1
 1258 01a0 12       		.uleb128 0x12
 1259 01a1 06       		.uleb128 0x6
 1260 01a2 40       		.uleb128 0x40
 1261 01a3 18       		.uleb128 0x18
 1262 01a4 9742     		.uleb128 0x2117
 1263 01a6 19       		.uleb128 0x19
 1264 01a7 01       		.uleb128 0x1
 1265 01a8 13       		.uleb128 0x13
 1266 01a9 00       		.byte	0
 1267 01aa 00       		.byte	0
 1268 01ab 1E       		.uleb128 0x1e
 1269 01ac 2E       		.uleb128 0x2e
 1270 01ad 00       		.byte	0
 1271 01ae 31       		.uleb128 0x31
 1272 01af 13       		.uleb128 0x13
 1273 01b0 11       		.uleb128 0x11
 1274 01b1 01       		.uleb128 0x1
 1275 01b2 12       		.uleb128 0x12
 1276 01b3 06       		.uleb128 0x6
 1277 01b4 40       		.uleb128 0x40
 1278 01b5 18       		.uleb128 0x18
 1279 01b6 9742     		.uleb128 0x2117
 1280 01b8 19       		.uleb128 0x19
 1281 01b9 00       		.byte	0
 1282 01ba 00       		.byte	0
 1283 01bb 1F       		.uleb128 0x1f
 1284 01bc 2E       		.uleb128 0x2e
 1285 01bd 00       		.byte	0
 1286 01be 3F       		.uleb128 0x3f
 1287 01bf 19       		.uleb128 0x19
 1288 01c0 03       		.uleb128 0x3
 1289 01c1 0E       		.uleb128 0xe
 1290 01c2 3A       		.uleb128 0x3a
 1291 01c3 0B       		.uleb128 0xb
 1292 01c4 3B       		.uleb128 0x3b
 1293 01c5 05       		.uleb128 0x5
 1294 01c6 27       		.uleb128 0x27
 1295 01c7 19       		.uleb128 0x19
 1296 01c8 49       		.uleb128 0x49
 1297 01c9 13       		.uleb128 0x13
 1298 01ca 11       		.uleb128 0x11
 1299 01cb 01       		.uleb128 0x1
 1300 01cc 12       		.uleb128 0x12
 1301 01cd 06       		.uleb128 0x6
 1302 01ce 40       		.uleb128 0x40
 1303 01cf 18       		.uleb128 0x18
 1304 01d0 9742     		.uleb128 0x2117
 1305 01d2 19       		.uleb128 0x19
 1306 01d3 00       		.byte	0
 1307 01d4 00       		.byte	0
 1308 01d5 20       		.uleb128 0x20
 1309 01d6 2E       		.uleb128 0x2e
ARM GAS  C:\Users\SNFU\AppData\Local\Temp\ccsnJECf.s 			page 31


 1310 01d7 00       		.byte	0
 1311 01d8 3F       		.uleb128 0x3f
 1312 01d9 19       		.uleb128 0x19
 1313 01da 03       		.uleb128 0x3
 1314 01db 0E       		.uleb128 0xe
 1315 01dc 3A       		.uleb128 0x3a
 1316 01dd 0B       		.uleb128 0xb
 1317 01de 3B       		.uleb128 0x3b
 1318 01df 05       		.uleb128 0x5
 1319 01e0 27       		.uleb128 0x27
 1320 01e1 19       		.uleb128 0x19
 1321 01e2 11       		.uleb128 0x11
 1322 01e3 01       		.uleb128 0x1
 1323 01e4 12       		.uleb128 0x12
 1324 01e5 06       		.uleb128 0x6
 1325 01e6 40       		.uleb128 0x40
 1326 01e7 18       		.uleb128 0x18
 1327 01e8 9742     		.uleb128 0x2117
 1328 01ea 19       		.uleb128 0x19
 1329 01eb 00       		.byte	0
 1330 01ec 00       		.byte	0
 1331 01ed 21       		.uleb128 0x21
 1332 01ee 01       		.uleb128 0x1
 1333 01ef 01       		.byte	0x1
 1334 01f0 49       		.uleb128 0x49
 1335 01f1 13       		.uleb128 0x13
 1336 01f2 01       		.uleb128 0x1
 1337 01f3 13       		.uleb128 0x13
 1338 01f4 00       		.byte	0
 1339 01f5 00       		.byte	0
 1340 01f6 22       		.uleb128 0x22
 1341 01f7 21       		.uleb128 0x21
 1342 01f8 00       		.byte	0
 1343 01f9 49       		.uleb128 0x49
 1344 01fa 13       		.uleb128 0x13
 1345 01fb 2F       		.uleb128 0x2f
 1346 01fc 0B       		.uleb128 0xb
 1347 01fd 00       		.byte	0
 1348 01fe 00       		.byte	0
 1349 01ff 23       		.uleb128 0x23
 1350 0200 34       		.uleb128 0x34
 1351 0201 00       		.byte	0
 1352 0202 03       		.uleb128 0x3
 1353 0203 0E       		.uleb128 0xe
 1354 0204 3A       		.uleb128 0x3a
 1355 0205 0B       		.uleb128 0xb
 1356 0206 3B       		.uleb128 0x3b
 1357 0207 0B       		.uleb128 0xb
 1358 0208 49       		.uleb128 0x49
 1359 0209 13       		.uleb128 0x13
 1360 020a 3F       		.uleb128 0x3f
 1361 020b 19       		.uleb128 0x19
 1362 020c 3C       		.uleb128 0x3c
 1363 020d 19       		.uleb128 0x19
 1364 020e 00       		.byte	0
 1365 020f 00       		.byte	0
 1366 0210 24       		.uleb128 0x24
ARM GAS  C:\Users\SNFU\AppData\Local\Temp\ccsnJECf.s 			page 32


 1367 0211 2E       		.uleb128 0x2e
 1368 0212 00       		.byte	0
 1369 0213 3F       		.uleb128 0x3f
 1370 0214 19       		.uleb128 0x19
 1371 0215 03       		.uleb128 0x3
 1372 0216 0E       		.uleb128 0xe
 1373 0217 3A       		.uleb128 0x3a
 1374 0218 0B       		.uleb128 0xb
 1375 0219 3B       		.uleb128 0x3b
 1376 021a 0B       		.uleb128 0xb
 1377 021b 27       		.uleb128 0x27
 1378 021c 19       		.uleb128 0x19
 1379 021d 49       		.uleb128 0x49
 1380 021e 13       		.uleb128 0x13
 1381 021f 3C       		.uleb128 0x3c
 1382 0220 19       		.uleb128 0x19
 1383 0221 00       		.byte	0
 1384 0222 00       		.byte	0
 1385 0223 25       		.uleb128 0x25
 1386 0224 2E       		.uleb128 0x2e
 1387 0225 01       		.byte	0x1
 1388 0226 3F       		.uleb128 0x3f
 1389 0227 19       		.uleb128 0x19
 1390 0228 03       		.uleb128 0x3
 1391 0229 0E       		.uleb128 0xe
 1392 022a 3A       		.uleb128 0x3a
 1393 022b 0B       		.uleb128 0xb
 1394 022c 3B       		.uleb128 0x3b
 1395 022d 0B       		.uleb128 0xb
 1396 022e 27       		.uleb128 0x27
 1397 022f 19       		.uleb128 0x19
 1398 0230 3C       		.uleb128 0x3c
 1399 0231 19       		.uleb128 0x19
 1400 0232 00       		.byte	0
 1401 0233 00       		.byte	0
 1402 0234 26       		.uleb128 0x26
 1403 0235 05       		.uleb128 0x5
 1404 0236 00       		.byte	0
 1405 0237 49       		.uleb128 0x49
 1406 0238 13       		.uleb128 0x13
 1407 0239 00       		.byte	0
 1408 023a 00       		.byte	0
 1409 023b 00       		.byte	0
 1410              		.section	.debug_loc,"",%progbits
 1411              	.Ldebug_loc0:
 1412              	.LLST0:
 1413 0000 00000000 		.4byte	.LVL2
 1414 0004 07000000 		.4byte	.LVL3-1
 1415 0008 0100     		.2byte	0x1
 1416 000a 50       		.byte	0x50
 1417 000b 07000000 		.4byte	.LVL3-1
 1418 000f 20000000 		.4byte	.LFE6
 1419 0013 0400     		.2byte	0x4
 1420 0015 F3       		.byte	0xf3
 1421 0016 01       		.uleb128 0x1
 1422 0017 50       		.byte	0x50
 1423 0018 9F       		.byte	0x9f
ARM GAS  C:\Users\SNFU\AppData\Local\Temp\ccsnJECf.s 			page 33


 1424 0019 00000000 		.4byte	0
 1425 001d 00000000 		.4byte	0
 1426              	.LLST1:
 1427 0021 08000000 		.4byte	.LVL3
 1428 0025 19000000 		.4byte	.LVL4-1
 1429 0029 0100     		.2byte	0x1
 1430 002b 50       		.byte	0x50
 1431 002c 00000000 		.4byte	0
 1432 0030 00000000 		.4byte	0
 1433              	.LLST2:
 1434 0034 00000000 		.4byte	.LVL7
 1435 0038 10000000 		.4byte	.LVL9
 1436 003c 0100     		.2byte	0x1
 1437 003e 50       		.byte	0x50
 1438 003f 10000000 		.4byte	.LVL9
 1439 0043 13000000 		.4byte	.LVL10-1
 1440 0047 0300     		.2byte	0x3
 1441 0049 73       		.byte	0x73
 1442 004a EC00     		.sleb128 108
 1443 004c 13000000 		.4byte	.LVL10-1
 1444 0050 28000000 		.4byte	.LFE1
 1445 0054 0400     		.2byte	0x4
 1446 0056 F3       		.byte	0xf3
 1447 0057 01       		.uleb128 0x1
 1448 0058 50       		.byte	0x50
 1449 0059 9F       		.byte	0x9f
 1450 005a 00000000 		.4byte	0
 1451 005e 00000000 		.4byte	0
 1452              	.LLST3:
 1453 0062 0A000000 		.4byte	.LVL8
 1454 0066 10000000 		.4byte	.LVL9
 1455 006a 0100     		.2byte	0x1
 1456 006c 50       		.byte	0x50
 1457 006d 10000000 		.4byte	.LVL9
 1458 0071 13000000 		.4byte	.LVL10-1
 1459 0075 0300     		.2byte	0x3
 1460 0077 73       		.byte	0x73
 1461 0078 EC00     		.sleb128 108
 1462 007a 13000000 		.4byte	.LVL10-1
 1463 007e 28000000 		.4byte	.LFE1
 1464 0082 0400     		.2byte	0x4
 1465 0084 F3       		.byte	0xf3
 1466 0085 01       		.uleb128 0x1
 1467 0086 50       		.byte	0x50
 1468 0087 9F       		.byte	0x9f
 1469 0088 00000000 		.4byte	0
 1470 008c 00000000 		.4byte	0
 1471              	.LLST4:
 1472 0090 04000000 		.4byte	.LVL12
 1473 0094 06000000 		.4byte	.LVL13
 1474 0098 0A00     		.2byte	0xa
 1475 009a 70       		.byte	0x70
 1476 009b 00       		.sleb128 0
 1477 009c 40       		.byte	0x40
 1478 009d 4A       		.byte	0x4a
 1479 009e 24       		.byte	0x24
 1480 009f 1F       		.byte	0x1f
ARM GAS  C:\Users\SNFU\AppData\Local\Temp\ccsnJECf.s 			page 34


 1481 00a0 1A       		.byte	0x1a
 1482 00a1 4E       		.byte	0x4e
 1483 00a2 25       		.byte	0x25
 1484 00a3 9F       		.byte	0x9f
 1485 00a4 00000000 		.4byte	0
 1486 00a8 00000000 		.4byte	0
 1487              		.section	.debug_aranges,"",%progbits
 1488 0000 7C000000 		.4byte	0x7c
 1489 0004 0200     		.2byte	0x2
 1490 0006 00000000 		.4byte	.Ldebug_info0
 1491 000a 04       		.byte	0x4
 1492 000b 00       		.byte	0
 1493 000c 0000     		.2byte	0
 1494 000e 0000     		.2byte	0
 1495 0010 00000000 		.4byte	.LFB3
 1496 0014 02000000 		.4byte	.LFE3-.LFB3
 1497 0018 00000000 		.4byte	.LFB2
 1498 001c 1C000000 		.4byte	.LFE2-.LFB2
 1499 0020 00000000 		.4byte	.LFB4
 1500 0024 0C000000 		.4byte	.LFE4-.LFB4
 1501 0028 00000000 		.4byte	.LFB5
 1502 002c 0C000000 		.4byte	.LFE5-.LFB5
 1503 0030 00000000 		.4byte	.LFB6
 1504 0034 20000000 		.4byte	.LFE6-.LFB6
 1505 0038 00000000 		.4byte	.LFB0
 1506 003c 2C000000 		.4byte	.LFE0-.LFB0
 1507 0040 00000000 		.4byte	.LFB1
 1508 0044 28000000 		.4byte	.LFE1-.LFB1
 1509 0048 00000000 		.4byte	.LFB7
 1510 004c 0C000000 		.4byte	.LFE7-.LFB7
 1511 0050 00000000 		.4byte	.LFB8
 1512 0054 10000000 		.4byte	.LFE8-.LFB8
 1513 0058 00000000 		.4byte	.LFB9
 1514 005c 10000000 		.4byte	.LFE9-.LFB9
 1515 0060 00000000 		.4byte	.LFB10
 1516 0064 10000000 		.4byte	.LFE10-.LFB10
 1517 0068 00000000 		.4byte	.LFB11
 1518 006c 10000000 		.4byte	.LFE11-.LFB11
 1519 0070 00000000 		.4byte	.LFB12
 1520 0074 10000000 		.4byte	.LFE12-.LFB12
 1521 0078 00000000 		.4byte	0
 1522 007c 00000000 		.4byte	0
 1523              		.section	.debug_ranges,"",%progbits
 1524              	.Ldebug_ranges0:
 1525 0000 08000000 		.4byte	.LBB20
 1526 0004 0C000000 		.4byte	.LBE20
 1527 0008 0C000000 		.4byte	.LBB23
 1528 000c 0E000000 		.4byte	.LBE23
 1529 0010 00000000 		.4byte	0
 1530 0014 00000000 		.4byte	0
 1531 0018 0A000000 		.4byte	.LBB26
 1532 001c 0E000000 		.4byte	.LBE26
 1533 0020 10000000 		.4byte	.LBB29
 1534 0024 12000000 		.4byte	.LBE29
 1535 0028 00000000 		.4byte	0
 1536 002c 00000000 		.4byte	0
 1537 0030 16000000 		.4byte	.LBB30
ARM GAS  C:\Users\SNFU\AppData\Local\Temp\ccsnJECf.s 			page 35


 1538 0034 18000000 		.4byte	.LBE30
 1539 0038 18000000 		.4byte	.LBB33
 1540 003c 1A000000 		.4byte	.LBE33
 1541 0040 00000000 		.4byte	0
 1542 0044 00000000 		.4byte	0
 1543 0048 0A000000 		.4byte	.LBB36
 1544 004c 0C000000 		.4byte	.LBE36
 1545 0050 0C000000 		.4byte	.LBB39
 1546 0054 0E000000 		.4byte	.LBE39
 1547 0058 00000000 		.4byte	0
 1548 005c 00000000 		.4byte	0
 1549 0060 00000000 		.4byte	.LFB3
 1550 0064 02000000 		.4byte	.LFE3
 1551 0068 00000000 		.4byte	.LFB2
 1552 006c 1C000000 		.4byte	.LFE2
 1553 0070 00000000 		.4byte	.LFB4
 1554 0074 0C000000 		.4byte	.LFE4
 1555 0078 00000000 		.4byte	.LFB5
 1556 007c 0C000000 		.4byte	.LFE5
 1557 0080 00000000 		.4byte	.LFB6
 1558 0084 20000000 		.4byte	.LFE6
 1559 0088 00000000 		.4byte	.LFB0
 1560 008c 2C000000 		.4byte	.LFE0
 1561 0090 00000000 		.4byte	.LFB1
 1562 0094 28000000 		.4byte	.LFE1
 1563 0098 00000000 		.4byte	.LFB7
 1564 009c 0C000000 		.4byte	.LFE7
 1565 00a0 00000000 		.4byte	.LFB8
 1566 00a4 10000000 		.4byte	.LFE8
 1567 00a8 00000000 		.4byte	.LFB9
 1568 00ac 10000000 		.4byte	.LFE9
 1569 00b0 00000000 		.4byte	.LFB10
 1570 00b4 10000000 		.4byte	.LFE10
 1571 00b8 00000000 		.4byte	.LFB11
 1572 00bc 10000000 		.4byte	.LFE11
 1573 00c0 00000000 		.4byte	.LFB12
 1574 00c4 10000000 		.4byte	.LFE12
 1575 00c8 00000000 		.4byte	0
 1576 00cc 00000000 		.4byte	0
 1577              		.section	.debug_line,"",%progbits
 1578              	.Ldebug_line0:
 1579 0000 9F010000 		.section	.debug_str,"MS",%progbits,1
 1579      02005600 
 1579      00000201 
 1579      FB0E0D00 
 1579      01010101 
 1580              	.LASF14:
 1581 0000 72656733 		.ascii	"reg32\000"
 1581      3200
 1582              	.LASF20:
 1583 0006 4932434D 		.ascii	"I2CM_SCB_IRQ_SetPriority\000"
 1583      5F534342 
 1583      5F495251 
 1583      5F536574 
 1583      5072696F 
 1584              	.LASF37:
 1585 001f 43795261 		.ascii	"CyRamVectors\000"
ARM GAS  C:\Users\SNFU\AppData\Local\Temp\ccsnJECf.s 			page 36


 1585      6D566563 
 1585      746F7273 
 1585      00
 1586              	.LASF3:
 1587 002c 73686F72 		.ascii	"short unsigned int\000"
 1587      7420756E 
 1587      7369676E 
 1587      65642069 
 1587      6E7400
 1588              	.LASF27:
 1589 003f 4932434D 		.ascii	"I2CM_SCB_IRQ_GetVector\000"
 1589      5F534342 
 1589      5F495251 
 1589      5F476574 
 1589      56656374 
 1590              	.LASF35:
 1591 0056 4932434D 		.ascii	"I2CM_SCB_IRQ_SetVector\000"
 1591      5F534342 
 1591      5F495251 
 1591      5F536574 
 1591      56656374 
 1592              	.LASF34:
 1593 006d 433A5C55 		.ascii	"C:\\Users\\SNFU\\Documents\\T-50_UAV_Project\\Softw"
 1593      73657273 
 1593      5C534E46 
 1593      555C446F 
 1593      63756D65 
 1594 009b 6172655C 		.ascii	"are\\T-50_Project\\T-50_Project.cydsn\000"
 1594      542D3530 
 1594      5F50726F 
 1594      6A656374 
 1594      5C542D35 
 1595              	.LASF11:
 1596 00bf 666C6F61 		.ascii	"float\000"
 1596      7400
 1597              	.LASF7:
 1598 00c5 6C6F6E67 		.ascii	"long long unsigned int\000"
 1598      206C6F6E 
 1598      6720756E 
 1598      7369676E 
 1598      65642069 
 1599              	.LASF1:
 1600 00dc 756E7369 		.ascii	"unsigned char\000"
 1600      676E6564 
 1600      20636861 
 1600      7200
 1601              	.LASF21:
 1602 00ea 696E7465 		.ascii	"interruptState\000"
 1602      72727570 
 1602      74537461 
 1602      746500
 1603              	.LASF24:
 1604 00f9 4932434D 		.ascii	"I2CM_SCB_IRQ_StartEx\000"
 1604      5F534342 
 1604      5F495251 
 1604      5F537461 
 1604      72744578 
ARM GAS  C:\Users\SNFU\AppData\Local\Temp\ccsnJECf.s 			page 37


 1605              	.LASF9:
 1606 010e 75696E74 		.ascii	"uint8\000"
 1606      3800
 1607              	.LASF18:
 1608 0114 4932434D 		.ascii	"I2CM_SCB_IRQ_Enable\000"
 1608      5F534342 
 1608      5F495251 
 1608      5F456E61 
 1608      626C6500 
 1609              	.LASF25:
 1610 0128 7072696F 		.ascii	"priority\000"
 1610      72697479 
 1610      00
 1611              	.LASF30:
 1612 0131 4932434D 		.ascii	"I2CM_SCB_IRQ_SetPending\000"
 1612      5F534342 
 1612      5F495251 
 1612      5F536574 
 1612      50656E64 
 1613              	.LASF31:
 1614 0149 4932434D 		.ascii	"I2CM_SCB_IRQ_ClearPending\000"
 1614      5F534342 
 1614      5F495251 
 1614      5F436C65 
 1614      61725065 
 1615              	.LASF12:
 1616 0163 646F7562 		.ascii	"double\000"
 1616      6C6500
 1617              	.LASF19:
 1618 016a 4932434D 		.ascii	"I2CM_SCB_IRQ_Stop\000"
 1618      5F534342 
 1618      5F495251 
 1618      5F53746F 
 1618      7000
 1619              	.LASF17:
 1620 017c 4932434D 		.ascii	"I2CM_SCB_IRQ_Disable\000"
 1620      5F534342 
 1620      5F495251 
 1620      5F446973 
 1620      61626C65 
 1621              	.LASF10:
 1622 0191 75696E74 		.ascii	"uint32\000"
 1622      333200
 1623              	.LASF38:
 1624 0198 4379456E 		.ascii	"CyEnterCriticalSection\000"
 1624      74657243 
 1624      72697469 
 1624      63616C53 
 1624      65637469 
 1625              	.LASF5:
 1626 01af 6C6F6E67 		.ascii	"long unsigned int\000"
 1626      20756E73 
 1626      69676E65 
 1626      6420696E 
 1626      7400
 1627              	.LASF8:
 1628 01c1 756E7369 		.ascii	"unsigned int\000"
ARM GAS  C:\Users\SNFU\AppData\Local\Temp\ccsnJECf.s 			page 38


 1628      676E6564 
 1628      20696E74 
 1628      00
 1629              	.LASF29:
 1630 01ce 4932434D 		.ascii	"I2CM_SCB_IRQ_Interrupt\000"
 1630      5F534342 
 1630      5F495251 
 1630      5F496E74 
 1630      65727275 
 1631              	.LASF26:
 1632 01e5 61646472 		.ascii	"address\000"
 1632      65737300 
 1633              	.LASF39:
 1634 01ed 43794578 		.ascii	"CyExitCriticalSection\000"
 1634      69744372 
 1634      69746963 
 1634      616C5365 
 1634      6374696F 
 1635              	.LASF15:
 1636 0203 63796973 		.ascii	"cyisraddress\000"
 1636      72616464 
 1636      72657373 
 1636      00
 1637              	.LASF33:
 1638 0210 2E5C4765 		.ascii	".\\Generated_Source\\PSoC4\\I2CM_SCB_IRQ.c\000"
 1638      6E657261 
 1638      7465645F 
 1638      536F7572 
 1638      63655C50 
 1639              	.LASF16:
 1640 0238 73697A65 		.ascii	"sizetype\000"
 1640      74797065 
 1640      00
 1641              	.LASF6:
 1642 0241 6C6F6E67 		.ascii	"long long int\000"
 1642      206C6F6E 
 1642      6720696E 
 1642      7400
 1643              	.LASF13:
 1644 024f 63686172 		.ascii	"char\000"
 1644      00
 1645              	.LASF36:
 1646 0254 4932434D 		.ascii	"I2CM_SCB_IRQ_GetPriority\000"
 1646      5F534342 
 1646      5F495251 
 1646      5F476574 
 1646      5072696F 
 1647              	.LASF28:
 1648 026d 4932434D 		.ascii	"I2CM_SCB_IRQ_GetState\000"
 1648      5F534342 
 1648      5F495251 
 1648      5F476574 
 1648      53746174 
 1649              	.LASF2:
 1650 0283 73686F72 		.ascii	"short int\000"
 1650      7420696E 
 1650      7400
ARM GAS  C:\Users\SNFU\AppData\Local\Temp\ccsnJECf.s 			page 39


 1651              	.LASF32:
 1652 028d 474E5520 		.ascii	"GNU C 4.8.4 20140526 (release) [ARM/embedded-4_8-br"
 1652      4320342E 
 1652      382E3420 
 1652      32303134 
 1652      30353236 
 1653 02c0 616E6368 		.ascii	"anch revision 211358] -mcpu=cortex-m0 -mthumb -g -O"
 1653      20726576 
 1653      6973696F 
 1653      6E203231 
 1653      31333538 
 1654 02f3 73202D66 		.ascii	"s -ffunction-sections -finline-functions\000"
 1654      66756E63 
 1654      74696F6E 
 1654      2D736563 
 1654      74696F6E 
 1655              	.LASF23:
 1656 031c 4932434D 		.ascii	"I2CM_SCB_IRQ_Start\000"
 1656      5F534342 
 1656      5F495251 
 1656      5F537461 
 1656      727400
 1657              	.LASF22:
 1658 032f 7072696F 		.ascii	"priorityOffset\000"
 1658      72697479 
 1658      4F666673 
 1658      657400
 1659              	.LASF4:
 1660 033e 6C6F6E67 		.ascii	"long int\000"
 1660      20696E74 
 1660      00
 1661              	.LASF0:
 1662 0347 7369676E 		.ascii	"signed char\000"
 1662      65642063 
 1662      68617200 
 1663              		.ident	"GCC: (GNU Tools for ARM Embedded Processors) 4.8.4 20140526 (release) [ARM/embedded-4_8-br
