ARM GAS  C:\Users\SNFU\AppData\Local\Temp\ccjjojhQ.s 			page 1


   1              		.cpu cortex-m0
   2              		.fpu softvfp
   3              		.eabi_attribute 20, 1
   4              		.eabi_attribute 21, 1
   5              		.eabi_attribute 23, 3
   6              		.eabi_attribute 24, 1
   7              		.eabi_attribute 25, 1
   8              		.eabi_attribute 26, 1
   9              		.eabi_attribute 30, 4
  10              		.eabi_attribute 34, 0
  11              		.eabi_attribute 18, 4
  12              		.code	16
  13              		.file	"In_Speed.c"
  14              		.text
  15              	.Ltext0:
  16              		.cfi_sections	.debug_frame
  17              		.section	.text.In_Speed_Write,"ax",%progbits
  18              		.align	1
  19              		.global	In_Speed_Write
  20              		.code	16
  21              		.thumb_func
  22              		.type	In_Speed_Write, %function
  23              	In_Speed_Write:
  24              	.LFB0:
  25              		.file 1 ".\\Generated_Source\\PSoC4\\In_Speed.c"
   1:.\Generated_Source\PSoC4/In_Speed.c **** /*******************************************************************************
   2:.\Generated_Source\PSoC4/In_Speed.c **** * File Name: In_Speed.c  
   3:.\Generated_Source\PSoC4/In_Speed.c **** * Version 2.10
   4:.\Generated_Source\PSoC4/In_Speed.c **** *
   5:.\Generated_Source\PSoC4/In_Speed.c **** * Description:
   6:.\Generated_Source\PSoC4/In_Speed.c **** *  This file contains API to enable firmware control of a Pins component.
   7:.\Generated_Source\PSoC4/In_Speed.c **** *
   8:.\Generated_Source\PSoC4/In_Speed.c **** * Note:
   9:.\Generated_Source\PSoC4/In_Speed.c **** *
  10:.\Generated_Source\PSoC4/In_Speed.c **** ********************************************************************************
  11:.\Generated_Source\PSoC4/In_Speed.c **** * Copyright 2008-2014, Cypress Semiconductor Corporation.  All rights reserved.
  12:.\Generated_Source\PSoC4/In_Speed.c **** * You may use this file only in accordance with the license, terms, conditions, 
  13:.\Generated_Source\PSoC4/In_Speed.c **** * disclaimers, and limitations in the end user license agreement accompanying 
  14:.\Generated_Source\PSoC4/In_Speed.c **** * the software package with which this file was provided.
  15:.\Generated_Source\PSoC4/In_Speed.c **** *******************************************************************************/
  16:.\Generated_Source\PSoC4/In_Speed.c **** 
  17:.\Generated_Source\PSoC4/In_Speed.c **** #include "cytypes.h"
  18:.\Generated_Source\PSoC4/In_Speed.c **** #include "In_Speed.h"
  19:.\Generated_Source\PSoC4/In_Speed.c **** 
  20:.\Generated_Source\PSoC4/In_Speed.c **** #define SetP4PinDriveMode(shift, mode)  \
  21:.\Generated_Source\PSoC4/In_Speed.c ****     do { \
  22:.\Generated_Source\PSoC4/In_Speed.c ****         In_Speed_PC =   (In_Speed_PC & \
  23:.\Generated_Source\PSoC4/In_Speed.c ****                                 (uint32)(~(uint32)(In_Speed_DRIVE_MODE_IND_MASK << (In_Speed_DRIVE_
  24:.\Generated_Source\PSoC4/In_Speed.c ****                                 (uint32)((uint32)(mode) << (In_Speed_DRIVE_MODE_BITS * (shift))); \
  25:.\Generated_Source\PSoC4/In_Speed.c ****     } while (0)
  26:.\Generated_Source\PSoC4/In_Speed.c **** 
  27:.\Generated_Source\PSoC4/In_Speed.c **** 
  28:.\Generated_Source\PSoC4/In_Speed.c **** /*******************************************************************************
  29:.\Generated_Source\PSoC4/In_Speed.c **** * Function Name: In_Speed_Write
  30:.\Generated_Source\PSoC4/In_Speed.c **** ********************************************************************************
  31:.\Generated_Source\PSoC4/In_Speed.c **** *
  32:.\Generated_Source\PSoC4/In_Speed.c **** * Summary:
ARM GAS  C:\Users\SNFU\AppData\Local\Temp\ccjjojhQ.s 			page 2


  33:.\Generated_Source\PSoC4/In_Speed.c **** *  Assign a new value to the digital port's data output register.  
  34:.\Generated_Source\PSoC4/In_Speed.c **** *
  35:.\Generated_Source\PSoC4/In_Speed.c **** * Parameters:  
  36:.\Generated_Source\PSoC4/In_Speed.c **** *  prtValue:  The value to be assigned to the Digital Port. 
  37:.\Generated_Source\PSoC4/In_Speed.c **** *
  38:.\Generated_Source\PSoC4/In_Speed.c **** * Return: 
  39:.\Generated_Source\PSoC4/In_Speed.c **** *  None 
  40:.\Generated_Source\PSoC4/In_Speed.c **** *  
  41:.\Generated_Source\PSoC4/In_Speed.c **** *******************************************************************************/
  42:.\Generated_Source\PSoC4/In_Speed.c **** void In_Speed_Write(uint8 value) 
  43:.\Generated_Source\PSoC4/In_Speed.c **** {
  26              		.loc 1 43 0
  27              		.cfi_startproc
  28              	.LVL0:
  44:.\Generated_Source\PSoC4/In_Speed.c ****     uint8 drVal = (uint8)(In_Speed_DR & (uint8)(~In_Speed_MASK));
  29              		.loc 1 44 0
  30 0000 044B     		ldr	r3, .L2
  31 0002 7F22     		mov	r2, #127
  32 0004 1968     		ldr	r1, [r3]
  45:.\Generated_Source\PSoC4/In_Speed.c ****     drVal = (drVal | ((uint8)(value << In_Speed_SHIFT) & In_Speed_MASK));
  46:.\Generated_Source\PSoC4/In_Speed.c ****     In_Speed_DR = (uint32)drVal;
  47:.\Generated_Source\PSoC4/In_Speed.c **** }
  33              		.loc 1 47 0
  34              		@ sp needed
  44:.\Generated_Source\PSoC4/In_Speed.c ****     uint8 drVal = (uint8)(In_Speed_DR & (uint8)(~In_Speed_MASK));
  35              		.loc 1 44 0
  36 0006 1140     		and	r1, r2
  37              	.LVL1:
  45:.\Generated_Source\PSoC4/In_Speed.c ****     drVal = (drVal | ((uint8)(value << In_Speed_SHIFT) & In_Speed_MASK));
  38              		.loc 1 45 0
  39 0008 C201     		lsl	r2, r0, #7
  40 000a 081C     		mov	r0, r1
  41              	.LVL2:
  42 000c 1043     		orr	r0, r2
  46:.\Generated_Source\PSoC4/In_Speed.c ****     In_Speed_DR = (uint32)drVal;
  43              		.loc 1 46 0
  44 000e C0B2     		uxtb	r0, r0
  45 0010 1860     		str	r0, [r3]
  46              		.loc 1 47 0
  47 0012 7047     		bx	lr
  48              	.L3:
  49              		.align	2
  50              	.L2:
  51 0014 00020440 		.word	1074004480
  52              		.cfi_endproc
  53              	.LFE0:
  54              		.size	In_Speed_Write, .-In_Speed_Write
  55              		.section	.text.In_Speed_SetDriveMode,"ax",%progbits
  56              		.align	1
  57              		.global	In_Speed_SetDriveMode
  58              		.code	16
  59              		.thumb_func
  60              		.type	In_Speed_SetDriveMode, %function
  61              	In_Speed_SetDriveMode:
  62              	.LFB1:
  48:.\Generated_Source\PSoC4/In_Speed.c **** 
  49:.\Generated_Source\PSoC4/In_Speed.c **** 
ARM GAS  C:\Users\SNFU\AppData\Local\Temp\ccjjojhQ.s 			page 3


  50:.\Generated_Source\PSoC4/In_Speed.c **** /*******************************************************************************
  51:.\Generated_Source\PSoC4/In_Speed.c **** * Function Name: In_Speed_SetDriveMode
  52:.\Generated_Source\PSoC4/In_Speed.c **** ********************************************************************************
  53:.\Generated_Source\PSoC4/In_Speed.c **** *
  54:.\Generated_Source\PSoC4/In_Speed.c **** * Summary:
  55:.\Generated_Source\PSoC4/In_Speed.c **** *  Change the drive mode on the pins of the port.
  56:.\Generated_Source\PSoC4/In_Speed.c **** * 
  57:.\Generated_Source\PSoC4/In_Speed.c **** * Parameters:  
  58:.\Generated_Source\PSoC4/In_Speed.c **** *  mode:  Change the pins to one of the following drive modes.
  59:.\Generated_Source\PSoC4/In_Speed.c **** *
  60:.\Generated_Source\PSoC4/In_Speed.c **** *  In_Speed_DM_STRONG     Strong Drive 
  61:.\Generated_Source\PSoC4/In_Speed.c **** *  In_Speed_DM_OD_HI      Open Drain, Drives High 
  62:.\Generated_Source\PSoC4/In_Speed.c **** *  In_Speed_DM_OD_LO      Open Drain, Drives Low 
  63:.\Generated_Source\PSoC4/In_Speed.c **** *  In_Speed_DM_RES_UP     Resistive Pull Up 
  64:.\Generated_Source\PSoC4/In_Speed.c **** *  In_Speed_DM_RES_DWN    Resistive Pull Down 
  65:.\Generated_Source\PSoC4/In_Speed.c **** *  In_Speed_DM_RES_UPDWN  Resistive Pull Up/Down 
  66:.\Generated_Source\PSoC4/In_Speed.c **** *  In_Speed_DM_DIG_HIZ    High Impedance Digital 
  67:.\Generated_Source\PSoC4/In_Speed.c **** *  In_Speed_DM_ALG_HIZ    High Impedance Analog 
  68:.\Generated_Source\PSoC4/In_Speed.c **** *
  69:.\Generated_Source\PSoC4/In_Speed.c **** * Return: 
  70:.\Generated_Source\PSoC4/In_Speed.c **** *  None
  71:.\Generated_Source\PSoC4/In_Speed.c **** *
  72:.\Generated_Source\PSoC4/In_Speed.c **** *******************************************************************************/
  73:.\Generated_Source\PSoC4/In_Speed.c **** void In_Speed_SetDriveMode(uint8 mode) 
  74:.\Generated_Source\PSoC4/In_Speed.c **** {
  63              		.loc 1 74 0
  64              		.cfi_startproc
  65              	.LVL3:
  75:.\Generated_Source\PSoC4/In_Speed.c **** 	SetP4PinDriveMode(In_Speed__0__SHIFT, mode);
  66              		.loc 1 75 0
  67 0000 044B     		ldr	r3, .L5
  74:.\Generated_Source\PSoC4/In_Speed.c **** {
  68              		.loc 1 74 0
  69 0002 10B5     		push	{r4, lr}
  70              		.cfi_def_cfa_offset 8
  71              		.cfi_offset 4, -8
  72              		.cfi_offset 14, -4
  73              		.loc 1 75 0
  74 0004 1C68     		ldr	r4, [r3]
  75 0006 0449     		ldr	r1, .L5+4
  76 0008 4205     		lsl	r2, r0, #21
  77 000a 201C     		mov	r0, r4
  78              	.LVL4:
  79 000c 0840     		and	r0, r1
  80 000e 1043     		orr	r0, r2
  81 0010 1860     		str	r0, [r3]
  76:.\Generated_Source\PSoC4/In_Speed.c **** }
  82              		.loc 1 76 0
  83              		@ sp needed
  84 0012 10BD     		pop	{r4, pc}
  85              	.L6:
  86              		.align	2
  87              	.L5:
  88 0014 08020440 		.word	1074004488
  89 0018 FFFF1FFF 		.word	-14680065
  90              		.cfi_endproc
  91              	.LFE1:
ARM GAS  C:\Users\SNFU\AppData\Local\Temp\ccjjojhQ.s 			page 4


  92              		.size	In_Speed_SetDriveMode, .-In_Speed_SetDriveMode
  93              		.section	.text.In_Speed_Read,"ax",%progbits
  94              		.align	1
  95              		.global	In_Speed_Read
  96              		.code	16
  97              		.thumb_func
  98              		.type	In_Speed_Read, %function
  99              	In_Speed_Read:
 100              	.LFB2:
  77:.\Generated_Source\PSoC4/In_Speed.c **** 
  78:.\Generated_Source\PSoC4/In_Speed.c **** 
  79:.\Generated_Source\PSoC4/In_Speed.c **** /*******************************************************************************
  80:.\Generated_Source\PSoC4/In_Speed.c **** * Function Name: In_Speed_Read
  81:.\Generated_Source\PSoC4/In_Speed.c **** ********************************************************************************
  82:.\Generated_Source\PSoC4/In_Speed.c **** *
  83:.\Generated_Source\PSoC4/In_Speed.c **** * Summary:
  84:.\Generated_Source\PSoC4/In_Speed.c **** *  Read the current value on the pins of the Digital Port in right justified 
  85:.\Generated_Source\PSoC4/In_Speed.c **** *  form.
  86:.\Generated_Source\PSoC4/In_Speed.c **** *
  87:.\Generated_Source\PSoC4/In_Speed.c **** * Parameters:  
  88:.\Generated_Source\PSoC4/In_Speed.c **** *  None 
  89:.\Generated_Source\PSoC4/In_Speed.c **** *
  90:.\Generated_Source\PSoC4/In_Speed.c **** * Return: 
  91:.\Generated_Source\PSoC4/In_Speed.c **** *  Returns the current value of the Digital Port as a right justified number
  92:.\Generated_Source\PSoC4/In_Speed.c **** *  
  93:.\Generated_Source\PSoC4/In_Speed.c **** * Note:
  94:.\Generated_Source\PSoC4/In_Speed.c **** *  Macro In_Speed_ReadPS calls this function. 
  95:.\Generated_Source\PSoC4/In_Speed.c **** *  
  96:.\Generated_Source\PSoC4/In_Speed.c **** *******************************************************************************/
  97:.\Generated_Source\PSoC4/In_Speed.c **** uint8 In_Speed_Read(void) 
  98:.\Generated_Source\PSoC4/In_Speed.c **** {
 101              		.loc 1 98 0
 102              		.cfi_startproc
  99:.\Generated_Source\PSoC4/In_Speed.c ****     return (uint8)((In_Speed_PS & In_Speed_MASK) >> In_Speed_SHIFT);
 103              		.loc 1 99 0
 104 0000 024B     		ldr	r3, .L8
 100:.\Generated_Source\PSoC4/In_Speed.c **** }
 105              		.loc 1 100 0
 106              		@ sp needed
  99:.\Generated_Source\PSoC4/In_Speed.c ****     return (uint8)((In_Speed_PS & In_Speed_MASK) >> In_Speed_SHIFT);
 107              		.loc 1 99 0
 108 0002 1868     		ldr	r0, [r3]
 109 0004 0006     		lsl	r0, r0, #24
 110 0006 C00F     		lsr	r0, r0, #31
 111              		.loc 1 100 0
 112 0008 7047     		bx	lr
 113              	.L9:
 114 000a C046     		.align	2
 115              	.L8:
 116 000c 04020440 		.word	1074004484
 117              		.cfi_endproc
 118              	.LFE2:
 119              		.size	In_Speed_Read, .-In_Speed_Read
 120              		.section	.text.In_Speed_ReadDataReg,"ax",%progbits
 121              		.align	1
 122              		.global	In_Speed_ReadDataReg
 123              		.code	16
ARM GAS  C:\Users\SNFU\AppData\Local\Temp\ccjjojhQ.s 			page 5


 124              		.thumb_func
 125              		.type	In_Speed_ReadDataReg, %function
 126              	In_Speed_ReadDataReg:
 127              	.LFB3:
 101:.\Generated_Source\PSoC4/In_Speed.c **** 
 102:.\Generated_Source\PSoC4/In_Speed.c **** 
 103:.\Generated_Source\PSoC4/In_Speed.c **** /*******************************************************************************
 104:.\Generated_Source\PSoC4/In_Speed.c **** * Function Name: In_Speed_ReadDataReg
 105:.\Generated_Source\PSoC4/In_Speed.c **** ********************************************************************************
 106:.\Generated_Source\PSoC4/In_Speed.c **** *
 107:.\Generated_Source\PSoC4/In_Speed.c **** * Summary:
 108:.\Generated_Source\PSoC4/In_Speed.c **** *  Read the current value assigned to a Digital Port's data output register
 109:.\Generated_Source\PSoC4/In_Speed.c **** *
 110:.\Generated_Source\PSoC4/In_Speed.c **** * Parameters:  
 111:.\Generated_Source\PSoC4/In_Speed.c **** *  None 
 112:.\Generated_Source\PSoC4/In_Speed.c **** *
 113:.\Generated_Source\PSoC4/In_Speed.c **** * Return: 
 114:.\Generated_Source\PSoC4/In_Speed.c **** *  Returns the current value assigned to the Digital Port's data output register
 115:.\Generated_Source\PSoC4/In_Speed.c **** *  
 116:.\Generated_Source\PSoC4/In_Speed.c **** *******************************************************************************/
 117:.\Generated_Source\PSoC4/In_Speed.c **** uint8 In_Speed_ReadDataReg(void) 
 118:.\Generated_Source\PSoC4/In_Speed.c **** {
 128              		.loc 1 118 0
 129              		.cfi_startproc
 119:.\Generated_Source\PSoC4/In_Speed.c ****     return (uint8)((In_Speed_DR & In_Speed_MASK) >> In_Speed_SHIFT);
 130              		.loc 1 119 0
 131 0000 024B     		ldr	r3, .L11
 120:.\Generated_Source\PSoC4/In_Speed.c **** }
 132              		.loc 1 120 0
 133              		@ sp needed
 119:.\Generated_Source\PSoC4/In_Speed.c ****     return (uint8)((In_Speed_DR & In_Speed_MASK) >> In_Speed_SHIFT);
 134              		.loc 1 119 0
 135 0002 1868     		ldr	r0, [r3]
 136 0004 0006     		lsl	r0, r0, #24
 137 0006 C00F     		lsr	r0, r0, #31
 138              		.loc 1 120 0
 139 0008 7047     		bx	lr
 140              	.L12:
 141 000a C046     		.align	2
 142              	.L11:
 143 000c 00020440 		.word	1074004480
 144              		.cfi_endproc
 145              	.LFE3:
 146              		.size	In_Speed_ReadDataReg, .-In_Speed_ReadDataReg
 147              		.section	.text.In_Speed_ClearInterrupt,"ax",%progbits
 148              		.align	1
 149              		.global	In_Speed_ClearInterrupt
 150              		.code	16
 151              		.thumb_func
 152              		.type	In_Speed_ClearInterrupt, %function
 153              	In_Speed_ClearInterrupt:
 154              	.LFB4:
 121:.\Generated_Source\PSoC4/In_Speed.c **** 
 122:.\Generated_Source\PSoC4/In_Speed.c **** 
 123:.\Generated_Source\PSoC4/In_Speed.c **** /* If Interrupts Are Enabled for this Pins component */ 
 124:.\Generated_Source\PSoC4/In_Speed.c **** #if defined(In_Speed_INTSTAT) 
 125:.\Generated_Source\PSoC4/In_Speed.c **** 
ARM GAS  C:\Users\SNFU\AppData\Local\Temp\ccjjojhQ.s 			page 6


 126:.\Generated_Source\PSoC4/In_Speed.c ****     /*******************************************************************************
 127:.\Generated_Source\PSoC4/In_Speed.c ****     * Function Name: In_Speed_ClearInterrupt
 128:.\Generated_Source\PSoC4/In_Speed.c ****     ********************************************************************************
 129:.\Generated_Source\PSoC4/In_Speed.c ****     *
 130:.\Generated_Source\PSoC4/In_Speed.c ****     * Summary:
 131:.\Generated_Source\PSoC4/In_Speed.c ****     *  Clears any active interrupts attached to port and returns the value of the 
 132:.\Generated_Source\PSoC4/In_Speed.c ****     *  interrupt status register.
 133:.\Generated_Source\PSoC4/In_Speed.c ****     *
 134:.\Generated_Source\PSoC4/In_Speed.c ****     * Parameters:  
 135:.\Generated_Source\PSoC4/In_Speed.c ****     *  None 
 136:.\Generated_Source\PSoC4/In_Speed.c ****     *
 137:.\Generated_Source\PSoC4/In_Speed.c ****     * Return: 
 138:.\Generated_Source\PSoC4/In_Speed.c ****     *  Returns the value of the interrupt status register
 139:.\Generated_Source\PSoC4/In_Speed.c ****     *  
 140:.\Generated_Source\PSoC4/In_Speed.c ****     *******************************************************************************/
 141:.\Generated_Source\PSoC4/In_Speed.c ****     uint8 In_Speed_ClearInterrupt(void) 
 142:.\Generated_Source\PSoC4/In_Speed.c ****     {
 155              		.loc 1 142 0
 156              		.cfi_startproc
 143:.\Generated_Source\PSoC4/In_Speed.c **** 		uint8 maskedStatus = (uint8)(In_Speed_INTSTAT & In_Speed_MASK);
 157              		.loc 1 143 0
 158 0000 034B     		ldr	r3, .L14
 159 0002 7F22     		mov	r2, #127
 160 0004 1868     		ldr	r0, [r3]
 144:.\Generated_Source\PSoC4/In_Speed.c **** 		In_Speed_INTSTAT = maskedStatus;
 145:.\Generated_Source\PSoC4/In_Speed.c ****         return maskedStatus >> In_Speed_SHIFT;
 146:.\Generated_Source\PSoC4/In_Speed.c ****     }
 161              		.loc 1 146 0
 162              		@ sp needed
 143:.\Generated_Source\PSoC4/In_Speed.c **** 		uint8 maskedStatus = (uint8)(In_Speed_INTSTAT & In_Speed_MASK);
 163              		.loc 1 143 0
 164 0006 9043     		bic	r0, r2
 165 0008 C0B2     		uxtb	r0, r0
 166              	.LVL5:
 144:.\Generated_Source\PSoC4/In_Speed.c **** 		In_Speed_INTSTAT = maskedStatus;
 167              		.loc 1 144 0
 168 000a 1860     		str	r0, [r3]
 145:.\Generated_Source\PSoC4/In_Speed.c ****         return maskedStatus >> In_Speed_SHIFT;
 169              		.loc 1 145 0
 170 000c C009     		lsr	r0, r0, #7
 171              	.LVL6:
 172              		.loc 1 146 0
 173 000e 7047     		bx	lr
 174              	.L15:
 175              		.align	2
 176              	.L14:
 177 0010 10020440 		.word	1074004496
 178              		.cfi_endproc
 179              	.LFE4:
 180              		.size	In_Speed_ClearInterrupt, .-In_Speed_ClearInterrupt
 181              		.text
 182              	.Letext0:
 183              		.file 2 ".\\Generated_Source\\PSoC4\\cytypes.h"
 184              		.section	.debug_info,"",%progbits
 185              	.Ldebug_info0:
 186 0000 4C010000 		.4byte	0x14c
 187 0004 0400     		.2byte	0x4
ARM GAS  C:\Users\SNFU\AppData\Local\Temp\ccjjojhQ.s 			page 7


 188 0006 00000000 		.4byte	.Ldebug_abbrev0
 189 000a 04       		.byte	0x4
 190 000b 01       		.uleb128 0x1
 191 000c 82010000 		.4byte	.LASF24
 192 0010 01       		.byte	0x1
 193 0011 22000000 		.4byte	.LASF25
 194 0015 54000000 		.4byte	.LASF26
 195 0019 00000000 		.4byte	.Ldebug_ranges0+0
 196 001d 00000000 		.4byte	0
 197 0021 00000000 		.4byte	.Ldebug_line0
 198 0025 02       		.uleb128 0x2
 199 0026 01       		.byte	0x1
 200 0027 06       		.byte	0x6
 201 0028 1A020000 		.4byte	.LASF0
 202 002c 02       		.uleb128 0x2
 203 002d 01       		.byte	0x1
 204 002e 08       		.byte	0x8
 205 002f B2000000 		.4byte	.LASF1
 206 0033 02       		.uleb128 0x2
 207 0034 02       		.byte	0x2
 208 0035 05       		.byte	0x5
 209 0036 78010000 		.4byte	.LASF2
 210 003a 02       		.uleb128 0x2
 211 003b 02       		.byte	0x2
 212 003c 07       		.byte	0x7
 213 003d F9000000 		.4byte	.LASF3
 214 0041 02       		.uleb128 0x2
 215 0042 04       		.byte	0x4
 216 0043 05       		.byte	0x5
 217 0044 11020000 		.4byte	.LASF4
 218 0048 02       		.uleb128 0x2
 219 0049 04       		.byte	0x4
 220 004a 07       		.byte	0x7
 221 004b E7000000 		.4byte	.LASF5
 222 004f 02       		.uleb128 0x2
 223 0050 08       		.byte	0x8
 224 0051 05       		.byte	0x5
 225 0052 58010000 		.4byte	.LASF6
 226 0056 02       		.uleb128 0x2
 227 0057 08       		.byte	0x8
 228 0058 07       		.byte	0x7
 229 0059 27010000 		.4byte	.LASF7
 230 005d 03       		.uleb128 0x3
 231 005e 04       		.byte	0x4
 232 005f 05       		.byte	0x5
 233 0060 696E7400 		.ascii	"int\000"
 234 0064 02       		.uleb128 0x2
 235 0065 04       		.byte	0x4
 236 0066 07       		.byte	0x7
 237 0067 1A010000 		.4byte	.LASF8
 238 006b 04       		.uleb128 0x4
 239 006c AC000000 		.4byte	.LASF9
 240 0070 02       		.byte	0x2
 241 0071 A1       		.byte	0xa1
 242 0072 2C000000 		.4byte	0x2c
 243 0076 04       		.uleb128 0x4
 244 0077 13010000 		.4byte	.LASF10
ARM GAS  C:\Users\SNFU\AppData\Local\Temp\ccjjojhQ.s 			page 8


 245 007b 02       		.byte	0x2
 246 007c A3       		.byte	0xa3
 247 007d 48000000 		.4byte	0x48
 248 0081 02       		.uleb128 0x2
 249 0082 04       		.byte	0x4
 250 0083 04       		.byte	0x4
 251 0084 A6000000 		.4byte	.LASF11
 252 0088 02       		.uleb128 0x2
 253 0089 08       		.byte	0x8
 254 008a 04       		.byte	0x4
 255 008b 0C010000 		.4byte	.LASF12
 256 008f 02       		.uleb128 0x2
 257 0090 01       		.byte	0x1
 258 0091 08       		.byte	0x8
 259 0092 73010000 		.4byte	.LASF13
 260 0096 05       		.uleb128 0x5
 261 0097 16000000 		.4byte	.LASF14
 262 009b 02       		.byte	0x2
 263 009c 4D01     		.2byte	0x14d
 264 009e A2000000 		.4byte	0xa2
 265 00a2 06       		.uleb128 0x6
 266 00a3 76000000 		.4byte	0x76
 267 00a7 07       		.uleb128 0x7
 268 00a8 C0000000 		.4byte	.LASF15
 269 00ac 01       		.byte	0x1
 270 00ad 2A       		.byte	0x2a
 271 00ae 00000000 		.4byte	.LFB0
 272 00b2 18000000 		.4byte	.LFE0-.LFB0
 273 00b6 01       		.uleb128 0x1
 274 00b7 9C       		.byte	0x9c
 275 00b8 DB000000 		.4byte	0xdb
 276 00bc 08       		.uleb128 0x8
 277 00bd 1C000000 		.4byte	.LASF17
 278 00c1 01       		.byte	0x1
 279 00c2 2A       		.byte	0x2a
 280 00c3 6B000000 		.4byte	0x6b
 281 00c7 00000000 		.4byte	.LLST0
 282 00cb 09       		.uleb128 0x9
 283 00cc 26020000 		.4byte	.LASF22
 284 00d0 01       		.byte	0x1
 285 00d1 2C       		.byte	0x2c
 286 00d2 6B000000 		.4byte	0x6b
 287 00d6 21000000 		.4byte	.LLST1
 288 00da 00       		.byte	0
 289 00db 07       		.uleb128 0x7
 290 00dc 00000000 		.4byte	.LASF16
 291 00e0 01       		.byte	0x1
 292 00e1 49       		.byte	0x49
 293 00e2 00000000 		.4byte	.LFB1
 294 00e6 1C000000 		.4byte	.LFE1-.LFB1
 295 00ea 01       		.uleb128 0x1
 296 00eb 9C       		.byte	0x9c
 297 00ec 00010000 		.4byte	0x100
 298 00f0 08       		.uleb128 0x8
 299 00f1 3E010000 		.4byte	.LASF18
 300 00f5 01       		.byte	0x1
 301 00f6 49       		.byte	0x49
ARM GAS  C:\Users\SNFU\AppData\Local\Temp\ccjjojhQ.s 			page 9


 302 00f7 6B000000 		.4byte	0x6b
 303 00fb 3B000000 		.4byte	.LLST2
 304 00ff 00       		.byte	0
 305 0100 0A       		.uleb128 0xa
 306 0101 46000000 		.4byte	.LASF19
 307 0105 01       		.byte	0x1
 308 0106 61       		.byte	0x61
 309 0107 6B000000 		.4byte	0x6b
 310 010b 00000000 		.4byte	.LFB2
 311 010f 10000000 		.4byte	.LFE2-.LFB2
 312 0113 01       		.uleb128 0x1
 313 0114 9C       		.byte	0x9c
 314 0115 0A       		.uleb128 0xa
 315 0116 43010000 		.4byte	.LASF20
 316 011a 01       		.byte	0x1
 317 011b 75       		.byte	0x75
 318 011c 6B000000 		.4byte	0x6b
 319 0120 00000000 		.4byte	.LFB3
 320 0124 10000000 		.4byte	.LFE3-.LFB3
 321 0128 01       		.uleb128 0x1
 322 0129 9C       		.byte	0x9c
 323 012a 0B       		.uleb128 0xb
 324 012b CF000000 		.4byte	.LASF21
 325 012f 01       		.byte	0x1
 326 0130 8D       		.byte	0x8d
 327 0131 6B000000 		.4byte	0x6b
 328 0135 00000000 		.4byte	.LFB4
 329 0139 14000000 		.4byte	.LFE4-.LFB4
 330 013d 01       		.uleb128 0x1
 331 013e 9C       		.byte	0x9c
 332 013f 09       		.uleb128 0x9
 333 0140 66010000 		.4byte	.LASF23
 334 0144 01       		.byte	0x1
 335 0145 8F       		.byte	0x8f
 336 0146 6B000000 		.4byte	0x6b
 337 014a 5C000000 		.4byte	.LLST3
 338 014e 00       		.byte	0
 339 014f 00       		.byte	0
 340              		.section	.debug_abbrev,"",%progbits
 341              	.Ldebug_abbrev0:
 342 0000 01       		.uleb128 0x1
 343 0001 11       		.uleb128 0x11
 344 0002 01       		.byte	0x1
 345 0003 25       		.uleb128 0x25
 346 0004 0E       		.uleb128 0xe
 347 0005 13       		.uleb128 0x13
 348 0006 0B       		.uleb128 0xb
 349 0007 03       		.uleb128 0x3
 350 0008 0E       		.uleb128 0xe
 351 0009 1B       		.uleb128 0x1b
 352 000a 0E       		.uleb128 0xe
 353 000b 55       		.uleb128 0x55
 354 000c 17       		.uleb128 0x17
 355 000d 11       		.uleb128 0x11
 356 000e 01       		.uleb128 0x1
 357 000f 10       		.uleb128 0x10
 358 0010 17       		.uleb128 0x17
ARM GAS  C:\Users\SNFU\AppData\Local\Temp\ccjjojhQ.s 			page 10


 359 0011 00       		.byte	0
 360 0012 00       		.byte	0
 361 0013 02       		.uleb128 0x2
 362 0014 24       		.uleb128 0x24
 363 0015 00       		.byte	0
 364 0016 0B       		.uleb128 0xb
 365 0017 0B       		.uleb128 0xb
 366 0018 3E       		.uleb128 0x3e
 367 0019 0B       		.uleb128 0xb
 368 001a 03       		.uleb128 0x3
 369 001b 0E       		.uleb128 0xe
 370 001c 00       		.byte	0
 371 001d 00       		.byte	0
 372 001e 03       		.uleb128 0x3
 373 001f 24       		.uleb128 0x24
 374 0020 00       		.byte	0
 375 0021 0B       		.uleb128 0xb
 376 0022 0B       		.uleb128 0xb
 377 0023 3E       		.uleb128 0x3e
 378 0024 0B       		.uleb128 0xb
 379 0025 03       		.uleb128 0x3
 380 0026 08       		.uleb128 0x8
 381 0027 00       		.byte	0
 382 0028 00       		.byte	0
 383 0029 04       		.uleb128 0x4
 384 002a 16       		.uleb128 0x16
 385 002b 00       		.byte	0
 386 002c 03       		.uleb128 0x3
 387 002d 0E       		.uleb128 0xe
 388 002e 3A       		.uleb128 0x3a
 389 002f 0B       		.uleb128 0xb
 390 0030 3B       		.uleb128 0x3b
 391 0031 0B       		.uleb128 0xb
 392 0032 49       		.uleb128 0x49
 393 0033 13       		.uleb128 0x13
 394 0034 00       		.byte	0
 395 0035 00       		.byte	0
 396 0036 05       		.uleb128 0x5
 397 0037 16       		.uleb128 0x16
 398 0038 00       		.byte	0
 399 0039 03       		.uleb128 0x3
 400 003a 0E       		.uleb128 0xe
 401 003b 3A       		.uleb128 0x3a
 402 003c 0B       		.uleb128 0xb
 403 003d 3B       		.uleb128 0x3b
 404 003e 05       		.uleb128 0x5
 405 003f 49       		.uleb128 0x49
 406 0040 13       		.uleb128 0x13
 407 0041 00       		.byte	0
 408 0042 00       		.byte	0
 409 0043 06       		.uleb128 0x6
 410 0044 35       		.uleb128 0x35
 411 0045 00       		.byte	0
 412 0046 49       		.uleb128 0x49
 413 0047 13       		.uleb128 0x13
 414 0048 00       		.byte	0
 415 0049 00       		.byte	0
ARM GAS  C:\Users\SNFU\AppData\Local\Temp\ccjjojhQ.s 			page 11


 416 004a 07       		.uleb128 0x7
 417 004b 2E       		.uleb128 0x2e
 418 004c 01       		.byte	0x1
 419 004d 3F       		.uleb128 0x3f
 420 004e 19       		.uleb128 0x19
 421 004f 03       		.uleb128 0x3
 422 0050 0E       		.uleb128 0xe
 423 0051 3A       		.uleb128 0x3a
 424 0052 0B       		.uleb128 0xb
 425 0053 3B       		.uleb128 0x3b
 426 0054 0B       		.uleb128 0xb
 427 0055 27       		.uleb128 0x27
 428 0056 19       		.uleb128 0x19
 429 0057 11       		.uleb128 0x11
 430 0058 01       		.uleb128 0x1
 431 0059 12       		.uleb128 0x12
 432 005a 06       		.uleb128 0x6
 433 005b 40       		.uleb128 0x40
 434 005c 18       		.uleb128 0x18
 435 005d 9742     		.uleb128 0x2117
 436 005f 19       		.uleb128 0x19
 437 0060 01       		.uleb128 0x1
 438 0061 13       		.uleb128 0x13
 439 0062 00       		.byte	0
 440 0063 00       		.byte	0
 441 0064 08       		.uleb128 0x8
 442 0065 05       		.uleb128 0x5
 443 0066 00       		.byte	0
 444 0067 03       		.uleb128 0x3
 445 0068 0E       		.uleb128 0xe
 446 0069 3A       		.uleb128 0x3a
 447 006a 0B       		.uleb128 0xb
 448 006b 3B       		.uleb128 0x3b
 449 006c 0B       		.uleb128 0xb
 450 006d 49       		.uleb128 0x49
 451 006e 13       		.uleb128 0x13
 452 006f 02       		.uleb128 0x2
 453 0070 17       		.uleb128 0x17
 454 0071 00       		.byte	0
 455 0072 00       		.byte	0
 456 0073 09       		.uleb128 0x9
 457 0074 34       		.uleb128 0x34
 458 0075 00       		.byte	0
 459 0076 03       		.uleb128 0x3
 460 0077 0E       		.uleb128 0xe
 461 0078 3A       		.uleb128 0x3a
 462 0079 0B       		.uleb128 0xb
 463 007a 3B       		.uleb128 0x3b
 464 007b 0B       		.uleb128 0xb
 465 007c 49       		.uleb128 0x49
 466 007d 13       		.uleb128 0x13
 467 007e 02       		.uleb128 0x2
 468 007f 17       		.uleb128 0x17
 469 0080 00       		.byte	0
 470 0081 00       		.byte	0
 471 0082 0A       		.uleb128 0xa
 472 0083 2E       		.uleb128 0x2e
ARM GAS  C:\Users\SNFU\AppData\Local\Temp\ccjjojhQ.s 			page 12


 473 0084 00       		.byte	0
 474 0085 3F       		.uleb128 0x3f
 475 0086 19       		.uleb128 0x19
 476 0087 03       		.uleb128 0x3
 477 0088 0E       		.uleb128 0xe
 478 0089 3A       		.uleb128 0x3a
 479 008a 0B       		.uleb128 0xb
 480 008b 3B       		.uleb128 0x3b
 481 008c 0B       		.uleb128 0xb
 482 008d 27       		.uleb128 0x27
 483 008e 19       		.uleb128 0x19
 484 008f 49       		.uleb128 0x49
 485 0090 13       		.uleb128 0x13
 486 0091 11       		.uleb128 0x11
 487 0092 01       		.uleb128 0x1
 488 0093 12       		.uleb128 0x12
 489 0094 06       		.uleb128 0x6
 490 0095 40       		.uleb128 0x40
 491 0096 18       		.uleb128 0x18
 492 0097 9742     		.uleb128 0x2117
 493 0099 19       		.uleb128 0x19
 494 009a 00       		.byte	0
 495 009b 00       		.byte	0
 496 009c 0B       		.uleb128 0xb
 497 009d 2E       		.uleb128 0x2e
 498 009e 01       		.byte	0x1
 499 009f 3F       		.uleb128 0x3f
 500 00a0 19       		.uleb128 0x19
 501 00a1 03       		.uleb128 0x3
 502 00a2 0E       		.uleb128 0xe
 503 00a3 3A       		.uleb128 0x3a
 504 00a4 0B       		.uleb128 0xb
 505 00a5 3B       		.uleb128 0x3b
 506 00a6 0B       		.uleb128 0xb
 507 00a7 27       		.uleb128 0x27
 508 00a8 19       		.uleb128 0x19
 509 00a9 49       		.uleb128 0x49
 510 00aa 13       		.uleb128 0x13
 511 00ab 11       		.uleb128 0x11
 512 00ac 01       		.uleb128 0x1
 513 00ad 12       		.uleb128 0x12
 514 00ae 06       		.uleb128 0x6
 515 00af 40       		.uleb128 0x40
 516 00b0 18       		.uleb128 0x18
 517 00b1 9742     		.uleb128 0x2117
 518 00b3 19       		.uleb128 0x19
 519 00b4 00       		.byte	0
 520 00b5 00       		.byte	0
 521 00b6 00       		.byte	0
 522              		.section	.debug_loc,"",%progbits
 523              	.Ldebug_loc0:
 524              	.LLST0:
 525 0000 00000000 		.4byte	.LVL0
 526 0004 0C000000 		.4byte	.LVL2
 527 0008 0100     		.2byte	0x1
 528 000a 50       		.byte	0x50
 529 000b 0C000000 		.4byte	.LVL2
ARM GAS  C:\Users\SNFU\AppData\Local\Temp\ccjjojhQ.s 			page 13


 530 000f 18000000 		.4byte	.LFE0
 531 0013 0400     		.2byte	0x4
 532 0015 F3       		.byte	0xf3
 533 0016 01       		.uleb128 0x1
 534 0017 50       		.byte	0x50
 535 0018 9F       		.byte	0x9f
 536 0019 00000000 		.4byte	0
 537 001d 00000000 		.4byte	0
 538              	.LLST1:
 539 0021 08000000 		.4byte	.LVL1
 540 0025 0C000000 		.4byte	.LVL2
 541 0029 0800     		.2byte	0x8
 542 002b 70       		.byte	0x70
 543 002c 00       		.sleb128 0
 544 002d 37       		.byte	0x37
 545 002e 24       		.byte	0x24
 546 002f 71       		.byte	0x71
 547 0030 00       		.sleb128 0
 548 0031 21       		.byte	0x21
 549 0032 9F       		.byte	0x9f
 550 0033 00000000 		.4byte	0
 551 0037 00000000 		.4byte	0
 552              	.LLST2:
 553 003b 00000000 		.4byte	.LVL3
 554 003f 0C000000 		.4byte	.LVL4
 555 0043 0100     		.2byte	0x1
 556 0045 50       		.byte	0x50
 557 0046 0C000000 		.4byte	.LVL4
 558 004a 1C000000 		.4byte	.LFE1
 559 004e 0400     		.2byte	0x4
 560 0050 F3       		.byte	0xf3
 561 0051 01       		.uleb128 0x1
 562 0052 50       		.byte	0x50
 563 0053 9F       		.byte	0x9f
 564 0054 00000000 		.4byte	0
 565 0058 00000000 		.4byte	0
 566              	.LLST3:
 567 005c 0A000000 		.4byte	.LVL5
 568 0060 0E000000 		.4byte	.LVL6
 569 0064 0100     		.2byte	0x1
 570 0066 50       		.byte	0x50
 571 0067 0E000000 		.4byte	.LVL6
 572 006b 14000000 		.4byte	.LFE4
 573 006f 0400     		.2byte	0x4
 574 0071 73       		.byte	0x73
 575 0072 00       		.sleb128 0
 576 0073 06       		.byte	0x6
 577 0074 9F       		.byte	0x9f
 578 0075 00000000 		.4byte	0
 579 0079 00000000 		.4byte	0
 580              		.section	.debug_aranges,"",%progbits
 581 0000 3C000000 		.4byte	0x3c
 582 0004 0200     		.2byte	0x2
 583 0006 00000000 		.4byte	.Ldebug_info0
 584 000a 04       		.byte	0x4
 585 000b 00       		.byte	0
 586 000c 0000     		.2byte	0
ARM GAS  C:\Users\SNFU\AppData\Local\Temp\ccjjojhQ.s 			page 14


 587 000e 0000     		.2byte	0
 588 0010 00000000 		.4byte	.LFB0
 589 0014 18000000 		.4byte	.LFE0-.LFB0
 590 0018 00000000 		.4byte	.LFB1
 591 001c 1C000000 		.4byte	.LFE1-.LFB1
 592 0020 00000000 		.4byte	.LFB2
 593 0024 10000000 		.4byte	.LFE2-.LFB2
 594 0028 00000000 		.4byte	.LFB3
 595 002c 10000000 		.4byte	.LFE3-.LFB3
 596 0030 00000000 		.4byte	.LFB4
 597 0034 14000000 		.4byte	.LFE4-.LFB4
 598 0038 00000000 		.4byte	0
 599 003c 00000000 		.4byte	0
 600              		.section	.debug_ranges,"",%progbits
 601              	.Ldebug_ranges0:
 602 0000 00000000 		.4byte	.LFB0
 603 0004 18000000 		.4byte	.LFE0
 604 0008 00000000 		.4byte	.LFB1
 605 000c 1C000000 		.4byte	.LFE1
 606 0010 00000000 		.4byte	.LFB2
 607 0014 10000000 		.4byte	.LFE2
 608 0018 00000000 		.4byte	.LFB3
 609 001c 10000000 		.4byte	.LFE3
 610 0020 00000000 		.4byte	.LFB4
 611 0024 14000000 		.4byte	.LFE4
 612 0028 00000000 		.4byte	0
 613 002c 00000000 		.4byte	0
 614              		.section	.debug_line,"",%progbits
 615              	.Ldebug_line0:
 616 0000 B4000000 		.section	.debug_str,"MS",%progbits,1
 616      02004700 
 616      00000201 
 616      FB0E0D00 
 616      01010101 
 617              	.LASF16:
 618 0000 496E5F53 		.ascii	"In_Speed_SetDriveMode\000"
 618      70656564 
 618      5F536574 
 618      44726976 
 618      654D6F64 
 619              	.LASF14:
 620 0016 72656733 		.ascii	"reg32\000"
 620      3200
 621              	.LASF17:
 622 001c 76616C75 		.ascii	"value\000"
 622      6500
 623              	.LASF25:
 624 0022 2E5C4765 		.ascii	".\\Generated_Source\\PSoC4\\In_Speed.c\000"
 624      6E657261 
 624      7465645F 
 624      536F7572 
 624      63655C50 
 625              	.LASF19:
 626 0046 496E5F53 		.ascii	"In_Speed_Read\000"
 626      70656564 
 626      5F526561 
 626      6400
ARM GAS  C:\Users\SNFU\AppData\Local\Temp\ccjjojhQ.s 			page 15


 627              	.LASF26:
 628 0054 433A5C55 		.ascii	"C:\\Users\\SNFU\\Documents\\T-50_UAV_Project\\Softw"
 628      73657273 
 628      5C534E46 
 628      555C446F 
 628      63756D65 
 629 0082 6172655C 		.ascii	"are\\T-50_Project\\T-50_Project.cydsn\000"
 629      542D3530 
 629      5F50726F 
 629      6A656374 
 629      5C542D35 
 630              	.LASF11:
 631 00a6 666C6F61 		.ascii	"float\000"
 631      7400
 632              	.LASF9:
 633 00ac 75696E74 		.ascii	"uint8\000"
 633      3800
 634              	.LASF1:
 635 00b2 756E7369 		.ascii	"unsigned char\000"
 635      676E6564 
 635      20636861 
 635      7200
 636              	.LASF15:
 637 00c0 496E5F53 		.ascii	"In_Speed_Write\000"
 637      70656564 
 637      5F577269 
 637      746500
 638              	.LASF21:
 639 00cf 496E5F53 		.ascii	"In_Speed_ClearInterrupt\000"
 639      70656564 
 639      5F436C65 
 639      6172496E 
 639      74657272 
 640              	.LASF5:
 641 00e7 6C6F6E67 		.ascii	"long unsigned int\000"
 641      20756E73 
 641      69676E65 
 641      6420696E 
 641      7400
 642              	.LASF3:
 643 00f9 73686F72 		.ascii	"short unsigned int\000"
 643      7420756E 
 643      7369676E 
 643      65642069 
 643      6E7400
 644              	.LASF12:
 645 010c 646F7562 		.ascii	"double\000"
 645      6C6500
 646              	.LASF10:
 647 0113 75696E74 		.ascii	"uint32\000"
 647      333200
 648              	.LASF8:
 649 011a 756E7369 		.ascii	"unsigned int\000"
 649      676E6564 
 649      20696E74 
 649      00
 650              	.LASF7:
ARM GAS  C:\Users\SNFU\AppData\Local\Temp\ccjjojhQ.s 			page 16


 651 0127 6C6F6E67 		.ascii	"long long unsigned int\000"
 651      206C6F6E 
 651      6720756E 
 651      7369676E 
 651      65642069 
 652              	.LASF18:
 653 013e 6D6F6465 		.ascii	"mode\000"
 653      00
 654              	.LASF20:
 655 0143 496E5F53 		.ascii	"In_Speed_ReadDataReg\000"
 655      70656564 
 655      5F526561 
 655      64446174 
 655      61526567 
 656              	.LASF6:
 657 0158 6C6F6E67 		.ascii	"long long int\000"
 657      206C6F6E 
 657      6720696E 
 657      7400
 658              	.LASF23:
 659 0166 6D61736B 		.ascii	"maskedStatus\000"
 659      65645374 
 659      61747573 
 659      00
 660              	.LASF13:
 661 0173 63686172 		.ascii	"char\000"
 661      00
 662              	.LASF2:
 663 0178 73686F72 		.ascii	"short int\000"
 663      7420696E 
 663      7400
 664              	.LASF24:
 665 0182 474E5520 		.ascii	"GNU C 4.8.4 20140526 (release) [ARM/embedded-4_8-br"
 665      4320342E 
 665      382E3420 
 665      32303134 
 665      30353236 
 666 01b5 616E6368 		.ascii	"anch revision 211358] -mcpu=cortex-m0 -mthumb -g -O"
 666      20726576 
 666      6973696F 
 666      6E203231 
 666      31333538 
 667 01e8 73202D66 		.ascii	"s -ffunction-sections -finline-functions\000"
 667      66756E63 
 667      74696F6E 
 667      2D736563 
 667      74696F6E 
 668              	.LASF4:
 669 0211 6C6F6E67 		.ascii	"long int\000"
 669      20696E74 
 669      00
 670              	.LASF0:
 671 021a 7369676E 		.ascii	"signed char\000"
 671      65642063 
 671      68617200 
 672              	.LASF22:
 673 0226 64725661 		.ascii	"drVal\000"
ARM GAS  C:\Users\SNFU\AppData\Local\Temp\ccjjojhQ.s 			page 17


 673      6C00
 674              		.ident	"GCC: (GNU Tools for ARM Embedded Processors) 4.8.4 20140526 (release) [ARM/embedded-4_8-br
