ARM GAS  C:\Users\SNFU\AppData\Local\Temp\ccLDin6N.s 			page 1


   1              		.cpu cortex-m0
   2              		.fpu softvfp
   3              		.eabi_attribute 20, 1
   4              		.eabi_attribute 21, 1
   5              		.eabi_attribute 23, 3
   6              		.eabi_attribute 24, 1
   7              		.eabi_attribute 25, 1
   8              		.eabi_attribute 26, 1
   9              		.eabi_attribute 30, 4
  10              		.eabi_attribute 34, 0
  11              		.eabi_attribute 18, 4
  12              		.code	16
  13              		.file	"NavLightPWM_PM.c"
  14              		.text
  15              	.Ltext0:
  16              		.cfi_sections	.debug_frame
  17              		.section	.text.NavLightPWM_SaveConfig,"ax",%progbits
  18              		.align	1
  19              		.global	NavLightPWM_SaveConfig
  20              		.code	16
  21              		.thumb_func
  22              		.type	NavLightPWM_SaveConfig, %function
  23              	NavLightPWM_SaveConfig:
  24              	.LFB0:
  25              		.file 1 ".\\Generated_Source\\PSoC4\\NavLightPWM_PM.c"
   1:.\Generated_Source\PSoC4/NavLightPWM_PM.c **** /*******************************************************************************
   2:.\Generated_Source\PSoC4/NavLightPWM_PM.c **** * File Name: NavLightPWM_PM.c
   3:.\Generated_Source\PSoC4/NavLightPWM_PM.c **** * Version 2.0
   4:.\Generated_Source\PSoC4/NavLightPWM_PM.c **** *
   5:.\Generated_Source\PSoC4/NavLightPWM_PM.c **** * Description:
   6:.\Generated_Source\PSoC4/NavLightPWM_PM.c **** *  This file contains the setup, control, and status commands to support
   7:.\Generated_Source\PSoC4/NavLightPWM_PM.c **** *  the component operations in the low power mode.
   8:.\Generated_Source\PSoC4/NavLightPWM_PM.c **** *
   9:.\Generated_Source\PSoC4/NavLightPWM_PM.c **** * Note:
  10:.\Generated_Source\PSoC4/NavLightPWM_PM.c **** *  None
  11:.\Generated_Source\PSoC4/NavLightPWM_PM.c **** *
  12:.\Generated_Source\PSoC4/NavLightPWM_PM.c **** ********************************************************************************
  13:.\Generated_Source\PSoC4/NavLightPWM_PM.c **** * Copyright 2013-2014, Cypress Semiconductor Corporation.  All rights reserved.
  14:.\Generated_Source\PSoC4/NavLightPWM_PM.c **** * You may use this file only in accordance with the license, terms, conditions,
  15:.\Generated_Source\PSoC4/NavLightPWM_PM.c **** * disclaimers, and limitations in the end user license agreement accompanying
  16:.\Generated_Source\PSoC4/NavLightPWM_PM.c **** * the software package with which this file was provided.
  17:.\Generated_Source\PSoC4/NavLightPWM_PM.c **** *******************************************************************************/
  18:.\Generated_Source\PSoC4/NavLightPWM_PM.c **** 
  19:.\Generated_Source\PSoC4/NavLightPWM_PM.c **** #include "NavLightPWM.h"
  20:.\Generated_Source\PSoC4/NavLightPWM_PM.c **** 
  21:.\Generated_Source\PSoC4/NavLightPWM_PM.c **** static NavLightPWM_BACKUP_STRUCT NavLightPWM_backup;
  22:.\Generated_Source\PSoC4/NavLightPWM_PM.c **** 
  23:.\Generated_Source\PSoC4/NavLightPWM_PM.c **** 
  24:.\Generated_Source\PSoC4/NavLightPWM_PM.c **** /*******************************************************************************
  25:.\Generated_Source\PSoC4/NavLightPWM_PM.c **** * Function Name: NavLightPWM_SaveConfig
  26:.\Generated_Source\PSoC4/NavLightPWM_PM.c **** ********************************************************************************
  27:.\Generated_Source\PSoC4/NavLightPWM_PM.c **** *
  28:.\Generated_Source\PSoC4/NavLightPWM_PM.c **** * Summary:
  29:.\Generated_Source\PSoC4/NavLightPWM_PM.c **** *  All configuration registers are retention. Nothing to save here.
  30:.\Generated_Source\PSoC4/NavLightPWM_PM.c **** *
  31:.\Generated_Source\PSoC4/NavLightPWM_PM.c **** * Parameters:
  32:.\Generated_Source\PSoC4/NavLightPWM_PM.c **** *  None
ARM GAS  C:\Users\SNFU\AppData\Local\Temp\ccLDin6N.s 			page 2


  33:.\Generated_Source\PSoC4/NavLightPWM_PM.c **** *
  34:.\Generated_Source\PSoC4/NavLightPWM_PM.c **** * Return:
  35:.\Generated_Source\PSoC4/NavLightPWM_PM.c **** *  None
  36:.\Generated_Source\PSoC4/NavLightPWM_PM.c **** *
  37:.\Generated_Source\PSoC4/NavLightPWM_PM.c **** *******************************************************************************/
  38:.\Generated_Source\PSoC4/NavLightPWM_PM.c **** void NavLightPWM_SaveConfig(void)
  39:.\Generated_Source\PSoC4/NavLightPWM_PM.c **** {
  26              		.loc 1 39 0
  27              		.cfi_startproc
  40:.\Generated_Source\PSoC4/NavLightPWM_PM.c **** 
  41:.\Generated_Source\PSoC4/NavLightPWM_PM.c **** }
  28              		.loc 1 41 0
  29              		@ sp needed
  30 0000 7047     		bx	lr
  31              		.cfi_endproc
  32              	.LFE0:
  33              		.size	NavLightPWM_SaveConfig, .-NavLightPWM_SaveConfig
  34              		.section	.text.NavLightPWM_Sleep,"ax",%progbits
  35              		.align	1
  36              		.global	NavLightPWM_Sleep
  37              		.code	16
  38              		.thumb_func
  39              		.type	NavLightPWM_Sleep, %function
  40              	NavLightPWM_Sleep:
  41              	.LFB1:
  42:.\Generated_Source\PSoC4/NavLightPWM_PM.c **** 
  43:.\Generated_Source\PSoC4/NavLightPWM_PM.c **** 
  44:.\Generated_Source\PSoC4/NavLightPWM_PM.c **** /*******************************************************************************
  45:.\Generated_Source\PSoC4/NavLightPWM_PM.c **** * Function Name: NavLightPWM_Sleep
  46:.\Generated_Source\PSoC4/NavLightPWM_PM.c **** ********************************************************************************
  47:.\Generated_Source\PSoC4/NavLightPWM_PM.c **** *
  48:.\Generated_Source\PSoC4/NavLightPWM_PM.c **** * Summary:
  49:.\Generated_Source\PSoC4/NavLightPWM_PM.c **** *  Stops the component operation and saves the user configuration.
  50:.\Generated_Source\PSoC4/NavLightPWM_PM.c **** *
  51:.\Generated_Source\PSoC4/NavLightPWM_PM.c **** * Parameters:
  52:.\Generated_Source\PSoC4/NavLightPWM_PM.c **** *  None
  53:.\Generated_Source\PSoC4/NavLightPWM_PM.c **** *
  54:.\Generated_Source\PSoC4/NavLightPWM_PM.c **** * Return:
  55:.\Generated_Source\PSoC4/NavLightPWM_PM.c **** *  None
  56:.\Generated_Source\PSoC4/NavLightPWM_PM.c **** *
  57:.\Generated_Source\PSoC4/NavLightPWM_PM.c **** *******************************************************************************/
  58:.\Generated_Source\PSoC4/NavLightPWM_PM.c **** void NavLightPWM_Sleep(void)
  59:.\Generated_Source\PSoC4/NavLightPWM_PM.c **** {
  42              		.loc 1 59 0
  43              		.cfi_startproc
  44 0000 08B5     		push	{r3, lr}
  45              		.cfi_def_cfa_offset 8
  46              		.cfi_offset 3, -8
  47              		.cfi_offset 14, -4
  60:.\Generated_Source\PSoC4/NavLightPWM_PM.c ****     if(0u != (NavLightPWM_BLOCK_CONTROL_REG & NavLightPWM_MASK))
  48              		.loc 1 60 0
  49 0002 054B     		ldr	r3, .L6
  50 0004 1A68     		ldr	r2, [r3]
  51 0006 0423     		mov	r3, #4
  52 0008 1A40     		and	r2, r3
  53 000a 044B     		ldr	r3, .L6+4
  54 000c 00D0     		beq	.L3
ARM GAS  C:\Users\SNFU\AppData\Local\Temp\ccLDin6N.s 			page 3


  61:.\Generated_Source\PSoC4/NavLightPWM_PM.c ****     {
  62:.\Generated_Source\PSoC4/NavLightPWM_PM.c ****         NavLightPWM_backup.enableState = 1u;
  55              		.loc 1 62 0
  56 000e 0122     		mov	r2, #1
  57              	.L3:
  63:.\Generated_Source\PSoC4/NavLightPWM_PM.c ****     }
  64:.\Generated_Source\PSoC4/NavLightPWM_PM.c ****     else
  65:.\Generated_Source\PSoC4/NavLightPWM_PM.c ****     {
  66:.\Generated_Source\PSoC4/NavLightPWM_PM.c ****         NavLightPWM_backup.enableState = 0u;
  58              		.loc 1 66 0
  59 0010 1A70     		strb	r2, [r3]
  67:.\Generated_Source\PSoC4/NavLightPWM_PM.c ****     }
  68:.\Generated_Source\PSoC4/NavLightPWM_PM.c **** 
  69:.\Generated_Source\PSoC4/NavLightPWM_PM.c ****     NavLightPWM_Stop();
  70:.\Generated_Source\PSoC4/NavLightPWM_PM.c ****     NavLightPWM_SaveConfig();
  71:.\Generated_Source\PSoC4/NavLightPWM_PM.c **** }
  60              		.loc 1 71 0
  61              		@ sp needed
  69:.\Generated_Source\PSoC4/NavLightPWM_PM.c ****     NavLightPWM_Stop();
  62              		.loc 1 69 0
  63 0012 FFF7FEFF 		bl	NavLightPWM_Stop
  64              	.LVL0:
  65              		.loc 1 71 0
  66 0016 08BD     		pop	{r3, pc}
  67              	.L7:
  68              		.align	2
  69              	.L6:
  70 0018 00000540 		.word	1074069504
  71 001c 00000000 		.word	.LANCHOR0
  72              		.cfi_endproc
  73              	.LFE1:
  74              		.size	NavLightPWM_Sleep, .-NavLightPWM_Sleep
  75              		.section	.text.NavLightPWM_RestoreConfig,"ax",%progbits
  76              		.align	1
  77              		.global	NavLightPWM_RestoreConfig
  78              		.code	16
  79              		.thumb_func
  80              		.type	NavLightPWM_RestoreConfig, %function
  81              	NavLightPWM_RestoreConfig:
  82              	.LFB2:
  72:.\Generated_Source\PSoC4/NavLightPWM_PM.c **** 
  73:.\Generated_Source\PSoC4/NavLightPWM_PM.c **** 
  74:.\Generated_Source\PSoC4/NavLightPWM_PM.c **** /*******************************************************************************
  75:.\Generated_Source\PSoC4/NavLightPWM_PM.c **** * Function Name: NavLightPWM_RestoreConfig
  76:.\Generated_Source\PSoC4/NavLightPWM_PM.c **** ********************************************************************************
  77:.\Generated_Source\PSoC4/NavLightPWM_PM.c **** *
  78:.\Generated_Source\PSoC4/NavLightPWM_PM.c **** * Summary:
  79:.\Generated_Source\PSoC4/NavLightPWM_PM.c **** *  All configuration registers are retention. Nothing to restore here.
  80:.\Generated_Source\PSoC4/NavLightPWM_PM.c **** *
  81:.\Generated_Source\PSoC4/NavLightPWM_PM.c **** * Parameters:
  82:.\Generated_Source\PSoC4/NavLightPWM_PM.c **** *  None
  83:.\Generated_Source\PSoC4/NavLightPWM_PM.c **** *
  84:.\Generated_Source\PSoC4/NavLightPWM_PM.c **** * Return:
  85:.\Generated_Source\PSoC4/NavLightPWM_PM.c **** *  None
  86:.\Generated_Source\PSoC4/NavLightPWM_PM.c **** *
  87:.\Generated_Source\PSoC4/NavLightPWM_PM.c **** *******************************************************************************/
  88:.\Generated_Source\PSoC4/NavLightPWM_PM.c **** void NavLightPWM_RestoreConfig(void)
ARM GAS  C:\Users\SNFU\AppData\Local\Temp\ccLDin6N.s 			page 4


  89:.\Generated_Source\PSoC4/NavLightPWM_PM.c **** {
  83              		.loc 1 89 0
  84              		.cfi_startproc
  90:.\Generated_Source\PSoC4/NavLightPWM_PM.c **** 
  91:.\Generated_Source\PSoC4/NavLightPWM_PM.c **** }
  85              		.loc 1 91 0
  86              		@ sp needed
  87 0000 7047     		bx	lr
  88              		.cfi_endproc
  89              	.LFE2:
  90              		.size	NavLightPWM_RestoreConfig, .-NavLightPWM_RestoreConfig
  91              		.section	.text.NavLightPWM_Wakeup,"ax",%progbits
  92              		.align	1
  93              		.global	NavLightPWM_Wakeup
  94              		.code	16
  95              		.thumb_func
  96              		.type	NavLightPWM_Wakeup, %function
  97              	NavLightPWM_Wakeup:
  98              	.LFB3:
  92:.\Generated_Source\PSoC4/NavLightPWM_PM.c **** 
  93:.\Generated_Source\PSoC4/NavLightPWM_PM.c **** 
  94:.\Generated_Source\PSoC4/NavLightPWM_PM.c **** /*******************************************************************************
  95:.\Generated_Source\PSoC4/NavLightPWM_PM.c **** * Function Name: NavLightPWM_Wakeup
  96:.\Generated_Source\PSoC4/NavLightPWM_PM.c **** ********************************************************************************
  97:.\Generated_Source\PSoC4/NavLightPWM_PM.c **** *
  98:.\Generated_Source\PSoC4/NavLightPWM_PM.c **** * Summary:
  99:.\Generated_Source\PSoC4/NavLightPWM_PM.c **** *  Restores the user configuration and restores the enable state.
 100:.\Generated_Source\PSoC4/NavLightPWM_PM.c **** *
 101:.\Generated_Source\PSoC4/NavLightPWM_PM.c **** * Parameters:
 102:.\Generated_Source\PSoC4/NavLightPWM_PM.c **** *  None
 103:.\Generated_Source\PSoC4/NavLightPWM_PM.c **** *
 104:.\Generated_Source\PSoC4/NavLightPWM_PM.c **** * Return:
 105:.\Generated_Source\PSoC4/NavLightPWM_PM.c **** *  None
 106:.\Generated_Source\PSoC4/NavLightPWM_PM.c **** *
 107:.\Generated_Source\PSoC4/NavLightPWM_PM.c **** *******************************************************************************/
 108:.\Generated_Source\PSoC4/NavLightPWM_PM.c **** void NavLightPWM_Wakeup(void)
 109:.\Generated_Source\PSoC4/NavLightPWM_PM.c **** {
  99              		.loc 1 109 0
 100              		.cfi_startproc
 101 0000 08B5     		push	{r3, lr}
 102              		.cfi_def_cfa_offset 8
 103              		.cfi_offset 3, -8
 104              		.cfi_offset 14, -4
 110:.\Generated_Source\PSoC4/NavLightPWM_PM.c ****     NavLightPWM_RestoreConfig();
 111:.\Generated_Source\PSoC4/NavLightPWM_PM.c **** 
 112:.\Generated_Source\PSoC4/NavLightPWM_PM.c ****     if(0u != NavLightPWM_backup.enableState)
 105              		.loc 1 112 0
 106 0002 034B     		ldr	r3, .L14
 107 0004 1B78     		ldrb	r3, [r3]
 108 0006 002B     		cmp	r3, #0
 109 0008 01D0     		beq	.L9
 113:.\Generated_Source\PSoC4/NavLightPWM_PM.c ****     {
 114:.\Generated_Source\PSoC4/NavLightPWM_PM.c ****         NavLightPWM_Enable();
 110              		.loc 1 114 0
 111 000a FFF7FEFF 		bl	NavLightPWM_Enable
 112              	.LVL1:
 113              	.L9:
ARM GAS  C:\Users\SNFU\AppData\Local\Temp\ccLDin6N.s 			page 5


 115:.\Generated_Source\PSoC4/NavLightPWM_PM.c ****     }
 116:.\Generated_Source\PSoC4/NavLightPWM_PM.c **** }
 114              		.loc 1 116 0
 115              		@ sp needed
 116 000e 08BD     		pop	{r3, pc}
 117              	.L15:
 118              		.align	2
 119              	.L14:
 120 0010 00000000 		.word	.LANCHOR0
 121              		.cfi_endproc
 122              	.LFE3:
 123              		.size	NavLightPWM_Wakeup, .-NavLightPWM_Wakeup
 124              		.bss
 125              		.set	.LANCHOR0,. + 0
 126              		.type	NavLightPWM_backup, %object
 127              		.size	NavLightPWM_backup, 1
 128              	NavLightPWM_backup:
 129 0000 00       		.space	1
 130              		.text
 131              	.Letext0:
 132              		.file 2 ".\\Generated_Source\\PSoC4\\cytypes.h"
 133              		.file 3 ".\\Generated_Source\\PSoC4\\NavLightPWM.h"
 134              		.section	.debug_info,"",%progbits
 135              	.Ldebug_info0:
 136 0000 58010000 		.4byte	0x158
 137 0004 0400     		.2byte	0x4
 138 0006 00000000 		.4byte	.Ldebug_abbrev0
 139 000a 04       		.byte	0x4
 140 000b 01       		.uleb128 0x1
 141 000c 07010000 		.4byte	.LASF23
 142 0010 01       		.byte	0x1
 143 0011 C5010000 		.4byte	.LASF24
 144 0015 A3000000 		.4byte	.LASF25
 145 0019 00000000 		.4byte	.Ldebug_ranges0+0
 146 001d 00000000 		.4byte	0
 147 0021 00000000 		.4byte	.Ldebug_line0
 148 0025 02       		.uleb128 0x2
 149 0026 01       		.byte	0x1
 150 0027 06       		.byte	0x6
 151 0028 34020000 		.4byte	.LASF0
 152 002c 02       		.uleb128 0x2
 153 002d 01       		.byte	0x1
 154 002e 08       		.byte	0x8
 155 002f A9010000 		.4byte	.LASF1
 156 0033 02       		.uleb128 0x2
 157 0034 02       		.byte	0x2
 158 0035 05       		.byte	0x5
 159 0036 46020000 		.4byte	.LASF2
 160 003a 02       		.uleb128 0x2
 161 003b 02       		.byte	0x2
 162 003c 07       		.byte	0x7
 163 003d 21020000 		.4byte	.LASF3
 164 0041 02       		.uleb128 0x2
 165 0042 04       		.byte	0x4
 166 0043 05       		.byte	0x5
 167 0044 BC010000 		.4byte	.LASF4
 168 0048 02       		.uleb128 0x2
ARM GAS  C:\Users\SNFU\AppData\Local\Temp\ccLDin6N.s 			page 6


 169 0049 04       		.byte	0x4
 170 004a 07       		.byte	0x7
 171 004b 02020000 		.4byte	.LASF5
 172 004f 02       		.uleb128 0x2
 173 0050 08       		.byte	0x8
 174 0051 05       		.byte	0x5
 175 0052 00000000 		.4byte	.LASF6
 176 0056 02       		.uleb128 0x2
 177 0057 08       		.byte	0x8
 178 0058 07       		.byte	0x7
 179 0059 8C000000 		.4byte	.LASF7
 180 005d 03       		.uleb128 0x3
 181 005e 04       		.byte	0x4
 182 005f 05       		.byte	0x5
 183 0060 696E7400 		.ascii	"int\000"
 184 0064 02       		.uleb128 0x2
 185 0065 04       		.byte	0x4
 186 0066 07       		.byte	0x7
 187 0067 21000000 		.4byte	.LASF8
 188 006b 04       		.uleb128 0x4
 189 006c 6C000000 		.4byte	.LASF9
 190 0070 02       		.byte	0x2
 191 0071 A1       		.byte	0xa1
 192 0072 2C000000 		.4byte	0x2c
 193 0076 04       		.uleb128 0x4
 194 0077 0E000000 		.4byte	.LASF10
 195 007b 02       		.byte	0x2
 196 007c A3       		.byte	0xa3
 197 007d 48000000 		.4byte	0x48
 198 0081 02       		.uleb128 0x2
 199 0082 04       		.byte	0x4
 200 0083 04       		.byte	0x4
 201 0084 40020000 		.4byte	.LASF11
 202 0088 02       		.uleb128 0x2
 203 0089 08       		.byte	0x8
 204 008a 04       		.byte	0x4
 205 008b 14020000 		.4byte	.LASF12
 206 008f 02       		.uleb128 0x2
 207 0090 01       		.byte	0x1
 208 0091 08       		.byte	0x8
 209 0092 B7010000 		.4byte	.LASF13
 210 0096 05       		.uleb128 0x5
 211 0097 1B020000 		.4byte	.LASF14
 212 009b 02       		.byte	0x2
 213 009c 4D01     		.2byte	0x14d
 214 009e A2000000 		.4byte	0xa2
 215 00a2 06       		.uleb128 0x6
 216 00a3 76000000 		.4byte	0x76
 217 00a7 02       		.uleb128 0x2
 218 00a8 04       		.byte	0x4
 219 00a9 07       		.byte	0x7
 220 00aa 50020000 		.4byte	.LASF15
 221 00ae 07       		.uleb128 0x7
 222 00af 01       		.byte	0x1
 223 00b0 03       		.byte	0x3
 224 00b1 21       		.byte	0x21
 225 00b2 C3000000 		.4byte	0xc3
ARM GAS  C:\Users\SNFU\AppData\Local\Temp\ccLDin6N.s 			page 7


 226 00b6 08       		.uleb128 0x8
 227 00b7 15000000 		.4byte	.LASF26
 228 00bb 03       		.byte	0x3
 229 00bc 23       		.byte	0x23
 230 00bd 6B000000 		.4byte	0x6b
 231 00c1 00       		.byte	0
 232 00c2 00       		.byte	0
 233 00c3 04       		.uleb128 0x4
 234 00c4 72000000 		.4byte	.LASF16
 235 00c8 03       		.byte	0x3
 236 00c9 24       		.byte	0x24
 237 00ca AE000000 		.4byte	0xae
 238 00ce 09       		.uleb128 0x9
 239 00cf 59020000 		.4byte	.LASF17
 240 00d3 01       		.byte	0x1
 241 00d4 26       		.byte	0x26
 242 00d5 01       		.byte	0x1
 243 00d6 09       		.uleb128 0x9
 244 00d7 52000000 		.4byte	.LASF18
 245 00db 01       		.byte	0x1
 246 00dc 58       		.byte	0x58
 247 00dd 01       		.byte	0x1
 248 00de 0A       		.uleb128 0xa
 249 00df CE000000 		.4byte	0xce
 250 00e3 00000000 		.4byte	.LFB0
 251 00e7 02000000 		.4byte	.LFE0-.LFB0
 252 00eb 01       		.uleb128 0x1
 253 00ec 9C       		.byte	0x9c
 254 00ed 0B       		.uleb128 0xb
 255 00ee F5000000 		.4byte	.LASF19
 256 00f2 01       		.byte	0x1
 257 00f3 3A       		.byte	0x3a
 258 00f4 00000000 		.4byte	.LFB1
 259 00f8 20000000 		.4byte	.LFE1-.LFB1
 260 00fc 01       		.uleb128 0x1
 261 00fd 9C       		.byte	0x9c
 262 00fe 0C010000 		.4byte	0x10c
 263 0102 0C       		.uleb128 0xc
 264 0103 16000000 		.4byte	.LVL0
 265 0107 4B010000 		.4byte	0x14b
 266 010b 00       		.byte	0
 267 010c 0A       		.uleb128 0xa
 268 010d D6000000 		.4byte	0xd6
 269 0111 00000000 		.4byte	.LFB2
 270 0115 02000000 		.4byte	.LFE2-.LFB2
 271 0119 01       		.uleb128 0x1
 272 011a 9C       		.byte	0x9c
 273 011b 0B       		.uleb128 0xb
 274 011c EF010000 		.4byte	.LASF20
 275 0120 01       		.byte	0x1
 276 0121 6C       		.byte	0x6c
 277 0122 00000000 		.4byte	.LFB3
 278 0126 14000000 		.4byte	.LFE3-.LFB3
 279 012a 01       		.uleb128 0x1
 280 012b 9C       		.byte	0x9c
 281 012c 3A010000 		.4byte	0x13a
 282 0130 0C       		.uleb128 0xc
ARM GAS  C:\Users\SNFU\AppData\Local\Temp\ccLDin6N.s 			page 8


 283 0131 0E000000 		.4byte	.LVL1
 284 0135 53010000 		.4byte	0x153
 285 0139 00       		.byte	0
 286 013a 0D       		.uleb128 0xd
 287 013b 2E000000 		.4byte	.LASF27
 288 013f 01       		.byte	0x1
 289 0140 15       		.byte	0x15
 290 0141 C3000000 		.4byte	0xc3
 291 0145 05       		.uleb128 0x5
 292 0146 03       		.byte	0x3
 293 0147 00000000 		.4byte	NavLightPWM_backup
 294 014b 0E       		.uleb128 0xe
 295 014c 41000000 		.4byte	.LASF21
 296 0150 03       		.byte	0x3
 297 0151 3201     		.2byte	0x132
 298 0153 0E       		.uleb128 0xe
 299 0154 96010000 		.4byte	.LASF22
 300 0158 03       		.byte	0x3
 301 0159 3001     		.2byte	0x130
 302 015b 00       		.byte	0
 303              		.section	.debug_abbrev,"",%progbits
 304              	.Ldebug_abbrev0:
 305 0000 01       		.uleb128 0x1
 306 0001 11       		.uleb128 0x11
 307 0002 01       		.byte	0x1
 308 0003 25       		.uleb128 0x25
 309 0004 0E       		.uleb128 0xe
 310 0005 13       		.uleb128 0x13
 311 0006 0B       		.uleb128 0xb
 312 0007 03       		.uleb128 0x3
 313 0008 0E       		.uleb128 0xe
 314 0009 1B       		.uleb128 0x1b
 315 000a 0E       		.uleb128 0xe
 316 000b 55       		.uleb128 0x55
 317 000c 17       		.uleb128 0x17
 318 000d 11       		.uleb128 0x11
 319 000e 01       		.uleb128 0x1
 320 000f 10       		.uleb128 0x10
 321 0010 17       		.uleb128 0x17
 322 0011 00       		.byte	0
 323 0012 00       		.byte	0
 324 0013 02       		.uleb128 0x2
 325 0014 24       		.uleb128 0x24
 326 0015 00       		.byte	0
 327 0016 0B       		.uleb128 0xb
 328 0017 0B       		.uleb128 0xb
 329 0018 3E       		.uleb128 0x3e
 330 0019 0B       		.uleb128 0xb
 331 001a 03       		.uleb128 0x3
 332 001b 0E       		.uleb128 0xe
 333 001c 00       		.byte	0
 334 001d 00       		.byte	0
 335 001e 03       		.uleb128 0x3
 336 001f 24       		.uleb128 0x24
 337 0020 00       		.byte	0
 338 0021 0B       		.uleb128 0xb
 339 0022 0B       		.uleb128 0xb
ARM GAS  C:\Users\SNFU\AppData\Local\Temp\ccLDin6N.s 			page 9


 340 0023 3E       		.uleb128 0x3e
 341 0024 0B       		.uleb128 0xb
 342 0025 03       		.uleb128 0x3
 343 0026 08       		.uleb128 0x8
 344 0027 00       		.byte	0
 345 0028 00       		.byte	0
 346 0029 04       		.uleb128 0x4
 347 002a 16       		.uleb128 0x16
 348 002b 00       		.byte	0
 349 002c 03       		.uleb128 0x3
 350 002d 0E       		.uleb128 0xe
 351 002e 3A       		.uleb128 0x3a
 352 002f 0B       		.uleb128 0xb
 353 0030 3B       		.uleb128 0x3b
 354 0031 0B       		.uleb128 0xb
 355 0032 49       		.uleb128 0x49
 356 0033 13       		.uleb128 0x13
 357 0034 00       		.byte	0
 358 0035 00       		.byte	0
 359 0036 05       		.uleb128 0x5
 360 0037 16       		.uleb128 0x16
 361 0038 00       		.byte	0
 362 0039 03       		.uleb128 0x3
 363 003a 0E       		.uleb128 0xe
 364 003b 3A       		.uleb128 0x3a
 365 003c 0B       		.uleb128 0xb
 366 003d 3B       		.uleb128 0x3b
 367 003e 05       		.uleb128 0x5
 368 003f 49       		.uleb128 0x49
 369 0040 13       		.uleb128 0x13
 370 0041 00       		.byte	0
 371 0042 00       		.byte	0
 372 0043 06       		.uleb128 0x6
 373 0044 35       		.uleb128 0x35
 374 0045 00       		.byte	0
 375 0046 49       		.uleb128 0x49
 376 0047 13       		.uleb128 0x13
 377 0048 00       		.byte	0
 378 0049 00       		.byte	0
 379 004a 07       		.uleb128 0x7
 380 004b 13       		.uleb128 0x13
 381 004c 01       		.byte	0x1
 382 004d 0B       		.uleb128 0xb
 383 004e 0B       		.uleb128 0xb
 384 004f 3A       		.uleb128 0x3a
 385 0050 0B       		.uleb128 0xb
 386 0051 3B       		.uleb128 0x3b
 387 0052 0B       		.uleb128 0xb
 388 0053 01       		.uleb128 0x1
 389 0054 13       		.uleb128 0x13
 390 0055 00       		.byte	0
 391 0056 00       		.byte	0
 392 0057 08       		.uleb128 0x8
 393 0058 0D       		.uleb128 0xd
 394 0059 00       		.byte	0
 395 005a 03       		.uleb128 0x3
 396 005b 0E       		.uleb128 0xe
ARM GAS  C:\Users\SNFU\AppData\Local\Temp\ccLDin6N.s 			page 10


 397 005c 3A       		.uleb128 0x3a
 398 005d 0B       		.uleb128 0xb
 399 005e 3B       		.uleb128 0x3b
 400 005f 0B       		.uleb128 0xb
 401 0060 49       		.uleb128 0x49
 402 0061 13       		.uleb128 0x13
 403 0062 38       		.uleb128 0x38
 404 0063 0B       		.uleb128 0xb
 405 0064 00       		.byte	0
 406 0065 00       		.byte	0
 407 0066 09       		.uleb128 0x9
 408 0067 2E       		.uleb128 0x2e
 409 0068 00       		.byte	0
 410 0069 3F       		.uleb128 0x3f
 411 006a 19       		.uleb128 0x19
 412 006b 03       		.uleb128 0x3
 413 006c 0E       		.uleb128 0xe
 414 006d 3A       		.uleb128 0x3a
 415 006e 0B       		.uleb128 0xb
 416 006f 3B       		.uleb128 0x3b
 417 0070 0B       		.uleb128 0xb
 418 0071 27       		.uleb128 0x27
 419 0072 19       		.uleb128 0x19
 420 0073 20       		.uleb128 0x20
 421 0074 0B       		.uleb128 0xb
 422 0075 00       		.byte	0
 423 0076 00       		.byte	0
 424 0077 0A       		.uleb128 0xa
 425 0078 2E       		.uleb128 0x2e
 426 0079 00       		.byte	0
 427 007a 31       		.uleb128 0x31
 428 007b 13       		.uleb128 0x13
 429 007c 11       		.uleb128 0x11
 430 007d 01       		.uleb128 0x1
 431 007e 12       		.uleb128 0x12
 432 007f 06       		.uleb128 0x6
 433 0080 40       		.uleb128 0x40
 434 0081 18       		.uleb128 0x18
 435 0082 9742     		.uleb128 0x2117
 436 0084 19       		.uleb128 0x19
 437 0085 00       		.byte	0
 438 0086 00       		.byte	0
 439 0087 0B       		.uleb128 0xb
 440 0088 2E       		.uleb128 0x2e
 441 0089 01       		.byte	0x1
 442 008a 3F       		.uleb128 0x3f
 443 008b 19       		.uleb128 0x19
 444 008c 03       		.uleb128 0x3
 445 008d 0E       		.uleb128 0xe
 446 008e 3A       		.uleb128 0x3a
 447 008f 0B       		.uleb128 0xb
 448 0090 3B       		.uleb128 0x3b
 449 0091 0B       		.uleb128 0xb
 450 0092 27       		.uleb128 0x27
 451 0093 19       		.uleb128 0x19
 452 0094 11       		.uleb128 0x11
 453 0095 01       		.uleb128 0x1
ARM GAS  C:\Users\SNFU\AppData\Local\Temp\ccLDin6N.s 			page 11


 454 0096 12       		.uleb128 0x12
 455 0097 06       		.uleb128 0x6
 456 0098 40       		.uleb128 0x40
 457 0099 18       		.uleb128 0x18
 458 009a 9742     		.uleb128 0x2117
 459 009c 19       		.uleb128 0x19
 460 009d 01       		.uleb128 0x1
 461 009e 13       		.uleb128 0x13
 462 009f 00       		.byte	0
 463 00a0 00       		.byte	0
 464 00a1 0C       		.uleb128 0xc
 465 00a2 898201   		.uleb128 0x4109
 466 00a5 00       		.byte	0
 467 00a6 11       		.uleb128 0x11
 468 00a7 01       		.uleb128 0x1
 469 00a8 31       		.uleb128 0x31
 470 00a9 13       		.uleb128 0x13
 471 00aa 00       		.byte	0
 472 00ab 00       		.byte	0
 473 00ac 0D       		.uleb128 0xd
 474 00ad 34       		.uleb128 0x34
 475 00ae 00       		.byte	0
 476 00af 03       		.uleb128 0x3
 477 00b0 0E       		.uleb128 0xe
 478 00b1 3A       		.uleb128 0x3a
 479 00b2 0B       		.uleb128 0xb
 480 00b3 3B       		.uleb128 0x3b
 481 00b4 0B       		.uleb128 0xb
 482 00b5 49       		.uleb128 0x49
 483 00b6 13       		.uleb128 0x13
 484 00b7 02       		.uleb128 0x2
 485 00b8 18       		.uleb128 0x18
 486 00b9 00       		.byte	0
 487 00ba 00       		.byte	0
 488 00bb 0E       		.uleb128 0xe
 489 00bc 2E       		.uleb128 0x2e
 490 00bd 00       		.byte	0
 491 00be 3F       		.uleb128 0x3f
 492 00bf 19       		.uleb128 0x19
 493 00c0 03       		.uleb128 0x3
 494 00c1 0E       		.uleb128 0xe
 495 00c2 3A       		.uleb128 0x3a
 496 00c3 0B       		.uleb128 0xb
 497 00c4 3B       		.uleb128 0x3b
 498 00c5 05       		.uleb128 0x5
 499 00c6 27       		.uleb128 0x27
 500 00c7 19       		.uleb128 0x19
 501 00c8 3C       		.uleb128 0x3c
 502 00c9 19       		.uleb128 0x19
 503 00ca 00       		.byte	0
 504 00cb 00       		.byte	0
 505 00cc 00       		.byte	0
 506              		.section	.debug_aranges,"",%progbits
 507 0000 34000000 		.4byte	0x34
 508 0004 0200     		.2byte	0x2
 509 0006 00000000 		.4byte	.Ldebug_info0
 510 000a 04       		.byte	0x4
ARM GAS  C:\Users\SNFU\AppData\Local\Temp\ccLDin6N.s 			page 12


 511 000b 00       		.byte	0
 512 000c 0000     		.2byte	0
 513 000e 0000     		.2byte	0
 514 0010 00000000 		.4byte	.LFB0
 515 0014 02000000 		.4byte	.LFE0-.LFB0
 516 0018 00000000 		.4byte	.LFB1
 517 001c 20000000 		.4byte	.LFE1-.LFB1
 518 0020 00000000 		.4byte	.LFB2
 519 0024 02000000 		.4byte	.LFE2-.LFB2
 520 0028 00000000 		.4byte	.LFB3
 521 002c 14000000 		.4byte	.LFE3-.LFB3
 522 0030 00000000 		.4byte	0
 523 0034 00000000 		.4byte	0
 524              		.section	.debug_ranges,"",%progbits
 525              	.Ldebug_ranges0:
 526 0000 00000000 		.4byte	.LFB0
 527 0004 02000000 		.4byte	.LFE0
 528 0008 00000000 		.4byte	.LFB1
 529 000c 20000000 		.4byte	.LFE1
 530 0010 00000000 		.4byte	.LFB2
 531 0014 02000000 		.4byte	.LFE2
 532 0018 00000000 		.4byte	.LFB3
 533 001c 14000000 		.4byte	.LFE3
 534 0020 00000000 		.4byte	0
 535 0024 00000000 		.4byte	0
 536              		.section	.debug_line,"",%progbits
 537              	.Ldebug_line0:
 538 0000 AD000000 		.section	.debug_str,"MS",%progbits,1
 538      02005E00 
 538      00000201 
 538      FB0E0D00 
 538      01010101 
 539              	.LASF6:
 540 0000 6C6F6E67 		.ascii	"long long int\000"
 540      206C6F6E 
 540      6720696E 
 540      7400
 541              	.LASF10:
 542 000e 75696E74 		.ascii	"uint32\000"
 542      333200
 543              	.LASF26:
 544 0015 656E6162 		.ascii	"enableState\000"
 544      6C655374 
 544      61746500 
 545              	.LASF8:
 546 0021 756E7369 		.ascii	"unsigned int\000"
 546      676E6564 
 546      20696E74 
 546      00
 547              	.LASF27:
 548 002e 4E61764C 		.ascii	"NavLightPWM_backup\000"
 548      69676874 
 548      50574D5F 
 548      6261636B 
 548      757000
 549              	.LASF21:
 550 0041 4E61764C 		.ascii	"NavLightPWM_Stop\000"
ARM GAS  C:\Users\SNFU\AppData\Local\Temp\ccLDin6N.s 			page 13


 550      69676874 
 550      50574D5F 
 550      53746F70 
 550      00
 551              	.LASF18:
 552 0052 4E61764C 		.ascii	"NavLightPWM_RestoreConfig\000"
 552      69676874 
 552      50574D5F 
 552      52657374 
 552      6F726543 
 553              	.LASF9:
 554 006c 75696E74 		.ascii	"uint8\000"
 554      3800
 555              	.LASF16:
 556 0072 4E61764C 		.ascii	"NavLightPWM_BACKUP_STRUCT\000"
 556      69676874 
 556      50574D5F 
 556      4241434B 
 556      55505F53 
 557              	.LASF7:
 558 008c 6C6F6E67 		.ascii	"long long unsigned int\000"
 558      206C6F6E 
 558      6720756E 
 558      7369676E 
 558      65642069 
 559              	.LASF25:
 560 00a3 433A5C55 		.ascii	"C:\\Users\\SNFU\\Documents\\T-50_UAV_Project\\Softw"
 560      73657273 
 560      5C534E46 
 560      555C446F 
 560      63756D65 
 561 00d1 6172655C 		.ascii	"are\\T-50_Project\\T-50_Project.cydsn\000"
 561      542D3530 
 561      5F50726F 
 561      6A656374 
 561      5C542D35 
 562              	.LASF19:
 563 00f5 4E61764C 		.ascii	"NavLightPWM_Sleep\000"
 563      69676874 
 563      50574D5F 
 563      536C6565 
 563      7000
 564              	.LASF23:
 565 0107 474E5520 		.ascii	"GNU C 4.8.4 20140526 (release) [ARM/embedded-4_8-br"
 565      4320342E 
 565      382E3420 
 565      32303134 
 565      30353236 
 566 013a 616E6368 		.ascii	"anch revision 211358] -mcpu=cortex-m0 -mthumb -g -O"
 566      20726576 
 566      6973696F 
 566      6E203231 
 566      31333538 
 567 016d 73202D66 		.ascii	"s -ffunction-sections -finline-functions\000"
 567      66756E63 
 567      74696F6E 
 567      2D736563 
ARM GAS  C:\Users\SNFU\AppData\Local\Temp\ccLDin6N.s 			page 14


 567      74696F6E 
 568              	.LASF22:
 569 0196 4E61764C 		.ascii	"NavLightPWM_Enable\000"
 569      69676874 
 569      50574D5F 
 569      456E6162 
 569      6C6500
 570              	.LASF1:
 571 01a9 756E7369 		.ascii	"unsigned char\000"
 571      676E6564 
 571      20636861 
 571      7200
 572              	.LASF13:
 573 01b7 63686172 		.ascii	"char\000"
 573      00
 574              	.LASF4:
 575 01bc 6C6F6E67 		.ascii	"long int\000"
 575      20696E74 
 575      00
 576              	.LASF24:
 577 01c5 2E5C4765 		.ascii	".\\Generated_Source\\PSoC4\\NavLightPWM_PM.c\000"
 577      6E657261 
 577      7465645F 
 577      536F7572 
 577      63655C50 
 578              	.LASF20:
 579 01ef 4E61764C 		.ascii	"NavLightPWM_Wakeup\000"
 579      69676874 
 579      50574D5F 
 579      57616B65 
 579      757000
 580              	.LASF5:
 581 0202 6C6F6E67 		.ascii	"long unsigned int\000"
 581      20756E73 
 581      69676E65 
 581      6420696E 
 581      7400
 582              	.LASF12:
 583 0214 646F7562 		.ascii	"double\000"
 583      6C6500
 584              	.LASF14:
 585 021b 72656733 		.ascii	"reg32\000"
 585      3200
 586              	.LASF3:
 587 0221 73686F72 		.ascii	"short unsigned int\000"
 587      7420756E 
 587      7369676E 
 587      65642069 
 587      6E7400
 588              	.LASF0:
 589 0234 7369676E 		.ascii	"signed char\000"
 589      65642063 
 589      68617200 
 590              	.LASF11:
 591 0240 666C6F61 		.ascii	"float\000"
 591      7400
 592              	.LASF2:
ARM GAS  C:\Users\SNFU\AppData\Local\Temp\ccLDin6N.s 			page 15


 593 0246 73686F72 		.ascii	"short int\000"
 593      7420696E 
 593      7400
 594              	.LASF15:
 595 0250 73697A65 		.ascii	"sizetype\000"
 595      74797065 
 595      00
 596              	.LASF17:
 597 0259 4E61764C 		.ascii	"NavLightPWM_SaveConfig\000"
 597      69676874 
 597      50574D5F 
 597      53617665 
 597      436F6E66 
 598              		.ident	"GCC: (GNU Tools for ARM Embedded Processors) 4.8.4 20140526 (release) [ARM/embedded-4_8-br
