ARM GAS  C:\Users\Sven\AppData\Local\Temp\cchQ7NSb.s 			page 1


   1              		.cpu cortex-m0
   2              		.fpu softvfp
   3              		.eabi_attribute 20, 1
   4              		.eabi_attribute 21, 1
   5              		.eabi_attribute 23, 3
   6              		.eabi_attribute 24, 1
   7              		.eabi_attribute 25, 1
   8              		.eabi_attribute 26, 1
   9              		.eabi_attribute 30, 4
  10              		.eabi_attribute 34, 0
  11              		.eabi_attribute 18, 4
  12              		.code	16
  13              		.file	"Out_Sp2_Pin.c"
  14              		.text
  15              	.Ltext0:
  16              		.cfi_sections	.debug_frame
  17              		.section	.text.Out_Sp2_Pin_Write,"ax",%progbits
  18              		.align	1
  19              		.global	Out_Sp2_Pin_Write
  20              		.code	16
  21              		.thumb_func
  22              		.type	Out_Sp2_Pin_Write, %function
  23              	Out_Sp2_Pin_Write:
  24              	.LFB0:
  25              		.file 1 ".\\Generated_Source\\PSoC4\\Out_Sp2_Pin.c"
   1:.\Generated_Source\PSoC4/Out_Sp2_Pin.c **** /*******************************************************************************
   2:.\Generated_Source\PSoC4/Out_Sp2_Pin.c **** * File Name: Out_Sp2_Pin.c  
   3:.\Generated_Source\PSoC4/Out_Sp2_Pin.c **** * Version 2.10
   4:.\Generated_Source\PSoC4/Out_Sp2_Pin.c **** *
   5:.\Generated_Source\PSoC4/Out_Sp2_Pin.c **** * Description:
   6:.\Generated_Source\PSoC4/Out_Sp2_Pin.c **** *  This file contains API to enable firmware control of a Pins component.
   7:.\Generated_Source\PSoC4/Out_Sp2_Pin.c **** *
   8:.\Generated_Source\PSoC4/Out_Sp2_Pin.c **** * Note:
   9:.\Generated_Source\PSoC4/Out_Sp2_Pin.c **** *
  10:.\Generated_Source\PSoC4/Out_Sp2_Pin.c **** ********************************************************************************
  11:.\Generated_Source\PSoC4/Out_Sp2_Pin.c **** * Copyright 2008-2014, Cypress Semiconductor Corporation.  All rights reserved.
  12:.\Generated_Source\PSoC4/Out_Sp2_Pin.c **** * You may use this file only in accordance with the license, terms, conditions, 
  13:.\Generated_Source\PSoC4/Out_Sp2_Pin.c **** * disclaimers, and limitations in the end user license agreement accompanying 
  14:.\Generated_Source\PSoC4/Out_Sp2_Pin.c **** * the software package with which this file was provided.
  15:.\Generated_Source\PSoC4/Out_Sp2_Pin.c **** *******************************************************************************/
  16:.\Generated_Source\PSoC4/Out_Sp2_Pin.c **** 
  17:.\Generated_Source\PSoC4/Out_Sp2_Pin.c **** #include "cytypes.h"
  18:.\Generated_Source\PSoC4/Out_Sp2_Pin.c **** #include "Out_Sp2_Pin.h"
  19:.\Generated_Source\PSoC4/Out_Sp2_Pin.c **** 
  20:.\Generated_Source\PSoC4/Out_Sp2_Pin.c **** #define SetP4PinDriveMode(shift, mode)  \
  21:.\Generated_Source\PSoC4/Out_Sp2_Pin.c ****     do { \
  22:.\Generated_Source\PSoC4/Out_Sp2_Pin.c ****         Out_Sp2_Pin_PC =   (Out_Sp2_Pin_PC & \
  23:.\Generated_Source\PSoC4/Out_Sp2_Pin.c ****                                 (uint32)(~(uint32)(Out_Sp2_Pin_DRIVE_MODE_IND_MASK << (Out_Sp2_Pin_
  24:.\Generated_Source\PSoC4/Out_Sp2_Pin.c ****                                 (uint32)((uint32)(mode) << (Out_Sp2_Pin_DRIVE_MODE_BITS * (shift)))
  25:.\Generated_Source\PSoC4/Out_Sp2_Pin.c ****     } while (0)
  26:.\Generated_Source\PSoC4/Out_Sp2_Pin.c **** 
  27:.\Generated_Source\PSoC4/Out_Sp2_Pin.c **** 
  28:.\Generated_Source\PSoC4/Out_Sp2_Pin.c **** /*******************************************************************************
  29:.\Generated_Source\PSoC4/Out_Sp2_Pin.c **** * Function Name: Out_Sp2_Pin_Write
  30:.\Generated_Source\PSoC4/Out_Sp2_Pin.c **** ********************************************************************************
  31:.\Generated_Source\PSoC4/Out_Sp2_Pin.c **** *
  32:.\Generated_Source\PSoC4/Out_Sp2_Pin.c **** * Summary:
ARM GAS  C:\Users\Sven\AppData\Local\Temp\cchQ7NSb.s 			page 2


  33:.\Generated_Source\PSoC4/Out_Sp2_Pin.c **** *  Assign a new value to the digital port's data output register.  
  34:.\Generated_Source\PSoC4/Out_Sp2_Pin.c **** *
  35:.\Generated_Source\PSoC4/Out_Sp2_Pin.c **** * Parameters:  
  36:.\Generated_Source\PSoC4/Out_Sp2_Pin.c **** *  prtValue:  The value to be assigned to the Digital Port. 
  37:.\Generated_Source\PSoC4/Out_Sp2_Pin.c **** *
  38:.\Generated_Source\PSoC4/Out_Sp2_Pin.c **** * Return: 
  39:.\Generated_Source\PSoC4/Out_Sp2_Pin.c **** *  None 
  40:.\Generated_Source\PSoC4/Out_Sp2_Pin.c **** *  
  41:.\Generated_Source\PSoC4/Out_Sp2_Pin.c **** *******************************************************************************/
  42:.\Generated_Source\PSoC4/Out_Sp2_Pin.c **** void Out_Sp2_Pin_Write(uint8 value) 
  43:.\Generated_Source\PSoC4/Out_Sp2_Pin.c **** {
  26              		.loc 1 43 0
  27              		.cfi_startproc
  28              	.LVL0:
  44:.\Generated_Source\PSoC4/Out_Sp2_Pin.c ****     uint8 drVal = (uint8)(Out_Sp2_Pin_DR & (uint8)(~Out_Sp2_Pin_MASK));
  29              		.loc 1 44 0
  30 0000 044B     		ldr	r3, .L2
  31 0002 0122     		mov	r2, #1
  32 0004 1968     		ldr	r1, [r3]
  45:.\Generated_Source\PSoC4/Out_Sp2_Pin.c ****     drVal = (drVal | ((uint8)(value << Out_Sp2_Pin_SHIFT) & Out_Sp2_Pin_MASK));
  46:.\Generated_Source\PSoC4/Out_Sp2_Pin.c ****     Out_Sp2_Pin_DR = (uint32)drVal;
  47:.\Generated_Source\PSoC4/Out_Sp2_Pin.c **** }
  33              		.loc 1 47 0
  34              		@ sp needed
  44:.\Generated_Source\PSoC4/Out_Sp2_Pin.c ****     uint8 drVal = (uint8)(Out_Sp2_Pin_DR & (uint8)(~Out_Sp2_Pin_MASK));
  35              		.loc 1 44 0
  36 0006 9143     		bic	r1, r2
  37 0008 C9B2     		uxtb	r1, r1
  38              	.LVL1:
  45:.\Generated_Source\PSoC4/Out_Sp2_Pin.c ****     drVal = (drVal | ((uint8)(value << Out_Sp2_Pin_SHIFT) & Out_Sp2_Pin_MASK));
  39              		.loc 1 45 0
  40 000a 0240     		and	r2, r0
  46:.\Generated_Source\PSoC4/Out_Sp2_Pin.c ****     Out_Sp2_Pin_DR = (uint32)drVal;
  41              		.loc 1 46 0
  42 000c 0A43     		orr	r2, r1
  43 000e 1A60     		str	r2, [r3]
  44              		.loc 1 47 0
  45 0010 7047     		bx	lr
  46              	.L3:
  47 0012 C046     		.align	2
  48              	.L2:
  49 0014 00010440 		.word	1074004224
  50              		.cfi_endproc
  51              	.LFE0:
  52              		.size	Out_Sp2_Pin_Write, .-Out_Sp2_Pin_Write
  53              		.section	.text.Out_Sp2_Pin_SetDriveMode,"ax",%progbits
  54              		.align	1
  55              		.global	Out_Sp2_Pin_SetDriveMode
  56              		.code	16
  57              		.thumb_func
  58              		.type	Out_Sp2_Pin_SetDriveMode, %function
  59              	Out_Sp2_Pin_SetDriveMode:
  60              	.LFB1:
  48:.\Generated_Source\PSoC4/Out_Sp2_Pin.c **** 
  49:.\Generated_Source\PSoC4/Out_Sp2_Pin.c **** 
  50:.\Generated_Source\PSoC4/Out_Sp2_Pin.c **** /*******************************************************************************
  51:.\Generated_Source\PSoC4/Out_Sp2_Pin.c **** * Function Name: Out_Sp2_Pin_SetDriveMode
ARM GAS  C:\Users\Sven\AppData\Local\Temp\cchQ7NSb.s 			page 3


  52:.\Generated_Source\PSoC4/Out_Sp2_Pin.c **** ********************************************************************************
  53:.\Generated_Source\PSoC4/Out_Sp2_Pin.c **** *
  54:.\Generated_Source\PSoC4/Out_Sp2_Pin.c **** * Summary:
  55:.\Generated_Source\PSoC4/Out_Sp2_Pin.c **** *  Change the drive mode on the pins of the port.
  56:.\Generated_Source\PSoC4/Out_Sp2_Pin.c **** * 
  57:.\Generated_Source\PSoC4/Out_Sp2_Pin.c **** * Parameters:  
  58:.\Generated_Source\PSoC4/Out_Sp2_Pin.c **** *  mode:  Change the pins to one of the following drive modes.
  59:.\Generated_Source\PSoC4/Out_Sp2_Pin.c **** *
  60:.\Generated_Source\PSoC4/Out_Sp2_Pin.c **** *  Out_Sp2_Pin_DM_STRONG     Strong Drive 
  61:.\Generated_Source\PSoC4/Out_Sp2_Pin.c **** *  Out_Sp2_Pin_DM_OD_HI      Open Drain, Drives High 
  62:.\Generated_Source\PSoC4/Out_Sp2_Pin.c **** *  Out_Sp2_Pin_DM_OD_LO      Open Drain, Drives Low 
  63:.\Generated_Source\PSoC4/Out_Sp2_Pin.c **** *  Out_Sp2_Pin_DM_RES_UP     Resistive Pull Up 
  64:.\Generated_Source\PSoC4/Out_Sp2_Pin.c **** *  Out_Sp2_Pin_DM_RES_DWN    Resistive Pull Down 
  65:.\Generated_Source\PSoC4/Out_Sp2_Pin.c **** *  Out_Sp2_Pin_DM_RES_UPDWN  Resistive Pull Up/Down 
  66:.\Generated_Source\PSoC4/Out_Sp2_Pin.c **** *  Out_Sp2_Pin_DM_DIG_HIZ    High Impedance Digital 
  67:.\Generated_Source\PSoC4/Out_Sp2_Pin.c **** *  Out_Sp2_Pin_DM_ALG_HIZ    High Impedance Analog 
  68:.\Generated_Source\PSoC4/Out_Sp2_Pin.c **** *
  69:.\Generated_Source\PSoC4/Out_Sp2_Pin.c **** * Return: 
  70:.\Generated_Source\PSoC4/Out_Sp2_Pin.c **** *  None
  71:.\Generated_Source\PSoC4/Out_Sp2_Pin.c **** *
  72:.\Generated_Source\PSoC4/Out_Sp2_Pin.c **** *******************************************************************************/
  73:.\Generated_Source\PSoC4/Out_Sp2_Pin.c **** void Out_Sp2_Pin_SetDriveMode(uint8 mode) 
  74:.\Generated_Source\PSoC4/Out_Sp2_Pin.c **** {
  61              		.loc 1 74 0
  62              		.cfi_startproc
  63              	.LVL2:
  75:.\Generated_Source\PSoC4/Out_Sp2_Pin.c **** 	SetP4PinDriveMode(Out_Sp2_Pin__0__SHIFT, mode);
  64              		.loc 1 75 0
  65 0000 034B     		ldr	r3, .L5
  66 0002 0721     		mov	r1, #7
  67 0004 1A68     		ldr	r2, [r3]
  76:.\Generated_Source\PSoC4/Out_Sp2_Pin.c **** }
  68              		.loc 1 76 0
  69              		@ sp needed
  75:.\Generated_Source\PSoC4/Out_Sp2_Pin.c **** 	SetP4PinDriveMode(Out_Sp2_Pin__0__SHIFT, mode);
  70              		.loc 1 75 0
  71 0006 8A43     		bic	r2, r1
  72 0008 1043     		orr	r0, r2
  73              	.LVL3:
  74 000a 1860     		str	r0, [r3]
  75              		.loc 1 76 0
  76 000c 7047     		bx	lr
  77              	.L6:
  78 000e C046     		.align	2
  79              	.L5:
  80 0010 08010440 		.word	1074004232
  81              		.cfi_endproc
  82              	.LFE1:
  83              		.size	Out_Sp2_Pin_SetDriveMode, .-Out_Sp2_Pin_SetDriveMode
  84              		.section	.text.Out_Sp2_Pin_Read,"ax",%progbits
  85              		.align	1
  86              		.global	Out_Sp2_Pin_Read
  87              		.code	16
  88              		.thumb_func
  89              		.type	Out_Sp2_Pin_Read, %function
  90              	Out_Sp2_Pin_Read:
  91              	.LFB2:
ARM GAS  C:\Users\Sven\AppData\Local\Temp\cchQ7NSb.s 			page 4


  77:.\Generated_Source\PSoC4/Out_Sp2_Pin.c **** 
  78:.\Generated_Source\PSoC4/Out_Sp2_Pin.c **** 
  79:.\Generated_Source\PSoC4/Out_Sp2_Pin.c **** /*******************************************************************************
  80:.\Generated_Source\PSoC4/Out_Sp2_Pin.c **** * Function Name: Out_Sp2_Pin_Read
  81:.\Generated_Source\PSoC4/Out_Sp2_Pin.c **** ********************************************************************************
  82:.\Generated_Source\PSoC4/Out_Sp2_Pin.c **** *
  83:.\Generated_Source\PSoC4/Out_Sp2_Pin.c **** * Summary:
  84:.\Generated_Source\PSoC4/Out_Sp2_Pin.c **** *  Read the current value on the pins of the Digital Port in right justified 
  85:.\Generated_Source\PSoC4/Out_Sp2_Pin.c **** *  form.
  86:.\Generated_Source\PSoC4/Out_Sp2_Pin.c **** *
  87:.\Generated_Source\PSoC4/Out_Sp2_Pin.c **** * Parameters:  
  88:.\Generated_Source\PSoC4/Out_Sp2_Pin.c **** *  None 
  89:.\Generated_Source\PSoC4/Out_Sp2_Pin.c **** *
  90:.\Generated_Source\PSoC4/Out_Sp2_Pin.c **** * Return: 
  91:.\Generated_Source\PSoC4/Out_Sp2_Pin.c **** *  Returns the current value of the Digital Port as a right justified number
  92:.\Generated_Source\PSoC4/Out_Sp2_Pin.c **** *  
  93:.\Generated_Source\PSoC4/Out_Sp2_Pin.c **** * Note:
  94:.\Generated_Source\PSoC4/Out_Sp2_Pin.c **** *  Macro Out_Sp2_Pin_ReadPS calls this function. 
  95:.\Generated_Source\PSoC4/Out_Sp2_Pin.c **** *  
  96:.\Generated_Source\PSoC4/Out_Sp2_Pin.c **** *******************************************************************************/
  97:.\Generated_Source\PSoC4/Out_Sp2_Pin.c **** uint8 Out_Sp2_Pin_Read(void) 
  98:.\Generated_Source\PSoC4/Out_Sp2_Pin.c **** {
  92              		.loc 1 98 0
  93              		.cfi_startproc
  99:.\Generated_Source\PSoC4/Out_Sp2_Pin.c ****     return (uint8)((Out_Sp2_Pin_PS & Out_Sp2_Pin_MASK) >> Out_Sp2_Pin_SHIFT);
  94              		.loc 1 99 0
  95 0000 024B     		ldr	r3, .L8
 100:.\Generated_Source\PSoC4/Out_Sp2_Pin.c **** }
  96              		.loc 1 100 0
  97              		@ sp needed
  99:.\Generated_Source\PSoC4/Out_Sp2_Pin.c ****     return (uint8)((Out_Sp2_Pin_PS & Out_Sp2_Pin_MASK) >> Out_Sp2_Pin_SHIFT);
  98              		.loc 1 99 0
  99 0002 1868     		ldr	r0, [r3]
 100 0004 0123     		mov	r3, #1
 101 0006 1840     		and	r0, r3
 102              		.loc 1 100 0
 103 0008 7047     		bx	lr
 104              	.L9:
 105 000a C046     		.align	2
 106              	.L8:
 107 000c 04010440 		.word	1074004228
 108              		.cfi_endproc
 109              	.LFE2:
 110              		.size	Out_Sp2_Pin_Read, .-Out_Sp2_Pin_Read
 111              		.section	.text.Out_Sp2_Pin_ReadDataReg,"ax",%progbits
 112              		.align	1
 113              		.global	Out_Sp2_Pin_ReadDataReg
 114              		.code	16
 115              		.thumb_func
 116              		.type	Out_Sp2_Pin_ReadDataReg, %function
 117              	Out_Sp2_Pin_ReadDataReg:
 118              	.LFB3:
 101:.\Generated_Source\PSoC4/Out_Sp2_Pin.c **** 
 102:.\Generated_Source\PSoC4/Out_Sp2_Pin.c **** 
 103:.\Generated_Source\PSoC4/Out_Sp2_Pin.c **** /*******************************************************************************
 104:.\Generated_Source\PSoC4/Out_Sp2_Pin.c **** * Function Name: Out_Sp2_Pin_ReadDataReg
 105:.\Generated_Source\PSoC4/Out_Sp2_Pin.c **** ********************************************************************************
ARM GAS  C:\Users\Sven\AppData\Local\Temp\cchQ7NSb.s 			page 5


 106:.\Generated_Source\PSoC4/Out_Sp2_Pin.c **** *
 107:.\Generated_Source\PSoC4/Out_Sp2_Pin.c **** * Summary:
 108:.\Generated_Source\PSoC4/Out_Sp2_Pin.c **** *  Read the current value assigned to a Digital Port's data output register
 109:.\Generated_Source\PSoC4/Out_Sp2_Pin.c **** *
 110:.\Generated_Source\PSoC4/Out_Sp2_Pin.c **** * Parameters:  
 111:.\Generated_Source\PSoC4/Out_Sp2_Pin.c **** *  None 
 112:.\Generated_Source\PSoC4/Out_Sp2_Pin.c **** *
 113:.\Generated_Source\PSoC4/Out_Sp2_Pin.c **** * Return: 
 114:.\Generated_Source\PSoC4/Out_Sp2_Pin.c **** *  Returns the current value assigned to the Digital Port's data output register
 115:.\Generated_Source\PSoC4/Out_Sp2_Pin.c **** *  
 116:.\Generated_Source\PSoC4/Out_Sp2_Pin.c **** *******************************************************************************/
 117:.\Generated_Source\PSoC4/Out_Sp2_Pin.c **** uint8 Out_Sp2_Pin_ReadDataReg(void) 
 118:.\Generated_Source\PSoC4/Out_Sp2_Pin.c **** {
 119              		.loc 1 118 0
 120              		.cfi_startproc
 119:.\Generated_Source\PSoC4/Out_Sp2_Pin.c ****     return (uint8)((Out_Sp2_Pin_DR & Out_Sp2_Pin_MASK) >> Out_Sp2_Pin_SHIFT);
 121              		.loc 1 119 0
 122 0000 024B     		ldr	r3, .L11
 120:.\Generated_Source\PSoC4/Out_Sp2_Pin.c **** }
 123              		.loc 1 120 0
 124              		@ sp needed
 119:.\Generated_Source\PSoC4/Out_Sp2_Pin.c ****     return (uint8)((Out_Sp2_Pin_DR & Out_Sp2_Pin_MASK) >> Out_Sp2_Pin_SHIFT);
 125              		.loc 1 119 0
 126 0002 1868     		ldr	r0, [r3]
 127 0004 0123     		mov	r3, #1
 128 0006 1840     		and	r0, r3
 129              		.loc 1 120 0
 130 0008 7047     		bx	lr
 131              	.L12:
 132 000a C046     		.align	2
 133              	.L11:
 134 000c 00010440 		.word	1074004224
 135              		.cfi_endproc
 136              	.LFE3:
 137              		.size	Out_Sp2_Pin_ReadDataReg, .-Out_Sp2_Pin_ReadDataReg
 138              		.section	.text.Out_Sp2_Pin_ClearInterrupt,"ax",%progbits
 139              		.align	1
 140              		.global	Out_Sp2_Pin_ClearInterrupt
 141              		.code	16
 142              		.thumb_func
 143              		.type	Out_Sp2_Pin_ClearInterrupt, %function
 144              	Out_Sp2_Pin_ClearInterrupt:
 145              	.LFB4:
 121:.\Generated_Source\PSoC4/Out_Sp2_Pin.c **** 
 122:.\Generated_Source\PSoC4/Out_Sp2_Pin.c **** 
 123:.\Generated_Source\PSoC4/Out_Sp2_Pin.c **** /* If Interrupts Are Enabled for this Pins component */ 
 124:.\Generated_Source\PSoC4/Out_Sp2_Pin.c **** #if defined(Out_Sp2_Pin_INTSTAT) 
 125:.\Generated_Source\PSoC4/Out_Sp2_Pin.c **** 
 126:.\Generated_Source\PSoC4/Out_Sp2_Pin.c ****     /*******************************************************************************
 127:.\Generated_Source\PSoC4/Out_Sp2_Pin.c ****     * Function Name: Out_Sp2_Pin_ClearInterrupt
 128:.\Generated_Source\PSoC4/Out_Sp2_Pin.c ****     ********************************************************************************
 129:.\Generated_Source\PSoC4/Out_Sp2_Pin.c ****     *
 130:.\Generated_Source\PSoC4/Out_Sp2_Pin.c ****     * Summary:
 131:.\Generated_Source\PSoC4/Out_Sp2_Pin.c ****     *  Clears any active interrupts attached to port and returns the value of the 
 132:.\Generated_Source\PSoC4/Out_Sp2_Pin.c ****     *  interrupt status register.
 133:.\Generated_Source\PSoC4/Out_Sp2_Pin.c ****     *
 134:.\Generated_Source\PSoC4/Out_Sp2_Pin.c ****     * Parameters:  
ARM GAS  C:\Users\Sven\AppData\Local\Temp\cchQ7NSb.s 			page 6


 135:.\Generated_Source\PSoC4/Out_Sp2_Pin.c ****     *  None 
 136:.\Generated_Source\PSoC4/Out_Sp2_Pin.c ****     *
 137:.\Generated_Source\PSoC4/Out_Sp2_Pin.c ****     * Return: 
 138:.\Generated_Source\PSoC4/Out_Sp2_Pin.c ****     *  Returns the value of the interrupt status register
 139:.\Generated_Source\PSoC4/Out_Sp2_Pin.c ****     *  
 140:.\Generated_Source\PSoC4/Out_Sp2_Pin.c ****     *******************************************************************************/
 141:.\Generated_Source\PSoC4/Out_Sp2_Pin.c ****     uint8 Out_Sp2_Pin_ClearInterrupt(void) 
 142:.\Generated_Source\PSoC4/Out_Sp2_Pin.c ****     {
 146              		.loc 1 142 0
 147              		.cfi_startproc
 143:.\Generated_Source\PSoC4/Out_Sp2_Pin.c **** 		uint8 maskedStatus = (uint8)(Out_Sp2_Pin_INTSTAT & Out_Sp2_Pin_MASK);
 148              		.loc 1 143 0
 149 0000 024B     		ldr	r3, .L14
 150 0002 0122     		mov	r2, #1
 151 0004 1868     		ldr	r0, [r3]
 144:.\Generated_Source\PSoC4/Out_Sp2_Pin.c **** 		Out_Sp2_Pin_INTSTAT = maskedStatus;
 145:.\Generated_Source\PSoC4/Out_Sp2_Pin.c ****         return maskedStatus >> Out_Sp2_Pin_SHIFT;
 146:.\Generated_Source\PSoC4/Out_Sp2_Pin.c ****     }
 152              		.loc 1 146 0
 153              		@ sp needed
 143:.\Generated_Source\PSoC4/Out_Sp2_Pin.c **** 		uint8 maskedStatus = (uint8)(Out_Sp2_Pin_INTSTAT & Out_Sp2_Pin_MASK);
 154              		.loc 1 143 0
 155 0006 1040     		and	r0, r2
 156              	.LVL4:
 144:.\Generated_Source\PSoC4/Out_Sp2_Pin.c **** 		Out_Sp2_Pin_INTSTAT = maskedStatus;
 157              		.loc 1 144 0
 158 0008 1860     		str	r0, [r3]
 159              		.loc 1 146 0
 160 000a 7047     		bx	lr
 161              	.L15:
 162              		.align	2
 163              	.L14:
 164 000c 10010440 		.word	1074004240
 165              		.cfi_endproc
 166              	.LFE4:
 167              		.size	Out_Sp2_Pin_ClearInterrupt, .-Out_Sp2_Pin_ClearInterrupt
 168              		.text
 169              	.Letext0:
 170              		.file 2 ".\\Generated_Source\\PSoC4\\cytypes.h"
 171              		.section	.debug_info,"",%progbits
 172              	.Ldebug_info0:
 173 0000 4D010000 		.4byte	0x14d
 174 0004 0400     		.2byte	0x4
 175 0006 00000000 		.4byte	.Ldebug_abbrev0
 176 000a 04       		.byte	0x4
 177 000b 01       		.uleb128 0x1
 178 000c 6B010000 		.4byte	.LASF24
 179 0010 01       		.byte	0x1
 180 0011 FA010000 		.4byte	.LASF25
 181 0015 06000000 		.4byte	.LASF26
 182 0019 00000000 		.4byte	.Ldebug_ranges0+0
 183 001d 00000000 		.4byte	0
 184 0021 00000000 		.4byte	.Ldebug_line0
 185 0025 02       		.uleb128 0x2
 186 0026 01       		.byte	0x1
 187 0027 06       		.byte	0x6
 188 0028 2A020000 		.4byte	.LASF0
ARM GAS  C:\Users\Sven\AppData\Local\Temp\cchQ7NSb.s 			page 7


 189 002c 02       		.uleb128 0x2
 190 002d 01       		.byte	0x1
 191 002e 08       		.byte	0x8
 192 002f C0000000 		.4byte	.LASF1
 193 0033 02       		.uleb128 0x2
 194 0034 02       		.byte	0x2
 195 0035 05       		.byte	0x5
 196 0036 61010000 		.4byte	.LASF2
 197 003a 02       		.uleb128 0x2
 198 003b 02       		.byte	0x2
 199 003c 07       		.byte	0x7
 200 003d E6000000 		.4byte	.LASF3
 201 0041 02       		.uleb128 0x2
 202 0042 04       		.byte	0x4
 203 0043 05       		.byte	0x5
 204 0044 21020000 		.4byte	.LASF4
 205 0048 02       		.uleb128 0x2
 206 0049 04       		.byte	0x4
 207 004a 07       		.byte	0x7
 208 004b D4000000 		.4byte	.LASF5
 209 004f 02       		.uleb128 0x2
 210 0050 08       		.byte	0x8
 211 0051 05       		.byte	0x5
 212 0052 41010000 		.4byte	.LASF6
 213 0056 02       		.uleb128 0x2
 214 0057 08       		.byte	0x8
 215 0058 07       		.byte	0x7
 216 0059 14010000 		.4byte	.LASF7
 217 005d 03       		.uleb128 0x3
 218 005e 04       		.byte	0x4
 219 005f 05       		.byte	0x5
 220 0060 696E7400 		.ascii	"int\000"
 221 0064 02       		.uleb128 0x2
 222 0065 04       		.byte	0x4
 223 0066 07       		.byte	0x7
 224 0067 07010000 		.4byte	.LASF8
 225 006b 04       		.uleb128 0x4
 226 006c BA000000 		.4byte	.LASF9
 227 0070 02       		.byte	0x2
 228 0071 A1       		.byte	0xa1
 229 0072 2C000000 		.4byte	0x2c
 230 0076 04       		.uleb128 0x4
 231 0077 00010000 		.4byte	.LASF10
 232 007b 02       		.byte	0x2
 233 007c A3       		.byte	0xa3
 234 007d 48000000 		.4byte	0x48
 235 0081 02       		.uleb128 0x2
 236 0082 04       		.byte	0x4
 237 0083 04       		.byte	0x4
 238 0084 B4000000 		.4byte	.LASF11
 239 0088 02       		.uleb128 0x2
 240 0089 08       		.byte	0x8
 241 008a 04       		.byte	0x4
 242 008b F9000000 		.4byte	.LASF12
 243 008f 02       		.uleb128 0x2
 244 0090 01       		.byte	0x1
 245 0091 08       		.byte	0x8
ARM GAS  C:\Users\Sven\AppData\Local\Temp\cchQ7NSb.s 			page 8


 246 0092 5C010000 		.4byte	.LASF13
 247 0096 05       		.uleb128 0x5
 248 0097 00000000 		.4byte	.LASF14
 249 009b 02       		.byte	0x2
 250 009c 4D01     		.2byte	0x14d
 251 009e A2000000 		.4byte	0xa2
 252 00a2 06       		.uleb128 0x6
 253 00a3 76000000 		.4byte	0x76
 254 00a7 07       		.uleb128 0x7
 255 00a8 A2000000 		.4byte	.LASF15
 256 00ac 01       		.byte	0x1
 257 00ad 2A       		.byte	0x2a
 258 00ae 00000000 		.4byte	.LFB0
 259 00b2 18000000 		.4byte	.LFE0-.LFB0
 260 00b6 01       		.uleb128 0x1
 261 00b7 9C       		.byte	0x9c
 262 00b8 DE000000 		.4byte	0xde
 263 00bc 08       		.uleb128 0x8
 264 00bd 81000000 		.4byte	.LASF17
 265 00c1 01       		.byte	0x1
 266 00c2 2A       		.byte	0x2a
 267 00c3 6B000000 		.4byte	0x6b
 268 00c7 01       		.uleb128 0x1
 269 00c8 50       		.byte	0x50
 270 00c9 09       		.uleb128 0x9
 271 00ca CE000000 		.4byte	.LASF22
 272 00ce 01       		.byte	0x1
 273 00cf 2C       		.byte	0x2c
 274 00d0 6B000000 		.4byte	0x6b
 275 00d4 08       		.uleb128 0x8
 276 00d5 70       		.byte	0x70
 277 00d6 00       		.sleb128 0
 278 00d7 31       		.byte	0x31
 279 00d8 1A       		.byte	0x1a
 280 00d9 71       		.byte	0x71
 281 00da 00       		.sleb128 0
 282 00db 21       		.byte	0x21
 283 00dc 9F       		.byte	0x9f
 284 00dd 00       		.byte	0
 285 00de 07       		.uleb128 0x7
 286 00df 50000000 		.4byte	.LASF16
 287 00e3 01       		.byte	0x1
 288 00e4 49       		.byte	0x49
 289 00e5 00000000 		.4byte	.LFB1
 290 00e9 14000000 		.4byte	.LFE1-.LFB1
 291 00ed 01       		.uleb128 0x1
 292 00ee 9C       		.byte	0x9c
 293 00ef 03010000 		.4byte	0x103
 294 00f3 0A       		.uleb128 0xa
 295 00f4 3C010000 		.4byte	.LASF18
 296 00f8 01       		.byte	0x1
 297 00f9 49       		.byte	0x49
 298 00fa 6B000000 		.4byte	0x6b
 299 00fe 00000000 		.4byte	.LLST0
 300 0102 00       		.byte	0
 301 0103 0B       		.uleb128 0xb
 302 0104 2B010000 		.4byte	.LASF19
ARM GAS  C:\Users\Sven\AppData\Local\Temp\cchQ7NSb.s 			page 9


 303 0108 01       		.byte	0x1
 304 0109 61       		.byte	0x61
 305 010a 6B000000 		.4byte	0x6b
 306 010e 00000000 		.4byte	.LFB2
 307 0112 10000000 		.4byte	.LFE2-.LFB2
 308 0116 01       		.uleb128 0x1
 309 0117 9C       		.byte	0x9c
 310 0118 0B       		.uleb128 0xb
 311 0119 69000000 		.4byte	.LASF20
 312 011d 01       		.byte	0x1
 313 011e 75       		.byte	0x75
 314 011f 6B000000 		.4byte	0x6b
 315 0123 00000000 		.4byte	.LFB3
 316 0127 10000000 		.4byte	.LFE3-.LFB3
 317 012b 01       		.uleb128 0x1
 318 012c 9C       		.byte	0x9c
 319 012d 0C       		.uleb128 0xc
 320 012e 87000000 		.4byte	.LASF21
 321 0132 01       		.byte	0x1
 322 0133 8D       		.byte	0x8d
 323 0134 6B000000 		.4byte	0x6b
 324 0138 00000000 		.4byte	.LFB4
 325 013c 10000000 		.4byte	.LFE4-.LFB4
 326 0140 01       		.uleb128 0x1
 327 0141 9C       		.byte	0x9c
 328 0142 09       		.uleb128 0x9
 329 0143 4F010000 		.4byte	.LASF23
 330 0147 01       		.byte	0x1
 331 0148 8F       		.byte	0x8f
 332 0149 6B000000 		.4byte	0x6b
 333 014d 01       		.uleb128 0x1
 334 014e 50       		.byte	0x50
 335 014f 00       		.byte	0
 336 0150 00       		.byte	0
 337              		.section	.debug_abbrev,"",%progbits
 338              	.Ldebug_abbrev0:
 339 0000 01       		.uleb128 0x1
 340 0001 11       		.uleb128 0x11
 341 0002 01       		.byte	0x1
 342 0003 25       		.uleb128 0x25
 343 0004 0E       		.uleb128 0xe
 344 0005 13       		.uleb128 0x13
 345 0006 0B       		.uleb128 0xb
 346 0007 03       		.uleb128 0x3
 347 0008 0E       		.uleb128 0xe
 348 0009 1B       		.uleb128 0x1b
 349 000a 0E       		.uleb128 0xe
 350 000b 55       		.uleb128 0x55
 351 000c 17       		.uleb128 0x17
 352 000d 11       		.uleb128 0x11
 353 000e 01       		.uleb128 0x1
 354 000f 10       		.uleb128 0x10
 355 0010 17       		.uleb128 0x17
 356 0011 00       		.byte	0
 357 0012 00       		.byte	0
 358 0013 02       		.uleb128 0x2
 359 0014 24       		.uleb128 0x24
ARM GAS  C:\Users\Sven\AppData\Local\Temp\cchQ7NSb.s 			page 10


 360 0015 00       		.byte	0
 361 0016 0B       		.uleb128 0xb
 362 0017 0B       		.uleb128 0xb
 363 0018 3E       		.uleb128 0x3e
 364 0019 0B       		.uleb128 0xb
 365 001a 03       		.uleb128 0x3
 366 001b 0E       		.uleb128 0xe
 367 001c 00       		.byte	0
 368 001d 00       		.byte	0
 369 001e 03       		.uleb128 0x3
 370 001f 24       		.uleb128 0x24
 371 0020 00       		.byte	0
 372 0021 0B       		.uleb128 0xb
 373 0022 0B       		.uleb128 0xb
 374 0023 3E       		.uleb128 0x3e
 375 0024 0B       		.uleb128 0xb
 376 0025 03       		.uleb128 0x3
 377 0026 08       		.uleb128 0x8
 378 0027 00       		.byte	0
 379 0028 00       		.byte	0
 380 0029 04       		.uleb128 0x4
 381 002a 16       		.uleb128 0x16
 382 002b 00       		.byte	0
 383 002c 03       		.uleb128 0x3
 384 002d 0E       		.uleb128 0xe
 385 002e 3A       		.uleb128 0x3a
 386 002f 0B       		.uleb128 0xb
 387 0030 3B       		.uleb128 0x3b
 388 0031 0B       		.uleb128 0xb
 389 0032 49       		.uleb128 0x49
 390 0033 13       		.uleb128 0x13
 391 0034 00       		.byte	0
 392 0035 00       		.byte	0
 393 0036 05       		.uleb128 0x5
 394 0037 16       		.uleb128 0x16
 395 0038 00       		.byte	0
 396 0039 03       		.uleb128 0x3
 397 003a 0E       		.uleb128 0xe
 398 003b 3A       		.uleb128 0x3a
 399 003c 0B       		.uleb128 0xb
 400 003d 3B       		.uleb128 0x3b
 401 003e 05       		.uleb128 0x5
 402 003f 49       		.uleb128 0x49
 403 0040 13       		.uleb128 0x13
 404 0041 00       		.byte	0
 405 0042 00       		.byte	0
 406 0043 06       		.uleb128 0x6
 407 0044 35       		.uleb128 0x35
 408 0045 00       		.byte	0
 409 0046 49       		.uleb128 0x49
 410 0047 13       		.uleb128 0x13
 411 0048 00       		.byte	0
 412 0049 00       		.byte	0
 413 004a 07       		.uleb128 0x7
 414 004b 2E       		.uleb128 0x2e
 415 004c 01       		.byte	0x1
 416 004d 3F       		.uleb128 0x3f
ARM GAS  C:\Users\Sven\AppData\Local\Temp\cchQ7NSb.s 			page 11


 417 004e 19       		.uleb128 0x19
 418 004f 03       		.uleb128 0x3
 419 0050 0E       		.uleb128 0xe
 420 0051 3A       		.uleb128 0x3a
 421 0052 0B       		.uleb128 0xb
 422 0053 3B       		.uleb128 0x3b
 423 0054 0B       		.uleb128 0xb
 424 0055 27       		.uleb128 0x27
 425 0056 19       		.uleb128 0x19
 426 0057 11       		.uleb128 0x11
 427 0058 01       		.uleb128 0x1
 428 0059 12       		.uleb128 0x12
 429 005a 06       		.uleb128 0x6
 430 005b 40       		.uleb128 0x40
 431 005c 18       		.uleb128 0x18
 432 005d 9742     		.uleb128 0x2117
 433 005f 19       		.uleb128 0x19
 434 0060 01       		.uleb128 0x1
 435 0061 13       		.uleb128 0x13
 436 0062 00       		.byte	0
 437 0063 00       		.byte	0
 438 0064 08       		.uleb128 0x8
 439 0065 05       		.uleb128 0x5
 440 0066 00       		.byte	0
 441 0067 03       		.uleb128 0x3
 442 0068 0E       		.uleb128 0xe
 443 0069 3A       		.uleb128 0x3a
 444 006a 0B       		.uleb128 0xb
 445 006b 3B       		.uleb128 0x3b
 446 006c 0B       		.uleb128 0xb
 447 006d 49       		.uleb128 0x49
 448 006e 13       		.uleb128 0x13
 449 006f 02       		.uleb128 0x2
 450 0070 18       		.uleb128 0x18
 451 0071 00       		.byte	0
 452 0072 00       		.byte	0
 453 0073 09       		.uleb128 0x9
 454 0074 34       		.uleb128 0x34
 455 0075 00       		.byte	0
 456 0076 03       		.uleb128 0x3
 457 0077 0E       		.uleb128 0xe
 458 0078 3A       		.uleb128 0x3a
 459 0079 0B       		.uleb128 0xb
 460 007a 3B       		.uleb128 0x3b
 461 007b 0B       		.uleb128 0xb
 462 007c 49       		.uleb128 0x49
 463 007d 13       		.uleb128 0x13
 464 007e 02       		.uleb128 0x2
 465 007f 18       		.uleb128 0x18
 466 0080 00       		.byte	0
 467 0081 00       		.byte	0
 468 0082 0A       		.uleb128 0xa
 469 0083 05       		.uleb128 0x5
 470 0084 00       		.byte	0
 471 0085 03       		.uleb128 0x3
 472 0086 0E       		.uleb128 0xe
 473 0087 3A       		.uleb128 0x3a
ARM GAS  C:\Users\Sven\AppData\Local\Temp\cchQ7NSb.s 			page 12


 474 0088 0B       		.uleb128 0xb
 475 0089 3B       		.uleb128 0x3b
 476 008a 0B       		.uleb128 0xb
 477 008b 49       		.uleb128 0x49
 478 008c 13       		.uleb128 0x13
 479 008d 02       		.uleb128 0x2
 480 008e 17       		.uleb128 0x17
 481 008f 00       		.byte	0
 482 0090 00       		.byte	0
 483 0091 0B       		.uleb128 0xb
 484 0092 2E       		.uleb128 0x2e
 485 0093 00       		.byte	0
 486 0094 3F       		.uleb128 0x3f
 487 0095 19       		.uleb128 0x19
 488 0096 03       		.uleb128 0x3
 489 0097 0E       		.uleb128 0xe
 490 0098 3A       		.uleb128 0x3a
 491 0099 0B       		.uleb128 0xb
 492 009a 3B       		.uleb128 0x3b
 493 009b 0B       		.uleb128 0xb
 494 009c 27       		.uleb128 0x27
 495 009d 19       		.uleb128 0x19
 496 009e 49       		.uleb128 0x49
 497 009f 13       		.uleb128 0x13
 498 00a0 11       		.uleb128 0x11
 499 00a1 01       		.uleb128 0x1
 500 00a2 12       		.uleb128 0x12
 501 00a3 06       		.uleb128 0x6
 502 00a4 40       		.uleb128 0x40
 503 00a5 18       		.uleb128 0x18
 504 00a6 9742     		.uleb128 0x2117
 505 00a8 19       		.uleb128 0x19
 506 00a9 00       		.byte	0
 507 00aa 00       		.byte	0
 508 00ab 0C       		.uleb128 0xc
 509 00ac 2E       		.uleb128 0x2e
 510 00ad 01       		.byte	0x1
 511 00ae 3F       		.uleb128 0x3f
 512 00af 19       		.uleb128 0x19
 513 00b0 03       		.uleb128 0x3
 514 00b1 0E       		.uleb128 0xe
 515 00b2 3A       		.uleb128 0x3a
 516 00b3 0B       		.uleb128 0xb
 517 00b4 3B       		.uleb128 0x3b
 518 00b5 0B       		.uleb128 0xb
 519 00b6 27       		.uleb128 0x27
 520 00b7 19       		.uleb128 0x19
 521 00b8 49       		.uleb128 0x49
 522 00b9 13       		.uleb128 0x13
 523 00ba 11       		.uleb128 0x11
 524 00bb 01       		.uleb128 0x1
 525 00bc 12       		.uleb128 0x12
 526 00bd 06       		.uleb128 0x6
 527 00be 40       		.uleb128 0x40
 528 00bf 18       		.uleb128 0x18
 529 00c0 9742     		.uleb128 0x2117
 530 00c2 19       		.uleb128 0x19
ARM GAS  C:\Users\Sven\AppData\Local\Temp\cchQ7NSb.s 			page 13


 531 00c3 00       		.byte	0
 532 00c4 00       		.byte	0
 533 00c5 00       		.byte	0
 534              		.section	.debug_loc,"",%progbits
 535              	.Ldebug_loc0:
 536              	.LLST0:
 537 0000 00000000 		.4byte	.LVL2
 538 0004 0A000000 		.4byte	.LVL3
 539 0008 0100     		.2byte	0x1
 540 000a 50       		.byte	0x50
 541 000b 0A000000 		.4byte	.LVL3
 542 000f 14000000 		.4byte	.LFE1
 543 0013 0400     		.2byte	0x4
 544 0015 F3       		.byte	0xf3
 545 0016 01       		.uleb128 0x1
 546 0017 50       		.byte	0x50
 547 0018 9F       		.byte	0x9f
 548 0019 00000000 		.4byte	0
 549 001d 00000000 		.4byte	0
 550              		.section	.debug_aranges,"",%progbits
 551 0000 3C000000 		.4byte	0x3c
 552 0004 0200     		.2byte	0x2
 553 0006 00000000 		.4byte	.Ldebug_info0
 554 000a 04       		.byte	0x4
 555 000b 00       		.byte	0
 556 000c 0000     		.2byte	0
 557 000e 0000     		.2byte	0
 558 0010 00000000 		.4byte	.LFB0
 559 0014 18000000 		.4byte	.LFE0-.LFB0
 560 0018 00000000 		.4byte	.LFB1
 561 001c 14000000 		.4byte	.LFE1-.LFB1
 562 0020 00000000 		.4byte	.LFB2
 563 0024 10000000 		.4byte	.LFE2-.LFB2
 564 0028 00000000 		.4byte	.LFB3
 565 002c 10000000 		.4byte	.LFE3-.LFB3
 566 0030 00000000 		.4byte	.LFB4
 567 0034 10000000 		.4byte	.LFE4-.LFB4
 568 0038 00000000 		.4byte	0
 569 003c 00000000 		.4byte	0
 570              		.section	.debug_ranges,"",%progbits
 571              	.Ldebug_ranges0:
 572 0000 00000000 		.4byte	.LFB0
 573 0004 18000000 		.4byte	.LFE0
 574 0008 00000000 		.4byte	.LFB1
 575 000c 14000000 		.4byte	.LFE1
 576 0010 00000000 		.4byte	.LFB2
 577 0014 10000000 		.4byte	.LFE2
 578 0018 00000000 		.4byte	.LFB3
 579 001c 10000000 		.4byte	.LFE3
 580 0020 00000000 		.4byte	.LFB4
 581 0024 10000000 		.4byte	.LFE4
 582 0028 00000000 		.4byte	0
 583 002c 00000000 		.4byte	0
 584              		.section	.debug_line,"",%progbits
 585              	.Ldebug_line0:
 586 0000 B6000000 		.section	.debug_str,"MS",%progbits,1
 586      02004A00 
ARM GAS  C:\Users\Sven\AppData\Local\Temp\cchQ7NSb.s 			page 14


 586      00000201 
 586      FB0E0D00 
 586      01010101 
 587              	.LASF14:
 588 0000 72656733 		.ascii	"reg32\000"
 588      3200
 589              	.LASF26:
 590 0006 453A5C44 		.ascii	"E:\\Dokumente\\GitHub\\T-50_Project\\Software\\T-50"
 590      6F6B756D 
 590      656E7465 
 590      5C476974 
 590      4875625C 
 591 0034 5F50726F 		.ascii	"_Project\\T-50_Project.cydsn\000"
 591      6A656374 
 591      5C542D35 
 591      305F5072 
 591      6F6A6563 
 592              	.LASF16:
 593 0050 4F75745F 		.ascii	"Out_Sp2_Pin_SetDriveMode\000"
 593      5370325F 
 593      50696E5F 
 593      53657444 
 593      72697665 
 594              	.LASF20:
 595 0069 4F75745F 		.ascii	"Out_Sp2_Pin_ReadDataReg\000"
 595      5370325F 
 595      50696E5F 
 595      52656164 
 595      44617461 
 596              	.LASF17:
 597 0081 76616C75 		.ascii	"value\000"
 597      6500
 598              	.LASF21:
 599 0087 4F75745F 		.ascii	"Out_Sp2_Pin_ClearInterrupt\000"
 599      5370325F 
 599      50696E5F 
 599      436C6561 
 599      72496E74 
 600              	.LASF15:
 601 00a2 4F75745F 		.ascii	"Out_Sp2_Pin_Write\000"
 601      5370325F 
 601      50696E5F 
 601      57726974 
 601      6500
 602              	.LASF11:
 603 00b4 666C6F61 		.ascii	"float\000"
 603      7400
 604              	.LASF9:
 605 00ba 75696E74 		.ascii	"uint8\000"
 605      3800
 606              	.LASF1:
 607 00c0 756E7369 		.ascii	"unsigned char\000"
 607      676E6564 
 607      20636861 
 607      7200
 608              	.LASF22:
 609 00ce 64725661 		.ascii	"drVal\000"
ARM GAS  C:\Users\Sven\AppData\Local\Temp\cchQ7NSb.s 			page 15


 609      6C00
 610              	.LASF5:
 611 00d4 6C6F6E67 		.ascii	"long unsigned int\000"
 611      20756E73 
 611      69676E65 
 611      6420696E 
 611      7400
 612              	.LASF3:
 613 00e6 73686F72 		.ascii	"short unsigned int\000"
 613      7420756E 
 613      7369676E 
 613      65642069 
 613      6E7400
 614              	.LASF12:
 615 00f9 646F7562 		.ascii	"double\000"
 615      6C6500
 616              	.LASF10:
 617 0100 75696E74 		.ascii	"uint32\000"
 617      333200
 618              	.LASF8:
 619 0107 756E7369 		.ascii	"unsigned int\000"
 619      676E6564 
 619      20696E74 
 619      00
 620              	.LASF7:
 621 0114 6C6F6E67 		.ascii	"long long unsigned int\000"
 621      206C6F6E 
 621      6720756E 
 621      7369676E 
 621      65642069 
 622              	.LASF19:
 623 012b 4F75745F 		.ascii	"Out_Sp2_Pin_Read\000"
 623      5370325F 
 623      50696E5F 
 623      52656164 
 623      00
 624              	.LASF18:
 625 013c 6D6F6465 		.ascii	"mode\000"
 625      00
 626              	.LASF6:
 627 0141 6C6F6E67 		.ascii	"long long int\000"
 627      206C6F6E 
 627      6720696E 
 627      7400
 628              	.LASF23:
 629 014f 6D61736B 		.ascii	"maskedStatus\000"
 629      65645374 
 629      61747573 
 629      00
 630              	.LASF13:
 631 015c 63686172 		.ascii	"char\000"
 631      00
 632              	.LASF2:
 633 0161 73686F72 		.ascii	"short int\000"
 633      7420696E 
 633      7400
 634              	.LASF24:
ARM GAS  C:\Users\Sven\AppData\Local\Temp\cchQ7NSb.s 			page 16


 635 016b 474E5520 		.ascii	"GNU C 4.8.4 20140526 (release) [ARM/embedded-4_8-br"
 635      4320342E 
 635      382E3420 
 635      32303134 
 635      30353236 
 636 019e 616E6368 		.ascii	"anch revision 211358] -mcpu=cortex-m0 -mthumb -g -O"
 636      20726576 
 636      6973696F 
 636      6E203231 
 636      31333538 
 637 01d1 73202D66 		.ascii	"s -ffunction-sections -finline-functions\000"
 637      66756E63 
 637      74696F6E 
 637      2D736563 
 637      74696F6E 
 638              	.LASF25:
 639 01fa 2E5C4765 		.ascii	".\\Generated_Source\\PSoC4\\Out_Sp2_Pin.c\000"
 639      6E657261 
 639      7465645F 
 639      536F7572 
 639      63655C50 
 640              	.LASF4:
 641 0221 6C6F6E67 		.ascii	"long int\000"
 641      20696E74 
 641      00
 642              	.LASF0:
 643 022a 7369676E 		.ascii	"signed char\000"
 643      65642063 
 643      68617200 
 644              		.ident	"GCC: (GNU Tools for ARM Embedded Processors) 4.8.4 20140526 (release) [ARM/embedded-4_8-br
