ARM GAS  C:\Users\SNFU\AppData\Local\Temp\ccEzMOdZ.s 			page 1


   1              		.cpu cortex-m0
   2              		.fpu softvfp
   3              		.eabi_attribute 20, 1
   4              		.eabi_attribute 21, 1
   5              		.eabi_attribute 23, 3
   6              		.eabi_attribute 24, 1
   7              		.eabi_attribute 25, 1
   8              		.eabi_attribute 26, 1
   9              		.eabi_attribute 30, 4
  10              		.eabi_attribute 34, 0
  11              		.eabi_attribute 18, 4
  12              		.code	16
  13              		.file	"Out_Ge1_Pin.c"
  14              		.text
  15              	.Ltext0:
  16              		.cfi_sections	.debug_frame
  17              		.section	.text.Out_Ge1_Pin_Write,"ax",%progbits
  18              		.align	1
  19              		.global	Out_Ge1_Pin_Write
  20              		.code	16
  21              		.thumb_func
  22              		.type	Out_Ge1_Pin_Write, %function
  23              	Out_Ge1_Pin_Write:
  24              	.LFB0:
  25              		.file 1 ".\\Generated_Source\\PSoC4\\Out_Ge1_Pin.c"
   1:.\Generated_Source\PSoC4/Out_Ge1_Pin.c **** /*******************************************************************************
   2:.\Generated_Source\PSoC4/Out_Ge1_Pin.c **** * File Name: Out_Ge1_Pin.c  
   3:.\Generated_Source\PSoC4/Out_Ge1_Pin.c **** * Version 2.10
   4:.\Generated_Source\PSoC4/Out_Ge1_Pin.c **** *
   5:.\Generated_Source\PSoC4/Out_Ge1_Pin.c **** * Description:
   6:.\Generated_Source\PSoC4/Out_Ge1_Pin.c **** *  This file contains API to enable firmware control of a Pins component.
   7:.\Generated_Source\PSoC4/Out_Ge1_Pin.c **** *
   8:.\Generated_Source\PSoC4/Out_Ge1_Pin.c **** * Note:
   9:.\Generated_Source\PSoC4/Out_Ge1_Pin.c **** *
  10:.\Generated_Source\PSoC4/Out_Ge1_Pin.c **** ********************************************************************************
  11:.\Generated_Source\PSoC4/Out_Ge1_Pin.c **** * Copyright 2008-2014, Cypress Semiconductor Corporation.  All rights reserved.
  12:.\Generated_Source\PSoC4/Out_Ge1_Pin.c **** * You may use this file only in accordance with the license, terms, conditions, 
  13:.\Generated_Source\PSoC4/Out_Ge1_Pin.c **** * disclaimers, and limitations in the end user license agreement accompanying 
  14:.\Generated_Source\PSoC4/Out_Ge1_Pin.c **** * the software package with which this file was provided.
  15:.\Generated_Source\PSoC4/Out_Ge1_Pin.c **** *******************************************************************************/
  16:.\Generated_Source\PSoC4/Out_Ge1_Pin.c **** 
  17:.\Generated_Source\PSoC4/Out_Ge1_Pin.c **** #include "cytypes.h"
  18:.\Generated_Source\PSoC4/Out_Ge1_Pin.c **** #include "Out_Ge1_Pin.h"
  19:.\Generated_Source\PSoC4/Out_Ge1_Pin.c **** 
  20:.\Generated_Source\PSoC4/Out_Ge1_Pin.c **** #define SetP4PinDriveMode(shift, mode)  \
  21:.\Generated_Source\PSoC4/Out_Ge1_Pin.c ****     do { \
  22:.\Generated_Source\PSoC4/Out_Ge1_Pin.c ****         Out_Ge1_Pin_PC =   (Out_Ge1_Pin_PC & \
  23:.\Generated_Source\PSoC4/Out_Ge1_Pin.c ****                                 (uint32)(~(uint32)(Out_Ge1_Pin_DRIVE_MODE_IND_MASK << (Out_Ge1_Pin_
  24:.\Generated_Source\PSoC4/Out_Ge1_Pin.c ****                                 (uint32)((uint32)(mode) << (Out_Ge1_Pin_DRIVE_MODE_BITS * (shift)))
  25:.\Generated_Source\PSoC4/Out_Ge1_Pin.c ****     } while (0)
  26:.\Generated_Source\PSoC4/Out_Ge1_Pin.c **** 
  27:.\Generated_Source\PSoC4/Out_Ge1_Pin.c **** 
  28:.\Generated_Source\PSoC4/Out_Ge1_Pin.c **** /*******************************************************************************
  29:.\Generated_Source\PSoC4/Out_Ge1_Pin.c **** * Function Name: Out_Ge1_Pin_Write
  30:.\Generated_Source\PSoC4/Out_Ge1_Pin.c **** ********************************************************************************
  31:.\Generated_Source\PSoC4/Out_Ge1_Pin.c **** *
  32:.\Generated_Source\PSoC4/Out_Ge1_Pin.c **** * Summary:
ARM GAS  C:\Users\SNFU\AppData\Local\Temp\ccEzMOdZ.s 			page 2


  33:.\Generated_Source\PSoC4/Out_Ge1_Pin.c **** *  Assign a new value to the digital port's data output register.  
  34:.\Generated_Source\PSoC4/Out_Ge1_Pin.c **** *
  35:.\Generated_Source\PSoC4/Out_Ge1_Pin.c **** * Parameters:  
  36:.\Generated_Source\PSoC4/Out_Ge1_Pin.c **** *  prtValue:  The value to be assigned to the Digital Port. 
  37:.\Generated_Source\PSoC4/Out_Ge1_Pin.c **** *
  38:.\Generated_Source\PSoC4/Out_Ge1_Pin.c **** * Return: 
  39:.\Generated_Source\PSoC4/Out_Ge1_Pin.c **** *  None 
  40:.\Generated_Source\PSoC4/Out_Ge1_Pin.c **** *  
  41:.\Generated_Source\PSoC4/Out_Ge1_Pin.c **** *******************************************************************************/
  42:.\Generated_Source\PSoC4/Out_Ge1_Pin.c **** void Out_Ge1_Pin_Write(uint8 value) 
  43:.\Generated_Source\PSoC4/Out_Ge1_Pin.c **** {
  26              		.loc 1 43 0
  27              		.cfi_startproc
  28              	.LVL0:
  44:.\Generated_Source\PSoC4/Out_Ge1_Pin.c ****     uint8 drVal = (uint8)(Out_Ge1_Pin_DR & (uint8)(~Out_Ge1_Pin_MASK));
  29              		.loc 1 44 0
  30 0000 044B     		ldr	r3, .L2
  31 0002 2022     		mov	r2, #32
  32 0004 1968     		ldr	r1, [r3]
  45:.\Generated_Source\PSoC4/Out_Ge1_Pin.c ****     drVal = (drVal | ((uint8)(value << Out_Ge1_Pin_SHIFT) & Out_Ge1_Pin_MASK));
  33              		.loc 1 45 0
  34 0006 4001     		lsl	r0, r0, #5
  35              	.LVL1:
  44:.\Generated_Source\PSoC4/Out_Ge1_Pin.c ****     uint8 drVal = (uint8)(Out_Ge1_Pin_DR & (uint8)(~Out_Ge1_Pin_MASK));
  36              		.loc 1 44 0
  37 0008 9143     		bic	r1, r2
  38 000a C9B2     		uxtb	r1, r1
  39              		.loc 1 45 0
  40 000c 0240     		and	r2, r0
  46:.\Generated_Source\PSoC4/Out_Ge1_Pin.c ****     Out_Ge1_Pin_DR = (uint32)drVal;
  41              		.loc 1 46 0
  42 000e 0A43     		orr	r2, r1
  43 0010 1A60     		str	r2, [r3]
  47:.\Generated_Source\PSoC4/Out_Ge1_Pin.c **** }
  44              		.loc 1 47 0
  45              		@ sp needed
  46 0012 7047     		bx	lr
  47              	.L3:
  48              		.align	2
  49              	.L2:
  50 0014 00030440 		.word	1074004736
  51              		.cfi_endproc
  52              	.LFE0:
  53              		.size	Out_Ge1_Pin_Write, .-Out_Ge1_Pin_Write
  54              		.section	.text.Out_Ge1_Pin_SetDriveMode,"ax",%progbits
  55              		.align	1
  56              		.global	Out_Ge1_Pin_SetDriveMode
  57              		.code	16
  58              		.thumb_func
  59              		.type	Out_Ge1_Pin_SetDriveMode, %function
  60              	Out_Ge1_Pin_SetDriveMode:
  61              	.LFB1:
  48:.\Generated_Source\PSoC4/Out_Ge1_Pin.c **** 
  49:.\Generated_Source\PSoC4/Out_Ge1_Pin.c **** 
  50:.\Generated_Source\PSoC4/Out_Ge1_Pin.c **** /*******************************************************************************
  51:.\Generated_Source\PSoC4/Out_Ge1_Pin.c **** * Function Name: Out_Ge1_Pin_SetDriveMode
  52:.\Generated_Source\PSoC4/Out_Ge1_Pin.c **** ********************************************************************************
ARM GAS  C:\Users\SNFU\AppData\Local\Temp\ccEzMOdZ.s 			page 3


  53:.\Generated_Source\PSoC4/Out_Ge1_Pin.c **** *
  54:.\Generated_Source\PSoC4/Out_Ge1_Pin.c **** * Summary:
  55:.\Generated_Source\PSoC4/Out_Ge1_Pin.c **** *  Change the drive mode on the pins of the port.
  56:.\Generated_Source\PSoC4/Out_Ge1_Pin.c **** * 
  57:.\Generated_Source\PSoC4/Out_Ge1_Pin.c **** * Parameters:  
  58:.\Generated_Source\PSoC4/Out_Ge1_Pin.c **** *  mode:  Change the pins to one of the following drive modes.
  59:.\Generated_Source\PSoC4/Out_Ge1_Pin.c **** *
  60:.\Generated_Source\PSoC4/Out_Ge1_Pin.c **** *  Out_Ge1_Pin_DM_STRONG     Strong Drive 
  61:.\Generated_Source\PSoC4/Out_Ge1_Pin.c **** *  Out_Ge1_Pin_DM_OD_HI      Open Drain, Drives High 
  62:.\Generated_Source\PSoC4/Out_Ge1_Pin.c **** *  Out_Ge1_Pin_DM_OD_LO      Open Drain, Drives Low 
  63:.\Generated_Source\PSoC4/Out_Ge1_Pin.c **** *  Out_Ge1_Pin_DM_RES_UP     Resistive Pull Up 
  64:.\Generated_Source\PSoC4/Out_Ge1_Pin.c **** *  Out_Ge1_Pin_DM_RES_DWN    Resistive Pull Down 
  65:.\Generated_Source\PSoC4/Out_Ge1_Pin.c **** *  Out_Ge1_Pin_DM_RES_UPDWN  Resistive Pull Up/Down 
  66:.\Generated_Source\PSoC4/Out_Ge1_Pin.c **** *  Out_Ge1_Pin_DM_DIG_HIZ    High Impedance Digital 
  67:.\Generated_Source\PSoC4/Out_Ge1_Pin.c **** *  Out_Ge1_Pin_DM_ALG_HIZ    High Impedance Analog 
  68:.\Generated_Source\PSoC4/Out_Ge1_Pin.c **** *
  69:.\Generated_Source\PSoC4/Out_Ge1_Pin.c **** * Return: 
  70:.\Generated_Source\PSoC4/Out_Ge1_Pin.c **** *  None
  71:.\Generated_Source\PSoC4/Out_Ge1_Pin.c **** *
  72:.\Generated_Source\PSoC4/Out_Ge1_Pin.c **** *******************************************************************************/
  73:.\Generated_Source\PSoC4/Out_Ge1_Pin.c **** void Out_Ge1_Pin_SetDriveMode(uint8 mode) 
  74:.\Generated_Source\PSoC4/Out_Ge1_Pin.c **** {
  62              		.loc 1 74 0
  63              		.cfi_startproc
  64              	.LVL2:
  75:.\Generated_Source\PSoC4/Out_Ge1_Pin.c **** 	SetP4PinDriveMode(Out_Ge1_Pin__0__SHIFT, mode);
  65              		.loc 1 75 0
  66 0000 044B     		ldr	r3, .L5
  74:.\Generated_Source\PSoC4/Out_Ge1_Pin.c **** {
  67              		.loc 1 74 0
  68 0002 10B5     		push	{r4, lr}
  69              		.cfi_def_cfa_offset 8
  70              		.cfi_offset 4, -8
  71              		.cfi_offset 14, -4
  72              		.loc 1 75 0
  73 0004 1C68     		ldr	r4, [r3]
  74 0006 0449     		ldr	r1, .L5+4
  75 0008 C203     		lsl	r2, r0, #15
  76 000a 201C     		mov	r0, r4
  77              	.LVL3:
  78 000c 0840     		and	r0, r1
  79 000e 1043     		orr	r0, r2
  80 0010 1860     		str	r0, [r3]
  76:.\Generated_Source\PSoC4/Out_Ge1_Pin.c **** }
  81              		.loc 1 76 0
  82              		@ sp needed
  83 0012 10BD     		pop	{r4, pc}
  84              	.L6:
  85              		.align	2
  86              	.L5:
  87 0014 08030440 		.word	1074004744
  88 0018 FF7FFCFF 		.word	-229377
  89              		.cfi_endproc
  90              	.LFE1:
  91              		.size	Out_Ge1_Pin_SetDriveMode, .-Out_Ge1_Pin_SetDriveMode
  92              		.section	.text.Out_Ge1_Pin_Read,"ax",%progbits
  93              		.align	1
ARM GAS  C:\Users\SNFU\AppData\Local\Temp\ccEzMOdZ.s 			page 4


  94              		.global	Out_Ge1_Pin_Read
  95              		.code	16
  96              		.thumb_func
  97              		.type	Out_Ge1_Pin_Read, %function
  98              	Out_Ge1_Pin_Read:
  99              	.LFB2:
  77:.\Generated_Source\PSoC4/Out_Ge1_Pin.c **** 
  78:.\Generated_Source\PSoC4/Out_Ge1_Pin.c **** 
  79:.\Generated_Source\PSoC4/Out_Ge1_Pin.c **** /*******************************************************************************
  80:.\Generated_Source\PSoC4/Out_Ge1_Pin.c **** * Function Name: Out_Ge1_Pin_Read
  81:.\Generated_Source\PSoC4/Out_Ge1_Pin.c **** ********************************************************************************
  82:.\Generated_Source\PSoC4/Out_Ge1_Pin.c **** *
  83:.\Generated_Source\PSoC4/Out_Ge1_Pin.c **** * Summary:
  84:.\Generated_Source\PSoC4/Out_Ge1_Pin.c **** *  Read the current value on the pins of the Digital Port in right justified 
  85:.\Generated_Source\PSoC4/Out_Ge1_Pin.c **** *  form.
  86:.\Generated_Source\PSoC4/Out_Ge1_Pin.c **** *
  87:.\Generated_Source\PSoC4/Out_Ge1_Pin.c **** * Parameters:  
  88:.\Generated_Source\PSoC4/Out_Ge1_Pin.c **** *  None 
  89:.\Generated_Source\PSoC4/Out_Ge1_Pin.c **** *
  90:.\Generated_Source\PSoC4/Out_Ge1_Pin.c **** * Return: 
  91:.\Generated_Source\PSoC4/Out_Ge1_Pin.c **** *  Returns the current value of the Digital Port as a right justified number
  92:.\Generated_Source\PSoC4/Out_Ge1_Pin.c **** *  
  93:.\Generated_Source\PSoC4/Out_Ge1_Pin.c **** * Note:
  94:.\Generated_Source\PSoC4/Out_Ge1_Pin.c **** *  Macro Out_Ge1_Pin_ReadPS calls this function. 
  95:.\Generated_Source\PSoC4/Out_Ge1_Pin.c **** *  
  96:.\Generated_Source\PSoC4/Out_Ge1_Pin.c **** *******************************************************************************/
  97:.\Generated_Source\PSoC4/Out_Ge1_Pin.c **** uint8 Out_Ge1_Pin_Read(void) 
  98:.\Generated_Source\PSoC4/Out_Ge1_Pin.c **** {
 100              		.loc 1 98 0
 101              		.cfi_startproc
  99:.\Generated_Source\PSoC4/Out_Ge1_Pin.c ****     return (uint8)((Out_Ge1_Pin_PS & Out_Ge1_Pin_MASK) >> Out_Ge1_Pin_SHIFT);
 102              		.loc 1 99 0
 103 0000 024B     		ldr	r3, .L8
 100:.\Generated_Source\PSoC4/Out_Ge1_Pin.c **** }
 104              		.loc 1 100 0
 105              		@ sp needed
  99:.\Generated_Source\PSoC4/Out_Ge1_Pin.c ****     return (uint8)((Out_Ge1_Pin_PS & Out_Ge1_Pin_MASK) >> Out_Ge1_Pin_SHIFT);
 106              		.loc 1 99 0
 107 0002 1868     		ldr	r0, [r3]
 108 0004 8006     		lsl	r0, r0, #26
 109 0006 C00F     		lsr	r0, r0, #31
 110              		.loc 1 100 0
 111 0008 7047     		bx	lr
 112              	.L9:
 113 000a C046     		.align	2
 114              	.L8:
 115 000c 04030440 		.word	1074004740
 116              		.cfi_endproc
 117              	.LFE2:
 118              		.size	Out_Ge1_Pin_Read, .-Out_Ge1_Pin_Read
 119              		.section	.text.Out_Ge1_Pin_ReadDataReg,"ax",%progbits
 120              		.align	1
 121              		.global	Out_Ge1_Pin_ReadDataReg
 122              		.code	16
 123              		.thumb_func
 124              		.type	Out_Ge1_Pin_ReadDataReg, %function
 125              	Out_Ge1_Pin_ReadDataReg:
ARM GAS  C:\Users\SNFU\AppData\Local\Temp\ccEzMOdZ.s 			page 5


 126              	.LFB3:
 101:.\Generated_Source\PSoC4/Out_Ge1_Pin.c **** 
 102:.\Generated_Source\PSoC4/Out_Ge1_Pin.c **** 
 103:.\Generated_Source\PSoC4/Out_Ge1_Pin.c **** /*******************************************************************************
 104:.\Generated_Source\PSoC4/Out_Ge1_Pin.c **** * Function Name: Out_Ge1_Pin_ReadDataReg
 105:.\Generated_Source\PSoC4/Out_Ge1_Pin.c **** ********************************************************************************
 106:.\Generated_Source\PSoC4/Out_Ge1_Pin.c **** *
 107:.\Generated_Source\PSoC4/Out_Ge1_Pin.c **** * Summary:
 108:.\Generated_Source\PSoC4/Out_Ge1_Pin.c **** *  Read the current value assigned to a Digital Port's data output register
 109:.\Generated_Source\PSoC4/Out_Ge1_Pin.c **** *
 110:.\Generated_Source\PSoC4/Out_Ge1_Pin.c **** * Parameters:  
 111:.\Generated_Source\PSoC4/Out_Ge1_Pin.c **** *  None 
 112:.\Generated_Source\PSoC4/Out_Ge1_Pin.c **** *
 113:.\Generated_Source\PSoC4/Out_Ge1_Pin.c **** * Return: 
 114:.\Generated_Source\PSoC4/Out_Ge1_Pin.c **** *  Returns the current value assigned to the Digital Port's data output register
 115:.\Generated_Source\PSoC4/Out_Ge1_Pin.c **** *  
 116:.\Generated_Source\PSoC4/Out_Ge1_Pin.c **** *******************************************************************************/
 117:.\Generated_Source\PSoC4/Out_Ge1_Pin.c **** uint8 Out_Ge1_Pin_ReadDataReg(void) 
 118:.\Generated_Source\PSoC4/Out_Ge1_Pin.c **** {
 127              		.loc 1 118 0
 128              		.cfi_startproc
 119:.\Generated_Source\PSoC4/Out_Ge1_Pin.c ****     return (uint8)((Out_Ge1_Pin_DR & Out_Ge1_Pin_MASK) >> Out_Ge1_Pin_SHIFT);
 129              		.loc 1 119 0
 130 0000 024B     		ldr	r3, .L11
 120:.\Generated_Source\PSoC4/Out_Ge1_Pin.c **** }
 131              		.loc 1 120 0
 132              		@ sp needed
 119:.\Generated_Source\PSoC4/Out_Ge1_Pin.c ****     return (uint8)((Out_Ge1_Pin_DR & Out_Ge1_Pin_MASK) >> Out_Ge1_Pin_SHIFT);
 133              		.loc 1 119 0
 134 0002 1868     		ldr	r0, [r3]
 135 0004 8006     		lsl	r0, r0, #26
 136 0006 C00F     		lsr	r0, r0, #31
 137              		.loc 1 120 0
 138 0008 7047     		bx	lr
 139              	.L12:
 140 000a C046     		.align	2
 141              	.L11:
 142 000c 00030440 		.word	1074004736
 143              		.cfi_endproc
 144              	.LFE3:
 145              		.size	Out_Ge1_Pin_ReadDataReg, .-Out_Ge1_Pin_ReadDataReg
 146              		.section	.text.Out_Ge1_Pin_ClearInterrupt,"ax",%progbits
 147              		.align	1
 148              		.global	Out_Ge1_Pin_ClearInterrupt
 149              		.code	16
 150              		.thumb_func
 151              		.type	Out_Ge1_Pin_ClearInterrupt, %function
 152              	Out_Ge1_Pin_ClearInterrupt:
 153              	.LFB4:
 121:.\Generated_Source\PSoC4/Out_Ge1_Pin.c **** 
 122:.\Generated_Source\PSoC4/Out_Ge1_Pin.c **** 
 123:.\Generated_Source\PSoC4/Out_Ge1_Pin.c **** /* If Interrupts Are Enabled for this Pins component */ 
 124:.\Generated_Source\PSoC4/Out_Ge1_Pin.c **** #if defined(Out_Ge1_Pin_INTSTAT) 
 125:.\Generated_Source\PSoC4/Out_Ge1_Pin.c **** 
 126:.\Generated_Source\PSoC4/Out_Ge1_Pin.c ****     /*******************************************************************************
 127:.\Generated_Source\PSoC4/Out_Ge1_Pin.c ****     * Function Name: Out_Ge1_Pin_ClearInterrupt
 128:.\Generated_Source\PSoC4/Out_Ge1_Pin.c ****     ********************************************************************************
ARM GAS  C:\Users\SNFU\AppData\Local\Temp\ccEzMOdZ.s 			page 6


 129:.\Generated_Source\PSoC4/Out_Ge1_Pin.c ****     *
 130:.\Generated_Source\PSoC4/Out_Ge1_Pin.c ****     * Summary:
 131:.\Generated_Source\PSoC4/Out_Ge1_Pin.c ****     *  Clears any active interrupts attached to port and returns the value of the 
 132:.\Generated_Source\PSoC4/Out_Ge1_Pin.c ****     *  interrupt status register.
 133:.\Generated_Source\PSoC4/Out_Ge1_Pin.c ****     *
 134:.\Generated_Source\PSoC4/Out_Ge1_Pin.c ****     * Parameters:  
 135:.\Generated_Source\PSoC4/Out_Ge1_Pin.c ****     *  None 
 136:.\Generated_Source\PSoC4/Out_Ge1_Pin.c ****     *
 137:.\Generated_Source\PSoC4/Out_Ge1_Pin.c ****     * Return: 
 138:.\Generated_Source\PSoC4/Out_Ge1_Pin.c ****     *  Returns the value of the interrupt status register
 139:.\Generated_Source\PSoC4/Out_Ge1_Pin.c ****     *  
 140:.\Generated_Source\PSoC4/Out_Ge1_Pin.c ****     *******************************************************************************/
 141:.\Generated_Source\PSoC4/Out_Ge1_Pin.c ****     uint8 Out_Ge1_Pin_ClearInterrupt(void) 
 142:.\Generated_Source\PSoC4/Out_Ge1_Pin.c ****     {
 154              		.loc 1 142 0
 155              		.cfi_startproc
 143:.\Generated_Source\PSoC4/Out_Ge1_Pin.c **** 		uint8 maskedStatus = (uint8)(Out_Ge1_Pin_INTSTAT & Out_Ge1_Pin_MASK);
 156              		.loc 1 143 0
 157 0000 034B     		ldr	r3, .L14
 158 0002 2022     		mov	r2, #32
 159 0004 1868     		ldr	r0, [r3]
 144:.\Generated_Source\PSoC4/Out_Ge1_Pin.c **** 		Out_Ge1_Pin_INTSTAT = maskedStatus;
 145:.\Generated_Source\PSoC4/Out_Ge1_Pin.c ****         return maskedStatus >> Out_Ge1_Pin_SHIFT;
 146:.\Generated_Source\PSoC4/Out_Ge1_Pin.c ****     }
 160              		.loc 1 146 0
 161              		@ sp needed
 143:.\Generated_Source\PSoC4/Out_Ge1_Pin.c **** 		uint8 maskedStatus = (uint8)(Out_Ge1_Pin_INTSTAT & Out_Ge1_Pin_MASK);
 162              		.loc 1 143 0
 163 0006 1040     		and	r0, r2
 164              	.LVL4:
 144:.\Generated_Source\PSoC4/Out_Ge1_Pin.c **** 		Out_Ge1_Pin_INTSTAT = maskedStatus;
 165              		.loc 1 144 0
 166 0008 1860     		str	r0, [r3]
 145:.\Generated_Source\PSoC4/Out_Ge1_Pin.c ****         return maskedStatus >> Out_Ge1_Pin_SHIFT;
 167              		.loc 1 145 0
 168 000a 4009     		lsr	r0, r0, #5
 169              	.LVL5:
 170 000c C0B2     		uxtb	r0, r0
 171              		.loc 1 146 0
 172 000e 7047     		bx	lr
 173              	.L15:
 174              		.align	2
 175              	.L14:
 176 0010 10030440 		.word	1074004752
 177              		.cfi_endproc
 178              	.LFE4:
 179              		.size	Out_Ge1_Pin_ClearInterrupt, .-Out_Ge1_Pin_ClearInterrupt
 180              		.text
 181              	.Letext0:
 182              		.file 2 ".\\Generated_Source\\PSoC4\\cytypes.h"
 183              		.section	.debug_info,"",%progbits
 184              	.Ldebug_info0:
 185 0000 48010000 		.4byte	0x148
 186 0004 0400     		.2byte	0x4
 187 0006 00000000 		.4byte	.Ldebug_abbrev0
 188 000a 04       		.byte	0x4
 189 000b 01       		.uleb128 0x1
ARM GAS  C:\Users\SNFU\AppData\Local\Temp\ccEzMOdZ.s 			page 7


 190 000c 81010000 		.4byte	.LASF22
 191 0010 01       		.byte	0x1
 192 0011 76000000 		.4byte	.LASF23
 193 0015 1E000000 		.4byte	.LASF24
 194 0019 00000000 		.4byte	.Ldebug_ranges0+0
 195 001d 00000000 		.4byte	0
 196 0021 00000000 		.4byte	.Ldebug_line0
 197 0025 02       		.uleb128 0x2
 198 0026 01       		.byte	0x1
 199 0027 06       		.byte	0x6
 200 0028 32020000 		.4byte	.LASF0
 201 002c 02       		.uleb128 0x2
 202 002d 01       		.byte	0x1
 203 002e 08       		.byte	0x8
 204 002f A3000000 		.4byte	.LASF1
 205 0033 02       		.uleb128 0x2
 206 0034 02       		.byte	0x2
 207 0035 05       		.byte	0x5
 208 0036 5C010000 		.4byte	.LASF2
 209 003a 02       		.uleb128 0x2
 210 003b 02       		.byte	0x2
 211 003c 07       		.byte	0x7
 212 003d C9000000 		.4byte	.LASF3
 213 0041 02       		.uleb128 0x2
 214 0042 04       		.byte	0x4
 215 0043 05       		.byte	0x5
 216 0044 10020000 		.4byte	.LASF4
 217 0048 02       		.uleb128 0x2
 218 0049 04       		.byte	0x4
 219 004a 07       		.byte	0x7
 220 004b B7000000 		.4byte	.LASF5
 221 004f 02       		.uleb128 0x2
 222 0050 08       		.byte	0x8
 223 0051 05       		.byte	0x5
 224 0052 3C010000 		.4byte	.LASF6
 225 0056 02       		.uleb128 0x2
 226 0057 08       		.byte	0x8
 227 0058 07       		.byte	0x7
 228 0059 20010000 		.4byte	.LASF7
 229 005d 03       		.uleb128 0x3
 230 005e 04       		.byte	0x4
 231 005f 05       		.byte	0x5
 232 0060 696E7400 		.ascii	"int\000"
 233 0064 02       		.uleb128 0x2
 234 0065 04       		.byte	0x4
 235 0066 07       		.byte	0x7
 236 0067 13010000 		.4byte	.LASF8
 237 006b 04       		.uleb128 0x4
 238 006c 9D000000 		.4byte	.LASF9
 239 0070 02       		.byte	0x2
 240 0071 A1       		.byte	0xa1
 241 0072 2C000000 		.4byte	0x2c
 242 0076 04       		.uleb128 0x4
 243 0077 0C010000 		.4byte	.LASF10
 244 007b 02       		.byte	0x2
 245 007c A3       		.byte	0xa3
 246 007d 48000000 		.4byte	0x48
ARM GAS  C:\Users\SNFU\AppData\Local\Temp\ccEzMOdZ.s 			page 8


 247 0081 02       		.uleb128 0x2
 248 0082 04       		.byte	0x4
 249 0083 04       		.byte	0x4
 250 0084 70000000 		.4byte	.LASF11
 251 0088 02       		.uleb128 0x2
 252 0089 08       		.byte	0x8
 253 008a 04       		.byte	0x4
 254 008b DC000000 		.4byte	.LASF12
 255 008f 02       		.uleb128 0x2
 256 0090 01       		.byte	0x1
 257 0091 08       		.byte	0x8
 258 0092 57010000 		.4byte	.LASF13
 259 0096 05       		.uleb128 0x5
 260 0097 00000000 		.4byte	.LASF14
 261 009b 02       		.byte	0x2
 262 009c 4D01     		.2byte	0x14d
 263 009e A2000000 		.4byte	0xa2
 264 00a2 06       		.uleb128 0x6
 265 00a3 76000000 		.4byte	0x76
 266 00a7 07       		.uleb128 0x7
 267 00a8 06000000 		.4byte	.LASF15
 268 00ac 01       		.byte	0x1
 269 00ad 2A       		.byte	0x2a
 270 00ae 00000000 		.4byte	.LFB0
 271 00b2 18000000 		.4byte	.LFE0-.LFB0
 272 00b6 01       		.uleb128 0x1
 273 00b7 9C       		.byte	0x9c
 274 00b8 D7000000 		.4byte	0xd7
 275 00bc 08       		.uleb128 0x8
 276 00bd 18000000 		.4byte	.LASF17
 277 00c1 01       		.byte	0x1
 278 00c2 2A       		.byte	0x2a
 279 00c3 6B000000 		.4byte	0x6b
 280 00c7 00000000 		.4byte	.LLST0
 281 00cb 09       		.uleb128 0x9
 282 00cc B1000000 		.4byte	.LASF25
 283 00d0 01       		.byte	0x1
 284 00d1 2C       		.byte	0x2c
 285 00d2 6B000000 		.4byte	0x6b
 286 00d6 00       		.byte	0
 287 00d7 07       		.uleb128 0x7
 288 00d8 19020000 		.4byte	.LASF16
 289 00dc 01       		.byte	0x1
 290 00dd 49       		.byte	0x49
 291 00de 00000000 		.4byte	.LFB1
 292 00e2 1C000000 		.4byte	.LFE1-.LFB1
 293 00e6 01       		.uleb128 0x1
 294 00e7 9C       		.byte	0x9c
 295 00e8 FC000000 		.4byte	0xfc
 296 00ec 08       		.uleb128 0x8
 297 00ed 37010000 		.4byte	.LASF18
 298 00f1 01       		.byte	0x1
 299 00f2 49       		.byte	0x49
 300 00f3 6B000000 		.4byte	0x6b
 301 00f7 21000000 		.4byte	.LLST1
 302 00fb 00       		.byte	0
 303 00fc 0A       		.uleb128 0xa
ARM GAS  C:\Users\SNFU\AppData\Local\Temp\ccEzMOdZ.s 			page 9


 304 00fd FB000000 		.4byte	.LASF19
 305 0101 01       		.byte	0x1
 306 0102 61       		.byte	0x61
 307 0103 6B000000 		.4byte	0x6b
 308 0107 00000000 		.4byte	.LFB2
 309 010b 10000000 		.4byte	.LFE2-.LFB2
 310 010f 01       		.uleb128 0x1
 311 0110 9C       		.byte	0x9c
 312 0111 0A       		.uleb128 0xa
 313 0112 E3000000 		.4byte	.LASF20
 314 0116 01       		.byte	0x1
 315 0117 75       		.byte	0x75
 316 0118 6B000000 		.4byte	0x6b
 317 011c 00000000 		.4byte	.LFB3
 318 0120 10000000 		.4byte	.LFE3-.LFB3
 319 0124 01       		.uleb128 0x1
 320 0125 9C       		.byte	0x9c
 321 0126 0B       		.uleb128 0xb
 322 0127 66010000 		.4byte	.LASF21
 323 012b 01       		.byte	0x1
 324 012c 8D       		.byte	0x8d
 325 012d 6B000000 		.4byte	0x6b
 326 0131 00000000 		.4byte	.LFB4
 327 0135 14000000 		.4byte	.LFE4-.LFB4
 328 0139 01       		.uleb128 0x1
 329 013a 9C       		.byte	0x9c
 330 013b 0C       		.uleb128 0xc
 331 013c 4A010000 		.4byte	.LASF26
 332 0140 01       		.byte	0x1
 333 0141 8F       		.byte	0x8f
 334 0142 6B000000 		.4byte	0x6b
 335 0146 42000000 		.4byte	.LLST2
 336 014a 00       		.byte	0
 337 014b 00       		.byte	0
 338              		.section	.debug_abbrev,"",%progbits
 339              	.Ldebug_abbrev0:
 340 0000 01       		.uleb128 0x1
 341 0001 11       		.uleb128 0x11
 342 0002 01       		.byte	0x1
 343 0003 25       		.uleb128 0x25
 344 0004 0E       		.uleb128 0xe
 345 0005 13       		.uleb128 0x13
 346 0006 0B       		.uleb128 0xb
 347 0007 03       		.uleb128 0x3
 348 0008 0E       		.uleb128 0xe
 349 0009 1B       		.uleb128 0x1b
 350 000a 0E       		.uleb128 0xe
 351 000b 55       		.uleb128 0x55
 352 000c 17       		.uleb128 0x17
 353 000d 11       		.uleb128 0x11
 354 000e 01       		.uleb128 0x1
 355 000f 10       		.uleb128 0x10
 356 0010 17       		.uleb128 0x17
 357 0011 00       		.byte	0
 358 0012 00       		.byte	0
 359 0013 02       		.uleb128 0x2
 360 0014 24       		.uleb128 0x24
ARM GAS  C:\Users\SNFU\AppData\Local\Temp\ccEzMOdZ.s 			page 10


 361 0015 00       		.byte	0
 362 0016 0B       		.uleb128 0xb
 363 0017 0B       		.uleb128 0xb
 364 0018 3E       		.uleb128 0x3e
 365 0019 0B       		.uleb128 0xb
 366 001a 03       		.uleb128 0x3
 367 001b 0E       		.uleb128 0xe
 368 001c 00       		.byte	0
 369 001d 00       		.byte	0
 370 001e 03       		.uleb128 0x3
 371 001f 24       		.uleb128 0x24
 372 0020 00       		.byte	0
 373 0021 0B       		.uleb128 0xb
 374 0022 0B       		.uleb128 0xb
 375 0023 3E       		.uleb128 0x3e
 376 0024 0B       		.uleb128 0xb
 377 0025 03       		.uleb128 0x3
 378 0026 08       		.uleb128 0x8
 379 0027 00       		.byte	0
 380 0028 00       		.byte	0
 381 0029 04       		.uleb128 0x4
 382 002a 16       		.uleb128 0x16
 383 002b 00       		.byte	0
 384 002c 03       		.uleb128 0x3
 385 002d 0E       		.uleb128 0xe
 386 002e 3A       		.uleb128 0x3a
 387 002f 0B       		.uleb128 0xb
 388 0030 3B       		.uleb128 0x3b
 389 0031 0B       		.uleb128 0xb
 390 0032 49       		.uleb128 0x49
 391 0033 13       		.uleb128 0x13
 392 0034 00       		.byte	0
 393 0035 00       		.byte	0
 394 0036 05       		.uleb128 0x5
 395 0037 16       		.uleb128 0x16
 396 0038 00       		.byte	0
 397 0039 03       		.uleb128 0x3
 398 003a 0E       		.uleb128 0xe
 399 003b 3A       		.uleb128 0x3a
 400 003c 0B       		.uleb128 0xb
 401 003d 3B       		.uleb128 0x3b
 402 003e 05       		.uleb128 0x5
 403 003f 49       		.uleb128 0x49
 404 0040 13       		.uleb128 0x13
 405 0041 00       		.byte	0
 406 0042 00       		.byte	0
 407 0043 06       		.uleb128 0x6
 408 0044 35       		.uleb128 0x35
 409 0045 00       		.byte	0
 410 0046 49       		.uleb128 0x49
 411 0047 13       		.uleb128 0x13
 412 0048 00       		.byte	0
 413 0049 00       		.byte	0
 414 004a 07       		.uleb128 0x7
 415 004b 2E       		.uleb128 0x2e
 416 004c 01       		.byte	0x1
 417 004d 3F       		.uleb128 0x3f
ARM GAS  C:\Users\SNFU\AppData\Local\Temp\ccEzMOdZ.s 			page 11


 418 004e 19       		.uleb128 0x19
 419 004f 03       		.uleb128 0x3
 420 0050 0E       		.uleb128 0xe
 421 0051 3A       		.uleb128 0x3a
 422 0052 0B       		.uleb128 0xb
 423 0053 3B       		.uleb128 0x3b
 424 0054 0B       		.uleb128 0xb
 425 0055 27       		.uleb128 0x27
 426 0056 19       		.uleb128 0x19
 427 0057 11       		.uleb128 0x11
 428 0058 01       		.uleb128 0x1
 429 0059 12       		.uleb128 0x12
 430 005a 06       		.uleb128 0x6
 431 005b 40       		.uleb128 0x40
 432 005c 18       		.uleb128 0x18
 433 005d 9742     		.uleb128 0x2117
 434 005f 19       		.uleb128 0x19
 435 0060 01       		.uleb128 0x1
 436 0061 13       		.uleb128 0x13
 437 0062 00       		.byte	0
 438 0063 00       		.byte	0
 439 0064 08       		.uleb128 0x8
 440 0065 05       		.uleb128 0x5
 441 0066 00       		.byte	0
 442 0067 03       		.uleb128 0x3
 443 0068 0E       		.uleb128 0xe
 444 0069 3A       		.uleb128 0x3a
 445 006a 0B       		.uleb128 0xb
 446 006b 3B       		.uleb128 0x3b
 447 006c 0B       		.uleb128 0xb
 448 006d 49       		.uleb128 0x49
 449 006e 13       		.uleb128 0x13
 450 006f 02       		.uleb128 0x2
 451 0070 17       		.uleb128 0x17
 452 0071 00       		.byte	0
 453 0072 00       		.byte	0
 454 0073 09       		.uleb128 0x9
 455 0074 34       		.uleb128 0x34
 456 0075 00       		.byte	0
 457 0076 03       		.uleb128 0x3
 458 0077 0E       		.uleb128 0xe
 459 0078 3A       		.uleb128 0x3a
 460 0079 0B       		.uleb128 0xb
 461 007a 3B       		.uleb128 0x3b
 462 007b 0B       		.uleb128 0xb
 463 007c 49       		.uleb128 0x49
 464 007d 13       		.uleb128 0x13
 465 007e 00       		.byte	0
 466 007f 00       		.byte	0
 467 0080 0A       		.uleb128 0xa
 468 0081 2E       		.uleb128 0x2e
 469 0082 00       		.byte	0
 470 0083 3F       		.uleb128 0x3f
 471 0084 19       		.uleb128 0x19
 472 0085 03       		.uleb128 0x3
 473 0086 0E       		.uleb128 0xe
 474 0087 3A       		.uleb128 0x3a
ARM GAS  C:\Users\SNFU\AppData\Local\Temp\ccEzMOdZ.s 			page 12


 475 0088 0B       		.uleb128 0xb
 476 0089 3B       		.uleb128 0x3b
 477 008a 0B       		.uleb128 0xb
 478 008b 27       		.uleb128 0x27
 479 008c 19       		.uleb128 0x19
 480 008d 49       		.uleb128 0x49
 481 008e 13       		.uleb128 0x13
 482 008f 11       		.uleb128 0x11
 483 0090 01       		.uleb128 0x1
 484 0091 12       		.uleb128 0x12
 485 0092 06       		.uleb128 0x6
 486 0093 40       		.uleb128 0x40
 487 0094 18       		.uleb128 0x18
 488 0095 9742     		.uleb128 0x2117
 489 0097 19       		.uleb128 0x19
 490 0098 00       		.byte	0
 491 0099 00       		.byte	0
 492 009a 0B       		.uleb128 0xb
 493 009b 2E       		.uleb128 0x2e
 494 009c 01       		.byte	0x1
 495 009d 3F       		.uleb128 0x3f
 496 009e 19       		.uleb128 0x19
 497 009f 03       		.uleb128 0x3
 498 00a0 0E       		.uleb128 0xe
 499 00a1 3A       		.uleb128 0x3a
 500 00a2 0B       		.uleb128 0xb
 501 00a3 3B       		.uleb128 0x3b
 502 00a4 0B       		.uleb128 0xb
 503 00a5 27       		.uleb128 0x27
 504 00a6 19       		.uleb128 0x19
 505 00a7 49       		.uleb128 0x49
 506 00a8 13       		.uleb128 0x13
 507 00a9 11       		.uleb128 0x11
 508 00aa 01       		.uleb128 0x1
 509 00ab 12       		.uleb128 0x12
 510 00ac 06       		.uleb128 0x6
 511 00ad 40       		.uleb128 0x40
 512 00ae 18       		.uleb128 0x18
 513 00af 9742     		.uleb128 0x2117
 514 00b1 19       		.uleb128 0x19
 515 00b2 00       		.byte	0
 516 00b3 00       		.byte	0
 517 00b4 0C       		.uleb128 0xc
 518 00b5 34       		.uleb128 0x34
 519 00b6 00       		.byte	0
 520 00b7 03       		.uleb128 0x3
 521 00b8 0E       		.uleb128 0xe
 522 00b9 3A       		.uleb128 0x3a
 523 00ba 0B       		.uleb128 0xb
 524 00bb 3B       		.uleb128 0x3b
 525 00bc 0B       		.uleb128 0xb
 526 00bd 49       		.uleb128 0x49
 527 00be 13       		.uleb128 0x13
 528 00bf 02       		.uleb128 0x2
 529 00c0 17       		.uleb128 0x17
 530 00c1 00       		.byte	0
 531 00c2 00       		.byte	0
ARM GAS  C:\Users\SNFU\AppData\Local\Temp\ccEzMOdZ.s 			page 13


 532 00c3 00       		.byte	0
 533              		.section	.debug_loc,"",%progbits
 534              	.Ldebug_loc0:
 535              	.LLST0:
 536 0000 00000000 		.4byte	.LVL0
 537 0004 08000000 		.4byte	.LVL1
 538 0008 0100     		.2byte	0x1
 539 000a 50       		.byte	0x50
 540 000b 08000000 		.4byte	.LVL1
 541 000f 18000000 		.4byte	.LFE0
 542 0013 0400     		.2byte	0x4
 543 0015 F3       		.byte	0xf3
 544 0016 01       		.uleb128 0x1
 545 0017 50       		.byte	0x50
 546 0018 9F       		.byte	0x9f
 547 0019 00000000 		.4byte	0
 548 001d 00000000 		.4byte	0
 549              	.LLST1:
 550 0021 00000000 		.4byte	.LVL2
 551 0025 0C000000 		.4byte	.LVL3
 552 0029 0100     		.2byte	0x1
 553 002b 50       		.byte	0x50
 554 002c 0C000000 		.4byte	.LVL3
 555 0030 1C000000 		.4byte	.LFE1
 556 0034 0400     		.2byte	0x4
 557 0036 F3       		.byte	0xf3
 558 0037 01       		.uleb128 0x1
 559 0038 50       		.byte	0x50
 560 0039 9F       		.byte	0x9f
 561 003a 00000000 		.4byte	0
 562 003e 00000000 		.4byte	0
 563              	.LLST2:
 564 0042 08000000 		.4byte	.LVL4
 565 0046 0C000000 		.4byte	.LVL5
 566 004a 0100     		.2byte	0x1
 567 004c 50       		.byte	0x50
 568 004d 0C000000 		.4byte	.LVL5
 569 0051 14000000 		.4byte	.LFE4
 570 0055 0400     		.2byte	0x4
 571 0057 73       		.byte	0x73
 572 0058 00       		.sleb128 0
 573 0059 06       		.byte	0x6
 574 005a 9F       		.byte	0x9f
 575 005b 00000000 		.4byte	0
 576 005f 00000000 		.4byte	0
 577              		.section	.debug_aranges,"",%progbits
 578 0000 3C000000 		.4byte	0x3c
 579 0004 0200     		.2byte	0x2
 580 0006 00000000 		.4byte	.Ldebug_info0
 581 000a 04       		.byte	0x4
 582 000b 00       		.byte	0
 583 000c 0000     		.2byte	0
 584 000e 0000     		.2byte	0
 585 0010 00000000 		.4byte	.LFB0
 586 0014 18000000 		.4byte	.LFE0-.LFB0
 587 0018 00000000 		.4byte	.LFB1
 588 001c 1C000000 		.4byte	.LFE1-.LFB1
ARM GAS  C:\Users\SNFU\AppData\Local\Temp\ccEzMOdZ.s 			page 14


 589 0020 00000000 		.4byte	.LFB2
 590 0024 10000000 		.4byte	.LFE2-.LFB2
 591 0028 00000000 		.4byte	.LFB3
 592 002c 10000000 		.4byte	.LFE3-.LFB3
 593 0030 00000000 		.4byte	.LFB4
 594 0034 14000000 		.4byte	.LFE4-.LFB4
 595 0038 00000000 		.4byte	0
 596 003c 00000000 		.4byte	0
 597              		.section	.debug_ranges,"",%progbits
 598              	.Ldebug_ranges0:
 599 0000 00000000 		.4byte	.LFB0
 600 0004 18000000 		.4byte	.LFE0
 601 0008 00000000 		.4byte	.LFB1
 602 000c 1C000000 		.4byte	.LFE1
 603 0010 00000000 		.4byte	.LFB2
 604 0014 10000000 		.4byte	.LFE2
 605 0018 00000000 		.4byte	.LFB3
 606 001c 10000000 		.4byte	.LFE3
 607 0020 00000000 		.4byte	.LFB4
 608 0024 14000000 		.4byte	.LFE4
 609 0028 00000000 		.4byte	0
 610 002c 00000000 		.4byte	0
 611              		.section	.debug_line,"",%progbits
 612              	.Ldebug_line0:
 613 0000 B7000000 		.section	.debug_str,"MS",%progbits,1
 613      02004A00 
 613      00000201 
 613      FB0E0D00 
 613      01010101 
 614              	.LASF14:
 615 0000 72656733 		.ascii	"reg32\000"
 615      3200
 616              	.LASF15:
 617 0006 4F75745F 		.ascii	"Out_Ge1_Pin_Write\000"
 617      4765315F 
 617      50696E5F 
 617      57726974 
 617      6500
 618              	.LASF17:
 619 0018 76616C75 		.ascii	"value\000"
 619      6500
 620              	.LASF24:
 621 001e 433A5C55 		.ascii	"C:\\Users\\SNFU\\Documents\\T-50_UAV_Project\\Softw"
 621      73657273 
 621      5C534E46 
 621      555C446F 
 621      63756D65 
 622 004c 6172655C 		.ascii	"are\\T-50_Project\\T-50_Project.cydsn\000"
 622      542D3530 
 622      5F50726F 
 622      6A656374 
 622      5C542D35 
 623              	.LASF11:
 624 0070 666C6F61 		.ascii	"float\000"
 624      7400
 625              	.LASF23:
 626 0076 2E5C4765 		.ascii	".\\Generated_Source\\PSoC4\\Out_Ge1_Pin.c\000"
ARM GAS  C:\Users\SNFU\AppData\Local\Temp\ccEzMOdZ.s 			page 15


 626      6E657261 
 626      7465645F 
 626      536F7572 
 626      63655C50 
 627              	.LASF9:
 628 009d 75696E74 		.ascii	"uint8\000"
 628      3800
 629              	.LASF1:
 630 00a3 756E7369 		.ascii	"unsigned char\000"
 630      676E6564 
 630      20636861 
 630      7200
 631              	.LASF25:
 632 00b1 64725661 		.ascii	"drVal\000"
 632      6C00
 633              	.LASF5:
 634 00b7 6C6F6E67 		.ascii	"long unsigned int\000"
 634      20756E73 
 634      69676E65 
 634      6420696E 
 634      7400
 635              	.LASF3:
 636 00c9 73686F72 		.ascii	"short unsigned int\000"
 636      7420756E 
 636      7369676E 
 636      65642069 
 636      6E7400
 637              	.LASF12:
 638 00dc 646F7562 		.ascii	"double\000"
 638      6C6500
 639              	.LASF20:
 640 00e3 4F75745F 		.ascii	"Out_Ge1_Pin_ReadDataReg\000"
 640      4765315F 
 640      50696E5F 
 640      52656164 
 640      44617461 
 641              	.LASF19:
 642 00fb 4F75745F 		.ascii	"Out_Ge1_Pin_Read\000"
 642      4765315F 
 642      50696E5F 
 642      52656164 
 642      00
 643              	.LASF10:
 644 010c 75696E74 		.ascii	"uint32\000"
 644      333200
 645              	.LASF8:
 646 0113 756E7369 		.ascii	"unsigned int\000"
 646      676E6564 
 646      20696E74 
 646      00
 647              	.LASF7:
 648 0120 6C6F6E67 		.ascii	"long long unsigned int\000"
 648      206C6F6E 
 648      6720756E 
 648      7369676E 
 648      65642069 
 649              	.LASF18:
ARM GAS  C:\Users\SNFU\AppData\Local\Temp\ccEzMOdZ.s 			page 16


 650 0137 6D6F6465 		.ascii	"mode\000"
 650      00
 651              	.LASF6:
 652 013c 6C6F6E67 		.ascii	"long long int\000"
 652      206C6F6E 
 652      6720696E 
 652      7400
 653              	.LASF26:
 654 014a 6D61736B 		.ascii	"maskedStatus\000"
 654      65645374 
 654      61747573 
 654      00
 655              	.LASF13:
 656 0157 63686172 		.ascii	"char\000"
 656      00
 657              	.LASF2:
 658 015c 73686F72 		.ascii	"short int\000"
 658      7420696E 
 658      7400
 659              	.LASF21:
 660 0166 4F75745F 		.ascii	"Out_Ge1_Pin_ClearInterrupt\000"
 660      4765315F 
 660      50696E5F 
 660      436C6561 
 660      72496E74 
 661              	.LASF22:
 662 0181 474E5520 		.ascii	"GNU C 4.8.4 20140526 (release) [ARM/embedded-4_8-br"
 662      4320342E 
 662      382E3420 
 662      32303134 
 662      30353236 
 663 01b4 616E6368 		.ascii	"anch revision 211358] -mcpu=cortex-m0 -mthumb -g -O"
 663      20726576 
 663      6973696F 
 663      6E203231 
 663      31333538 
 664 01e7 73202D66 		.ascii	"s -ffunction-sections -finline-functions\000"
 664      66756E63 
 664      74696F6E 
 664      2D736563 
 664      74696F6E 
 665              	.LASF4:
 666 0210 6C6F6E67 		.ascii	"long int\000"
 666      20696E74 
 666      00
 667              	.LASF16:
 668 0219 4F75745F 		.ascii	"Out_Ge1_Pin_SetDriveMode\000"
 668      4765315F 
 668      50696E5F 
 668      53657444 
 668      72697665 
 669              	.LASF0:
 670 0232 7369676E 		.ascii	"signed char\000"
 670      65642063 
 670      68617200 
 671              		.ident	"GCC: (GNU Tools for ARM Embedded Processors) 4.8.4 20140526 (release) [ARM/embedded-4_8-br
