ARM GAS  C:\Users\Sven\AppData\Local\Temp\ccGqY44j.s 			page 1


   1              		.cpu cortex-m0
   2              		.fpu softvfp
   3              		.eabi_attribute 20, 1
   4              		.eabi_attribute 21, 1
   5              		.eabi_attribute 23, 3
   6              		.eabi_attribute 24, 1
   7              		.eabi_attribute 25, 1
   8              		.eabi_attribute 26, 1
   9              		.eabi_attribute 30, 4
  10              		.eabi_attribute 34, 0
  11              		.eabi_attribute 18, 4
  12              		.code	16
  13              		.file	"Stabilizer.c"
  14              		.text
  15              	.Ltext0:
  16              		.cfi_sections	.debug_frame
  17              		.section	.text.Stabi_Task,"ax",%progbits
  18              		.align	1
  19              		.global	Stabi_Task
  20              		.code	16
  21              		.thumb_func
  22              		.type	Stabi_Task, %function
  23              	Stabi_Task:
  24              	.LFB33:
  25              		.file 1 ".\\Stabilizer.c"
   1:.\Stabilizer.c **** /* ========================================
   2:.\Stabilizer.c ****  *
   3:.\Stabilizer.c ****  * Copyright YOUR COMPANY, THE YEAR
   4:.\Stabilizer.c ****  * All Rights Reserved
   5:.\Stabilizer.c ****  * UNPUBLISHED, LICENSED SOFTWARE.
   6:.\Stabilizer.c ****  *
   7:.\Stabilizer.c ****  * CONFIDENTIAL AND PROPRIETARY INFORMATION
   8:.\Stabilizer.c ****  * WHICH IS THE PROPERTY OF your company.
   9:.\Stabilizer.c ****  *
  10:.\Stabilizer.c ****  * ========================================
  11:.\Stabilizer.c **** */
  12:.\Stabilizer.c **** 
  13:.\Stabilizer.c **** #include <Stabilizer.h>
  14:.\Stabilizer.c **** 
  15:.\Stabilizer.c **** extern int16_t turn_rate_p;		// from main.c file
  16:.\Stabilizer.c **** extern int16_t turn_rate_q;		// from main.c file
  17:.\Stabilizer.c **** extern int16_t turn_rate_r;		// from main.c file
  18:.\Stabilizer.c **** 
  19:.\Stabilizer.c **** extern uint16_t ctrl_out[13];
  20:.\Stabilizer.c **** extern uint16_t ctrl_in[8];
  21:.\Stabilizer.c **** uint16_t ctrl_in_ent[8]={0};    /* Used as ctrl_in when Prog Mode Entered */
  22:.\Stabilizer.c **** 
  23:.\Stabilizer.c **** extern int8_t K_d_p;
  24:.\Stabilizer.c **** extern int8_t K_d_q;
  25:.\Stabilizer.c **** extern int8_t K_d_r;
  26:.\Stabilizer.c **** 
  27:.\Stabilizer.c **** extern uint8_t imu_conn;        /* From main.c file */
  28:.\Stabilizer.c **** uint8_t receiver_connected;     /* From main.c file */
  29:.\Stabilizer.c **** 
  30:.\Stabilizer.c **** uint8_t K_d_p_conv = 0;
  31:.\Stabilizer.c **** 
  32:.\Stabilizer.c **** 
ARM GAS  C:\Users\Sven\AppData\Local\Temp\ccGqY44j.s 			page 2


  33:.\Stabilizer.c **** extern void UART_1_UartPutNum();
  34:.\Stabilizer.c **** 
  35:.\Stabilizer.c **** uint16_t ProgMode_Timer = 0;
  36:.\Stabilizer.c **** uint16_t ExitProgMode_Timer = 0;
  37:.\Stabilizer.c **** extern uint8_t Ctrl_Mode;       /* Ctrl Mode from main.c */
  38:.\Stabilizer.c **** uint8_t ProgModeReq = FALSE;            // Programming Mode Request
  39:.\Stabilizer.c **** uint8_t Mode_Changed = FALSE;
  40:.\Stabilizer.c **** uint8_t EleAilNeutral = FALSE;
  41:.\Stabilizer.c **** uint8_t RudNeutral = FALSE;
  42:.\Stabilizer.c **** 
  43:.\Stabilizer.c **** enum ctrl_mode
  44:.\Stabilizer.c **** {
  45:.\Stabilizer.c ****     manual = 0,
  46:.\Stabilizer.c ****     damped,
  47:.\Stabilizer.c ****     tune,
  48:.\Stabilizer.c ****     autonom,
  49:.\Stabilizer.c ****     prog
  50:.\Stabilizer.c **** };
  51:.\Stabilizer.c **** 
  52:.\Stabilizer.c **** enum e_in{   // Input Control Enum - 8 Channels
  53:.\Stabilizer.c ****     in_mot = 0, // Channel 1
  54:.\Stabilizer.c ****     in_ail,     // Channel 2
  55:.\Stabilizer.c ****     in_ele,     // Channel 3
  56:.\Stabilizer.c ****     in_rud,     // Channel 4
  57:.\Stabilizer.c ****     in_gear,    // Channel 5
  58:.\Stabilizer.c ****     in_can,     // Channel 6
  59:.\Stabilizer.c ****     in_mod,     // Channel 7
  60:.\Stabilizer.c ****     in_sp2      // Channel 8
  61:.\Stabilizer.c **** };
  62:.\Stabilizer.c **** 
  63:.\Stabilizer.c **** enum e_out{   // Output Control Enum - 13 Signals
  64:.\Stabilizer.c ****     out_mot = 0,
  65:.\Stabilizer.c ****     out_ail1,
  66:.\Stabilizer.c ****     out_ail2,
  67:.\Stabilizer.c ****     out_ele1,
  68:.\Stabilizer.c ****     out_ele2,
  69:.\Stabilizer.c ****     out_rud,
  70:.\Stabilizer.c ****     out_fl1,
  71:.\Stabilizer.c ****     out_fl2,
  72:.\Stabilizer.c ****     out_ge1,
  73:.\Stabilizer.c ****     out_ge2,
  74:.\Stabilizer.c ****     out_ge3,
  75:.\Stabilizer.c ****     out_sp1,
  76:.\Stabilizer.c ****     out_sp2
  77:.\Stabilizer.c **** };
  78:.\Stabilizer.c **** 
  79:.\Stabilizer.c **** //extern uint8_t Stab_Val_Stor[3];    /* Stabi Values */
  80:.\Stabilizer.c **** //extern uint8_t Stab_Val_Use[3];    /* Stabi Values */
  81:.\Stabilizer.c **** 
  82:.\Stabilizer.c **** /**********************************************************************
  83:.\Stabilizer.c **** ***
  84:.\Stabilizer.c **** *** TO DO:  - save Kdp, Kdq, Kdr in EEprom -> Additional Bootloader required 
  85:.\Stabilizer.c ****             - == OK == limit Kdp, Kdq, Kdr to +- 10 == OK ==
  86:.\Stabilizer.c ****             - == OK == make stick movements to "normal" TX config == OK ==
  87:.\Stabilizer.c ****             - make Stab robust to missing Rx and missing IMU
  88:.\Stabilizer.c ****             - Allow PWM input of diff channels
  89:.\Stabilizer.c **** **********************************************************************/
ARM GAS  C:\Users\Sven\AppData\Local\Temp\ccGqY44j.s 			page 3


  90:.\Stabilizer.c **** void Stabi_Task(void)
  91:.\Stabilizer.c **** {
  26              		.loc 1 91 0
  27              		.cfi_startproc
  28 0000 F7B5     		push	{r0, r1, r2, r4, r5, r6, r7, lr}
  29              		.cfi_def_cfa_offset 32
  30              		.cfi_offset 0, -32
  31              		.cfi_offset 1, -28
  32              		.cfi_offset 2, -24
  33              		.cfi_offset 4, -20
  34              		.cfi_offset 5, -16
  35              		.cfi_offset 6, -12
  36              		.cfi_offset 7, -8
  37              		.cfi_offset 14, -4
  92:.\Stabilizer.c ****     /* TEST ONLY */
  93:.\Stabilizer.c ****     //CySysFlashWriteRow()
  94:.\Stabilizer.c ****     //CysysFl
  95:.\Stabilizer.c ****     
  96:.\Stabilizer.c ****     /* State Machine for the Modes */
  97:.\Stabilizer.c ****     switch (Ctrl_Mode)
  38              		.loc 1 97 0
  39 0002 B84A     		ldr	r2, .L50
  40 0004 B84C     		ldr	r4, .L50+4
  41 0006 1378     		ldrb	r3, [r2]
  42 0008 B84D     		ldr	r5, .L50+8
  43 000a 012B     		cmp	r3, #1
  44 000c 02D0     		beq	.L3
  45 000e 042B     		cmp	r3, #4
  46 0010 40D0     		beq	.L4
  47 0012 31E1     		b	.L2
  48              	.L3:
  49              	.LBB2:
  98:.\Stabilizer.c ****     {
  99:.\Stabilizer.c ****         case damped:
 100:.\Stabilizer.c ****             
 101:.\Stabilizer.c ****             if(Mode_Changed == TRUE)
  50              		.loc 1 101 0
  51 0014 2378     		ldrb	r3, [r4]
  52 0016 012B     		cmp	r3, #1
  53 0018 04D1     		bne	.L5
 102:.\Stabilizer.c ****             {
 103:.\Stabilizer.c ****                 Mode_Changed = FALSE;
  54              		.loc 1 103 0
  55 001a 0023     		mov	r3, #0
 104:.\Stabilizer.c ****                 UART_1_UartPutString("Stab Mode Entered\r\n");
  56              		.loc 1 104 0
  57 001c B448     		ldr	r0, .L50+12
 103:.\Stabilizer.c ****                 Mode_Changed = FALSE;
  58              		.loc 1 103 0
  59 001e 2370     		strb	r3, [r4]
  60              		.loc 1 104 0
  61 0020 FFF7FEFF 		bl	UART_1_UartPutString
  62              	.LVL0:
  63              	.L5:
 105:.\Stabilizer.c ****             }
 106:.\Stabilizer.c ****         
 107:.\Stabilizer.c ****             //UART_1_UartPutString("Stab Norm ");
ARM GAS  C:\Users\Sven\AppData\Local\Temp\ccGqY44j.s 			page 4


 108:.\Stabilizer.c ****             
 109:.\Stabilizer.c ****             //UART_1_UartPutNum(ctrl_in[in_ail]);
 110:.\Stabilizer.c ****             //UART_1_UartPutString(" ");
 111:.\Stabilizer.c ****             //UART_1_UartPutNum(ctrl_in[in_ele]);
 112:.\Stabilizer.c ****             //UART_1_UartPutString(" ");
 113:.\Stabilizer.c ****             //UART_1_UartPutNum(ctrl_in[in_rud]);
 114:.\Stabilizer.c ****             //UART_1_UartPutString("\r\n");
 115:.\Stabilizer.c ****             
 116:.\Stabilizer.c ****             /* Normal Stabilization Mode */
 117:.\Stabilizer.c ****             if((imu_conn == 1) && (receiver_connected == 1)) /* if IMU is detected */
  64              		.loc 1 117 0
  65 0024 B34B     		ldr	r3, .L50+16
  66 0026 1A78     		ldrb	r2, [r3]
  67 0028 B34B     		ldr	r3, .L50+20
  68 002a 012A     		cmp	r2, #1
  69 002c 24D1     		bne	.L6
  70              		.loc 1 117 0 is_stmt 0 discriminator 1
  71 002e 1A78     		ldrb	r2, [r3]
  72 0030 012A     		cmp	r2, #1
  73 0032 21D1     		bne	.L6
 118:.\Stabilizer.c ****             {
 119:.\Stabilizer.c ****                 MPU6050_data_read();    /* All MPU Data is read at once */
  74              		.loc 1 119 0 is_stmt 1
  75 0034 FFF7FEFF 		bl	MPU6050_data_read
  76              	.LVL1:
 120:.\Stabilizer.c ****                 ctrl_out[out_ail1] = ctrl_in[in_ail]+(K_d_p*(turn_rate_p));           // ail:     l
  77              		.loc 1 120 0
  78 0038 B04B     		ldr	r3, .L50+24
  79 003a 0022     		mov	r2, #0
  80 003c 9A56     		ldrsb	r2, [r3, r2]
  81 003e B04B     		ldr	r3, .L50+28
 121:.\Stabilizer.c ****                 ctrl_out[out_ail2] = ctrl_in[in_ail]+(K_d_p*(turn_rate_p));
 122:.\Stabilizer.c ****                 ctrl_out[out_ele1] = ctrl_in[in_ele]+(K_d_q*(turn_rate_q));           // ele:     l
  82              		.loc 1 122 0
  83 0040 0021     		mov	r1, #0
 120:.\Stabilizer.c ****                 ctrl_out[out_ail1] = ctrl_in[in_ail]+(K_d_p*(turn_rate_p));           // ail:     l
  84              		.loc 1 120 0
  85 0042 1B88     		ldrh	r3, [r3]
  86 0044 5A43     		mul	r2, r3
  87 0046 6B88     		ldrh	r3, [r5, #2]
  88 0048 D218     		add	r2, r2, r3
  89 004a AE4B     		ldr	r3, .L50+32
  90 004c 92B2     		uxth	r2, r2
  91 004e 5A80     		strh	r2, [r3, #2]
 121:.\Stabilizer.c ****                 ctrl_out[out_ail2] = ctrl_in[in_ail]+(K_d_p*(turn_rate_p));
  92              		.loc 1 121 0
  93 0050 9A80     		strh	r2, [r3, #4]
  94              		.loc 1 122 0
  95 0052 AD4A     		ldr	r2, .L50+36
  96 0054 5156     		ldrsb	r1, [r2, r1]
  97 0056 AD4A     		ldr	r2, .L50+40
  98 0058 1288     		ldrh	r2, [r2]
  99 005a 4A43     		mul	r2, r1
 100 005c A988     		ldrh	r1, [r5, #4]
 101 005e 5218     		add	r2, r2, r1
 102 0060 92B2     		uxth	r2, r2
 103 0062 DA80     		strh	r2, [r3, #6]
ARM GAS  C:\Users\Sven\AppData\Local\Temp\ccGqY44j.s 			page 5


 123:.\Stabilizer.c ****                 ctrl_out[out_ele2] = ctrl_in[in_ele]+(K_d_q*(turn_rate_q));
 104              		.loc 1 123 0
 105 0064 1A81     		strh	r2, [r3, #8]
 124:.\Stabilizer.c ****                 ctrl_out[out_rud] = ctrl_in[in_rud]+((K_d_r*turn_rate_r));            // rud:     l
 106              		.loc 1 124 0
 107 0066 AA4A     		ldr	r2, .L50+44
 108 0068 0021     		mov	r1, #0
 109 006a 5156     		ldrsb	r1, [r2, r1]
 110 006c A94A     		ldr	r2, .L50+48
 111 006e 1288     		ldrh	r2, [r2]
 112 0070 4A43     		mul	r2, r1
 113 0072 E988     		ldrh	r1, [r5, #6]
 114 0074 5218     		add	r2, r2, r1
 115 0076 0BE0     		b	.L43
 116              	.L6:
 125:.\Stabilizer.c ****             }
 126:.\Stabilizer.c ****             else if(receiver_connected == 1)/* No IMU detected*/
 117              		.loc 1 126 0
 118 0078 1B78     		ldrb	r3, [r3]
 119 007a 012B     		cmp	r3, #1
 120 007c 00D0     		beq	.LCB86
 121 007e FBE0     		b	.L2	@long jump
 122              	.LCB86:
 127:.\Stabilizer.c ****             {
 128:.\Stabilizer.c ****                 ctrl_out[out_ail1] = ctrl_in[in_ail];           // ail:     left: 1000  right: 2000
 123              		.loc 1 128 0
 124 0080 6A88     		ldrh	r2, [r5, #2]
 125 0082 A04B     		ldr	r3, .L50+32
 126 0084 5A80     		strh	r2, [r3, #2]
 129:.\Stabilizer.c ****                 ctrl_out[out_ail2] = ctrl_in[in_ail];
 127              		.loc 1 129 0
 128 0086 9A80     		strh	r2, [r3, #4]
 130:.\Stabilizer.c ****                 ctrl_out[out_ele1] = ctrl_in[in_ele];           // ele:     low: 2000   high: 1000
 129              		.loc 1 130 0
 130 0088 AA88     		ldrh	r2, [r5, #4]
 131 008a DA80     		strh	r2, [r3, #6]
 131:.\Stabilizer.c ****                 ctrl_out[out_ele2] = ctrl_in[in_ele];
 132              		.loc 1 131 0
 133 008c 1A81     		strh	r2, [r3, #8]
 132:.\Stabilizer.c ****                 ctrl_out[out_rud] = ctrl_in[in_rud];            // rud:     left: 1000  right: 2000
 134              		.loc 1 132 0
 135 008e EA88     		ldrh	r2, [r5, #6]
 136              	.L43:
 137 0090 5A81     		strh	r2, [r3, #10]
 138 0092 F1E0     		b	.L2
 139              	.L4:
 133:.\Stabilizer.c ****             }
 134:.\Stabilizer.c ****             else /* In case no receiver connected -> keep them safe */
 135:.\Stabilizer.c ****             {
 136:.\Stabilizer.c ****                 /* Do not modify the outputs */
 137:.\Stabilizer.c ****             }
 138:.\Stabilizer.c ****         break;
 139:.\Stabilizer.c ****         
 140:.\Stabilizer.c ****         case prog:
 141:.\Stabilizer.c ****             
 142:.\Stabilizer.c ****             ProgModeReq = FALSE;
 143:.\Stabilizer.c ****             if(Mode_Changed == TRUE)
ARM GAS  C:\Users\Sven\AppData\Local\Temp\ccGqY44j.s 			page 6


 140              		.loc 1 143 0
 141 0094 2378     		ldrb	r3, [r4]
 142:.\Stabilizer.c ****             ProgModeReq = FALSE;
 142              		.loc 1 142 0
 143 0096 0026     		mov	r6, #0
 144 0098 6670     		strb	r6, [r4, #1]
 145              		.loc 1 143 0
 146 009a 012B     		cmp	r3, #1
 147 009c 09D1     		bne	.L8
 144:.\Stabilizer.c ****             {
 145:.\Stabilizer.c ****                 UART_1_UartPutString("Prog Mode Entered\r\n");
 148              		.loc 1 145 0
 149 009e 9E48     		ldr	r0, .L50+52
 150 00a0 FFF7FEFF 		bl	UART_1_UartPutString
 151              	.LVL2:
 146:.\Stabilizer.c ****                 /* This is called only when Prog Mode entered */
 147:.\Stabilizer.c ****                 Mode_Changed = FALSE;   
 152              		.loc 1 147 0
 153 00a4 2670     		strb	r6, [r4]
 148:.\Stabilizer.c ****                 ctrl_in_ent[in_ail] = ctrl_in[in_ail];
 154              		.loc 1 148 0
 155 00a6 6A88     		ldrh	r2, [r5, #2]
 156 00a8 A280     		strh	r2, [r4, #4]
 149:.\Stabilizer.c ****                 ctrl_in_ent[in_ele] = ctrl_in[in_ele];
 157              		.loc 1 149 0
 158 00aa AA88     		ldrh	r2, [r5, #4]
 159 00ac E280     		strh	r2, [r4, #6]
 150:.\Stabilizer.c ****                 ctrl_in_ent[in_rud] = ctrl_in[in_rud];
 160              		.loc 1 150 0
 161 00ae EA88     		ldrh	r2, [r5, #6]
 162 00b0 2281     		strh	r2, [r4, #8]
 163              	.L8:
 151:.\Stabilizer.c ****             }
 152:.\Stabilizer.c ****             /* Indicate that in Prog Mode */
 153:.\Stabilizer.c ****             OnBoardLED_Write(0xFF);       
 164              		.loc 1 153 0
 165 00b2 FF20     		mov	r0, #255
 166 00b4 FFF7FEFF 		bl	OnBoardLED_Write
 167              	.LVL3:
 154:.\Stabilizer.c ****             
 155:.\Stabilizer.c ****             /* EXIT Programming Mode Timer -> Reset when any stick is moved */
 156:.\Stabilizer.c ****             ExitProgMode_Timer++;
 168              		.loc 1 156 0
 169 00b8 638A     		ldrh	r3, [r4, #18]
 157:.\Stabilizer.c ****             if(ExitProgMode_Timer >= 1000) /* 10 second timeout */
 170              		.loc 1 157 0
 171 00ba 984A     		ldr	r2, .L50+56
 156:.\Stabilizer.c ****             ExitProgMode_Timer++;
 172              		.loc 1 156 0
 173 00bc 0133     		add	r3, r3, #1
 174 00be 9BB2     		uxth	r3, r3
 175 00c0 6382     		strh	r3, [r4, #18]
 176 00c2 8E4F     		ldr	r7, .L50+24
 177              		.loc 1 157 0
 178 00c4 9342     		cmp	r3, r2
 179 00c6 1AD9     		bls	.L9
 158:.\Stabilizer.c ****             {
ARM GAS  C:\Users\Sven\AppData\Local\Temp\ccGqY44j.s 			page 7


 159:.\Stabilizer.c ****                 /* Store new Stabi Data */
 160:.\Stabilizer.c ****                 EEPROM_write(EEPROM_K_D_P_ADD, (uint8_t)K_d_p);
 180              		.loc 1 160 0
 181 00c8 3978     		ldrb	r1, [r7]
 182 00ca 0120     		mov	r0, #1
 183 00cc FFF7FEFF 		bl	EEPROM_write
 184              	.LVL4:
 161:.\Stabilizer.c ****                 CyDelay(100);
 185              		.loc 1 161 0
 186 00d0 6420     		mov	r0, #100
 187 00d2 FFF7FEFF 		bl	CyDelay
 188              	.LVL5:
 162:.\Stabilizer.c ****                 EEPROM_write(EEPROM_K_D_Q_ADD, (uint8_t)K_d_q);
 189              		.loc 1 162 0
 190 00d6 8C4B     		ldr	r3, .L50+36
 191 00d8 0220     		mov	r0, #2
 192 00da 1978     		ldrb	r1, [r3]
 193 00dc FFF7FEFF 		bl	EEPROM_write
 194              	.LVL6:
 163:.\Stabilizer.c ****                 CyDelay(100);
 195              		.loc 1 163 0
 196 00e0 6420     		mov	r0, #100
 197 00e2 FFF7FEFF 		bl	CyDelay
 198              	.LVL7:
 164:.\Stabilizer.c ****                 EEPROM_write(EEPROM_K_D_R_ADD, (uint8_t)K_d_r);
 199              		.loc 1 164 0
 200 00e6 8A4B     		ldr	r3, .L50+44
 201 00e8 0320     		mov	r0, #3
 202 00ea 1978     		ldrb	r1, [r3]
 203 00ec FFF7FEFF 		bl	EEPROM_write
 204              	.LVL8:
 165:.\Stabilizer.c ****                 UART_1_UartPutString("EEPROM Stored\r\n");
 205              		.loc 1 165 0
 206 00f0 8B48     		ldr	r0, .L50+60
 207 00f2 FFF7FEFF 		bl	UART_1_UartPutString
 208              	.LVL9:
 166:.\Stabilizer.c ****                 //Stab_Val_Use[0]=K_d_p;
 167:.\Stabilizer.c ****                 //Stab_Val_Use[1]=K_d_q;
 168:.\Stabilizer.c ****                 //Stab_Val_Use[2]=K_d_r;
 169:.\Stabilizer.c ****                 //Em_EEPROM_1_Write(Stab_Val_Use, Stab_Val_Stor,3);
 170:.\Stabilizer.c ****                 /* Leave Programming Mode */
 171:.\Stabilizer.c ****                 Ctrl_Mode = damped;
 209              		.loc 1 171 0
 210 00f6 7B49     		ldr	r1, .L50
 211 00f8 0123     		mov	r3, #1
 212 00fa 0B70     		strb	r3, [r1]
 172:.\Stabilizer.c ****                 Mode_Changed = TRUE;  
 213              		.loc 1 172 0
 214 00fc 2370     		strb	r3, [r4]
 215              	.L9:
 173:.\Stabilizer.c ****             }
 174:.\Stabilizer.c ****             /* EXIT END*/
 175:.\Stabilizer.c ****             
 176:.\Stabilizer.c ****             /* Show current Damping Values by movement*/
 177:.\Stabilizer.c ****             MPU6050_data_read();    /* All MPU Data is read at once */
 216              		.loc 1 177 0
 217 00fe FFF7FEFF 		bl	MPU6050_data_read
ARM GAS  C:\Users\Sven\AppData\Local\Temp\ccGqY44j.s 			page 8


 218              	.LVL10:
 178:.\Stabilizer.c ****         
 179:.\Stabilizer.c ****             ctrl_out[out_ail1]  = ctrl_in_ent[in_ail]+(K_d_p*(turn_rate_p));           // ail:     
 219              		.loc 1 179 0
 220 0102 7F4B     		ldr	r3, .L50+28
 221 0104 3A78     		ldrb	r2, [r7]
 222 0106 1988     		ldrh	r1, [r3]
 223 0108 0192     		str	r2, [sp, #4]
 224 010a 52B2     		sxtb	r2, r2
 225 010c 5143     		mul	r1, r2
 226 010e A388     		ldrh	r3, [r4, #4]
 180:.\Stabilizer.c ****             ctrl_out[out_ail2]  = ctrl_in_ent[in_ail]+(K_d_p*(turn_rate_p));
 181:.\Stabilizer.c ****             ctrl_out[out_ele1]  = ctrl_in_ent[in_ele]+(K_d_q*(turn_rate_q));           // ele:     
 227              		.loc 1 181 0
 228 0110 7D4E     		ldr	r6, .L50+36
 179:.\Stabilizer.c ****             ctrl_out[out_ail1]  = ctrl_in_ent[in_ail]+(K_d_p*(turn_rate_p));           // ail:     
 229              		.loc 1 179 0
 230 0112 C918     		add	r1, r1, r3
 231 0114 7B4B     		ldr	r3, .L50+32
 232 0116 89B2     		uxth	r1, r1
 233 0118 5980     		strh	r1, [r3, #2]
 180:.\Stabilizer.c ****             ctrl_out[out_ail2]  = ctrl_in_ent[in_ail]+(K_d_p*(turn_rate_p));
 234              		.loc 1 180 0
 235 011a 9980     		strh	r1, [r3, #4]
 236              		.loc 1 181 0
 237 011c 7B49     		ldr	r1, .L50+40
 238 011e 0020     		mov	r0, #0
 239 0120 3056     		ldrsb	r0, [r6, r0]
 240 0122 0988     		ldrh	r1, [r1]
 182:.\Stabilizer.c ****             ctrl_out[out_ele2]  = ctrl_in_ent[in_ele]+(K_d_q*(turn_rate_q));
 183:.\Stabilizer.c ****             ctrl_out[out_rud]   = ctrl_in_ent[in_rud]+((K_d_r*turn_rate_r));            // rud:    
 241              		.loc 1 183 0
 242 0124 7A4D     		ldr	r5, .L50+44
 181:.\Stabilizer.c ****             ctrl_out[out_ele1]  = ctrl_in_ent[in_ele]+(K_d_q*(turn_rate_q));           // ele:     
 243              		.loc 1 181 0
 244 0126 4843     		mul	r0, r1
 245 0128 E188     		ldrh	r1, [r4, #6]
 179:.\Stabilizer.c ****             ctrl_out[out_ail1]  = ctrl_in_ent[in_ail]+(K_d_p*(turn_rate_p));           // ail:     
 246              		.loc 1 179 0
 247 012a 9446     		mov	ip, r2
 181:.\Stabilizer.c ****             ctrl_out[out_ele1]  = ctrl_in_ent[in_ele]+(K_d_q*(turn_rate_q));           // ele:     
 248              		.loc 1 181 0
 249 012c 4118     		add	r1, r0, r1
 250 012e 89B2     		uxth	r1, r1
 251 0130 D980     		strh	r1, [r3, #6]
 182:.\Stabilizer.c ****             ctrl_out[out_ele2]  = ctrl_in_ent[in_ele]+(K_d_q*(turn_rate_q));
 252              		.loc 1 182 0
 253 0132 1981     		strh	r1, [r3, #8]
 254              		.loc 1 183 0
 255 0134 7749     		ldr	r1, .L50+48
 256 0136 0020     		mov	r0, #0
 257 0138 2856     		ldrsb	r0, [r5, r0]
 258 013a 0988     		ldrh	r1, [r1]
 184:.\Stabilizer.c ****             
 185:.\Stabilizer.c ****             /****************************************/
 186:.\Stabilizer.c ****             /* MODIFY K_d_p value with Aileron Stick */
 187:.\Stabilizer.c ****             static uint8_t ail_cmd = FALSE;
ARM GAS  C:\Users\Sven\AppData\Local\Temp\ccGqY44j.s 			page 9


 188:.\Stabilizer.c ****             if((ctrl_in[in_ail] > 1700) && (ail_cmd== FALSE))
 259              		.loc 1 188 0
 260 013c 6B4A     		ldr	r2, .L50+8
 183:.\Stabilizer.c ****             ctrl_out[out_rud]   = ctrl_in_ent[in_rud]+((K_d_r*turn_rate_r));            // rud:    
 261              		.loc 1 183 0
 262 013e 4143     		mul	r1, r0
 263 0140 2089     		ldrh	r0, [r4, #8]
 264 0142 0918     		add	r1, r1, r0
 265 0144 5981     		strh	r1, [r3, #10]
 266              		.loc 1 188 0
 267 0146 5388     		ldrh	r3, [r2, #2]
 268 0148 764A     		ldr	r2, .L50+64
 269 014a 9342     		cmp	r3, r2
 270 014c 12D9     		bls	.L10
 271              		.loc 1 188 0 is_stmt 0 discriminator 1
 272 014e 237D     		ldrb	r3, [r4, #20]
 273 0150 002B     		cmp	r3, #0
 274 0152 2AD1     		bne	.L11
 189:.\Stabilizer.c ****             {
 190:.\Stabilizer.c ****                 ExitProgMode_Timer = 0; /* Reset exit timer on stick movement */
 275              		.loc 1 190 0 is_stmt 1
 276 0154 6382     		strh	r3, [r4, #18]
 191:.\Stabilizer.c ****                 ail_cmd = TRUE;
 277              		.loc 1 191 0
 278 0156 0123     		mov	r3, #1
 279 0158 2375     		strb	r3, [r4, #20]
 192:.\Stabilizer.c ****                 
 193:.\Stabilizer.c ****                 /* Limit Values for Aileron Damping + - 10 */
 194:.\Stabilizer.c ****                 if(K_d_p < 10) K_d_p++;
 280              		.loc 1 194 0
 281 015a 6346     		mov	r3, ip
 282 015c 092B     		cmp	r3, #9
 283 015e 02DC     		bgt	.L12
 284              		.loc 1 194 0 is_stmt 0 discriminator 1
 285 0160 019B     		ldr	r3, [sp, #4]
 286 0162 0133     		add	r3, r3, #1
 287 0164 3B70     		strb	r3, [r7]
 288              	.L12:
 195:.\Stabilizer.c ****                 UART_1_UartPutString("K_d_p: ");
 289              		.loc 1 195 0 is_stmt 1
 290 0166 7048     		ldr	r0, .L50+68
 291 0168 FFF7FEFF 		bl	UART_1_UartPutString
 292              	.LVL11:
 196:.\Stabilizer.c ****                 UART_1_UartPutNum(K_d_p);
 293              		.loc 1 196 0
 294 016c 6349     		ldr	r1, .L50+24
 295 016e 0020     		mov	r0, #0
 296 0170 0856     		ldrsb	r0, [r1, r0]
 297 0172 14E0     		b	.L42
 298              	.L10:
 197:.\Stabilizer.c ****                 UART_1_UartPutString("\r\n");
 198:.\Stabilizer.c ****             }
 199:.\Stabilizer.c ****             else if((ctrl_in[in_ail] < 1300)&& (ail_cmd == FALSE))
 299              		.loc 1 199 0
 300 0174 6D4A     		ldr	r2, .L50+72
 301 0176 9342     		cmp	r3, r2
 302 0178 17D8     		bhi	.L11
ARM GAS  C:\Users\Sven\AppData\Local\Temp\ccGqY44j.s 			page 10


 303              		.loc 1 199 0 is_stmt 0 discriminator 1
 304 017a 237D     		ldrb	r3, [r4, #20]
 305 017c 002B     		cmp	r3, #0
 306 017e 14D1     		bne	.L11
 200:.\Stabilizer.c ****             {
 201:.\Stabilizer.c ****                 ExitProgMode_Timer = 0; /* Reset exit timer on stick movement */
 307              		.loc 1 201 0 is_stmt 1
 308 0180 6382     		strh	r3, [r4, #18]
 202:.\Stabilizer.c ****                 ail_cmd = TRUE;
 203:.\Stabilizer.c ****                 /* Limit Values for Aileron Damping + - 10 */
 204:.\Stabilizer.c ****                 if(K_d_p > -10) K_d_p--;
 309              		.loc 1 204 0
 310 0182 6246     		mov	r2, ip
 202:.\Stabilizer.c ****                 ail_cmd = TRUE;
 311              		.loc 1 202 0
 312 0184 0123     		mov	r3, #1
 313 0186 2375     		strb	r3, [r4, #20]
 314              		.loc 1 204 0
 315 0188 0932     		add	r2, r2, #9
 316 018a 02DB     		blt	.L14
 317              		.loc 1 204 0 is_stmt 0 discriminator 1
 318 018c 019B     		ldr	r3, [sp, #4]
 319 018e 013B     		sub	r3, r3, #1
 320 0190 3B70     		strb	r3, [r7]
 321              	.L14:
 205:.\Stabilizer.c ****                 UART_1_UartPutString("K_d_p: ");
 322              		.loc 1 205 0 is_stmt 1
 323 0192 6548     		ldr	r0, .L50+68
 324 0194 FFF7FEFF 		bl	UART_1_UartPutString
 325              	.LVL12:
 206:.\Stabilizer.c ****                 UART_1_UartPutNum(K_d_p);
 326              		.loc 1 206 0
 327 0198 584B     		ldr	r3, .L50+24
 328 019a 0020     		mov	r0, #0
 329 019c 1856     		ldrsb	r0, [r3, r0]
 330              	.L42:
 331 019e FFF7FEFF 		bl	UART_1_UartPutNum
 332              	.LVL13:
 207:.\Stabilizer.c ****                 UART_1_UartPutString("\r\n");
 333              		.loc 1 207 0
 334 01a2 6348     		ldr	r0, .L50+76
 335 01a4 FFF7FEFF 		bl	UART_1_UartPutString
 336              	.LVL14:
 337 01a8 04E0     		b	.L13
 338              	.L11:
 208:.\Stabilizer.c ****             }
 209:.\Stabilizer.c ****             else if(EleAilNeutral)
 339              		.loc 1 209 0
 340 01aa 637D     		ldrb	r3, [r4, #21]
 341 01ac 002B     		cmp	r3, #0
 342 01ae 01D0     		beq	.L13
 210:.\Stabilizer.c ****             {
 211:.\Stabilizer.c ****                 /* Reset the command */
 212:.\Stabilizer.c ****                 ail_cmd = FALSE;
 343              		.loc 1 212 0
 344 01b0 0023     		mov	r3, #0
 345 01b2 2375     		strb	r3, [r4, #20]
ARM GAS  C:\Users\Sven\AppData\Local\Temp\ccGqY44j.s 			page 11


 346              	.L13:
 213:.\Stabilizer.c ****             }
 214:.\Stabilizer.c **** 
 215:.\Stabilizer.c ****             /****************************************/
 216:.\Stabilizer.c ****             /* MODIFY K_d_q value with Elevator Stick */
 217:.\Stabilizer.c ****             static uint8_t ele_cmd = FALSE;
 218:.\Stabilizer.c **** 
 219:.\Stabilizer.c ****             if((ctrl_in[in_ele] > 1800) && (ele_cmd== FALSE))
 347              		.loc 1 219 0
 348 01b4 4D49     		ldr	r1, .L50+8
 349 01b6 E122     		mov	r2, #225
 350 01b8 8B88     		ldrh	r3, [r1, #4]
 351 01ba D200     		lsl	r2, r2, #3
 352 01bc 9342     		cmp	r3, r2
 353 01be 0BD9     		bls	.L15
 354              		.loc 1 219 0 is_stmt 0 discriminator 1
 355 01c0 A37D     		ldrb	r3, [r4, #22]
 356 01c2 002B     		cmp	r3, #0
 357 01c4 22D1     		bne	.L16
 220:.\Stabilizer.c ****             {
 221:.\Stabilizer.c ****                 ExitProgMode_Timer = 0; /* Reset exit timer on stick movement */
 358              		.loc 1 221 0 is_stmt 1
 359 01c6 6382     		strh	r3, [r4, #18]
 222:.\Stabilizer.c ****                 ele_cmd = TRUE;
 360              		.loc 1 222 0
 361 01c8 0123     		mov	r3, #1
 362 01ca A375     		strb	r3, [r4, #22]
 223:.\Stabilizer.c ****                 /* Limit Values for Elevator Damping + - 10 */
 224:.\Stabilizer.c ****                 if(K_d_q < 10) K_d_q++;
 363              		.loc 1 224 0
 364 01cc 3378     		ldrb	r3, [r6]
 365 01ce 5AB2     		sxtb	r2, r3
 366 01d0 0133     		add	r3, r3, #1
 367 01d2 092A     		cmp	r2, #9
 368 01d4 0EDD     		ble	.L47
 369 01d6 0EE0     		b	.L19
 370              	.L15:
 225:.\Stabilizer.c ****                 UART_1_UartPutString("K_d_q: ");
 226:.\Stabilizer.c ****                 UART_1_UartPutNum(K_d_q);
 227:.\Stabilizer.c ****                 UART_1_UartPutString("\r\n");
 228:.\Stabilizer.c ****             }
 229:.\Stabilizer.c ****             else if((ctrl_in[in_ele] < 1200)&& (ele_cmd == FALSE))
 371              		.loc 1 229 0
 372 01d8 564A     		ldr	r2, .L50+80
 373 01da 9342     		cmp	r3, r2
 374 01dc 16D8     		bhi	.L16
 375              		.loc 1 229 0 is_stmt 0 discriminator 1
 376 01de A37D     		ldrb	r3, [r4, #22]
 377 01e0 002B     		cmp	r3, #0
 378 01e2 13D1     		bne	.L16
 230:.\Stabilizer.c ****             {
 231:.\Stabilizer.c ****                 ExitProgMode_Timer = 0; /* Reset exit timer on stick movement */
 379              		.loc 1 231 0 is_stmt 1
 380 01e4 6382     		strh	r3, [r4, #18]
 232:.\Stabilizer.c ****                 ele_cmd = TRUE;
 381              		.loc 1 232 0
 382 01e6 0123     		mov	r3, #1
ARM GAS  C:\Users\Sven\AppData\Local\Temp\ccGqY44j.s 			page 12


 383 01e8 A375     		strb	r3, [r4, #22]
 233:.\Stabilizer.c ****                 /* Limit Values for Elevator Damping + - 10 */
 234:.\Stabilizer.c ****                 if(K_d_q > -10) K_d_q--;
 384              		.loc 1 234 0
 385 01ea 3378     		ldrb	r3, [r6]
 386 01ec 5AB2     		sxtb	r2, r3
 387 01ee 0932     		add	r2, r2, #9
 388 01f0 01DB     		blt	.L19
 389              		.loc 1 234 0 is_stmt 0 discriminator 1
 390 01f2 013B     		sub	r3, r3, #1
 391              	.L47:
 392 01f4 3370     		strb	r3, [r6]
 393              	.L19:
 235:.\Stabilizer.c ****                 UART_1_UartPutString("K_d_q: ");
 394              		.loc 1 235 0 is_stmt 1
 395 01f6 5048     		ldr	r0, .L50+84
 396 01f8 FFF7FEFF 		bl	UART_1_UartPutString
 397              	.LVL15:
 236:.\Stabilizer.c ****                 UART_1_UartPutNum(K_d_q);
 398              		.loc 1 236 0
 399 01fc 0020     		mov	r0, #0
 400 01fe 3056     		ldrsb	r0, [r6, r0]
 401 0200 FFF7FEFF 		bl	UART_1_UartPutNum
 402              	.LVL16:
 237:.\Stabilizer.c ****                 UART_1_UartPutString("\r\n");
 403              		.loc 1 237 0
 404 0204 4A48     		ldr	r0, .L50+76
 405 0206 FFF7FEFF 		bl	UART_1_UartPutString
 406              	.LVL17:
 407 020a 04E0     		b	.L18
 408              	.L16:
 238:.\Stabilizer.c ****             }
 239:.\Stabilizer.c ****             else if(EleAilNeutral)
 409              		.loc 1 239 0
 410 020c 637D     		ldrb	r3, [r4, #21]
 411 020e 002B     		cmp	r3, #0
 412 0210 01D0     		beq	.L18
 240:.\Stabilizer.c ****             {
 241:.\Stabilizer.c ****                 /* Reset the command */
 242:.\Stabilizer.c ****                 ele_cmd = FALSE;
 413              		.loc 1 242 0
 414 0212 0023     		mov	r3, #0
 415 0214 A375     		strb	r3, [r4, #22]
 416              	.L18:
 243:.\Stabilizer.c ****             }
 244:.\Stabilizer.c ****             
 245:.\Stabilizer.c ****              /****************************************/
 246:.\Stabilizer.c ****             /* MODIFY K_d_r value with Rudder Stick */
 247:.\Stabilizer.c ****             static uint8_t rud_cmd = FALSE;
 248:.\Stabilizer.c **** 
 249:.\Stabilizer.c ****             if((ctrl_in[in_rud] > 1800) && (rud_cmd== FALSE))
 417              		.loc 1 249 0
 418 0216 354A     		ldr	r2, .L50+8
 419 0218 D388     		ldrh	r3, [r2, #6]
 420 021a E122     		mov	r2, #225
 421 021c D200     		lsl	r2, r2, #3
 422 021e 9342     		cmp	r3, r2
ARM GAS  C:\Users\Sven\AppData\Local\Temp\ccGqY44j.s 			page 13


 423 0220 0BD9     		bls	.L20
 424              		.loc 1 249 0 is_stmt 0 discriminator 1
 425 0222 E37D     		ldrb	r3, [r4, #23]
 426 0224 002B     		cmp	r3, #0
 427 0226 22D1     		bne	.L21
 250:.\Stabilizer.c ****             {
 251:.\Stabilizer.c ****                 ExitProgMode_Timer = 0; /* Reset exit timer on stick movement */
 428              		.loc 1 251 0 is_stmt 1
 429 0228 6382     		strh	r3, [r4, #18]
 252:.\Stabilizer.c ****                 rud_cmd = TRUE;
 430              		.loc 1 252 0
 431 022a 0123     		mov	r3, #1
 432 022c E375     		strb	r3, [r4, #23]
 253:.\Stabilizer.c ****                 /* Limit Values for Rudder Damping + - 10 */
 254:.\Stabilizer.c ****                 if(K_d_r < 10) K_d_r++;                
 433              		.loc 1 254 0
 434 022e 2B78     		ldrb	r3, [r5]
 435 0230 5AB2     		sxtb	r2, r3
 436 0232 0133     		add	r3, r3, #1
 437 0234 092A     		cmp	r2, #9
 438 0236 0EDD     		ble	.L48
 439 0238 0EE0     		b	.L23
 440              	.L20:
 255:.\Stabilizer.c ****                 UART_1_UartPutString("K_d_r: ");
 256:.\Stabilizer.c ****                 UART_1_UartPutNum(K_d_r);
 257:.\Stabilizer.c ****                 UART_1_UartPutString("\r\n");
 258:.\Stabilizer.c ****             }
 259:.\Stabilizer.c ****             else if((ctrl_in[in_rud] < 1200)&& (rud_cmd == FALSE))
 441              		.loc 1 259 0
 442 023a 3E4A     		ldr	r2, .L50+80
 443 023c 9342     		cmp	r3, r2
 444 023e 16D8     		bhi	.L21
 445              		.loc 1 259 0 is_stmt 0 discriminator 1
 446 0240 E37D     		ldrb	r3, [r4, #23]
 447 0242 002B     		cmp	r3, #0
 448 0244 13D1     		bne	.L21
 260:.\Stabilizer.c ****             {
 261:.\Stabilizer.c ****                 ExitProgMode_Timer = 0; /* Reset exit timer on stick movement */
 449              		.loc 1 261 0 is_stmt 1
 450 0246 6382     		strh	r3, [r4, #18]
 262:.\Stabilizer.c ****                 rud_cmd = TRUE;
 451              		.loc 1 262 0
 452 0248 0123     		mov	r3, #1
 453 024a E375     		strb	r3, [r4, #23]
 263:.\Stabilizer.c ****                 /* Limit Values for Rudder Damping + - 10 */
 264:.\Stabilizer.c ****                 if(K_d_r > -10) K_d_r--;                
 454              		.loc 1 264 0
 455 024c 2B78     		ldrb	r3, [r5]
 456 024e 5AB2     		sxtb	r2, r3
 457 0250 0932     		add	r2, r2, #9
 458 0252 01DB     		blt	.L23
 459              		.loc 1 264 0 is_stmt 0 discriminator 1
 460 0254 013B     		sub	r3, r3, #1
 461              	.L48:
 462 0256 2B70     		strb	r3, [r5]
 463              	.L23:
 265:.\Stabilizer.c ****                 UART_1_UartPutString("K_d_r: ");
ARM GAS  C:\Users\Sven\AppData\Local\Temp\ccGqY44j.s 			page 14


 464              		.loc 1 265 0 is_stmt 1
 465 0258 3848     		ldr	r0, .L50+88
 466 025a FFF7FEFF 		bl	UART_1_UartPutString
 467              	.LVL18:
 266:.\Stabilizer.c ****                 UART_1_UartPutNum(K_d_r);
 468              		.loc 1 266 0
 469 025e 0020     		mov	r0, #0
 470 0260 2856     		ldrsb	r0, [r5, r0]
 471 0262 FFF7FEFF 		bl	UART_1_UartPutNum
 472              	.LVL19:
 267:.\Stabilizer.c ****                 UART_1_UartPutString("\r\n");
 473              		.loc 1 267 0
 474 0266 3248     		ldr	r0, .L50+76
 475 0268 FFF7FEFF 		bl	UART_1_UartPutString
 476              	.LVL20:
 477 026c 04E0     		b	.L2
 478              	.L21:
 268:.\Stabilizer.c ****             }
 269:.\Stabilizer.c ****             else if(RudNeutral)
 479              		.loc 1 269 0
 480 026e 237E     		ldrb	r3, [r4, #24]
 481 0270 002B     		cmp	r3, #0
 482 0272 01D0     		beq	.L2
 270:.\Stabilizer.c ****             {
 271:.\Stabilizer.c ****                 /* Reset the command */
 272:.\Stabilizer.c ****                 rud_cmd = FALSE;
 483              		.loc 1 272 0
 484 0274 0023     		mov	r3, #0
 485 0276 E375     		strb	r3, [r4, #23]
 486              	.L2:
 487              	.LBE2:
 273:.\Stabilizer.c ****             }
 274:.\Stabilizer.c ****         break;
 275:.\Stabilizer.c ****     }
 276:.\Stabilizer.c ****     
 277:.\Stabilizer.c ****     
 278:.\Stabilizer.c ****     if((ctrl_in[in_ail] < 1350) && (ctrl_in[in_ele] < 1300) && (Ctrl_Mode == damped) && (ProgModeRe
 488              		.loc 1 278 0
 489 0278 1C4D     		ldr	r5, .L50+8
 490 027a 314B     		ldr	r3, .L50+92
 491 027c 6A88     		ldrh	r2, [r5, #2]
 492 027e 1A4C     		ldr	r4, .L50+4
 493 0280 9A42     		cmp	r2, r3
 494 0282 19D8     		bhi	.L25
 495              		.loc 1 278 0 is_stmt 0 discriminator 1
 496 0284 AA88     		ldrh	r2, [r5, #4]
 497 0286 294B     		ldr	r3, .L50+72
 498 0288 9A42     		cmp	r2, r3
 499 028a 15D8     		bhi	.L25
 500 028c 154B     		ldr	r3, .L50
 501 028e 1A78     		ldrb	r2, [r3]
 502 0290 012A     		cmp	r2, #1
 503 0292 11D1     		bne	.L25
 504 0294 6378     		ldrb	r3, [r4, #1]
 505 0296 002B     		cmp	r3, #0
 506 0298 0ED1     		bne	.L25
 279:.\Stabilizer.c ****     {
ARM GAS  C:\Users\Sven\AppData\Local\Temp\ccGqY44j.s 			page 15


 280:.\Stabilizer.c ****         if(ProgMode_Timer >= 1000) /* base 10msec => 10000msec = 10 sec */
 507              		.loc 1 280 0 is_stmt 1
 508 029a 608B     		ldrh	r0, [r4, #26]
 509 029c 1F49     		ldr	r1, .L50+56
 510 029e 8842     		cmp	r0, r1
 511 02a0 07D9     		bls	.L26
 281:.\Stabilizer.c ****         {
 282:.\Stabilizer.c ****             ProgModeReq = TRUE;     /* Request to enter Prog Mode */
 283:.\Stabilizer.c ****             /* Prog Mode Timer Reset */    
 284:.\Stabilizer.c ****             ExitProgMode_Timer = 0;
 285:.\Stabilizer.c ****             UART_1_UartPutString("Release Stick to Switch\r\n");
 512              		.loc 1 285 0
 513 02a2 2848     		ldr	r0, .L50+96
 282:.\Stabilizer.c ****             ProgModeReq = TRUE;     /* Request to enter Prog Mode */
 514              		.loc 1 282 0
 515 02a4 6270     		strb	r2, [r4, #1]
 284:.\Stabilizer.c ****             ExitProgMode_Timer = 0;
 516              		.loc 1 284 0
 517 02a6 6382     		strh	r3, [r4, #18]
 518              		.loc 1 285 0
 519 02a8 FFF7FEFF 		bl	UART_1_UartPutString
 520              	.LVL21:
 286:.\Stabilizer.c ****             OnBoardLED_Write(0xFF);
 521              		.loc 1 286 0
 522 02ac FF20     		mov	r0, #255
 523 02ae FFF7FEFF 		bl	OnBoardLED_Write
 524              	.LVL22:
 525              	.L26:
 287:.\Stabilizer.c ****         }
 288:.\Stabilizer.c ****         ProgMode_Timer++;
 526              		.loc 1 288 0
 527 02b2 638B     		ldrh	r3, [r4, #26]
 528 02b4 0133     		add	r3, r3, #1
 529 02b6 00E0     		b	.L44
 530              	.L25:
 289:.\Stabilizer.c ****     }
 290:.\Stabilizer.c ****     else 
 291:.\Stabilizer.c ****     {
 292:.\Stabilizer.c ****         ProgMode_Timer = 0;
 531              		.loc 1 292 0
 532 02b8 0023     		mov	r3, #0
 533              	.L44:
 534 02ba 6383     		strh	r3, [r4, #26]
 293:.\Stabilizer.c ****     }
 294:.\Stabilizer.c ****     
 295:.\Stabilizer.c ****     if((ctrl_in[in_ail] > 1400) && (ctrl_in[in_ail] < 1600)&&   // Aileron Neutral
 535              		.loc 1 295 0
 536 02bc 6B88     		ldrh	r3, [r5, #2]
 537 02be 2249     		ldr	r1, .L50+100
 538 02c0 5B18     		add	r3, r3, r1
 539 02c2 C62B     		cmp	r3, #198
 540 02c4 05D8     		bhi	.L28
 541              		.loc 1 295 0 is_stmt 0 discriminator 1
 542 02c6 AB88     		ldrh	r3, [r5, #4]
 543 02c8 5B18     		add	r3, r3, r1
 544 02ca C62B     		cmp	r3, #198
 545 02cc 01D8     		bhi	.L28
ARM GAS  C:\Users\Sven\AppData\Local\Temp\ccGqY44j.s 			page 16


 296:.\Stabilizer.c ****        (ctrl_in[in_ele] > 1400) && (ctrl_in[in_ele] < 1600))    // Elevator Neutral
 297:.\Stabilizer.c ****     {
 298:.\Stabilizer.c ****         EleAilNeutral = TRUE;
 546              		.loc 1 298 0 is_stmt 1
 547 02ce 0123     		mov	r3, #1
 548 02d0 00E0     		b	.L45
 549              	.L28:
 299:.\Stabilizer.c ****     }
 300:.\Stabilizer.c ****     else EleAilNeutral = FALSE;
 550              		.loc 1 300 0
 551 02d2 0023     		mov	r3, #0
 552              	.L45:
 553 02d4 6375     		strb	r3, [r4, #21]
 301:.\Stabilizer.c ****     
 302:.\Stabilizer.c ****     if((ctrl_in[in_rud] > 1400) && (ctrl_in[in_rud] < 1600))   // Rudder Neutral
 554              		.loc 1 302 0
 555 02d6 EB88     		ldrh	r3, [r5, #6]
 556 02d8 1B4A     		ldr	r2, .L50+100
 557 02da 9B18     		add	r3, r3, r2
 558 02dc C62B     		cmp	r3, #198
 559 02de 35D8     		bhi	.L30
 303:.\Stabilizer.c ****     {
 304:.\Stabilizer.c ****          RudNeutral = TRUE;
 560              		.loc 1 304 0
 561 02e0 0123     		mov	r3, #1
 562 02e2 34E0     		b	.L46
 563              	.L51:
 564              		.align	2
 565              	.L50:
 566 02e4 00000000 		.word	Ctrl_Mode
 567 02e8 00000000 		.word	.LANCHOR0
 568 02ec 00000000 		.word	ctrl_in
 569 02f0 00000000 		.word	.LC2
 570 02f4 00000000 		.word	imu_conn
 571 02f8 00000000 		.word	receiver_connected
 572 02fc 00000000 		.word	K_d_p
 573 0300 00000000 		.word	turn_rate_p
 574 0304 00000000 		.word	ctrl_out
 575 0308 00000000 		.word	K_d_q
 576 030c 00000000 		.word	turn_rate_q
 577 0310 00000000 		.word	K_d_r
 578 0314 00000000 		.word	turn_rate_r
 579 0318 14000000 		.word	.LC14
 580 031c E7030000 		.word	999
 581 0320 28000000 		.word	.LC16
 582 0324 A4060000 		.word	1700
 583 0328 38000000 		.word	.LC18
 584 032c 13050000 		.word	1299
 585 0330 40000000 		.word	.LC20
 586 0334 AF040000 		.word	1199
 587 0338 43000000 		.word	.LC22
 588 033c 4B000000 		.word	.LC24
 589 0340 45050000 		.word	1349
 590 0344 53000000 		.word	.LC26
 591 0348 87FAFFFF 		.word	-1401
 592              	.L30:
 305:.\Stabilizer.c ****     }
ARM GAS  C:\Users\Sven\AppData\Local\Temp\ccGqY44j.s 			page 17


 306:.\Stabilizer.c ****     else RudNeutral = FALSE;
 593              		.loc 1 306 0
 594 034c 0023     		mov	r3, #0
 595              	.L46:
 596 034e 2376     		strb	r3, [r4, #24]
 307:.\Stabilizer.c ****     
 308:.\Stabilizer.c ****     if((ProgModeReq == TRUE) && (EleAilNeutral == TRUE) && (Ctrl_Mode == damped))// && (ctrl_in[in_
 597              		.loc 1 308 0
 598 0350 6378     		ldrb	r3, [r4, #1]
 599 0352 012B     		cmp	r3, #1
 600 0354 09D1     		bne	.L1
 601              		.loc 1 308 0 is_stmt 0 discriminator 1
 602 0356 637D     		ldrb	r3, [r4, #21]
 603 0358 012B     		cmp	r3, #1
 604 035a 06D1     		bne	.L1
 605 035c 0349     		ldr	r1, .L52
 606 035e 0B78     		ldrb	r3, [r1]
 607 0360 012B     		cmp	r3, #1
 608 0362 02D1     		bne	.L1
 309:.\Stabilizer.c ****     {
 310:.\Stabilizer.c ****         /* Programming Mode ENTERED */
 311:.\Stabilizer.c ****         Ctrl_Mode = prog;   
 609              		.loc 1 311 0 is_stmt 1
 610 0364 0422     		mov	r2, #4
 611 0366 0A70     		strb	r2, [r1]
 312:.\Stabilizer.c ****         Mode_Changed = TRUE;
 612              		.loc 1 312 0
 613 0368 2370     		strb	r3, [r4]
 614              	.L1:
 313:.\Stabilizer.c ****     }
 314:.\Stabilizer.c ****     
 315:.\Stabilizer.c **** }
 615              		.loc 1 315 0
 616              		@ sp needed
 617 036a F7BD     		pop	{r0, r1, r2, r4, r5, r6, r7, pc}
 618              	.L53:
 619              		.align	2
 620              	.L52:
 621 036c 00000000 		.word	Ctrl_Mode
 622              		.cfi_endproc
 623              	.LFE33:
 624              		.size	Stabi_Task, .-Stabi_Task
 625              		.global	RudNeutral
 626              		.global	EleAilNeutral
 627              		.global	Mode_Changed
 628              		.global	ProgModeReq
 629              		.global	ExitProgMode_Timer
 630              		.global	ProgMode_Timer
 631              		.global	K_d_p_conv
 632              		.comm	receiver_connected,1,1
 633              		.global	ctrl_in_ent
 634              		.section	.rodata.str1.1,"aMS",%progbits,1
 635              	.LC2:
 636 0000 53746162 		.ascii	"Stab Mode Entered\015\012\000"
 636      204D6F64 
 636      6520456E 
 636      74657265 
ARM GAS  C:\Users\Sven\AppData\Local\Temp\ccGqY44j.s 			page 18


 636      640D0A00 
 637              	.LC14:
 638 0014 50726F67 		.ascii	"Prog Mode Entered\015\012\000"
 638      204D6F64 
 638      6520456E 
 638      74657265 
 638      640D0A00 
 639              	.LC16:
 640 0028 45455052 		.ascii	"EEPROM Stored\015\012\000"
 640      4F4D2053 
 640      746F7265 
 640      640D0A00 
 641              	.LC18:
 642 0038 4B5F645F 		.ascii	"K_d_p: \000"
 642      703A2000 
 643              	.LC20:
 644 0040 0D0A00   		.ascii	"\015\012\000"
 645              	.LC22:
 646 0043 4B5F645F 		.ascii	"K_d_q: \000"
 646      713A2000 
 647              	.LC24:
 648 004b 4B5F645F 		.ascii	"K_d_r: \000"
 648      723A2000 
 649              	.LC26:
 650 0053 52656C65 		.ascii	"Release Stick to Switch\015\012\000"
 650      61736520 
 650      53746963 
 650      6B20746F 
 650      20537769 
 651              		.bss
 652              		.align	1
 653              		.set	.LANCHOR0,. + 0
 654              		.type	Mode_Changed, %object
 655              		.size	Mode_Changed, 1
 656              	Mode_Changed:
 657 0000 00       		.space	1
 658              		.type	ProgModeReq, %object
 659              		.size	ProgModeReq, 1
 660              	ProgModeReq:
 661 0001 00       		.space	1
 662              		.type	ctrl_in_ent, %object
 663              		.size	ctrl_in_ent, 16
 664              	ctrl_in_ent:
 665 0002 00000000 		.space	16
 665      00000000 
 665      00000000 
 665      00000000 
 666              		.type	ExitProgMode_Timer, %object
 667              		.size	ExitProgMode_Timer, 2
 668              	ExitProgMode_Timer:
 669 0012 0000     		.space	2
 670              		.type	ail_cmd.6166, %object
 671              		.size	ail_cmd.6166, 1
 672              	ail_cmd.6166:
 673 0014 00       		.space	1
 674              		.type	EleAilNeutral, %object
 675              		.size	EleAilNeutral, 1
ARM GAS  C:\Users\Sven\AppData\Local\Temp\ccGqY44j.s 			page 19


 676              	EleAilNeutral:
 677 0015 00       		.space	1
 678              		.type	ele_cmd.6167, %object
 679              		.size	ele_cmd.6167, 1
 680              	ele_cmd.6167:
 681 0016 00       		.space	1
 682              		.type	rud_cmd.6168, %object
 683              		.size	rud_cmd.6168, 1
 684              	rud_cmd.6168:
 685 0017 00       		.space	1
 686              		.type	RudNeutral, %object
 687              		.size	RudNeutral, 1
 688              	RudNeutral:
 689 0018 00       		.space	1
 690 0019 00       		.space	1
 691              		.type	ProgMode_Timer, %object
 692              		.size	ProgMode_Timer, 2
 693              	ProgMode_Timer:
 694 001a 0000     		.space	2
 695              		.type	K_d_p_conv, %object
 696              		.size	K_d_p_conv, 1
 697              	K_d_p_conv:
 698 001c 00       		.space	1
 699 001d 00       		.text
 700              	.Letext0:
 701              		.file 2 "e:\\program files (x86)\\cypress\\psoc creator\\3.1\\psoc creator\\import\\gnu_cs\\arm\\4
 702              		.file 3 "e:\\program files (x86)\\cypress\\psoc creator\\3.1\\psoc creator\\import\\gnu_cs\\arm\\4
 703              		.file 4 ".\\Generated_Source\\PSoC4/cytypes.h"
 704              		.file 5 ".\\Generated_Source\\PSoC4/UART_1_SPI_UART.h"
 705              		.file 6 ".\\Generated_Source\\PSoC4/OnBoardLED.h"
 706              		.file 7 "./EEPROM.h"
 707              		.file 8 ".\\Generated_Source\\PSoC4/CyLib.h"
 708              		.file 9 "./IMU.h"
 709              		.section	.debug_info,"",%progbits
 710              	.Ldebug_info0:
 711 0000 4E050000 		.4byte	0x54e
 712 0004 0400     		.2byte	0x4
 713 0006 00000000 		.4byte	.Ldebug_abbrev0
 714 000a 04       		.byte	0x4
 715 000b 01       		.uleb128 0x1
 716 000c 4F020000 		.4byte	.LASF79
 717 0010 01       		.byte	0x1
 718 0011 07040000 		.4byte	.LASF80
 719 0015 C6010000 		.4byte	.LASF81
 720 0019 00000000 		.4byte	.Ldebug_ranges0+0
 721 001d 00000000 		.4byte	0
 722 0021 00000000 		.4byte	.Ldebug_line0
 723 0025 02       		.uleb128 0x2
 724 0026 84000000 		.4byte	.LASF0
 725 002a 02       		.byte	0x2
 726 002b 1B       		.byte	0x1b
 727 002c 30000000 		.4byte	0x30
 728 0030 03       		.uleb128 0x3
 729 0031 01       		.byte	0x1
 730 0032 06       		.byte	0x6
 731 0033 B5000000 		.4byte	.LASF2
 732 0037 02       		.uleb128 0x2
ARM GAS  C:\Users\Sven\AppData\Local\Temp\ccGqY44j.s 			page 20


 733 0038 39000000 		.4byte	.LASF1
 734 003c 02       		.byte	0x2
 735 003d 1C       		.byte	0x1c
 736 003e 42000000 		.4byte	0x42
 737 0042 03       		.uleb128 0x3
 738 0043 01       		.byte	0x1
 739 0044 08       		.byte	0x8
 740 0045 ED020000 		.4byte	.LASF3
 741 0049 02       		.uleb128 0x2
 742 004a 1D010000 		.4byte	.LASF4
 743 004e 02       		.byte	0x2
 744 004f 25       		.byte	0x25
 745 0050 54000000 		.4byte	0x54
 746 0054 03       		.uleb128 0x3
 747 0055 02       		.byte	0x2
 748 0056 05       		.byte	0x5
 749 0057 02030000 		.4byte	.LASF5
 750 005b 02       		.uleb128 0x2
 751 005c 73030000 		.4byte	.LASF6
 752 0060 02       		.byte	0x2
 753 0061 26       		.byte	0x26
 754 0062 66000000 		.4byte	0x66
 755 0066 03       		.uleb128 0x3
 756 0067 02       		.byte	0x2
 757 0068 07       		.byte	0x7
 758 0069 AB010000 		.4byte	.LASF7
 759 006d 03       		.uleb128 0x3
 760 006e 04       		.byte	0x4
 761 006f 05       		.byte	0x5
 762 0070 CE000000 		.4byte	.LASF8
 763 0074 03       		.uleb128 0x3
 764 0075 04       		.byte	0x4
 765 0076 07       		.byte	0x7
 766 0077 75010000 		.4byte	.LASF9
 767 007b 03       		.uleb128 0x3
 768 007c 08       		.byte	0x8
 769 007d 05       		.byte	0x5
 770 007e A7000000 		.4byte	.LASF10
 771 0082 03       		.uleb128 0x3
 772 0083 08       		.byte	0x8
 773 0084 07       		.byte	0x7
 774 0085 5D000000 		.4byte	.LASF11
 775 0089 04       		.uleb128 0x4
 776 008a 04       		.byte	0x4
 777 008b 05       		.byte	0x5
 778 008c 696E7400 		.ascii	"int\000"
 779 0090 03       		.uleb128 0x3
 780 0091 04       		.byte	0x4
 781 0092 07       		.byte	0x7
 782 0093 5C010000 		.4byte	.LASF12
 783 0097 02       		.uleb128 0x2
 784 0098 B2030000 		.4byte	.LASF13
 785 009c 03       		.byte	0x3
 786 009d 29       		.byte	0x29
 787 009e 25000000 		.4byte	0x25
 788 00a2 02       		.uleb128 0x2
 789 00a3 DB030000 		.4byte	.LASF14
ARM GAS  C:\Users\Sven\AppData\Local\Temp\ccGqY44j.s 			page 21


 790 00a7 03       		.byte	0x3
 791 00a8 2A       		.byte	0x2a
 792 00a9 37000000 		.4byte	0x37
 793 00ad 02       		.uleb128 0x2
 794 00ae 9F000000 		.4byte	.LASF15
 795 00b2 03       		.byte	0x3
 796 00b3 35       		.byte	0x35
 797 00b4 49000000 		.4byte	0x49
 798 00b8 02       		.uleb128 0x2
 799 00b9 E2000000 		.4byte	.LASF16
 800 00bd 03       		.byte	0x3
 801 00be 36       		.byte	0x36
 802 00bf 5B000000 		.4byte	0x5b
 803 00c3 02       		.uleb128 0x2
 804 00c4 DC000000 		.4byte	.LASF17
 805 00c8 04       		.byte	0x4
 806 00c9 A1       		.byte	0xa1
 807 00ca 42000000 		.4byte	0x42
 808 00ce 02       		.uleb128 0x2
 809 00cf 16010000 		.4byte	.LASF18
 810 00d3 04       		.byte	0x4
 811 00d4 A3       		.byte	0xa3
 812 00d5 74000000 		.4byte	0x74
 813 00d9 03       		.uleb128 0x3
 814 00da 04       		.byte	0x4
 815 00db 04       		.byte	0x4
 816 00dc 42020000 		.4byte	.LASF19
 817 00e0 03       		.uleb128 0x3
 818 00e1 08       		.byte	0x8
 819 00e2 04       		.byte	0x4
 820 00e3 F4000000 		.4byte	.LASF20
 821 00e7 02       		.uleb128 0x2
 822 00e8 88030000 		.4byte	.LASF21
 823 00ec 04       		.byte	0x4
 824 00ed B2       		.byte	0xb2
 825 00ee F2000000 		.4byte	0xf2
 826 00f2 03       		.uleb128 0x3
 827 00f3 01       		.byte	0x1
 828 00f4 08       		.byte	0x8
 829 00f5 5C030000 		.4byte	.LASF22
 830 00f9 03       		.uleb128 0x3
 831 00fa 04       		.byte	0x4
 832 00fb 07       		.byte	0x7
 833 00fc 10020000 		.4byte	.LASF23
 834 0100 05       		.uleb128 0x5
 835 0101 2F000000 		.4byte	.LASF29
 836 0105 01       		.byte	0x1
 837 0106 01       		.byte	0x1
 838 0107 2B       		.byte	0x2b
 839 0108 2B010000 		.4byte	0x12b
 840 010c 06       		.uleb128 0x6
 841 010d 69010000 		.4byte	.LASF24
 842 0111 00       		.sleb128 0
 843 0112 06       		.uleb128 0x6
 844 0113 CC030000 		.4byte	.LASF25
 845 0117 01       		.sleb128 1
 846 0118 06       		.uleb128 0x6
ARM GAS  C:\Users\Sven\AppData\Local\Temp\ccGqY44j.s 			page 22


 847 0119 2B020000 		.4byte	.LASF26
 848 011d 02       		.sleb128 2
 849 011e 06       		.uleb128 0x6
 850 011f DE020000 		.4byte	.LASF27
 851 0123 03       		.sleb128 3
 852 0124 06       		.uleb128 0x6
 853 0125 70010000 		.4byte	.LASF28
 854 0129 04       		.sleb128 4
 855 012a 00       		.byte	0
 856 012b 05       		.uleb128 0x5
 857 012c D7000000 		.4byte	.LASF30
 858 0130 01       		.byte	0x1
 859 0131 01       		.byte	0x1
 860 0132 34       		.byte	0x34
 861 0133 68010000 		.4byte	0x168
 862 0137 06       		.uleb128 0x6
 863 0138 0C030000 		.4byte	.LASF31
 864 013c 00       		.sleb128 0
 865 013d 06       		.uleb128 0x6
 866 013e 28000000 		.4byte	.LASF32
 867 0142 01       		.sleb128 1
 868 0143 06       		.uleb128 0x6
 869 0144 13030000 		.4byte	.LASF33
 870 0148 02       		.sleb128 2
 871 0149 06       		.uleb128 0x6
 872 014a 30020000 		.4byte	.LASF34
 873 014e 03       		.sleb128 3
 874 014f 06       		.uleb128 0x6
 875 0150 7C000000 		.4byte	.LASF35
 876 0154 04       		.sleb128 4
 877 0155 06       		.uleb128 0x6
 878 0156 E6020000 		.4byte	.LASF36
 879 015a 05       		.sleb128 5
 880 015b 06       		.uleb128 0x6
 881 015c FB020000 		.4byte	.LASF37
 882 0160 06       		.sleb128 6
 883 0161 06       		.uleb128 0x6
 884 0162 48020000 		.4byte	.LASF38
 885 0166 07       		.sleb128 7
 886 0167 00       		.byte	0
 887 0168 05       		.uleb128 0x5
 888 0169 10000000 		.4byte	.LASF39
 889 016d 01       		.byte	0x1
 890 016e 01       		.byte	0x1
 891 016f 3F       		.byte	0x3f
 892 0170 C3010000 		.4byte	0x1c3
 893 0174 06       		.uleb128 0x6
 894 0175 74000000 		.4byte	.LASF40
 895 0179 00       		.sleb128 0
 896 017a 06       		.uleb128 0x6
 897 017b 8D000000 		.4byte	.LASF41
 898 017f 01       		.sleb128 1
 899 0180 06       		.uleb128 0x6
 900 0181 96000000 		.4byte	.LASF42
 901 0185 02       		.sleb128 2
 902 0186 06       		.uleb128 0x6
 903 0187 32010000 		.4byte	.LASF43
ARM GAS  C:\Users\Sven\AppData\Local\Temp\ccGqY44j.s 			page 23


 904 018b 03       		.sleb128 3
 905 018c 06       		.uleb128 0x6
 906 018d EB000000 		.4byte	.LASF44
 907 0191 04       		.sleb128 4
 908 0192 06       		.uleb128 0x6
 909 0193 EE030000 		.4byte	.LASF45
 910 0197 05       		.sleb128 5
 911 0198 06       		.uleb128 0x6
 912 0199 9A030000 		.4byte	.LASF46
 913 019d 06       		.sleb128 6
 914 019e 06       		.uleb128 0x6
 915 019f A2030000 		.4byte	.LASF47
 916 01a3 07       		.sleb128 7
 917 01a4 06       		.uleb128 0x6
 918 01a5 31030000 		.4byte	.LASF48
 919 01a9 08       		.sleb128 8
 920 01aa 06       		.uleb128 0x6
 921 01ab 39030000 		.4byte	.LASF49
 922 01af 09       		.sleb128 9
 923 01b0 06       		.uleb128 0x6
 924 01b1 41030000 		.4byte	.LASF50
 925 01b5 0A       		.sleb128 10
 926 01b6 06       		.uleb128 0x6
 927 01b7 00000000 		.4byte	.LASF51
 928 01bb 0B       		.sleb128 11
 929 01bc 06       		.uleb128 0x6
 930 01bd 08000000 		.4byte	.LASF52
 931 01c1 0C       		.sleb128 12
 932 01c2 00       		.byte	0
 933 01c3 07       		.uleb128 0x7
 934 01c4 37020000 		.4byte	.LASF82
 935 01c8 01       		.byte	0x1
 936 01c9 5A       		.byte	0x5a
 937 01ca 00000000 		.4byte	.LFB33
 938 01ce 70030000 		.4byte	.LFE33-.LFB33
 939 01d2 01       		.uleb128 0x1
 940 01d3 9C       		.byte	0x9c
 941 01d4 C5030000 		.4byte	0x3c5
 942 01d8 08       		.uleb128 0x8
 943 01d9 14000000 		.4byte	.LBB2
 944 01dd 64020000 		.4byte	.LBE2-.LBB2
 945 01e1 9D030000 		.4byte	0x39d
 946 01e5 09       		.uleb128 0x9
 947 01e6 BE010000 		.4byte	.LASF53
 948 01ea 01       		.byte	0x1
 949 01eb BB       		.byte	0xbb
 950 01ec A2000000 		.4byte	0xa2
 951 01f0 05       		.uleb128 0x5
 952 01f1 03       		.byte	0x3
 953 01f2 14000000 		.4byte	ail_cmd.6166
 954 01f6 09       		.uleb128 0x9
 955 01f7 29030000 		.4byte	.LASF54
 956 01fb 01       		.byte	0x1
 957 01fc D9       		.byte	0xd9
 958 01fd A2000000 		.4byte	0xa2
 959 0201 05       		.uleb128 0x5
 960 0202 03       		.byte	0x3
ARM GAS  C:\Users\Sven\AppData\Local\Temp\ccGqY44j.s 			page 24


 961 0203 16000000 		.4byte	ele_cmd.6167
 962 0207 09       		.uleb128 0x9
 963 0208 FF030000 		.4byte	.LASF55
 964 020c 01       		.byte	0x1
 965 020d F7       		.byte	0xf7
 966 020e A2000000 		.4byte	0xa2
 967 0212 05       		.uleb128 0x5
 968 0213 03       		.byte	0x3
 969 0214 17000000 		.4byte	rud_cmd.6168
 970 0218 0A       		.uleb128 0xa
 971 0219 24000000 		.4byte	.LVL0
 972 021d EC040000 		.4byte	0x4ec
 973 0221 2F020000 		.4byte	0x22f
 974 0225 0B       		.uleb128 0xb
 975 0226 01       		.uleb128 0x1
 976 0227 50       		.byte	0x50
 977 0228 05       		.uleb128 0x5
 978 0229 03       		.byte	0x3
 979 022a 00000000 		.4byte	.LC2
 980 022e 00       		.byte	0
 981 022f 0C       		.uleb128 0xc
 982 0230 38000000 		.4byte	.LVL1
 983 0234 09050000 		.4byte	0x509
 984 0238 0A       		.uleb128 0xa
 985 0239 A4000000 		.4byte	.LVL2
 986 023d EC040000 		.4byte	0x4ec
 987 0241 4F020000 		.4byte	0x24f
 988 0245 0B       		.uleb128 0xb
 989 0246 01       		.uleb128 0x1
 990 0247 50       		.byte	0x50
 991 0248 05       		.uleb128 0x5
 992 0249 03       		.byte	0x3
 993 024a 14000000 		.4byte	.LC14
 994 024e 00       		.byte	0
 995 024f 0A       		.uleb128 0xa
 996 0250 B8000000 		.4byte	.LVL3
 997 0254 10050000 		.4byte	0x510
 998 0258 63020000 		.4byte	0x263
 999 025c 0B       		.uleb128 0xb
 1000 025d 01       		.uleb128 0x1
 1001 025e 50       		.byte	0x50
 1002 025f 02       		.uleb128 0x2
 1003 0260 09       		.byte	0x9
 1004 0261 FF       		.byte	0xff
 1005 0262 00       		.byte	0
 1006 0263 0A       		.uleb128 0xa
 1007 0264 D0000000 		.4byte	.LVL4
 1008 0268 21050000 		.4byte	0x521
 1009 026c 76020000 		.4byte	0x276
 1010 0270 0B       		.uleb128 0xb
 1011 0271 01       		.uleb128 0x1
 1012 0272 50       		.byte	0x50
 1013 0273 01       		.uleb128 0x1
 1014 0274 31       		.byte	0x31
 1015 0275 00       		.byte	0
 1016 0276 0A       		.uleb128 0xa
 1017 0277 D6000000 		.4byte	.LVL5
ARM GAS  C:\Users\Sven\AppData\Local\Temp\ccGqY44j.s 			page 25


 1018 027b 37050000 		.4byte	0x537
 1019 027f 8A020000 		.4byte	0x28a
 1020 0283 0B       		.uleb128 0xb
 1021 0284 01       		.uleb128 0x1
 1022 0285 50       		.byte	0x50
 1023 0286 02       		.uleb128 0x2
 1024 0287 08       		.byte	0x8
 1025 0288 64       		.byte	0x64
 1026 0289 00       		.byte	0
 1027 028a 0A       		.uleb128 0xa
 1028 028b E0000000 		.4byte	.LVL6
 1029 028f 21050000 		.4byte	0x521
 1030 0293 9D020000 		.4byte	0x29d
 1031 0297 0B       		.uleb128 0xb
 1032 0298 01       		.uleb128 0x1
 1033 0299 50       		.byte	0x50
 1034 029a 01       		.uleb128 0x1
 1035 029b 32       		.byte	0x32
 1036 029c 00       		.byte	0
 1037 029d 0A       		.uleb128 0xa
 1038 029e E6000000 		.4byte	.LVL7
 1039 02a2 37050000 		.4byte	0x537
 1040 02a6 B1020000 		.4byte	0x2b1
 1041 02aa 0B       		.uleb128 0xb
 1042 02ab 01       		.uleb128 0x1
 1043 02ac 50       		.byte	0x50
 1044 02ad 02       		.uleb128 0x2
 1045 02ae 08       		.byte	0x8
 1046 02af 64       		.byte	0x64
 1047 02b0 00       		.byte	0
 1048 02b1 0A       		.uleb128 0xa
 1049 02b2 F0000000 		.4byte	.LVL8
 1050 02b6 21050000 		.4byte	0x521
 1051 02ba C4020000 		.4byte	0x2c4
 1052 02be 0B       		.uleb128 0xb
 1053 02bf 01       		.uleb128 0x1
 1054 02c0 50       		.byte	0x50
 1055 02c1 01       		.uleb128 0x1
 1056 02c2 33       		.byte	0x33
 1057 02c3 00       		.byte	0
 1058 02c4 0A       		.uleb128 0xa
 1059 02c5 F6000000 		.4byte	.LVL9
 1060 02c9 EC040000 		.4byte	0x4ec
 1061 02cd DB020000 		.4byte	0x2db
 1062 02d1 0B       		.uleb128 0xb
 1063 02d2 01       		.uleb128 0x1
 1064 02d3 50       		.byte	0x50
 1065 02d4 05       		.uleb128 0x5
 1066 02d5 03       		.byte	0x3
 1067 02d6 28000000 		.4byte	.LC16
 1068 02da 00       		.byte	0
 1069 02db 0C       		.uleb128 0xc
 1070 02dc 02010000 		.4byte	.LVL10
 1071 02e0 09050000 		.4byte	0x509
 1072 02e4 0A       		.uleb128 0xa
 1073 02e5 6C010000 		.4byte	.LVL11
 1074 02e9 EC040000 		.4byte	0x4ec
ARM GAS  C:\Users\Sven\AppData\Local\Temp\ccGqY44j.s 			page 26


 1075 02ed FB020000 		.4byte	0x2fb
 1076 02f1 0B       		.uleb128 0xb
 1077 02f2 01       		.uleb128 0x1
 1078 02f3 50       		.byte	0x50
 1079 02f4 05       		.uleb128 0x5
 1080 02f5 03       		.byte	0x3
 1081 02f6 38000000 		.4byte	.LC18
 1082 02fa 00       		.byte	0
 1083 02fb 0A       		.uleb128 0xa
 1084 02fc 98010000 		.4byte	.LVL12
 1085 0300 EC040000 		.4byte	0x4ec
 1086 0304 12030000 		.4byte	0x312
 1087 0308 0B       		.uleb128 0xb
 1088 0309 01       		.uleb128 0x1
 1089 030a 50       		.byte	0x50
 1090 030b 05       		.uleb128 0x5
 1091 030c 03       		.byte	0x3
 1092 030d 38000000 		.4byte	.LC18
 1093 0311 00       		.byte	0
 1094 0312 0C       		.uleb128 0xc
 1095 0313 A2010000 		.4byte	.LVL13
 1096 0317 48050000 		.4byte	0x548
 1097 031b 0A       		.uleb128 0xa
 1098 031c A8010000 		.4byte	.LVL14
 1099 0320 EC040000 		.4byte	0x4ec
 1100 0324 32030000 		.4byte	0x332
 1101 0328 0B       		.uleb128 0xb
 1102 0329 01       		.uleb128 0x1
 1103 032a 50       		.byte	0x50
 1104 032b 05       		.uleb128 0x5
 1105 032c 03       		.byte	0x3
 1106 032d 40000000 		.4byte	.LC20
 1107 0331 00       		.byte	0
 1108 0332 0A       		.uleb128 0xa
 1109 0333 FC010000 		.4byte	.LVL15
 1110 0337 EC040000 		.4byte	0x4ec
 1111 033b 49030000 		.4byte	0x349
 1112 033f 0B       		.uleb128 0xb
 1113 0340 01       		.uleb128 0x1
 1114 0341 50       		.byte	0x50
 1115 0342 05       		.uleb128 0x5
 1116 0343 03       		.byte	0x3
 1117 0344 43000000 		.4byte	.LC22
 1118 0348 00       		.byte	0
 1119 0349 0C       		.uleb128 0xc
 1120 034a 04020000 		.4byte	.LVL16
 1121 034e 48050000 		.4byte	0x548
 1122 0352 0A       		.uleb128 0xa
 1123 0353 0A020000 		.4byte	.LVL17
 1124 0357 EC040000 		.4byte	0x4ec
 1125 035b 69030000 		.4byte	0x369
 1126 035f 0B       		.uleb128 0xb
 1127 0360 01       		.uleb128 0x1
 1128 0361 50       		.byte	0x50
 1129 0362 05       		.uleb128 0x5
 1130 0363 03       		.byte	0x3
 1131 0364 40000000 		.4byte	.LC20
ARM GAS  C:\Users\Sven\AppData\Local\Temp\ccGqY44j.s 			page 27


 1132 0368 00       		.byte	0
 1133 0369 0A       		.uleb128 0xa
 1134 036a 5E020000 		.4byte	.LVL18
 1135 036e EC040000 		.4byte	0x4ec
 1136 0372 80030000 		.4byte	0x380
 1137 0376 0B       		.uleb128 0xb
 1138 0377 01       		.uleb128 0x1
 1139 0378 50       		.byte	0x50
 1140 0379 05       		.uleb128 0x5
 1141 037a 03       		.byte	0x3
 1142 037b 4B000000 		.4byte	.LC24
 1143 037f 00       		.byte	0
 1144 0380 0C       		.uleb128 0xc
 1145 0381 66020000 		.4byte	.LVL19
 1146 0385 48050000 		.4byte	0x548
 1147 0389 0D       		.uleb128 0xd
 1148 038a 6C020000 		.4byte	.LVL20
 1149 038e EC040000 		.4byte	0x4ec
 1150 0392 0B       		.uleb128 0xb
 1151 0393 01       		.uleb128 0x1
 1152 0394 50       		.byte	0x50
 1153 0395 05       		.uleb128 0x5
 1154 0396 03       		.byte	0x3
 1155 0397 40000000 		.4byte	.LC20
 1156 039b 00       		.byte	0
 1157 039c 00       		.byte	0
 1158 039d 0A       		.uleb128 0xa
 1159 039e AC020000 		.4byte	.LVL21
 1160 03a2 EC040000 		.4byte	0x4ec
 1161 03a6 B4030000 		.4byte	0x3b4
 1162 03aa 0B       		.uleb128 0xb
 1163 03ab 01       		.uleb128 0x1
 1164 03ac 50       		.byte	0x50
 1165 03ad 05       		.uleb128 0x5
 1166 03ae 03       		.byte	0x3
 1167 03af 53000000 		.4byte	.LC26
 1168 03b3 00       		.byte	0
 1169 03b4 0D       		.uleb128 0xd
 1170 03b5 B2020000 		.4byte	.LVL22
 1171 03b9 10050000 		.4byte	0x510
 1172 03bd 0B       		.uleb128 0xb
 1173 03be 01       		.uleb128 0x1
 1174 03bf 50       		.byte	0x50
 1175 03c0 02       		.uleb128 0x2
 1176 03c1 09       		.byte	0x9
 1177 03c2 FF       		.byte	0xff
 1178 03c3 00       		.byte	0
 1179 03c4 00       		.byte	0
 1180 03c5 0E       		.uleb128 0xe
 1181 03c6 87010000 		.4byte	.LASF56
 1182 03ca 01       		.byte	0x1
 1183 03cb 0F       		.byte	0xf
 1184 03cc AD000000 		.4byte	0xad
 1185 03d0 0E       		.uleb128 0xe
 1186 03d1 93010000 		.4byte	.LASF57
 1187 03d5 01       		.byte	0x1
 1188 03d6 10       		.byte	0x10
ARM GAS  C:\Users\Sven\AppData\Local\Temp\ccGqY44j.s 			page 28


 1189 03d7 AD000000 		.4byte	0xad
 1190 03db 0E       		.uleb128 0xe
 1191 03dc 9F010000 		.4byte	.LASF58
 1192 03e0 01       		.byte	0x1
 1193 03e1 11       		.byte	0x11
 1194 03e2 AD000000 		.4byte	0xad
 1195 03e6 0F       		.uleb128 0xf
 1196 03e7 B8000000 		.4byte	0xb8
 1197 03eb F6030000 		.4byte	0x3f6
 1198 03ef 10       		.uleb128 0x10
 1199 03f0 F9000000 		.4byte	0xf9
 1200 03f4 0C       		.byte	0xc
 1201 03f5 00       		.byte	0
 1202 03f6 0E       		.uleb128 0xe
 1203 03f7 F6030000 		.4byte	.LASF59
 1204 03fb 01       		.byte	0x1
 1205 03fc 13       		.byte	0x13
 1206 03fd E6030000 		.4byte	0x3e6
 1207 0401 0F       		.uleb128 0xf
 1208 0402 B8000000 		.4byte	0xb8
 1209 0406 11040000 		.4byte	0x411
 1210 040a 10       		.uleb128 0x10
 1211 040b F9000000 		.4byte	0xf9
 1212 040f 07       		.byte	0x7
 1213 0410 00       		.byte	0
 1214 0411 0E       		.uleb128 0xe
 1215 0412 D3030000 		.4byte	.LASF60
 1216 0416 01       		.byte	0x1
 1217 0417 14       		.byte	0x14
 1218 0418 01040000 		.4byte	0x401
 1219 041c 11       		.uleb128 0x11
 1220 041d 3B010000 		.4byte	.LASF61
 1221 0421 01       		.byte	0x1
 1222 0422 15       		.byte	0x15
 1223 0423 01040000 		.4byte	0x401
 1224 0427 05       		.uleb128 0x5
 1225 0428 03       		.byte	0x3
 1226 0429 00000000 		.4byte	ctrl_in_ent
 1227 042d 0E       		.uleb128 0xe
 1228 042e 61030000 		.4byte	.LASF62
 1229 0432 01       		.byte	0x1
 1230 0433 17       		.byte	0x17
 1231 0434 97000000 		.4byte	0x97
 1232 0438 0E       		.uleb128 0xe
 1233 0439 67030000 		.4byte	.LASF63
 1234 043d 01       		.byte	0x1
 1235 043e 18       		.byte	0x18
 1236 043f 97000000 		.4byte	0x97
 1237 0443 0E       		.uleb128 0xe
 1238 0444 6D030000 		.4byte	.LASF64
 1239 0448 01       		.byte	0x1
 1240 0449 19       		.byte	0x19
 1241 044a 97000000 		.4byte	0x97
 1242 044e 0E       		.uleb128 0xe
 1243 044f 43000000 		.4byte	.LASF65
 1244 0453 01       		.byte	0x1
 1245 0454 1B       		.byte	0x1b
ARM GAS  C:\Users\Sven\AppData\Local\Temp\ccGqY44j.s 			page 29


 1246 0455 A2000000 		.4byte	0xa2
 1247 0459 11       		.uleb128 0x11
 1248 045a B9030000 		.4byte	.LASF66
 1249 045e 01       		.byte	0x1
 1250 045f 1C       		.byte	0x1c
 1251 0460 A2000000 		.4byte	0xa2
 1252 0464 05       		.uleb128 0x5
 1253 0465 03       		.byte	0x3
 1254 0466 00000000 		.4byte	receiver_connected
 1255 046a 11       		.uleb128 0x11
 1256 046b E3030000 		.4byte	.LASF67
 1257 046f 01       		.byte	0x1
 1258 0470 1E       		.byte	0x1e
 1259 0471 A2000000 		.4byte	0xa2
 1260 0475 05       		.uleb128 0x5
 1261 0476 03       		.byte	0x3
 1262 0477 00000000 		.4byte	K_d_p_conv
 1263 047b 11       		.uleb128 0x11
 1264 047c 1A030000 		.4byte	.LASF68
 1265 0480 01       		.byte	0x1
 1266 0481 23       		.byte	0x23
 1267 0482 B8000000 		.4byte	0xb8
 1268 0486 05       		.uleb128 0x5
 1269 0487 03       		.byte	0x3
 1270 0488 00000000 		.4byte	ProgMode_Timer
 1271 048c 11       		.uleb128 0x11
 1272 048d 49030000 		.4byte	.LASF69
 1273 0491 01       		.byte	0x1
 1274 0492 24       		.byte	0x24
 1275 0493 B8000000 		.4byte	0xb8
 1276 0497 05       		.uleb128 0x5
 1277 0498 03       		.byte	0x3
 1278 0499 00000000 		.4byte	ExitProgMode_Timer
 1279 049d 0E       		.uleb128 0xe
 1280 049e 7E030000 		.4byte	.LASF70
 1281 04a2 01       		.byte	0x1
 1282 04a3 25       		.byte	0x25
 1283 04a4 A2000000 		.4byte	0xa2
 1284 04a8 11       		.uleb128 0x11
 1285 04a9 8E030000 		.4byte	.LASF71
 1286 04ad 01       		.byte	0x1
 1287 04ae 26       		.byte	0x26
 1288 04af A2000000 		.4byte	0xa2
 1289 04b3 05       		.uleb128 0x5
 1290 04b4 03       		.byte	0x3
 1291 04b5 00000000 		.4byte	ProgModeReq
 1292 04b9 11       		.uleb128 0x11
 1293 04ba C1000000 		.4byte	.LASF72
 1294 04be 01       		.byte	0x1
 1295 04bf 27       		.byte	0x27
 1296 04c0 A2000000 		.4byte	0xa2
 1297 04c4 05       		.uleb128 0x5
 1298 04c5 03       		.byte	0x3
 1299 04c6 00000000 		.4byte	Mode_Changed
 1300 04ca 11       		.uleb128 0x11
 1301 04cb FB000000 		.4byte	.LASF73
 1302 04cf 01       		.byte	0x1
ARM GAS  C:\Users\Sven\AppData\Local\Temp\ccGqY44j.s 			page 30


 1303 04d0 28       		.byte	0x28
 1304 04d1 A2000000 		.4byte	0xa2
 1305 04d5 05       		.uleb128 0x5
 1306 04d6 03       		.byte	0x3
 1307 04d7 00000000 		.4byte	EleAilNeutral
 1308 04db 11       		.uleb128 0x11
 1309 04dc 27010000 		.4byte	.LASF74
 1310 04e0 01       		.byte	0x1
 1311 04e1 29       		.byte	0x29
 1312 04e2 A2000000 		.4byte	0xa2
 1313 04e6 05       		.uleb128 0x5
 1314 04e7 03       		.byte	0x3
 1315 04e8 00000000 		.4byte	RudNeutral
 1316 04ec 12       		.uleb128 0x12
 1317 04ed 47010000 		.4byte	.LASF75
 1318 04f1 05       		.byte	0x5
 1319 04f2 6801     		.2byte	0x168
 1320 04f4 FE040000 		.4byte	0x4fe
 1321 04f8 13       		.uleb128 0x13
 1322 04f9 FE040000 		.4byte	0x4fe
 1323 04fd 00       		.byte	0
 1324 04fe 14       		.uleb128 0x14
 1325 04ff 04       		.byte	0x4
 1326 0500 04050000 		.4byte	0x504
 1327 0504 15       		.uleb128 0x15
 1328 0505 E7000000 		.4byte	0xe7
 1329 0509 16       		.uleb128 0x16
 1330 050a 16000000 		.4byte	.LASF83
 1331 050e 09       		.byte	0x9
 1332 050f A9       		.byte	0xa9
 1333 0510 17       		.uleb128 0x17
 1334 0511 4C000000 		.4byte	.LASF76
 1335 0515 06       		.byte	0x6
 1336 0516 1D       		.byte	0x1d
 1337 0517 21050000 		.4byte	0x521
 1338 051b 13       		.uleb128 0x13
 1339 051c C3000000 		.4byte	0xc3
 1340 0520 00       		.byte	0
 1341 0521 17       		.uleb128 0x17
 1342 0522 09010000 		.4byte	.LASF77
 1343 0526 07       		.byte	0x7
 1344 0527 19       		.byte	0x19
 1345 0528 37050000 		.4byte	0x537
 1346 052c 13       		.uleb128 0x13
 1347 052d B8000000 		.4byte	0xb8
 1348 0531 13       		.uleb128 0x13
 1349 0532 A2000000 		.4byte	0xa2
 1350 0536 00       		.byte	0
 1351 0537 17       		.uleb128 0x17
 1352 0538 AA030000 		.4byte	.LASF78
 1353 053c 08       		.byte	0x8
 1354 053d 7B       		.byte	0x7b
 1355 053e 48050000 		.4byte	0x548
 1356 0542 13       		.uleb128 0x13
 1357 0543 CE000000 		.4byte	0xce
 1358 0547 00       		.byte	0
 1359 0548 18       		.uleb128 0x18
ARM GAS  C:\Users\Sven\AppData\Local\Temp\ccGqY44j.s 			page 31


 1360 0549 19020000 		.4byte	.LASF84
 1361 054d 01       		.byte	0x1
 1362 054e 21       		.byte	0x21
 1363 054f 19       		.uleb128 0x19
 1364 0550 00       		.byte	0
 1365 0551 00       		.byte	0
 1366              		.section	.debug_abbrev,"",%progbits
 1367              	.Ldebug_abbrev0:
 1368 0000 01       		.uleb128 0x1
 1369 0001 11       		.uleb128 0x11
 1370 0002 01       		.byte	0x1
 1371 0003 25       		.uleb128 0x25
 1372 0004 0E       		.uleb128 0xe
 1373 0005 13       		.uleb128 0x13
 1374 0006 0B       		.uleb128 0xb
 1375 0007 03       		.uleb128 0x3
 1376 0008 0E       		.uleb128 0xe
 1377 0009 1B       		.uleb128 0x1b
 1378 000a 0E       		.uleb128 0xe
 1379 000b 55       		.uleb128 0x55
 1380 000c 17       		.uleb128 0x17
 1381 000d 11       		.uleb128 0x11
 1382 000e 01       		.uleb128 0x1
 1383 000f 10       		.uleb128 0x10
 1384 0010 17       		.uleb128 0x17
 1385 0011 00       		.byte	0
 1386 0012 00       		.byte	0
 1387 0013 02       		.uleb128 0x2
 1388 0014 16       		.uleb128 0x16
 1389 0015 00       		.byte	0
 1390 0016 03       		.uleb128 0x3
 1391 0017 0E       		.uleb128 0xe
 1392 0018 3A       		.uleb128 0x3a
 1393 0019 0B       		.uleb128 0xb
 1394 001a 3B       		.uleb128 0x3b
 1395 001b 0B       		.uleb128 0xb
 1396 001c 49       		.uleb128 0x49
 1397 001d 13       		.uleb128 0x13
 1398 001e 00       		.byte	0
 1399 001f 00       		.byte	0
 1400 0020 03       		.uleb128 0x3
 1401 0021 24       		.uleb128 0x24
 1402 0022 00       		.byte	0
 1403 0023 0B       		.uleb128 0xb
 1404 0024 0B       		.uleb128 0xb
 1405 0025 3E       		.uleb128 0x3e
 1406 0026 0B       		.uleb128 0xb
 1407 0027 03       		.uleb128 0x3
 1408 0028 0E       		.uleb128 0xe
 1409 0029 00       		.byte	0
 1410 002a 00       		.byte	0
 1411 002b 04       		.uleb128 0x4
 1412 002c 24       		.uleb128 0x24
 1413 002d 00       		.byte	0
 1414 002e 0B       		.uleb128 0xb
 1415 002f 0B       		.uleb128 0xb
 1416 0030 3E       		.uleb128 0x3e
ARM GAS  C:\Users\Sven\AppData\Local\Temp\ccGqY44j.s 			page 32


 1417 0031 0B       		.uleb128 0xb
 1418 0032 03       		.uleb128 0x3
 1419 0033 08       		.uleb128 0x8
 1420 0034 00       		.byte	0
 1421 0035 00       		.byte	0
 1422 0036 05       		.uleb128 0x5
 1423 0037 04       		.uleb128 0x4
 1424 0038 01       		.byte	0x1
 1425 0039 03       		.uleb128 0x3
 1426 003a 0E       		.uleb128 0xe
 1427 003b 0B       		.uleb128 0xb
 1428 003c 0B       		.uleb128 0xb
 1429 003d 3A       		.uleb128 0x3a
 1430 003e 0B       		.uleb128 0xb
 1431 003f 3B       		.uleb128 0x3b
 1432 0040 0B       		.uleb128 0xb
 1433 0041 01       		.uleb128 0x1
 1434 0042 13       		.uleb128 0x13
 1435 0043 00       		.byte	0
 1436 0044 00       		.byte	0
 1437 0045 06       		.uleb128 0x6
 1438 0046 28       		.uleb128 0x28
 1439 0047 00       		.byte	0
 1440 0048 03       		.uleb128 0x3
 1441 0049 0E       		.uleb128 0xe
 1442 004a 1C       		.uleb128 0x1c
 1443 004b 0D       		.uleb128 0xd
 1444 004c 00       		.byte	0
 1445 004d 00       		.byte	0
 1446 004e 07       		.uleb128 0x7
 1447 004f 2E       		.uleb128 0x2e
 1448 0050 01       		.byte	0x1
 1449 0051 3F       		.uleb128 0x3f
 1450 0052 19       		.uleb128 0x19
 1451 0053 03       		.uleb128 0x3
 1452 0054 0E       		.uleb128 0xe
 1453 0055 3A       		.uleb128 0x3a
 1454 0056 0B       		.uleb128 0xb
 1455 0057 3B       		.uleb128 0x3b
 1456 0058 0B       		.uleb128 0xb
 1457 0059 27       		.uleb128 0x27
 1458 005a 19       		.uleb128 0x19
 1459 005b 11       		.uleb128 0x11
 1460 005c 01       		.uleb128 0x1
 1461 005d 12       		.uleb128 0x12
 1462 005e 06       		.uleb128 0x6
 1463 005f 40       		.uleb128 0x40
 1464 0060 18       		.uleb128 0x18
 1465 0061 9742     		.uleb128 0x2117
 1466 0063 19       		.uleb128 0x19
 1467 0064 01       		.uleb128 0x1
 1468 0065 13       		.uleb128 0x13
 1469 0066 00       		.byte	0
 1470 0067 00       		.byte	0
 1471 0068 08       		.uleb128 0x8
 1472 0069 0B       		.uleb128 0xb
 1473 006a 01       		.byte	0x1
ARM GAS  C:\Users\Sven\AppData\Local\Temp\ccGqY44j.s 			page 33


 1474 006b 11       		.uleb128 0x11
 1475 006c 01       		.uleb128 0x1
 1476 006d 12       		.uleb128 0x12
 1477 006e 06       		.uleb128 0x6
 1478 006f 01       		.uleb128 0x1
 1479 0070 13       		.uleb128 0x13
 1480 0071 00       		.byte	0
 1481 0072 00       		.byte	0
 1482 0073 09       		.uleb128 0x9
 1483 0074 34       		.uleb128 0x34
 1484 0075 00       		.byte	0
 1485 0076 03       		.uleb128 0x3
 1486 0077 0E       		.uleb128 0xe
 1487 0078 3A       		.uleb128 0x3a
 1488 0079 0B       		.uleb128 0xb
 1489 007a 3B       		.uleb128 0x3b
 1490 007b 0B       		.uleb128 0xb
 1491 007c 49       		.uleb128 0x49
 1492 007d 13       		.uleb128 0x13
 1493 007e 02       		.uleb128 0x2
 1494 007f 18       		.uleb128 0x18
 1495 0080 00       		.byte	0
 1496 0081 00       		.byte	0
 1497 0082 0A       		.uleb128 0xa
 1498 0083 898201   		.uleb128 0x4109
 1499 0086 01       		.byte	0x1
 1500 0087 11       		.uleb128 0x11
 1501 0088 01       		.uleb128 0x1
 1502 0089 31       		.uleb128 0x31
 1503 008a 13       		.uleb128 0x13
 1504 008b 01       		.uleb128 0x1
 1505 008c 13       		.uleb128 0x13
 1506 008d 00       		.byte	0
 1507 008e 00       		.byte	0
 1508 008f 0B       		.uleb128 0xb
 1509 0090 8A8201   		.uleb128 0x410a
 1510 0093 00       		.byte	0
 1511 0094 02       		.uleb128 0x2
 1512 0095 18       		.uleb128 0x18
 1513 0096 9142     		.uleb128 0x2111
 1514 0098 18       		.uleb128 0x18
 1515 0099 00       		.byte	0
 1516 009a 00       		.byte	0
 1517 009b 0C       		.uleb128 0xc
 1518 009c 898201   		.uleb128 0x4109
 1519 009f 00       		.byte	0
 1520 00a0 11       		.uleb128 0x11
 1521 00a1 01       		.uleb128 0x1
 1522 00a2 31       		.uleb128 0x31
 1523 00a3 13       		.uleb128 0x13
 1524 00a4 00       		.byte	0
 1525 00a5 00       		.byte	0
 1526 00a6 0D       		.uleb128 0xd
 1527 00a7 898201   		.uleb128 0x4109
 1528 00aa 01       		.byte	0x1
 1529 00ab 11       		.uleb128 0x11
 1530 00ac 01       		.uleb128 0x1
ARM GAS  C:\Users\Sven\AppData\Local\Temp\ccGqY44j.s 			page 34


 1531 00ad 31       		.uleb128 0x31
 1532 00ae 13       		.uleb128 0x13
 1533 00af 00       		.byte	0
 1534 00b0 00       		.byte	0
 1535 00b1 0E       		.uleb128 0xe
 1536 00b2 34       		.uleb128 0x34
 1537 00b3 00       		.byte	0
 1538 00b4 03       		.uleb128 0x3
 1539 00b5 0E       		.uleb128 0xe
 1540 00b6 3A       		.uleb128 0x3a
 1541 00b7 0B       		.uleb128 0xb
 1542 00b8 3B       		.uleb128 0x3b
 1543 00b9 0B       		.uleb128 0xb
 1544 00ba 49       		.uleb128 0x49
 1545 00bb 13       		.uleb128 0x13
 1546 00bc 3F       		.uleb128 0x3f
 1547 00bd 19       		.uleb128 0x19
 1548 00be 3C       		.uleb128 0x3c
 1549 00bf 19       		.uleb128 0x19
 1550 00c0 00       		.byte	0
 1551 00c1 00       		.byte	0
 1552 00c2 0F       		.uleb128 0xf
 1553 00c3 01       		.uleb128 0x1
 1554 00c4 01       		.byte	0x1
 1555 00c5 49       		.uleb128 0x49
 1556 00c6 13       		.uleb128 0x13
 1557 00c7 01       		.uleb128 0x1
 1558 00c8 13       		.uleb128 0x13
 1559 00c9 00       		.byte	0
 1560 00ca 00       		.byte	0
 1561 00cb 10       		.uleb128 0x10
 1562 00cc 21       		.uleb128 0x21
 1563 00cd 00       		.byte	0
 1564 00ce 49       		.uleb128 0x49
 1565 00cf 13       		.uleb128 0x13
 1566 00d0 2F       		.uleb128 0x2f
 1567 00d1 0B       		.uleb128 0xb
 1568 00d2 00       		.byte	0
 1569 00d3 00       		.byte	0
 1570 00d4 11       		.uleb128 0x11
 1571 00d5 34       		.uleb128 0x34
 1572 00d6 00       		.byte	0
 1573 00d7 03       		.uleb128 0x3
 1574 00d8 0E       		.uleb128 0xe
 1575 00d9 3A       		.uleb128 0x3a
 1576 00da 0B       		.uleb128 0xb
 1577 00db 3B       		.uleb128 0x3b
 1578 00dc 0B       		.uleb128 0xb
 1579 00dd 49       		.uleb128 0x49
 1580 00de 13       		.uleb128 0x13
 1581 00df 3F       		.uleb128 0x3f
 1582 00e0 19       		.uleb128 0x19
 1583 00e1 02       		.uleb128 0x2
 1584 00e2 18       		.uleb128 0x18
 1585 00e3 00       		.byte	0
 1586 00e4 00       		.byte	0
 1587 00e5 12       		.uleb128 0x12
ARM GAS  C:\Users\Sven\AppData\Local\Temp\ccGqY44j.s 			page 35


 1588 00e6 2E       		.uleb128 0x2e
 1589 00e7 01       		.byte	0x1
 1590 00e8 3F       		.uleb128 0x3f
 1591 00e9 19       		.uleb128 0x19
 1592 00ea 03       		.uleb128 0x3
 1593 00eb 0E       		.uleb128 0xe
 1594 00ec 3A       		.uleb128 0x3a
 1595 00ed 0B       		.uleb128 0xb
 1596 00ee 3B       		.uleb128 0x3b
 1597 00ef 05       		.uleb128 0x5
 1598 00f0 27       		.uleb128 0x27
 1599 00f1 19       		.uleb128 0x19
 1600 00f2 3C       		.uleb128 0x3c
 1601 00f3 19       		.uleb128 0x19
 1602 00f4 01       		.uleb128 0x1
 1603 00f5 13       		.uleb128 0x13
 1604 00f6 00       		.byte	0
 1605 00f7 00       		.byte	0
 1606 00f8 13       		.uleb128 0x13
 1607 00f9 05       		.uleb128 0x5
 1608 00fa 00       		.byte	0
 1609 00fb 49       		.uleb128 0x49
 1610 00fc 13       		.uleb128 0x13
 1611 00fd 00       		.byte	0
 1612 00fe 00       		.byte	0
 1613 00ff 14       		.uleb128 0x14
 1614 0100 0F       		.uleb128 0xf
 1615 0101 00       		.byte	0
 1616 0102 0B       		.uleb128 0xb
 1617 0103 0B       		.uleb128 0xb
 1618 0104 49       		.uleb128 0x49
 1619 0105 13       		.uleb128 0x13
 1620 0106 00       		.byte	0
 1621 0107 00       		.byte	0
 1622 0108 15       		.uleb128 0x15
 1623 0109 26       		.uleb128 0x26
 1624 010a 00       		.byte	0
 1625 010b 49       		.uleb128 0x49
 1626 010c 13       		.uleb128 0x13
 1627 010d 00       		.byte	0
 1628 010e 00       		.byte	0
 1629 010f 16       		.uleb128 0x16
 1630 0110 2E       		.uleb128 0x2e
 1631 0111 00       		.byte	0
 1632 0112 3F       		.uleb128 0x3f
 1633 0113 19       		.uleb128 0x19
 1634 0114 03       		.uleb128 0x3
 1635 0115 0E       		.uleb128 0xe
 1636 0116 3A       		.uleb128 0x3a
 1637 0117 0B       		.uleb128 0xb
 1638 0118 3B       		.uleb128 0x3b
 1639 0119 0B       		.uleb128 0xb
 1640 011a 27       		.uleb128 0x27
 1641 011b 19       		.uleb128 0x19
 1642 011c 3C       		.uleb128 0x3c
 1643 011d 19       		.uleb128 0x19
 1644 011e 00       		.byte	0
ARM GAS  C:\Users\Sven\AppData\Local\Temp\ccGqY44j.s 			page 36


 1645 011f 00       		.byte	0
 1646 0120 17       		.uleb128 0x17
 1647 0121 2E       		.uleb128 0x2e
 1648 0122 01       		.byte	0x1
 1649 0123 3F       		.uleb128 0x3f
 1650 0124 19       		.uleb128 0x19
 1651 0125 03       		.uleb128 0x3
 1652 0126 0E       		.uleb128 0xe
 1653 0127 3A       		.uleb128 0x3a
 1654 0128 0B       		.uleb128 0xb
 1655 0129 3B       		.uleb128 0x3b
 1656 012a 0B       		.uleb128 0xb
 1657 012b 27       		.uleb128 0x27
 1658 012c 19       		.uleb128 0x19
 1659 012d 3C       		.uleb128 0x3c
 1660 012e 19       		.uleb128 0x19
 1661 012f 01       		.uleb128 0x1
 1662 0130 13       		.uleb128 0x13
 1663 0131 00       		.byte	0
 1664 0132 00       		.byte	0
 1665 0133 18       		.uleb128 0x18
 1666 0134 2E       		.uleb128 0x2e
 1667 0135 01       		.byte	0x1
 1668 0136 3F       		.uleb128 0x3f
 1669 0137 19       		.uleb128 0x19
 1670 0138 03       		.uleb128 0x3
 1671 0139 0E       		.uleb128 0xe
 1672 013a 3A       		.uleb128 0x3a
 1673 013b 0B       		.uleb128 0xb
 1674 013c 3B       		.uleb128 0x3b
 1675 013d 0B       		.uleb128 0xb
 1676 013e 3C       		.uleb128 0x3c
 1677 013f 19       		.uleb128 0x19
 1678 0140 00       		.byte	0
 1679 0141 00       		.byte	0
 1680 0142 19       		.uleb128 0x19
 1681 0143 18       		.uleb128 0x18
 1682 0144 00       		.byte	0
 1683 0145 00       		.byte	0
 1684 0146 00       		.byte	0
 1685 0147 00       		.byte	0
 1686              		.section	.debug_aranges,"",%progbits
 1687 0000 1C000000 		.4byte	0x1c
 1688 0004 0200     		.2byte	0x2
 1689 0006 00000000 		.4byte	.Ldebug_info0
 1690 000a 04       		.byte	0x4
 1691 000b 00       		.byte	0
 1692 000c 0000     		.2byte	0
 1693 000e 0000     		.2byte	0
 1694 0010 00000000 		.4byte	.LFB33
 1695 0014 70030000 		.4byte	.LFE33-.LFB33
 1696 0018 00000000 		.4byte	0
 1697 001c 00000000 		.4byte	0
 1698              		.section	.debug_ranges,"",%progbits
 1699              	.Ldebug_ranges0:
 1700 0000 00000000 		.4byte	.LFB33
 1701 0004 70030000 		.4byte	.LFE33
ARM GAS  C:\Users\Sven\AppData\Local\Temp\ccGqY44j.s 			page 37


 1702 0008 00000000 		.4byte	0
 1703 000c 00000000 		.4byte	0
 1704              		.section	.debug_line,"",%progbits
 1705              	.Ldebug_line0:
 1706 0000 85020000 		.section	.debug_str,"MS",%progbits,1
 1706      02009201 
 1706      00000201 
 1706      FB0E0D00 
 1706      01010101 
 1707              	.LASF51:
 1708 0000 6F75745F 		.ascii	"out_sp1\000"
 1708      73703100 
 1709              	.LASF52:
 1710 0008 6F75745F 		.ascii	"out_sp2\000"
 1710      73703200 
 1711              	.LASF39:
 1712 0010 655F6F75 		.ascii	"e_out\000"
 1712      7400
 1713              	.LASF83:
 1714 0016 4D505536 		.ascii	"MPU6050_data_read\000"
 1714      3035305F 
 1714      64617461 
 1714      5F726561 
 1714      6400
 1715              	.LASF32:
 1716 0028 696E5F61 		.ascii	"in_ail\000"
 1716      696C00
 1717              	.LASF29:
 1718 002f 6374726C 		.ascii	"ctrl_mode\000"
 1718      5F6D6F64 
 1718      6500
 1719              	.LASF1:
 1720 0039 5F5F7569 		.ascii	"__uint8_t\000"
 1720      6E74385F 
 1720      7400
 1721              	.LASF65:
 1722 0043 696D755F 		.ascii	"imu_conn\000"
 1722      636F6E6E 
 1722      00
 1723              	.LASF76:
 1724 004c 4F6E426F 		.ascii	"OnBoardLED_Write\000"
 1724      6172644C 
 1724      45445F57 
 1724      72697465 
 1724      00
 1725              	.LASF11:
 1726 005d 6C6F6E67 		.ascii	"long long unsigned int\000"
 1726      206C6F6E 
 1726      6720756E 
 1726      7369676E 
 1726      65642069 
 1727              	.LASF40:
 1728 0074 6F75745F 		.ascii	"out_mot\000"
 1728      6D6F7400 
 1729              	.LASF35:
 1730 007c 696E5F67 		.ascii	"in_gear\000"
 1730      65617200 
ARM GAS  C:\Users\Sven\AppData\Local\Temp\ccGqY44j.s 			page 38


 1731              	.LASF0:
 1732 0084 5F5F696E 		.ascii	"__int8_t\000"
 1732      74385F74 
 1732      00
 1733              	.LASF41:
 1734 008d 6F75745F 		.ascii	"out_ail1\000"
 1734      61696C31 
 1734      00
 1735              	.LASF42:
 1736 0096 6F75745F 		.ascii	"out_ail2\000"
 1736      61696C32 
 1736      00
 1737              	.LASF15:
 1738 009f 696E7431 		.ascii	"int16_t\000"
 1738      365F7400 
 1739              	.LASF10:
 1740 00a7 6C6F6E67 		.ascii	"long long int\000"
 1740      206C6F6E 
 1740      6720696E 
 1740      7400
 1741              	.LASF2:
 1742 00b5 7369676E 		.ascii	"signed char\000"
 1742      65642063 
 1742      68617200 
 1743              	.LASF72:
 1744 00c1 4D6F6465 		.ascii	"Mode_Changed\000"
 1744      5F436861 
 1744      6E676564 
 1744      00
 1745              	.LASF8:
 1746 00ce 6C6F6E67 		.ascii	"long int\000"
 1746      20696E74 
 1746      00
 1747              	.LASF30:
 1748 00d7 655F696E 		.ascii	"e_in\000"
 1748      00
 1749              	.LASF17:
 1750 00dc 75696E74 		.ascii	"uint8\000"
 1750      3800
 1751              	.LASF16:
 1752 00e2 75696E74 		.ascii	"uint16_t\000"
 1752      31365F74 
 1752      00
 1753              	.LASF44:
 1754 00eb 6F75745F 		.ascii	"out_ele2\000"
 1754      656C6532 
 1754      00
 1755              	.LASF20:
 1756 00f4 646F7562 		.ascii	"double\000"
 1756      6C6500
 1757              	.LASF73:
 1758 00fb 456C6541 		.ascii	"EleAilNeutral\000"
 1758      696C4E65 
 1758      75747261 
 1758      6C00
 1759              	.LASF77:
 1760 0109 45455052 		.ascii	"EEPROM_write\000"
ARM GAS  C:\Users\Sven\AppData\Local\Temp\ccGqY44j.s 			page 39


 1760      4F4D5F77 
 1760      72697465 
 1760      00
 1761              	.LASF18:
 1762 0116 75696E74 		.ascii	"uint32\000"
 1762      333200
 1763              	.LASF4:
 1764 011d 5F5F696E 		.ascii	"__int16_t\000"
 1764      7431365F 
 1764      7400
 1765              	.LASF74:
 1766 0127 5275644E 		.ascii	"RudNeutral\000"
 1766      65757472 
 1766      616C00
 1767              	.LASF43:
 1768 0132 6F75745F 		.ascii	"out_ele1\000"
 1768      656C6531 
 1768      00
 1769              	.LASF61:
 1770 013b 6374726C 		.ascii	"ctrl_in_ent\000"
 1770      5F696E5F 
 1770      656E7400 
 1771              	.LASF75:
 1772 0147 55415254 		.ascii	"UART_1_UartPutString\000"
 1772      5F315F55 
 1772      61727450 
 1772      75745374 
 1772      72696E67 
 1773              	.LASF12:
 1774 015c 756E7369 		.ascii	"unsigned int\000"
 1774      676E6564 
 1774      20696E74 
 1774      00
 1775              	.LASF24:
 1776 0169 6D616E75 		.ascii	"manual\000"
 1776      616C00
 1777              	.LASF28:
 1778 0170 70726F67 		.ascii	"prog\000"
 1778      00
 1779              	.LASF9:
 1780 0175 6C6F6E67 		.ascii	"long unsigned int\000"
 1780      20756E73 
 1780      69676E65 
 1780      6420696E 
 1780      7400
 1781              	.LASF56:
 1782 0187 7475726E 		.ascii	"turn_rate_p\000"
 1782      5F726174 
 1782      655F7000 
 1783              	.LASF57:
 1784 0193 7475726E 		.ascii	"turn_rate_q\000"
 1784      5F726174 
 1784      655F7100 
 1785              	.LASF58:
 1786 019f 7475726E 		.ascii	"turn_rate_r\000"
 1786      5F726174 
 1786      655F7200 
ARM GAS  C:\Users\Sven\AppData\Local\Temp\ccGqY44j.s 			page 40


 1787              	.LASF7:
 1788 01ab 73686F72 		.ascii	"short unsigned int\000"
 1788      7420756E 
 1788      7369676E 
 1788      65642069 
 1788      6E7400
 1789              	.LASF53:
 1790 01be 61696C5F 		.ascii	"ail_cmd\000"
 1790      636D6400 
 1791              	.LASF81:
 1792 01c6 453A5C44 		.ascii	"E:\\Dokumente\\GitHub\\T-50_Project\\Software\\T-50"
 1792      6F6B756D 
 1792      656E7465 
 1792      5C476974 
 1792      4875625C 
 1793 01f4 5F50726F 		.ascii	"_Project\\T-50_Project.cydsn\000"
 1793      6A656374 
 1793      5C542D35 
 1793      305F5072 
 1793      6F6A6563 
 1794              	.LASF23:
 1795 0210 73697A65 		.ascii	"sizetype\000"
 1795      74797065 
 1795      00
 1796              	.LASF84:
 1797 0219 55415254 		.ascii	"UART_1_UartPutNum\000"
 1797      5F315F55 
 1797      61727450 
 1797      75744E75 
 1797      6D00
 1798              	.LASF26:
 1799 022b 74756E65 		.ascii	"tune\000"
 1799      00
 1800              	.LASF34:
 1801 0230 696E5F72 		.ascii	"in_rud\000"
 1801      756400
 1802              	.LASF82:
 1803 0237 53746162 		.ascii	"Stabi_Task\000"
 1803      695F5461 
 1803      736B00
 1804              	.LASF19:
 1805 0242 666C6F61 		.ascii	"float\000"
 1805      7400
 1806              	.LASF38:
 1807 0248 696E5F73 		.ascii	"in_sp2\000"
 1807      703200
 1808              	.LASF79:
 1809 024f 474E5520 		.ascii	"GNU C 4.8.4 20140526 (release) [ARM/embedded-4_8-br"
 1809      4320342E 
 1809      382E3420 
 1809      32303134 
 1809      30353236 
 1810 0282 616E6368 		.ascii	"anch revision 211358] -mcpu=cortex-m0 -mthumb -g -O"
 1810      20726576 
 1810      6973696F 
 1810      6E203231 
 1810      31333538 
ARM GAS  C:\Users\Sven\AppData\Local\Temp\ccGqY44j.s 			page 41


 1811 02b5 73202D66 		.ascii	"s -ffunction-sections -finline-functions\000"
 1811      66756E63 
 1811      74696F6E 
 1811      2D736563 
 1811      74696F6E 
 1812              	.LASF27:
 1813 02de 6175746F 		.ascii	"autonom\000"
 1813      6E6F6D00 
 1814              	.LASF36:
 1815 02e6 696E5F63 		.ascii	"in_can\000"
 1815      616E00
 1816              	.LASF3:
 1817 02ed 756E7369 		.ascii	"unsigned char\000"
 1817      676E6564 
 1817      20636861 
 1817      7200
 1818              	.LASF37:
 1819 02fb 696E5F6D 		.ascii	"in_mod\000"
 1819      6F6400
 1820              	.LASF5:
 1821 0302 73686F72 		.ascii	"short int\000"
 1821      7420696E 
 1821      7400
 1822              	.LASF31:
 1823 030c 696E5F6D 		.ascii	"in_mot\000"
 1823      6F7400
 1824              	.LASF33:
 1825 0313 696E5F65 		.ascii	"in_ele\000"
 1825      6C6500
 1826              	.LASF68:
 1827 031a 50726F67 		.ascii	"ProgMode_Timer\000"
 1827      4D6F6465 
 1827      5F54696D 
 1827      657200
 1828              	.LASF54:
 1829 0329 656C655F 		.ascii	"ele_cmd\000"
 1829      636D6400 
 1830              	.LASF48:
 1831 0331 6F75745F 		.ascii	"out_ge1\000"
 1831      67653100 
 1832              	.LASF49:
 1833 0339 6F75745F 		.ascii	"out_ge2\000"
 1833      67653200 
 1834              	.LASF50:
 1835 0341 6F75745F 		.ascii	"out_ge3\000"
 1835      67653300 
 1836              	.LASF69:
 1837 0349 45786974 		.ascii	"ExitProgMode_Timer\000"
 1837      50726F67 
 1837      4D6F6465 
 1837      5F54696D 
 1837      657200
 1838              	.LASF22:
 1839 035c 63686172 		.ascii	"char\000"
 1839      00
 1840              	.LASF62:
 1841 0361 4B5F645F 		.ascii	"K_d_p\000"
ARM GAS  C:\Users\Sven\AppData\Local\Temp\ccGqY44j.s 			page 42


 1841      7000
 1842              	.LASF63:
 1843 0367 4B5F645F 		.ascii	"K_d_q\000"
 1843      7100
 1844              	.LASF64:
 1845 036d 4B5F645F 		.ascii	"K_d_r\000"
 1845      7200
 1846              	.LASF6:
 1847 0373 5F5F7569 		.ascii	"__uint16_t\000"
 1847      6E743136 
 1847      5F7400
 1848              	.LASF70:
 1849 037e 4374726C 		.ascii	"Ctrl_Mode\000"
 1849      5F4D6F64 
 1849      6500
 1850              	.LASF21:
 1851 0388 63686172 		.ascii	"char8\000"
 1851      3800
 1852              	.LASF71:
 1853 038e 50726F67 		.ascii	"ProgModeReq\000"
 1853      4D6F6465 
 1853      52657100 
 1854              	.LASF46:
 1855 039a 6F75745F 		.ascii	"out_fl1\000"
 1855      666C3100 
 1856              	.LASF47:
 1857 03a2 6F75745F 		.ascii	"out_fl2\000"
 1857      666C3200 
 1858              	.LASF78:
 1859 03aa 43794465 		.ascii	"CyDelay\000"
 1859      6C617900 
 1860              	.LASF13:
 1861 03b2 696E7438 		.ascii	"int8_t\000"
 1861      5F7400
 1862              	.LASF66:
 1863 03b9 72656365 		.ascii	"receiver_connected\000"
 1863      69766572 
 1863      5F636F6E 
 1863      6E656374 
 1863      656400
 1864              	.LASF25:
 1865 03cc 64616D70 		.ascii	"damped\000"
 1865      656400
 1866              	.LASF60:
 1867 03d3 6374726C 		.ascii	"ctrl_in\000"
 1867      5F696E00 
 1868              	.LASF14:
 1869 03db 75696E74 		.ascii	"uint8_t\000"
 1869      385F7400 
 1870              	.LASF67:
 1871 03e3 4B5F645F 		.ascii	"K_d_p_conv\000"
 1871      705F636F 
 1871      6E7600
 1872              	.LASF45:
 1873 03ee 6F75745F 		.ascii	"out_rud\000"
 1873      72756400 
 1874              	.LASF59:
ARM GAS  C:\Users\Sven\AppData\Local\Temp\ccGqY44j.s 			page 43


 1875 03f6 6374726C 		.ascii	"ctrl_out\000"
 1875      5F6F7574 
 1875      00
 1876              	.LASF55:
 1877 03ff 7275645F 		.ascii	"rud_cmd\000"
 1877      636D6400 
 1878              	.LASF80:
 1879 0407 2E5C5374 		.ascii	".\\Stabilizer.c\000"
 1879      6162696C 
 1879      697A6572 
 1879      2E6300
 1880              		.ident	"GCC: (GNU Tools for ARM Embedded Processors) 4.8.4 20140526 (release) [ARM/embedded-4_8-br
