--------------- Rebuild Started: 05/19/2015 08:32:51 Project: T-50_Project, Configuration: ARM GCC 4.8.4 Debug ---------------
Deleting file ".\CortexM0\ARM_GCC_484\Debug\main.o"
Deleting file ".\CortexM0\ARM_GCC_484\Debug\IMU.o"
Deleting file ".\CortexM0\ARM_GCC_484\Debug\cyfitter_cfg.o"
Deleting file ".\CortexM0\ARM_GCC_484\Debug\cybootloader.o"
Deleting file ".\CortexM0\ARM_GCC_484\Debug\cymetadata.o"
Deleting file ".\CortexM0\ARM_GCC_484\Debug\Bootloadable_1.o"
Deleting file ".\CortexM0\ARM_GCC_484\Debug\Cm0Start.o"
Deleting file ".\CortexM0\ARM_GCC_484\Debug\CyBootAsmGnu.o"
Deleting file ".\CortexM0\ARM_GCC_484\Debug\CyFlash.o"
Deleting file ".\CortexM0\ARM_GCC_484\Debug\CyLib.o"
Deleting file ".\CortexM0\ARM_GCC_484\Debug\cyPm.o"
Deleting file ".\CortexM0\ARM_GCC_484\Debug\cyutils.o"
Deleting file ".\CortexM0\ARM_GCC_484\Debug\UART_1.o"
Deleting file ".\CortexM0\ARM_GCC_484\Debug\UART_1_SPI_UART.o"
Deleting file ".\CortexM0\ARM_GCC_484\Debug\UART_1_SPI_UART_INT.o"
Deleting file ".\CortexM0\ARM_GCC_484\Debug\UART_1_PM.o"
Deleting file ".\CortexM0\ARM_GCC_484\Debug\UART_1_UART.o"
Deleting file ".\CortexM0\ARM_GCC_484\Debug\UART_1_BOOT.o"
Deleting file ".\CortexM0\ARM_GCC_484\Debug\UART_1_UART_BOOT.o"
Deleting file ".\CortexM0\ARM_GCC_484\Debug\UART_1_tx.o"
Deleting file ".\CortexM0\ARM_GCC_484\Debug\UART_1_rx.o"
Deleting file ".\CortexM0\ARM_GCC_484\Debug\Clock_1.o"
Deleting file ".\CortexM0\ARM_GCC_484\Debug\TaskTimer.o"
Deleting file ".\CortexM0\ARM_GCC_484\Debug\TaskTimer_PM.o"
Deleting file ".\CortexM0\ARM_GCC_484\Debug\TaskISR.o"
Deleting file ".\CortexM0\ARM_GCC_484\Debug\NavLightPWM.o"
Deleting file ".\CortexM0\ARM_GCC_484\Debug\NavLightPWM_PM.o"
Deleting file ".\CortexM0\ARM_GCC_484\Debug\Clock_2.o"
Deleting file ".\CortexM0\ARM_GCC_484\Debug\BootISR.o"
Deleting file ".\CortexM0\ARM_GCC_484\Debug\SW1.o"
Deleting file ".\CortexM0\ARM_GCC_484\Debug\NavLR.o"
Deleting file ".\CortexM0\ARM_GCC_484\Debug\NavB.o"
Deleting file ".\CortexM0\ARM_GCC_484\Debug\Strobes.o"
Deleting file ".\CortexM0\ARM_GCC_484\Debug\Collis.o"
Deleting file ".\CortexM0\ARM_GCC_484\Debug\Ldg.o"
Deleting file ".\CortexM0\ARM_GCC_484\Debug\SpareLight.o"
Deleting file ".\CortexM0\ARM_GCC_484\Debug\OnBoardLED.o"
Deleting file ".\CortexM0\ARM_GCC_484\Debug\PPMCounter.o"
Deleting file ".\CortexM0\ARM_GCC_484\Debug\PPMCounter_PM.o"
Deleting file ".\CortexM0\ARM_GCC_484\Debug\Clock_3.o"
Deleting file ".\CortexM0\ARM_GCC_484\Debug\PPMISR.o"
Deleting file ".\CortexM0\ARM_GCC_484\Debug\PPMRstISR.o"
Deleting file ".\CortexM0\ARM_GCC_484\Debug\PPMIN.o"
Deleting file ".\CortexM0\ARM_GCC_484\Debug\TelemUART.o"
Deleting file ".\CortexM0\ARM_GCC_484\Debug\TelemUART_PM.o"
Deleting file ".\CortexM0\ARM_GCC_484\Debug\TelemUART_INT.o"
Deleting file ".\CortexM0\ARM_GCC_484\Debug\TelemUART_BOOT.o"
Deleting file ".\CortexM0\ARM_GCC_484\Debug\TelemUART_IntClock.o"
Deleting file ".\CortexM0\ARM_GCC_484\Debug\ServoTimer.o"
Deleting file ".\CortexM0\ARM_GCC_484\Debug\ServoTimer_PM.o"
Deleting file ".\CortexM0\ARM_GCC_484\Debug\ServoISR.o"
Deleting file ".\CortexM0\ARM_GCC_484\Debug\Out_Mot_Pin.o"
Deleting file ".\CortexM0\ARM_GCC_484\Debug\Out_Ail1_Pin.o"
Deleting file ".\CortexM0\ARM_GCC_484\Debug\Out_Ail2_Pin.o"
Deleting file ".\CortexM0\ARM_GCC_484\Debug\Out_Ele1_Pin.o"
Deleting file ".\CortexM0\ARM_GCC_484\Debug\Out_Ele2_Pin.o"
Deleting file ".\CortexM0\ARM_GCC_484\Debug\Out_Rud_Pin.o"
Deleting file ".\CortexM0\ARM_GCC_484\Debug\Out_Fl1_Pin.o"
Deleting file ".\CortexM0\ARM_GCC_484\Debug\Out_Fl2_Pin.o"
Deleting file ".\CortexM0\ARM_GCC_484\Debug\Out_Ge1_Pin.o"
Deleting file ".\CortexM0\ARM_GCC_484\Debug\Out_Ge2_Pin.o"
Deleting file ".\CortexM0\ARM_GCC_484\Debug\Out_Ge3_Pin.o"
Deleting file ".\CortexM0\ARM_GCC_484\Debug\Out_Sp1_Pin.o"
Deleting file ".\CortexM0\ARM_GCC_484\Debug\Out_Sp2_Pin.o"
Deleting file ".\CortexM0\ARM_GCC_484\Debug\I2CM.o"
Deleting file ".\CortexM0\ARM_GCC_484\Debug\I2CM_I2C_INT.o"
Deleting file ".\CortexM0\ARM_GCC_484\Debug\I2CM_I2C.o"
Deleting file ".\CortexM0\ARM_GCC_484\Debug\I2CM_I2C_BOOT.o"
Deleting file ".\CortexM0\ARM_GCC_484\Debug\I2CM_I2C_MASTER.o"
Deleting file ".\CortexM0\ARM_GCC_484\Debug\I2CM_PM.o"
Deleting file ".\CortexM0\ARM_GCC_484\Debug\I2CM_BOOT.o"
Deleting file ".\CortexM0\ARM_GCC_484\Debug\I2CM_sda.o"
Deleting file ".\CortexM0\ARM_GCC_484\Debug\I2CM_scl.o"
Deleting file ".\CortexM0\ARM_GCC_484\Debug\UART_1_SCBCLK.o"
Deleting file ".\CortexM0\ARM_GCC_484\Debug\I2CM_SCBCLK.o"
Deleting file ".\CortexM0\ARM_GCC_484\Debug\I2CM_SCB_IRQ.o"
Deleting file ".\CortexM0\ARM_GCC_484\Debug\ADC.o"
Deleting file ".\CortexM0\ARM_GCC_484\Debug\ADC_PM.o"
Deleting file ".\CortexM0\ARM_GCC_484\Debug\ADC_INT.o"
Deleting file ".\CortexM0\ARM_GCC_484\Debug\In_Speed.o"
Deleting file ".\CortexM0\ARM_GCC_484\Debug\ADC_IRQ.o"
Deleting file ".\CortexM0\ARM_GCC_484\Debug\ADC_intClock.o"
Deleting file ".\CortexM0\ARM_GCC_484\Debug\T-50_Project.hex"
Deleting file ".\CortexM0\ARM_GCC_484\Debug\T-50_Project.elf"
Deleting file ".\CortexM0\ARM_GCC_484\Debug\T-50_Project.map"
Deleting file ".\CortexM0\ARM_GCC_484\Debug\T-50_Project.cyacd"
Deleting file ".\T-50_Project.cycdx"
Deleting file ".\T-50_Project.svd"
Deleting file ".\T-50_Project.rpt"
Deleting file ".\T-50_Project_timing.html"
Deleting file ".\CortexM0\ARM_GCC_484\Debug\.deps\C_FILE.P"
Deleting file ".\CortexM0\ARM_GCC_484\Debug\.deps\ARM_C_FILE.P"
Deleting file ".\CortexM0\ARM_GCC_484\Debug\.deps\GNU_ARM_ASM_FILE.P"
cydsfit.exe -.appdatapath "C:\Users\Sven\AppData\Local\Cypress Semiconductor\PSoC Creator\3.1" -.fdsnotice -.fdswarpdepfile=warp_dependencies.txt -.fdselabdepfile=elab_dependencies.txt -.fdsbldfile=generated_files.txt -p E:\Dokumente\GitHub\T-50_Project\Software\T-50_Project\T-50_Project.cydsn\T-50_Project.cyprj -d CY8C4245AXI-483 -s E:\Dokumente\GitHub\T-50_Project\Software\T-50_Project\T-50_Project.cydsn\Generated_Source\PSoC4 -- -yv2 -q10 -ygs -o2 -v3 -.fftcfgtype=LE
Elaborating Design...
ADD: sdb.M0065: information: Analog terminal "ADC.vinMinus0" on TopDesign is unconnected.
 * E:\Dokumente\GitHub\T-50_Project\Software\T-50_Project\T-50_Project.cydsn\TopDesign\TopDesign.cysch (Signal: Net_519)
 * E:\Dokumente\GitHub\T-50_Project\Software\T-50_Project\T-50_Project.cydsn\TopDesign\TopDesign.cysch (Shape_138.20)
ADD: pft.M0028: warning: Clock Warning: (TelemUART_IntClock's accuracy range '76.677 kHz ñ 2.000%, (75.144 kHz - 78.211 kHz)' is not within the specified tolerance range '76.800 kHz ñ 2.000%, (75.264 kHz - 78.336 kHz)'.).
 * E:\Dokumente\GitHub\T-50_Project\Software\T-50_Project\T-50_Project.cydsn\T-50_Project.cydwr (TelemUART_IntClock)
 * E:\Program Files (x86)\Cypress\PSoC Creator\3.1\PSoC Creator\psoc\content\cycomponentlibrary\CyComponentLibrary.cylib\UART_v2_30\UART_v2_30.cysch (Instance:IntClock)
ADD: pft.M0111: information: One or more rows of flash have been configured to be protected; however, debugging has been enabled in the System DWR Editor. This means that while write restrictions are honored flash rows can still be read via SWD or JTAG. To prevent any ability to read the flash rows, disable debugging in the System DWR Editor.
 * E:\Dokumente\GitHub\T-50_Project\Software\T-50_Project\T-50_Project.cydsn\T-50_Project.cydwr (Chip Protection)
HDL Generation ...
Synthesis ...
Place and Route ...
Tech mapping ...
ADD: pft.M0040: information: The following 2 pin(s) will be assigned a location by the fitter: Out_Sp1_Pin(0), Out_Sp2_Pin(0)
Analog Placement ...
Analog Routing ...
Analog Code Generation ...
Digital Placement ...
Digital Routing ...
Bitstream Generation ...
Static timing analysis ...
API Generation ...
Dependency Generation ...
Clean Temporary Files ...
arm-none-eabi-gcc.exe -mcpu=cortex-m0 -mthumb -Wno-main -I.\MAVLINK -I.\MAVLINK\common -I. -I.\Generated_Source\PSoC4 -Wa,-alh=.\CortexM0\ARM_GCC_484\Debug/main.lst -g -D DEBUG -Wall -ffunction-sections -finline-functions -Os -c .\main.c -o .\CortexM0\ARM_GCC_484\Debug\main.o
In file included from .\MAVLINK\common/../protocol.h:5:0,
                 from .\MAVLINK\common/common.h:30,
                 from .\MAVLINK\common/mavlink.h:25,
                 from .\main.c:19:
.\MAVLINK\common/../mavlink_types.h:98:6: warning: declaration does not declare anything [enabled by default]
     };
      ^
.\MAVLINK\common/../mavlink_types.h:13:40: note: in definition of macro 'MAVPACKED'
   #define MAVPACKED( __Declaration__ ) __Declaration__ __attribute__((packed))
                                        ^
.\main.c:145:1: warning: missing braces around initializer [-Wmissing-braces]
 float P_Theta[2][2] = {0,0,0,0};
 ^
.\main.c:145:1: warning: (near initialization for 'P_Theta[0]') [-Wmissing-braces]
.\main.c:150:1: warning: missing braces around initializer [-Wmissing-braces]
 float P_Phi[2][2] = {0,0,0,0};
 ^
.\main.c:150:1: warning: (near initialization for 'P_Phi[0]') [-Wmissing-braces]
.\main.c: In function 'UART_1_UartPutNum':
.\main.c:203:5: warning: format '%d' expects argument of type 'int', but argument 3 has type 'int32_t' [-Wformat=]
     sprintf(k,"%d",num);
     ^
.\main.c:203:5: warning: format '%d' expects argument of type 'int', but argument 3 has type 'int32_t' [-Wformat=]
.\main.c: In function 'main':
.\main.c:521:13: warning: "/*" within comment [-Wcomment]
             /*=======================================================*/
 ^
arm-none-eabi-gcc.exe -mcpu=cortex-m0 -mthumb -Wno-main -I.\MAVLINK -I.\MAVLINK\common -I. -I.\Generated_Source\PSoC4 -Wa,-alh=.\CortexM0\ARM_GCC_484\Debug/IMU.lst -g -D DEBUG -Wall -ffunction-sections -finline-functions -Os -c .\IMU.c -o .\CortexM0\ARM_GCC_484\Debug\IMU.o
arm-none-eabi-gcc.exe -mcpu=cortex-m0 -mthumb -Wno-main -I.\MAVLINK -I.\MAVLINK\common -I. -I.\Generated_Source\PSoC4 -Wa,-alh=.\CortexM0\ARM_GCC_484\Debug/cyfitter_cfg.lst -g -D DEBUG -Wall -ffunction-sections -finline-functions -Os -c .\Generated_Source\PSoC4\cyfitter_cfg.c -o .\CortexM0\ARM_GCC_484\Debug\cyfitter_cfg.o
arm-none-eabi-gcc.exe -mcpu=cortex-m0 -mthumb -Wno-main -I.\MAVLINK -I.\MAVLINK\common -I. -I.\Generated_Source\PSoC4 -Wa,-alh=.\CortexM0\ARM_GCC_484\Debug/cybootloader.lst -g -D DEBUG -Wall -ffunction-sections -finline-functions -Os -c .\Generated_Source\PSoC4\cybootloader.c -o .\CortexM0\ARM_GCC_484\Debug\cybootloader.o
arm-none-eabi-gcc.exe -mcpu=cortex-m0 -mthumb -Wno-main -I.\MAVLINK -I.\MAVLINK\common -I. -I.\Generated_Source\PSoC4 -Wa,-alh=.\CortexM0\ARM_GCC_484\Debug/cymetadata.lst -g -D DEBUG -Wall -ffunction-sections -finline-functions -Os -c .\Generated_Source\PSoC4\cymetadata.c -o .\CortexM0\ARM_GCC_484\Debug\cymetadata.o
arm-none-eabi-gcc.exe -mcpu=cortex-m0 -mthumb -Wno-main -I.\MAVLINK -I.\MAVLINK\common -I. -I.\Generated_Source\PSoC4 -Wa,-alh=.\CortexM0\ARM_GCC_484\Debug/Bootloadable_1.lst -g -D DEBUG -Wall -ffunction-sections -finline-functions -Os -c .\Generated_Source\PSoC4\Bootloadable_1.c -o .\CortexM0\ARM_GCC_484\Debug\Bootloadable_1.o
arm-none-eabi-gcc.exe -mcpu=cortex-m0 -mthumb -Wno-main -I.\MAVLINK -I.\MAVLINK\common -I. -I.\Generated_Source\PSoC4 -Wa,-alh=.\CortexM0\ARM_GCC_484\Debug/Cm0Start.lst -g -D DEBUG -Wall -ffunction-sections -finline-functions -Os -c .\Generated_Source\PSoC4\Cm0Start.c -o .\CortexM0\ARM_GCC_484\Debug\Cm0Start.o
arm-none-eabi-as.exe -mcpu=cortex-m0 -mthumb -I. -I.\Generated_Source\PSoC4 -alh=.\CortexM0\ARM_GCC_484\Debug/CyBootAsmGnu.lst -g -o .\CortexM0\ARM_GCC_484\Debug\CyBootAsmGnu.o .\Generated_Source\PSoC4\CyBootAsmGnu.s
arm-none-eabi-gcc.exe -mcpu=cortex-m0 -mthumb -Wno-main -I.\MAVLINK -I.\MAVLINK\common -I. -I.\Generated_Source\PSoC4 -Wa,-alh=.\CortexM0\ARM_GCC_484\Debug/CyFlash.lst -g -D DEBUG -Wall -ffunction-sections -finline-functions -Os -c .\Generated_Source\PSoC4\CyFlash.c -o .\CortexM0\ARM_GCC_484\Debug\CyFlash.o
arm-none-eabi-gcc.exe -mcpu=cortex-m0 -mthumb -Wno-main -I.\MAVLINK -I.\MAVLINK\common -I. -I.\Generated_Source\PSoC4 -Wa,-alh=.\CortexM0\ARM_GCC_484\Debug/CyLib.lst -g -D DEBUG -Wall -ffunction-sections -finline-functions -Os -c .\Generated_Source\PSoC4\CyLib.c -o .\CortexM0\ARM_GCC_484\Debug\CyLib.o
arm-none-eabi-gcc.exe -mcpu=cortex-m0 -mthumb -Wno-main -I.\MAVLINK -I.\MAVLINK\common -I. -I.\Generated_Source\PSoC4 -Wa,-alh=.\CortexM0\ARM_GCC_484\Debug/cyPm.lst -g -D DEBUG -Wall -ffunction-sections -finline-functions -Os -c .\Generated_Source\PSoC4\cyPm.c -o .\CortexM0\ARM_GCC_484\Debug\cyPm.o
arm-none-eabi-gcc.exe -mcpu=cortex-m0 -mthumb -Wno-main -I.\MAVLINK -I.\MAVLINK\common -I. -I.\Generated_Source\PSoC4 -Wa,-alh=.\CortexM0\ARM_GCC_484\Debug/cyutils.lst -g -D DEBUG -Wall -ffunction-sections -finline-functions -Os -c .\Generated_Source\PSoC4\cyutils.c -o .\CortexM0\ARM_GCC_484\Debug\cyutils.o
arm-none-eabi-gcc.exe -mcpu=cortex-m0 -mthumb -Wno-main -I.\MAVLINK -I.\MAVLINK\common -I. -I.\Generated_Source\PSoC4 -Wa,-alh=.\CortexM0\ARM_GCC_484\Debug/UART_1.lst -g -D DEBUG -Wall -ffunction-sections -finline-functions -Os -c .\Generated_Source\PSoC4\UART_1.c -o .\CortexM0\ARM_GCC_484\Debug\UART_1.o
arm-none-eabi-gcc.exe -mcpu=cortex-m0 -mthumb -Wno-main -I.\MAVLINK -I.\MAVLINK\common -I. -I.\Generated_Source\PSoC4 -Wa,-alh=.\CortexM0\ARM_GCC_484\Debug/UART_1_SPI_UART.lst -g -D DEBUG -Wall -ffunction-sections -finline-functions -Os -c .\Generated_Source\PSoC4\UART_1_SPI_UART.c -o .\CortexM0\ARM_GCC_484\Debug\UART_1_SPI_UART.o
arm-none-eabi-gcc.exe -mcpu=cortex-m0 -mthumb -Wno-main -I.\MAVLINK -I.\MAVLINK\common -I. -I.\Generated_Source\PSoC4 -Wa,-alh=.\CortexM0\ARM_GCC_484\Debug/UART_1_SPI_UART_INT.lst -g -D DEBUG -Wall -ffunction-sections -finline-functions -Os -c .\Generated_Source\PSoC4\UART_1_SPI_UART_INT.c -o .\CortexM0\ARM_GCC_484\Debug\UART_1_SPI_UART_INT.o
arm-none-eabi-gcc.exe -mcpu=cortex-m0 -mthumb -Wno-main -I.\MAVLINK -I.\MAVLINK\common -I. -I.\Generated_Source\PSoC4 -Wa,-alh=.\CortexM0\ARM_GCC_484\Debug/UART_1_PM.lst -g -D DEBUG -Wall -ffunction-sections -finline-functions -Os -c .\Generated_Source\PSoC4\UART_1_PM.c -o .\CortexM0\ARM_GCC_484\Debug\UART_1_PM.o
arm-none-eabi-gcc.exe -mcpu=cortex-m0 -mthumb -Wno-main -I.\MAVLINK -I.\MAVLINK\common -I. -I.\Generated_Source\PSoC4 -Wa,-alh=.\CortexM0\ARM_GCC_484\Debug/UART_1_UART.lst -g -D DEBUG -Wall -ffunction-sections -finline-functions -Os -c .\Generated_Source\PSoC4\UART_1_UART.c -o .\CortexM0\ARM_GCC_484\Debug\UART_1_UART.o
arm-none-eabi-gcc.exe -mcpu=cortex-m0 -mthumb -Wno-main -I.\MAVLINK -I.\MAVLINK\common -I. -I.\Generated_Source\PSoC4 -Wa,-alh=.\CortexM0\ARM_GCC_484\Debug/UART_1_BOOT.lst -g -D DEBUG -Wall -ffunction-sections -finline-functions -Os -c .\Generated_Source\PSoC4\UART_1_BOOT.c -o .\CortexM0\ARM_GCC_484\Debug\UART_1_BOOT.o
arm-none-eabi-gcc.exe -mcpu=cortex-m0 -mthumb -Wno-main -I.\MAVLINK -I.\MAVLINK\common -I. -I.\Generated_Source\PSoC4 -Wa,-alh=.\CortexM0\ARM_GCC_484\Debug/UART_1_UART_BOOT.lst -g -D DEBUG -Wall -ffunction-sections -finline-functions -Os -c .\Generated_Source\PSoC4\UART_1_UART_BOOT.c -o .\CortexM0\ARM_GCC_484\Debug\UART_1_UART_BOOT.o
arm-none-eabi-gcc.exe -mcpu=cortex-m0 -mthumb -Wno-main -I.\MAVLINK -I.\MAVLINK\common -I. -I.\Generated_Source\PSoC4 -Wa,-alh=.\CortexM0\ARM_GCC_484\Debug/UART_1_tx.lst -g -D DEBUG -Wall -ffunction-sections -finline-functions -Os -c .\Generated_Source\PSoC4\UART_1_tx.c -o .\CortexM0\ARM_GCC_484\Debug\UART_1_tx.o
arm-none-eabi-gcc.exe -mcpu=cortex-m0 -mthumb -Wno-main -I.\MAVLINK -I.\MAVLINK\common -I. -I.\Generated_Source\PSoC4 -Wa,-alh=.\CortexM0\ARM_GCC_484\Debug/UART_1_rx.lst -g -D DEBUG -Wall -ffunction-sections -finline-functions -Os -c .\Generated_Source\PSoC4\UART_1_rx.c -o .\CortexM0\ARM_GCC_484\Debug\UART_1_rx.o
arm-none-eabi-gcc.exe -mcpu=cortex-m0 -mthumb -Wno-main -I.\MAVLINK -I.\MAVLINK\common -I. -I.\Generated_Source\PSoC4 -Wa,-alh=.\CortexM0\ARM_GCC_484\Debug/Clock_1.lst -g -D DEBUG -Wall -ffunction-sections -finline-functions -Os -c .\Generated_Source\PSoC4\Clock_1.c -o .\CortexM0\ARM_GCC_484\Debug\Clock_1.o
arm-none-eabi-gcc.exe -mcpu=cortex-m0 -mthumb -Wno-main -I.\MAVLINK -I.\MAVLINK\common -I. -I.\Generated_Source\PSoC4 -Wa,-alh=.\CortexM0\ARM_GCC_484\Debug/TaskTimer.lst -g -D DEBUG -Wall -ffunction-sections -finline-functions -Os -c .\Generated_Source\PSoC4\TaskTimer.c -o .\CortexM0\ARM_GCC_484\Debug\TaskTimer.o
arm-none-eabi-gcc.exe -mcpu=cortex-m0 -mthumb -Wno-main -I.\MAVLINK -I.\MAVLINK\common -I. -I.\Generated_Source\PSoC4 -Wa,-alh=.\CortexM0\ARM_GCC_484\Debug/TaskTimer_PM.lst -g -D DEBUG -Wall -ffunction-sections -finline-functions -Os -c .\Generated_Source\PSoC4\TaskTimer_PM.c -o .\CortexM0\ARM_GCC_484\Debug\TaskTimer_PM.o
arm-none-eabi-gcc.exe -mcpu=cortex-m0 -mthumb -Wno-main -I.\MAVLINK -I.\MAVLINK\common -I. -I.\Generated_Source\PSoC4 -Wa,-alh=.\CortexM0\ARM_GCC_484\Debug/TaskISR.lst -g -D DEBUG -Wall -ffunction-sections -finline-functions -Os -c .\Generated_Source\PSoC4\TaskISR.c -o .\CortexM0\ARM_GCC_484\Debug\TaskISR.o
arm-none-eabi-gcc.exe -mcpu=cortex-m0 -mthumb -Wno-main -I.\MAVLINK -I.\MAVLINK\common -I. -I.\Generated_Source\PSoC4 -Wa,-alh=.\CortexM0\ARM_GCC_484\Debug/NavLightPWM.lst -g -D DEBUG -Wall -ffunction-sections -finline-functions -Os -c .\Generated_Source\PSoC4\NavLightPWM.c -o .\CortexM0\ARM_GCC_484\Debug\NavLightPWM.o
arm-none-eabi-gcc.exe -mcpu=cortex-m0 -mthumb -Wno-main -I.\MAVLINK -I.\MAVLINK\common -I. -I.\Generated_Source\PSoC4 -Wa,-alh=.\CortexM0\ARM_GCC_484\Debug/NavLightPWM_PM.lst -g -D DEBUG -Wall -ffunction-sections -finline-functions -Os -c .\Generated_Source\PSoC4\NavLightPWM_PM.c -o .\CortexM0\ARM_GCC_484\Debug\NavLightPWM_PM.o
arm-none-eabi-gcc.exe -mcpu=cortex-m0 -mthumb -Wno-main -I.\MAVLINK -I.\MAVLINK\common -I. -I.\Generated_Source\PSoC4 -Wa,-alh=.\CortexM0\ARM_GCC_484\Debug/Clock_2.lst -g -D DEBUG -Wall -ffunction-sections -finline-functions -Os -c .\Generated_Source\PSoC4\Clock_2.c -o .\CortexM0\ARM_GCC_484\Debug\Clock_2.o
arm-none-eabi-gcc.exe -mcpu=cortex-m0 -mthumb -Wno-main -I.\MAVLINK -I.\MAVLINK\common -I. -I.\Generated_Source\PSoC4 -Wa,-alh=.\CortexM0\ARM_GCC_484\Debug/BootISR.lst -g -D DEBUG -Wall -ffunction-sections -finline-functions -Os -c .\Generated_Source\PSoC4\BootISR.c -o .\CortexM0\ARM_GCC_484\Debug\BootISR.o
arm-none-eabi-gcc.exe -mcpu=cortex-m0 -mthumb -Wno-main -I.\MAVLINK -I.\MAVLINK\common -I. -I.\Generated_Source\PSoC4 -Wa,-alh=.\CortexM0\ARM_GCC_484\Debug/SW1.lst -g -D DEBUG -Wall -ffunction-sections -finline-functions -Os -c .\Generated_Source\PSoC4\SW1.c -o .\CortexM0\ARM_GCC_484\Debug\SW1.o
arm-none-eabi-gcc.exe -mcpu=cortex-m0 -mthumb -Wno-main -I.\MAVLINK -I.\MAVLINK\common -I. -I.\Generated_Source\PSoC4 -Wa,-alh=.\CortexM0\ARM_GCC_484\Debug/NavLR.lst -g -D DEBUG -Wall -ffunction-sections -finline-functions -Os -c .\Generated_Source\PSoC4\NavLR.c -o .\CortexM0\ARM_GCC_484\Debug\NavLR.o
arm-none-eabi-gcc.exe -mcpu=cortex-m0 -mthumb -Wno-main -I.\MAVLINK -I.\MAVLINK\common -I. -I.\Generated_Source\PSoC4 -Wa,-alh=.\CortexM0\ARM_GCC_484\Debug/NavB.lst -g -D DEBUG -Wall -ffunction-sections -finline-functions -Os -c .\Generated_Source\PSoC4\NavB.c -o .\CortexM0\ARM_GCC_484\Debug\NavB.o
arm-none-eabi-gcc.exe -mcpu=cortex-m0 -mthumb -Wno-main -I.\MAVLINK -I.\MAVLINK\common -I. -I.\Generated_Source\PSoC4 -Wa,-alh=.\CortexM0\ARM_GCC_484\Debug/Strobes.lst -g -D DEBUG -Wall -ffunction-sections -finline-functions -Os -c .\Generated_Source\PSoC4\Strobes.c -o .\CortexM0\ARM_GCC_484\Debug\Strobes.o
arm-none-eabi-gcc.exe -mcpu=cortex-m0 -mthumb -Wno-main -I.\MAVLINK -I.\MAVLINK\common -I. -I.\Generated_Source\PSoC4 -Wa,-alh=.\CortexM0\ARM_GCC_484\Debug/Collis.lst -g -D DEBUG -Wall -ffunction-sections -finline-functions -Os -c .\Generated_Source\PSoC4\Collis.c -o .\CortexM0\ARM_GCC_484\Debug\Collis.o
arm-none-eabi-gcc.exe -mcpu=cortex-m0 -mthumb -Wno-main -I.\MAVLINK -I.\MAVLINK\common -I. -I.\Generated_Source\PSoC4 -Wa,-alh=.\CortexM0\ARM_GCC_484\Debug/Ldg.lst -g -D DEBUG -Wall -ffunction-sections -finline-functions -Os -c .\Generated_Source\PSoC4\Ldg.c -o .\CortexM0\ARM_GCC_484\Debug\Ldg.o
arm-none-eabi-gcc.exe -mcpu=cortex-m0 -mthumb -Wno-main -I.\MAVLINK -I.\MAVLINK\common -I. -I.\Generated_Source\PSoC4 -Wa,-alh=.\CortexM0\ARM_GCC_484\Debug/SpareLight.lst -g -D DEBUG -Wall -ffunction-sections -finline-functions -Os -c .\Generated_Source\PSoC4\SpareLight.c -o .\CortexM0\ARM_GCC_484\Debug\SpareLight.o
arm-none-eabi-gcc.exe -mcpu=cortex-m0 -mthumb -Wno-main -I.\MAVLINK -I.\MAVLINK\common -I. -I.\Generated_Source\PSoC4 -Wa,-alh=.\CortexM0\ARM_GCC_484\Debug/OnBoardLED.lst -g -D DEBUG -Wall -ffunction-sections -finline-functions -Os -c .\Generated_Source\PSoC4\OnBoardLED.c -o .\CortexM0\ARM_GCC_484\Debug\OnBoardLED.o
arm-none-eabi-gcc.exe -mcpu=cortex-m0 -mthumb -Wno-main -I.\MAVLINK -I.\MAVLINK\common -I. -I.\Generated_Source\PSoC4 -Wa,-alh=.\CortexM0\ARM_GCC_484\Debug/PPMCounter.lst -g -D DEBUG -Wall -ffunction-sections -finline-functions -Os -c .\Generated_Source\PSoC4\PPMCounter.c -o .\CortexM0\ARM_GCC_484\Debug\PPMCounter.o
arm-none-eabi-gcc.exe -mcpu=cortex-m0 -mthumb -Wno-main -I.\MAVLINK -I.\MAVLINK\common -I. -I.\Generated_Source\PSoC4 -Wa,-alh=.\CortexM0\ARM_GCC_484\Debug/PPMCounter_PM.lst -g -D DEBUG -Wall -ffunction-sections -finline-functions -Os -c .\Generated_Source\PSoC4\PPMCounter_PM.c -o .\CortexM0\ARM_GCC_484\Debug\PPMCounter_PM.o
arm-none-eabi-gcc.exe -mcpu=cortex-m0 -mthumb -Wno-main -I.\MAVLINK -I.\MAVLINK\common -I. -I.\Generated_Source\PSoC4 -Wa,-alh=.\CortexM0\ARM_GCC_484\Debug/Clock_3.lst -g -D DEBUG -Wall -ffunction-sections -finline-functions -Os -c .\Generated_Source\PSoC4\Clock_3.c -o .\CortexM0\ARM_GCC_484\Debug\Clock_3.o
arm-none-eabi-gcc.exe -mcpu=cortex-m0 -mthumb -Wno-main -I.\MAVLINK -I.\MAVLINK\common -I. -I.\Generated_Source\PSoC4 -Wa,-alh=.\CortexM0\ARM_GCC_484\Debug/PPMISR.lst -g -D DEBUG -Wall -ffunction-sections -finline-functions -Os -c .\Generated_Source\PSoC4\PPMISR.c -o .\CortexM0\ARM_GCC_484\Debug\PPMISR.o
arm-none-eabi-gcc.exe -mcpu=cortex-m0 -mthumb -Wno-main -I.\MAVLINK -I.\MAVLINK\common -I. -I.\Generated_Source\PSoC4 -Wa,-alh=.\CortexM0\ARM_GCC_484\Debug/PPMRstISR.lst -g -D DEBUG -Wall -ffunction-sections -finline-functions -Os -c .\Generated_Source\PSoC4\PPMRstISR.c -o .\CortexM0\ARM_GCC_484\Debug\PPMRstISR.o
arm-none-eabi-gcc.exe -mcpu=cortex-m0 -mthumb -Wno-main -I.\MAVLINK -I.\MAVLINK\common -I. -I.\Generated_Source\PSoC4 -Wa,-alh=.\CortexM0\ARM_GCC_484\Debug/PPMIN.lst -g -D DEBUG -Wall -ffunction-sections -finline-functions -Os -c .\Generated_Source\PSoC4\PPMIN.c -o .\CortexM0\ARM_GCC_484\Debug\PPMIN.o
arm-none-eabi-gcc.exe -mcpu=cortex-m0 -mthumb -Wno-main -I.\MAVLINK -I.\MAVLINK\common -I. -I.\Generated_Source\PSoC4 -Wa,-alh=.\CortexM0\ARM_GCC_484\Debug/TelemUART.lst -g -D DEBUG -Wall -ffunction-sections -finline-functions -Os -c .\Generated_Source\PSoC4\TelemUART.c -o .\CortexM0\ARM_GCC_484\Debug\TelemUART.o
arm-none-eabi-gcc.exe -mcpu=cortex-m0 -mthumb -Wno-main -I.\MAVLINK -I.\MAVLINK\common -I. -I.\Generated_Source\PSoC4 -Wa,-alh=.\CortexM0\ARM_GCC_484\Debug/TelemUART_PM.lst -g -D DEBUG -Wall -ffunction-sections -finline-functions -Os -c .\Generated_Source\PSoC4\TelemUART_PM.c -o .\CortexM0\ARM_GCC_484\Debug\TelemUART_PM.o
arm-none-eabi-gcc.exe -mcpu=cortex-m0 -mthumb -Wno-main -I.\MAVLINK -I.\MAVLINK\common -I. -I.\Generated_Source\PSoC4 -Wa,-alh=.\CortexM0\ARM_GCC_484\Debug/TelemUART_INT.lst -g -D DEBUG -Wall -ffunction-sections -finline-functions -Os -c .\Generated_Source\PSoC4\TelemUART_INT.c -o .\CortexM0\ARM_GCC_484\Debug\TelemUART_INT.o
arm-none-eabi-gcc.exe -mcpu=cortex-m0 -mthumb -Wno-main -I.\MAVLINK -I.\MAVLINK\common -I. -I.\Generated_Source\PSoC4 -Wa,-alh=.\CortexM0\ARM_GCC_484\Debug/TelemUART_BOOT.lst -g -D DEBUG -Wall -ffunction-sections -finline-functions -Os -c .\Generated_Source\PSoC4\TelemUART_BOOT.c -o .\CortexM0\ARM_GCC_484\Debug\TelemUART_BOOT.o
arm-none-eabi-gcc.exe -mcpu=cortex-m0 -mthumb -Wno-main -I.\MAVLINK -I.\MAVLINK\common -I. -I.\Generated_Source\PSoC4 -Wa,-alh=.\CortexM0\ARM_GCC_484\Debug/TelemUART_IntClock.lst -g -D DEBUG -Wall -ffunction-sections -finline-functions -Os -c .\Generated_Source\PSoC4\TelemUART_IntClock.c -o .\CortexM0\ARM_GCC_484\Debug\TelemUART_IntClock.o
arm-none-eabi-gcc.exe -mcpu=cortex-m0 -mthumb -Wno-main -I.\MAVLINK -I.\MAVLINK\common -I. -I.\Generated_Source\PSoC4 -Wa,-alh=.\CortexM0\ARM_GCC_484\Debug/ServoTimer.lst -g -D DEBUG -Wall -ffunction-sections -finline-functions -Os -c .\Generated_Source\PSoC4\ServoTimer.c -o .\CortexM0\ARM_GCC_484\Debug\ServoTimer.o
arm-none-eabi-gcc.exe -mcpu=cortex-m0 -mthumb -Wno-main -I.\MAVLINK -I.\MAVLINK\common -I. -I.\Generated_Source\PSoC4 -Wa,-alh=.\CortexM0\ARM_GCC_484\Debug/ServoTimer_PM.lst -g -D DEBUG -Wall -ffunction-sections -finline-functions -Os -c .\Generated_Source\PSoC4\ServoTimer_PM.c -o .\CortexM0\ARM_GCC_484\Debug\ServoTimer_PM.o
arm-none-eabi-gcc.exe -mcpu=cortex-m0 -mthumb -Wno-main -I.\MAVLINK -I.\MAVLINK\common -I. -I.\Generated_Source\PSoC4 -Wa,-alh=.\CortexM0\ARM_GCC_484\Debug/ServoISR.lst -g -D DEBUG -Wall -ffunction-sections -finline-functions -Os -c .\Generated_Source\PSoC4\ServoISR.c -o .\CortexM0\ARM_GCC_484\Debug\ServoISR.o
arm-none-eabi-gcc.exe -mcpu=cortex-m0 -mthumb -Wno-main -I.\MAVLINK -I.\MAVLINK\common -I. -I.\Generated_Source\PSoC4 -Wa,-alh=.\CortexM0\ARM_GCC_484\Debug/Out_Mot_Pin.lst -g -D DEBUG -Wall -ffunction-sections -finline-functions -Os -c .\Generated_Source\PSoC4\Out_Mot_Pin.c -o .\CortexM0\ARM_GCC_484\Debug\Out_Mot_Pin.o
arm-none-eabi-gcc.exe -mcpu=cortex-m0 -mthumb -Wno-main -I.\MAVLINK -I.\MAVLINK\common -I. -I.\Generated_Source\PSoC4 -Wa,-alh=.\CortexM0\ARM_GCC_484\Debug/Out_Ail1_Pin.lst -g -D DEBUG -Wall -ffunction-sections -finline-functions -Os -c .\Generated_Source\PSoC4\Out_Ail1_Pin.c -o .\CortexM0\ARM_GCC_484\Debug\Out_Ail1_Pin.o
arm-none-eabi-gcc.exe -mcpu=cortex-m0 -mthumb -Wno-main -I.\MAVLINK -I.\MAVLINK\common -I. -I.\Generated_Source\PSoC4 -Wa,-alh=.\CortexM0\ARM_GCC_484\Debug/Out_Ail2_Pin.lst -g -D DEBUG -Wall -ffunction-sections -finline-functions -Os -c .\Generated_Source\PSoC4\Out_Ail2_Pin.c -o .\CortexM0\ARM_GCC_484\Debug\Out_Ail2_Pin.o
arm-none-eabi-gcc.exe -mcpu=cortex-m0 -mthumb -Wno-main -I.\MAVLINK -I.\MAVLINK\common -I. -I.\Generated_Source\PSoC4 -Wa,-alh=.\CortexM0\ARM_GCC_484\Debug/Out_Ele1_Pin.lst -g -D DEBUG -Wall -ffunction-sections -finline-functions -Os -c .\Generated_Source\PSoC4\Out_Ele1_Pin.c -o .\CortexM0\ARM_GCC_484\Debug\Out_Ele1_Pin.o
arm-none-eabi-gcc.exe -mcpu=cortex-m0 -mthumb -Wno-main -I.\MAVLINK -I.\MAVLINK\common -I. -I.\Generated_Source\PSoC4 -Wa,-alh=.\CortexM0\ARM_GCC_484\Debug/Out_Ele2_Pin.lst -g -D DEBUG -Wall -ffunction-sections -finline-functions -Os -c .\Generated_Source\PSoC4\Out_Ele2_Pin.c -o .\CortexM0\ARM_GCC_484\Debug\Out_Ele2_Pin.o
arm-none-eabi-gcc.exe -mcpu=cortex-m0 -mthumb -Wno-main -I.\MAVLINK -I.\MAVLINK\common -I. -I.\Generated_Source\PSoC4 -Wa,-alh=.\CortexM0\ARM_GCC_484\Debug/Out_Rud_Pin.lst -g -D DEBUG -Wall -ffunction-sections -finline-functions -Os -c .\Generated_Source\PSoC4\Out_Rud_Pin.c -o .\CortexM0\ARM_GCC_484\Debug\Out_Rud_Pin.o
arm-none-eabi-gcc.exe -mcpu=cortex-m0 -mthumb -Wno-main -I.\MAVLINK -I.\MAVLINK\common -I. -I.\Generated_Source\PSoC4 -Wa,-alh=.\CortexM0\ARM_GCC_484\Debug/Out_Fl1_Pin.lst -g -D DEBUG -Wall -ffunction-sections -finline-functions -Os -c .\Generated_Source\PSoC4\Out_Fl1_Pin.c -o .\CortexM0\ARM_GCC_484\Debug\Out_Fl1_Pin.o
arm-none-eabi-gcc.exe -mcpu=cortex-m0 -mthumb -Wno-main -I.\MAVLINK -I.\MAVLINK\common -I. -I.\Generated_Source\PSoC4 -Wa,-alh=.\CortexM0\ARM_GCC_484\Debug/Out_Fl2_Pin.lst -g -D DEBUG -Wall -ffunction-sections -finline-functions -Os -c .\Generated_Source\PSoC4\Out_Fl2_Pin.c -o .\CortexM0\ARM_GCC_484\Debug\Out_Fl2_Pin.o
arm-none-eabi-gcc.exe -mcpu=cortex-m0 -mthumb -Wno-main -I.\MAVLINK -I.\MAVLINK\common -I. -I.\Generated_Source\PSoC4 -Wa,-alh=.\CortexM0\ARM_GCC_484\Debug/Out_Ge1_Pin.lst -g -D DEBUG -Wall -ffunction-sections -finline-functions -Os -c .\Generated_Source\PSoC4\Out_Ge1_Pin.c -o .\CortexM0\ARM_GCC_484\Debug\Out_Ge1_Pin.o
arm-none-eabi-gcc.exe -mcpu=cortex-m0 -mthumb -Wno-main -I.\MAVLINK -I.\MAVLINK\common -I. -I.\Generated_Source\PSoC4 -Wa,-alh=.\CortexM0\ARM_GCC_484\Debug/Out_Ge2_Pin.lst -g -D DEBUG -Wall -ffunction-sections -finline-functions -Os -c .\Generated_Source\PSoC4\Out_Ge2_Pin.c -o .\CortexM0\ARM_GCC_484\Debug\Out_Ge2_Pin.o
arm-none-eabi-gcc.exe -mcpu=cortex-m0 -mthumb -Wno-main -I.\MAVLINK -I.\MAVLINK\common -I. -I.\Generated_Source\PSoC4 -Wa,-alh=.\CortexM0\ARM_GCC_484\Debug/Out_Ge3_Pin.lst -g -D DEBUG -Wall -ffunction-sections -finline-functions -Os -c .\Generated_Source\PSoC4\Out_Ge3_Pin.c -o .\CortexM0\ARM_GCC_484\Debug\Out_Ge3_Pin.o
arm-none-eabi-gcc.exe -mcpu=cortex-m0 -mthumb -Wno-main -I.\MAVLINK -I.\MAVLINK\common -I. -I.\Generated_Source\PSoC4 -Wa,-alh=.\CortexM0\ARM_GCC_484\Debug/Out_Sp1_Pin.lst -g -D DEBUG -Wall -ffunction-sections -finline-functions -Os -c .\Generated_Source\PSoC4\Out_Sp1_Pin.c -o .\CortexM0\ARM_GCC_484\Debug\Out_Sp1_Pin.o
arm-none-eabi-gcc.exe -mcpu=cortex-m0 -mthumb -Wno-main -I.\MAVLINK -I.\MAVLINK\common -I. -I.\Generated_Source\PSoC4 -Wa,-alh=.\CortexM0\ARM_GCC_484\Debug/Out_Sp2_Pin.lst -g -D DEBUG -Wall -ffunction-sections -finline-functions -Os -c .\Generated_Source\PSoC4\Out_Sp2_Pin.c -o .\CortexM0\ARM_GCC_484\Debug\Out_Sp2_Pin.o
arm-none-eabi-gcc.exe -mcpu=cortex-m0 -mthumb -Wno-main -I.\MAVLINK -I.\MAVLINK\common -I. -I.\Generated_Source\PSoC4 -Wa,-alh=.\CortexM0\ARM_GCC_484\Debug/I2CM.lst -g -D DEBUG -Wall -ffunction-sections -finline-functions -Os -c .\Generated_Source\PSoC4\I2CM.c -o .\CortexM0\ARM_GCC_484\Debug\I2CM.o
arm-none-eabi-gcc.exe -mcpu=cortex-m0 -mthumb -Wno-main -I.\MAVLINK -I.\MAVLINK\common -I. -I.\Generated_Source\PSoC4 -Wa,-alh=.\CortexM0\ARM_GCC_484\Debug/I2CM_I2C_INT.lst -g -D DEBUG -Wall -ffunction-sections -finline-functions -Os -c .\Generated_Source\PSoC4\I2CM_I2C_INT.c -o .\CortexM0\ARM_GCC_484\Debug\I2CM_I2C_INT.o
arm-none-eabi-gcc.exe -mcpu=cortex-m0 -mthumb -Wno-main -I.\MAVLINK -I.\MAVLINK\common -I. -I.\Generated_Source\PSoC4 -Wa,-alh=.\CortexM0\ARM_GCC_484\Debug/I2CM_I2C.lst -g -D DEBUG -Wall -ffunction-sections -finline-functions -Os -c .\Generated_Source\PSoC4\I2CM_I2C.c -o .\CortexM0\ARM_GCC_484\Debug\I2CM_I2C.o
arm-none-eabi-gcc.exe -mcpu=cortex-m0 -mthumb -Wno-main -I.\MAVLINK -I.\MAVLINK\common -I. -I.\Generated_Source\PSoC4 -Wa,-alh=.\CortexM0\ARM_GCC_484\Debug/I2CM_I2C_BOOT.lst -g -D DEBUG -Wall -ffunction-sections -finline-functions -Os -c .\Generated_Source\PSoC4\I2CM_I2C_BOOT.c -o .\CortexM0\ARM_GCC_484\Debug\I2CM_I2C_BOOT.o
arm-none-eabi-gcc.exe -mcpu=cortex-m0 -mthumb -Wno-main -I.\MAVLINK -I.\MAVLINK\common -I. -I.\Generated_Source\PSoC4 -Wa,-alh=.\CortexM0\ARM_GCC_484\Debug/I2CM_I2C_MASTER.lst -g -D DEBUG -Wall -ffunction-sections -finline-functions -Os -c .\Generated_Source\PSoC4\I2CM_I2C_MASTER.c -o .\CortexM0\ARM_GCC_484\Debug\I2CM_I2C_MASTER.o
arm-none-eabi-gcc.exe -mcpu=cortex-m0 -mthumb -Wno-main -I.\MAVLINK -I.\MAVLINK\common -I. -I.\Generated_Source\PSoC4 -Wa,-alh=.\CortexM0\ARM_GCC_484\Debug/I2CM_PM.lst -g -D DEBUG -Wall -ffunction-sections -finline-functions -Os -c .\Generated_Source\PSoC4\I2CM_PM.c -o .\CortexM0\ARM_GCC_484\Debug\I2CM_PM.o
arm-none-eabi-gcc.exe -mcpu=cortex-m0 -mthumb -Wno-main -I.\MAVLINK -I.\MAVLINK\common -I. -I.\Generated_Source\PSoC4 -Wa,-alh=.\CortexM0\ARM_GCC_484\Debug/I2CM_BOOT.lst -g -D DEBUG -Wall -ffunction-sections -finline-functions -Os -c .\Generated_Source\PSoC4\I2CM_BOOT.c -o .\CortexM0\ARM_GCC_484\Debug\I2CM_BOOT.o
arm-none-eabi-gcc.exe -mcpu=cortex-m0 -mthumb -Wno-main -I.\MAVLINK -I.\MAVLINK\common -I. -I.\Generated_Source\PSoC4 -Wa,-alh=.\CortexM0\ARM_GCC_484\Debug/I2CM_sda.lst -g -D DEBUG -Wall -ffunction-sections -finline-functions -Os -c .\Generated_Source\PSoC4\I2CM_sda.c -o .\CortexM0\ARM_GCC_484\Debug\I2CM_sda.o
arm-none-eabi-gcc.exe -mcpu=cortex-m0 -mthumb -Wno-main -I.\MAVLINK -I.\MAVLINK\common -I. -I.\Generated_Source\PSoC4 -Wa,-alh=.\CortexM0\ARM_GCC_484\Debug/I2CM_scl.lst -g -D DEBUG -Wall -ffunction-sections -finline-functions -Os -c .\Generated_Source\PSoC4\I2CM_scl.c -o .\CortexM0\ARM_GCC_484\Debug\I2CM_scl.o
arm-none-eabi-gcc.exe -mcpu=cortex-m0 -mthumb -Wno-main -I.\MAVLINK -I.\MAVLINK\common -I. -I.\Generated_Source\PSoC4 -Wa,-alh=.\CortexM0\ARM_GCC_484\Debug/UART_1_SCBCLK.lst -g -D DEBUG -Wall -ffunction-sections -finline-functions -Os -c .\Generated_Source\PSoC4\UART_1_SCBCLK.c -o .\CortexM0\ARM_GCC_484\Debug\UART_1_SCBCLK.o
arm-none-eabi-gcc.exe -mcpu=cortex-m0 -mthumb -Wno-main -I.\MAVLINK -I.\MAVLINK\common -I. -I.\Generated_Source\PSoC4 -Wa,-alh=.\CortexM0\ARM_GCC_484\Debug/I2CM_SCBCLK.lst -g -D DEBUG -Wall -ffunction-sections -finline-functions -Os -c .\Generated_Source\PSoC4\I2CM_SCBCLK.c -o .\CortexM0\ARM_GCC_484\Debug\I2CM_SCBCLK.o
arm-none-eabi-gcc.exe -mcpu=cortex-m0 -mthumb -Wno-main -I.\MAVLINK -I.\MAVLINK\common -I. -I.\Generated_Source\PSoC4 -Wa,-alh=.\CortexM0\ARM_GCC_484\Debug/I2CM_SCB_IRQ.lst -g -D DEBUG -Wall -ffunction-sections -finline-functions -Os -c .\Generated_Source\PSoC4\I2CM_SCB_IRQ.c -o .\CortexM0\ARM_GCC_484\Debug\I2CM_SCB_IRQ.o
arm-none-eabi-gcc.exe -mcpu=cortex-m0 -mthumb -Wno-main -I.\MAVLINK -I.\MAVLINK\common -I. -I.\Generated_Source\PSoC4 -Wa,-alh=.\CortexM0\ARM_GCC_484\Debug/ADC.lst -g -D DEBUG -Wall -ffunction-sections -finline-functions -Os -c .\Generated_Source\PSoC4\ADC.c -o .\CortexM0\ARM_GCC_484\Debug\ADC.o
arm-none-eabi-gcc.exe -mcpu=cortex-m0 -mthumb -Wno-main -I.\MAVLINK -I.\MAVLINK\common -I. -I.\Generated_Source\PSoC4 -Wa,-alh=.\CortexM0\ARM_GCC_484\Debug/ADC_PM.lst -g -D DEBUG -Wall -ffunction-sections -finline-functions -Os -c .\Generated_Source\PSoC4\ADC_PM.c -o .\CortexM0\ARM_GCC_484\Debug\ADC_PM.o
arm-none-eabi-gcc.exe -mcpu=cortex-m0 -mthumb -Wno-main -I.\MAVLINK -I.\MAVLINK\common -I. -I.\Generated_Source\PSoC4 -Wa,-alh=.\CortexM0\ARM_GCC_484\Debug/ADC_INT.lst -g -D DEBUG -Wall -ffunction-sections -finline-functions -Os -c .\Generated_Source\PSoC4\ADC_INT.c -o .\CortexM0\ARM_GCC_484\Debug\ADC_INT.o
arm-none-eabi-gcc.exe -mcpu=cortex-m0 -mthumb -Wno-main -I.\MAVLINK -I.\MAVLINK\common -I. -I.\Generated_Source\PSoC4 -Wa,-alh=.\CortexM0\ARM_GCC_484\Debug/In_Speed.lst -g -D DEBUG -Wall -ffunction-sections -finline-functions -Os -c .\Generated_Source\PSoC4\In_Speed.c -o .\CortexM0\ARM_GCC_484\Debug\In_Speed.o
arm-none-eabi-gcc.exe -mcpu=cortex-m0 -mthumb -Wno-main -I.\MAVLINK -I.\MAVLINK\common -I. -I.\Generated_Source\PSoC4 -Wa,-alh=.\CortexM0\ARM_GCC_484\Debug/ADC_IRQ.lst -g -D DEBUG -Wall -ffunction-sections -finline-functions -Os -c .\Generated_Source\PSoC4\ADC_IRQ.c -o .\CortexM0\ARM_GCC_484\Debug\ADC_IRQ.o
arm-none-eabi-gcc.exe -mcpu=cortex-m0 -mthumb -Wno-main -I.\MAVLINK -I.\MAVLINK\common -I. -I.\Generated_Source\PSoC4 -Wa,-alh=.\CortexM0\ARM_GCC_484\Debug/ADC_intClock.lst -g -D DEBUG -Wall -ffunction-sections -finline-functions -Os -c .\Generated_Source\PSoC4\ADC_intClock.c -o .\CortexM0\ARM_GCC_484\Debug\ADC_intClock.o
arm-none-eabi-ar.exe -rs .\CortexM0\ARM_GCC_484\Debug\T-50_Project.a .\CortexM0\ARM_GCC_484\Debug\cyfitter_cfg.o .\CortexM0\ARM_GCC_484\Debug\Bootloadable_1.o .\CortexM0\ARM_GCC_484\Debug\CyBootAsmGnu.o .\CortexM0\ARM_GCC_484\Debug\CyFlash.o .\CortexM0\ARM_GCC_484\Debug\CyLib.o .\CortexM0\ARM_GCC_484\Debug\cyPm.o .\CortexM0\ARM_GCC_484\Debug\cyutils.o .\CortexM0\ARM_GCC_484\Debug\UART_1.o .\CortexM0\ARM_GCC_484\Debug\UART_1_SPI_UART.o .\CortexM0\ARM_GCC_484\Debug\UART_1_SPI_UART_INT.o .\CortexM0\ARM_GCC_484\Debug\UART_1_PM.o .\CortexM0\ARM_GCC_484\Debug\UART_1_UART.o .\CortexM0\ARM_GCC_484\Debug\UART_1_BOOT.o .\CortexM0\ARM_GCC_484\Debug\UART_1_UART_BOOT.o .\CortexM0\ARM_GCC_484\Debug\UART_1_tx.o .\CortexM0\ARM_GCC_484\Debug\UART_1_rx.o .\CortexM0\ARM_GCC_484\Debug\Clock_1.o .\CortexM0\ARM_GCC_484\Debug\TaskTimer.o .\CortexM0\ARM_GCC_484\Debug\TaskTimer_PM.o .\CortexM0\ARM_GCC_484\Debug\TaskISR.o .\CortexM0\ARM_GCC_484\Debug\NavLightPWM.o .\CortexM0\ARM_GCC_484\Debug\NavLightPWM_PM.o .\CortexM0\ARM_GCC_484\Debug\Clock_2.o .\CortexM0\ARM_GCC_484\Debug\BootISR.o .\CortexM0\ARM_GCC_484\Debug\SW1.o .\CortexM0\ARM_GCC_484\Debug\NavLR.o .\CortexM0\ARM_GCC_484\Debug\NavB.o .\CortexM0\ARM_GCC_484\Debug\Strobes.o .\CortexM0\ARM_GCC_484\Debug\Collis.o .\CortexM0\ARM_GCC_484\Debug\Ldg.o .\CortexM0\ARM_GCC_484\Debug\SpareLight.o .\CortexM0\ARM_GCC_484\Debug\OnBoardLED.o .\CortexM0\ARM_GCC_484\Debug\PPMCounter.o .\CortexM0\ARM_GCC_484\Debug\PPMCounter_PM.o .\CortexM0\ARM_GCC_484\Debug\Clock_3.o .\CortexM0\ARM_GCC_484\Debug\PPMISR.o .\CortexM0\ARM_GCC_484\Debug\PPMRstISR.o .\CortexM0\ARM_GCC_484\Debug\PPMIN.o .\CortexM0\ARM_GCC_484\Debug\TelemUART.o .\CortexM0\ARM_GCC_484\Debug\TelemUART_PM.o .\CortexM0\ARM_GCC_484\Debug\TelemUART_INT.o .\CortexM0\ARM_GCC_484\Debug\TelemUART_BOOT.o .\CortexM0\ARM_GCC_484\Debug\TelemUART_IntClock.o .\CortexM0\ARM_GCC_484\Debug\ServoTimer.o .\CortexM0\ARM_GCC_484\Debug\ServoTimer_PM.o .\CortexM0\ARM_GCC_484\Debug\ServoISR.o .\CortexM0\ARM_GCC_484\Debug\Out_Mot_Pin.o .\CortexM0\ARM_GCC_484\Debug\Out_Ail1_Pin.o .\CortexM0\ARM_GCC_484\Debug\Out_Ail2_Pin.o .\CortexM0\ARM_GCC_484\Debug\Out_Ele1_Pin.o .\CortexM0\ARM_GCC_484\Debug\Out_Ele2_Pin.o .\CortexM0\ARM_GCC_484\Debug\Out_Rud_Pin.o .\CortexM0\ARM_GCC_484\Debug\Out_Fl1_Pin.o .\CortexM0\ARM_GCC_484\Debug\Out_Fl2_Pin.o .\CortexM0\ARM_GCC_484\Debug\Out_Ge1_Pin.o .\CortexM0\ARM_GCC_484\Debug\Out_Ge2_Pin.o .\CortexM0\ARM_GCC_484\Debug\Out_Ge3_Pin.o .\CortexM0\ARM_GCC_484\Debug\Out_Sp1_Pin.o .\CortexM0\ARM_GCC_484\Debug\Out_Sp2_Pin.o .\CortexM0\ARM_GCC_484\Debug\I2CM.o .\CortexM0\ARM_GCC_484\Debug\I2CM_I2C_INT.o .\CortexM0\ARM_GCC_484\Debug\I2CM_I2C.o .\CortexM0\ARM_GCC_484\Debug\I2CM_I2C_BOOT.o .\CortexM0\ARM_GCC_484\Debug\I2CM_I2C_MASTER.o .\CortexM0\ARM_GCC_484\Debug\I2CM_PM.o .\CortexM0\ARM_GCC_484\Debug\I2CM_BOOT.o .\CortexM0\ARM_GCC_484\Debug\I2CM_sda.o .\CortexM0\ARM_GCC_484\Debug\I2CM_scl.o .\CortexM0\ARM_GCC_484\Debug\UART_1_SCBCLK.o .\CortexM0\ARM_GCC_484\Debug\I2CM_SCBCLK.o .\CortexM0\ARM_GCC_484\Debug\I2CM_SCB_IRQ.o .\CortexM0\ARM_GCC_484\Debug\ADC.o .\CortexM0\ARM_GCC_484\Debug\ADC_PM.o .\CortexM0\ARM_GCC_484\Debug\ADC_INT.o .\CortexM0\ARM_GCC_484\Debug\In_Speed.o .\CortexM0\ARM_GCC_484\Debug\ADC_IRQ.o .\CortexM0\ARM_GCC_484\Debug\ADC_intClock.o
arm-none-eabi-ar.exe: creating .\CortexM0\ARM_GCC_484\Debug\T-50_Project.a
arm-none-eabi-gcc.exe -Wl,--start-group -o .\CortexM0\ARM_GCC_484\Debug\T-50_Project.elf .\CortexM0\ARM_GCC_484\Debug\main.o .\CortexM0\ARM_GCC_484\Debug\IMU.o .\CortexM0\ARM_GCC_484\Debug\cybootloader.o .\CortexM0\ARM_GCC_484\Debug\cymetadata.o .\CortexM0\ARM_GCC_484\Debug\Cm0Start.o .\CortexM0\ARM_GCC_484\Debug\T-50_Project.a "E:\Program Files (x86)\Cypress\PSoC Creator\3.1\PSoC Creator\psoc\content\cycomponentlibrary\CyComponentLibrary.cylib\CortexM0\ARM_GCC_484\Debug\CyComponentLibrary.a" -mthumb -march=armv6-m -l m -Wl,-Map,.\CortexM0\ARM_GCC_484\Debug/T-50_Project.map -T .\Generated_Source\PSoC4\cm0gcc.ld -g -specs=nano.specs "-u _printf_float" -flto -Os -Wl,--gc-sections -Wl,--end-group
cyelftool.exe -B E:\Dokumente\GitHub\T-50_Project\Software\T-50_Project\T-50_Project.cydsn\CortexM0\ARM_GCC_484\Debug\T-50_Project.elf --flash_row_size 128 --flash_size 32768 --flash_array_size 32768
cyelftool.exe -S E:\Dokumente\GitHub\T-50_Project\Software\T-50_Project\T-50_Project.cydsn\CortexM0\ARM_GCC_484\Debug\T-50_Project.elf
Flash used: 26884 of 32768 bytes (82,0%). Bootloader: 4224 bytes. Application: 22660 bytes
SRAM used: 2584 of 4096 bytes (63,1%). Stack: 1024 bytes. Heap: 256 bytes.
--------------- Rebuild Succeeded: 05/19/2015 08:33:32 ---------------
