ARM GAS  C:\Users\Sven\AppData\Local\Temp\cczPPuAT.s 			page 1


   1              		.cpu cortex-m0
   2              		.fpu softvfp
   3              		.eabi_attribute 20, 1
   4              		.eabi_attribute 21, 1
   5              		.eabi_attribute 23, 3
   6              		.eabi_attribute 24, 1
   7              		.eabi_attribute 25, 1
   8              		.eabi_attribute 26, 1
   9              		.eabi_attribute 30, 4
  10              		.eabi_attribute 34, 0
  11              		.eabi_attribute 18, 4
  12              		.code	16
  13              		.file	"UART_1_SPI_UART.c"
  14              		.text
  15              	.Ltext0:
  16              		.cfi_sections	.debug_frame
  17              		.section	.text.UART_1_SpiUartReadRxData,"ax",%progbits
  18              		.align	1
  19              		.global	UART_1_SpiUartReadRxData
  20              		.code	16
  21              		.thumb_func
  22              		.type	UART_1_SpiUartReadRxData, %function
  23              	UART_1_SpiUartReadRxData:
  24              	.LFB0:
  25              		.file 1 ".\\Generated_Source\\PSoC4\\UART_1_SPI_UART.c"
   1:.\Generated_Source\PSoC4/UART_1_SPI_UART.c **** /*******************************************************************************
   2:.\Generated_Source\PSoC4/UART_1_SPI_UART.c **** * File Name: UART_1_SPI_UART.c
   3:.\Generated_Source\PSoC4/UART_1_SPI_UART.c **** * Version 2.0
   4:.\Generated_Source\PSoC4/UART_1_SPI_UART.c **** *
   5:.\Generated_Source\PSoC4/UART_1_SPI_UART.c **** * Description:
   6:.\Generated_Source\PSoC4/UART_1_SPI_UART.c **** *  This file provides the source code to the API for the SCB Component in
   7:.\Generated_Source\PSoC4/UART_1_SPI_UART.c **** *  SPI and UART modes.
   8:.\Generated_Source\PSoC4/UART_1_SPI_UART.c **** *
   9:.\Generated_Source\PSoC4/UART_1_SPI_UART.c **** * Note:
  10:.\Generated_Source\PSoC4/UART_1_SPI_UART.c **** *
  11:.\Generated_Source\PSoC4/UART_1_SPI_UART.c **** *******************************************************************************
  12:.\Generated_Source\PSoC4/UART_1_SPI_UART.c **** * Copyright 2013-2014, Cypress Semiconductor Corporation.  All rights reserved.
  13:.\Generated_Source\PSoC4/UART_1_SPI_UART.c **** * You may use this file only in accordance with the license, terms, conditions,
  14:.\Generated_Source\PSoC4/UART_1_SPI_UART.c **** * disclaimers, and limitations in the end user license agreement accompanying
  15:.\Generated_Source\PSoC4/UART_1_SPI_UART.c **** * the software package with which this file was provided.
  16:.\Generated_Source\PSoC4/UART_1_SPI_UART.c **** *******************************************************************************/
  17:.\Generated_Source\PSoC4/UART_1_SPI_UART.c **** 
  18:.\Generated_Source\PSoC4/UART_1_SPI_UART.c **** #include "UART_1_PVT.h"
  19:.\Generated_Source\PSoC4/UART_1_SPI_UART.c **** #include "UART_1_SPI_UART_PVT.h"
  20:.\Generated_Source\PSoC4/UART_1_SPI_UART.c **** 
  21:.\Generated_Source\PSoC4/UART_1_SPI_UART.c **** /***************************************
  22:.\Generated_Source\PSoC4/UART_1_SPI_UART.c **** *        SPI/UART Private Vars
  23:.\Generated_Source\PSoC4/UART_1_SPI_UART.c **** ***************************************/
  24:.\Generated_Source\PSoC4/UART_1_SPI_UART.c **** 
  25:.\Generated_Source\PSoC4/UART_1_SPI_UART.c **** #if(UART_1_INTERNAL_RX_SW_BUFFER_CONST)
  26:.\Generated_Source\PSoC4/UART_1_SPI_UART.c ****     volatile uint32 UART_1_rxBufferHead;
  27:.\Generated_Source\PSoC4/UART_1_SPI_UART.c ****     volatile uint32 UART_1_rxBufferTail;
  28:.\Generated_Source\PSoC4/UART_1_SPI_UART.c ****     volatile uint8  UART_1_rxBufferOverflow;
  29:.\Generated_Source\PSoC4/UART_1_SPI_UART.c **** #endif /* (UART_1_INTERNAL_RX_SW_BUFFER_CONST) */
  30:.\Generated_Source\PSoC4/UART_1_SPI_UART.c **** 
  31:.\Generated_Source\PSoC4/UART_1_SPI_UART.c **** #if(UART_1_INTERNAL_TX_SW_BUFFER_CONST)
  32:.\Generated_Source\PSoC4/UART_1_SPI_UART.c ****     volatile uint32 UART_1_txBufferHead;
ARM GAS  C:\Users\Sven\AppData\Local\Temp\cczPPuAT.s 			page 2


  33:.\Generated_Source\PSoC4/UART_1_SPI_UART.c ****     volatile uint32 UART_1_txBufferTail;
  34:.\Generated_Source\PSoC4/UART_1_SPI_UART.c **** #endif /* (UART_1_INTERNAL_TX_SW_BUFFER_CONST) */
  35:.\Generated_Source\PSoC4/UART_1_SPI_UART.c **** 
  36:.\Generated_Source\PSoC4/UART_1_SPI_UART.c **** #if(UART_1_INTERNAL_RX_SW_BUFFER)
  37:.\Generated_Source\PSoC4/UART_1_SPI_UART.c ****     /* Add one element to the buffer to receive full packet. One byte in receive buffer is always e
  38:.\Generated_Source\PSoC4/UART_1_SPI_UART.c ****     volatile uint8 UART_1_rxBufferInternal[UART_1_RX_BUFFER_SIZE];
  39:.\Generated_Source\PSoC4/UART_1_SPI_UART.c **** #endif /* (UART_1_INTERNAL_RX_SW_BUFFER) */
  40:.\Generated_Source\PSoC4/UART_1_SPI_UART.c **** 
  41:.\Generated_Source\PSoC4/UART_1_SPI_UART.c **** #if(UART_1_INTERNAL_TX_SW_BUFFER)
  42:.\Generated_Source\PSoC4/UART_1_SPI_UART.c ****     volatile uint8 UART_1_txBufferInternal[UART_1_TX_BUFFER_SIZE];
  43:.\Generated_Source\PSoC4/UART_1_SPI_UART.c **** #endif /* (UART_1_INTERNAL_TX_SW_BUFFER) */
  44:.\Generated_Source\PSoC4/UART_1_SPI_UART.c **** 
  45:.\Generated_Source\PSoC4/UART_1_SPI_UART.c **** 
  46:.\Generated_Source\PSoC4/UART_1_SPI_UART.c **** #if(UART_1_RX_DIRECTION)
  47:.\Generated_Source\PSoC4/UART_1_SPI_UART.c **** 
  48:.\Generated_Source\PSoC4/UART_1_SPI_UART.c ****     /*******************************************************************************
  49:.\Generated_Source\PSoC4/UART_1_SPI_UART.c ****     * Function Name: UART_1_SpiUartReadRxData
  50:.\Generated_Source\PSoC4/UART_1_SPI_UART.c ****     ********************************************************************************
  51:.\Generated_Source\PSoC4/UART_1_SPI_UART.c ****     *
  52:.\Generated_Source\PSoC4/UART_1_SPI_UART.c ****     * Summary:
  53:.\Generated_Source\PSoC4/UART_1_SPI_UART.c ****     *  Retrieves the next data element from the receive buffer.
  54:.\Generated_Source\PSoC4/UART_1_SPI_UART.c ****     *   - RX software buffer is disabled: Returns data element retrieved from
  55:.\Generated_Source\PSoC4/UART_1_SPI_UART.c ****     *     RX FIFO. Undefined data will be returned if the RX FIFO is empty.
  56:.\Generated_Source\PSoC4/UART_1_SPI_UART.c ****     *   - RX software buffer is enabled: Returns data element from the software
  57:.\Generated_Source\PSoC4/UART_1_SPI_UART.c ****     *     receive buffer. Zero value is returned if the software receive buffer
  58:.\Generated_Source\PSoC4/UART_1_SPI_UART.c ****     *     is empty.
  59:.\Generated_Source\PSoC4/UART_1_SPI_UART.c ****     *
  60:.\Generated_Source\PSoC4/UART_1_SPI_UART.c ****     * Parameters:
  61:.\Generated_Source\PSoC4/UART_1_SPI_UART.c ****     *  None
  62:.\Generated_Source\PSoC4/UART_1_SPI_UART.c ****     *
  63:.\Generated_Source\PSoC4/UART_1_SPI_UART.c ****     * Return:
  64:.\Generated_Source\PSoC4/UART_1_SPI_UART.c ****     *  Next data element from the receive buffer.
  65:.\Generated_Source\PSoC4/UART_1_SPI_UART.c ****     *
  66:.\Generated_Source\PSoC4/UART_1_SPI_UART.c ****     * Global Variables:
  67:.\Generated_Source\PSoC4/UART_1_SPI_UART.c ****     *  Look into UART_1_SpiInit for description.
  68:.\Generated_Source\PSoC4/UART_1_SPI_UART.c ****     *
  69:.\Generated_Source\PSoC4/UART_1_SPI_UART.c ****     *******************************************************************************/
  70:.\Generated_Source\PSoC4/UART_1_SPI_UART.c ****     uint32 UART_1_SpiUartReadRxData(void)
  71:.\Generated_Source\PSoC4/UART_1_SPI_UART.c ****     {
  26              		.loc 1 71 0
  27              		.cfi_startproc
  28              	.LVL0:
  72:.\Generated_Source\PSoC4/UART_1_SPI_UART.c ****         uint32 rxData = 0u;
  73:.\Generated_Source\PSoC4/UART_1_SPI_UART.c **** 
  74:.\Generated_Source\PSoC4/UART_1_SPI_UART.c ****         #if(UART_1_INTERNAL_RX_SW_BUFFER_CONST)
  75:.\Generated_Source\PSoC4/UART_1_SPI_UART.c ****             uint32 locTail;
  76:.\Generated_Source\PSoC4/UART_1_SPI_UART.c ****         #endif /* (UART_1_INTERNAL_RX_SW_BUFFER_CONST) */
  77:.\Generated_Source\PSoC4/UART_1_SPI_UART.c **** 
  78:.\Generated_Source\PSoC4/UART_1_SPI_UART.c ****         #if(UART_1_CHECK_RX_SW_BUFFER)
  79:.\Generated_Source\PSoC4/UART_1_SPI_UART.c ****         {
  80:.\Generated_Source\PSoC4/UART_1_SPI_UART.c ****             if(UART_1_rxBufferHead != UART_1_rxBufferTail)
  81:.\Generated_Source\PSoC4/UART_1_SPI_UART.c ****             {
  82:.\Generated_Source\PSoC4/UART_1_SPI_UART.c ****                 /* There is data in RX software buffer */
  83:.\Generated_Source\PSoC4/UART_1_SPI_UART.c **** 
  84:.\Generated_Source\PSoC4/UART_1_SPI_UART.c ****                 /* Calculate index to read from */
  85:.\Generated_Source\PSoC4/UART_1_SPI_UART.c ****                 locTail = (UART_1_rxBufferTail + 1u);
  86:.\Generated_Source\PSoC4/UART_1_SPI_UART.c **** 
ARM GAS  C:\Users\Sven\AppData\Local\Temp\cczPPuAT.s 			page 3


  87:.\Generated_Source\PSoC4/UART_1_SPI_UART.c ****                 if(UART_1_RX_BUFFER_SIZE == locTail)
  88:.\Generated_Source\PSoC4/UART_1_SPI_UART.c ****                 {
  89:.\Generated_Source\PSoC4/UART_1_SPI_UART.c ****                     locTail = 0u;
  90:.\Generated_Source\PSoC4/UART_1_SPI_UART.c ****                 }
  91:.\Generated_Source\PSoC4/UART_1_SPI_UART.c **** 
  92:.\Generated_Source\PSoC4/UART_1_SPI_UART.c ****                 /* Get data from RX software buffer */
  93:.\Generated_Source\PSoC4/UART_1_SPI_UART.c ****                 rxData = UART_1_GetWordFromRxBuffer(locTail);
  94:.\Generated_Source\PSoC4/UART_1_SPI_UART.c **** 
  95:.\Generated_Source\PSoC4/UART_1_SPI_UART.c ****                 /* Change index in the buffer */
  96:.\Generated_Source\PSoC4/UART_1_SPI_UART.c ****                 UART_1_rxBufferTail = locTail;
  97:.\Generated_Source\PSoC4/UART_1_SPI_UART.c ****             }
  98:.\Generated_Source\PSoC4/UART_1_SPI_UART.c ****         }
  99:.\Generated_Source\PSoC4/UART_1_SPI_UART.c ****         #else
 100:.\Generated_Source\PSoC4/UART_1_SPI_UART.c ****         {
 101:.\Generated_Source\PSoC4/UART_1_SPI_UART.c ****             rxData = UART_1_RX_FIFO_RD_REG; /* Read data from RX FIFO */
  29              		.loc 1 101 0
  30 0000 014B     		ldr	r3, .L2
 102:.\Generated_Source\PSoC4/UART_1_SPI_UART.c ****         }
 103:.\Generated_Source\PSoC4/UART_1_SPI_UART.c ****         #endif
 104:.\Generated_Source\PSoC4/UART_1_SPI_UART.c **** 
 105:.\Generated_Source\PSoC4/UART_1_SPI_UART.c ****         return(rxData);
 106:.\Generated_Source\PSoC4/UART_1_SPI_UART.c ****     }
  31              		.loc 1 106 0
  32              		@ sp needed
 101:.\Generated_Source\PSoC4/UART_1_SPI_UART.c ****             rxData = UART_1_RX_FIFO_RD_REG; /* Read data from RX FIFO */
  33              		.loc 1 101 0
  34 0002 1868     		ldr	r0, [r3]
  35              	.LVL1:
  36              		.loc 1 106 0
  37 0004 7047     		bx	lr
  38              	.L3:
  39 0006 C046     		.align	2
  40              	.L2:
  41 0008 40030640 		.word	1074135872
  42              		.cfi_endproc
  43              	.LFE0:
  44              		.size	UART_1_SpiUartReadRxData, .-UART_1_SpiUartReadRxData
  45              		.section	.text.UART_1_SpiUartGetRxBufferSize,"ax",%progbits
  46              		.align	1
  47              		.global	UART_1_SpiUartGetRxBufferSize
  48              		.code	16
  49              		.thumb_func
  50              		.type	UART_1_SpiUartGetRxBufferSize, %function
  51              	UART_1_SpiUartGetRxBufferSize:
  52              	.LFB1:
 107:.\Generated_Source\PSoC4/UART_1_SPI_UART.c **** 
 108:.\Generated_Source\PSoC4/UART_1_SPI_UART.c **** 
 109:.\Generated_Source\PSoC4/UART_1_SPI_UART.c ****     /*******************************************************************************
 110:.\Generated_Source\PSoC4/UART_1_SPI_UART.c ****     * Function Name: UART_1_SpiUartGetRxBufferSize
 111:.\Generated_Source\PSoC4/UART_1_SPI_UART.c ****     ********************************************************************************
 112:.\Generated_Source\PSoC4/UART_1_SPI_UART.c ****     *
 113:.\Generated_Source\PSoC4/UART_1_SPI_UART.c ****     * Summary:
 114:.\Generated_Source\PSoC4/UART_1_SPI_UART.c ****     *  Returns the number of received data elements in the receive buffer.
 115:.\Generated_Source\PSoC4/UART_1_SPI_UART.c ****     *   - RX software buffer disabled: returns the number of used entries in
 116:.\Generated_Source\PSoC4/UART_1_SPI_UART.c ****     *     RX FIFO.
 117:.\Generated_Source\PSoC4/UART_1_SPI_UART.c ****     *   - RX software buffer enabled: returns the number of elements which were
 118:.\Generated_Source\PSoC4/UART_1_SPI_UART.c ****     *     placed in the receive buffer. This does not include the hardware RX FIFO.
ARM GAS  C:\Users\Sven\AppData\Local\Temp\cczPPuAT.s 			page 4


 119:.\Generated_Source\PSoC4/UART_1_SPI_UART.c ****     *
 120:.\Generated_Source\PSoC4/UART_1_SPI_UART.c ****     * Parameters:
 121:.\Generated_Source\PSoC4/UART_1_SPI_UART.c ****     *  None
 122:.\Generated_Source\PSoC4/UART_1_SPI_UART.c ****     *
 123:.\Generated_Source\PSoC4/UART_1_SPI_UART.c ****     * Return:
 124:.\Generated_Source\PSoC4/UART_1_SPI_UART.c ****     *  Number of received data elements
 125:.\Generated_Source\PSoC4/UART_1_SPI_UART.c ****     *
 126:.\Generated_Source\PSoC4/UART_1_SPI_UART.c ****     *******************************************************************************/
 127:.\Generated_Source\PSoC4/UART_1_SPI_UART.c ****     uint32 UART_1_SpiUartGetRxBufferSize(void)
 128:.\Generated_Source\PSoC4/UART_1_SPI_UART.c ****     {
  53              		.loc 1 128 0
  54              		.cfi_startproc
 129:.\Generated_Source\PSoC4/UART_1_SPI_UART.c ****         uint32 size;
 130:.\Generated_Source\PSoC4/UART_1_SPI_UART.c ****         #if(UART_1_INTERNAL_RX_SW_BUFFER_CONST)
 131:.\Generated_Source\PSoC4/UART_1_SPI_UART.c ****             uint32 locHead;
 132:.\Generated_Source\PSoC4/UART_1_SPI_UART.c ****         #endif /* (UART_1_INTERNAL_RX_SW_BUFFER_CONST) */
 133:.\Generated_Source\PSoC4/UART_1_SPI_UART.c **** 
 134:.\Generated_Source\PSoC4/UART_1_SPI_UART.c ****         #if(UART_1_CHECK_RX_SW_BUFFER)
 135:.\Generated_Source\PSoC4/UART_1_SPI_UART.c ****         {
 136:.\Generated_Source\PSoC4/UART_1_SPI_UART.c ****             locHead = UART_1_rxBufferHead;
 137:.\Generated_Source\PSoC4/UART_1_SPI_UART.c **** 
 138:.\Generated_Source\PSoC4/UART_1_SPI_UART.c ****             if(locHead >= UART_1_rxBufferTail)
 139:.\Generated_Source\PSoC4/UART_1_SPI_UART.c ****             {
 140:.\Generated_Source\PSoC4/UART_1_SPI_UART.c ****                 size = (locHead - UART_1_rxBufferTail);
 141:.\Generated_Source\PSoC4/UART_1_SPI_UART.c ****             }
 142:.\Generated_Source\PSoC4/UART_1_SPI_UART.c ****             else
 143:.\Generated_Source\PSoC4/UART_1_SPI_UART.c ****             {
 144:.\Generated_Source\PSoC4/UART_1_SPI_UART.c ****                 size = (locHead + (UART_1_RX_BUFFER_SIZE - UART_1_rxBufferTail));
 145:.\Generated_Source\PSoC4/UART_1_SPI_UART.c ****             }
 146:.\Generated_Source\PSoC4/UART_1_SPI_UART.c ****         }
 147:.\Generated_Source\PSoC4/UART_1_SPI_UART.c ****         #else
 148:.\Generated_Source\PSoC4/UART_1_SPI_UART.c ****         {
 149:.\Generated_Source\PSoC4/UART_1_SPI_UART.c ****             size = UART_1_GET_RX_FIFO_ENTRIES;
  55              		.loc 1 149 0
  56 0000 024B     		ldr	r3, .L5
 150:.\Generated_Source\PSoC4/UART_1_SPI_UART.c ****         }
 151:.\Generated_Source\PSoC4/UART_1_SPI_UART.c ****         #endif
 152:.\Generated_Source\PSoC4/UART_1_SPI_UART.c **** 
 153:.\Generated_Source\PSoC4/UART_1_SPI_UART.c ****         return(size);
 154:.\Generated_Source\PSoC4/UART_1_SPI_UART.c ****     }
  57              		.loc 1 154 0
  58              		@ sp needed
 149:.\Generated_Source\PSoC4/UART_1_SPI_UART.c ****             size = UART_1_GET_RX_FIFO_ENTRIES;
  59              		.loc 1 149 0
  60 0002 1868     		ldr	r0, [r3]
  61              	.LVL2:
  62 0004 0F23     		mov	r3, #15
  63 0006 1840     		and	r0, r3
  64              	.LVL3:
  65              		.loc 1 154 0
  66 0008 7047     		bx	lr
  67              	.L6:
  68 000a C046     		.align	2
  69              	.L5:
  70 000c 08030640 		.word	1074135816
  71              		.cfi_endproc
  72              	.LFE1:
ARM GAS  C:\Users\Sven\AppData\Local\Temp\cczPPuAT.s 			page 5


  73              		.size	UART_1_SpiUartGetRxBufferSize, .-UART_1_SpiUartGetRxBufferSize
  74              		.section	.text.UART_1_SpiUartClearRxBuffer,"ax",%progbits
  75              		.align	1
  76              		.global	UART_1_SpiUartClearRxBuffer
  77              		.code	16
  78              		.thumb_func
  79              		.type	UART_1_SpiUartClearRxBuffer, %function
  80              	UART_1_SpiUartClearRxBuffer:
  81              	.LFB2:
 155:.\Generated_Source\PSoC4/UART_1_SPI_UART.c **** 
 156:.\Generated_Source\PSoC4/UART_1_SPI_UART.c **** 
 157:.\Generated_Source\PSoC4/UART_1_SPI_UART.c ****     /*******************************************************************************
 158:.\Generated_Source\PSoC4/UART_1_SPI_UART.c ****     * Function Name: UART_1_SpiUartClearRxBuffer
 159:.\Generated_Source\PSoC4/UART_1_SPI_UART.c ****     ********************************************************************************
 160:.\Generated_Source\PSoC4/UART_1_SPI_UART.c ****     *
 161:.\Generated_Source\PSoC4/UART_1_SPI_UART.c ****     * Summary:
 162:.\Generated_Source\PSoC4/UART_1_SPI_UART.c ****     *  Clears the receive buffer and RX FIFO.
 163:.\Generated_Source\PSoC4/UART_1_SPI_UART.c ****     *
 164:.\Generated_Source\PSoC4/UART_1_SPI_UART.c ****     * Parameters:
 165:.\Generated_Source\PSoC4/UART_1_SPI_UART.c ****     *  None
 166:.\Generated_Source\PSoC4/UART_1_SPI_UART.c ****     *
 167:.\Generated_Source\PSoC4/UART_1_SPI_UART.c ****     * Return:
 168:.\Generated_Source\PSoC4/UART_1_SPI_UART.c ****     *  None
 169:.\Generated_Source\PSoC4/UART_1_SPI_UART.c ****     *
 170:.\Generated_Source\PSoC4/UART_1_SPI_UART.c ****     *******************************************************************************/
 171:.\Generated_Source\PSoC4/UART_1_SPI_UART.c ****     void UART_1_SpiUartClearRxBuffer(void)
 172:.\Generated_Source\PSoC4/UART_1_SPI_UART.c ****     {
  82              		.loc 1 172 0
  83              		.cfi_startproc
 173:.\Generated_Source\PSoC4/UART_1_SPI_UART.c ****         #if(UART_1_INTERNAL_RX_SW_BUFFER_CONST)
 174:.\Generated_Source\PSoC4/UART_1_SPI_UART.c ****             uint32 intSourceMask;
 175:.\Generated_Source\PSoC4/UART_1_SPI_UART.c ****         #endif /* (UART_1_INTERNAL_RX_SW_BUFFER_CONST) */
 176:.\Generated_Source\PSoC4/UART_1_SPI_UART.c **** 
 177:.\Generated_Source\PSoC4/UART_1_SPI_UART.c ****         #if(UART_1_CHECK_RX_SW_BUFFER)
 178:.\Generated_Source\PSoC4/UART_1_SPI_UART.c ****         {
 179:.\Generated_Source\PSoC4/UART_1_SPI_UART.c ****             intSourceMask = UART_1_SpiUartDisableIntRx();
 180:.\Generated_Source\PSoC4/UART_1_SPI_UART.c **** 
 181:.\Generated_Source\PSoC4/UART_1_SPI_UART.c ****             UART_1_CLEAR_RX_FIFO;
 182:.\Generated_Source\PSoC4/UART_1_SPI_UART.c **** 
 183:.\Generated_Source\PSoC4/UART_1_SPI_UART.c ****             /* Flush RX software buffer */
 184:.\Generated_Source\PSoC4/UART_1_SPI_UART.c ****             UART_1_rxBufferHead     = UART_1_rxBufferTail;
 185:.\Generated_Source\PSoC4/UART_1_SPI_UART.c ****             UART_1_rxBufferOverflow = 0u;
 186:.\Generated_Source\PSoC4/UART_1_SPI_UART.c **** 
 187:.\Generated_Source\PSoC4/UART_1_SPI_UART.c ****             /* End RX transfer */
 188:.\Generated_Source\PSoC4/UART_1_SPI_UART.c ****             UART_1_ClearRxInterruptSource(UART_1_INTR_RX_ALL);
 189:.\Generated_Source\PSoC4/UART_1_SPI_UART.c **** 
 190:.\Generated_Source\PSoC4/UART_1_SPI_UART.c ****             UART_1_SpiUartEnableIntRx(intSourceMask);
 191:.\Generated_Source\PSoC4/UART_1_SPI_UART.c ****         }
 192:.\Generated_Source\PSoC4/UART_1_SPI_UART.c ****         #else
 193:.\Generated_Source\PSoC4/UART_1_SPI_UART.c ****         {
 194:.\Generated_Source\PSoC4/UART_1_SPI_UART.c ****             UART_1_CLEAR_RX_FIFO;
  84              		.loc 1 194 0
  85 0000 054B     		ldr	r3, .L8
  86 0002 8022     		mov	r2, #128
  87 0004 1968     		ldr	r1, [r3]
  88 0006 5202     		lsl	r2, r2, #9
  89 0008 0A43     		orr	r2, r1
ARM GAS  C:\Users\Sven\AppData\Local\Temp\cczPPuAT.s 			page 6


  90 000a 1A60     		str	r2, [r3]
  91 000c 1968     		ldr	r1, [r3]
  92 000e 034A     		ldr	r2, .L8+4
 195:.\Generated_Source\PSoC4/UART_1_SPI_UART.c ****         }
 196:.\Generated_Source\PSoC4/UART_1_SPI_UART.c ****         #endif
 197:.\Generated_Source\PSoC4/UART_1_SPI_UART.c ****     }
  93              		.loc 1 197 0
  94              		@ sp needed
 194:.\Generated_Source\PSoC4/UART_1_SPI_UART.c ****             UART_1_CLEAR_RX_FIFO;
  95              		.loc 1 194 0
  96 0010 0A40     		and	r2, r1
  97 0012 1A60     		str	r2, [r3]
  98              		.loc 1 197 0
  99 0014 7047     		bx	lr
 100              	.L9:
 101 0016 C046     		.align	2
 102              	.L8:
 103 0018 04030640 		.word	1074135812
 104 001c FFFFFEFF 		.word	-65537
 105              		.cfi_endproc
 106              	.LFE2:
 107              		.size	UART_1_SpiUartClearRxBuffer, .-UART_1_SpiUartClearRxBuffer
 108              		.section	.text.UART_1_SpiUartWriteTxData,"ax",%progbits
 109              		.align	1
 110              		.global	UART_1_SpiUartWriteTxData
 111              		.code	16
 112              		.thumb_func
 113              		.type	UART_1_SpiUartWriteTxData, %function
 114              	UART_1_SpiUartWriteTxData:
 115              	.LFB3:
 198:.\Generated_Source\PSoC4/UART_1_SPI_UART.c **** 
 199:.\Generated_Source\PSoC4/UART_1_SPI_UART.c **** #endif /* (UART_1_RX_DIRECTION) */
 200:.\Generated_Source\PSoC4/UART_1_SPI_UART.c **** 
 201:.\Generated_Source\PSoC4/UART_1_SPI_UART.c **** 
 202:.\Generated_Source\PSoC4/UART_1_SPI_UART.c **** #if(UART_1_TX_DIRECTION)
 203:.\Generated_Source\PSoC4/UART_1_SPI_UART.c **** 
 204:.\Generated_Source\PSoC4/UART_1_SPI_UART.c ****     /*******************************************************************************
 205:.\Generated_Source\PSoC4/UART_1_SPI_UART.c ****     * Function Name: UART_1_SpiUartWriteTxData
 206:.\Generated_Source\PSoC4/UART_1_SPI_UART.c ****     ********************************************************************************
 207:.\Generated_Source\PSoC4/UART_1_SPI_UART.c ****     *
 208:.\Generated_Source\PSoC4/UART_1_SPI_UART.c ****     * Summary:
 209:.\Generated_Source\PSoC4/UART_1_SPI_UART.c ****     *  Places a data entry into the transmit buffer to be sent at the next available
 210:.\Generated_Source\PSoC4/UART_1_SPI_UART.c ****     *  bus time.
 211:.\Generated_Source\PSoC4/UART_1_SPI_UART.c ****     *  This function is blocking and waits until there is space available to put the
 212:.\Generated_Source\PSoC4/UART_1_SPI_UART.c ****     *  requested data in the transmit buffer.
 213:.\Generated_Source\PSoC4/UART_1_SPI_UART.c ****     *
 214:.\Generated_Source\PSoC4/UART_1_SPI_UART.c ****     * Parameters:
 215:.\Generated_Source\PSoC4/UART_1_SPI_UART.c ****     *  txDataByte: the data to be transmitted.
 216:.\Generated_Source\PSoC4/UART_1_SPI_UART.c ****     *
 217:.\Generated_Source\PSoC4/UART_1_SPI_UART.c ****     * Return:
 218:.\Generated_Source\PSoC4/UART_1_SPI_UART.c ****     *  None
 219:.\Generated_Source\PSoC4/UART_1_SPI_UART.c ****     *
 220:.\Generated_Source\PSoC4/UART_1_SPI_UART.c ****     *******************************************************************************/
 221:.\Generated_Source\PSoC4/UART_1_SPI_UART.c ****     void UART_1_SpiUartWriteTxData(uint32 txData)
 222:.\Generated_Source\PSoC4/UART_1_SPI_UART.c ****     {
 116              		.loc 1 222 0
 117              		.cfi_startproc
ARM GAS  C:\Users\Sven\AppData\Local\Temp\cczPPuAT.s 			page 7


 118              	.LVL4:
 119              	.L12:
 223:.\Generated_Source\PSoC4/UART_1_SPI_UART.c ****         #if(UART_1_INTERNAL_TX_SW_BUFFER_CONST)
 224:.\Generated_Source\PSoC4/UART_1_SPI_UART.c ****             uint32 locHead;
 225:.\Generated_Source\PSoC4/UART_1_SPI_UART.c ****             uint32 intSourceMask;
 226:.\Generated_Source\PSoC4/UART_1_SPI_UART.c ****         #endif /* (UART_1_INTERNAL_TX_SW_BUFFER_CONST) */
 227:.\Generated_Source\PSoC4/UART_1_SPI_UART.c **** 
 228:.\Generated_Source\PSoC4/UART_1_SPI_UART.c ****         #if(UART_1_CHECK_TX_SW_BUFFER)
 229:.\Generated_Source\PSoC4/UART_1_SPI_UART.c ****         {
 230:.\Generated_Source\PSoC4/UART_1_SPI_UART.c ****             /* Head index to put data */
 231:.\Generated_Source\PSoC4/UART_1_SPI_UART.c ****             locHead = (UART_1_txBufferHead + 1u);
 232:.\Generated_Source\PSoC4/UART_1_SPI_UART.c **** 
 233:.\Generated_Source\PSoC4/UART_1_SPI_UART.c ****             /* Adjust TX software buffer index */
 234:.\Generated_Source\PSoC4/UART_1_SPI_UART.c ****             if(UART_1_TX_BUFFER_SIZE == locHead)
 235:.\Generated_Source\PSoC4/UART_1_SPI_UART.c ****             {
 236:.\Generated_Source\PSoC4/UART_1_SPI_UART.c ****                 locHead = 0u;
 237:.\Generated_Source\PSoC4/UART_1_SPI_UART.c ****             }
 238:.\Generated_Source\PSoC4/UART_1_SPI_UART.c **** 
 239:.\Generated_Source\PSoC4/UART_1_SPI_UART.c ****             while(locHead == UART_1_txBufferTail)
 240:.\Generated_Source\PSoC4/UART_1_SPI_UART.c ****             {
 241:.\Generated_Source\PSoC4/UART_1_SPI_UART.c ****                 /* Wait for space in TX software buffer */
 242:.\Generated_Source\PSoC4/UART_1_SPI_UART.c ****             }
 243:.\Generated_Source\PSoC4/UART_1_SPI_UART.c **** 
 244:.\Generated_Source\PSoC4/UART_1_SPI_UART.c ****             /* TX software buffer has at least one room */
 245:.\Generated_Source\PSoC4/UART_1_SPI_UART.c **** 
 246:.\Generated_Source\PSoC4/UART_1_SPI_UART.c ****             if((UART_1_txBufferHead == UART_1_txBufferTail) &&
 247:.\Generated_Source\PSoC4/UART_1_SPI_UART.c ****                (UART_1_SPI_UART_FIFO_SIZE != UART_1_GET_TX_FIFO_ENTRIES))
 248:.\Generated_Source\PSoC4/UART_1_SPI_UART.c ****             {
 249:.\Generated_Source\PSoC4/UART_1_SPI_UART.c ****                 /* TX software buffer is empty: put data directly in TX FIFO */
 250:.\Generated_Source\PSoC4/UART_1_SPI_UART.c ****                 UART_1_TX_FIFO_WR_REG = txData;
 251:.\Generated_Source\PSoC4/UART_1_SPI_UART.c ****             }
 252:.\Generated_Source\PSoC4/UART_1_SPI_UART.c ****             /* Put data in TX software buffer */
 253:.\Generated_Source\PSoC4/UART_1_SPI_UART.c ****             else
 254:.\Generated_Source\PSoC4/UART_1_SPI_UART.c ****             {
 255:.\Generated_Source\PSoC4/UART_1_SPI_UART.c ****                 /* Clear old status of INTR_TX_NOT_FULL. It sets at the end of transfer when TX FIF
 256:.\Generated_Source\PSoC4/UART_1_SPI_UART.c ****                 UART_1_ClearTxInterruptSource(UART_1_INTR_TX_NOT_FULL);
 257:.\Generated_Source\PSoC4/UART_1_SPI_UART.c **** 
 258:.\Generated_Source\PSoC4/UART_1_SPI_UART.c ****                 UART_1_PutWordInTxBuffer(locHead, txData);
 259:.\Generated_Source\PSoC4/UART_1_SPI_UART.c **** 
 260:.\Generated_Source\PSoC4/UART_1_SPI_UART.c ****                 UART_1_txBufferHead = locHead;
 261:.\Generated_Source\PSoC4/UART_1_SPI_UART.c **** 
 262:.\Generated_Source\PSoC4/UART_1_SPI_UART.c ****                 /* Enable interrupt to transmit */
 263:.\Generated_Source\PSoC4/UART_1_SPI_UART.c ****                 intSourceMask  = UART_1_INTR_TX_NOT_FULL;
 264:.\Generated_Source\PSoC4/UART_1_SPI_UART.c ****                 intSourceMask |= UART_1_GetTxInterruptMode();
 265:.\Generated_Source\PSoC4/UART_1_SPI_UART.c ****                 UART_1_SpiUartEnableIntTx(intSourceMask);
 266:.\Generated_Source\PSoC4/UART_1_SPI_UART.c ****             }
 267:.\Generated_Source\PSoC4/UART_1_SPI_UART.c ****         }
 268:.\Generated_Source\PSoC4/UART_1_SPI_UART.c ****         #else
 269:.\Generated_Source\PSoC4/UART_1_SPI_UART.c ****         {
 270:.\Generated_Source\PSoC4/UART_1_SPI_UART.c ****             while(UART_1_SPI_UART_FIFO_SIZE == UART_1_GET_TX_FIFO_ENTRIES)
 120              		.loc 1 270 0 discriminator 1
 121 0000 044B     		ldr	r3, .L14
 122 0002 1A68     		ldr	r2, [r3]
 123 0004 0F23     		mov	r3, #15
 124 0006 1340     		and	r3, r2
 125 0008 082B     		cmp	r3, #8
 126 000a F9D0     		beq	.L12
ARM GAS  C:\Users\Sven\AppData\Local\Temp\cczPPuAT.s 			page 8


 271:.\Generated_Source\PSoC4/UART_1_SPI_UART.c ****             {
 272:.\Generated_Source\PSoC4/UART_1_SPI_UART.c ****                 /* Block while TX FIFO is FULL */
 273:.\Generated_Source\PSoC4/UART_1_SPI_UART.c ****             }
 274:.\Generated_Source\PSoC4/UART_1_SPI_UART.c **** 
 275:.\Generated_Source\PSoC4/UART_1_SPI_UART.c ****             UART_1_TX_FIFO_WR_REG = txData;
 127              		.loc 1 275 0
 128 000c 024B     		ldr	r3, .L14+4
 276:.\Generated_Source\PSoC4/UART_1_SPI_UART.c ****         }
 277:.\Generated_Source\PSoC4/UART_1_SPI_UART.c ****         #endif
 278:.\Generated_Source\PSoC4/UART_1_SPI_UART.c ****     }
 129              		.loc 1 278 0
 130              		@ sp needed
 275:.\Generated_Source\PSoC4/UART_1_SPI_UART.c ****             UART_1_TX_FIFO_WR_REG = txData;
 131              		.loc 1 275 0
 132 000e 1860     		str	r0, [r3]
 133              		.loc 1 278 0
 134 0010 7047     		bx	lr
 135              	.L15:
 136 0012 C046     		.align	2
 137              	.L14:
 138 0014 08020640 		.word	1074135560
 139 0018 40020640 		.word	1074135616
 140              		.cfi_endproc
 141              	.LFE3:
 142              		.size	UART_1_SpiUartWriteTxData, .-UART_1_SpiUartWriteTxData
 143              		.section	.text.UART_1_SpiUartPutArray,"ax",%progbits
 144              		.align	1
 145              		.global	UART_1_SpiUartPutArray
 146              		.code	16
 147              		.thumb_func
 148              		.type	UART_1_SpiUartPutArray, %function
 149              	UART_1_SpiUartPutArray:
 150              	.LFB4:
 279:.\Generated_Source\PSoC4/UART_1_SPI_UART.c **** 
 280:.\Generated_Source\PSoC4/UART_1_SPI_UART.c **** 
 281:.\Generated_Source\PSoC4/UART_1_SPI_UART.c ****     /*******************************************************************************
 282:.\Generated_Source\PSoC4/UART_1_SPI_UART.c ****     * Function Name: UART_1_SpiUartPutArray
 283:.\Generated_Source\PSoC4/UART_1_SPI_UART.c ****     ********************************************************************************
 284:.\Generated_Source\PSoC4/UART_1_SPI_UART.c ****     *
 285:.\Generated_Source\PSoC4/UART_1_SPI_UART.c ****     * Summary:
 286:.\Generated_Source\PSoC4/UART_1_SPI_UART.c ****     *  Places an array of data into the transmit buffer to be sent.
 287:.\Generated_Source\PSoC4/UART_1_SPI_UART.c ****     *  This function is blocking and waits until there is a space available to put
 288:.\Generated_Source\PSoC4/UART_1_SPI_UART.c ****     *  all the requested data in the transmit buffer. The array size can be greater
 289:.\Generated_Source\PSoC4/UART_1_SPI_UART.c ****     *  than transmit buffer size.
 290:.\Generated_Source\PSoC4/UART_1_SPI_UART.c ****     *
 291:.\Generated_Source\PSoC4/UART_1_SPI_UART.c ****     * Parameters:
 292:.\Generated_Source\PSoC4/UART_1_SPI_UART.c ****     *  wrBuf:  pointer to an array with data to be placed in transmit buffer.
 293:.\Generated_Source\PSoC4/UART_1_SPI_UART.c ****     *  count:  number of data elements to be placed in the transmit buffer.
 294:.\Generated_Source\PSoC4/UART_1_SPI_UART.c ****     *
 295:.\Generated_Source\PSoC4/UART_1_SPI_UART.c ****     * Return:
 296:.\Generated_Source\PSoC4/UART_1_SPI_UART.c ****     *  None
 297:.\Generated_Source\PSoC4/UART_1_SPI_UART.c ****     *
 298:.\Generated_Source\PSoC4/UART_1_SPI_UART.c ****     *******************************************************************************/
 299:.\Generated_Source\PSoC4/UART_1_SPI_UART.c ****     void UART_1_SpiUartPutArray(const uint8 wrBuf[], uint32 count)
 300:.\Generated_Source\PSoC4/UART_1_SPI_UART.c ****     {
 151              		.loc 1 300 0
 152              		.cfi_startproc
ARM GAS  C:\Users\Sven\AppData\Local\Temp\cczPPuAT.s 			page 9


 153              	.LVL5:
 154 0000 38B5     		push	{r3, r4, r5, lr}
 155              		.cfi_def_cfa_offset 16
 156              		.cfi_offset 3, -16
 157              		.cfi_offset 4, -12
 158              		.cfi_offset 5, -8
 159              		.cfi_offset 14, -4
 160 0002 041C     		mov	r4, r0
 161 0004 4518     		add	r5, r0, r1
 162              	.LVL6:
 163              	.L17:
 301:.\Generated_Source\PSoC4/UART_1_SPI_UART.c ****         uint32 i;
 302:.\Generated_Source\PSoC4/UART_1_SPI_UART.c **** 
 303:.\Generated_Source\PSoC4/UART_1_SPI_UART.c ****         for(i=0u; i < count; i++)
 164              		.loc 1 303 0 discriminator 1
 165 0006 AC42     		cmp	r4, r5
 166 0008 04D0     		beq	.L19
 304:.\Generated_Source\PSoC4/UART_1_SPI_UART.c ****         {
 305:.\Generated_Source\PSoC4/UART_1_SPI_UART.c ****             UART_1_SpiUartWriteTxData((uint32) wrBuf[i]);
 167              		.loc 1 305 0 discriminator 2
 168 000a 2078     		ldrb	r0, [r4]
 169 000c FFF7FEFF 		bl	UART_1_SpiUartWriteTxData
 170              	.LVL7:
 171 0010 0134     		add	r4, r4, #1
 172              	.LVL8:
 173 0012 F8E7     		b	.L17
 174              	.L19:
 306:.\Generated_Source\PSoC4/UART_1_SPI_UART.c ****         }
 307:.\Generated_Source\PSoC4/UART_1_SPI_UART.c ****     }
 175              		.loc 1 307 0
 176              		@ sp needed
 177              	.LVL9:
 178 0014 38BD     		pop	{r3, r4, r5, pc}
 179              		.cfi_endproc
 180              	.LFE4:
 181              		.size	UART_1_SpiUartPutArray, .-UART_1_SpiUartPutArray
 182              		.section	.text.UART_1_SpiUartGetTxBufferSize,"ax",%progbits
 183              		.align	1
 184              		.global	UART_1_SpiUartGetTxBufferSize
 185              		.code	16
 186              		.thumb_func
 187              		.type	UART_1_SpiUartGetTxBufferSize, %function
 188              	UART_1_SpiUartGetTxBufferSize:
 189              	.LFB5:
 308:.\Generated_Source\PSoC4/UART_1_SPI_UART.c **** 
 309:.\Generated_Source\PSoC4/UART_1_SPI_UART.c **** 
 310:.\Generated_Source\PSoC4/UART_1_SPI_UART.c ****     /*******************************************************************************
 311:.\Generated_Source\PSoC4/UART_1_SPI_UART.c ****     * Function Name: UART_1_SpiUartGetTxBufferSize
 312:.\Generated_Source\PSoC4/UART_1_SPI_UART.c ****     ********************************************************************************
 313:.\Generated_Source\PSoC4/UART_1_SPI_UART.c ****     *
 314:.\Generated_Source\PSoC4/UART_1_SPI_UART.c ****     * Summary:
 315:.\Generated_Source\PSoC4/UART_1_SPI_UART.c ****     * Returns the number of elements currently in the transmit buffer.
 316:.\Generated_Source\PSoC4/UART_1_SPI_UART.c ****     *  - TX software buffer is disabled: returns the number of used entries in
 317:.\Generated_Source\PSoC4/UART_1_SPI_UART.c ****     *    TX FIFO.
 318:.\Generated_Source\PSoC4/UART_1_SPI_UART.c ****     *  - TX software buffer is enabled: returns the number of elements currently
 319:.\Generated_Source\PSoC4/UART_1_SPI_UART.c ****     *    used in the transmit buffer. This number does not include used entries in
 320:.\Generated_Source\PSoC4/UART_1_SPI_UART.c ****     *    the TX FIFO. The transmit buffer size is zero until the TX FIFO is
ARM GAS  C:\Users\Sven\AppData\Local\Temp\cczPPuAT.s 			page 10


 321:.\Generated_Source\PSoC4/UART_1_SPI_UART.c ****     *    not full.
 322:.\Generated_Source\PSoC4/UART_1_SPI_UART.c ****     *
 323:.\Generated_Source\PSoC4/UART_1_SPI_UART.c ****     * Parameters:
 324:.\Generated_Source\PSoC4/UART_1_SPI_UART.c ****     *  None
 325:.\Generated_Source\PSoC4/UART_1_SPI_UART.c ****     *
 326:.\Generated_Source\PSoC4/UART_1_SPI_UART.c ****     * Return:
 327:.\Generated_Source\PSoC4/UART_1_SPI_UART.c ****     *  Number of data elements ready to transmit.
 328:.\Generated_Source\PSoC4/UART_1_SPI_UART.c ****     *
 329:.\Generated_Source\PSoC4/UART_1_SPI_UART.c ****     *******************************************************************************/
 330:.\Generated_Source\PSoC4/UART_1_SPI_UART.c ****     uint32 UART_1_SpiUartGetTxBufferSize(void)
 331:.\Generated_Source\PSoC4/UART_1_SPI_UART.c ****     {
 190              		.loc 1 331 0
 191              		.cfi_startproc
 332:.\Generated_Source\PSoC4/UART_1_SPI_UART.c ****         uint32 size;
 333:.\Generated_Source\PSoC4/UART_1_SPI_UART.c ****         #if(UART_1_INTERNAL_TX_SW_BUFFER_CONST)
 334:.\Generated_Source\PSoC4/UART_1_SPI_UART.c ****             uint32 locTail;
 335:.\Generated_Source\PSoC4/UART_1_SPI_UART.c ****         #endif /* (UART_1_INTERNAL_TX_SW_BUFFER_CONST) */
 336:.\Generated_Source\PSoC4/UART_1_SPI_UART.c **** 
 337:.\Generated_Source\PSoC4/UART_1_SPI_UART.c ****         #if(UART_1_CHECK_TX_SW_BUFFER)
 338:.\Generated_Source\PSoC4/UART_1_SPI_UART.c ****         {
 339:.\Generated_Source\PSoC4/UART_1_SPI_UART.c ****             /* Get current Tail index */
 340:.\Generated_Source\PSoC4/UART_1_SPI_UART.c ****             locTail = UART_1_txBufferTail;
 341:.\Generated_Source\PSoC4/UART_1_SPI_UART.c **** 
 342:.\Generated_Source\PSoC4/UART_1_SPI_UART.c ****             if(UART_1_txBufferHead >= locTail)
 343:.\Generated_Source\PSoC4/UART_1_SPI_UART.c ****             {
 344:.\Generated_Source\PSoC4/UART_1_SPI_UART.c ****                 size = (UART_1_txBufferHead - locTail);
 345:.\Generated_Source\PSoC4/UART_1_SPI_UART.c ****             }
 346:.\Generated_Source\PSoC4/UART_1_SPI_UART.c ****             else
 347:.\Generated_Source\PSoC4/UART_1_SPI_UART.c ****             {
 348:.\Generated_Source\PSoC4/UART_1_SPI_UART.c ****                 size = (UART_1_txBufferHead + (UART_1_TX_BUFFER_SIZE - locTail));
 349:.\Generated_Source\PSoC4/UART_1_SPI_UART.c ****             }
 350:.\Generated_Source\PSoC4/UART_1_SPI_UART.c ****         }
 351:.\Generated_Source\PSoC4/UART_1_SPI_UART.c ****         #else
 352:.\Generated_Source\PSoC4/UART_1_SPI_UART.c ****         {
 353:.\Generated_Source\PSoC4/UART_1_SPI_UART.c ****             size = UART_1_GET_TX_FIFO_ENTRIES;
 192              		.loc 1 353 0
 193 0000 024B     		ldr	r3, .L21
 354:.\Generated_Source\PSoC4/UART_1_SPI_UART.c ****         }
 355:.\Generated_Source\PSoC4/UART_1_SPI_UART.c ****         #endif
 356:.\Generated_Source\PSoC4/UART_1_SPI_UART.c **** 
 357:.\Generated_Source\PSoC4/UART_1_SPI_UART.c ****         return(size);
 358:.\Generated_Source\PSoC4/UART_1_SPI_UART.c ****     }
 194              		.loc 1 358 0
 195              		@ sp needed
 353:.\Generated_Source\PSoC4/UART_1_SPI_UART.c ****             size = UART_1_GET_TX_FIFO_ENTRIES;
 196              		.loc 1 353 0
 197 0002 1868     		ldr	r0, [r3]
 198              	.LVL10:
 199 0004 0F23     		mov	r3, #15
 200 0006 1840     		and	r0, r3
 201              	.LVL11:
 202              		.loc 1 358 0
 203 0008 7047     		bx	lr
 204              	.L22:
 205 000a C046     		.align	2
 206              	.L21:
 207 000c 08020640 		.word	1074135560
ARM GAS  C:\Users\Sven\AppData\Local\Temp\cczPPuAT.s 			page 11


 208              		.cfi_endproc
 209              	.LFE5:
 210              		.size	UART_1_SpiUartGetTxBufferSize, .-UART_1_SpiUartGetTxBufferSize
 211              		.section	.text.UART_1_SpiUartClearTxBuffer,"ax",%progbits
 212              		.align	1
 213              		.global	UART_1_SpiUartClearTxBuffer
 214              		.code	16
 215              		.thumb_func
 216              		.type	UART_1_SpiUartClearTxBuffer, %function
 217              	UART_1_SpiUartClearTxBuffer:
 218              	.LFB6:
 359:.\Generated_Source\PSoC4/UART_1_SPI_UART.c **** 
 360:.\Generated_Source\PSoC4/UART_1_SPI_UART.c **** 
 361:.\Generated_Source\PSoC4/UART_1_SPI_UART.c ****     /*******************************************************************************
 362:.\Generated_Source\PSoC4/UART_1_SPI_UART.c ****     * Function Name: UART_1_SpiUartClearTxBuffer
 363:.\Generated_Source\PSoC4/UART_1_SPI_UART.c ****     ********************************************************************************
 364:.\Generated_Source\PSoC4/UART_1_SPI_UART.c ****     *
 365:.\Generated_Source\PSoC4/UART_1_SPI_UART.c ****     * Summary:
 366:.\Generated_Source\PSoC4/UART_1_SPI_UART.c ****     *  Clears the transmit buffer and TX FIFO.
 367:.\Generated_Source\PSoC4/UART_1_SPI_UART.c ****     *
 368:.\Generated_Source\PSoC4/UART_1_SPI_UART.c ****     * Parameters:
 369:.\Generated_Source\PSoC4/UART_1_SPI_UART.c ****     *  None
 370:.\Generated_Source\PSoC4/UART_1_SPI_UART.c ****     *
 371:.\Generated_Source\PSoC4/UART_1_SPI_UART.c ****     * Return:
 372:.\Generated_Source\PSoC4/UART_1_SPI_UART.c ****     *  None
 373:.\Generated_Source\PSoC4/UART_1_SPI_UART.c ****     *
 374:.\Generated_Source\PSoC4/UART_1_SPI_UART.c ****     *******************************************************************************/
 375:.\Generated_Source\PSoC4/UART_1_SPI_UART.c ****     void UART_1_SpiUartClearTxBuffer(void)
 376:.\Generated_Source\PSoC4/UART_1_SPI_UART.c ****     {
 219              		.loc 1 376 0
 220              		.cfi_startproc
 377:.\Generated_Source\PSoC4/UART_1_SPI_UART.c ****         #if(UART_1_INTERNAL_TX_SW_BUFFER_CONST)
 378:.\Generated_Source\PSoC4/UART_1_SPI_UART.c ****             uint32 intSourceMask;
 379:.\Generated_Source\PSoC4/UART_1_SPI_UART.c ****         #endif /* (UART_1_INTERNAL_TX_SW_BUFFER_CONST) */
 380:.\Generated_Source\PSoC4/UART_1_SPI_UART.c **** 
 381:.\Generated_Source\PSoC4/UART_1_SPI_UART.c ****         #if(UART_1_CHECK_TX_SW_BUFFER)
 382:.\Generated_Source\PSoC4/UART_1_SPI_UART.c ****         {
 383:.\Generated_Source\PSoC4/UART_1_SPI_UART.c ****             intSourceMask = UART_1_SpiUartDisableIntTx();
 384:.\Generated_Source\PSoC4/UART_1_SPI_UART.c **** 
 385:.\Generated_Source\PSoC4/UART_1_SPI_UART.c ****             UART_1_CLEAR_TX_FIFO;
 386:.\Generated_Source\PSoC4/UART_1_SPI_UART.c **** 
 387:.\Generated_Source\PSoC4/UART_1_SPI_UART.c ****             /* Flush TX software buffer */
 388:.\Generated_Source\PSoC4/UART_1_SPI_UART.c ****             UART_1_txBufferHead = UART_1_txBufferTail;
 389:.\Generated_Source\PSoC4/UART_1_SPI_UART.c **** 
 390:.\Generated_Source\PSoC4/UART_1_SPI_UART.c ****             /* End TX transfer if it is in progress */
 391:.\Generated_Source\PSoC4/UART_1_SPI_UART.c ****             intSourceMask &= (uint32) ~UART_1_INTR_TX_NOT_FULL;
 392:.\Generated_Source\PSoC4/UART_1_SPI_UART.c **** 
 393:.\Generated_Source\PSoC4/UART_1_SPI_UART.c ****             UART_1_SpiUartEnableIntTx(intSourceMask);
 394:.\Generated_Source\PSoC4/UART_1_SPI_UART.c ****         }
 395:.\Generated_Source\PSoC4/UART_1_SPI_UART.c ****         #else
 396:.\Generated_Source\PSoC4/UART_1_SPI_UART.c ****         {
 397:.\Generated_Source\PSoC4/UART_1_SPI_UART.c ****             UART_1_CLEAR_TX_FIFO;
 221              		.loc 1 397 0
 222 0000 054B     		ldr	r3, .L24
 223 0002 8022     		mov	r2, #128
 224 0004 1968     		ldr	r1, [r3]
 225 0006 5202     		lsl	r2, r2, #9
ARM GAS  C:\Users\Sven\AppData\Local\Temp\cczPPuAT.s 			page 12


 226 0008 0A43     		orr	r2, r1
 227 000a 1A60     		str	r2, [r3]
 228 000c 1968     		ldr	r1, [r3]
 229 000e 034A     		ldr	r2, .L24+4
 398:.\Generated_Source\PSoC4/UART_1_SPI_UART.c ****         }
 399:.\Generated_Source\PSoC4/UART_1_SPI_UART.c ****         #endif
 400:.\Generated_Source\PSoC4/UART_1_SPI_UART.c ****     }
 230              		.loc 1 400 0
 231              		@ sp needed
 397:.\Generated_Source\PSoC4/UART_1_SPI_UART.c ****             UART_1_CLEAR_TX_FIFO;
 232              		.loc 1 397 0
 233 0010 0A40     		and	r2, r1
 234 0012 1A60     		str	r2, [r3]
 235              		.loc 1 400 0
 236 0014 7047     		bx	lr
 237              	.L25:
 238 0016 C046     		.align	2
 239              	.L24:
 240 0018 04020640 		.word	1074135556
 241 001c FFFFFEFF 		.word	-65537
 242              		.cfi_endproc
 243              	.LFE6:
 244              		.size	UART_1_SpiUartClearTxBuffer, .-UART_1_SpiUartClearTxBuffer
 245              		.section	.text.UART_1_SpiUartDisableIntRx,"ax",%progbits
 246              		.align	1
 247              		.global	UART_1_SpiUartDisableIntRx
 248              		.code	16
 249              		.thumb_func
 250              		.type	UART_1_SpiUartDisableIntRx, %function
 251              	UART_1_SpiUartDisableIntRx:
 252              	.LFB7:
 401:.\Generated_Source\PSoC4/UART_1_SPI_UART.c **** 
 402:.\Generated_Source\PSoC4/UART_1_SPI_UART.c **** #endif /* (UART_1_TX_DIRECTION) */
 403:.\Generated_Source\PSoC4/UART_1_SPI_UART.c **** 
 404:.\Generated_Source\PSoC4/UART_1_SPI_UART.c **** 
 405:.\Generated_Source\PSoC4/UART_1_SPI_UART.c **** /*******************************************************************************
 406:.\Generated_Source\PSoC4/UART_1_SPI_UART.c **** * Function Name: UART_1_SpiUartDisableIntRx
 407:.\Generated_Source\PSoC4/UART_1_SPI_UART.c **** ********************************************************************************
 408:.\Generated_Source\PSoC4/UART_1_SPI_UART.c **** *
 409:.\Generated_Source\PSoC4/UART_1_SPI_UART.c **** * Summary:
 410:.\Generated_Source\PSoC4/UART_1_SPI_UART.c **** *  Disables the RX interrupt sources.
 411:.\Generated_Source\PSoC4/UART_1_SPI_UART.c **** *
 412:.\Generated_Source\PSoC4/UART_1_SPI_UART.c **** * Parameters:
 413:.\Generated_Source\PSoC4/UART_1_SPI_UART.c **** *  None
 414:.\Generated_Source\PSoC4/UART_1_SPI_UART.c **** *
 415:.\Generated_Source\PSoC4/UART_1_SPI_UART.c **** * Return:
 416:.\Generated_Source\PSoC4/UART_1_SPI_UART.c **** *  Returns the RX interrupt sources enabled before the function call.
 417:.\Generated_Source\PSoC4/UART_1_SPI_UART.c **** *
 418:.\Generated_Source\PSoC4/UART_1_SPI_UART.c **** *******************************************************************************/
 419:.\Generated_Source\PSoC4/UART_1_SPI_UART.c **** uint32 UART_1_SpiUartDisableIntRx(void)
 420:.\Generated_Source\PSoC4/UART_1_SPI_UART.c **** {
 253              		.loc 1 420 0
 254              		.cfi_startproc
 421:.\Generated_Source\PSoC4/UART_1_SPI_UART.c ****     uint32 intSource;
 422:.\Generated_Source\PSoC4/UART_1_SPI_UART.c **** 
 423:.\Generated_Source\PSoC4/UART_1_SPI_UART.c ****     intSource = UART_1_GetRxInterruptMode();
 255              		.loc 1 423 0
ARM GAS  C:\Users\Sven\AppData\Local\Temp\cczPPuAT.s 			page 13


 256 0000 024B     		ldr	r3, .L27
 424:.\Generated_Source\PSoC4/UART_1_SPI_UART.c **** 
 425:.\Generated_Source\PSoC4/UART_1_SPI_UART.c ****     UART_1_SetRxInterruptMode(UART_1_NO_INTR_SOURCES);
 257              		.loc 1 425 0
 258 0002 0022     		mov	r2, #0
 423:.\Generated_Source\PSoC4/UART_1_SPI_UART.c ****     intSource = UART_1_GetRxInterruptMode();
 259              		.loc 1 423 0
 260 0004 1868     		ldr	r0, [r3]
 261              	.LVL12:
 426:.\Generated_Source\PSoC4/UART_1_SPI_UART.c **** 
 427:.\Generated_Source\PSoC4/UART_1_SPI_UART.c ****     return(intSource);
 428:.\Generated_Source\PSoC4/UART_1_SPI_UART.c **** }
 262              		.loc 1 428 0
 263              		@ sp needed
 425:.\Generated_Source\PSoC4/UART_1_SPI_UART.c ****     UART_1_SetRxInterruptMode(UART_1_NO_INTR_SOURCES);
 264              		.loc 1 425 0
 265 0006 1A60     		str	r2, [r3]
 266              		.loc 1 428 0
 267 0008 7047     		bx	lr
 268              	.L28:
 269 000a C046     		.align	2
 270              	.L27:
 271 000c C80F0640 		.word	1074139080
 272              		.cfi_endproc
 273              	.LFE7:
 274              		.size	UART_1_SpiUartDisableIntRx, .-UART_1_SpiUartDisableIntRx
 275              		.section	.text.UART_1_SpiUartDisableIntTx,"ax",%progbits
 276              		.align	1
 277              		.global	UART_1_SpiUartDisableIntTx
 278              		.code	16
 279              		.thumb_func
 280              		.type	UART_1_SpiUartDisableIntTx, %function
 281              	UART_1_SpiUartDisableIntTx:
 282              	.LFB8:
 429:.\Generated_Source\PSoC4/UART_1_SPI_UART.c **** 
 430:.\Generated_Source\PSoC4/UART_1_SPI_UART.c **** 
 431:.\Generated_Source\PSoC4/UART_1_SPI_UART.c **** /*******************************************************************************
 432:.\Generated_Source\PSoC4/UART_1_SPI_UART.c **** * Function Name: UART_1_SpiUartDisableIntTx
 433:.\Generated_Source\PSoC4/UART_1_SPI_UART.c **** ********************************************************************************
 434:.\Generated_Source\PSoC4/UART_1_SPI_UART.c **** *
 435:.\Generated_Source\PSoC4/UART_1_SPI_UART.c **** * Summary:
 436:.\Generated_Source\PSoC4/UART_1_SPI_UART.c **** *  Disables TX interrupt sources.
 437:.\Generated_Source\PSoC4/UART_1_SPI_UART.c **** *
 438:.\Generated_Source\PSoC4/UART_1_SPI_UART.c **** * Parameters:
 439:.\Generated_Source\PSoC4/UART_1_SPI_UART.c **** *  None
 440:.\Generated_Source\PSoC4/UART_1_SPI_UART.c **** *
 441:.\Generated_Source\PSoC4/UART_1_SPI_UART.c **** * Return:
 442:.\Generated_Source\PSoC4/UART_1_SPI_UART.c **** *  Returns TX interrupt sources enabled before function call.
 443:.\Generated_Source\PSoC4/UART_1_SPI_UART.c **** *
 444:.\Generated_Source\PSoC4/UART_1_SPI_UART.c **** *******************************************************************************/
 445:.\Generated_Source\PSoC4/UART_1_SPI_UART.c **** uint32 UART_1_SpiUartDisableIntTx(void)
 446:.\Generated_Source\PSoC4/UART_1_SPI_UART.c **** {
 283              		.loc 1 446 0
 284              		.cfi_startproc
 447:.\Generated_Source\PSoC4/UART_1_SPI_UART.c ****     uint32 intSourceMask;
 448:.\Generated_Source\PSoC4/UART_1_SPI_UART.c **** 
 449:.\Generated_Source\PSoC4/UART_1_SPI_UART.c ****     intSourceMask = UART_1_GetTxInterruptMode();
ARM GAS  C:\Users\Sven\AppData\Local\Temp\cczPPuAT.s 			page 14


 285              		.loc 1 449 0
 286 0000 024B     		ldr	r3, .L30
 450:.\Generated_Source\PSoC4/UART_1_SPI_UART.c **** 
 451:.\Generated_Source\PSoC4/UART_1_SPI_UART.c ****     UART_1_SetTxInterruptMode(UART_1_NO_INTR_SOURCES);
 287              		.loc 1 451 0
 288 0002 0022     		mov	r2, #0
 449:.\Generated_Source\PSoC4/UART_1_SPI_UART.c ****     intSourceMask = UART_1_GetTxInterruptMode();
 289              		.loc 1 449 0
 290 0004 1868     		ldr	r0, [r3]
 291              	.LVL13:
 452:.\Generated_Source\PSoC4/UART_1_SPI_UART.c **** 
 453:.\Generated_Source\PSoC4/UART_1_SPI_UART.c ****     return(intSourceMask);
 454:.\Generated_Source\PSoC4/UART_1_SPI_UART.c **** }
 292              		.loc 1 454 0
 293              		@ sp needed
 451:.\Generated_Source\PSoC4/UART_1_SPI_UART.c ****     UART_1_SetTxInterruptMode(UART_1_NO_INTR_SOURCES);
 294              		.loc 1 451 0
 295 0006 1A60     		str	r2, [r3]
 296              		.loc 1 454 0
 297 0008 7047     		bx	lr
 298              	.L31:
 299 000a C046     		.align	2
 300              	.L30:
 301 000c 880F0640 		.word	1074139016
 302              		.cfi_endproc
 303              	.LFE8:
 304              		.size	UART_1_SpiUartDisableIntTx, .-UART_1_SpiUartDisableIntTx
 305              		.text
 306              	.Letext0:
 307              		.file 2 ".\\Generated_Source\\PSoC4/cytypes.h"
 308              		.section	.debug_info,"",%progbits
 309              	.Ldebug_info0:
 310 0000 15020000 		.4byte	0x215
 311 0004 0400     		.2byte	0x4
 312 0006 00000000 		.4byte	.Ldebug_abbrev0
 313 000a 04       		.byte	0x4
 314 000b 01       		.uleb128 0x1
 315 000c B9000000 		.4byte	.LASF32
 316 0010 01       		.byte	0x1
 317 0011 A1020000 		.4byte	.LASF33
 318 0015 24000000 		.4byte	.LASF34
 319 0019 00000000 		.4byte	.Ldebug_ranges0+0
 320 001d 00000000 		.4byte	0
 321 0021 00000000 		.4byte	.Ldebug_line0
 322 0025 02       		.uleb128 0x2
 323 0026 01       		.byte	0x1
 324 0027 06       		.byte	0x6
 325 0028 D5020000 		.4byte	.LASF0
 326 002c 02       		.uleb128 0x2
 327 002d 01       		.byte	0x1
 328 002e 08       		.byte	0x8
 329 002f AB010000 		.4byte	.LASF1
 330 0033 02       		.uleb128 0x2
 331 0034 02       		.byte	0x2
 332 0035 05       		.byte	0x5
 333 0036 7C020000 		.4byte	.LASF2
 334 003a 02       		.uleb128 0x2
ARM GAS  C:\Users\Sven\AppData\Local\Temp\cczPPuAT.s 			page 15


 335 003b 02       		.byte	0x2
 336 003c 07       		.byte	0x7
 337 003d 7B000000 		.4byte	.LASF3
 338 0041 02       		.uleb128 0x2
 339 0042 04       		.byte	0x4
 340 0043 05       		.byte	0x5
 341 0044 CC020000 		.4byte	.LASF4
 342 0048 02       		.uleb128 0x2
 343 0049 04       		.byte	0x4
 344 004a 07       		.byte	0x7
 345 004b 6A010000 		.4byte	.LASF5
 346 004f 02       		.uleb128 0x2
 347 0050 08       		.byte	0x8
 348 0051 05       		.byte	0x5
 349 0052 4E020000 		.4byte	.LASF6
 350 0056 02       		.uleb128 0x2
 351 0057 08       		.byte	0x8
 352 0058 07       		.byte	0x7
 353 0059 F9010000 		.4byte	.LASF7
 354 005d 03       		.uleb128 0x3
 355 005e 04       		.byte	0x4
 356 005f 05       		.byte	0x5
 357 0060 696E7400 		.ascii	"int\000"
 358 0064 02       		.uleb128 0x2
 359 0065 04       		.byte	0x4
 360 0066 07       		.byte	0x7
 361 0067 8E000000 		.4byte	.LASF8
 362 006b 04       		.uleb128 0x4
 363 006c 98010000 		.4byte	.LASF9
 364 0070 02       		.byte	0x2
 365 0071 A1       		.byte	0xa1
 366 0072 2C000000 		.4byte	0x2c
 367 0076 04       		.uleb128 0x4
 368 0077 DA010000 		.4byte	.LASF10
 369 007b 02       		.byte	0x2
 370 007c A3       		.byte	0xa3
 371 007d 48000000 		.4byte	0x48
 372 0081 02       		.uleb128 0x2
 373 0082 04       		.byte	0x4
 374 0083 04       		.byte	0x4
 375 0084 48010000 		.4byte	.LASF11
 376 0088 02       		.uleb128 0x2
 377 0089 08       		.byte	0x8
 378 008a 04       		.byte	0x4
 379 008b B9010000 		.4byte	.LASF12
 380 008f 02       		.uleb128 0x2
 381 0090 01       		.byte	0x1
 382 0091 08       		.byte	0x8
 383 0092 5C020000 		.4byte	.LASF13
 384 0096 05       		.uleb128 0x5
 385 0097 1E000000 		.4byte	.LASF14
 386 009b 02       		.byte	0x2
 387 009c 4D01     		.2byte	0x14d
 388 009e A2000000 		.4byte	0xa2
 389 00a2 06       		.uleb128 0x6
 390 00a3 76000000 		.4byte	0x76
 391 00a7 02       		.uleb128 0x2
ARM GAS  C:\Users\Sven\AppData\Local\Temp\cczPPuAT.s 			page 16


 392 00a8 04       		.byte	0x4
 393 00a9 07       		.byte	0x7
 394 00aa 45020000 		.4byte	.LASF15
 395 00ae 07       		.uleb128 0x7
 396 00af 2C020000 		.4byte	.LASF16
 397 00b3 01       		.byte	0x1
 398 00b4 46       		.byte	0x46
 399 00b5 76000000 		.4byte	0x76
 400 00b9 00000000 		.4byte	.LFB0
 401 00bd 0C000000 		.4byte	.LFE0-.LFB0
 402 00c1 01       		.uleb128 0x1
 403 00c2 9C       		.byte	0x9c
 404 00c3 D7000000 		.4byte	0xd7
 405 00c7 08       		.uleb128 0x8
 406 00c8 9E010000 		.4byte	.LASF18
 407 00cc 01       		.byte	0x1
 408 00cd 48       		.byte	0x48
 409 00ce 76000000 		.4byte	0x76
 410 00d2 00000000 		.4byte	.LLST0
 411 00d6 00       		.byte	0
 412 00d7 07       		.uleb128 0x7
 413 00d8 9B000000 		.4byte	.LASF17
 414 00dc 01       		.byte	0x1
 415 00dd 7F       		.byte	0x7f
 416 00de 76000000 		.4byte	0x76
 417 00e2 00000000 		.4byte	.LFB1
 418 00e6 10000000 		.4byte	.LFE1-.LFB1
 419 00ea 01       		.uleb128 0x1
 420 00eb 9C       		.byte	0x9c
 421 00ec 00010000 		.4byte	0x100
 422 00f0 08       		.uleb128 0x8
 423 00f1 65010000 		.4byte	.LASF19
 424 00f5 01       		.byte	0x1
 425 00f6 81       		.byte	0x81
 426 00f7 76000000 		.4byte	0x76
 427 00fb 1F000000 		.4byte	.LLST1
 428 00ff 00       		.byte	0
 429 0100 09       		.uleb128 0x9
 430 0101 10020000 		.4byte	.LASF26
 431 0105 01       		.byte	0x1
 432 0106 AB       		.byte	0xab
 433 0107 00000000 		.4byte	.LFB2
 434 010b 20000000 		.4byte	.LFE2-.LFB2
 435 010f 01       		.uleb128 0x1
 436 0110 9C       		.byte	0x9c
 437 0111 0A       		.uleb128 0xa
 438 0112 C0010000 		.4byte	.LASF20
 439 0116 01       		.byte	0x1
 440 0117 DD       		.byte	0xdd
 441 0118 00000000 		.4byte	.LFB3
 442 011c 1C000000 		.4byte	.LFE3-.LFB3
 443 0120 01       		.uleb128 0x1
 444 0121 9C       		.byte	0x9c
 445 0122 34010000 		.4byte	0x134
 446 0126 0B       		.uleb128 0xb
 447 0127 74000000 		.4byte	.LASF22
 448 012b 01       		.byte	0x1
ARM GAS  C:\Users\Sven\AppData\Local\Temp\cczPPuAT.s 			page 17


 449 012c DD       		.byte	0xdd
 450 012d 76000000 		.4byte	0x76
 451 0131 01       		.uleb128 0x1
 452 0132 50       		.byte	0x50
 453 0133 00       		.byte	0
 454 0134 0C       		.uleb128 0xc
 455 0135 4E010000 		.4byte	.LASF21
 456 0139 01       		.byte	0x1
 457 013a 2B01     		.2byte	0x12b
 458 013c 00000000 		.4byte	.LFB4
 459 0140 16000000 		.4byte	.LFE4-.LFB4
 460 0144 01       		.uleb128 0x1
 461 0145 9C       		.byte	0x9c
 462 0146 82010000 		.4byte	0x182
 463 014a 0D       		.uleb128 0xd
 464 014b A5010000 		.4byte	.LASF23
 465 014f 01       		.byte	0x1
 466 0150 2B01     		.2byte	0x12b
 467 0152 82010000 		.4byte	0x182
 468 0156 41000000 		.4byte	.LLST2
 469 015a 0D       		.uleb128 0xd
 470 015b 6E000000 		.4byte	.LASF24
 471 015f 01       		.byte	0x1
 472 0160 2B01     		.2byte	0x12b
 473 0162 76000000 		.4byte	0x76
 474 0166 62000000 		.4byte	.LLST3
 475 016a 0E       		.uleb128 0xe
 476 016b 6900     		.ascii	"i\000"
 477 016d 01       		.byte	0x1
 478 016e 2D01     		.2byte	0x12d
 479 0170 76000000 		.4byte	0x76
 480 0174 83000000 		.4byte	.LLST4
 481 0178 0F       		.uleb128 0xf
 482 0179 10000000 		.4byte	.LVL7
 483 017d 11010000 		.4byte	0x111
 484 0181 00       		.byte	0
 485 0182 10       		.uleb128 0x10
 486 0183 04       		.byte	0x4
 487 0184 88010000 		.4byte	0x188
 488 0188 11       		.uleb128 0x11
 489 0189 6B000000 		.4byte	0x6b
 490 018d 12       		.uleb128 0x12
 491 018e 00000000 		.4byte	.LASF25
 492 0192 01       		.byte	0x1
 493 0193 4A01     		.2byte	0x14a
 494 0195 76000000 		.4byte	0x76
 495 0199 00000000 		.4byte	.LFB5
 496 019d 10000000 		.4byte	.LFE5-.LFB5
 497 01a1 01       		.uleb128 0x1
 498 01a2 9C       		.byte	0x9c
 499 01a3 B8010000 		.4byte	0x1b8
 500 01a7 13       		.uleb128 0x13
 501 01a8 65010000 		.4byte	.LASF19
 502 01ac 01       		.byte	0x1
 503 01ad 4C01     		.2byte	0x14c
 504 01af 76000000 		.4byte	0x76
 505 01b3 CC000000 		.4byte	.LLST5
ARM GAS  C:\Users\Sven\AppData\Local\Temp\cczPPuAT.s 			page 18


 506 01b7 00       		.byte	0
 507 01b8 14       		.uleb128 0x14
 508 01b9 7C010000 		.4byte	.LASF27
 509 01bd 01       		.byte	0x1
 510 01be 7701     		.2byte	0x177
 511 01c0 00000000 		.4byte	.LFB6
 512 01c4 20000000 		.4byte	.LFE6-.LFB6
 513 01c8 01       		.uleb128 0x1
 514 01c9 9C       		.byte	0x9c
 515 01ca 12       		.uleb128 0x12
 516 01cb 61020000 		.4byte	.LASF28
 517 01cf 01       		.byte	0x1
 518 01d0 A301     		.2byte	0x1a3
 519 01d2 76000000 		.4byte	0x76
 520 01d6 00000000 		.4byte	.LFB7
 521 01da 10000000 		.4byte	.LFE7-.LFB7
 522 01de 01       		.uleb128 0x1
 523 01df 9C       		.byte	0x9c
 524 01e0 F3010000 		.4byte	0x1f3
 525 01e4 15       		.uleb128 0x15
 526 01e5 EF010000 		.4byte	.LASF29
 527 01e9 01       		.byte	0x1
 528 01ea A501     		.2byte	0x1a5
 529 01ec 76000000 		.4byte	0x76
 530 01f0 01       		.uleb128 0x1
 531 01f1 50       		.byte	0x50
 532 01f2 00       		.byte	0
 533 01f3 16       		.uleb128 0x16
 534 01f4 86020000 		.4byte	.LASF30
 535 01f8 01       		.byte	0x1
 536 01f9 BD01     		.2byte	0x1bd
 537 01fb 76000000 		.4byte	0x76
 538 01ff 00000000 		.4byte	.LFB8
 539 0203 10000000 		.4byte	.LFE8-.LFB8
 540 0207 01       		.uleb128 0x1
 541 0208 9C       		.byte	0x9c
 542 0209 15       		.uleb128 0x15
 543 020a E1010000 		.4byte	.LASF31
 544 020e 01       		.byte	0x1
 545 020f BF01     		.2byte	0x1bf
 546 0211 76000000 		.4byte	0x76
 547 0215 01       		.uleb128 0x1
 548 0216 50       		.byte	0x50
 549 0217 00       		.byte	0
 550 0218 00       		.byte	0
 551              		.section	.debug_abbrev,"",%progbits
 552              	.Ldebug_abbrev0:
 553 0000 01       		.uleb128 0x1
 554 0001 11       		.uleb128 0x11
 555 0002 01       		.byte	0x1
 556 0003 25       		.uleb128 0x25
 557 0004 0E       		.uleb128 0xe
 558 0005 13       		.uleb128 0x13
 559 0006 0B       		.uleb128 0xb
 560 0007 03       		.uleb128 0x3
 561 0008 0E       		.uleb128 0xe
 562 0009 1B       		.uleb128 0x1b
ARM GAS  C:\Users\Sven\AppData\Local\Temp\cczPPuAT.s 			page 19


 563 000a 0E       		.uleb128 0xe
 564 000b 55       		.uleb128 0x55
 565 000c 17       		.uleb128 0x17
 566 000d 11       		.uleb128 0x11
 567 000e 01       		.uleb128 0x1
 568 000f 10       		.uleb128 0x10
 569 0010 17       		.uleb128 0x17
 570 0011 00       		.byte	0
 571 0012 00       		.byte	0
 572 0013 02       		.uleb128 0x2
 573 0014 24       		.uleb128 0x24
 574 0015 00       		.byte	0
 575 0016 0B       		.uleb128 0xb
 576 0017 0B       		.uleb128 0xb
 577 0018 3E       		.uleb128 0x3e
 578 0019 0B       		.uleb128 0xb
 579 001a 03       		.uleb128 0x3
 580 001b 0E       		.uleb128 0xe
 581 001c 00       		.byte	0
 582 001d 00       		.byte	0
 583 001e 03       		.uleb128 0x3
 584 001f 24       		.uleb128 0x24
 585 0020 00       		.byte	0
 586 0021 0B       		.uleb128 0xb
 587 0022 0B       		.uleb128 0xb
 588 0023 3E       		.uleb128 0x3e
 589 0024 0B       		.uleb128 0xb
 590 0025 03       		.uleb128 0x3
 591 0026 08       		.uleb128 0x8
 592 0027 00       		.byte	0
 593 0028 00       		.byte	0
 594 0029 04       		.uleb128 0x4
 595 002a 16       		.uleb128 0x16
 596 002b 00       		.byte	0
 597 002c 03       		.uleb128 0x3
 598 002d 0E       		.uleb128 0xe
 599 002e 3A       		.uleb128 0x3a
 600 002f 0B       		.uleb128 0xb
 601 0030 3B       		.uleb128 0x3b
 602 0031 0B       		.uleb128 0xb
 603 0032 49       		.uleb128 0x49
 604 0033 13       		.uleb128 0x13
 605 0034 00       		.byte	0
 606 0035 00       		.byte	0
 607 0036 05       		.uleb128 0x5
 608 0037 16       		.uleb128 0x16
 609 0038 00       		.byte	0
 610 0039 03       		.uleb128 0x3
 611 003a 0E       		.uleb128 0xe
 612 003b 3A       		.uleb128 0x3a
 613 003c 0B       		.uleb128 0xb
 614 003d 3B       		.uleb128 0x3b
 615 003e 05       		.uleb128 0x5
 616 003f 49       		.uleb128 0x49
 617 0040 13       		.uleb128 0x13
 618 0041 00       		.byte	0
 619 0042 00       		.byte	0
ARM GAS  C:\Users\Sven\AppData\Local\Temp\cczPPuAT.s 			page 20


 620 0043 06       		.uleb128 0x6
 621 0044 35       		.uleb128 0x35
 622 0045 00       		.byte	0
 623 0046 49       		.uleb128 0x49
 624 0047 13       		.uleb128 0x13
 625 0048 00       		.byte	0
 626 0049 00       		.byte	0
 627 004a 07       		.uleb128 0x7
 628 004b 2E       		.uleb128 0x2e
 629 004c 01       		.byte	0x1
 630 004d 3F       		.uleb128 0x3f
 631 004e 19       		.uleb128 0x19
 632 004f 03       		.uleb128 0x3
 633 0050 0E       		.uleb128 0xe
 634 0051 3A       		.uleb128 0x3a
 635 0052 0B       		.uleb128 0xb
 636 0053 3B       		.uleb128 0x3b
 637 0054 0B       		.uleb128 0xb
 638 0055 27       		.uleb128 0x27
 639 0056 19       		.uleb128 0x19
 640 0057 49       		.uleb128 0x49
 641 0058 13       		.uleb128 0x13
 642 0059 11       		.uleb128 0x11
 643 005a 01       		.uleb128 0x1
 644 005b 12       		.uleb128 0x12
 645 005c 06       		.uleb128 0x6
 646 005d 40       		.uleb128 0x40
 647 005e 18       		.uleb128 0x18
 648 005f 9742     		.uleb128 0x2117
 649 0061 19       		.uleb128 0x19
 650 0062 01       		.uleb128 0x1
 651 0063 13       		.uleb128 0x13
 652 0064 00       		.byte	0
 653 0065 00       		.byte	0
 654 0066 08       		.uleb128 0x8
 655 0067 34       		.uleb128 0x34
 656 0068 00       		.byte	0
 657 0069 03       		.uleb128 0x3
 658 006a 0E       		.uleb128 0xe
 659 006b 3A       		.uleb128 0x3a
 660 006c 0B       		.uleb128 0xb
 661 006d 3B       		.uleb128 0x3b
 662 006e 0B       		.uleb128 0xb
 663 006f 49       		.uleb128 0x49
 664 0070 13       		.uleb128 0x13
 665 0071 02       		.uleb128 0x2
 666 0072 17       		.uleb128 0x17
 667 0073 00       		.byte	0
 668 0074 00       		.byte	0
 669 0075 09       		.uleb128 0x9
 670 0076 2E       		.uleb128 0x2e
 671 0077 00       		.byte	0
 672 0078 3F       		.uleb128 0x3f
 673 0079 19       		.uleb128 0x19
 674 007a 03       		.uleb128 0x3
 675 007b 0E       		.uleb128 0xe
 676 007c 3A       		.uleb128 0x3a
ARM GAS  C:\Users\Sven\AppData\Local\Temp\cczPPuAT.s 			page 21


 677 007d 0B       		.uleb128 0xb
 678 007e 3B       		.uleb128 0x3b
 679 007f 0B       		.uleb128 0xb
 680 0080 27       		.uleb128 0x27
 681 0081 19       		.uleb128 0x19
 682 0082 11       		.uleb128 0x11
 683 0083 01       		.uleb128 0x1
 684 0084 12       		.uleb128 0x12
 685 0085 06       		.uleb128 0x6
 686 0086 40       		.uleb128 0x40
 687 0087 18       		.uleb128 0x18
 688 0088 9742     		.uleb128 0x2117
 689 008a 19       		.uleb128 0x19
 690 008b 00       		.byte	0
 691 008c 00       		.byte	0
 692 008d 0A       		.uleb128 0xa
 693 008e 2E       		.uleb128 0x2e
 694 008f 01       		.byte	0x1
 695 0090 3F       		.uleb128 0x3f
 696 0091 19       		.uleb128 0x19
 697 0092 03       		.uleb128 0x3
 698 0093 0E       		.uleb128 0xe
 699 0094 3A       		.uleb128 0x3a
 700 0095 0B       		.uleb128 0xb
 701 0096 3B       		.uleb128 0x3b
 702 0097 0B       		.uleb128 0xb
 703 0098 27       		.uleb128 0x27
 704 0099 19       		.uleb128 0x19
 705 009a 11       		.uleb128 0x11
 706 009b 01       		.uleb128 0x1
 707 009c 12       		.uleb128 0x12
 708 009d 06       		.uleb128 0x6
 709 009e 40       		.uleb128 0x40
 710 009f 18       		.uleb128 0x18
 711 00a0 9742     		.uleb128 0x2117
 712 00a2 19       		.uleb128 0x19
 713 00a3 01       		.uleb128 0x1
 714 00a4 13       		.uleb128 0x13
 715 00a5 00       		.byte	0
 716 00a6 00       		.byte	0
 717 00a7 0B       		.uleb128 0xb
 718 00a8 05       		.uleb128 0x5
 719 00a9 00       		.byte	0
 720 00aa 03       		.uleb128 0x3
 721 00ab 0E       		.uleb128 0xe
 722 00ac 3A       		.uleb128 0x3a
 723 00ad 0B       		.uleb128 0xb
 724 00ae 3B       		.uleb128 0x3b
 725 00af 0B       		.uleb128 0xb
 726 00b0 49       		.uleb128 0x49
 727 00b1 13       		.uleb128 0x13
 728 00b2 02       		.uleb128 0x2
 729 00b3 18       		.uleb128 0x18
 730 00b4 00       		.byte	0
 731 00b5 00       		.byte	0
 732 00b6 0C       		.uleb128 0xc
 733 00b7 2E       		.uleb128 0x2e
ARM GAS  C:\Users\Sven\AppData\Local\Temp\cczPPuAT.s 			page 22


 734 00b8 01       		.byte	0x1
 735 00b9 3F       		.uleb128 0x3f
 736 00ba 19       		.uleb128 0x19
 737 00bb 03       		.uleb128 0x3
 738 00bc 0E       		.uleb128 0xe
 739 00bd 3A       		.uleb128 0x3a
 740 00be 0B       		.uleb128 0xb
 741 00bf 3B       		.uleb128 0x3b
 742 00c0 05       		.uleb128 0x5
 743 00c1 27       		.uleb128 0x27
 744 00c2 19       		.uleb128 0x19
 745 00c3 11       		.uleb128 0x11
 746 00c4 01       		.uleb128 0x1
 747 00c5 12       		.uleb128 0x12
 748 00c6 06       		.uleb128 0x6
 749 00c7 40       		.uleb128 0x40
 750 00c8 18       		.uleb128 0x18
 751 00c9 9742     		.uleb128 0x2117
 752 00cb 19       		.uleb128 0x19
 753 00cc 01       		.uleb128 0x1
 754 00cd 13       		.uleb128 0x13
 755 00ce 00       		.byte	0
 756 00cf 00       		.byte	0
 757 00d0 0D       		.uleb128 0xd
 758 00d1 05       		.uleb128 0x5
 759 00d2 00       		.byte	0
 760 00d3 03       		.uleb128 0x3
 761 00d4 0E       		.uleb128 0xe
 762 00d5 3A       		.uleb128 0x3a
 763 00d6 0B       		.uleb128 0xb
 764 00d7 3B       		.uleb128 0x3b
 765 00d8 05       		.uleb128 0x5
 766 00d9 49       		.uleb128 0x49
 767 00da 13       		.uleb128 0x13
 768 00db 02       		.uleb128 0x2
 769 00dc 17       		.uleb128 0x17
 770 00dd 00       		.byte	0
 771 00de 00       		.byte	0
 772 00df 0E       		.uleb128 0xe
 773 00e0 34       		.uleb128 0x34
 774 00e1 00       		.byte	0
 775 00e2 03       		.uleb128 0x3
 776 00e3 08       		.uleb128 0x8
 777 00e4 3A       		.uleb128 0x3a
 778 00e5 0B       		.uleb128 0xb
 779 00e6 3B       		.uleb128 0x3b
 780 00e7 05       		.uleb128 0x5
 781 00e8 49       		.uleb128 0x49
 782 00e9 13       		.uleb128 0x13
 783 00ea 02       		.uleb128 0x2
 784 00eb 17       		.uleb128 0x17
 785 00ec 00       		.byte	0
 786 00ed 00       		.byte	0
 787 00ee 0F       		.uleb128 0xf
 788 00ef 898201   		.uleb128 0x4109
 789 00f2 00       		.byte	0
 790 00f3 11       		.uleb128 0x11
ARM GAS  C:\Users\Sven\AppData\Local\Temp\cczPPuAT.s 			page 23


 791 00f4 01       		.uleb128 0x1
 792 00f5 31       		.uleb128 0x31
 793 00f6 13       		.uleb128 0x13
 794 00f7 00       		.byte	0
 795 00f8 00       		.byte	0
 796 00f9 10       		.uleb128 0x10
 797 00fa 0F       		.uleb128 0xf
 798 00fb 00       		.byte	0
 799 00fc 0B       		.uleb128 0xb
 800 00fd 0B       		.uleb128 0xb
 801 00fe 49       		.uleb128 0x49
 802 00ff 13       		.uleb128 0x13
 803 0100 00       		.byte	0
 804 0101 00       		.byte	0
 805 0102 11       		.uleb128 0x11
 806 0103 26       		.uleb128 0x26
 807 0104 00       		.byte	0
 808 0105 49       		.uleb128 0x49
 809 0106 13       		.uleb128 0x13
 810 0107 00       		.byte	0
 811 0108 00       		.byte	0
 812 0109 12       		.uleb128 0x12
 813 010a 2E       		.uleb128 0x2e
 814 010b 01       		.byte	0x1
 815 010c 3F       		.uleb128 0x3f
 816 010d 19       		.uleb128 0x19
 817 010e 03       		.uleb128 0x3
 818 010f 0E       		.uleb128 0xe
 819 0110 3A       		.uleb128 0x3a
 820 0111 0B       		.uleb128 0xb
 821 0112 3B       		.uleb128 0x3b
 822 0113 05       		.uleb128 0x5
 823 0114 27       		.uleb128 0x27
 824 0115 19       		.uleb128 0x19
 825 0116 49       		.uleb128 0x49
 826 0117 13       		.uleb128 0x13
 827 0118 11       		.uleb128 0x11
 828 0119 01       		.uleb128 0x1
 829 011a 12       		.uleb128 0x12
 830 011b 06       		.uleb128 0x6
 831 011c 40       		.uleb128 0x40
 832 011d 18       		.uleb128 0x18
 833 011e 9742     		.uleb128 0x2117
 834 0120 19       		.uleb128 0x19
 835 0121 01       		.uleb128 0x1
 836 0122 13       		.uleb128 0x13
 837 0123 00       		.byte	0
 838 0124 00       		.byte	0
 839 0125 13       		.uleb128 0x13
 840 0126 34       		.uleb128 0x34
 841 0127 00       		.byte	0
 842 0128 03       		.uleb128 0x3
 843 0129 0E       		.uleb128 0xe
 844 012a 3A       		.uleb128 0x3a
 845 012b 0B       		.uleb128 0xb
 846 012c 3B       		.uleb128 0x3b
 847 012d 05       		.uleb128 0x5
ARM GAS  C:\Users\Sven\AppData\Local\Temp\cczPPuAT.s 			page 24


 848 012e 49       		.uleb128 0x49
 849 012f 13       		.uleb128 0x13
 850 0130 02       		.uleb128 0x2
 851 0131 17       		.uleb128 0x17
 852 0132 00       		.byte	0
 853 0133 00       		.byte	0
 854 0134 14       		.uleb128 0x14
 855 0135 2E       		.uleb128 0x2e
 856 0136 00       		.byte	0
 857 0137 3F       		.uleb128 0x3f
 858 0138 19       		.uleb128 0x19
 859 0139 03       		.uleb128 0x3
 860 013a 0E       		.uleb128 0xe
 861 013b 3A       		.uleb128 0x3a
 862 013c 0B       		.uleb128 0xb
 863 013d 3B       		.uleb128 0x3b
 864 013e 05       		.uleb128 0x5
 865 013f 27       		.uleb128 0x27
 866 0140 19       		.uleb128 0x19
 867 0141 11       		.uleb128 0x11
 868 0142 01       		.uleb128 0x1
 869 0143 12       		.uleb128 0x12
 870 0144 06       		.uleb128 0x6
 871 0145 40       		.uleb128 0x40
 872 0146 18       		.uleb128 0x18
 873 0147 9742     		.uleb128 0x2117
 874 0149 19       		.uleb128 0x19
 875 014a 00       		.byte	0
 876 014b 00       		.byte	0
 877 014c 15       		.uleb128 0x15
 878 014d 34       		.uleb128 0x34
 879 014e 00       		.byte	0
 880 014f 03       		.uleb128 0x3
 881 0150 0E       		.uleb128 0xe
 882 0151 3A       		.uleb128 0x3a
 883 0152 0B       		.uleb128 0xb
 884 0153 3B       		.uleb128 0x3b
 885 0154 05       		.uleb128 0x5
 886 0155 49       		.uleb128 0x49
 887 0156 13       		.uleb128 0x13
 888 0157 02       		.uleb128 0x2
 889 0158 18       		.uleb128 0x18
 890 0159 00       		.byte	0
 891 015a 00       		.byte	0
 892 015b 16       		.uleb128 0x16
 893 015c 2E       		.uleb128 0x2e
 894 015d 01       		.byte	0x1
 895 015e 3F       		.uleb128 0x3f
 896 015f 19       		.uleb128 0x19
 897 0160 03       		.uleb128 0x3
 898 0161 0E       		.uleb128 0xe
 899 0162 3A       		.uleb128 0x3a
 900 0163 0B       		.uleb128 0xb
 901 0164 3B       		.uleb128 0x3b
 902 0165 05       		.uleb128 0x5
 903 0166 27       		.uleb128 0x27
 904 0167 19       		.uleb128 0x19
ARM GAS  C:\Users\Sven\AppData\Local\Temp\cczPPuAT.s 			page 25


 905 0168 49       		.uleb128 0x49
 906 0169 13       		.uleb128 0x13
 907 016a 11       		.uleb128 0x11
 908 016b 01       		.uleb128 0x1
 909 016c 12       		.uleb128 0x12
 910 016d 06       		.uleb128 0x6
 911 016e 40       		.uleb128 0x40
 912 016f 18       		.uleb128 0x18
 913 0170 9742     		.uleb128 0x2117
 914 0172 19       		.uleb128 0x19
 915 0173 00       		.byte	0
 916 0174 00       		.byte	0
 917 0175 00       		.byte	0
 918              		.section	.debug_loc,"",%progbits
 919              	.Ldebug_loc0:
 920              	.LLST0:
 921 0000 00000000 		.4byte	.LVL0
 922 0004 04000000 		.4byte	.LVL1
 923 0008 0200     		.2byte	0x2
 924 000a 30       		.byte	0x30
 925 000b 9F       		.byte	0x9f
 926 000c 04000000 		.4byte	.LVL1
 927 0010 0C000000 		.4byte	.LFE0
 928 0014 0100     		.2byte	0x1
 929 0016 50       		.byte	0x50
 930 0017 00000000 		.4byte	0
 931 001b 00000000 		.4byte	0
 932              	.LLST1:
 933 001f 04000000 		.4byte	.LVL2
 934 0023 08000000 		.4byte	.LVL3
 935 0027 0500     		.2byte	0x5
 936 0029 70       		.byte	0x70
 937 002a 00       		.sleb128 0
 938 002b 3F       		.byte	0x3f
 939 002c 1A       		.byte	0x1a
 940 002d 9F       		.byte	0x9f
 941 002e 08000000 		.4byte	.LVL3
 942 0032 10000000 		.4byte	.LFE1
 943 0036 0100     		.2byte	0x1
 944 0038 50       		.byte	0x50
 945 0039 00000000 		.4byte	0
 946 003d 00000000 		.4byte	0
 947              	.LLST2:
 948 0041 00000000 		.4byte	.LVL5
 949 0045 06000000 		.4byte	.LVL6
 950 0049 0100     		.2byte	0x1
 951 004b 50       		.byte	0x50
 952 004c 06000000 		.4byte	.LVL6
 953 0050 16000000 		.4byte	.LFE4
 954 0054 0400     		.2byte	0x4
 955 0056 F3       		.byte	0xf3
 956 0057 01       		.uleb128 0x1
 957 0058 50       		.byte	0x50
 958 0059 9F       		.byte	0x9f
 959 005a 00000000 		.4byte	0
 960 005e 00000000 		.4byte	0
 961              	.LLST3:
ARM GAS  C:\Users\Sven\AppData\Local\Temp\cczPPuAT.s 			page 26


 962 0062 00000000 		.4byte	.LVL5
 963 0066 06000000 		.4byte	.LVL6
 964 006a 0100     		.2byte	0x1
 965 006c 51       		.byte	0x51
 966 006d 06000000 		.4byte	.LVL6
 967 0071 16000000 		.4byte	.LFE4
 968 0075 0400     		.2byte	0x4
 969 0077 F3       		.byte	0xf3
 970 0078 01       		.uleb128 0x1
 971 0079 51       		.byte	0x51
 972 007a 9F       		.byte	0x9f
 973 007b 00000000 		.4byte	0
 974 007f 00000000 		.4byte	0
 975              	.LLST4:
 976 0083 00000000 		.4byte	.LVL5
 977 0087 06000000 		.4byte	.LVL6
 978 008b 0200     		.2byte	0x2
 979 008d 30       		.byte	0x30
 980 008e 9F       		.byte	0x9f
 981 008f 06000000 		.4byte	.LVL6
 982 0093 10000000 		.4byte	.LVL7
 983 0097 0700     		.2byte	0x7
 984 0099 74       		.byte	0x74
 985 009a 00       		.sleb128 0
 986 009b F3       		.byte	0xf3
 987 009c 01       		.uleb128 0x1
 988 009d 50       		.byte	0x50
 989 009e 1C       		.byte	0x1c
 990 009f 9F       		.byte	0x9f
 991 00a0 10000000 		.4byte	.LVL7
 992 00a4 12000000 		.4byte	.LVL8
 993 00a8 0900     		.2byte	0x9
 994 00aa 74       		.byte	0x74
 995 00ab 00       		.sleb128 0
 996 00ac F3       		.byte	0xf3
 997 00ad 01       		.uleb128 0x1
 998 00ae 50       		.byte	0x50
 999 00af 1C       		.byte	0x1c
 1000 00b0 23       		.byte	0x23
 1001 00b1 01       		.uleb128 0x1
 1002 00b2 9F       		.byte	0x9f
 1003 00b3 12000000 		.4byte	.LVL8
 1004 00b7 14000000 		.4byte	.LVL9
 1005 00bb 0700     		.2byte	0x7
 1006 00bd 74       		.byte	0x74
 1007 00be 00       		.sleb128 0
 1008 00bf F3       		.byte	0xf3
 1009 00c0 01       		.uleb128 0x1
 1010 00c1 50       		.byte	0x50
 1011 00c2 1C       		.byte	0x1c
 1012 00c3 9F       		.byte	0x9f
 1013 00c4 00000000 		.4byte	0
 1014 00c8 00000000 		.4byte	0
 1015              	.LLST5:
 1016 00cc 04000000 		.4byte	.LVL10
 1017 00d0 08000000 		.4byte	.LVL11
 1018 00d4 0500     		.2byte	0x5
ARM GAS  C:\Users\Sven\AppData\Local\Temp\cczPPuAT.s 			page 27


 1019 00d6 70       		.byte	0x70
 1020 00d7 00       		.sleb128 0
 1021 00d8 3F       		.byte	0x3f
 1022 00d9 1A       		.byte	0x1a
 1023 00da 9F       		.byte	0x9f
 1024 00db 08000000 		.4byte	.LVL11
 1025 00df 10000000 		.4byte	.LFE5
 1026 00e3 0100     		.2byte	0x1
 1027 00e5 50       		.byte	0x50
 1028 00e6 00000000 		.4byte	0
 1029 00ea 00000000 		.4byte	0
 1030              		.section	.debug_aranges,"",%progbits
 1031 0000 5C000000 		.4byte	0x5c
 1032 0004 0200     		.2byte	0x2
 1033 0006 00000000 		.4byte	.Ldebug_info0
 1034 000a 04       		.byte	0x4
 1035 000b 00       		.byte	0
 1036 000c 0000     		.2byte	0
 1037 000e 0000     		.2byte	0
 1038 0010 00000000 		.4byte	.LFB0
 1039 0014 0C000000 		.4byte	.LFE0-.LFB0
 1040 0018 00000000 		.4byte	.LFB1
 1041 001c 10000000 		.4byte	.LFE1-.LFB1
 1042 0020 00000000 		.4byte	.LFB2
 1043 0024 20000000 		.4byte	.LFE2-.LFB2
 1044 0028 00000000 		.4byte	.LFB3
 1045 002c 1C000000 		.4byte	.LFE3-.LFB3
 1046 0030 00000000 		.4byte	.LFB4
 1047 0034 16000000 		.4byte	.LFE4-.LFB4
 1048 0038 00000000 		.4byte	.LFB5
 1049 003c 10000000 		.4byte	.LFE5-.LFB5
 1050 0040 00000000 		.4byte	.LFB6
 1051 0044 20000000 		.4byte	.LFE6-.LFB6
 1052 0048 00000000 		.4byte	.LFB7
 1053 004c 10000000 		.4byte	.LFE7-.LFB7
 1054 0050 00000000 		.4byte	.LFB8
 1055 0054 10000000 		.4byte	.LFE8-.LFB8
 1056 0058 00000000 		.4byte	0
 1057 005c 00000000 		.4byte	0
 1058              		.section	.debug_ranges,"",%progbits
 1059              	.Ldebug_ranges0:
 1060 0000 00000000 		.4byte	.LFB0
 1061 0004 0C000000 		.4byte	.LFE0
 1062 0008 00000000 		.4byte	.LFB1
 1063 000c 10000000 		.4byte	.LFE1
 1064 0010 00000000 		.4byte	.LFB2
 1065 0014 20000000 		.4byte	.LFE2
 1066 0018 00000000 		.4byte	.LFB3
 1067 001c 1C000000 		.4byte	.LFE3
 1068 0020 00000000 		.4byte	.LFB4
 1069 0024 16000000 		.4byte	.LFE4
 1070 0028 00000000 		.4byte	.LFB5
 1071 002c 10000000 		.4byte	.LFE5
 1072 0030 00000000 		.4byte	.LFB6
 1073 0034 20000000 		.4byte	.LFE6
 1074 0038 00000000 		.4byte	.LFB7
 1075 003c 10000000 		.4byte	.LFE7
ARM GAS  C:\Users\Sven\AppData\Local\Temp\cczPPuAT.s 			page 28


 1076 0040 00000000 		.4byte	.LFB8
 1077 0044 10000000 		.4byte	.LFE8
 1078 0048 00000000 		.4byte	0
 1079 004c 00000000 		.4byte	0
 1080              		.section	.debug_line,"",%progbits
 1081              	.Ldebug_line0:
 1082 0000 24010000 		.section	.debug_str,"MS",%progbits,1
 1082      02004E00 
 1082      00000201 
 1082      FB0E0D00 
 1082      01010101 
 1083              	.LASF25:
 1084 0000 55415254 		.ascii	"UART_1_SpiUartGetTxBufferSize\000"
 1084      5F315F53 
 1084      70695561 
 1084      72744765 
 1084      74547842 
 1085              	.LASF14:
 1086 001e 72656733 		.ascii	"reg32\000"
 1086      3200
 1087              	.LASF34:
 1088 0024 453A5C44 		.ascii	"E:\\Dokumente\\GitHub\\T-50_Project\\Software\\T-50"
 1088      6F6B756D 
 1088      656E7465 
 1088      5C476974 
 1088      4875625C 
 1089 0052 5F50726F 		.ascii	"_Project\\T-50_Project.cydsn\000"
 1089      6A656374 
 1089      5C542D35 
 1089      305F5072 
 1089      6F6A6563 
 1090              	.LASF24:
 1091 006e 636F756E 		.ascii	"count\000"
 1091      7400
 1092              	.LASF22:
 1093 0074 74784461 		.ascii	"txData\000"
 1093      746100
 1094              	.LASF3:
 1095 007b 73686F72 		.ascii	"short unsigned int\000"
 1095      7420756E 
 1095      7369676E 
 1095      65642069 
 1095      6E7400
 1096              	.LASF8:
 1097 008e 756E7369 		.ascii	"unsigned int\000"
 1097      676E6564 
 1097      20696E74 
 1097      00
 1098              	.LASF17:
 1099 009b 55415254 		.ascii	"UART_1_SpiUartGetRxBufferSize\000"
 1099      5F315F53 
 1099      70695561 
 1099      72744765 
 1099      74527842 
 1100              	.LASF32:
 1101 00b9 474E5520 		.ascii	"GNU C 4.8.4 20140526 (release) [ARM/embedded-4_8-br"
 1101      4320342E 
ARM GAS  C:\Users\Sven\AppData\Local\Temp\cczPPuAT.s 			page 29


 1101      382E3420 
 1101      32303134 
 1101      30353236 
 1102 00ec 616E6368 		.ascii	"anch revision 211358] -mcpu=cortex-m0 -mthumb -g -O"
 1102      20726576 
 1102      6973696F 
 1102      6E203231 
 1102      31333538 
 1103 011f 73202D66 		.ascii	"s -ffunction-sections -finline-functions\000"
 1103      66756E63 
 1103      74696F6E 
 1103      2D736563 
 1103      74696F6E 
 1104              	.LASF11:
 1105 0148 666C6F61 		.ascii	"float\000"
 1105      7400
 1106              	.LASF21:
 1107 014e 55415254 		.ascii	"UART_1_SpiUartPutArray\000"
 1107      5F315F53 
 1107      70695561 
 1107      72745075 
 1107      74417272 
 1108              	.LASF19:
 1109 0165 73697A65 		.ascii	"size\000"
 1109      00
 1110              	.LASF5:
 1111 016a 6C6F6E67 		.ascii	"long unsigned int\000"
 1111      20756E73 
 1111      69676E65 
 1111      6420696E 
 1111      7400
 1112              	.LASF27:
 1113 017c 55415254 		.ascii	"UART_1_SpiUartClearTxBuffer\000"
 1113      5F315F53 
 1113      70695561 
 1113      7274436C 
 1113      65617254 
 1114              	.LASF9:
 1115 0198 75696E74 		.ascii	"uint8\000"
 1115      3800
 1116              	.LASF18:
 1117 019e 72784461 		.ascii	"rxData\000"
 1117      746100
 1118              	.LASF23:
 1119 01a5 77724275 		.ascii	"wrBuf\000"
 1119      6600
 1120              	.LASF1:
 1121 01ab 756E7369 		.ascii	"unsigned char\000"
 1121      676E6564 
 1121      20636861 
 1121      7200
 1122              	.LASF12:
 1123 01b9 646F7562 		.ascii	"double\000"
 1123      6C6500
 1124              	.LASF20:
 1125 01c0 55415254 		.ascii	"UART_1_SpiUartWriteTxData\000"
 1125      5F315F53 
ARM GAS  C:\Users\Sven\AppData\Local\Temp\cczPPuAT.s 			page 30


 1125      70695561 
 1125      72745772 
 1125      69746554 
 1126              	.LASF10:
 1127 01da 75696E74 		.ascii	"uint32\000"
 1127      333200
 1128              	.LASF31:
 1129 01e1 696E7453 		.ascii	"intSourceMask\000"
 1129      6F757263 
 1129      654D6173 
 1129      6B00
 1130              	.LASF29:
 1131 01ef 696E7453 		.ascii	"intSource\000"
 1131      6F757263 
 1131      6500
 1132              	.LASF7:
 1133 01f9 6C6F6E67 		.ascii	"long long unsigned int\000"
 1133      206C6F6E 
 1133      6720756E 
 1133      7369676E 
 1133      65642069 
 1134              	.LASF26:
 1135 0210 55415254 		.ascii	"UART_1_SpiUartClearRxBuffer\000"
 1135      5F315F53 
 1135      70695561 
 1135      7274436C 
 1135      65617252 
 1136              	.LASF16:
 1137 022c 55415254 		.ascii	"UART_1_SpiUartReadRxData\000"
 1137      5F315F53 
 1137      70695561 
 1137      72745265 
 1137      61645278 
 1138              	.LASF15:
 1139 0245 73697A65 		.ascii	"sizetype\000"
 1139      74797065 
 1139      00
 1140              	.LASF6:
 1141 024e 6C6F6E67 		.ascii	"long long int\000"
 1141      206C6F6E 
 1141      6720696E 
 1141      7400
 1142              	.LASF13:
 1143 025c 63686172 		.ascii	"char\000"
 1143      00
 1144              	.LASF28:
 1145 0261 55415254 		.ascii	"UART_1_SpiUartDisableIntRx\000"
 1145      5F315F53 
 1145      70695561 
 1145      72744469 
 1145      7361626C 
 1146              	.LASF2:
 1147 027c 73686F72 		.ascii	"short int\000"
 1147      7420696E 
 1147      7400
 1148              	.LASF30:
 1149 0286 55415254 		.ascii	"UART_1_SpiUartDisableIntTx\000"
ARM GAS  C:\Users\Sven\AppData\Local\Temp\cczPPuAT.s 			page 31


 1149      5F315F53 
 1149      70695561 
 1149      72744469 
 1149      7361626C 
 1150              	.LASF33:
 1151 02a1 2E5C4765 		.ascii	".\\Generated_Source\\PSoC4\\UART_1_SPI_UART.c\000"
 1151      6E657261 
 1151      7465645F 
 1151      536F7572 
 1151      63655C50 
 1152              	.LASF4:
 1153 02cc 6C6F6E67 		.ascii	"long int\000"
 1153      20696E74 
 1153      00
 1154              	.LASF0:
 1155 02d5 7369676E 		.ascii	"signed char\000"
 1155      65642063 
 1155      68617200 
 1156              		.ident	"GCC: (GNU Tools for ARM Embedded Processors) 4.8.4 20140526 (release) [ARM/embedded-4_8-br
