ARM GAS  C:\Users\Sven\AppData\Local\Temp\cc3Eqhy2.s 			page 1


   1              		.cpu cortex-m0
   2              		.fpu softvfp
   3              		.eabi_attribute 20, 1
   4              		.eabi_attribute 21, 1
   5              		.eabi_attribute 23, 3
   6              		.eabi_attribute 24, 1
   7              		.eabi_attribute 25, 1
   8              		.eabi_attribute 26, 1
   9              		.eabi_attribute 30, 4
  10              		.eabi_attribute 34, 0
  11              		.eabi_attribute 18, 4
  12              		.code	16
  13              		.file	"UART_1_SPI_UART_INT.c"
  14              		.text
  15              	.Ltext0:
  16              		.cfi_sections	.debug_frame
  17              		.section	.text.UART_1_SPI_UART_ISR,"ax",%progbits
  18              		.align	1
  19              		.global	UART_1_SPI_UART_ISR
  20              		.code	16
  21              		.thumb_func
  22              		.type	UART_1_SPI_UART_ISR, %function
  23              	UART_1_SPI_UART_ISR:
  24              	.LFB0:
  25              		.file 1 ".\\Generated_Source\\PSoC4\\UART_1_SPI_UART_INT.c"
   1:.\Generated_Source\PSoC4/UART_1_SPI_UART_INT.c **** /*******************************************************************************
   2:.\Generated_Source\PSoC4/UART_1_SPI_UART_INT.c **** * File Name: UART_1_SPI_UART_INT.c
   3:.\Generated_Source\PSoC4/UART_1_SPI_UART_INT.c **** * Version 2.0
   4:.\Generated_Source\PSoC4/UART_1_SPI_UART_INT.c **** *
   5:.\Generated_Source\PSoC4/UART_1_SPI_UART_INT.c **** * Description:
   6:.\Generated_Source\PSoC4/UART_1_SPI_UART_INT.c **** *  This file provides the source code to the Interrupt Service Routine for
   7:.\Generated_Source\PSoC4/UART_1_SPI_UART_INT.c **** *  the SCB Component in SPI and UART modes.
   8:.\Generated_Source\PSoC4/UART_1_SPI_UART_INT.c **** *
   9:.\Generated_Source\PSoC4/UART_1_SPI_UART_INT.c **** * Note:
  10:.\Generated_Source\PSoC4/UART_1_SPI_UART_INT.c **** *
  11:.\Generated_Source\PSoC4/UART_1_SPI_UART_INT.c **** ********************************************************************************
  12:.\Generated_Source\PSoC4/UART_1_SPI_UART_INT.c **** * Copyright 2013-2014, Cypress Semiconductor Corporation.  All rights reserved.
  13:.\Generated_Source\PSoC4/UART_1_SPI_UART_INT.c **** * You may use this file only in accordance with the license, terms, conditions,
  14:.\Generated_Source\PSoC4/UART_1_SPI_UART_INT.c **** * disclaimers, and limitations in the end user license agreement accompanying
  15:.\Generated_Source\PSoC4/UART_1_SPI_UART_INT.c **** * the software package with which this file was provided.
  16:.\Generated_Source\PSoC4/UART_1_SPI_UART_INT.c **** *******************************************************************************/
  17:.\Generated_Source\PSoC4/UART_1_SPI_UART_INT.c **** 
  18:.\Generated_Source\PSoC4/UART_1_SPI_UART_INT.c **** #include "UART_1_PVT.h"
  19:.\Generated_Source\PSoC4/UART_1_SPI_UART_INT.c **** #include "UART_1_SPI_UART_PVT.h"
  20:.\Generated_Source\PSoC4/UART_1_SPI_UART_INT.c **** 
  21:.\Generated_Source\PSoC4/UART_1_SPI_UART_INT.c **** 
  22:.\Generated_Source\PSoC4/UART_1_SPI_UART_INT.c **** /*******************************************************************************
  23:.\Generated_Source\PSoC4/UART_1_SPI_UART_INT.c **** * Function Name: UART_1_SPI_UART_ISR
  24:.\Generated_Source\PSoC4/UART_1_SPI_UART_INT.c **** ********************************************************************************
  25:.\Generated_Source\PSoC4/UART_1_SPI_UART_INT.c **** *
  26:.\Generated_Source\PSoC4/UART_1_SPI_UART_INT.c **** * Summary:
  27:.\Generated_Source\PSoC4/UART_1_SPI_UART_INT.c **** *  Handles the Interrupt Service Routine for the SCB SPI or UART modes.
  28:.\Generated_Source\PSoC4/UART_1_SPI_UART_INT.c **** *
  29:.\Generated_Source\PSoC4/UART_1_SPI_UART_INT.c **** * Parameters:
  30:.\Generated_Source\PSoC4/UART_1_SPI_UART_INT.c **** *  None
  31:.\Generated_Source\PSoC4/UART_1_SPI_UART_INT.c **** *
  32:.\Generated_Source\PSoC4/UART_1_SPI_UART_INT.c **** * Return:
ARM GAS  C:\Users\Sven\AppData\Local\Temp\cc3Eqhy2.s 			page 2


  33:.\Generated_Source\PSoC4/UART_1_SPI_UART_INT.c **** *  None
  34:.\Generated_Source\PSoC4/UART_1_SPI_UART_INT.c **** *
  35:.\Generated_Source\PSoC4/UART_1_SPI_UART_INT.c **** *******************************************************************************/
  36:.\Generated_Source\PSoC4/UART_1_SPI_UART_INT.c **** CY_ISR(UART_1_SPI_UART_ISR)
  37:.\Generated_Source\PSoC4/UART_1_SPI_UART_INT.c **** {
  26              		.loc 1 37 0
  27              		.cfi_startproc
  28 0000 08B5     		push	{r3, lr}
  29              		.cfi_def_cfa_offset 8
  30              		.cfi_offset 3, -8
  31              		.cfi_offset 14, -4
  38:.\Generated_Source\PSoC4/UART_1_SPI_UART_INT.c **** #if(UART_1_INTERNAL_RX_SW_BUFFER_CONST)
  39:.\Generated_Source\PSoC4/UART_1_SPI_UART_INT.c ****     uint32 locHead;
  40:.\Generated_Source\PSoC4/UART_1_SPI_UART_INT.c ****     uint32 dataRx;
  41:.\Generated_Source\PSoC4/UART_1_SPI_UART_INT.c **** #endif /* (UART_1_INTERNAL_RX_SW_BUFFER_CONST) */
  42:.\Generated_Source\PSoC4/UART_1_SPI_UART_INT.c **** 
  43:.\Generated_Source\PSoC4/UART_1_SPI_UART_INT.c **** #if(UART_1_INTERNAL_TX_SW_BUFFER_CONST)
  44:.\Generated_Source\PSoC4/UART_1_SPI_UART_INT.c ****     uint32 locTail;
  45:.\Generated_Source\PSoC4/UART_1_SPI_UART_INT.c **** #endif /* (UART_1_INTERNAL_TX_SW_BUFFER_CONST) */
  46:.\Generated_Source\PSoC4/UART_1_SPI_UART_INT.c **** 
  47:.\Generated_Source\PSoC4/UART_1_SPI_UART_INT.c ****     if(NULL != UART_1_customIntrHandler)
  32              		.loc 1 47 0
  33 0002 034B     		ldr	r3, .L7
  34 0004 1B68     		ldr	r3, [r3]
  35 0006 002B     		cmp	r3, #0
  36 0008 00D0     		beq	.L1
  48:.\Generated_Source\PSoC4/UART_1_SPI_UART_INT.c ****     {
  49:.\Generated_Source\PSoC4/UART_1_SPI_UART_INT.c ****         UART_1_customIntrHandler();
  37              		.loc 1 49 0
  38 000a 9847     		blx	r3
  39              	.LVL0:
  40              	.L1:
  50:.\Generated_Source\PSoC4/UART_1_SPI_UART_INT.c ****     }
  51:.\Generated_Source\PSoC4/UART_1_SPI_UART_INT.c **** 
  52:.\Generated_Source\PSoC4/UART_1_SPI_UART_INT.c ****     #if(UART_1_CHECK_SPI_WAKE_ENABLE)
  53:.\Generated_Source\PSoC4/UART_1_SPI_UART_INT.c ****     {
  54:.\Generated_Source\PSoC4/UART_1_SPI_UART_INT.c ****         /* Clear SPI wakeup source */
  55:.\Generated_Source\PSoC4/UART_1_SPI_UART_INT.c ****         UART_1_ClearSpiExtClkInterruptSource(UART_1_INTR_SPI_EC_WAKE_UP);
  56:.\Generated_Source\PSoC4/UART_1_SPI_UART_INT.c ****     }
  57:.\Generated_Source\PSoC4/UART_1_SPI_UART_INT.c ****     #endif
  58:.\Generated_Source\PSoC4/UART_1_SPI_UART_INT.c **** 
  59:.\Generated_Source\PSoC4/UART_1_SPI_UART_INT.c ****     #if(UART_1_CHECK_RX_SW_BUFFER)
  60:.\Generated_Source\PSoC4/UART_1_SPI_UART_INT.c ****     {
  61:.\Generated_Source\PSoC4/UART_1_SPI_UART_INT.c ****         if(UART_1_CHECK_INTR_RX_MASKED(UART_1_INTR_RX_NOT_EMPTY))
  62:.\Generated_Source\PSoC4/UART_1_SPI_UART_INT.c ****         {
  63:.\Generated_Source\PSoC4/UART_1_SPI_UART_INT.c ****             while(0u != UART_1_GET_RX_FIFO_ENTRIES)
  64:.\Generated_Source\PSoC4/UART_1_SPI_UART_INT.c ****             {
  65:.\Generated_Source\PSoC4/UART_1_SPI_UART_INT.c ****                 /* Get data from RX FIFO */
  66:.\Generated_Source\PSoC4/UART_1_SPI_UART_INT.c ****                 dataRx = UART_1_RX_FIFO_RD_REG;
  67:.\Generated_Source\PSoC4/UART_1_SPI_UART_INT.c **** 
  68:.\Generated_Source\PSoC4/UART_1_SPI_UART_INT.c ****                 /* Move local head index */
  69:.\Generated_Source\PSoC4/UART_1_SPI_UART_INT.c ****                 locHead = (UART_1_rxBufferHead + 1u);
  70:.\Generated_Source\PSoC4/UART_1_SPI_UART_INT.c **** 
  71:.\Generated_Source\PSoC4/UART_1_SPI_UART_INT.c ****                 /* Adjust local head index */
  72:.\Generated_Source\PSoC4/UART_1_SPI_UART_INT.c ****                 if(UART_1_RX_BUFFER_SIZE == locHead)
  73:.\Generated_Source\PSoC4/UART_1_SPI_UART_INT.c ****                 {
  74:.\Generated_Source\PSoC4/UART_1_SPI_UART_INT.c ****                     locHead = 0u;
ARM GAS  C:\Users\Sven\AppData\Local\Temp\cc3Eqhy2.s 			page 3


  75:.\Generated_Source\PSoC4/UART_1_SPI_UART_INT.c ****                 }
  76:.\Generated_Source\PSoC4/UART_1_SPI_UART_INT.c **** 
  77:.\Generated_Source\PSoC4/UART_1_SPI_UART_INT.c ****                 if(locHead == UART_1_rxBufferTail)
  78:.\Generated_Source\PSoC4/UART_1_SPI_UART_INT.c ****                 {
  79:.\Generated_Source\PSoC4/UART_1_SPI_UART_INT.c ****                     /* Overflow: through away new data */
  80:.\Generated_Source\PSoC4/UART_1_SPI_UART_INT.c ****                     UART_1_rxBufferOverflow = (uint8) UART_1_INTR_RX_OVERFLOW;
  81:.\Generated_Source\PSoC4/UART_1_SPI_UART_INT.c ****                 }
  82:.\Generated_Source\PSoC4/UART_1_SPI_UART_INT.c ****                 else
  83:.\Generated_Source\PSoC4/UART_1_SPI_UART_INT.c ****                 {
  84:.\Generated_Source\PSoC4/UART_1_SPI_UART_INT.c ****                     /* Store received data */
  85:.\Generated_Source\PSoC4/UART_1_SPI_UART_INT.c ****                     UART_1_PutWordInRxBuffer(locHead, dataRx);
  86:.\Generated_Source\PSoC4/UART_1_SPI_UART_INT.c **** 
  87:.\Generated_Source\PSoC4/UART_1_SPI_UART_INT.c ****                     /* Move head index */
  88:.\Generated_Source\PSoC4/UART_1_SPI_UART_INT.c ****                     UART_1_rxBufferHead = locHead;
  89:.\Generated_Source\PSoC4/UART_1_SPI_UART_INT.c ****                 }
  90:.\Generated_Source\PSoC4/UART_1_SPI_UART_INT.c ****             }
  91:.\Generated_Source\PSoC4/UART_1_SPI_UART_INT.c **** 
  92:.\Generated_Source\PSoC4/UART_1_SPI_UART_INT.c ****             UART_1_ClearRxInterruptSource(UART_1_INTR_RX_NOT_EMPTY);
  93:.\Generated_Source\PSoC4/UART_1_SPI_UART_INT.c ****         }
  94:.\Generated_Source\PSoC4/UART_1_SPI_UART_INT.c ****     }
  95:.\Generated_Source\PSoC4/UART_1_SPI_UART_INT.c ****     #endif
  96:.\Generated_Source\PSoC4/UART_1_SPI_UART_INT.c **** 
  97:.\Generated_Source\PSoC4/UART_1_SPI_UART_INT.c **** 
  98:.\Generated_Source\PSoC4/UART_1_SPI_UART_INT.c ****     #if(UART_1_CHECK_TX_SW_BUFFER)
  99:.\Generated_Source\PSoC4/UART_1_SPI_UART_INT.c ****     {
 100:.\Generated_Source\PSoC4/UART_1_SPI_UART_INT.c ****         if(UART_1_CHECK_INTR_TX_MASKED(UART_1_INTR_TX_NOT_FULL))
 101:.\Generated_Source\PSoC4/UART_1_SPI_UART_INT.c ****         {
 102:.\Generated_Source\PSoC4/UART_1_SPI_UART_INT.c ****             /* Put data into TX FIFO */
 103:.\Generated_Source\PSoC4/UART_1_SPI_UART_INT.c ****             while(UART_1_SPI_UART_FIFO_SIZE != UART_1_GET_TX_FIFO_ENTRIES)
 104:.\Generated_Source\PSoC4/UART_1_SPI_UART_INT.c ****             {
 105:.\Generated_Source\PSoC4/UART_1_SPI_UART_INT.c ****                 /* Check for room in TX software buffer */
 106:.\Generated_Source\PSoC4/UART_1_SPI_UART_INT.c ****                 if(UART_1_txBufferHead != UART_1_txBufferTail)
 107:.\Generated_Source\PSoC4/UART_1_SPI_UART_INT.c ****                 {
 108:.\Generated_Source\PSoC4/UART_1_SPI_UART_INT.c ****                     /* Move local tail index */
 109:.\Generated_Source\PSoC4/UART_1_SPI_UART_INT.c ****                     locTail = (UART_1_txBufferTail + 1u);
 110:.\Generated_Source\PSoC4/UART_1_SPI_UART_INT.c **** 
 111:.\Generated_Source\PSoC4/UART_1_SPI_UART_INT.c ****                     /* Adjust local tail index */
 112:.\Generated_Source\PSoC4/UART_1_SPI_UART_INT.c ****                     if(UART_1_TX_BUFFER_SIZE == locTail)
 113:.\Generated_Source\PSoC4/UART_1_SPI_UART_INT.c ****                     {
 114:.\Generated_Source\PSoC4/UART_1_SPI_UART_INT.c ****                         locTail = 0u;
 115:.\Generated_Source\PSoC4/UART_1_SPI_UART_INT.c ****                     }
 116:.\Generated_Source\PSoC4/UART_1_SPI_UART_INT.c **** 
 117:.\Generated_Source\PSoC4/UART_1_SPI_UART_INT.c ****                     /* Put data into TX FIFO */
 118:.\Generated_Source\PSoC4/UART_1_SPI_UART_INT.c ****                     UART_1_TX_FIFO_WR_REG = UART_1_GetWordFromTxBuffer(locTail);
 119:.\Generated_Source\PSoC4/UART_1_SPI_UART_INT.c **** 
 120:.\Generated_Source\PSoC4/UART_1_SPI_UART_INT.c ****                     /* Move tail index */
 121:.\Generated_Source\PSoC4/UART_1_SPI_UART_INT.c ****                     UART_1_txBufferTail = locTail;
 122:.\Generated_Source\PSoC4/UART_1_SPI_UART_INT.c ****                 }
 123:.\Generated_Source\PSoC4/UART_1_SPI_UART_INT.c ****                 else
 124:.\Generated_Source\PSoC4/UART_1_SPI_UART_INT.c ****                 {
 125:.\Generated_Source\PSoC4/UART_1_SPI_UART_INT.c ****                     /* TX software buffer is empty: complete transfer */
 126:.\Generated_Source\PSoC4/UART_1_SPI_UART_INT.c ****                     UART_1_DISABLE_INTR_TX(UART_1_INTR_TX_NOT_FULL);
 127:.\Generated_Source\PSoC4/UART_1_SPI_UART_INT.c ****                     break;
 128:.\Generated_Source\PSoC4/UART_1_SPI_UART_INT.c ****                 }
 129:.\Generated_Source\PSoC4/UART_1_SPI_UART_INT.c ****             }
 130:.\Generated_Source\PSoC4/UART_1_SPI_UART_INT.c **** 
 131:.\Generated_Source\PSoC4/UART_1_SPI_UART_INT.c ****             UART_1_ClearTxInterruptSource(UART_1_INTR_TX_NOT_FULL);
ARM GAS  C:\Users\Sven\AppData\Local\Temp\cc3Eqhy2.s 			page 4


 132:.\Generated_Source\PSoC4/UART_1_SPI_UART_INT.c ****         }
 133:.\Generated_Source\PSoC4/UART_1_SPI_UART_INT.c ****     }
 134:.\Generated_Source\PSoC4/UART_1_SPI_UART_INT.c ****     #endif
 135:.\Generated_Source\PSoC4/UART_1_SPI_UART_INT.c **** }
  41              		.loc 1 135 0
  42              		@ sp needed
  43 000c 08BD     		pop	{r3, pc}
  44              	.L8:
  45 000e C046     		.align	2
  46              	.L7:
  47 0010 00000000 		.word	UART_1_customIntrHandler
  48              		.cfi_endproc
  49              	.LFE0:
  50              		.size	UART_1_SPI_UART_ISR, .-UART_1_SPI_UART_ISR
  51              		.text
  52              	.Letext0:
  53              		.file 2 ".\\Generated_Source\\PSoC4/cytypes.h"
  54              		.file 3 ".\\Generated_Source\\PSoC4\\UART_1_PVT.h"
  55              		.section	.debug_info,"",%progbits
  56              	.Ldebug_info0:
  57 0000 B3000000 		.4byte	0xb3
  58 0004 0400     		.2byte	0x4
  59 0006 00000000 		.4byte	.Ldebug_abbrev0
  60 000a 04       		.byte	0x4
  61 000b 01       		.uleb128 0x1
  62 000c BB000000 		.4byte	.LASF13
  63 0010 01       		.byte	0x1
  64 0011 99010000 		.4byte	.LASF14
  65 0015 48000000 		.4byte	.LASF15
  66 0019 00000000 		.4byte	.Ldebug_ranges0+0
  67 001d 00000000 		.4byte	0
  68 0021 00000000 		.4byte	.Ldebug_line0
  69 0025 02       		.uleb128 0x2
  70 0026 01       		.byte	0x1
  71 0027 06       		.byte	0x6
  72 0028 8D010000 		.4byte	.LASF0
  73 002c 02       		.uleb128 0x2
  74 002d 01       		.byte	0x1
  75 002e 08       		.byte	0x8
  76 002f 4A010000 		.4byte	.LASF1
  77 0033 02       		.uleb128 0x2
  78 0034 02       		.byte	0x2
  79 0035 05       		.byte	0x5
  80 0036 CE010000 		.4byte	.LASF2
  81 003a 02       		.uleb128 0x2
  82 003b 02       		.byte	0x2
  83 003c 07       		.byte	0x7
  84 003d 7A010000 		.4byte	.LASF3
  85 0041 02       		.uleb128 0x2
  86 0042 04       		.byte	0x4
  87 0043 05       		.byte	0x5
  88 0044 5D010000 		.4byte	.LASF4
  89 0048 02       		.uleb128 0x2
  90 0049 04       		.byte	0x4
  91 004a 07       		.byte	0x7
  92 004b 92000000 		.4byte	.LASF5
  93 004f 02       		.uleb128 0x2
ARM GAS  C:\Users\Sven\AppData\Local\Temp\cc3Eqhy2.s 			page 5


  94 0050 08       		.byte	0x8
  95 0051 05       		.byte	0x5
  96 0052 00000000 		.4byte	.LASF6
  97 0056 02       		.uleb128 0x2
  98 0057 08       		.byte	0x8
  99 0058 07       		.byte	0x7
 100 0059 A4000000 		.4byte	.LASF7
 101 005d 03       		.uleb128 0x3
 102 005e 04       		.byte	0x4
 103 005f 05       		.byte	0x5
 104 0060 696E7400 		.ascii	"int\000"
 105 0064 02       		.uleb128 0x2
 106 0065 04       		.byte	0x4
 107 0066 07       		.byte	0x7
 108 0067 0E000000 		.4byte	.LASF8
 109 006b 02       		.uleb128 0x2
 110 006c 04       		.byte	0x4
 111 006d 04       		.byte	0x4
 112 006e C8010000 		.4byte	.LASF9
 113 0072 02       		.uleb128 0x2
 114 0073 08       		.byte	0x8
 115 0074 04       		.byte	0x4
 116 0075 73010000 		.4byte	.LASF10
 117 0079 02       		.uleb128 0x2
 118 007a 01       		.byte	0x1
 119 007b 08       		.byte	0x8
 120 007c 58010000 		.4byte	.LASF11
 121 0080 04       		.uleb128 0x4
 122 0081 66010000 		.4byte	.LASF16
 123 0085 02       		.byte	0x2
 124 0086 5D01     		.2byte	0x15d
 125 0088 8C000000 		.4byte	0x8c
 126 008c 05       		.uleb128 0x5
 127 008d 04       		.byte	0x4
 128 008e 92000000 		.4byte	0x92
 129 0092 06       		.uleb128 0x6
 130 0093 02       		.uleb128 0x2
 131 0094 04       		.byte	0x4
 132 0095 07       		.byte	0x7
 133 0096 D8010000 		.4byte	.LASF12
 134 009a 07       		.uleb128 0x7
 135 009b 34000000 		.4byte	.LASF17
 136 009f 01       		.byte	0x1
 137 00a0 24       		.byte	0x24
 138 00a1 00000000 		.4byte	.LFB0
 139 00a5 14000000 		.4byte	.LFE0-.LFB0
 140 00a9 01       		.uleb128 0x1
 141 00aa 9C       		.byte	0x9c
 142 00ab 08       		.uleb128 0x8
 143 00ac 1B000000 		.4byte	.LASF18
 144 00b0 03       		.byte	0x3
 145 00b1 39       		.byte	0x39
 146 00b2 80000000 		.4byte	0x80
 147 00b6 00       		.byte	0
 148              		.section	.debug_abbrev,"",%progbits
 149              	.Ldebug_abbrev0:
 150 0000 01       		.uleb128 0x1
ARM GAS  C:\Users\Sven\AppData\Local\Temp\cc3Eqhy2.s 			page 6


 151 0001 11       		.uleb128 0x11
 152 0002 01       		.byte	0x1
 153 0003 25       		.uleb128 0x25
 154 0004 0E       		.uleb128 0xe
 155 0005 13       		.uleb128 0x13
 156 0006 0B       		.uleb128 0xb
 157 0007 03       		.uleb128 0x3
 158 0008 0E       		.uleb128 0xe
 159 0009 1B       		.uleb128 0x1b
 160 000a 0E       		.uleb128 0xe
 161 000b 55       		.uleb128 0x55
 162 000c 17       		.uleb128 0x17
 163 000d 11       		.uleb128 0x11
 164 000e 01       		.uleb128 0x1
 165 000f 10       		.uleb128 0x10
 166 0010 17       		.uleb128 0x17
 167 0011 00       		.byte	0
 168 0012 00       		.byte	0
 169 0013 02       		.uleb128 0x2
 170 0014 24       		.uleb128 0x24
 171 0015 00       		.byte	0
 172 0016 0B       		.uleb128 0xb
 173 0017 0B       		.uleb128 0xb
 174 0018 3E       		.uleb128 0x3e
 175 0019 0B       		.uleb128 0xb
 176 001a 03       		.uleb128 0x3
 177 001b 0E       		.uleb128 0xe
 178 001c 00       		.byte	0
 179 001d 00       		.byte	0
 180 001e 03       		.uleb128 0x3
 181 001f 24       		.uleb128 0x24
 182 0020 00       		.byte	0
 183 0021 0B       		.uleb128 0xb
 184 0022 0B       		.uleb128 0xb
 185 0023 3E       		.uleb128 0x3e
 186 0024 0B       		.uleb128 0xb
 187 0025 03       		.uleb128 0x3
 188 0026 08       		.uleb128 0x8
 189 0027 00       		.byte	0
 190 0028 00       		.byte	0
 191 0029 04       		.uleb128 0x4
 192 002a 16       		.uleb128 0x16
 193 002b 00       		.byte	0
 194 002c 03       		.uleb128 0x3
 195 002d 0E       		.uleb128 0xe
 196 002e 3A       		.uleb128 0x3a
 197 002f 0B       		.uleb128 0xb
 198 0030 3B       		.uleb128 0x3b
 199 0031 05       		.uleb128 0x5
 200 0032 49       		.uleb128 0x49
 201 0033 13       		.uleb128 0x13
 202 0034 00       		.byte	0
 203 0035 00       		.byte	0
 204 0036 05       		.uleb128 0x5
 205 0037 0F       		.uleb128 0xf
 206 0038 00       		.byte	0
 207 0039 0B       		.uleb128 0xb
ARM GAS  C:\Users\Sven\AppData\Local\Temp\cc3Eqhy2.s 			page 7


 208 003a 0B       		.uleb128 0xb
 209 003b 49       		.uleb128 0x49
 210 003c 13       		.uleb128 0x13
 211 003d 00       		.byte	0
 212 003e 00       		.byte	0
 213 003f 06       		.uleb128 0x6
 214 0040 15       		.uleb128 0x15
 215 0041 00       		.byte	0
 216 0042 27       		.uleb128 0x27
 217 0043 19       		.uleb128 0x19
 218 0044 00       		.byte	0
 219 0045 00       		.byte	0
 220 0046 07       		.uleb128 0x7
 221 0047 2E       		.uleb128 0x2e
 222 0048 00       		.byte	0
 223 0049 3F       		.uleb128 0x3f
 224 004a 19       		.uleb128 0x19
 225 004b 03       		.uleb128 0x3
 226 004c 0E       		.uleb128 0xe
 227 004d 3A       		.uleb128 0x3a
 228 004e 0B       		.uleb128 0xb
 229 004f 3B       		.uleb128 0x3b
 230 0050 0B       		.uleb128 0xb
 231 0051 27       		.uleb128 0x27
 232 0052 19       		.uleb128 0x19
 233 0053 11       		.uleb128 0x11
 234 0054 01       		.uleb128 0x1
 235 0055 12       		.uleb128 0x12
 236 0056 06       		.uleb128 0x6
 237 0057 40       		.uleb128 0x40
 238 0058 18       		.uleb128 0x18
 239 0059 9642     		.uleb128 0x2116
 240 005b 19       		.uleb128 0x19
 241 005c 00       		.byte	0
 242 005d 00       		.byte	0
 243 005e 08       		.uleb128 0x8
 244 005f 34       		.uleb128 0x34
 245 0060 00       		.byte	0
 246 0061 03       		.uleb128 0x3
 247 0062 0E       		.uleb128 0xe
 248 0063 3A       		.uleb128 0x3a
 249 0064 0B       		.uleb128 0xb
 250 0065 3B       		.uleb128 0x3b
 251 0066 0B       		.uleb128 0xb
 252 0067 49       		.uleb128 0x49
 253 0068 13       		.uleb128 0x13
 254 0069 3F       		.uleb128 0x3f
 255 006a 19       		.uleb128 0x19
 256 006b 3C       		.uleb128 0x3c
 257 006c 19       		.uleb128 0x19
 258 006d 00       		.byte	0
 259 006e 00       		.byte	0
 260 006f 00       		.byte	0
 261              		.section	.debug_aranges,"",%progbits
 262 0000 1C000000 		.4byte	0x1c
 263 0004 0200     		.2byte	0x2
 264 0006 00000000 		.4byte	.Ldebug_info0
ARM GAS  C:\Users\Sven\AppData\Local\Temp\cc3Eqhy2.s 			page 8


 265 000a 04       		.byte	0x4
 266 000b 00       		.byte	0
 267 000c 0000     		.2byte	0
 268 000e 0000     		.2byte	0
 269 0010 00000000 		.4byte	.LFB0
 270 0014 14000000 		.4byte	.LFE0-.LFB0
 271 0018 00000000 		.4byte	0
 272 001c 00000000 		.4byte	0
 273              		.section	.debug_ranges,"",%progbits
 274              	.Ldebug_ranges0:
 275 0000 00000000 		.4byte	.LFB0
 276 0004 14000000 		.4byte	.LFE0
 277 0008 00000000 		.4byte	0
 278 000c 00000000 		.4byte	0
 279              		.section	.debug_line,"",%progbits
 280              	.Ldebug_line0:
 281 0000 7F000000 		.section	.debug_str,"MS",%progbits,1
 281      02006200 
 281      00000201 
 281      FB0E0D00 
 281      01010101 
 282              	.LASF6:
 283 0000 6C6F6E67 		.ascii	"long long int\000"
 283      206C6F6E 
 283      6720696E 
 283      7400
 284              	.LASF8:
 285 000e 756E7369 		.ascii	"unsigned int\000"
 285      676E6564 
 285      20696E74 
 285      00
 286              	.LASF18:
 287 001b 55415254 		.ascii	"UART_1_customIntrHandler\000"
 287      5F315F63 
 287      7573746F 
 287      6D496E74 
 287      7248616E 
 288              	.LASF17:
 289 0034 55415254 		.ascii	"UART_1_SPI_UART_ISR\000"
 289      5F315F53 
 289      50495F55 
 289      4152545F 
 289      49535200 
 290              	.LASF15:
 291 0048 453A5C44 		.ascii	"E:\\Dokumente\\GitHub\\T-50_Project\\Software\\T-50"
 291      6F6B756D 
 291      656E7465 
 291      5C476974 
 291      4875625C 
 292 0076 5F50726F 		.ascii	"_Project\\T-50_Project.cydsn\000"
 292      6A656374 
 292      5C542D35 
 292      305F5072 
 292      6F6A6563 
 293              	.LASF5:
 294 0092 6C6F6E67 		.ascii	"long unsigned int\000"
 294      20756E73 
ARM GAS  C:\Users\Sven\AppData\Local\Temp\cc3Eqhy2.s 			page 9


 294      69676E65 
 294      6420696E 
 294      7400
 295              	.LASF7:
 296 00a4 6C6F6E67 		.ascii	"long long unsigned int\000"
 296      206C6F6E 
 296      6720756E 
 296      7369676E 
 296      65642069 
 297              	.LASF13:
 298 00bb 474E5520 		.ascii	"GNU C 4.8.4 20140526 (release) [ARM/embedded-4_8-br"
 298      4320342E 
 298      382E3420 
 298      32303134 
 298      30353236 
 299 00ee 616E6368 		.ascii	"anch revision 211358] -mcpu=cortex-m0 -mthumb -g -O"
 299      20726576 
 299      6973696F 
 299      6E203231 
 299      31333538 
 300 0121 73202D66 		.ascii	"s -ffunction-sections -finline-functions\000"
 300      66756E63 
 300      74696F6E 
 300      2D736563 
 300      74696F6E 
 301              	.LASF1:
 302 014a 756E7369 		.ascii	"unsigned char\000"
 302      676E6564 
 302      20636861 
 302      7200
 303              	.LASF11:
 304 0158 63686172 		.ascii	"char\000"
 304      00
 305              	.LASF4:
 306 015d 6C6F6E67 		.ascii	"long int\000"
 306      20696E74 
 306      00
 307              	.LASF16:
 308 0166 63796973 		.ascii	"cyisraddress\000"
 308      72616464 
 308      72657373 
 308      00
 309              	.LASF10:
 310 0173 646F7562 		.ascii	"double\000"
 310      6C6500
 311              	.LASF3:
 312 017a 73686F72 		.ascii	"short unsigned int\000"
 312      7420756E 
 312      7369676E 
 312      65642069 
 312      6E7400
 313              	.LASF0:
 314 018d 7369676E 		.ascii	"signed char\000"
 314      65642063 
 314      68617200 
 315              	.LASF14:
 316 0199 2E5C4765 		.ascii	".\\Generated_Source\\PSoC4\\UART_1_SPI_UART_INT.c\000"
ARM GAS  C:\Users\Sven\AppData\Local\Temp\cc3Eqhy2.s 			page 10


 316      6E657261 
 316      7465645F 
 316      536F7572 
 316      63655C50 
 317              	.LASF9:
 318 01c8 666C6F61 		.ascii	"float\000"
 318      7400
 319              	.LASF2:
 320 01ce 73686F72 		.ascii	"short int\000"
 320      7420696E 
 320      7400
 321              	.LASF12:
 322 01d8 73697A65 		.ascii	"sizetype\000"
 322      74797065 
 322      00
 323              		.ident	"GCC: (GNU Tools for ARM Embedded Processors) 4.8.4 20140526 (release) [ARM/embedded-4_8-br
